Current configuration:
[NAME]		[DEFLT]	[VALUE]
-allphones	no	no
-cntthresh	0.00001	1.000000e-05
-csplitmax	100	2000
-csplitmin	1	1
-csplitthr	8e-4	0.000000e+00
-example	no	no
-fullvar	no	no
-help		no	no
-meanfn			
-mixwfn			/home/sdv/Documents/SDV/SDVoice/an4/model_parameters/an4.cd_semi_untied/mixture_weights
-moddeffn		/home/sdv/Documents/SDV/SDVoice/an4/model_architecture/an4.untied.mdef
-mwfloor	1e-4	1.000000e-08
-phone			P
-psetfn			/home/sdv/Documents/SDV/SDVoice/an4/model_architecture/an4.tree_questions
-ssplitmax	5	7
-ssplitmin	1	1
-ssplitthr	8e-4	0.000000e+00
-state			0
-stwt			1.0,0.05,0.0,
-treefn			/home/sdv/Documents/SDV/SDVoice/an4/trees/an4.unpruned/P-0.dtree
-ts2cbfn	.semi.	.semi.
-varfloor	0.00001	1.000000e-05
-varfn			

INFO: main.c(223): Reading: /home/sdv/Documents/SDV/SDVoice/an4/model_architecture/an4.untied.mdef
INFO: model_def_io.c(573): Model definition info:
INFO: model_def_io.c(574): 1618 total models defined (34 base, 1584 tri)
INFO: model_def_io.c(575): 6472 total states
INFO: model_def_io.c(576): 4854 total tied states
INFO: model_def_io.c(577): 102 total tied CI states
INFO: model_def_io.c(578): 34 total tied transition matrices
INFO: model_def_io.c(579): 4 max state/model
INFO: model_def_io.c(580): 4 min state/model
INFO: main.c(242): Building trees for [P AA SIL e] through [P UW IY b]
INFO: main.c(269): Covering states |[3579 3629]| == 51
INFO: main.c(275): Reading: /home/sdv/Documents/SDV/SDVoice/an4/model_parameters/an4.cd_semi_untied/mixture_weights
INFO: s3mixw_io.c(173): Read /home/sdv/Documents/SDV/SDVoice/an4/model_parameters/an4.cd_semi_untied/mixture_weights [51x4x256 array]
INFO: main.c(311): 17 of 17 models have observation count greater than 0.000010
INFO: main.c(95): nrm stwt: 0.952 0.048 0.000 
INFO: main.c(411): 17-class entropy: 1.611159e+04
INFO: main.c(549): Reading: /home/sdv/Documents/SDV/SDVoice/an4/model_architecture/an4.tree_questions
INFO: main.c(588): 176 total simple questions (168 phone; 8 word bndry)
INFO: main.c(590): 42 Left Only questions, and 42 Right Only questions
INFO: dtree.c(1478): Final simple tree
|( WDBNDRY_B 0 2.108e+04 1.122e+03 8.388e+02
|    ( QUESTION13 -1 1.404e+04 8.450e+02 5.858e+02
|        ( QUESTION14 -1 5.587e+03 4.341e+02 2.472e+02
|            ( - 3.073e+03 1 0)
|            ( - 2.080e+03 3 0 QUESTION2_4_L -1 2.278e+02 1.020e+02))
|        ( SILENCE -1 7.605e+03 4.259e+02 3.386e+02
|            ( - 5.378e+03 1 0)
|            ( - 1.801e+03 6 0 QUESTION7 -1 2.271e+02 8.800e+01)))
|    ( WDBNDRY_E 0 5.916e+03 5.740e+02 2.530e+02
|        ( QUESTION2_0_L -1 2.706e+03 3.199e+02 1.271e+02
|            ( - 1.298e+03 1 0)
|            ( - 1.088e+03 1 0))
|        ( QUESTION14 1 2.636e+03 2.364e+02 1.259e+02
|            ( - 2.098e+03 1 0)
|            ( - 3.018e+02 3 0 QUESTION0_0_R 1 5.312e+01 2.100e+01))))
s>    ( WDBNDRY_B 0 2.108e+04 1.122e+03 8.388e+02
s>        ( QUESTION13 -1 1.404e+04 8.450e+02 5.858e+02
s>            ( QUESTION14 -1 5.587e+03 4.341e+02 2.472e+02
s>                ( - 3.073e+03 1 0)
s>                ( - 2.080e+03 3 0 QUESTION2_4_L -1 2.278e+02 1.020e+02))
s>            ( SILENCE -1 7.605e+03 4.259e+02 3.386e+02
s>                ( - 5.378e+03 1 0)
s>                ( - 1.801e+03 6 0 QUESTION7 -1 2.271e+02 8.800e+01)))
s>        ( WDBNDRY_E 0 5.916e+03 5.740e+02 2.530e+02
s>            ( QUESTION2_0_L -1 2.706e+03 3.199e+02 1.271e+02
s>                ( - 1.298e+03 1 0)
s>                ( - 1.088e+03 1 0))
s>            ( QUESTION14 1 2.636e+03 2.364e+02 1.259e+02
s>                ( - 2.098e+03 1 0)
s>                ( - 3.018e+02 3 0 QUESTION0_0_R 1 5.312e+01 2.100e+01))))INFO: dtree.c(1315): Comp split 0
INFO: dtree.c(1439): stop. leaf nodes are specific
INFO: dtree.c(1478): Final simple tree
|( WDBNDRY_E 0 5.916e+03 5.740e+02 2.530e+02
|    ( QUESTION2_0_L -1 2.706e+03 3.199e+02 1.271e+02
|        ( - 1.298e+03 1 0)
|        ( - 1.088e+03 1 0))
|    ( QUESTION14 1 2.636e+03 2.364e+02 1.259e+02
|        ( - 2.098e+03 1 0)
|        ( QUESTION0_0_R 1 3.018e+02 5.312e+01 2.100e+01
|            ( QUESTION0_1_R 1 3.732e+01 1.418e+01 5.000e+00
|                ( - 2.857e-01 1 0)
|                ( - 2.286e+01 1 0))
|            ( - 2.114e+02 1 0))))
s>    ( WDBNDRY_E 0 5.916e+03 5.740e+02 2.530e+02
s>        ( QUESTION2_0_L -1 2.706e+03 3.199e+02 1.271e+02
s>            ( - 1.298e+03 1 0)
s>            ( - 1.088e+03 1 0))
s>        ( QUESTION14 1 2.636e+03 2.364e+02 1.259e+02
s>            ( - 2.098e+03 1 0)
s>            ( QUESTION0_0_R 1 3.018e+02 5.312e+01 2.100e+01
s>                ( QUESTION0_1_R 1 3.732e+01 1.418e+01 5.000e+00
s>                    ( - 2.857e-01 1 0)
s>                    ( - 2.286e+01 1 0))
s>                ( - 2.114e+02 1 0))))INFO: dtree.c(1478): Final simple tree
|( QUESTION13 -1 1.404e+04 8.450e+02 5.858e+02
|    ( QUESTION14 -1 5.587e+03 4.341e+02 2.472e+02
|        ( - 3.073e+03 1 0)
|        ( QUESTION2_4_L -1 2.080e+03 2.278e+02 1.020e+02
|            ( - 9.197e+02 1 0)
|            ( QUESTION16 -1 9.324e+02 1.538e+02 5.100e+01
|                ( - 2.839e+02 1 0)
|                ( - 4.946e+02 1 0))))
|    ( SILENCE -1 7.605e+03 4.259e+02 3.386e+02
|        ( - 5.378e+03 1 0)
|        ( QUESTION7 -1 1.801e+03 2.271e+02 8.800e+01
|            ( - 6.125e+02 2 0 QUESTION8 -1 1.056e+02 3.400e+01)
|            ( QUESTION11 -1 9.616e+02 1.346e+02 5.400e+01
|                ( - 5.569e+02 1 0)
|                ( - 2.701e+02 3 0 QUESTION1 -1 6.402e+01 1.900e+01)))))
s>    ( QUESTION13 -1 1.404e+04 8.450e+02 5.858e+02
s>        ( QUESTION14 -1 5.587e+03 4.341e+02 2.472e+02
s>            ( - 3.073e+03 1 0)
s>            ( QUESTION2_4_L -1 2.080e+03 2.278e+02 1.020e+02
s>                ( - 9.197e+02 1 0)
s>                ( QUESTION16 -1 9.324e+02 1.538e+02 5.100e+01
s>                    ( - 2.839e+02 1 0)
s>                    ( - 4.946e+02 1 0))))
s>        ( SILENCE -1 7.605e+03 4.259e+02 3.386e+02
s>            ( - 5.378e+03 1 0)
s>            ( QUESTION7 -1 1.801e+03 2.271e+02 8.800e+01
s>                ( - 6.125e+02 2 0 QUESTION8 -1 1.056e+02 3.400e+01)
s>                ( QUESTION11 -1 9.616e+02 1.346e+02 5.400e+01
s>                    ( - 5.569e+02 1 0)
s>                    ( - 2.701e+02 3 0 QUESTION1 -1 6.402e+01 1.900e+01)))))INFO: dtree.c(1315): Comp split 1
INFO: dtree.c(1439): stop. leaf nodes are specific
INFO: dtree.c(1478): Final simple tree
|( SILENCE -1 7.605e+03 4.259e+02 3.386e+02
|    ( - 5.378e+03 1 0)
|    ( QUESTION7 -1 1.801e+03 2.271e+02 8.800e+01
|        ( QUESTION8 -1 6.125e+02 1.056e+02 3.400e+01
|            ( - 3.174e+02 1 0)
|            ( - 1.894e+02 1 0))
|        ( QUESTION11 -1 9.616e+02 1.346e+02 5.400e+01
|            ( - 5.569e+02 1 0)
|            ( QUESTION1 -1 2.701e+02 6.402e+01 1.900e+01
|                ( - 1.270e+02 1 0)
|                ( QUESTION2_7_L -1 7.905e+01 2.606e+01 8.000e+00
|                    ( - 4.293e+01 1 0)
|                    ( - 1.006e+01 1 0))))))
s>    ( SILENCE -1 7.605e+03 4.259e+02 3.386e+02
s>        ( - 5.378e+03 1 0)
s>        ( QUESTION7 -1 1.801e+03 2.271e+02 8.800e+01
s>            ( QUESTION8 -1 6.125e+02 1.056e+02 3.400e+01
s>                ( - 3.174e+02 1 0)
s>                ( - 1.894e+02 1 0))
s>            ( QUESTION11 -1 9.616e+02 1.346e+02 5.400e+01
s>                ( - 5.569e+02 1 0)
s>                ( QUESTION1 -1 2.701e+02 6.402e+01 1.900e+01
s>                    ( - 1.270e+02 1 0)
s>                    ( QUESTION2_7_L -1 7.905e+01 2.606e+01 8.000e+00
s>                        ( - 4.293e+01 1 0)
s>                        ( - 1.006e+01 1 0))))))INFO: dtree.c(1439): stop. leaf nodes are specific
INFO: dtree.c(1478): Final simple tree
|( QUESTION14 -1 5.587e+03 4.341e+02 2.472e+02
|    ( - 3.073e+03 1 0)
|    ( QUESTION2_4_L -1 2.080e+03 2.278e+02 1.020e+02
|        ( - 9.197e+02 1 0)
|        ( QUESTION16 -1 9.324e+02 1.538e+02 5.100e+01
|            ( - 2.839e+02 1 0)
|            ( - 4.946e+02 1 0))))
s>    ( QUESTION14 -1 5.587e+03 4.341e+02 2.472e+02
s>        ( - 3.073e+03 1 0)
s>        ( QUESTION2_4_L -1 2.080e+03 2.278e+02 1.020e+02
s>            ( - 9.197e+02 1 0)
s>            ( QUESTION16 -1 9.324e+02 1.538e+02 5.100e+01
s>                ( - 2.839e+02 1 0)
s>                ( - 4.946e+02 1 0))))INFO: dtree.c(1315): Comp split 2
INFO: dtree.c(1439): stop. leaf nodes are specific
INFO: dtree.c(1478): Final simple tree
|( QUESTION14 1 2.636e+03 2.364e+02 1.259e+02
|    ( - 2.098e+03 1 0)
|    ( QUESTION0_0_R 1 3.018e+02 5.312e+01 2.100e+01
|        ( QUESTION0_1_R 1 3.732e+01 1.418e+01 5.000e+00
|            ( - 2.857e-01 1 0)
|            ( - 2.286e+01 1 0))
|        ( - 2.114e+02 1 0)))
s>    ( QUESTION14 1 2.636e+03 2.364e+02 1.259e+02
s>        ( - 2.098e+03 1 0)
s>        ( QUESTION0_0_R 1 3.018e+02 5.312e+01 2.100e+01
s>            ( QUESTION0_1_R 1 3.732e+01 1.418e+01 5.000e+00
s>                ( - 2.857e-01 1 0)
s>                ( - 2.286e+01 1 0))
s>            ( - 2.114e+02 1 0)))INFO: dtree.c(1439): stop. leaf nodes are specific
INFO: dtree.c(1478): Final simple tree
|( QUESTION2_0_L -1 2.706e+03 3.199e+02 1.271e+02
|    ( - 1.298e+03 1 0)
|    ( - 1.088e+03 1 0))
s>    ( QUESTION2_0_L -1 2.706e+03 3.199e+02 1.271e+02
s>        ( - 1.298e+03 1 0)
s>        ( - 1.088e+03 1 0))INFO: dtree.c(1315): Comp split 3
INFO: dtree.c(1439): stop. leaf nodes are specific
INFO: dtree.c(1478): Final simple tree
|( QUESTION2_4_L -1 2.080e+03 2.278e+02 1.020e+02
|    ( - 9.197e+02 1 0)
|    ( QUESTION16 -1 9.324e+02 1.538e+02 5.100e+01
|        ( - 2.839e+02 1 0)
|        ( - 4.946e+02 1 0)))
s>    ( QUESTION2_4_L -1 2.080e+03 2.278e+02 1.020e+02
s>        ( - 9.197e+02 1 0)
s>        ( QUESTION16 -1 9.324e+02 1.538e+02 5.100e+01
s>            ( - 2.839e+02 1 0)
s>            ( - 4.946e+02 1 0)))INFO: dtree.c(1315): Comp split 4
INFO: dtree.c(1439): stop. leaf nodes are specific
INFO: dtree.c(1478): Final simple tree
|( SILENCE -1 5.505e+03 8.457e+01 2.566e+02
|    ( - 5.378e+03 1 0)
|    ( - 4.293e+01 1 0))
s>    ( SILENCE -1 5.505e+03 8.457e+01 2.566e+02
s>        ( - 5.378e+03 1 0)
s>        ( - 4.293e+01 1 0))INFO: dtree.c(1439): stop. leaf nodes are specific
INFO: dtree.c(1478): Final simple tree
|( QUESTION7 -1 1.673e+03 2.194e+02 8.200e+01
|    ( QUESTION8 -1 6.125e+02 1.056e+02 3.400e+01
|        ( - 3.174e+02 1 0)
|        ( - 1.894e+02 1 0))
|    ( QUESTION11 -1 8.415e+02 1.144e+02 4.800e+01
|        ( - 5.569e+02 1 0)
|        ( QUESTION1 -1 1.703e+02 3.319e+01 1.300e+01
|            ( - 1.270e+02 1 0)
|            ( - 1.006e+01 1 0))))
s>    ( QUESTION7 -1 1.673e+03 2.194e+02 8.200e+01
s>        ( QUESTION8 -1 6.125e+02 1.056e+02 3.400e+01
s>            ( - 3.174e+02 1 0)
s>            ( - 1.894e+02 1 0))
s>        ( QUESTION11 -1 8.415e+02 1.144e+02 4.800e+01
s>            ( - 5.569e+02 1 0)
s>            ( QUESTION1 -1 1.703e+02 3.319e+01 1.300e+01
s>                ( - 1.270e+02 1 0)
s>                ( - 1.006e+01 1 0))))INFO: dtree.c(1315): Comp split 5
INFO: dtree.c(1315): Comp split 6
INFO: dtree.c(1439): stop. leaf nodes are specific
INFO: dtree.c(1478): Final simple tree
|( QUESTION0_0_R 1 3.018e+02 5.312e+01 2.100e+01
|    ( QUESTION0_1_R 1 3.732e+01 1.418e+01 5.000e+00
|        ( - 2.857e-01 1 0)
|        ( - 2.286e+01 1 0))
|    ( - 2.114e+02 1 0))
s>    ( QUESTION0_0_R 1 3.018e+02 5.312e+01 2.100e+01
s>        ( QUESTION0_1_R 1 3.732e+01 1.418e+01 5.000e+00
s>            ( - 2.857e-01 1 0)
s>            ( - 2.286e+01 1 0))
s>        ( - 2.114e+02 1 0))INFO: dtree.c(1315): Comp split 7
INFO: dtree.c(1439): stop. leaf nodes are specific
INFO: dtree.c(1478): Final simple tree
|( QUESTION16 -1 9.324e+02 1.538e+02 5.100e+01
|    ( - 2.839e+02 1 0)
|    ( - 4.946e+02 1 0))
s>    ( QUESTION16 -1 9.324e+02 1.538e+02 5.100e+01
s>        ( - 2.839e+02 1 0)
s>        ( - 4.946e+02 1 0))INFO: dtree.c(1315): Comp split 8
INFO: dtree.c(1439): stop. leaf nodes are specific
INFO: dtree.c(1478): Final simple tree
|( QUESTION8 -1 6.605e+02 1.110e+02 3.600e+01
|    ( - 3.174e+02 1 0)
|    ( QUESTION1 -1 2.320e+02 3.250e+01 1.600e+01
|        ( - 1.894e+02 1 0)
|        ( - 1.006e+01 1 0)))
s>    ( QUESTION8 -1 6.605e+02 1.110e+02 3.600e+01
s>        ( - 3.174e+02 1 0)
s>        ( QUESTION1 -1 2.320e+02 3.250e+01 1.600e+01
s>            ( - 1.894e+02 1 0)
s>            ( - 1.006e+01 1 0)))INFO: dtree.c(1439): stop. leaf nodes are specific
INFO: dtree.c(1478): Final simple tree
|( QUESTION1 -1 7.860e+02 1.021e+02 4.600e+01
|    ( - 1.270e+02 1 0)
|    ( - 5.569e+02 1 0))
s>    ( QUESTION1 -1 7.860e+02 1.021e+02 4.600e+01
s>        ( - 1.270e+02 1 0)
s>        ( - 5.569e+02 1 0))INFO: dtree.c(1315): Comp split 9
INFO: dtree.c(1315): Comp split 10
INFO: dtree.c(1439): stop. leaf nodes are specific
INFO: dtree.c(1478): Final simple tree
|( QUESTION1 -1 2.320e+02 3.250e+01 1.600e+01
|    ( - 1.894e+02 1 0)
|    ( - 1.006e+01 1 0))
s>    ( QUESTION1 -1 2.320e+02 3.250e+01 1.600e+01
s>        ( - 1.894e+02 1 0)
s>        ( - 1.006e+01 1 0))INFO: dtree.c(1315): Comp split 11
INFO: dtree.c(1315): Comp split 12
INFO: dtree.c(1315): Comp split 13
INFO: dtree.c(1439): stop. leaf nodes are specific
INFO: dtree.c(1478): Final simple tree
|( QUESTION0_1_R 1 3.732e+01 1.418e+01 5.000e+00
|    ( - 2.857e-01 1 0)
|    ( - 2.286e+01 1 0))
s>    ( QUESTION0_1_R 1 3.732e+01 1.418e+01 5.000e+00
s>        ( - 2.857e-01 1 0)
s>        ( - 2.286e+01 1 0))INFO: dtree.c(1315): Comp split 14
INFO: dtree.c(1315): Comp split 15
INFO: dtree.c(1315): Comp split 16
INFO: dtree.c(1318): stop. leaf nodes are specific
Fri Nov  2 10:07:31 2018
