Current configuration:
[NAME]		[DEFLT]	[VALUE]
-allphones	no	no
-cntthresh	0.00001	1.000000e-05
-csplitmax	100	2000
-csplitmin	1	1
-csplitthr	8e-4	0.000000e+00
-example	no	no
-fullvar	no	no
-help		no	no
-meanfn			
-mixwfn			/home/sdv/Documents/SDV/SDVoice/an4/model_parameters/an4.cd_semi_untied/mixture_weights
-moddeffn		/home/sdv/Documents/SDV/SDVoice/an4/model_architecture/an4.untied.mdef
-mwfloor	1e-4	1.000000e-08
-phone			EH
-psetfn			/home/sdv/Documents/SDV/SDVoice/an4/model_architecture/an4.tree_questions
-ssplitmax	5	7
-ssplitmin	1	1
-ssplitthr	8e-4	0.000000e+00
-state			0
-stwt			1.0,0.05,0.0,
-treefn			/home/sdv/Documents/SDV/SDVoice/an4/trees/an4.unpruned/EH-0.dtree
-ts2cbfn	.semi.	.semi.
-varfloor	0.00001	1.000000e-05
-varfn			

INFO: main.c(223): Reading: /home/sdv/Documents/SDV/SDVoice/an4/model_architecture/an4.untied.mdef
INFO: model_def_io.c(573): Model definition info:
INFO: model_def_io.c(574): 1618 total models defined (34 base, 1584 tri)
INFO: model_def_io.c(575): 6472 total states
INFO: model_def_io.c(576): 4854 total tied states
INFO: model_def_io.c(577): 102 total tied CI states
INFO: model_def_io.c(578): 34 total tied transition matrices
INFO: model_def_io.c(579): 4 max state/model
INFO: model_def_io.c(580): 4 min state/model
INFO: main.c(242): Building trees for [EH AH F b] through [EH Y S i]
INFO: main.c(269): Covering states |[978 1271]| == 294
INFO: main.c(275): Reading: /home/sdv/Documents/SDV/SDVoice/an4/model_parameters/an4.cd_semi_untied/mixture_weights
INFO: s3mixw_io.c(173): Read /home/sdv/Documents/SDV/SDVoice/an4/model_parameters/an4.cd_semi_untied/mixture_weights [294x4x256 array]
INFO: main.c(311): 98 of 98 models have observation count greater than 0.000010
INFO: main.c(95): nrm stwt: 0.952 0.048 0.000 
INFO: main.c(411): 98-class entropy: 1.053330e+05
INFO: main.c(549): Reading: /home/sdv/Documents/SDV/SDVoice/an4/model_architecture/an4.tree_questions
INFO: main.c(588): 176 total simple questions (168 phone; 8 word bndry)
INFO: main.c(590): 42 Left Only questions, and 42 Right Only questions
INFO: dtree.c(1478): Final simple tree
|( WDBNDRY_B 0 1.431e+05 3.868e+03 5.074e+03
|    ( SILENCE -1 1.208e+05 2.674e+03 4.361e+03
|        ( - 2.445e+04 7 0 QUESTION1 1 7.952e+02 1.010e+03)
|        ( QUESTION2_9_L -1 9.367e+04 1.598e+03 3.351e+03
|            ( QUESTION0_2_R 1 2.403e+04 1.058e+03 8.768e+02
|                ( - 8.785e+03 12 0 QUESTION0 -1 6.792e+02 3.359e+02)
|                ( - 1.419e+04 24 0 QUESTION0_0_R 1 7.683e+02 5.409e+02))
|            ( QUESTION15 -1 6.804e+04 1.502e+03 2.474e+03
|                ( - 2.542e+04 11 0 QUESTION16 -1 9.476e+02 9.481e+02)
|                ( QUESTION0 -1 4.112e+04 1.339e+03 1.526e+03
|                    ( - 1.092e+04 18 0 QUESTION2_12_L -1 6.159e+02 4.359e+02)
|                    ( - 2.885e+04 12 0 QUESTION0_2_R 1 8.560e+02 1.090e+03)))))
|    ( QUESTION10 -1 1.848e+04 1.658e+03 7.132e+02
|        ( - 1.195e+04 7 0 QUESTION2_12_L -1 4.693e+02 5.043e+02)
|        ( - 4.869e+03 7 0 QUESTION15 -1 6.875e+02 2.090e+02)))
s>    ( WDBNDRY_B 0 1.431e+05 3.868e+03 5.074e+03
s>        ( SILENCE -1 1.208e+05 2.674e+03 4.361e+03
s>            ( - 2.445e+04 7 0 QUESTION1 1 7.952e+02 1.010e+03)
s>            ( QUESTION2_9_L -1 9.367e+04 1.598e+03 3.351e+03
s>                ( QUESTION0_2_R 1 2.403e+04 1.058e+03 8.768e+02
s>                    ( - 8.785e+03 12 0 QUESTION0 -1 6.792e+02 3.359e+02)
s>                    ( - 1.419e+04 24 0 QUESTION0_0_R 1 7.683e+02 5.409e+02))
s>                ( QUESTION15 -1 6.804e+04 1.502e+03 2.474e+03
s>                    ( - 2.542e+04 11 0 QUESTION16 -1 9.476e+02 9.481e+02)
s>                    ( QUESTION0 -1 4.112e+04 1.339e+03 1.526e+03
s>                        ( - 1.092e+04 18 0 QUESTION2_12_L -1 6.159e+02 4.359e+02)
s>                        ( - 2.885e+04 12 0 QUESTION0_2_R 1 8.560e+02 1.090e+03)))))
s>        ( QUESTION10 -1 1.848e+04 1.658e+03 7.132e+02
s>            ( - 1.195e+04 7 0 QUESTION2_12_L -1 4.693e+02 5.043e+02)
s>            ( - 4.869e+03 7 0 QUESTION15 -1 6.875e+02 2.090e+02)))INFO: dtree.c(1315): Comp split 0
INFO: dtree.c(1478): Final simple tree
|( SILENCE -1 1.208e+05 2.674e+03 4.361e+03
|    ( - 2.445e+04 7 0 QUESTION1 1 7.952e+02 1.010e+03)
|    ( QUESTION2_9_L -1 9.367e+04 1.598e+03 3.351e+03
|        ( QUESTION0_2_R 1 2.403e+04 1.058e+03 8.768e+02
|            ( - 8.785e+03 12 0 QUESTION0 -1 6.792e+02 3.359e+02)
|            ( - 1.419e+04 24 0 QUESTION0_0_R 1 7.683e+02 5.409e+02))
|        ( QUESTION15 -1 6.804e+04 1.502e+03 2.474e+03
|            ( QUESTION16 -1 2.542e+04 9.476e+02 9.481e+02
|                ( - 1.274e+04 5 0 QUESTION0_2_R 1 7.640e+02 4.915e+02)
|                ( - 1.173e+04 6 0 QUESTION0_3_R 1 6.729e+02 4.566e+02))
|            ( QUESTION0 -1 4.112e+04 1.339e+03 1.526e+03
|                ( - 1.092e+04 18 0 QUESTION2_12_L -1 6.159e+02 4.359e+02)
|                ( QUESTION0_2_R 1 2.885e+04 8.560e+02 1.090e+03
|                    ( - 7.620e+03 4 0 QUESTION0_3_R 1 4.367e+02 3.063e+02)
|                    ( - 2.038e+04 8 0 QUESTION0_20_R 1 7.758e+02 7.839e+02))))))
s>    ( SILENCE -1 1.208e+05 2.674e+03 4.361e+03
s>        ( - 2.445e+04 7 0 QUESTION1 1 7.952e+02 1.010e+03)
s>        ( QUESTION2_9_L -1 9.367e+04 1.598e+03 3.351e+03
s>            ( QUESTION0_2_R 1 2.403e+04 1.058e+03 8.768e+02
s>                ( - 8.785e+03 12 0 QUESTION0 -1 6.792e+02 3.359e+02)
s>                ( - 1.419e+04 24 0 QUESTION0_0_R 1 7.683e+02 5.409e+02))
s>            ( QUESTION15 -1 6.804e+04 1.502e+03 2.474e+03
s>                ( QUESTION16 -1 2.542e+04 9.476e+02 9.481e+02
s>                    ( - 1.274e+04 5 0 QUESTION0_2_R 1 7.640e+02 4.915e+02)
s>                    ( - 1.173e+04 6 0 QUESTION0_3_R 1 6.729e+02 4.566e+02))
s>                ( QUESTION0 -1 4.112e+04 1.339e+03 1.526e+03
s>                    ( - 1.092e+04 18 0 QUESTION2_12_L -1 6.159e+02 4.359e+02)
s>                    ( QUESTION0_2_R 1 2.885e+04 8.560e+02 1.090e+03
s>                        ( - 7.620e+03 4 0 QUESTION0_3_R 1 4.367e+02 3.063e+02)
s>                        ( - 2.038e+04 8 0 QUESTION0_20_R 1 7.758e+02 7.839e+02))))))INFO: dtree.c(1478): Final simple tree
|( QUESTION10 -1 1.848e+04 1.658e+03 7.132e+02
|    ( QUESTION2_12_L -1 1.195e+04 4.693e+02 5.043e+02
|        ( QUESTION2 1 1.060e+04 1.133e+02 4.584e+02
|            ( - 1.037e+04 1 0)
|            ( - 1.149e+02 3 0 QUESTION0_0_R 1 1.660e+01 1.000e+01))
|        ( QUESTION0_3_R 1 8.809e+02 1.378e+02 4.581e+01
|            ( - 2.383e+02 1 0)
|            ( - 5.047e+02 2 0 QUESTION0_0_R 1 5.943e+01 2.981e+01)))
|    ( QUESTION15 -1 4.869e+03 6.875e+02 2.090e+02
|        ( QUESTION7 1 1.685e+03 2.732e+02 8.893e+01
|            ( - 9.346e+02 1 0)
|            ( - 4.769e+02 3 0 QUESTION0_4_R 1 9.102e+01 3.109e+01))
|        ( QUESTION0_0_R 1 2.497e+03 3.865e+02 1.200e+02
|            ( - 1.639e+03 2 0 QUESTION0_1_R 1 4.798e+01 8.403e+01)
|            ( - 4.717e+02 1 0))))
s>    ( QUESTION10 -1 1.848e+04 1.658e+03 7.132e+02
s>        ( QUESTION2_12_L -1 1.195e+04 4.693e+02 5.043e+02
s>            ( QUESTION2 1 1.060e+04 1.133e+02 4.584e+02
s>                ( - 1.037e+04 1 0)
s>                ( - 1.149e+02 3 0 QUESTION0_0_R 1 1.660e+01 1.000e+01))
s>            ( QUESTION0_3_R 1 8.809e+02 1.378e+02 4.581e+01
s>                ( - 2.383e+02 1 0)
s>                ( - 5.047e+02 2 0 QUESTION0_0_R 1 5.943e+01 2.981e+01)))
s>        ( QUESTION15 -1 4.869e+03 6.875e+02 2.090e+02
s>            ( QUESTION7 1 1.685e+03 2.732e+02 8.893e+01
s>                ( - 9.346e+02 1 0)
s>                ( - 4.769e+02 3 0 QUESTION0_4_R 1 9.102e+01 3.109e+01))
s>            ( QUESTION0_0_R 1 2.497e+03 3.865e+02 1.200e+02
s>                ( - 1.639e+03 2 0 QUESTION0_1_R 1 4.798e+01 8.403e+01)
s>                ( - 4.717e+02 1 0))))INFO: dtree.c(1315): Comp split 1
INFO: dtree.c(1478): Final simple tree
|( QUESTION2_9_L -1 9.367e+04 1.598e+03 3.351e+03
|    ( QUESTION0_2_R 1 2.403e+04 1.058e+03 8.768e+02
|        ( - 8.785e+03 12 0 QUESTION0 -1 6.792e+02 3.359e+02)
|        ( - 1.419e+04 24 0 QUESTION0_0_R 1 7.683e+02 5.409e+02))
|    ( QUESTION15 -1 6.804e+04 1.502e+03 2.474e+03
|        ( QUESTION16 -1 2.542e+04 9.476e+02 9.481e+02
|            ( - 1.274e+04 5 0 QUESTION0_2_R 1 7.640e+02 4.915e+02)
|            ( - 1.173e+04 6 0 QUESTION0_3_R 1 6.729e+02 4.566e+02))
|        ( QUESTION0 -1 4.112e+04 1.339e+03 1.526e+03
|            ( - 1.092e+04 18 0 QUESTION2_12_L -1 6.159e+02 4.359e+02)
|            ( QUESTION0_2_R 1 2.885e+04 8.560e+02 1.090e+03
|                ( - 7.620e+03 4 0 QUESTION0_3_R 1 4.367e+02 3.063e+02)
|                ( QUESTION0_20_R 1 2.038e+04 7.758e+02 7.839e+02
|                    ( - 1.151e+04 4 0)
|                    ( - 8.096e+03 4 0 QUESTION0_0_R 1 4.332e+02 3.241e+02))))))
s>    ( QUESTION2_9_L -1 9.367e+04 1.598e+03 3.351e+03
s>        ( QUESTION0_2_R 1 2.403e+04 1.058e+03 8.768e+02
s>            ( - 8.785e+03 12 0 QUESTION0 -1 6.792e+02 3.359e+02)
s>            ( - 1.419e+04 24 0 QUESTION0_0_R 1 7.683e+02 5.409e+02))
s>        ( QUESTION15 -1 6.804e+04 1.502e+03 2.474e+03
s>            ( QUESTION16 -1 2.542e+04 9.476e+02 9.481e+02
s>                ( - 1.274e+04 5 0 QUESTION0_2_R 1 7.640e+02 4.915e+02)
s>                ( - 1.173e+04 6 0 QUESTION0_3_R 1 6.729e+02 4.566e+02))
s>            ( QUESTION0 -1 4.112e+04 1.339e+03 1.526e+03
s>                ( - 1.092e+04 18 0 QUESTION2_12_L -1 6.159e+02 4.359e+02)
s>                ( QUESTION0_2_R 1 2.885e+04 8.560e+02 1.090e+03
s>                    ( - 7.620e+03 4 0 QUESTION0_3_R 1 4.367e+02 3.063e+02)
s>                    ( QUESTION0_20_R 1 2.038e+04 7.758e+02 7.839e+02
s>                        ( - 1.151e+04 4 0)
s>                        ( - 8.096e+03 4 0 QUESTION0_0_R 1 4.332e+02 3.241e+02))))))INFO: dtree.c(1439): stop. leaf nodes are specific
INFO: dtree.c(1478): Final simple tree
|( QUESTION1 1 2.445e+04 7.952e+02 1.010e+03
|    ( QUESTION0_3_R 1 1.596e+04 5.084e+02 6.764e+02
|        ( - 3.110e+03 1 0)
|        ( QUESTION0_1_R 1 1.234e+04 1.010e+02 5.304e+02
|            ( - 1.220e+04 1 0)
|            ( - 3.880e+01 1 0)))
|    ( QUESTION0_20_R 1 7.696e+03 3.655e+02 3.335e+02
|        ( - 5.493e+03 2 0)
|        ( QUESTION0_0_R 1 1.837e+03 1.742e+02 8.989e+01
|            ( - 1.352e+03 1 0)
|            ( - 3.110e+02 1 0))))
s>    ( QUESTION1 1 2.445e+04 7.952e+02 1.010e+03
s>        ( QUESTION0_3_R 1 1.596e+04 5.084e+02 6.764e+02
s>            ( - 3.110e+03 1 0)
s>            ( QUESTION0_1_R 1 1.234e+04 1.010e+02 5.304e+02
s>                ( - 1.220e+04 1 0)
s>                ( - 3.880e+01 1 0)))
s>        ( QUESTION0_20_R 1 7.696e+03 3.655e+02 3.335e+02
s>            ( - 5.493e+03 2 0)
s>            ( QUESTION0_0_R 1 1.837e+03 1.742e+02 8.989e+01
s>                ( - 1.352e+03 1 0)
s>                ( - 3.110e+02 1 0))))INFO: dtree.c(1315): Comp split 2
INFO: dtree.c(1478): Final simple tree
|( QUESTION14 -1 5.567e+04 1.401e+03 2.038e+03
|    ( QUESTION0_2_R 1 2.885e+04 8.560e+02 1.090e+03
|        ( - 7.620e+03 4 0 QUESTION0_3_R 1 4.367e+02 3.063e+02)
|        ( QUESTION0_20_R 1 2.038e+04 7.758e+02 7.839e+02
|            ( - 1.151e+04 4 0)
|            ( - 8.096e+03 4 0 QUESTION0_0_R 1 4.332e+02 3.241e+02)))
|    ( QUESTION16 -1 2.542e+04 9.476e+02 9.481e+02
|        ( QUESTION0_2_R 1 1.274e+04 7.640e+02 4.915e+02
|            ( - 5.616e+03 2 0 QUESTION0_3_R 1 2.753e+02 2.295e+02)
|            ( - 6.364e+03 3 0 QUESTION0_0_R 1 4.582e+02 2.620e+02))
|        ( QUESTION0_3_R 1 1.173e+04 6.729e+02 4.566e+02
|            ( - 2.972e+03 1 0)
|            ( QUESTION0_2_R 1 8.081e+03 5.551e+02 3.256e+02
|                ( - 3.757e+03 1 0)
|                ( - 3.769e+03 4 0 QUESTION0_20_R 1 3.889e+02 1.667e+02)))))
s>    ( QUESTION14 -1 5.567e+04 1.401e+03 2.038e+03
s>        ( QUESTION0_2_R 1 2.885e+04 8.560e+02 1.090e+03
s>            ( - 7.620e+03 4 0 QUESTION0_3_R 1 4.367e+02 3.063e+02)
s>            ( QUESTION0_20_R 1 2.038e+04 7.758e+02 7.839e+02
s>                ( - 1.151e+04 4 0)
s>                ( - 8.096e+03 4 0 QUESTION0_0_R 1 4.332e+02 3.241e+02)))
s>        ( QUESTION16 -1 2.542e+04 9.476e+02 9.481e+02
s>            ( QUESTION0_2_R 1 1.274e+04 7.640e+02 4.915e+02
s>                ( - 5.616e+03 2 0 QUESTION0_3_R 1 2.753e+02 2.295e+02)
s>                ( - 6.364e+03 3 0 QUESTION0_0_R 1 4.582e+02 2.620e+02))
s>            ( QUESTION0_3_R 1 1.173e+04 6.729e+02 4.566e+02
s>                ( - 2.972e+03 1 0)
s>                ( QUESTION0_2_R 1 8.081e+03 5.551e+02 3.256e+02
s>                    ( - 3.757e+03 1 0)
s>                    ( - 3.769e+03 4 0 QUESTION0_20_R 1 3.889e+02 1.667e+02)))))INFO: dtree.c(1478): Final simple tree
|( QUESTION2_7_L -1 3.615e+04 1.196e+03 1.313e+03
|    ( QUESTION0_2_R 1 2.403e+04 1.058e+03 8.768e+02
|        ( QUESTION0 -1 8.785e+03 6.792e+02 3.359e+02
|            ( - 4.254e+03 8 0 QUESTION2 -1 4.255e+02 1.753e+02)
|            ( - 3.851e+03 4 0 QUESTION0_3_R 1 3.519e+02 1.606e+02))
|        ( QUESTION0_0_R 1 1.419e+04 7.683e+02 5.409e+02
|            ( QUESTION2 -1 7.370e+03 5.405e+02 2.969e+02
|                ( - 3.291e+03 2 0)
|                ( - 3.539e+03 4 0 QUESTION0 -1 2.551e+02 1.521e+02))
|            ( QUESTION2 -1 6.053e+03 5.396e+02 2.440e+02
|                ( - 1.792e+03 5 0 QUESTION0_10_R 1 1.667e+02 8.701e+01)
|                ( - 3.721e+03 13 0 QUESTION1 -1 3.954e+02 1.570e+02))))
|    ( QUESTION2_12_L -1 1.092e+04 6.159e+02 4.359e+02
|        ( - 6.605e+03 6 0 QUESTION0_20_R 1 5.207e+02 2.799e+02)
|        ( - 3.702e+03 12 0 QUESTION11 -1 4.007e+02 1.559e+02)))
s>    ( QUESTION2_7_L -1 3.615e+04 1.196e+03 1.313e+03
s>        ( QUESTION0_2_R 1 2.403e+04 1.058e+03 8.768e+02
s>            ( QUESTION0 -1 8.785e+03 6.792e+02 3.359e+02
s>                ( - 4.254e+03 8 0 QUESTION2 -1 4.255e+02 1.753e+02)
s>                ( - 3.851e+03 4 0 QUESTION0_3_R 1 3.519e+02 1.606e+02))
s>            ( QUESTION0_0_R 1 1.419e+04 7.683e+02 5.409e+02
s>                ( QUESTION2 -1 7.370e+03 5.405e+02 2.969e+02
s>                    ( - 3.291e+03 2 0)
s>                    ( - 3.539e+03 4 0 QUESTION0 -1 2.551e+02 1.521e+02))
s>                ( QUESTION2 -1 6.053e+03 5.396e+02 2.440e+02
s>                    ( - 1.792e+03 5 0 QUESTION0_10_R 1 1.667e+02 8.701e+01)
s>                    ( - 3.721e+03 13 0 QUESTION1 -1 3.954e+02 1.570e+02))))
s>        ( QUESTION2_12_L -1 1.092e+04 6.159e+02 4.359e+02
s>            ( - 6.605e+03 6 0 QUESTION0_20_R 1 5.207e+02 2.799e+02)
s>            ( - 3.702e+03 12 0 QUESTION11 -1 4.007e+02 1.559e+02)))INFO: dtree.c(1315): Comp split 3
INFO: dtree.c(1439): stop. leaf nodes are specific
INFO: dtree.c(1478): Final simple tree
|( QUESTION15 -1 4.869e+03 6.875e+02 2.090e+02
|    ( QUESTION7 1 1.685e+03 2.732e+02 8.893e+01
|        ( - 9.346e+02 1 0)
|        ( QUESTION0_4_R 1 4.769e+02 9.102e+01 3.109e+01
|            ( - 2.218e+02 1 0)
|            ( QUESTION0_1_R 1 1.641e+02 4.042e+01 1.320e+01
|                ( - 1.090e+02 1 0)
|                ( - 1.469e+01 1 0))))
|    ( QUESTION0_0_R 1 2.497e+03 3.865e+02 1.200e+02
|        ( QUESTION0_1_R 1 1.639e+03 4.798e+01 8.403e+01
|            ( - 1.581e+03 1 0)
|            ( - 9.739e+00 1 0))
|        ( - 4.717e+02 1 0)))
s>    ( QUESTION15 -1 4.869e+03 6.875e+02 2.090e+02
s>        ( QUESTION7 1 1.685e+03 2.732e+02 8.893e+01
s>            ( - 9.346e+02 1 0)
s>            ( QUESTION0_4_R 1 4.769e+02 9.102e+01 3.109e+01
s>                ( - 2.218e+02 1 0)
s>                ( QUESTION0_1_R 1 1.641e+02 4.042e+01 1.320e+01
s>                    ( - 1.090e+02 1 0)
s>                    ( - 1.469e+01 1 0))))
s>        ( QUESTION0_0_R 1 2.497e+03 3.865e+02 1.200e+02
s>            ( QUESTION0_1_R 1 1.639e+03 4.798e+01 8.403e+01
s>                ( - 1.581e+03 1 0)
s>                ( - 9.739e+00 1 0))
s>            ( - 4.717e+02 1 0)))INFO: dtree.c(1439): stop. leaf nodes are specific
INFO: dtree.c(1478): Final simple tree
|( QUESTION2_12_L -1 1.195e+04 4.693e+02 5.043e+02
|    ( QUESTION2 1 1.060e+04 1.133e+02 4.584e+02
|        ( - 1.037e+04 1 0)
|        ( QUESTION0_0_R 1 1.149e+02 1.660e+01 1.000e+01
|            ( - 1.202e+00 1 0)
|            ( - 9.709e+01 2 0)))
|    ( QUESTION0_3_R 1 8.809e+02 1.378e+02 4.581e+01
|        ( - 2.383e+02 1 0)
|        ( QUESTION0_0_R 1 5.047e+02 5.943e+01 2.981e+01
|            ( - 4.013e+02 1 0)
|            ( - 4.396e+01 1 0))))
s>    ( QUESTION2_12_L -1 1.195e+04 4.693e+02 5.043e+02
s>        ( QUESTION2 1 1.060e+04 1.133e+02 4.584e+02
s>            ( - 1.037e+04 1 0)
s>            ( QUESTION0_0_R 1 1.149e+02 1.660e+01 1.000e+01
s>                ( - 1.202e+00 1 0)
s>                ( - 9.709e+01 2 0)))
s>        ( QUESTION0_3_R 1 8.809e+02 1.378e+02 4.581e+01
s>            ( - 2.383e+02 1 0)
s>            ( QUESTION0_0_R 1 5.047e+02 5.943e+01 2.981e+01
s>                ( - 4.013e+02 1 0)
s>                ( - 4.396e+01 1 0))))INFO: dtree.c(1315): Comp split 4
INFO: dtree.c(1478): Final simple tree
|( QUESTION0_2_R 1 3.784e+04 9.205e+02 1.416e+03
|    ( QUESTION14 -1 1.203e+04 6.510e+02 4.652e+02
|        ( QUESTION0_3_R 1 7.620e+03 4.367e+02 3.063e+02
|            ( - 1.522e+03 2 0)
|            ( - 5.662e+03 2 0))
|        ( - 3.757e+03 1 0))
|    ( QUESTION0_20_R 1 2.489e+04 8.209e+02 9.506e+02
|        ( QUESTION14 -1 1.318e+04 5.452e+02 5.202e+02
|            ( - 1.151e+04 4 0)
|            ( - 1.127e+03 2 0))
|        ( QUESTION14 -1 1.090e+04 5.454e+02 4.303e+02
|            ( QUESTION0_0_R 1 8.096e+03 4.332e+02 3.241e+02
|                ( - 6.498e+03 2 0)
|                ( - 1.165e+03 2 0))
|            ( - 2.254e+03 2 0 QUESTION0_0_R 1 9.869e+01 1.062e+02))))
s>    ( QUESTION0_2_R 1 3.784e+04 9.205e+02 1.416e+03
s>        ( QUESTION14 -1 1.203e+04 6.510e+02 4.652e+02
s>            ( QUESTION0_3_R 1 7.620e+03 4.367e+02 3.063e+02
s>                ( - 1.522e+03 2 0)
s>                ( - 5.662e+03 2 0))
s>            ( - 3.757e+03 1 0))
s>        ( QUESTION0_20_R 1 2.489e+04 8.209e+02 9.506e+02
s>            ( QUESTION14 -1 1.318e+04 5.452e+02 5.202e+02
s>                ( - 1.151e+04 4 0)
s>                ( - 1.127e+03 2 0))
s>            ( QUESTION14 -1 1.090e+04 5.454e+02 4.303e+02
s>                ( QUESTION0_0_R 1 8.096e+03 4.332e+02 3.241e+02
s>                    ( - 6.498e+03 2 0)
s>                    ( - 1.165e+03 2 0))
s>                ( - 2.254e+03 2 0 QUESTION0_0_R 1 9.869e+01 1.062e+02))))INFO: dtree.c(1439): stop. leaf nodes are specific
INFO: dtree.c(1478): Final simple tree
|( QUESTION0_2_R 1 1.640e+04 8.334e+02 6.225e+02
|    ( QUESTION16 -1 9.206e+03 6.189e+02 3.605e+02
|        ( QUESTION0_3_R 1 5.616e+03 2.753e+02 2.295e+02
|            ( - 4.617e+02 1 0)
|            ( - 4.879e+03 1 0))
|        ( - 2.972e+03 1 0))
|    ( QUESTION0_0_R 1 6.364e+03 4.582e+02 2.620e+02
|        ( - 4.685e+03 1 0)
|        ( - 1.221e+03 2 0)))
s>    ( QUESTION0_2_R 1 1.640e+04 8.334e+02 6.225e+02
s>        ( QUESTION16 -1 9.206e+03 6.189e+02 3.605e+02
s>            ( QUESTION0_3_R 1 5.616e+03 2.753e+02 2.295e+02
s>                ( - 4.617e+02 1 0)
s>                ( - 4.879e+03 1 0))
s>            ( - 2.972e+03 1 0))
s>        ( QUESTION0_0_R 1 6.364e+03 4.582e+02 2.620e+02
s>            ( - 4.685e+03 1 0)
s>            ( - 1.221e+03 2 0)))INFO: dtree.c(1315): Comp split 5
INFO: dtree.c(1478): Final simple tree
|( QUESTION11 -1 1.487e+04 7.112e+02 5.807e+02
|    ( QUESTION0_20_R 1 8.805e+03 5.606e+02 3.609e+02
|        ( QUESTION2_11_L -1 3.610e+03 2.909e+02 1.620e+02
|            ( - 2.891e+03 2 0)
|            ( - 4.289e+02 2 0))
|        ( QUESTION0_3_R 1 4.634e+03 4.286e+02 1.989e+02
|            ( - 1.487e+03 2 0 QUESTION2_11_L -1 2.218e+02 7.300e+01)
|            ( QUESTION0_0_R 1 2.718e+03 2.871e+02 1.259e+02
|                ( - 1.036e+03 2 0 QUESTION0_2_R 1 1.458e+02 5.494e+01)
|                ( - 1.395e+03 2 0 QUESTION2_11_L -1 2.093e+02 7.100e+01))))
|    ( QUESTION3 -1 5.349e+03 4.551e+02 2.198e+02
|        ( - 3.291e+03 2 0)
|        ( QUESTION2_11_L -1 1.604e+03 2.255e+02 7.495e+01
|            ( - 9.920e+02 6 0 QUESTION0_2_R 1 1.537e+02 4.895e+01)
|            ( - 3.862e+02 2 0 QUESTION0_0_R 1 4.389e+01 2.600e+01))))
s>    ( QUESTION11 -1 1.487e+04 7.112e+02 5.807e+02
s>        ( QUESTION0_20_R 1 8.805e+03 5.606e+02 3.609e+02
s>            ( QUESTION2_11_L -1 3.610e+03 2.909e+02 1.620e+02
s>                ( - 2.891e+03 2 0)
s>                ( - 4.289e+02 2 0))
s>            ( QUESTION0_3_R 1 4.634e+03 4.286e+02 1.989e+02
s>                ( - 1.487e+03 2 0 QUESTION2_11_L -1 2.218e+02 7.300e+01)
s>                ( QUESTION0_0_R 1 2.718e+03 2.871e+02 1.259e+02
s>                    ( - 1.036e+03 2 0 QUESTION0_2_R 1 1.458e+02 5.494e+01)
s>                    ( - 1.395e+03 2 0 QUESTION2_11_L -1 2.093e+02 7.100e+01))))
s>        ( QUESTION3 -1 5.349e+03 4.551e+02 2.198e+02
s>            ( - 3.291e+03 2 0)
s>            ( QUESTION2_11_L -1 1.604e+03 2.255e+02 7.495e+01
s>                ( - 9.920e+02 6 0 QUESTION0_2_R 1 1.537e+02 4.895e+01)
s>                ( - 3.862e+02 2 0 QUESTION0_0_R 1 4.389e+01 2.600e+01))))INFO: dtree.c(1478): Final simple tree
|( QUESTION0_2_R 1 1.993e+04 9.355e+02 7.320e+02
|    ( QUESTION0 -1 8.785e+03 6.792e+02 3.359e+02
|        ( QUESTION2 -1 4.254e+03 4.255e+02 1.753e+02
|            ( - 1.811e+03 3 0 QUESTION0_3_R 1 1.576e+02 8.631e+01)
|            ( - 2.017e+03 5 0 QUESTION8 -1 2.523e+02 8.900e+01))
|        ( QUESTION0_3_R 1 3.851e+03 3.519e+02 1.606e+02
|            ( - 6.990e+02 2 0)
|            ( - 2.800e+03 2 0)))
|    ( QUESTION1 -1 1.021e+04 6.662e+02 3.961e+02
|        ( QUESTION2 -1 4.462e+03 4.742e+02 1.880e+02
|            ( - 1.792e+03 5 0 QUESTION0_10_R 1 1.667e+02 8.701e+01)
|            ( - 2.196e+03 7 0 QUESTION0_20_R 1 2.744e+02 1.010e+02))
|        ( QUESTION0_0_R 1 5.080e+03 4.094e+02 2.081e+02
|            ( - 3.299e+03 3 0 QUESTION0 -1 1.923e+02 1.431e+02)
|            ( - 1.372e+03 7 0 QUESTION0 -1 1.954e+02 6.500e+01))))
s>    ( QUESTION0_2_R 1 1.993e+04 9.355e+02 7.320e+02
s>        ( QUESTION0 -1 8.785e+03 6.792e+02 3.359e+02
s>            ( QUESTION2 -1 4.254e+03 4.255e+02 1.753e+02
s>                ( - 1.811e+03 3 0 QUESTION0_3_R 1 1.576e+02 8.631e+01)
s>                ( - 2.017e+03 5 0 QUESTION8 -1 2.523e+02 8.900e+01))
s>            ( QUESTION0_3_R 1 3.851e+03 3.519e+02 1.606e+02
s>                ( - 6.990e+02 2 0)
s>                ( - 2.800e+03 2 0)))
s>        ( QUESTION1 -1 1.021e+04 6.662e+02 3.961e+02
s>            ( QUESTION2 -1 4.462e+03 4.742e+02 1.880e+02
s>                ( - 1.792e+03 5 0 QUESTION0_10_R 1 1.667e+02 8.701e+01)
s>                ( - 2.196e+03 7 0 QUESTION0_20_R 1 2.744e+02 1.010e+02))
s>            ( QUESTION0_0_R 1 5.080e+03 4.094e+02 2.081e+02
s>                ( - 3.299e+03 3 0 QUESTION0 -1 1.923e+02 1.431e+02)
s>                ( - 1.372e+03 7 0 QUESTION0 -1 1.954e+02 6.500e+01))))INFO: dtree.c(1315): Comp split 6
INFO: dtree.c(1439): stop. leaf nodes are specific
INFO: dtree.c(1478): Final simple tree
|( QUESTION14 -1 1.523e+04 7.272e+02 5.837e+02
|    ( QUESTION0_3_R 1 9.198e+03 4.581e+02 3.643e+02
|        ( - 1.522e+03 2 0)
|        ( QUESTION0_0_R 1 7.219e+03 3.914e+02 2.921e+02
|            ( - 5.662e+03 2 0)
|            ( - 1.165e+03 2 0)))
|    ( QUESTION0_0_R 1 5.305e+03 4.211e+02 2.194e+02
|        ( - 3.757e+03 1 0)
|        ( - 1.127e+03 2 0)))
s>    ( QUESTION14 -1 1.523e+04 7.272e+02 5.837e+02
s>        ( QUESTION0_3_R 1 9.198e+03 4.581e+02 3.643e+02
s>            ( - 1.522e+03 2 0)
s>            ( QUESTION0_0_R 1 7.219e+03 3.914e+02 2.921e+02
s>                ( - 5.662e+03 2 0)
s>                ( - 1.165e+03 2 0)))
s>        ( QUESTION0_0_R 1 5.305e+03 4.211e+02 2.194e+02
s>            ( - 3.757e+03 1 0)
s>            ( - 1.127e+03 2 0)))INFO: dtree.c(1439): stop. leaf nodes are specific
INFO: dtree.c(1478): Final simple tree
|( QUESTION0_20_R 1 2.161e+04 7.984e+02 8.321e+02
|    ( - 1.151e+04 4 0)
|    ( QUESTION14 -1 9.305e+03 5.541e+02 3.723e+02
|        ( - 6.498e+03 2 0)
|        ( QUESTION0_0_R 1 2.254e+03 9.869e+01 1.062e+02
|            ( - 2.078e+03 1 0)
|            ( - 7.717e+01 1 0))))
s>    ( QUESTION0_20_R 1 2.161e+04 7.984e+02 8.321e+02
s>        ( - 1.151e+04 4 0)
s>        ( QUESTION14 -1 9.305e+03 5.541e+02 3.723e+02
s>            ( - 6.498e+03 2 0)
s>            ( QUESTION0_0_R 1 2.254e+03 9.869e+01 1.062e+02
s>                ( - 2.078e+03 1 0)
s>                ( - 7.717e+01 1 0))))INFO: dtree.c(1315): Comp split 7
INFO: dtree.c(1478): Final simple tree
|( QUESTION1 -1 1.021e+04 6.662e+02 3.961e+02
|    ( QUESTION2 -1 4.462e+03 4.742e+02 1.880e+02
|        ( QUESTION0_10_R 1 1.792e+03 1.667e+02 8.701e+01
|            ( - 1.558e+02 1 0)
|            ( - 1.469e+03 4 0))
|        ( QUESTION0_20_R 1 2.196e+03 2.744e+02 1.010e+02
|            ( - 1.201e+03 4 0 QUESTION8 -1 9.780e+01 6.100e+01)
|            ( - 7.202e+02 3 0 QUESTION0_0_R 1 1.112e+02 4.000e+01)))
|    ( QUESTION0_0_R 1 5.080e+03 4.094e+02 2.081e+02
|        ( QUESTION0 -1 3.299e+03 1.923e+02 1.431e+02
|            ( - 1.898e+02 1 0)
|            ( - 2.916e+03 2 0))
|        ( QUESTION0 -1 1.372e+03 1.954e+02 6.500e+01
|            ( - 2.857e+02 2 0 QUESTION0_10_R 1 4.375e+01 1.900e+01)
|            ( - 8.910e+02 5 0 QUESTION0_10_R 1 3.887e+01 4.600e+01))))
s>    ( QUESTION1 -1 1.021e+04 6.662e+02 3.961e+02
s>        ( QUESTION2 -1 4.462e+03 4.742e+02 1.880e+02
s>            ( QUESTION0_10_R 1 1.792e+03 1.667e+02 8.701e+01
s>                ( - 1.558e+02 1 0)
s>                ( - 1.469e+03 4 0))
s>            ( QUESTION0_20_R 1 2.196e+03 2.744e+02 1.010e+02
s>                ( - 1.201e+03 4 0 QUESTION8 -1 9.780e+01 6.100e+01)
s>                ( - 7.202e+02 3 0 QUESTION0_0_R 1 1.112e+02 4.000e+01)))
s>        ( QUESTION0_0_R 1 5.080e+03 4.094e+02 2.081e+02
s>            ( QUESTION0 -1 3.299e+03 1.923e+02 1.431e+02
s>                ( - 1.898e+02 1 0)
s>                ( - 2.916e+03 2 0))
s>            ( QUESTION0 -1 1.372e+03 1.954e+02 6.500e+01
s>                ( - 2.857e+02 2 0 QUESTION0_10_R 1 4.375e+01 1.900e+01)
s>                ( - 8.910e+02 5 0 QUESTION0_10_R 1 3.887e+01 4.600e+01))))INFO: dtree.c(1478): Final simple tree
|( QUESTION0 -1 8.785e+03 6.792e+02 3.359e+02
|    ( QUESTION2 -1 4.254e+03 4.255e+02 1.753e+02
|        ( QUESTION0_3_R 1 1.811e+03 1.576e+02 8.631e+01
|            ( - 2.003e+02 1 0)
|            ( - 1.454e+03 2 0))
|        ( QUESTION8 -1 2.017e+03 2.523e+02 8.900e+01
|            ( QUESTION0_3_R 1 5.585e+02 1.093e+02 3.100e+01
|                ( - 1.770e+02 1 0)
|                ( - 2.722e+02 1 0))
|            ( QUESTION1 -1 1.206e+03 1.547e+02 5.800e+01
|                ( - 8.651e+02 2 0 QUESTION0_3_R 1 2.759e+01 4.400e+01)
|                ( - 1.866e+02 1 0))))
|    ( QUESTION0_3_R 1 3.851e+03 3.519e+02 1.606e+02
|        ( - 6.990e+02 2 0)
|        ( - 2.800e+03 2 0)))
s>    ( QUESTION0 -1 8.785e+03 6.792e+02 3.359e+02
s>        ( QUESTION2 -1 4.254e+03 4.255e+02 1.753e+02
s>            ( QUESTION0_3_R 1 1.811e+03 1.576e+02 8.631e+01
s>                ( - 2.003e+02 1 0)
s>                ( - 1.454e+03 2 0))
s>            ( QUESTION8 -1 2.017e+03 2.523e+02 8.900e+01
s>                ( QUESTION0_3_R 1 5.585e+02 1.093e+02 3.100e+01
s>                    ( - 1.770e+02 1 0)
s>                    ( - 2.722e+02 1 0))
s>                ( QUESTION1 -1 1.206e+03 1.547e+02 5.800e+01
s>                    ( - 8.651e+02 2 0 QUESTION0_3_R 1 2.759e+01 4.400e+01)
s>                    ( - 1.866e+02 1 0))))
s>        ( QUESTION0_3_R 1 3.851e+03 3.519e+02 1.606e+02
s>            ( - 6.990e+02 2 0)
s>            ( - 2.800e+03 2 0)))INFO: dtree.c(1315): Comp split 8
INFO: dtree.c(1439): stop. leaf nodes are specific
INFO: dtree.c(1478): Final simple tree
|( QUESTION16 -1 9.206e+03 6.189e+02 3.605e+02
|    ( QUESTION0_3_R 1 5.616e+03 2.753e+02 2.295e+02
|        ( - 4.617e+02 1 0)
|        ( - 4.879e+03 1 0))
|    ( - 2.972e+03 1 0))
s>    ( QUESTION16 -1 9.206e+03 6.189e+02 3.605e+02
s>        ( QUESTION0_3_R 1 5.616e+03 2.753e+02 2.295e+02
s>            ( - 4.617e+02 1 0)
s>            ( - 4.879e+03 1 0))
s>        ( - 2.972e+03 1 0))INFO: dtree.c(1439): stop. leaf nodes are specific
INFO: dtree.c(1478): Final simple tree
|( QUESTION0_0_R 1 6.364e+03 4.582e+02 2.620e+02
|    ( - 4.685e+03 1 0)
|    ( - 1.221e+03 2 0))
s>    ( QUESTION0_0_R 1 6.364e+03 4.582e+02 2.620e+02
s>        ( - 4.685e+03 1 0)
s>        ( - 1.221e+03 2 0))INFO: dtree.c(1315): Comp split 9
INFO: dtree.c(1439): stop. leaf nodes are specific
INFO: dtree.c(1478): Final simple tree
|( QUESTION0_0_R 1 1.145e+04 5.339e+02 4.845e+02
|    ( QUESTION0_4_R 1 4.926e+03 3.422e+02 2.199e+02
|        ( - 1.352e+03 1 0)
|        ( QUESTION0_1_R 1 3.231e+03 8.253e+01 1.510e+02
|            ( - 3.110e+03 1 0)
|            ( - 3.880e+01 1 0)))
|    ( QUESTION0_10_R 1 5.988e+03 1.839e+02 2.646e+02
|        ( - 3.110e+02 1 0)
|        ( - 5.493e+03 2 0)))
s>    ( QUESTION0_0_R 1 1.145e+04 5.339e+02 4.845e+02
s>        ( QUESTION0_4_R 1 4.926e+03 3.422e+02 2.199e+02
s>            ( - 1.352e+03 1 0)
s>            ( QUESTION0_1_R 1 3.231e+03 8.253e+01 1.510e+02
s>                ( - 3.110e+03 1 0)
s>                ( - 3.880e+01 1 0)))
s>        ( QUESTION0_10_R 1 5.988e+03 1.839e+02 2.646e+02
s>            ( - 3.110e+02 1 0)
s>            ( - 5.493e+03 2 0)))INFO: dtree.c(1315): Comp split 10
INFO: dtree.c(1439): stop. leaf nodes are specific
INFO: dtree.c(1478): Final simple tree
|( QUESTION14 -1 9.305e+03 5.541e+02 3.723e+02
|    ( - 6.498e+03 2 0)
|    ( QUESTION0_0_R 1 2.254e+03 9.869e+01 1.062e+02
|        ( - 2.078e+03 1 0)
|        ( - 7.717e+01 1 0)))
s>    ( QUESTION14 -1 9.305e+03 5.541e+02 3.723e+02
s>        ( - 6.498e+03 2 0)
s>        ( QUESTION0_0_R 1 2.254e+03 9.869e+01 1.062e+02
s>            ( - 2.078e+03 1 0)
s>            ( - 7.717e+01 1 0)))INFO: dtree.c(1315): Comp split 11
INFO: dtree.c(1478): Final simple tree
|( QUESTION2_12_L -1 4.769e+03 4.333e+02 2.009e+02
|    ( QUESTION0_2_R 1 1.955e+03 2.153e+02 9.594e+01
|        ( - 6.379e+02 1 0)
|        ( QUESTION0_0_R 1 1.102e+03 1.445e+02 5.894e+01
|            ( - 2.526e+02 1 0)
|            ( - 7.045e+02 1 0)))
|    ( QUESTION11 -1 2.381e+03 3.008e+02 1.049e+02
|        ( QUESTION0_10_R 1 1.088e+03 1.780e+02 5.599e+01
|            ( - 4.810e+02 1 0)
|            ( - 4.289e+02 2 0))
|        ( QUESTION0_2_R 1 9.920e+02 1.537e+02 4.895e+01
|            ( QUESTION0_3_R 1 4.433e+02 8.079e+01 2.495e+01
|                ( - 2.513e+02 1 0)
|                ( - 1.112e+02 1 0))
|            ( - 3.950e+02 4 0 QUESTION0_20_R 1 7.294e+01 2.400e+01))))
s>    ( QUESTION2_12_L -1 4.769e+03 4.333e+02 2.009e+02
s>        ( QUESTION0_2_R 1 1.955e+03 2.153e+02 9.594e+01
s>            ( - 6.379e+02 1 0)
s>            ( QUESTION0_0_R 1 1.102e+03 1.445e+02 5.894e+01
s>                ( - 2.526e+02 1 0)
s>                ( - 7.045e+02 1 0)))
s>        ( QUESTION11 -1 2.381e+03 3.008e+02 1.049e+02
s>            ( QUESTION0_10_R 1 1.088e+03 1.780e+02 5.599e+01
s>                ( - 4.810e+02 1 0)
s>                ( - 4.289e+02 2 0))
s>            ( QUESTION0_2_R 1 9.920e+02 1.537e+02 4.895e+01
s>                ( QUESTION0_3_R 1 4.433e+02 8.079e+01 2.495e+01
s>                    ( - 2.513e+02 1 0)
s>                    ( - 1.112e+02 1 0))
s>                ( - 3.950e+02 4 0 QUESTION0_20_R 1 7.294e+01 2.400e+01))))INFO: dtree.c(1439): stop. leaf nodes are specific
INFO: dtree.c(1478): Final simple tree
|( QUESTION2_11_L -1 9.316e+03 5.953e+02 3.798e+02
|    ( QUESTION0_0_R 1 4.117e+03 3.489e+02 1.840e+02
|        ( - 8.779e+02 1 0)
|        ( - 2.891e+03 2 0))
|    ( QUESTION0_4_R 1 4.603e+03 3.665e+02 1.958e+02
|        ( - 3.291e+03 2 0)
|        ( QUESTION11 -1 9.459e+02 1.720e+02 5.100e+01
|            ( - 3.877e+02 1 0)
|            ( QUESTION0_0_R 1 3.862e+02 4.389e+01 2.600e+01
|                ( - 3.295e+02 1 0)
|                ( - 1.279e+01 1 0)))))
s>    ( QUESTION2_11_L -1 9.316e+03 5.953e+02 3.798e+02
s>        ( QUESTION0_0_R 1 4.117e+03 3.489e+02 1.840e+02
s>            ( - 8.779e+02 1 0)
s>            ( - 2.891e+03 2 0))
s>        ( QUESTION0_4_R 1 4.603e+03 3.665e+02 1.958e+02
s>            ( - 3.291e+03 2 0)
s>            ( QUESTION11 -1 9.459e+02 1.720e+02 5.100e+01
s>                ( - 3.877e+02 1 0)
s>                ( QUESTION0_0_R 1 3.862e+02 4.389e+01 2.600e+01
s>                    ( - 3.295e+02 1 0)
s>                    ( - 1.279e+01 1 0)))))INFO: dtree.c(1315): Comp split 12
INFO: dtree.c(1439): stop. leaf nodes are specific
INFO: dtree.c(1478): Final simple tree
|( QUESTION0_0_R 1 7.219e+03 3.914e+02 2.921e+02
|    ( - 5.662e+03 2 0)
|    ( - 1.165e+03 2 0))
s>    ( QUESTION0_0_R 1 7.219e+03 3.914e+02 2.921e+02
s>        ( - 5.662e+03 2 0)
s>        ( - 1.165e+03 2 0))INFO: dtree.c(1439): stop. leaf nodes are specific
INFO: dtree.c(1478): Final simple tree
|( QUESTION0_3_R 1 7.274e+03 4.476e+02 2.916e+02
|    ( - 1.522e+03 2 0)
|    ( QUESTION0_0_R 1 5.305e+03 4.211e+02 2.194e+02
|        ( - 3.757e+03 1 0)
|        ( - 1.127e+03 2 0)))
s>    ( QUESTION0_3_R 1 7.274e+03 4.476e+02 2.916e+02
s>        ( - 1.522e+03 2 0)
s>        ( QUESTION0_0_R 1 5.305e+03 4.211e+02 2.194e+02
s>            ( - 3.757e+03 1 0)
s>            ( - 1.127e+03 2 0)))INFO: dtree.c(1315): Comp split 13
INFO: dtree.c(1478): Final simple tree
|( QUESTION7 -1 5.375e+03 4.914e+02 2.210e+02
|    ( QUESTION0_20_R 1 2.196e+03 2.744e+02 1.010e+02
|        ( QUESTION8 -1 1.201e+03 9.780e+01 6.100e+01
|            ( - 4.726e+01 2 0)
|            ( - 1.056e+03 2 0))
|        ( QUESTION0_0_R 1 7.202e+02 1.112e+02 4.000e+01
|            ( - 9.973e+01 1 0)
|            ( QUESTION8 -1 5.094e+02 7.915e+01 3.100e+01
|                ( - 1.132e+02 1 0)
|                ( - 3.170e+02 1 0))))
|    ( QUESTION0 -1 2.688e+03 3.282e+02 1.200e+02
|        ( - 1.469e+03 4 0)
|        ( QUESTION0_10_R 1 8.910e+02 3.887e+01 4.600e+01
|            ( - 7.619e+00 1 0)
|            ( - 8.446e+02 4 0))))
s>    ( QUESTION7 -1 5.375e+03 4.914e+02 2.210e+02
s>        ( QUESTION0_20_R 1 2.196e+03 2.744e+02 1.010e+02
s>            ( QUESTION8 -1 1.201e+03 9.780e+01 6.100e+01
s>                ( - 4.726e+01 2 0)
s>                ( - 1.056e+03 2 0))
s>            ( QUESTION0_0_R 1 7.202e+02 1.112e+02 4.000e+01
s>                ( - 9.973e+01 1 0)
s>                ( QUESTION8 -1 5.094e+02 7.915e+01 3.100e+01
s>                    ( - 1.132e+02 1 0)
s>                    ( - 3.170e+02 1 0))))
s>        ( QUESTION0 -1 2.688e+03 3.282e+02 1.200e+02
s>            ( - 1.469e+03 4 0)
s>            ( QUESTION0_10_R 1 8.910e+02 3.887e+01 4.600e+01
s>                ( - 7.619e+00 1 0)
s>                ( - 8.446e+02 4 0))))INFO: dtree.c(1439): stop. leaf nodes are specific
INFO: dtree.c(1478): Final simple tree
|( QUESTION0 -1 4.135e+03 3.557e+02 1.751e+02
|    ( QUESTION0_10_R 1 8.627e+02 1.406e+02 4.700e+01
|        ( QUESTION1 -1 2.131e+02 4.163e+01 1.600e+01
|            ( - 1.558e+02 1 0)
|            ( - 1.568e+01 1 0))
|        ( QUESTION0_0_R 1 5.090e+02 9.295e+01 3.100e+01
|            ( - 1.898e+02 1 0)
|            ( - 2.263e+02 1 0)))
|    ( - 2.916e+03 2 0))
s>    ( QUESTION0 -1 4.135e+03 3.557e+02 1.751e+02
s>        ( QUESTION0_10_R 1 8.627e+02 1.406e+02 4.700e+01
s>            ( QUESTION1 -1 2.131e+02 4.163e+01 1.600e+01
s>                ( - 1.558e+02 1 0)
s>                ( - 1.568e+01 1 0))
s>            ( QUESTION0_0_R 1 5.090e+02 9.295e+01 3.100e+01
s>                ( - 1.898e+02 1 0)
s>                ( - 2.263e+02 1 0)))
s>        ( - 2.916e+03 2 0))INFO: dtree.c(1315): Comp split 14
INFO: dtree.c(1439): stop. leaf nodes are specific
INFO: dtree.c(1478): Final simple tree
|( QUESTION7 1 1.745e+03 2.832e+02 9.093e+01
|    ( - 9.346e+02 1 0)
|    ( QUESTION2_0_L -1 5.268e+02 1.008e+02 3.309e+01
|        ( QUESTION0_1_R 1 2.797e+02 4.322e+01 2.089e+01
|            ( - 2.218e+02 1 0)
|            ( - 1.469e+01 1 0))
|        ( QUESTION0_1_R 1 1.463e+02 2.759e+01 1.220e+01
|            ( - 1.090e+02 1 0)
|            ( - 9.739e+00 1 0))))
s>    ( QUESTION7 1 1.745e+03 2.832e+02 9.093e+01
s>        ( - 9.346e+02 1 0)
s>        ( QUESTION2_0_L -1 5.268e+02 1.008e+02 3.309e+01
s>            ( QUESTION0_1_R 1 2.797e+02 4.322e+01 2.089e+01
s>                ( - 2.218e+02 1 0)
s>                ( - 1.469e+01 1 0))
s>            ( QUESTION0_1_R 1 1.463e+02 2.759e+01 1.220e+01
s>                ( - 1.090e+02 1 0)
s>                ( - 9.739e+00 1 0))))INFO: dtree.c(1439): stop. leaf nodes are specific
INFO: dtree.c(1478): Final simple tree
|( QUESTION0_0_R 1 2.434e+03 3.813e+02 1.180e+02
|    ( - 1.581e+03 1 0)
|    ( - 4.717e+02 1 0))
s>    ( QUESTION0_0_R 1 2.434e+03 3.813e+02 1.180e+02
s>        ( - 1.581e+03 1 0)
s>        ( - 4.717e+02 1 0))INFO: dtree.c(1315): Comp split 15
INFO: dtree.c(1439): stop. leaf nodes are specific
INFO: dtree.c(1478): Final simple tree
|( QUESTION2 -1 4.254e+03 4.255e+02 1.753e+02
|    ( QUESTION0_3_R 1 1.811e+03 1.576e+02 8.631e+01
|        ( - 2.003e+02 1 0)
|        ( - 1.454e+03 2 0))
|    ( QUESTION8 -1 2.017e+03 2.523e+02 8.900e+01
|        ( QUESTION0_3_R 1 5.585e+02 1.093e+02 3.100e+01
|            ( - 1.770e+02 1 0)
|            ( - 2.722e+02 1 0))
|        ( QUESTION1 -1 1.206e+03 1.547e+02 5.800e+01
|            ( QUESTION0_3_R 1 8.651e+02 2.759e+01 4.400e+01
|                ( - 3.357e+00 1 0)
|                ( - 8.342e+02 1 0))
|            ( - 1.866e+02 1 0))))
s>    ( QUESTION2 -1 4.254e+03 4.255e+02 1.753e+02
s>        ( QUESTION0_3_R 1 1.811e+03 1.576e+02 8.631e+01
s>            ( - 2.003e+02 1 0)
s>            ( - 1.454e+03 2 0))
s>        ( QUESTION8 -1 2.017e+03 2.523e+02 8.900e+01
s>            ( QUESTION0_3_R 1 5.585e+02 1.093e+02 3.100e+01
s>                ( - 1.770e+02 1 0)
s>                ( - 2.722e+02 1 0))
s>            ( QUESTION1 -1 1.206e+03 1.547e+02 5.800e+01
s>                ( QUESTION0_3_R 1 8.651e+02 2.759e+01 4.400e+01
s>                    ( - 3.357e+00 1 0)
s>                    ( - 8.342e+02 1 0))
s>                ( - 1.866e+02 1 0))))INFO: dtree.c(1439): stop. leaf nodes are specific
INFO: dtree.c(1478): Final simple tree
|( QUESTION0_3_R 1 3.851e+03 3.519e+02 1.606e+02
|    ( - 6.990e+02 2 0)
|    ( - 2.800e+03 2 0))
s>    ( QUESTION0_3_R 1 3.851e+03 3.519e+02 1.606e+02
s>        ( - 6.990e+02 2 0)
s>        ( - 2.800e+03 2 0))INFO: dtree.c(1315): Comp split 16
INFO: dtree.c(1439): stop. leaf nodes are specific
INFO: dtree.c(1478): Final simple tree
|( QUESTION0_3_R 1 5.616e+03 2.753e+02 2.295e+02
|    ( - 4.617e+02 1 0)
|    ( - 4.879e+03 1 0))
s>    ( QUESTION0_3_R 1 5.616e+03 2.753e+02 2.295e+02
s>        ( - 4.617e+02 1 0)
s>        ( - 4.879e+03 1 0))INFO: dtree.c(1315): Comp split 17
INFO: dtree.c(1439): stop. leaf nodes are specific
INFO: dtree.c(1478): Final simple tree
|( QUESTION0_0_R 1 4.748e+03 3.927e+02 2.100e+02
|    ( QUESTION1 -1 1.386e+03 1.784e+02 7.100e+01
|        ( - 3.295e+02 1 0)
|        ( - 8.779e+02 1 0))
|    ( QUESTION11 -1 2.970e+03 6.638e+01 1.390e+02
|        ( - 2.891e+03 2 0)
|        ( - 1.279e+01 1 0)))
s>    ( QUESTION0_0_R 1 4.748e+03 3.927e+02 2.100e+02
s>        ( QUESTION1 -1 1.386e+03 1.784e+02 7.100e+01
s>            ( - 3.295e+02 1 0)
s>            ( - 8.779e+02 1 0))
s>        ( QUESTION11 -1 2.970e+03 6.638e+01 1.390e+02
s>            ( - 2.891e+03 2 0)
s>            ( - 1.279e+01 1 0)))INFO: dtree.c(1439): stop. leaf nodes are specific
INFO: dtree.c(1478): Final simple tree
|( QUESTION0_2_R 1 3.956e+03 2.776e+02 1.698e+02
|    ( - 3.877e+02 1 0)
|    ( - 3.291e+03 2 0))
s>    ( QUESTION0_2_R 1 3.956e+03 2.776e+02 1.698e+02
s>        ( - 3.877e+02 1 0)
s>        ( - 3.291e+03 2 0))INFO: dtree.c(1315): Comp split 18
INFO: dtree.c(1439): stop. leaf nodes are specific
INFO: dtree.c(1478): Final simple tree
|( QUESTION0_0_R 1 2.254e+03 9.869e+01 1.062e+02
|    ( - 2.078e+03 1 0)
|    ( - 7.717e+01 1 0))
s>    ( QUESTION0_0_R 1 2.254e+03 9.869e+01 1.062e+02
s>        ( - 2.078e+03 1 0)
s>        ( - 7.717e+01 1 0))INFO: dtree.c(1315): Comp split 19
INFO: dtree.c(1439): stop. leaf nodes are specific
INFO: dtree.c(1478): Final simple tree
|( QUESTION0_4_R 1 4.926e+03 3.422e+02 2.199e+02
|    ( - 1.352e+03 1 0)
|    ( QUESTION0_1_R 1 3.231e+03 8.253e+01 1.510e+02
|        ( - 3.110e+03 1 0)
|        ( - 3.880e+01 1 0)))
s>    ( QUESTION0_4_R 1 4.926e+03 3.422e+02 2.199e+02
s>        ( - 1.352e+03 1 0)
s>        ( QUESTION0_1_R 1 3.231e+03 8.253e+01 1.510e+02
s>            ( - 3.110e+03 1 0)
s>            ( - 3.880e+01 1 0)))INFO: dtree.c(1439): stop. leaf nodes are specific
INFO: dtree.c(1478): Final simple tree
|( QUESTION0_10_R 1 5.988e+03 1.839e+02 2.646e+02
|    ( - 3.110e+02 1 0)
|    ( - 5.493e+03 2 0))
s>    ( QUESTION0_10_R 1 5.988e+03 1.839e+02 2.646e+02
s>        ( - 3.110e+02 1 0)
s>        ( - 5.493e+03 2 0))INFO: dtree.c(1315): Comp split 20
INFO: dtree.c(1439): stop. leaf nodes are specific
INFO: dtree.c(1478): Final simple tree
|( QUESTION0_0_R 1 2.984e+03 3.354e+02 1.326e+02
|    ( - 1.522e+03 2 0)
|    ( - 1.127e+03 2 0))
s>    ( QUESTION0_0_R 1 2.984e+03 3.354e+02 1.326e+02
s>        ( - 1.522e+03 2 0)
s>        ( - 1.127e+03 2 0))INFO: dtree.c(1315): Comp split 21
INFO: dtree.c(1439): stop. leaf nodes are specific
INFO: dtree.c(1478): Final simple tree
|( QUESTION0 -1 2.959e+03 3.176e+02 1.300e+02
|    ( QUESTION0_10_R 1 1.797e+03 2.316e+02 8.600e+01
|        ( QUESTION8 -1 5.094e+02 7.915e+01 3.100e+01
|            ( - 1.132e+02 1 0)
|            ( - 3.170e+02 1 0))
|        ( - 1.056e+03 2 0))
|    ( - 8.446e+02 4 0))
s>    ( QUESTION0 -1 2.959e+03 3.176e+02 1.300e+02
s>        ( QUESTION0_10_R 1 1.797e+03 2.316e+02 8.600e+01
s>            ( QUESTION8 -1 5.094e+02 7.915e+01 3.100e+01
s>                ( - 1.132e+02 1 0)
s>                ( - 3.170e+02 1 0))
s>            ( - 1.056e+03 2 0))
s>        ( - 8.446e+02 4 0))INFO: dtree.c(1439): stop. leaf nodes are specific
INFO: dtree.c(1478): Final simple tree
|( QUESTION2 -1 1.890e+03 1.760e+02 9.100e+01
|    ( - 1.469e+03 4 0)
|    ( QUESTION0_0_R 1 2.453e+02 6.510e+01 1.700e+01
|        ( - 9.973e+01 1 0)
|        ( QUESTION0_10_R 1 8.043e+01 2.555e+01 8.000e+00
|            ( - 7.619e+00 1 0)
|            ( - 4.726e+01 2 0))))
s>    ( QUESTION2 -1 1.890e+03 1.760e+02 9.100e+01
s>        ( - 1.469e+03 4 0)
s>        ( QUESTION0_0_R 1 2.453e+02 6.510e+01 1.700e+01
s>            ( - 9.973e+01 1 0)
s>            ( QUESTION0_10_R 1 8.043e+01 2.555e+01 8.000e+00
s>                ( - 7.619e+00 1 0)
s>                ( - 4.726e+01 2 0))))INFO: dtree.c(1315): Comp split 22
INFO: dtree.c(1439): stop. leaf nodes are specific
INFO: dtree.c(1478): Final simple tree
|( QUESTION0_3_R 1 1.083e+03 1.524e+02 5.481e+01
|    ( - 2.383e+02 1 0)
|    ( QUESTION0_0_R 1 6.927e+02 1.039e+02 3.881e+01
|        ( - 4.013e+02 1 0)
|        ( QUESTION0_15_R 1 1.875e+02 4.648e+01 1.400e+01
|            ( - 4.396e+01 1 0)
|            ( - 9.709e+01 2 0))))
s>    ( QUESTION0_3_R 1 1.083e+03 1.524e+02 5.481e+01
s>        ( - 2.383e+02 1 0)
s>        ( QUESTION0_0_R 1 6.927e+02 1.039e+02 3.881e+01
s>            ( - 4.013e+02 1 0)
s>            ( QUESTION0_15_R 1 1.875e+02 4.648e+01 1.400e+01
s>                ( - 4.396e+01 1 0)
s>                ( - 9.709e+01 2 0))))INFO: dtree.c(1439): stop. leaf nodes are specific
INFO: dtree.c(1478): Final simple tree
|( QUESTION2 1 1.039e+04 1.859e+01 4.494e+02
|    ( - 1.037e+04 1 0)
|    ( - 1.202e+00 1 0))
s>    ( QUESTION2 1 1.039e+04 1.859e+01 4.494e+02
s>        ( - 1.037e+04 1 0)
s>        ( - 1.202e+00 1 0))INFO: dtree.c(1315): Comp split 23
INFO: dtree.c(1315): Comp split 24
INFO: dtree.c(1439): stop. leaf nodes are specific
INFO: dtree.c(1478): Final simple tree
|( QUESTION2_11_L -1 1.819e+03 2.365e+02 8.894e+01
|    ( QUESTION0_0_R 1 1.102e+03 1.445e+02 5.894e+01
|        ( - 2.526e+02 1 0)
|        ( - 7.045e+02 1 0))
|    ( - 4.810e+02 1 0))
s>    ( QUESTION2_11_L -1 1.819e+03 2.365e+02 8.894e+01
s>        ( QUESTION0_0_R 1 1.102e+03 1.445e+02 5.894e+01
s>            ( - 2.526e+02 1 0)
s>            ( - 7.045e+02 1 0))
s>        ( - 4.810e+02 1 0))INFO: dtree.c(1439): stop. leaf nodes are specific
INFO: dtree.c(1478): Final simple tree
|( QUESTION11 -1 2.497e+03 2.789e+02 1.119e+02
|    ( QUESTION0_0_R 1 1.227e+03 1.597e+02 6.299e+01
|        ( - 6.379e+02 1 0)
|        ( - 4.289e+02 2 0))
|    ( QUESTION0_2_R 1 9.920e+02 1.537e+02 4.895e+01
|        ( QUESTION0_3_R 1 4.433e+02 8.079e+01 2.495e+01
|            ( - 2.513e+02 1 0)
|            ( - 1.112e+02 1 0))
|        ( QUESTION0_20_R 1 3.950e+02 7.294e+01 2.400e+01
|            ( - 2.475e+02 2 0)
|            ( QUESTION0_0_R 1 7.452e+01 1.786e+01 7.000e+00
|                ( - 5.496e+01 1 0)
|                ( - 1.699e+00 1 0)))))
s>    ( QUESTION11 -1 2.497e+03 2.789e+02 1.119e+02
s>        ( QUESTION0_0_R 1 1.227e+03 1.597e+02 6.299e+01
s>            ( - 6.379e+02 1 0)
s>            ( - 4.289e+02 2 0))
s>        ( QUESTION0_2_R 1 9.920e+02 1.537e+02 4.895e+01
s>            ( QUESTION0_3_R 1 4.433e+02 8.079e+01 2.495e+01
s>                ( - 2.513e+02 1 0)
s>                ( - 1.112e+02 1 0))
s>            ( QUESTION0_20_R 1 3.950e+02 7.294e+01 2.400e+01
s>                ( - 2.475e+02 2 0)
s>                ( QUESTION0_0_R 1 7.452e+01 1.786e+01 7.000e+00
s>                    ( - 5.496e+01 1 0)
s>                    ( - 1.699e+00 1 0)))))INFO: dtree.c(1315): Comp split 25
INFO: dtree.c(1439): stop. leaf nodes are specific
INFO: dtree.c(1478): Final simple tree
|( QUESTION8 -1 1.671e+03 1.923e+02 7.600e+01
|    ( - 2.722e+02 1 0)
|    ( QUESTION1 -1 1.206e+03 1.547e+02 5.800e+01
|        ( QUESTION0_3_R 1 8.651e+02 2.759e+01 4.400e+01
|            ( - 3.357e+00 1 0)
|            ( - 8.342e+02 1 0))
|        ( - 1.866e+02 1 0)))
s>    ( QUESTION8 -1 1.671e+03 1.923e+02 7.600e+01
s>        ( - 2.722e+02 1 0)
s>        ( QUESTION1 -1 1.206e+03 1.547e+02 5.800e+01
s>            ( QUESTION0_3_R 1 8.651e+02 2.759e+01 4.400e+01
s>                ( - 3.357e+00 1 0)
s>                ( - 8.342e+02 1 0))
s>            ( - 1.866e+02 1 0)))INFO: dtree.c(1439): stop. leaf nodes are specific
INFO: dtree.c(1478): Final simple tree
|( QUESTION0_3_R 1 2.156e+03 2.304e+02 9.931e+01
|    ( QUESTION2 -1 4.718e+02 9.444e+01 2.765e+01
|        ( - 2.003e+02 1 0)
|        ( - 1.770e+02 1 0))
|    ( - 1.454e+03 2 0))
s>    ( QUESTION0_3_R 1 2.156e+03 2.304e+02 9.931e+01
s>        ( QUESTION2 -1 4.718e+02 9.444e+01 2.765e+01
s>            ( - 2.003e+02 1 0)
s>            ( - 1.770e+02 1 0))
s>        ( - 1.454e+03 2 0))INFO: dtree.c(1315): Comp split 26
INFO: dtree.c(1439): stop. leaf nodes are specific
INFO: dtree.c(1478): Final simple tree
|( QUESTION11 -1 1.453e+03 1.893e+02 7.400e+01
|    ( - 8.779e+02 1 0)
|    ( QUESTION0_0_R 1 3.862e+02 4.389e+01 2.600e+01
|        ( - 3.295e+02 1 0)
|        ( - 1.279e+01 1 0)))
s>    ( QUESTION11 -1 1.453e+03 1.893e+02 7.400e+01
s>        ( - 8.779e+02 1 0)
s>        ( QUESTION0_0_R 1 3.862e+02 4.389e+01 2.600e+01
s>            ( - 3.295e+02 1 0)
s>            ( - 1.279e+01 1 0)))INFO: dtree.c(1315): Comp split 27
INFO: dtree.c(1315): Comp split 28
INFO: dtree.c(1315): Comp split 29
INFO: dtree.c(1439): stop. leaf nodes are specific
INFO: dtree.c(1478): Final simple tree
|( QUESTION0_10_R 1 8.627e+02 1.406e+02 4.700e+01
|    ( QUESTION1 -1 2.131e+02 4.163e+01 1.600e+01
|        ( - 1.558e+02 1 0)
|        ( - 1.568e+01 1 0))
|    ( QUESTION0_0_R 1 5.090e+02 9.295e+01 3.100e+01
|        ( - 1.898e+02 1 0)
|        ( - 2.263e+02 1 0)))
s>    ( QUESTION0_10_R 1 8.627e+02 1.406e+02 4.700e+01
s>        ( QUESTION1 -1 2.131e+02 4.163e+01 1.600e+01
s>            ( - 1.558e+02 1 0)
s>            ( - 1.568e+01 1 0))
s>        ( QUESTION0_0_R 1 5.090e+02 9.295e+01 3.100e+01
s>            ( - 1.898e+02 1 0)
s>            ( - 2.263e+02 1 0)))INFO: dtree.c(1315): Comp split 30
INFO: dtree.c(1315): Comp split 31
INFO: dtree.c(1439): stop. leaf nodes are specific
INFO: dtree.c(1478): Final simple tree
|( QUESTION0_1_R 1 3.231e+03 8.253e+01 1.510e+02
|    ( - 3.110e+03 1 0)
|    ( - 3.880e+01 1 0))
s>    ( QUESTION0_1_R 1 3.231e+03 8.253e+01 1.510e+02
s>        ( - 3.110e+03 1 0)
s>        ( - 3.880e+01 1 0))INFO: dtree.c(1315): Comp split 32
INFO: dtree.c(1315): Comp split 33
INFO: dtree.c(1439): stop. leaf nodes are specific
INFO: dtree.c(1478): Final simple tree
|( QUESTION0_10_R 1 1.570e+03 2.162e+02 7.500e+01
|    ( QUESTION8 -1 5.094e+02 7.915e+01 3.100e+01
|        ( - 1.132e+02 1 0)
|        ( - 3.170e+02 1 0))
|    ( - 8.446e+02 4 0))
s>    ( QUESTION0_10_R 1 1.570e+03 2.162e+02 7.500e+01
s>        ( QUESTION8 -1 5.094e+02 7.915e+01 3.100e+01
s>            ( - 1.132e+02 1 0)
s>            ( - 3.170e+02 1 0))
s>        ( - 8.446e+02 4 0))INFO: dtree.c(1315): Comp split 34
INFO: dtree.c(1439): stop. leaf nodes are specific
INFO: dtree.c(1478): Final simple tree
|( QUESTION2_0_L -1 5.268e+02 1.008e+02 3.309e+01
|    ( QUESTION0_1_R 1 2.797e+02 4.322e+01 2.089e+01
|        ( - 2.218e+02 1 0)
|        ( - 1.469e+01 1 0))
|    ( QUESTION0_1_R 1 1.463e+02 2.759e+01 1.220e+01
|        ( - 1.090e+02 1 0)
|        ( - 9.739e+00 1 0)))
s>    ( QUESTION2_0_L -1 5.268e+02 1.008e+02 3.309e+01
s>        ( QUESTION0_1_R 1 2.797e+02 4.322e+01 2.089e+01
s>            ( - 2.218e+02 1 0)
s>            ( - 1.469e+01 1 0))
s>        ( QUESTION0_1_R 1 1.463e+02 2.759e+01 1.220e+01
s>            ( - 1.090e+02 1 0)
s>            ( - 9.739e+00 1 0)))INFO: dtree.c(1315): Comp split 35
INFO: dtree.c(1439): stop. leaf nodes are specific
INFO: dtree.c(1478): Final simple tree
|( QUESTION0_20_R 1 1.255e+03 1.626e+02 6.399e+01
|    ( - 4.289e+02 2 0)
|    ( QUESTION0_0_R 1 6.638e+02 2.415e+01 3.800e+01
|        ( - 6.379e+02 1 0)
|        ( - 1.699e+00 1 0)))
s>    ( QUESTION0_20_R 1 1.255e+03 1.626e+02 6.399e+01
s>        ( - 4.289e+02 2 0)
s>        ( QUESTION0_0_R 1 6.638e+02 2.415e+01 3.800e+01
s>            ( - 6.379e+02 1 0)
s>            ( - 1.699e+00 1 0)))INFO: dtree.c(1439): stop. leaf nodes are specific
INFO: dtree.c(1478): Final simple tree
|( QUESTION0_2_R 1 9.618e+02 1.494e+02 4.795e+01
|    ( QUESTION0_3_R 1 4.433e+02 8.079e+01 2.495e+01
|        ( - 2.513e+02 1 0)
|        ( - 1.112e+02 1 0))
|    ( QUESTION0_0_R 1 3.691e+02 6.663e+01 2.300e+01
|        ( - 5.496e+01 1 0)
|        ( - 2.475e+02 2 0)))
s>    ( QUESTION0_2_R 1 9.618e+02 1.494e+02 4.795e+01
s>        ( QUESTION0_3_R 1 4.433e+02 8.079e+01 2.495e+01
s>            ( - 2.513e+02 1 0)
s>            ( - 1.112e+02 1 0))
s>        ( QUESTION0_0_R 1 3.691e+02 6.663e+01 2.300e+01
s>            ( - 5.496e+01 1 0)
s>            ( - 2.475e+02 2 0)))INFO: dtree.c(1315): Comp split 36
INFO: dtree.c(1315): Comp split 37
INFO: dtree.c(1315): Comp split 38
INFO: dtree.c(1439): stop. leaf nodes are specific
INFO: dtree.c(1478): Final simple tree
|( QUESTION8 -1 5.943e+02 1.117e+02 3.300e+01
|    ( - 2.722e+02 1 0)
|    ( QUESTION0_3_R 1 2.104e+02 2.044e+01 1.500e+01
|        ( - 3.357e+00 1 0)
|        ( - 1.866e+02 1 0)))
s>    ( QUESTION8 -1 5.943e+02 1.117e+02 3.300e+01
s>        ( - 2.722e+02 1 0)
s>        ( QUESTION0_3_R 1 2.104e+02 2.044e+01 1.500e+01
s>            ( - 3.357e+00 1 0)
s>            ( - 1.866e+02 1 0)))INFO: dtree.c(1315): Comp split 39
INFO: dtree.c(1439): stop. leaf nodes are specific
INFO: dtree.c(1478): Final simple tree
|( QUESTION0_0_R 1 1.102e+03 1.445e+02 5.894e+01
|    ( - 2.526e+02 1 0)
|    ( - 7.045e+02 1 0))
s>    ( QUESTION0_0_R 1 1.102e+03 1.445e+02 5.894e+01
s>        ( - 2.526e+02 1 0)
s>        ( - 7.045e+02 1 0))INFO: dtree.c(1315): Comp split 40
INFO: dtree.c(1439): stop. leaf nodes are specific
INFO: dtree.c(1478): Final simple tree
|( QUESTION2 -1 4.718e+02 9.444e+01 2.765e+01
|    ( - 2.003e+02 1 0)
|    ( - 1.770e+02 1 0))
s>    ( QUESTION2 -1 4.718e+02 9.444e+01 2.765e+01
s>        ( - 2.003e+02 1 0)
s>        ( - 1.770e+02 1 0))INFO: dtree.c(1315): Comp split 41
INFO: dtree.c(1439): stop. leaf nodes are specific
INFO: dtree.c(1478): Final simple tree
|( QUESTION8 -1 5.094e+02 7.915e+01 3.100e+01
|    ( - 1.132e+02 1 0)
|    ( - 3.170e+02 1 0))
s>    ( QUESTION8 -1 5.094e+02 7.915e+01 3.100e+01
s>        ( - 1.132e+02 1 0)
s>        ( - 3.170e+02 1 0))INFO: dtree.c(1315): Comp split 42
INFO: dtree.c(1439): stop. leaf nodes are specific
INFO: dtree.c(1478): Final simple tree
|( QUESTION0_0_R 1 3.862e+02 4.389e+01 2.600e+01
|    ( - 3.295e+02 1 0)
|    ( - 1.279e+01 1 0))
s>    ( QUESTION0_0_R 1 3.862e+02 4.389e+01 2.600e+01
s>        ( - 3.295e+02 1 0)
s>        ( - 1.279e+01 1 0))INFO: dtree.c(1315): Comp split 43
INFO: dtree.c(1315): Comp split 44
INFO: dtree.c(1439): stop. leaf nodes are specific
INFO: dtree.c(1478): Final simple tree
|( QUESTION0_0_R 1 2.453e+02 6.510e+01 1.700e+01
|    ( - 9.973e+01 1 0)
|    ( QUESTION0_10_R 1 8.043e+01 2.555e+01 8.000e+00
|        ( - 7.619e+00 1 0)
|        ( - 4.726e+01 2 0)))
s>    ( QUESTION0_0_R 1 2.453e+02 6.510e+01 1.700e+01
s>        ( - 9.973e+01 1 0)
s>        ( QUESTION0_10_R 1 8.043e+01 2.555e+01 8.000e+00
s>            ( - 7.619e+00 1 0)
s>            ( - 4.726e+01 2 0)))INFO: dtree.c(1315): Comp split 45
INFO: dtree.c(1439): stop. leaf nodes are specific
INFO: dtree.c(1478): Final simple tree
|( QUESTION0_0_R 1 6.638e+02 2.415e+01 3.800e+01
|    ( - 6.379e+02 1 0)
|    ( - 1.699e+00 1 0))
s>    ( QUESTION0_0_R 1 6.638e+02 2.415e+01 3.800e+01
s>        ( - 6.379e+02 1 0)
s>        ( - 1.699e+00 1 0))INFO: dtree.c(1315): Comp split 46
INFO: dtree.c(1439): stop. leaf nodes are specific
INFO: dtree.c(1478): Final simple tree
|( QUESTION0_0_R 1 5.047e+02 5.943e+01 2.981e+01
|    ( - 4.013e+02 1 0)
|    ( - 4.396e+01 1 0))
s>    ( QUESTION0_0_R 1 5.047e+02 5.943e+01 2.981e+01
s>        ( - 4.013e+02 1 0)
s>        ( - 4.396e+01 1 0))INFO: dtree.c(1439): stop. leaf nodes are specific
INFO: dtree.c(1478): Final simple tree
|( QUESTION0_0_R 1 4.188e+02 8.336e+01 2.500e+01
|    ( - 2.383e+02 1 0)
|    ( - 9.709e+01 2 0))
s>    ( QUESTION0_0_R 1 4.188e+02 8.336e+01 2.500e+01
s>        ( - 2.383e+02 1 0)
s>        ( - 9.709e+01 2 0))INFO: dtree.c(1315): Comp split 47
INFO: dtree.c(1439): stop. leaf nodes are specific
INFO: dtree.c(1478): Final simple tree
|( QUESTION0_0_R 1 3.691e+02 6.663e+01 2.300e+01
|    ( - 5.496e+01 1 0)
|    ( - 2.475e+02 2 0))
s>    ( QUESTION0_0_R 1 3.691e+02 6.663e+01 2.300e+01
s>        ( - 5.496e+01 1 0)
s>        ( - 2.475e+02 2 0))INFO: dtree.c(1439): stop. leaf nodes are specific
INFO: dtree.c(1478): Final simple tree
|( QUESTION0_3_R 1 4.433e+02 8.079e+01 2.495e+01
|    ( - 2.513e+02 1 0)
|    ( - 1.112e+02 1 0))
s>    ( QUESTION0_3_R 1 4.433e+02 8.079e+01 2.495e+01
s>        ( - 2.513e+02 1 0)
s>        ( - 1.112e+02 1 0))INFO: dtree.c(1315): Comp split 48
INFO: dtree.c(1315): Comp split 49
INFO: dtree.c(1439): stop. leaf nodes are specific
INFO: dtree.c(1478): Final simple tree
|( QUESTION0_0_R 1 5.090e+02 9.295e+01 3.100e+01
|    ( - 1.898e+02 1 0)
|    ( - 2.263e+02 1 0))
s>    ( QUESTION0_0_R 1 5.090e+02 9.295e+01 3.100e+01
s>        ( - 1.898e+02 1 0)
s>        ( - 2.263e+02 1 0))INFO: dtree.c(1439): stop. leaf nodes are specific
INFO: dtree.c(1478): Final simple tree
|( QUESTION1 -1 2.131e+02 4.163e+01 1.600e+01
|    ( - 1.558e+02 1 0)
|    ( - 1.568e+01 1 0))
s>    ( QUESTION1 -1 2.131e+02 4.163e+01 1.600e+01
s>        ( - 1.558e+02 1 0)
s>        ( - 1.568e+01 1 0))INFO: dtree.c(1315): Comp split 50
INFO: dtree.c(1439): stop. leaf nodes are specific
INFO: dtree.c(1478): Final simple tree
|( QUESTION0_3_R 1 2.104e+02 2.044e+01 1.500e+01
|    ( - 3.357e+00 1 0)
|    ( - 1.866e+02 1 0))
s>    ( QUESTION0_3_R 1 2.104e+02 2.044e+01 1.500e+01
s>        ( - 3.357e+00 1 0)
s>        ( - 1.866e+02 1 0))INFO: dtree.c(1315): Comp split 51
INFO: dtree.c(1439): stop. leaf nodes are specific
INFO: dtree.c(1478): Final simple tree
|( QUESTION0_1_R 1 1.463e+02 2.759e+01 1.220e+01
|    ( - 1.090e+02 1 0)
|    ( - 9.739e+00 1 0))
s>    ( QUESTION0_1_R 1 1.463e+02 2.759e+01 1.220e+01
s>        ( - 1.090e+02 1 0)
s>        ( - 9.739e+00 1 0))INFO: dtree.c(1439): stop. leaf nodes are specific
INFO: dtree.c(1478): Final simple tree
|( QUESTION0_1_R 1 2.797e+02 4.322e+01 2.089e+01
|    ( - 2.218e+02 1 0)
|    ( - 1.469e+01 1 0))
s>    ( QUESTION0_1_R 1 2.797e+02 4.322e+01 2.089e+01
s>        ( - 2.218e+02 1 0)
s>        ( - 1.469e+01 1 0))INFO: dtree.c(1315): Comp split 52
INFO: dtree.c(1315): Comp split 53
INFO: dtree.c(1315): Comp split 54
INFO: dtree.c(1315): Comp split 55
INFO: dtree.c(1315): Comp split 56
INFO: dtree.c(1315): Comp split 57
INFO: dtree.c(1315): Comp split 58
INFO: dtree.c(1315): Comp split 59
INFO: dtree.c(1315): Comp split 60
INFO: dtree.c(1439): stop. leaf nodes are specific
INFO: dtree.c(1478): Final simple tree
|( QUESTION0_10_R 1 8.043e+01 2.555e+01 8.000e+00
|    ( - 7.619e+00 1 0)
|    ( - 4.726e+01 2 0))
s>    ( QUESTION0_10_R 1 8.043e+01 2.555e+01 8.000e+00
s>        ( - 7.619e+00 1 0)
s>        ( - 4.726e+01 2 0))INFO: dtree.c(1315): Comp split 61
INFO: dtree.c(1315): Comp split 62
INFO: dtree.c(1315): Comp split 63
INFO: dtree.c(1315): Comp split 64
INFO: dtree.c(1315): Comp split 65
INFO: dtree.c(1315): Comp split 66
INFO: dtree.c(1315): Comp split 67
INFO: dtree.c(1315): Comp split 68
INFO: dtree.c(1315): Comp split 69
INFO: dtree.c(1315): Comp split 70
INFO: dtree.c(1318): stop. leaf nodes are specific
Fri Nov  2 10:06:24 2018
