Current configuration:
[NAME]		[DEFLT]	[VALUE]
-allphones	no	no
-cntthresh	0.00001	1.000000e-05
-csplitmax	100	2000
-csplitmin	1	1
-csplitthr	8e-4	0.000000e+00
-example	no	no
-fullvar	no	no
-help		no	no
-meanfn			
-mixwfn			/home/sdv/Documents/SDV/SDVoice/an4/model_parameters/an4.cd_semi_untied/mixture_weights
-moddeffn		/home/sdv/Documents/SDV/SDVoice/an4/model_architecture/an4.untied.mdef
-mwfloor	1e-4	1.000000e-08
-phone			AH
-psetfn			/home/sdv/Documents/SDV/SDVoice/an4/model_architecture/an4.tree_questions
-ssplitmax	5	7
-ssplitmin	1	1
-ssplitthr	8e-4	0.000000e+00
-state			2
-stwt			1.0,0.05,0.0,
-treefn			/home/sdv/Documents/SDV/SDVoice/an4/trees/an4.unpruned/AH-2.dtree
-ts2cbfn	.semi.	.semi.
-varfloor	0.00001	1.000000e-05
-varfn			

INFO: main.c(223): Reading: /home/sdv/Documents/SDV/SDVoice/an4/model_architecture/an4.untied.mdef
INFO: model_def_io.c(573): Model definition info:
INFO: model_def_io.c(574): 1618 total models defined (34 base, 1584 tri)
INFO: model_def_io.c(575): 6472 total states
INFO: model_def_io.c(576): 4854 total tied states
INFO: model_def_io.c(577): 102 total tied CI states
INFO: model_def_io.c(578): 34 total tied transition matrices
INFO: model_def_io.c(579): 4 max state/model
INFO: model_def_io.c(580): 4 min state/model
INFO: main.c(242): Building trees for [AH AH AY s] through [AH Z N i]
INFO: main.c(269): Covering states |[177 470]| == 294
INFO: main.c(275): Reading: /home/sdv/Documents/SDV/SDVoice/an4/model_parameters/an4.cd_semi_untied/mixture_weights
INFO: s3mixw_io.c(173): Read /home/sdv/Documents/SDV/SDVoice/an4/model_parameters/an4.cd_semi_untied/mixture_weights [294x4x256 array]
INFO: main.c(311): 98 of 98 models have observation count greater than 0.000010
INFO: main.c(95): nrm stwt: 0.000 0.048 0.952 
INFO: main.c(411): 98-class entropy: 7.570461e+04
INFO: main.c(549): Reading: /home/sdv/Documents/SDV/SDVoice/an4/model_architecture/an4.tree_questions
INFO: main.c(588): 176 total simple questions (168 phone; 8 word bndry)
INFO: main.c(590): 42 Left Only questions, and 42 Right Only questions
INFO: dtree.c(1478): Final simple tree
|( WDBNDRY_S 0 1.123e+05 6.828e+03 4.217e+03
|    ( QUESTION15 1 7.292e+04 1.391e+03 2.961e+03
|        ( QUESTION0_0_R 1 4.128e+04 9.447e+02 1.738e+03
|            ( - 1.471e+04 16 0 QUESTION14 -1 6.231e+02 6.477e+02)
|            ( - 2.562e+04 17 0 QUESTION2_9_L -1 7.950e+02 1.091e+03))
|        ( QUESTION0_20_R 1 3.025e+04 1.125e+03 1.223e+03
|            ( - 7.404e+03 8 0 QUESTION2_9_L -1 5.812e+02 3.129e+02)
|            ( - 2.173e+04 39 0 SILENCE 1 9.129e+02 9.098e+02)))
|    ( QUESTION7 1 3.258e+04 2.503e+03 1.256e+03
|        ( QUESTION0 -1 2.002e+04 1.256e+03 8.624e+02
|            ( - 8.748e+03 4 0 QUESTION2 -1 2.939e+02 3.868e+02)
|            ( - 1.002e+04 1 0))
|        ( QUESTION1 1 1.005e+04 1.071e+03 3.937e+02
|            ( - 5.598e+03 4 0 QUESTION4 -1 6.247e+02 2.330e+02)
|            ( - 3.380e+03 9 0 QUESTION0_1_R 1 3.425e+02 1.606e+02))))
s>    ( WDBNDRY_S 0 1.123e+05 6.828e+03 4.217e+03
s>        ( QUESTION15 1 7.292e+04 1.391e+03 2.961e+03
s>            ( QUESTION0_0_R 1 4.128e+04 9.447e+02 1.738e+03
s>                ( - 1.471e+04 16 0 QUESTION14 -1 6.231e+02 6.477e+02)
s>                ( - 2.562e+04 17 0 QUESTION2_9_L -1 7.950e+02 1.091e+03))
s>            ( QUESTION0_20_R 1 3.025e+04 1.125e+03 1.223e+03
s>                ( - 7.404e+03 8 0 QUESTION2_9_L -1 5.812e+02 3.129e+02)
s>                ( - 2.173e+04 39 0 SILENCE 1 9.129e+02 9.098e+02)))
s>        ( QUESTION7 1 3.258e+04 2.503e+03 1.256e+03
s>            ( QUESTION0 -1 2.002e+04 1.256e+03 8.624e+02
s>                ( - 8.748e+03 4 0 QUESTION2 -1 2.939e+02 3.868e+02)
s>                ( - 1.002e+04 1 0))
s>            ( QUESTION1 1 1.005e+04 1.071e+03 3.937e+02
s>                ( - 5.598e+03 4 0 QUESTION4 -1 6.247e+02 2.330e+02)
s>                ( - 3.380e+03 9 0 QUESTION0_1_R 1 3.425e+02 1.606e+02))))INFO: dtree.c(1315): Comp split 0
INFO: dtree.c(1478): Final simple tree
|( QUESTION7 1 3.258e+04 2.503e+03 1.256e+03
|    ( QUESTION0 -1 2.002e+04 1.256e+03 8.624e+02
|        ( QUESTION2 -1 8.748e+03 2.939e+02 3.868e+02
|            ( - 7.913e+03 1 0)
|            ( QUESTION1 -1 5.405e+02 1.045e+02 3.002e+01
|                ( - 1.785e+02 1 0)
|                ( - 2.575e+02 2 0 QUESTION11 -1 4.665e+01 1.700e+01)))
|        ( - 1.002e+04 1 0))
|    ( QUESTION1 1 1.005e+04 1.071e+03 3.937e+02
|        ( QUESTION4 -1 5.598e+03 6.247e+02 2.330e+02
|            ( - 3.642e+03 1 0)
|            ( - 1.332e+03 3 0 WDBNDRY_B 0 3.881e+01 8.335e+01))
|        ( QUESTION0_1_R 1 3.380e+03 3.425e+02 1.606e+02
|            ( - 2.529e+03 3 0 QUESTION4 -1 6.793e+01 1.306e+02)
|            ( - 5.088e+02 6 0 QUESTION14 -1 1.038e+02 3.000e+01))))
s>    ( QUESTION7 1 3.258e+04 2.503e+03 1.256e+03
s>        ( QUESTION0 -1 2.002e+04 1.256e+03 8.624e+02
s>            ( QUESTION2 -1 8.748e+03 2.939e+02 3.868e+02
s>                ( - 7.913e+03 1 0)
s>                ( QUESTION1 -1 5.405e+02 1.045e+02 3.002e+01
s>                    ( - 1.785e+02 1 0)
s>                    ( - 2.575e+02 2 0 QUESTION11 -1 4.665e+01 1.700e+01)))
s>            ( - 1.002e+04 1 0))
s>        ( QUESTION1 1 1.005e+04 1.071e+03 3.937e+02
s>            ( QUESTION4 -1 5.598e+03 6.247e+02 2.330e+02
s>                ( - 3.642e+03 1 0)
s>                ( - 1.332e+03 3 0 WDBNDRY_B 0 3.881e+01 8.335e+01))
s>            ( QUESTION0_1_R 1 3.380e+03 3.425e+02 1.606e+02
s>                ( - 2.529e+03 3 0 QUESTION4 -1 6.793e+01 1.306e+02)
s>                ( - 5.088e+02 6 0 QUESTION14 -1 1.038e+02 3.000e+01))))INFO: dtree.c(1478): Final simple tree
|( QUESTION15 1 7.292e+04 1.391e+03 2.961e+03
|    ( QUESTION0_0_R 1 4.128e+04 9.447e+02 1.738e+03
|        ( - 1.471e+04 16 0 QUESTION14 -1 6.231e+02 6.477e+02)
|        ( QUESTION2_9_L -1 2.562e+04 7.950e+02 1.091e+03
|            ( QUESTION1 -1 1.094e+04 6.877e+02 4.829e+02
|                ( - 6.015e+03 6 0 QUESTION2 -1 4.611e+02 2.870e+02)
|                ( - 4.232e+03 4 0 QUESTION0_12_R 1 3.897e+02 1.960e+02))
|            ( - 1.389e+04 7 0 QUESTION13 -1 6.121e+02 6.076e+02)))
|    ( QUESTION0_20_R 1 3.025e+04 1.125e+03 1.223e+03
|        ( - 7.404e+03 8 0 QUESTION2_9_L -1 5.812e+02 3.129e+02)
|        ( SILENCE 1 2.173e+04 9.129e+02 9.098e+02
|            ( - 3.723e+03 5 0 QUESTION0 -1 3.789e+02 1.723e+02)
|            ( QUESTION2_9_L -1 1.709e+04 7.304e+02 7.375e+02
|                ( - 6.568e+03 18 0 QUESTION1 1 4.571e+02 2.985e+02)
|                ( - 9.792e+03 16 0 QUESTION0_14_R 1 5.988e+02 4.390e+02)))))
s>    ( QUESTION15 1 7.292e+04 1.391e+03 2.961e+03
s>        ( QUESTION0_0_R 1 4.128e+04 9.447e+02 1.738e+03
s>            ( - 1.471e+04 16 0 QUESTION14 -1 6.231e+02 6.477e+02)
s>            ( QUESTION2_9_L -1 2.562e+04 7.950e+02 1.091e+03
s>                ( QUESTION1 -1 1.094e+04 6.877e+02 4.829e+02
s>                    ( - 6.015e+03 6 0 QUESTION2 -1 4.611e+02 2.870e+02)
s>                    ( - 4.232e+03 4 0 QUESTION0_12_R 1 3.897e+02 1.960e+02))
s>                ( - 1.389e+04 7 0 QUESTION13 -1 6.121e+02 6.076e+02)))
s>        ( QUESTION0_20_R 1 3.025e+04 1.125e+03 1.223e+03
s>            ( - 7.404e+03 8 0 QUESTION2_9_L -1 5.812e+02 3.129e+02)
s>            ( SILENCE 1 2.173e+04 9.129e+02 9.098e+02
s>                ( - 3.723e+03 5 0 QUESTION0 -1 3.789e+02 1.723e+02)
s>                ( QUESTION2_9_L -1 1.709e+04 7.304e+02 7.375e+02
s>                    ( - 6.568e+03 18 0 QUESTION1 1 4.571e+02 2.985e+02)
s>                    ( - 9.792e+03 16 0 QUESTION0_14_R 1 5.988e+02 4.390e+02)))))INFO: dtree.c(1315): Comp split 1
INFO: dtree.c(1478): Final simple tree
|( QUESTION1 1 1.005e+04 1.071e+03 3.937e+02
|    ( QUESTION4 -1 5.598e+03 6.247e+02 2.330e+02
|        ( - 3.642e+03 1 0)
|        ( WDBNDRY_B 0 1.332e+03 3.881e+01 8.335e+01
|            ( - 9.048e+00 2 0 QUESTION1 -1 8.381e+00 2.000e+00)
|            ( - 1.284e+03 1 0)))
|    ( QUESTION0_1_R 1 3.380e+03 3.425e+02 1.606e+02
|        ( QUESTION4 -1 2.529e+03 6.793e+01 1.306e+02
|            ( - 2.427e+03 1 0)
|            ( - 3.384e+01 2 0 QUESTION1 -1 1.315e+01 4.000e+00))
|        ( QUESTION14 -1 5.088e+02 1.038e+02 3.000e+01
|            ( - 1.922e+02 2 0 WDBNDRY_E 0 1.852e+01 1.500e+01)
|            ( QUESTION0_20_R 1 2.128e+02 5.683e+01 1.500e+01
|                ( - 7.124e+01 2 0 QUESTION0 -1 1.661e+01 7.000e+00)
|                ( - 8.472e+01 2 0 WDBNDRY_B 0 1.709e+01 8.000e+00)))))
s>    ( QUESTION1 1 1.005e+04 1.071e+03 3.937e+02
s>        ( QUESTION4 -1 5.598e+03 6.247e+02 2.330e+02
s>            ( - 3.642e+03 1 0)
s>            ( WDBNDRY_B 0 1.332e+03 3.881e+01 8.335e+01
s>                ( - 9.048e+00 2 0 QUESTION1 -1 8.381e+00 2.000e+00)
s>                ( - 1.284e+03 1 0)))
s>        ( QUESTION0_1_R 1 3.380e+03 3.425e+02 1.606e+02
s>            ( QUESTION4 -1 2.529e+03 6.793e+01 1.306e+02
s>                ( - 2.427e+03 1 0)
s>                ( - 3.384e+01 2 0 QUESTION1 -1 1.315e+01 4.000e+00))
s>            ( QUESTION14 -1 5.088e+02 1.038e+02 3.000e+01
s>                ( - 1.922e+02 2 0 WDBNDRY_E 0 1.852e+01 1.500e+01)
s>                ( QUESTION0_20_R 1 2.128e+02 5.683e+01 1.500e+01
s>                    ( - 7.124e+01 2 0 QUESTION0 -1 1.661e+01 7.000e+00)
s>                    ( - 8.472e+01 2 0 WDBNDRY_B 0 1.709e+01 8.000e+00)))))INFO: dtree.c(1439): stop. leaf nodes are specific
INFO: dtree.c(1478): Final simple tree
|( QUESTION0 -1 2.002e+04 1.256e+03 8.624e+02
|    ( QUESTION2 -1 8.748e+03 2.939e+02 3.868e+02
|        ( - 7.913e+03 1 0)
|        ( QUESTION1 -1 5.405e+02 1.045e+02 3.002e+01
|            ( - 1.785e+02 1 0)
|            ( QUESTION11 -1 2.575e+02 4.665e+01 1.700e+01
|                ( - 1.810e+02 1 0)
|                ( - 2.987e+01 1 0))))
|    ( - 1.002e+04 1 0))
s>    ( QUESTION0 -1 2.002e+04 1.256e+03 8.624e+02
s>        ( QUESTION2 -1 8.748e+03 2.939e+02 3.868e+02
s>            ( - 7.913e+03 1 0)
s>            ( QUESTION1 -1 5.405e+02 1.045e+02 3.002e+01
s>                ( - 1.785e+02 1 0)
s>                ( QUESTION11 -1 2.575e+02 4.665e+01 1.700e+01
s>                    ( - 1.810e+02 1 0)
s>                    ( - 2.987e+01 1 0))))
s>        ( - 1.002e+04 1 0))INFO: dtree.c(1315): Comp split 2
INFO: dtree.c(1478): Final simple tree
|( QUESTION15 1 5.949e+04 1.122e+03 2.476e+03
|    ( QUESTION0_0_R 1 4.128e+04 9.447e+02 1.738e+03
|        ( QUESTION14 -1 1.471e+04 6.231e+02 6.477e+02
|            ( - 5.758e+03 4 0 QUESTION0_5_R 1 3.754e+02 2.681e+02)
|            ( - 8.326e+03 12 0 QUESTION1 -1 4.892e+02 3.796e+02))
|        ( QUESTION2_9_L -1 2.562e+04 7.950e+02 1.091e+03
|            ( QUESTION1 -1 1.094e+04 6.877e+02 4.829e+02
|                ( - 6.015e+03 6 0 QUESTION2 -1 4.611e+02 2.870e+02)
|                ( - 4.232e+03 4 0 QUESTION0_12_R 1 3.897e+02 1.960e+02))
|            ( QUESTION13 -1 1.389e+04 6.121e+02 6.076e+02
|                ( - 9.098e+03 4 0 QUESTION14 -1 4.336e+02 4.123e+02)
|                ( - 4.184e+03 3 0 SILENCE -1 3.969e+02 1.953e+02))))
|    ( QUESTION2_9_L -1 1.709e+04 7.304e+02 7.375e+02
|        ( - 6.568e+03 18 0 QUESTION1 1 4.571e+02 2.985e+02)
|        ( - 9.792e+03 16 0 QUESTION0_14_R 1 5.988e+02 4.390e+02)))
s>    ( QUESTION15 1 5.949e+04 1.122e+03 2.476e+03
s>        ( QUESTION0_0_R 1 4.128e+04 9.447e+02 1.738e+03
s>            ( QUESTION14 -1 1.471e+04 6.231e+02 6.477e+02
s>                ( - 5.758e+03 4 0 QUESTION0_5_R 1 3.754e+02 2.681e+02)
s>                ( - 8.326e+03 12 0 QUESTION1 -1 4.892e+02 3.796e+02))
s>            ( QUESTION2_9_L -1 2.562e+04 7.950e+02 1.091e+03
s>                ( QUESTION1 -1 1.094e+04 6.877e+02 4.829e+02
s>                    ( - 6.015e+03 6 0 QUESTION2 -1 4.611e+02 2.870e+02)
s>                    ( - 4.232e+03 4 0 QUESTION0_12_R 1 3.897e+02 1.960e+02))
s>                ( QUESTION13 -1 1.389e+04 6.121e+02 6.076e+02
s>                    ( - 9.098e+03 4 0 QUESTION14 -1 4.336e+02 4.123e+02)
s>                    ( - 4.184e+03 3 0 SILENCE -1 3.969e+02 1.953e+02))))
s>        ( QUESTION2_9_L -1 1.709e+04 7.304e+02 7.375e+02
s>            ( - 6.568e+03 18 0 QUESTION1 1 4.571e+02 2.985e+02)
s>            ( - 9.792e+03 16 0 QUESTION0_14_R 1 5.988e+02 4.390e+02)))INFO: dtree.c(1478): Final simple tree
|( SILENCE 1 1.192e+04 7.950e+02 4.852e+02
|    ( QUESTION0 -1 3.723e+03 3.789e+02 1.723e+02
|        ( QUESTION2 -1 1.150e+03 1.364e+02 6.601e+01
|            ( - 1.406e+02 1 0)
|            ( - 8.730e+02 1 0))
|        ( QUESTION2_0_L -1 2.194e+03 2.564e+02 1.063e+02
|            ( - 7.854e+02 1 0)
|            ( QUESTION14 -1 1.152e+03 1.694e+02 6.030e+01
|                ( - 6.563e+02 1 0)
|                ( - 3.261e+02 1 0))))
|    ( QUESTION2_9_L -1 7.404e+03 5.812e+02 3.129e+02
|        ( QUESTION0 -1 3.965e+03 3.954e+02 1.829e+02
|            ( - 1.026e+03 4 0 QUESTION7 -1 8.757e+01 5.900e+01)
|            ( - 2.543e+03 2 0))
|        ( - 2.857e+03 2 0 QUESTION0 -1 4.883e+01 1.300e+02)))
s>    ( SILENCE 1 1.192e+04 7.950e+02 4.852e+02
s>        ( QUESTION0 -1 3.723e+03 3.789e+02 1.723e+02
s>            ( QUESTION2 -1 1.150e+03 1.364e+02 6.601e+01
s>                ( - 1.406e+02 1 0)
s>                ( - 8.730e+02 1 0))
s>            ( QUESTION2_0_L -1 2.194e+03 2.564e+02 1.063e+02
s>                ( - 7.854e+02 1 0)
s>                ( QUESTION14 -1 1.152e+03 1.694e+02 6.030e+01
s>                    ( - 6.563e+02 1 0)
s>                    ( - 3.261e+02 1 0))))
s>        ( QUESTION2_9_L -1 7.404e+03 5.812e+02 3.129e+02
s>            ( QUESTION0 -1 3.965e+03 3.954e+02 1.829e+02
s>                ( - 1.026e+03 4 0 QUESTION7 -1 8.757e+01 5.900e+01)
s>                ( - 2.543e+03 2 0))
s>            ( - 2.857e+03 2 0 QUESTION0 -1 4.883e+01 1.300e+02)))INFO: dtree.c(1315): Comp split 3
INFO: dtree.c(1439): stop. leaf nodes are specific
INFO: dtree.c(1478): Final simple tree
|( QUESTION2 -1 8.748e+03 2.939e+02 3.868e+02
|    ( - 7.913e+03 1 0)
|    ( QUESTION1 -1 5.405e+02 1.045e+02 3.002e+01
|        ( - 1.785e+02 1 0)
|        ( QUESTION11 -1 2.575e+02 4.665e+01 1.700e+01
|            ( - 1.810e+02 1 0)
|            ( - 2.987e+01 1 0))))
s>    ( QUESTION2 -1 8.748e+03 2.939e+02 3.868e+02
s>        ( - 7.913e+03 1 0)
s>        ( QUESTION1 -1 5.405e+02 1.045e+02 3.002e+01
s>            ( - 1.785e+02 1 0)
s>            ( QUESTION11 -1 2.575e+02 4.665e+01 1.700e+01
s>                ( - 1.810e+02 1 0)
s>                ( - 2.987e+01 1 0))))INFO: dtree.c(1315): Comp split 4
INFO: dtree.c(1478): Final simple tree
|( QUESTION2_9_L -1 2.209e+04 8.604e+02 9.335e+02
|    ( QUESTION15 1 1.144e+04 6.374e+02 4.945e+02
|        ( QUESTION0_12_R 1 4.232e+03 3.897e+02 1.960e+02
|            ( - 6.064e+02 1 0)
|            ( - 3.236e+03 3 0 QUESTION0 -1 3.127e+02 1.580e+02))
|        ( QUESTION1 1 6.568e+03 4.571e+02 2.985e+02
|            ( - 2.618e+03 6 0 QUESTION1 -1 2.768e+02 1.335e+02)
|            ( - 3.494e+03 12 0 QUESTION7 -1 3.081e+02 1.651e+02)))
|    ( QUESTION0_14_R 1 9.792e+03 5.988e+02 4.390e+02
|        ( QUESTION13 -1 5.607e+03 4.059e+02 2.681e+02
|            ( - 3.477e+03 6 0 QUESTION0_15_R 1 3.205e+02 1.791e+02)
|            ( - 1.724e+03 4 0 QUESTION0_18_R 1 2.408e+02 8.902e+01))
|        ( QUESTION0_3_R 1 3.586e+03 3.498e+02 1.709e+02
|            ( - 2.034e+03 2 0 SILENCE -1 2.236e+02 1.059e+02)
|            ( - 1.202e+03 4 0 QUESTION0_8_R 1 2.008e+02 6.498e+01))))
s>    ( QUESTION2_9_L -1 2.209e+04 8.604e+02 9.335e+02
s>        ( QUESTION15 1 1.144e+04 6.374e+02 4.945e+02
s>            ( QUESTION0_12_R 1 4.232e+03 3.897e+02 1.960e+02
s>                ( - 6.064e+02 1 0)
s>                ( - 3.236e+03 3 0 QUESTION0 -1 3.127e+02 1.580e+02))
s>            ( QUESTION1 1 6.568e+03 4.571e+02 2.985e+02
s>                ( - 2.618e+03 6 0 QUESTION1 -1 2.768e+02 1.335e+02)
s>                ( - 3.494e+03 12 0 QUESTION7 -1 3.081e+02 1.651e+02)))
s>        ( QUESTION0_14_R 1 9.792e+03 5.988e+02 4.390e+02
s>            ( QUESTION13 -1 5.607e+03 4.059e+02 2.681e+02
s>                ( - 3.477e+03 6 0 QUESTION0_15_R 1 3.205e+02 1.791e+02)
s>                ( - 1.724e+03 4 0 QUESTION0_18_R 1 2.408e+02 8.902e+01))
s>            ( QUESTION0_3_R 1 3.586e+03 3.498e+02 1.709e+02
s>                ( - 2.034e+03 2 0 SILENCE -1 2.236e+02 1.059e+02)
s>                ( - 1.202e+03 4 0 QUESTION0_8_R 1 2.008e+02 6.498e+01))))INFO: dtree.c(1478): Final simple tree
|( QUESTION0_0_R 1 3.622e+04 9.055e+02 1.542e+03
|    ( QUESTION14 -1 1.471e+04 6.231e+02 6.477e+02
|        ( - 5.758e+03 4 0 QUESTION0_5_R 1 3.754e+02 2.681e+02)
|        ( QUESTION1 -1 8.326e+03 4.892e+02 3.796e+02
|            ( - 3.977e+03 4 0 QUESTION2 -1 3.437e+02 1.976e+02)
|            ( - 3.860e+03 8 0 QUESTION2_7_L -1 3.814e+02 1.820e+02)))
|    ( QUESTION0 -1 2.061e+04 7.312e+02 8.946e+02
|        ( QUESTION7 -1 7.387e+03 5.419e+02 3.390e+02
|            ( - 2.942e+03 3 0 QUESTION8 -1 3.147e+02 1.470e+02)
|            ( - 3.903e+03 4 0 QUESTION1 -1 4.061e+02 1.920e+02))
|        ( SILENCE -1 1.249e+04 4.899e+02 5.556e+02
|            ( - 2.902e+03 2 0 QUESTION0_12_R 1 2.284e+02 1.433e+02)
|            ( QUESTION14 -1 9.098e+03 4.336e+02 4.123e+02
|                ( - 7.186e+03 2 0)
|                ( - 1.478e+03 2 0 QUESTION16 -1 2.127e+02 8.297e+01)))))
s>    ( QUESTION0_0_R 1 3.622e+04 9.055e+02 1.542e+03
s>        ( QUESTION14 -1 1.471e+04 6.231e+02 6.477e+02
s>            ( - 5.758e+03 4 0 QUESTION0_5_R 1 3.754e+02 2.681e+02)
s>            ( QUESTION1 -1 8.326e+03 4.892e+02 3.796e+02
s>                ( - 3.977e+03 4 0 QUESTION2 -1 3.437e+02 1.976e+02)
s>                ( - 3.860e+03 8 0 QUESTION2_7_L -1 3.814e+02 1.820e+02)))
s>        ( QUESTION0 -1 2.061e+04 7.312e+02 8.946e+02
s>            ( QUESTION7 -1 7.387e+03 5.419e+02 3.390e+02
s>                ( - 2.942e+03 3 0 QUESTION8 -1 3.147e+02 1.470e+02)
s>                ( - 3.903e+03 4 0 QUESTION1 -1 4.061e+02 1.920e+02))
s>            ( SILENCE -1 1.249e+04 4.899e+02 5.556e+02
s>                ( - 2.902e+03 2 0 QUESTION0_12_R 1 2.284e+02 1.433e+02)
s>                ( QUESTION14 -1 9.098e+03 4.336e+02 4.123e+02
s>                    ( - 7.186e+03 2 0)
s>                    ( - 1.478e+03 2 0 QUESTION16 -1 2.127e+02 8.297e+01)))))INFO: dtree.c(1315): Comp split 5
INFO: dtree.c(1478): Final simple tree
|( QUESTION0_1_R 1 3.380e+03 3.425e+02 1.606e+02
|    ( QUESTION4 -1 2.529e+03 6.793e+01 1.306e+02
|        ( - 2.427e+03 1 0)
|        ( - 3.384e+01 2 0 QUESTION1 -1 1.315e+01 4.000e+00))
|    ( QUESTION14 -1 5.088e+02 1.038e+02 3.000e+01
|        ( WDBNDRY_E 0 1.922e+02 1.852e+01 1.500e+01
|            ( - 2.857e-01 1 0)
|            ( - 1.734e+02 1 0))
|        ( QUESTION0_20_R 1 2.128e+02 5.683e+01 1.500e+01
|            ( QUESTION0 -1 7.124e+01 1.661e+01 7.000e+00
|                ( - 0.000e+00 1 0)
|                ( - 5.464e+01 1 0))
|            ( WDBNDRY_B 0 8.472e+01 1.709e+01 8.000e+00
|                ( - 0.000e+00 1 0)
|                ( - 6.762e+01 1 0)))))
s>    ( QUESTION0_1_R 1 3.380e+03 3.425e+02 1.606e+02
s>        ( QUESTION4 -1 2.529e+03 6.793e+01 1.306e+02
s>            ( - 2.427e+03 1 0)
s>            ( - 3.384e+01 2 0 QUESTION1 -1 1.315e+01 4.000e+00))
s>        ( QUESTION14 -1 5.088e+02 1.038e+02 3.000e+01
s>            ( WDBNDRY_E 0 1.922e+02 1.852e+01 1.500e+01
s>                ( - 2.857e-01 1 0)
s>                ( - 1.734e+02 1 0))
s>            ( QUESTION0_20_R 1 2.128e+02 5.683e+01 1.500e+01
s>                ( QUESTION0 -1 7.124e+01 1.661e+01 7.000e+00
s>                    ( - 0.000e+00 1 0)
s>                    ( - 5.464e+01 1 0))
s>                ( WDBNDRY_B 0 8.472e+01 1.709e+01 8.000e+00
s>                    ( - 0.000e+00 1 0)
s>                    ( - 6.762e+01 1 0)))))INFO: dtree.c(1439): stop. leaf nodes are specific
INFO: dtree.c(1478): Final simple tree
|( QUESTION4 -1 5.598e+03 6.247e+02 2.330e+02
|    ( - 3.642e+03 1 0)
|    ( WDBNDRY_B 0 1.332e+03 3.881e+01 8.335e+01
|        ( QUESTION1 -1 9.048e+00 8.381e+00 2.000e+00
|            ( - 3.810e-01 1 0)
|            ( - 2.857e-01 1 0))
|        ( - 1.284e+03 1 0)))
s>    ( QUESTION4 -1 5.598e+03 6.247e+02 2.330e+02
s>        ( - 3.642e+03 1 0)
s>        ( WDBNDRY_B 0 1.332e+03 3.881e+01 8.335e+01
s>            ( QUESTION1 -1 9.048e+00 8.381e+00 2.000e+00
s>                ( - 3.810e-01 1 0)
s>                ( - 2.857e-01 1 0))
s>            ( - 1.284e+03 1 0)))INFO: dtree.c(1315): Comp split 6
INFO: dtree.c(1478): Final simple tree
|( QUESTION2_9_L -1 1.855e+04 6.991e+02 8.016e+02
|    ( QUESTION0_0_R 1 5.287e+03 3.951e+02 2.459e+02
|        ( - 1.949e+03 3 0 QUESTION0 -1 1.458e+02 9.893e+01)
|        ( QUESTION8 -1 2.942e+03 3.147e+02 1.470e+02
|            ( - 1.194e+03 1 0)
|            ( - 1.433e+03 2 0 QUESTION0_12_R 1 1.390e+02 8.102e+01)))
|    ( QUESTION0_13_R 1 1.256e+04 5.721e+02 5.557e+02
|        ( SILENCE -1 1.008e+04 4.291e+02 4.556e+02
|            ( - 2.463e+03 1 0)
|            ( - 7.186e+03 2 0))
|        ( SILENCE -1 1.912e+03 2.377e+02 1.000e+02
|            ( - 8.350e+02 3 0 QUESTION0_8_R 1 1.587e+02 4.900e+01)
|            ( QUESTION0_5_R 1 8.397e+02 1.606e+02 5.105e+01
|                ( - 3.028e+02 1 0)
|                ( - 3.763e+02 2 0 QUESTION0_1_R 1 5.369e+01 2.605e+01)))))
s>    ( QUESTION2_9_L -1 1.855e+04 6.991e+02 8.016e+02
s>        ( QUESTION0_0_R 1 5.287e+03 3.951e+02 2.459e+02
s>            ( - 1.949e+03 3 0 QUESTION0 -1 1.458e+02 9.893e+01)
s>            ( QUESTION8 -1 2.942e+03 3.147e+02 1.470e+02
s>                ( - 1.194e+03 1 0)
s>                ( - 1.433e+03 2 0 QUESTION0_12_R 1 1.390e+02 8.102e+01)))
s>        ( QUESTION0_13_R 1 1.256e+04 5.721e+02 5.557e+02
s>            ( SILENCE -1 1.008e+04 4.291e+02 4.556e+02
s>                ( - 2.463e+03 1 0)
s>                ( - 7.186e+03 2 0))
s>            ( SILENCE -1 1.912e+03 2.377e+02 1.000e+02
s>                ( - 8.350e+02 3 0 QUESTION0_8_R 1 1.587e+02 4.900e+01)
s>                ( QUESTION0_5_R 1 8.397e+02 1.606e+02 5.105e+01
s>                    ( - 3.028e+02 1 0)
s>                    ( - 3.763e+02 2 0 QUESTION0_1_R 1 5.369e+01 2.605e+01)))))INFO: dtree.c(1478): Final simple tree
|( QUESTION1 -1 1.669e+04 7.043e+02 7.406e+02
|    ( QUESTION0_5_R 1 7.004e+03 4.195e+02 3.376e+02
|        ( QUESTION2 -1 3.625e+03 3.046e+02 1.836e+02
|            ( - 1.081e+03 1 0)
|            ( - 2.239e+03 1 0))
|        ( QUESTION0_13_R 1 2.960e+03 2.264e+02 1.540e+02
|            ( - 2.391e+03 2 0)
|            ( - 3.422e+02 3 0 QUESTION0_8_R 1 7.957e+01 2.400e+01)))
|    ( QUESTION0_1_R 1 8.987e+03 5.453e+02 4.031e+02
|        ( QUESTION0_5_R 1 5.181e+03 2.221e+02 2.452e+02
|            ( - 4.707e+03 2 0)
|            ( - 2.526e+02 1 0))
|        ( QUESTION15 -1 3.260e+03 3.974e+02 1.578e+02
|            ( - 1.478e+03 2 0 QUESTION16 -1 2.127e+02 8.297e+01)
|            ( - 1.385e+03 2 0 QUESTION0_0_R 1 2.012e+02 7.486e+01))))
s>    ( QUESTION1 -1 1.669e+04 7.043e+02 7.406e+02
s>        ( QUESTION0_5_R 1 7.004e+03 4.195e+02 3.376e+02
s>            ( QUESTION2 -1 3.625e+03 3.046e+02 1.836e+02
s>                ( - 1.081e+03 1 0)
s>                ( - 2.239e+03 1 0))
s>            ( QUESTION0_13_R 1 2.960e+03 2.264e+02 1.540e+02
s>                ( - 2.391e+03 2 0)
s>                ( - 3.422e+02 3 0 QUESTION0_8_R 1 7.957e+01 2.400e+01)))
s>        ( QUESTION0_1_R 1 8.987e+03 5.453e+02 4.031e+02
s>            ( QUESTION0_5_R 1 5.181e+03 2.221e+02 2.452e+02
s>                ( - 4.707e+03 2 0)
s>                ( - 2.526e+02 1 0))
s>            ( QUESTION15 -1 3.260e+03 3.974e+02 1.578e+02
s>                ( - 1.478e+03 2 0 QUESTION16 -1 2.127e+02 8.297e+01)
s>                ( - 1.385e+03 2 0 QUESTION0_0_R 1 2.012e+02 7.486e+01))))INFO: dtree.c(1315): Comp split 7
INFO: dtree.c(1478): Final simple tree
|( QUESTION0_11_R 1 1.198e+04 6.051e+02 5.215e+02
|    ( QUESTION15 -1 3.946e+03 3.791e+02 1.850e+02
|        ( - 1.756e+03 2 0)
|        ( QUESTION0_12_R 1 1.811e+03 2.190e+02 9.296e+01
|            ( - 4.247e+02 3 0 QUESTION0 -1 1.021e+02 2.700e+01)
|            ( - 1.167e+03 1 0)))
|    ( QUESTION1 -1 7.424e+03 4.832e+02 3.365e+02
|        ( QUESTION2 -1 3.726e+03 3.181e+02 1.789e+02
|            ( QUESTION0_15_R 1 1.745e+03 2.492e+02 8.896e+01
|                ( - 6.148e+02 2 0)
|                ( - 8.805e+02 4 0 QUESTION0_17_R 1 1.644e+02 4.800e+01))
|            ( - 1.663e+03 5 0 QUESTION8 -1 2.144e+02 8.996e+01))
|        ( QUESTION15 -1 3.215e+03 3.258e+02 1.576e+02
|            ( - 1.078e+03 3 0 QUESTION0_15_R 1 1.540e+02 6.216e+01)
|            ( - 1.812e+03 5 0 QUESTION0 -1 2.073e+02 9.543e+01))))
s>    ( QUESTION0_11_R 1 1.198e+04 6.051e+02 5.215e+02
s>        ( QUESTION15 -1 3.946e+03 3.791e+02 1.850e+02
s>            ( - 1.756e+03 2 0)
s>            ( QUESTION0_12_R 1 1.811e+03 2.190e+02 9.296e+01
s>                ( - 4.247e+02 3 0 QUESTION0 -1 1.021e+02 2.700e+01)
s>                ( - 1.167e+03 1 0)))
s>        ( QUESTION1 -1 7.424e+03 4.832e+02 3.365e+02
s>            ( QUESTION2 -1 3.726e+03 3.181e+02 1.789e+02
s>                ( QUESTION0_15_R 1 1.745e+03 2.492e+02 8.896e+01
s>                    ( - 6.148e+02 2 0)
s>                    ( - 8.805e+02 4 0 QUESTION0_17_R 1 1.644e+02 4.800e+01))
s>                ( - 1.663e+03 5 0 QUESTION8 -1 2.144e+02 8.996e+01))
s>            ( QUESTION15 -1 3.215e+03 3.258e+02 1.576e+02
s>                ( - 1.078e+03 3 0 QUESTION0_15_R 1 1.540e+02 6.216e+01)
s>                ( - 1.812e+03 5 0 QUESTION0 -1 2.073e+02 9.543e+01))))INFO: dtree.c(1478): Final simple tree
|( QUESTION0_14_R 1 9.226e+03 6.261e+02 4.120e+02
|    ( QUESTION13 -1 5.607e+03 4.059e+02 2.681e+02
|        ( QUESTION0_15_R 1 3.477e+03 3.205e+02 1.791e+02
|            ( - 1.062e+03 2 0)
|            ( QUESTION0_17_R 1 2.094e+03 2.314e+02 1.161e+02
|                ( - 1.288e+03 2 0 QUESTION0_18_R 1 1.398e+02 7.910e+01)
|                ( - 5.749e+02 2 0)))
|        ( QUESTION0_18_R 1 1.724e+03 2.408e+02 8.902e+01
|            ( - 7.744e+02 1 0)
|            ( - 7.087e+02 3 0 QUESTION11 -1 1.318e+02 4.300e+01)))
|    ( QUESTION14 -1 2.993e+03 4.004e+02 1.439e+02
|        ( - 1.606e+03 1 0)
|        ( SILENCE -1 9.864e+02 1.756e+02 5.600e+01
|            ( - 2.043e+02 1 0)
|            ( - 6.064e+02 1 0))))
s>    ( QUESTION0_14_R 1 9.226e+03 6.261e+02 4.120e+02
s>        ( QUESTION13 -1 5.607e+03 4.059e+02 2.681e+02
s>            ( QUESTION0_15_R 1 3.477e+03 3.205e+02 1.791e+02
s>                ( - 1.062e+03 2 0)
s>                ( QUESTION0_17_R 1 2.094e+03 2.314e+02 1.161e+02
s>                    ( - 1.288e+03 2 0 QUESTION0_18_R 1 1.398e+02 7.910e+01)
s>                    ( - 5.749e+02 2 0)))
s>            ( QUESTION0_18_R 1 1.724e+03 2.408e+02 8.902e+01
s>                ( - 7.744e+02 1 0)
s>                ( - 7.087e+02 3 0 QUESTION11 -1 1.318e+02 4.300e+01)))
s>        ( QUESTION14 -1 2.993e+03 4.004e+02 1.439e+02
s>            ( - 1.606e+03 1 0)
s>            ( SILENCE -1 9.864e+02 1.756e+02 5.600e+01
s>                ( - 2.043e+02 1 0)
s>                ( - 6.064e+02 1 0))))INFO: dtree.c(1315): Comp split 8
INFO: dtree.c(1478): Final simple tree
|( QUESTION0 -1 5.174e+03 4.650e+02 2.313e+02
|    ( SILENCE 1 2.516e+03 3.393e+02 1.250e+02
|        ( QUESTION2 -1 1.150e+03 1.364e+02 6.601e+01
|            ( - 1.406e+02 1 0)
|            ( - 8.730e+02 1 0))
|        ( QUESTION7 -1 1.026e+03 8.757e+01 5.900e+01
|            ( - 8.824e+02 2 0)
|            ( QUESTION1 -1 5.638e+01 2.162e+01 6.000e+00
|                ( - 2.686e+01 1 0)
|                ( - 7.905e+00 1 0))))
|    ( QUESTION2_0_L -1 2.194e+03 2.564e+02 1.063e+02
|        ( - 7.854e+02 1 0)
|        ( QUESTION14 -1 1.152e+03 1.694e+02 6.030e+01
|            ( - 6.563e+02 1 0)
|            ( - 3.261e+02 1 0))))
s>    ( QUESTION0 -1 5.174e+03 4.650e+02 2.313e+02
s>        ( SILENCE 1 2.516e+03 3.393e+02 1.250e+02
s>            ( QUESTION2 -1 1.150e+03 1.364e+02 6.601e+01
s>                ( - 1.406e+02 1 0)
s>                ( - 8.730e+02 1 0))
s>            ( QUESTION7 -1 1.026e+03 8.757e+01 5.900e+01
s>                ( - 8.824e+02 2 0)
s>                ( QUESTION1 -1 5.638e+01 2.162e+01 6.000e+00
s>                    ( - 2.686e+01 1 0)
s>                    ( - 7.905e+00 1 0))))
s>        ( QUESTION2_0_L -1 2.194e+03 2.564e+02 1.063e+02
s>            ( - 7.854e+02 1 0)
s>            ( QUESTION14 -1 1.152e+03 1.694e+02 6.030e+01
s>                ( - 6.563e+02 1 0)
s>                ( - 3.261e+02 1 0))))INFO: dtree.c(1439): stop. leaf nodes are specific
INFO: dtree.c(1478): Final simple tree
|( QUESTION15 -1 5.914e+03 5.131e+02 2.539e+02
|    ( - 2.543e+03 2 0)
|    ( QUESTION0 -1 2.857e+03 4.883e+01 1.300e+02
|        ( - 8.525e+00 1 0)
|        ( - 2.800e+03 1 0)))
s>    ( QUESTION15 -1 5.914e+03 5.131e+02 2.539e+02
s>        ( - 2.543e+03 2 0)
s>        ( QUESTION0 -1 2.857e+03 4.883e+01 1.300e+02
s>            ( - 8.525e+00 1 0)
s>            ( - 2.800e+03 1 0)))INFO: dtree.c(1315): Comp split 9
INFO: dtree.c(1439): stop. leaf nodes are specific
INFO: dtree.c(1478): Final simple tree
|( QUESTION0_0_R 1 2.399e+03 3.314e+02 1.179e+02
|    ( QUESTION0_1_R 1 9.624e+02 1.577e+02 5.587e+01
|        ( QUESTION0 -1 3.225e+02 4.887e+01 2.200e+01
|            ( - 2.102e+01 1 0)
|            ( - 2.526e+02 1 0))
|        ( QUESTION0 -1 4.822e+02 8.812e+01 3.386e+01
|            ( - 9.538e+01 1 0)
|            ( - 2.987e+02 1 0)))
|    ( QUESTION0_12_R 1 1.105e+03 1.146e+02 6.200e+01
|        ( - 1.053e+02 1 0)
|        ( - 8.852e+02 1 0)))
s>    ( QUESTION0_0_R 1 2.399e+03 3.314e+02 1.179e+02
s>        ( QUESTION0_1_R 1 9.624e+02 1.577e+02 5.587e+01
s>            ( QUESTION0 -1 3.225e+02 4.887e+01 2.200e+01
s>                ( - 2.102e+01 1 0)
s>                ( - 2.526e+02 1 0))
s>            ( QUESTION0 -1 4.822e+02 8.812e+01 3.386e+01
s>                ( - 9.538e+01 1 0)
s>                ( - 2.987e+02 1 0)))
s>        ( QUESTION0_12_R 1 1.105e+03 1.146e+02 6.200e+01
s>            ( - 1.053e+02 1 0)
s>            ( - 8.852e+02 1 0)))INFO: dtree.c(1439): stop. leaf nodes are specific
INFO: dtree.c(1478): Final simple tree
|( QUESTION0 -1 1.355e+04 5.997e+02 6.228e+02
|    ( QUESTION2 -1 6.397e+03 3.994e+02 3.136e+02
|        ( QUESTION0_0_R 1 3.759e+03 2.867e+02 1.931e+02
|            ( - 1.081e+03 1 0)
|            ( - 2.391e+03 2 0))
|        ( - 2.239e+03 1 0))
|    ( QUESTION0_0_R 1 6.556e+03 3.721e+02 3.092e+02
|        ( - 4.707e+03 2 0)
|        ( QUESTION16 -1 1.478e+03 2.127e+02 8.297e+01
|            ( - 8.222e+02 1 0)
|            ( - 4.428e+02 1 0))))
s>    ( QUESTION0 -1 1.355e+04 5.997e+02 6.228e+02
s>        ( QUESTION2 -1 6.397e+03 3.994e+02 3.136e+02
s>            ( QUESTION0_0_R 1 3.759e+03 2.867e+02 1.931e+02
s>                ( - 1.081e+03 1 0)
s>                ( - 2.391e+03 2 0))
s>            ( - 2.239e+03 1 0))
s>        ( QUESTION0_0_R 1 6.556e+03 3.721e+02 3.092e+02
s>            ( - 4.707e+03 2 0)
s>            ( QUESTION16 -1 1.478e+03 2.127e+02 8.297e+01
s>                ( - 8.222e+02 1 0)
s>                ( - 4.428e+02 1 0))))INFO: dtree.c(1315): Comp split 10
INFO: dtree.c(1439): stop. leaf nodes are specific
INFO: dtree.c(1478): Final simple tree
|( SILENCE -1 1.008e+04 4.291e+02 4.556e+02
|    ( - 2.463e+03 1 0)
|    ( - 7.186e+03 2 0))
s>    ( SILENCE -1 1.008e+04 4.291e+02 4.556e+02
s>        ( - 2.463e+03 1 0)
s>        ( - 7.186e+03 2 0))INFO: dtree.c(1478): Final simple tree
|( QUESTION2_7_L -1 7.741e+03 5.422e+02 3.460e+02
|    ( QUESTION0_0_R 1 5.287e+03 3.951e+02 2.459e+02
|        ( QUESTION0 -1 1.949e+03 1.458e+02 9.893e+01
|            ( - 1.702e+03 2 0 QUESTION0_1_R 1 3.315e+01 8.993e+01)
|            ( - 1.021e+02 1 0))
|        ( QUESTION8 -1 2.942e+03 3.147e+02 1.470e+02
|            ( - 1.194e+03 1 0)
|            ( - 1.433e+03 2 0 QUESTION0_12_R 1 1.390e+02 8.102e+01)))
|    ( SILENCE -1 1.912e+03 2.377e+02 1.000e+02
|        ( QUESTION0_8_R 1 8.350e+02 1.587e+02 4.900e+01
|            ( - 2.138e+02 1 0)
|            ( - 4.625e+02 2 0 QUESTION0_0_R 1 9.369e+01 3.000e+01))
|        ( QUESTION0_5_R 1 8.397e+02 1.606e+02 5.105e+01
|            ( - 3.028e+02 1 0)
|            ( - 3.763e+02 2 0 QUESTION0_1_R 1 5.369e+01 2.605e+01))))
s>    ( QUESTION2_7_L -1 7.741e+03 5.422e+02 3.460e+02
s>        ( QUESTION0_0_R 1 5.287e+03 3.951e+02 2.459e+02
s>            ( QUESTION0 -1 1.949e+03 1.458e+02 9.893e+01
s>                ( - 1.702e+03 2 0 QUESTION0_1_R 1 3.315e+01 8.993e+01)
s>                ( - 1.021e+02 1 0))
s>            ( QUESTION8 -1 2.942e+03 3.147e+02 1.470e+02
s>                ( - 1.194e+03 1 0)
s>                ( - 1.433e+03 2 0 QUESTION0_12_R 1 1.390e+02 8.102e+01)))
s>        ( SILENCE -1 1.912e+03 2.377e+02 1.000e+02
s>            ( QUESTION0_8_R 1 8.350e+02 1.587e+02 4.900e+01
s>                ( - 2.138e+02 1 0)
s>                ( - 4.625e+02 2 0 QUESTION0_0_R 1 9.369e+01 3.000e+01))
s>            ( QUESTION0_5_R 1 8.397e+02 1.606e+02 5.105e+01
s>                ( - 3.028e+02 1 0)
s>                ( - 3.763e+02 2 0 QUESTION0_1_R 1 5.369e+01 2.605e+01))))INFO: dtree.c(1315): Comp split 11
INFO: dtree.c(1439): stop. leaf nodes are specific
INFO: dtree.c(1478): Final simple tree
|( QUESTION0_14_R 1 2.072e+03 3.110e+02 1.020e+02
|    ( - 7.744e+02 1 0)
|    ( SILENCE -1 9.864e+02 1.756e+02 5.600e+01
|        ( - 2.043e+02 1 0)
|        ( - 6.064e+02 1 0)))
s>    ( QUESTION0_14_R 1 2.072e+03 3.110e+02 1.020e+02
s>        ( - 7.744e+02 1 0)
s>        ( SILENCE -1 9.864e+02 1.756e+02 5.600e+01
s>            ( - 2.043e+02 1 0)
s>            ( - 6.064e+02 1 0)))INFO: dtree.c(1478): Final simple tree
|( QUESTION0_16_R 1 6.497e+03 4.483e+02 3.100e+02
|    ( QUESTION0_17_R 1 2.724e+03 2.552e+02 1.441e+02
|        ( QUESTION13 -1 1.894e+03 2.084e+02 1.071e+02
|            ( QUESTION0_18_R 1 1.288e+03 1.398e+02 7.910e+01
|                ( - 1.443e+02 1 0)
|                ( - 1.004e+03 1 0))
|            ( SILENCE -1 3.971e+02 8.807e+01 2.800e+01
|                ( - 9.010e+01 1 0)
|                ( - 2.189e+02 1 0)))
|        ( - 5.749e+02 2 0))
|    ( QUESTION0_0_R 1 3.325e+03 3.156e+02 1.659e+02
|        ( - 1.606e+03 1 0)
|        ( QUESTION0 -1 1.403e+03 1.571e+02 7.797e+01
|            ( - 1.839e+02 1 0)
|            ( - 1.062e+03 2 0))))
s>    ( QUESTION0_16_R 1 6.497e+03 4.483e+02 3.100e+02
s>        ( QUESTION0_17_R 1 2.724e+03 2.552e+02 1.441e+02
s>            ( QUESTION13 -1 1.894e+03 2.084e+02 1.071e+02
s>                ( QUESTION0_18_R 1 1.288e+03 1.398e+02 7.910e+01
s>                    ( - 1.443e+02 1 0)
s>                    ( - 1.004e+03 1 0))
s>                ( SILENCE -1 3.971e+02 8.807e+01 2.800e+01
s>                    ( - 9.010e+01 1 0)
s>                    ( - 2.189e+02 1 0)))
s>            ( - 5.749e+02 2 0))
s>        ( QUESTION0_0_R 1 3.325e+03 3.156e+02 1.659e+02
s>            ( - 1.606e+03 1 0)
s>            ( QUESTION0 -1 1.403e+03 1.571e+02 7.797e+01
s>                ( - 1.839e+02 1 0)
s>                ( - 1.062e+03 2 0))))INFO: dtree.c(1315): Comp split 12
INFO: dtree.c(1478): Final simple tree
|( QUESTION15 -1 5.164e+03 4.215e+02 2.330e+02
|    ( - 1.756e+03 2 0)
|    ( QUESTION10 -1 2.986e+03 3.264e+02 1.410e+02
|        ( QUESTION0_12_R 1 1.431e+03 1.300e+02 7.796e+01
|            ( - 1.336e+02 1 0)
|            ( - 1.167e+03 1 0))
|        ( QUESTION0_17_R 1 1.229e+03 1.974e+02 6.300e+01
|            ( QUESTION0_18_R 1 3.272e+02 8.390e+01 2.200e+01
|                ( - 8.847e+01 1 0)
|                ( - 1.548e+02 1 0))
|            ( QUESTION0 -1 7.048e+02 1.209e+02 4.100e+01
|                ( QUESTION0_14_R 1 4.108e+02 9.184e+01 2.700e+01
|                    ( - 1.662e+02 1 0)
|                    ( - 1.527e+02 2 0 QUESTION0_0_R 1 1.668e+01 1.400e+01))
|                ( - 1.731e+02 1 0)))))
s>    ( QUESTION15 -1 5.164e+03 4.215e+02 2.330e+02
s>        ( - 1.756e+03 2 0)
s>        ( QUESTION10 -1 2.986e+03 3.264e+02 1.410e+02
s>            ( QUESTION0_12_R 1 1.431e+03 1.300e+02 7.796e+01
s>                ( - 1.336e+02 1 0)
s>                ( - 1.167e+03 1 0))
s>            ( QUESTION0_17_R 1 1.229e+03 1.974e+02 6.300e+01
s>                ( QUESTION0_18_R 1 3.272e+02 8.390e+01 2.200e+01
s>                    ( - 8.847e+01 1 0)
s>                    ( - 1.548e+02 1 0))
s>                ( QUESTION0 -1 7.048e+02 1.209e+02 4.100e+01
s>                    ( QUESTION0_14_R 1 4.108e+02 9.184e+01 2.700e+01
s>                        ( - 1.662e+02 1 0)
s>                        ( - 1.527e+02 2 0 QUESTION0_0_R 1 1.668e+01 1.400e+01))
s>                    ( - 1.731e+02 1 0)))))INFO: dtree.c(1478): Final simple tree
|( QUESTION1 -1 6.167e+03 4.380e+02 2.885e+02
|    ( QUESTION8 -1 2.514e+03 2.648e+02 1.309e+02
|        ( - 7.914e+02 3 0 QUESTION0_17_R 1 1.063e+02 4.896e+01)
|        ( QUESTION0_15_R 1 1.457e+03 1.851e+02 8.196e+01
|            ( - 6.148e+02 2 0)
|            ( - 6.574e+02 2 0 QUESTION0_18_R 1 1.305e+02 4.100e+01)))
|    ( QUESTION15 -1 3.215e+03 3.258e+02 1.576e+02
|        ( QUESTION0_15_R 1 1.078e+03 1.540e+02 6.216e+01
|            ( - 6.623e+02 1 0)
|            ( - 2.616e+02 2 0 QUESTION0_0_R 1 5.248e+01 1.900e+01))
|        ( QUESTION0 -1 1.812e+03 2.073e+02 9.543e+01
|            ( QUESTION0_1_R 1 1.065e+03 1.649e+02 5.945e+01
|                ( - 2.701e+02 1 0)
|                ( - 6.298e+02 2 0 QUESTION0_0_R 1 9.976e+01 3.810e+01))
|            ( - 5.395e+02 2 0))))
s>    ( QUESTION1 -1 6.167e+03 4.380e+02 2.885e+02
s>        ( QUESTION8 -1 2.514e+03 2.648e+02 1.309e+02
s>            ( - 7.914e+02 3 0 QUESTION0_17_R 1 1.063e+02 4.896e+01)
s>            ( QUESTION0_15_R 1 1.457e+03 1.851e+02 8.196e+01
s>                ( - 6.148e+02 2 0)
s>                ( - 6.574e+02 2 0 QUESTION0_18_R 1 1.305e+02 4.100e+01)))
s>        ( QUESTION15 -1 3.215e+03 3.258e+02 1.576e+02
s>            ( QUESTION0_15_R 1 1.078e+03 1.540e+02 6.216e+01
s>                ( - 6.623e+02 1 0)
s>                ( - 2.616e+02 2 0 QUESTION0_0_R 1 5.248e+01 1.900e+01))
s>            ( QUESTION0 -1 1.812e+03 2.073e+02 9.543e+01
s>                ( QUESTION0_1_R 1 1.065e+03 1.649e+02 5.945e+01
s>                    ( - 2.701e+02 1 0)
s>                    ( - 6.298e+02 2 0 QUESTION0_0_R 1 9.976e+01 3.810e+01))
s>                ( - 5.395e+02 2 0))))INFO: dtree.c(1315): Comp split 13
INFO: dtree.c(1439): stop. leaf nodes are specific
INFO: dtree.c(1478): Final simple tree
|( QUESTION14 -1 7.940e+03 4.099e+02 3.723e+02
|    ( - 4.707e+03 2 0)
|    ( QUESTION16 -1 2.823e+03 2.870e+02 1.461e+02
|        ( - 8.222e+02 1 0)
|        ( QUESTION0_0_R 1 1.714e+03 1.899e+02 9.508e+01
|            ( - 1.081e+03 1 0)
|            ( - 4.428e+02 1 0))))
s>    ( QUESTION14 -1 7.940e+03 4.099e+02 3.723e+02
s>        ( - 4.707e+03 2 0)
s>        ( QUESTION16 -1 2.823e+03 2.870e+02 1.461e+02
s>            ( - 8.222e+02 1 0)
s>            ( QUESTION0_0_R 1 1.714e+03 1.899e+02 9.508e+01
s>                ( - 1.081e+03 1 0)
s>                ( - 4.428e+02 1 0))))INFO: dtree.c(1439): stop. leaf nodes are specific
INFO: dtree.c(1478): Final simple tree
|( QUESTION0_0_R 1 4.985e+03 3.548e+02 2.504e+02
|    ( - 2.239e+03 1 0)
|    ( - 2.391e+03 2 0))
s>    ( QUESTION0_0_R 1 4.985e+03 3.548e+02 2.504e+02
s>        ( - 2.239e+03 1 0)
s>        ( - 2.391e+03 2 0))INFO: dtree.c(1315): Comp split 14
INFO: dtree.c(1439): stop. leaf nodes are specific
INFO: dtree.c(1478): Final simple tree
|( WDBNDRY_B 0 1.332e+03 3.881e+01 8.335e+01
|    ( QUESTION1 -1 9.048e+00 8.381e+00 2.000e+00
|        ( - 3.810e-01 1 0)
|        ( - 2.857e-01 1 0))
|    ( - 1.284e+03 1 0))
s>    ( WDBNDRY_B 0 1.332e+03 3.881e+01 8.335e+01
s>        ( QUESTION1 -1 9.048e+00 8.381e+00 2.000e+00
s>            ( - 3.810e-01 1 0)
s>            ( - 2.857e-01 1 0))
s>        ( - 1.284e+03 1 0))INFO: dtree.c(1315): Comp split 15
INFO: dtree.c(1439): stop. leaf nodes are specific
INFO: dtree.c(1478): Final simple tree
|( QUESTION0 -1 2.813e+03 3.968e+02 1.310e+02
|    ( QUESTION0_0_R 1 1.265e+03 6.006e+01 6.900e+01
|        ( - 1.055e+01 1 0)
|        ( - 1.194e+03 1 0))
|    ( QUESTION0_5_R 1 1.151e+03 1.844e+02 6.205e+01
|        ( SILENCE -1 3.392e+02 7.874e+01 2.200e+01
|            ( - 1.584e+02 1 0)
|            ( - 1.021e+02 1 0))
|        ( SILENCE -1 6.276e+02 1.052e+02 4.005e+01
|            ( - 2.104e+02 1 0)
|            ( - 3.120e+02 1 0))))
s>    ( QUESTION0 -1 2.813e+03 3.968e+02 1.310e+02
s>        ( QUESTION0_0_R 1 1.265e+03 6.006e+01 6.900e+01
s>            ( - 1.055e+01 1 0)
s>            ( - 1.194e+03 1 0))
s>        ( QUESTION0_5_R 1 1.151e+03 1.844e+02 6.205e+01
s>            ( SILENCE -1 3.392e+02 7.874e+01 2.200e+01
s>                ( - 1.584e+02 1 0)
s>                ( - 1.021e+02 1 0))
s>            ( SILENCE -1 6.276e+02 1.052e+02 4.005e+01
s>                ( - 2.104e+02 1 0)
s>                ( - 3.120e+02 1 0))))INFO: dtree.c(1439): stop. leaf nodes are specific
INFO: dtree.c(1478): Final simple tree
|( QUESTION12 -1 4.357e+03 3.646e+02 2.149e+02
|    ( QUESTION0_1_R 1 1.702e+03 3.315e+01 8.993e+01
|        ( - 1.667e+03 1 0)
|        ( - 1.012e+00 1 0))
|    ( QUESTION0_13_R 1 2.291e+03 2.450e+02 1.250e+02
|        ( - 1.150e+03 1 0)
|        ( QUESTION0_1_R 1 8.965e+02 1.368e+02 5.900e+01
|            ( - 3.028e+02 1 0)
|            ( SILENCE -1 4.569e+02 9.864e+01 3.400e+01
|                ( - 2.138e+02 1 0)
|                ( - 1.445e+02 1 0)))))
s>    ( QUESTION12 -1 4.357e+03 3.646e+02 2.149e+02
s>        ( QUESTION0_1_R 1 1.702e+03 3.315e+01 8.993e+01
s>            ( - 1.667e+03 1 0)
s>            ( - 1.012e+00 1 0))
s>        ( QUESTION0_13_R 1 2.291e+03 2.450e+02 1.250e+02
s>            ( - 1.150e+03 1 0)
s>            ( QUESTION0_1_R 1 8.965e+02 1.368e+02 5.900e+01
s>                ( - 3.028e+02 1 0)
s>                ( SILENCE -1 4.569e+02 9.864e+01 3.400e+01
s>                    ( - 2.138e+02 1 0)
s>                    ( - 1.445e+02 1 0)))))INFO: dtree.c(1315): Comp split 16
INFO: dtree.c(1439): stop. leaf nodes are specific
INFO: dtree.c(1478): Final simple tree
|( QUESTION0 -1 2.857e+03 4.883e+01 1.300e+02
|    ( - 8.525e+00 1 0)
|    ( - 2.800e+03 1 0))
s>    ( QUESTION0 -1 2.857e+03 4.883e+01 1.300e+02
s>        ( - 8.525e+00 1 0)
s>        ( - 2.800e+03 1 0))INFO: dtree.c(1315): Comp split 17
INFO: dtree.c(1439): stop. leaf nodes are specific
INFO: dtree.c(1478): Final simple tree
|( QUESTION0_15_R 1 3.067e+03 2.838e+02 1.621e+02
|    ( QUESTION0 -1 1.403e+03 1.571e+02 7.797e+01
|        ( - 1.839e+02 1 0)
|        ( - 1.062e+03 2 0))
|    ( QUESTION0 -1 1.380e+03 1.567e+02 8.410e+01
|        ( - 2.189e+02 1 0)
|        ( - 1.004e+03 1 0)))
s>    ( QUESTION0_15_R 1 3.067e+03 2.838e+02 1.621e+02
s>        ( QUESTION0 -1 1.403e+03 1.571e+02 7.797e+01
s>            ( - 1.839e+02 1 0)
s>            ( - 1.062e+03 2 0))
s>        ( QUESTION0 -1 1.380e+03 1.567e+02 8.410e+01
s>            ( - 2.189e+02 1 0)
s>            ( - 1.004e+03 1 0)))INFO: dtree.c(1439): stop. leaf nodes are specific
INFO: dtree.c(1478): Final simple tree
|( QUESTION0_0_R 1 2.940e+03 3.017e+02 1.479e+02
|    ( - 1.606e+03 1 0)
|    ( QUESTION0_17_R 1 1.032e+03 1.543e+02 6.000e+01
|        ( SILENCE -1 3.025e+02 6.804e+01 2.300e+01
|            ( - 9.010e+01 1 0)
|            ( - 1.443e+02 1 0))
|        ( - 5.749e+02 2 0)))
s>    ( QUESTION0_0_R 1 2.940e+03 3.017e+02 1.479e+02
s>        ( - 1.606e+03 1 0)
s>        ( QUESTION0_17_R 1 1.032e+03 1.543e+02 6.000e+01
s>            ( SILENCE -1 3.025e+02 6.804e+01 2.300e+01
s>                ( - 9.010e+01 1 0)
s>                ( - 1.443e+02 1 0))
s>            ( - 5.749e+02 2 0)))INFO: dtree.c(1315): Comp split 18
INFO: dtree.c(1439): stop. leaf nodes are specific
INFO: dtree.c(1478): Final simple tree
|( QUESTION1 -1 2.816e+03 2.638e+02 1.465e+02
|    ( QUESTION0_15_R 1 1.457e+03 1.851e+02 8.196e+01
|        ( - 6.148e+02 2 0)
|        ( QUESTION0_18_R 1 6.574e+02 1.305e+02 4.100e+01
|            ( - 1.566e+02 1 0)
|            ( - 3.703e+02 1 0)))
|    ( QUESTION0_0_R 1 1.095e+03 1.626e+02 6.450e+01
|        ( - 2.701e+02 1 0)
|        ( - 6.623e+02 1 0)))
s>    ( QUESTION1 -1 2.816e+03 2.638e+02 1.465e+02
s>        ( QUESTION0_15_R 1 1.457e+03 1.851e+02 8.196e+01
s>            ( - 6.148e+02 2 0)
s>            ( QUESTION0_18_R 1 6.574e+02 1.305e+02 4.100e+01
s>                ( - 1.566e+02 1 0)
s>                ( - 3.703e+02 1 0)))
s>        ( QUESTION0_0_R 1 1.095e+03 1.626e+02 6.450e+01
s>            ( - 2.701e+02 1 0)
s>            ( - 6.623e+02 1 0)))INFO: dtree.c(1478): Final simple tree
|( QUESTION0 -1 2.872e+03 2.937e+02 1.420e+02
|    ( QUESTION1 -1 1.631e+03 2.094e+02 8.707e+01
|        ( QUESTION0_17_R 1 7.914e+02 1.063e+02 4.896e+01
|            ( - 3.919e+02 1 0)
|            ( QUESTION0_0_R 1 2.932e+02 7.394e+01 2.200e+01
|                ( - 1.554e+02 1 0)
|                ( - 6.394e+01 1 0)))
|        ( QUESTION0_0_R 1 6.298e+02 9.976e+01 3.810e+01
|            ( - 3.359e+02 1 0)
|            ( - 1.942e+02 1 0)))
|    ( QUESTION0_8_R 1 9.479e+02 1.469e+02 5.498e+01
|        ( - 5.395e+02 2 0)
|        ( QUESTION0_0_R 1 2.616e+02 5.248e+01 1.900e+01
|            ( - 1.787e+02 1 0)
|            ( - 3.039e+01 1 0))))
s>    ( QUESTION0 -1 2.872e+03 2.937e+02 1.420e+02
s>        ( QUESTION1 -1 1.631e+03 2.094e+02 8.707e+01
s>            ( QUESTION0_17_R 1 7.914e+02 1.063e+02 4.896e+01
s>                ( - 3.919e+02 1 0)
s>                ( QUESTION0_0_R 1 2.932e+02 7.394e+01 2.200e+01
s>                    ( - 1.554e+02 1 0)
s>                    ( - 6.394e+01 1 0)))
s>            ( QUESTION0_0_R 1 6.298e+02 9.976e+01 3.810e+01
s>                ( - 3.359e+02 1 0)
s>                ( - 1.942e+02 1 0)))
s>        ( QUESTION0_8_R 1 9.479e+02 1.469e+02 5.498e+01
s>            ( - 5.395e+02 2 0)
s>            ( QUESTION0_0_R 1 2.616e+02 5.248e+01 1.900e+01
s>                ( - 1.787e+02 1 0)
s>                ( - 3.039e+01 1 0))))INFO: dtree.c(1315): Comp split 19
INFO: dtree.c(1439): stop. leaf nodes are specific
INFO: dtree.c(1478): Final simple tree
|( SILENCE 1 2.516e+03 3.393e+02 1.250e+02
|    ( QUESTION2 -1 1.150e+03 1.364e+02 6.601e+01
|        ( - 1.406e+02 1 0)
|        ( - 8.730e+02 1 0))
|    ( QUESTION7 -1 1.026e+03 8.757e+01 5.900e+01
|        ( - 8.824e+02 2 0)
|        ( QUESTION1 -1 5.638e+01 2.162e+01 6.000e+00
|            ( - 2.686e+01 1 0)
|            ( - 7.905e+00 1 0))))
s>    ( SILENCE 1 2.516e+03 3.393e+02 1.250e+02
s>        ( QUESTION2 -1 1.150e+03 1.364e+02 6.601e+01
s>            ( - 1.406e+02 1 0)
s>            ( - 8.730e+02 1 0))
s>        ( QUESTION7 -1 1.026e+03 8.757e+01 5.900e+01
s>            ( - 8.824e+02 2 0)
s>            ( QUESTION1 -1 5.638e+01 2.162e+01 6.000e+00
s>                ( - 2.686e+01 1 0)
s>                ( - 7.905e+00 1 0))))INFO: dtree.c(1439): stop. leaf nodes are specific
INFO: dtree.c(1478): Final simple tree
|( QUESTION2_0_L -1 2.194e+03 2.564e+02 1.063e+02
|    ( - 7.854e+02 1 0)
|    ( QUESTION14 -1 1.152e+03 1.694e+02 6.030e+01
|        ( - 6.563e+02 1 0)
|        ( - 3.261e+02 1 0)))
s>    ( QUESTION2_0_L -1 2.194e+03 2.564e+02 1.063e+02
s>        ( - 7.854e+02 1 0)
s>        ( QUESTION14 -1 1.152e+03 1.694e+02 6.030e+01
s>            ( - 6.563e+02 1 0)
s>            ( - 3.261e+02 1 0)))INFO: dtree.c(1315): Comp split 20
INFO: dtree.c(1439): stop. leaf nodes are specific
INFO: dtree.c(1478): Final simple tree
|( QUESTION10 -1 2.425e+03 2.898e+02 1.190e+02
|    ( QUESTION0_12_R 1 1.431e+03 1.300e+02 7.796e+01
|        ( - 1.336e+02 1 0)
|        ( - 1.167e+03 1 0))
|    ( QUESTION0 -1 7.048e+02 1.209e+02 4.100e+01
|        ( QUESTION0_14_R 1 4.108e+02 9.184e+01 2.700e+01
|            ( - 1.662e+02 1 0)
|            ( QUESTION0_0_R 1 1.527e+02 1.668e+01 1.400e+01
|                ( - 1.351e+02 1 0)
|                ( - 8.805e-01 1 0)))
|        ( - 1.731e+02 1 0)))
s>    ( QUESTION10 -1 2.425e+03 2.898e+02 1.190e+02
s>        ( QUESTION0_12_R 1 1.431e+03 1.300e+02 7.796e+01
s>            ( - 1.336e+02 1 0)
s>            ( - 1.167e+03 1 0))
s>        ( QUESTION0 -1 7.048e+02 1.209e+02 4.100e+01
s>            ( QUESTION0_14_R 1 4.108e+02 9.184e+01 2.700e+01
s>                ( - 1.662e+02 1 0)
s>                ( QUESTION0_0_R 1 1.527e+02 1.668e+01 1.400e+01
s>                    ( - 1.351e+02 1 0)
s>                    ( - 8.805e-01 1 0)))
s>            ( - 1.731e+02 1 0)))INFO: dtree.c(1439): stop. leaf nodes are specific
INFO: dtree.c(1478): Final simple tree
|( QUESTION0_11_R 1 2.276e+03 1.926e+02 1.140e+02
|    ( - 1.756e+03 2 0)
|    ( QUESTION0_18_R 1 3.272e+02 8.390e+01 2.200e+01
|        ( - 8.847e+01 1 0)
|        ( - 1.548e+02 1 0)))
s>    ( QUESTION0_11_R 1 2.276e+03 1.926e+02 1.140e+02
s>        ( - 1.756e+03 2 0)
s>        ( QUESTION0_18_R 1 3.272e+02 8.390e+01 2.200e+01
s>            ( - 8.847e+01 1 0)
s>            ( - 1.548e+02 1 0)))INFO: dtree.c(1315): Comp split 21
INFO: dtree.c(1315): Comp split 22
INFO: dtree.c(1439): stop. leaf nodes are specific
INFO: dtree.c(1478): Final simple tree
|( QUESTION16 -1 2.823e+03 2.870e+02 1.461e+02
|    ( - 8.222e+02 1 0)
|    ( QUESTION0_0_R 1 1.714e+03 1.899e+02 9.508e+01
|        ( - 1.081e+03 1 0)
|        ( - 4.428e+02 1 0)))
s>    ( QUESTION16 -1 2.823e+03 2.870e+02 1.461e+02
s>        ( - 8.222e+02 1 0)
s>        ( QUESTION0_0_R 1 1.714e+03 1.899e+02 9.508e+01
s>            ( - 1.081e+03 1 0)
s>            ( - 4.428e+02 1 0)))INFO: dtree.c(1315): Comp split 23
INFO: dtree.c(1439): stop. leaf nodes are specific
INFO: dtree.c(1478): Final simple tree
|( QUESTION0_5_R 1 1.151e+03 1.844e+02 6.205e+01
|    ( SILENCE -1 3.392e+02 7.874e+01 2.200e+01
|        ( - 1.584e+02 1 0)
|        ( - 1.021e+02 1 0))
|    ( SILENCE -1 6.276e+02 1.052e+02 4.005e+01
|        ( - 2.104e+02 1 0)
|        ( - 3.120e+02 1 0)))
s>    ( QUESTION0_5_R 1 1.151e+03 1.844e+02 6.205e+01
s>        ( SILENCE -1 3.392e+02 7.874e+01 2.200e+01
s>            ( - 1.584e+02 1 0)
s>            ( - 1.021e+02 1 0))
s>        ( SILENCE -1 6.276e+02 1.052e+02 4.005e+01
s>            ( - 2.104e+02 1 0)
s>            ( - 3.120e+02 1 0)))INFO: dtree.c(1439): stop. leaf nodes are specific
INFO: dtree.c(1478): Final simple tree
|( QUESTION0_0_R 1 1.265e+03 6.006e+01 6.900e+01
|    ( - 1.055e+01 1 0)
|    ( - 1.194e+03 1 0))
s>    ( QUESTION0_0_R 1 1.265e+03 6.006e+01 6.900e+01
s>        ( - 1.055e+01 1 0)
s>        ( - 1.194e+03 1 0))INFO: dtree.c(1315): Comp split 24
INFO: dtree.c(1439): stop. leaf nodes are specific
INFO: dtree.c(1478): Final simple tree
|( QUESTION0_13_R 1 2.291e+03 2.450e+02 1.250e+02
|    ( - 1.150e+03 1 0)
|    ( QUESTION0_1_R 1 8.965e+02 1.368e+02 5.900e+01
|        ( - 3.028e+02 1 0)
|        ( SILENCE -1 4.569e+02 9.864e+01 3.400e+01
|            ( - 2.138e+02 1 0)
|            ( - 1.445e+02 1 0))))
s>    ( QUESTION0_13_R 1 2.291e+03 2.450e+02 1.250e+02
s>        ( - 1.150e+03 1 0)
s>        ( QUESTION0_1_R 1 8.965e+02 1.368e+02 5.900e+01
s>            ( - 3.028e+02 1 0)
s>            ( SILENCE -1 4.569e+02 9.864e+01 3.400e+01
s>                ( - 2.138e+02 1 0)
s>                ( - 1.445e+02 1 0))))INFO: dtree.c(1439): stop. leaf nodes are specific
INFO: dtree.c(1478): Final simple tree
|( QUESTION0_1_R 1 1.702e+03 3.315e+01 8.993e+01
|    ( - 1.667e+03 1 0)
|    ( - 1.012e+00 1 0))
s>    ( QUESTION0_1_R 1 1.702e+03 3.315e+01 8.993e+01
s>        ( - 1.667e+03 1 0)
s>        ( - 1.012e+00 1 0))INFO: dtree.c(1315): Comp split 25
INFO: dtree.c(1315): Comp split 26
INFO: dtree.c(1478): Final simple tree
|( QUESTION2_7_L -1 6.048e+02 1.172e+02 3.400e+01
|    ( QUESTION14 -1 2.530e+02 4.182e+01 1.800e+01
|        ( WDBNDRY_E 0 1.922e+02 1.852e+01 1.500e+01
|            ( - 2.857e-01 1 0)
|            ( - 1.734e+02 1 0))
|        ( WDBNDRY_B 0 1.902e+01 1.102e+01 3.000e+00
|            ( - 0.000e+00 1 0)
|            ( QUESTION0_0_R 1 8.000e+00 8.000e+00 2.000e+00
|                ( - 0.000e+00 1 0)
|                ( - 0.000e+00 1 0))))
|    ( QUESTION0_8_R 1 2.347e+02 5.998e+01 1.600e+01
|        ( - 6.762e+01 1 0)
|        ( QUESTION0_0_R 1 1.070e+02 3.172e+01 9.000e+00
|            ( - 2.069e+01 1 0)
|            ( - 5.464e+01 1 0))))
s>    ( QUESTION2_7_L -1 6.048e+02 1.172e+02 3.400e+01
s>        ( QUESTION14 -1 2.530e+02 4.182e+01 1.800e+01
s>            ( WDBNDRY_E 0 1.922e+02 1.852e+01 1.500e+01
s>                ( - 2.857e-01 1 0)
s>                ( - 1.734e+02 1 0))
s>            ( WDBNDRY_B 0 1.902e+01 1.102e+01 3.000e+00
s>                ( - 0.000e+00 1 0)
s>                ( QUESTION0_0_R 1 8.000e+00 8.000e+00 2.000e+00
s>                    ( - 0.000e+00 1 0)
s>                    ( - 0.000e+00 1 0))))
s>        ( QUESTION0_8_R 1 2.347e+02 5.998e+01 1.600e+01
s>            ( - 6.762e+01 1 0)
s>            ( QUESTION0_0_R 1 1.070e+02 3.172e+01 9.000e+00
s>                ( - 2.069e+01 1 0)
s>                ( - 5.464e+01 1 0))))INFO: dtree.c(1315): Comp split 27
INFO: dtree.c(1439): stop. leaf nodes are specific
INFO: dtree.c(1478): Final simple tree
|( QUESTION7 -1 1.026e+03 8.757e+01 5.900e+01
|    ( - 8.824e+02 2 0)
|    ( QUESTION1 -1 5.638e+01 2.162e+01 6.000e+00
|        ( - 2.686e+01 1 0)
|        ( - 7.905e+00 1 0)))
s>    ( QUESTION7 -1 1.026e+03 8.757e+01 5.900e+01
s>        ( - 8.824e+02 2 0)
s>        ( QUESTION1 -1 5.638e+01 2.162e+01 6.000e+00
s>            ( - 2.686e+01 1 0)
s>            ( - 7.905e+00 1 0)))INFO: dtree.c(1439): stop. leaf nodes are specific
INFO: dtree.c(1478): Final simple tree
|( QUESTION2 -1 1.150e+03 1.364e+02 6.601e+01
|    ( - 1.406e+02 1 0)
|    ( - 8.730e+02 1 0))
s>    ( QUESTION2 -1 1.150e+03 1.364e+02 6.601e+01
s>        ( - 1.406e+02 1 0)
s>        ( - 8.730e+02 1 0))INFO: dtree.c(1315): Comp split 28
INFO: dtree.c(1439): stop. leaf nodes are specific
INFO: dtree.c(1478): Final simple tree
|( QUESTION0_1_R 1 9.624e+02 1.577e+02 5.587e+01
|    ( QUESTION0 -1 3.225e+02 4.887e+01 2.200e+01
|        ( - 2.102e+01 1 0)
|        ( - 2.526e+02 1 0))
|    ( QUESTION0 -1 4.822e+02 8.812e+01 3.386e+01
|        ( - 9.538e+01 1 0)
|        ( - 2.987e+02 1 0)))
s>    ( QUESTION0_1_R 1 9.624e+02 1.577e+02 5.587e+01
s>        ( QUESTION0 -1 3.225e+02 4.887e+01 2.200e+01
s>            ( - 2.102e+01 1 0)
s>            ( - 2.526e+02 1 0))
s>        ( QUESTION0 -1 4.822e+02 8.812e+01 3.386e+01
s>            ( - 9.538e+01 1 0)
s>            ( - 2.987e+02 1 0)))INFO: dtree.c(1439): stop. leaf nodes are specific
INFO: dtree.c(1478): Final simple tree
|( QUESTION0_12_R 1 1.105e+03 1.146e+02 6.200e+01
|    ( - 1.053e+02 1 0)
|    ( - 8.852e+02 1 0))
s>    ( QUESTION0_12_R 1 1.105e+03 1.146e+02 6.200e+01
s>        ( - 1.053e+02 1 0)
s>        ( - 8.852e+02 1 0))INFO: dtree.c(1315): Comp split 29
INFO: dtree.c(1439): stop. leaf nodes are specific
INFO: dtree.c(1478): Final simple tree
|( SILENCE -1 9.864e+02 1.756e+02 5.600e+01
|    ( - 2.043e+02 1 0)
|    ( - 6.064e+02 1 0))
s>    ( SILENCE -1 9.864e+02 1.756e+02 5.600e+01
s>        ( - 2.043e+02 1 0)
s>        ( - 6.064e+02 1 0))INFO: dtree.c(1315): Comp split 30
INFO: dtree.c(1439): stop. leaf nodes are specific
INFO: dtree.c(1478): Final simple tree
|( QUESTION0_0_R 1 1.120e+03 1.702e+02 6.298e+01
|    ( - 5.395e+02 2 0)
|    ( QUESTION0_15_R 1 4.102e+02 8.150e+01 2.700e+01
|        ( - 1.942e+02 1 0)
|        ( QUESTION0 -1 1.345e+02 4.018e+01 1.200e+01
|            ( - 6.394e+01 1 0)
|            ( - 3.039e+01 1 0))))
s>    ( QUESTION0_0_R 1 1.120e+03 1.702e+02 6.298e+01
s>        ( - 5.395e+02 2 0)
s>        ( QUESTION0_15_R 1 4.102e+02 8.150e+01 2.700e+01
s>            ( - 1.942e+02 1 0)
s>            ( QUESTION0 -1 1.345e+02 4.018e+01 1.200e+01
s>                ( - 6.394e+01 1 0)
s>                ( - 3.039e+01 1 0))))INFO: dtree.c(1439): stop. leaf nodes are specific
INFO: dtree.c(1478): Final simple tree
|( QUESTION1 -1 1.442e+03 1.901e+02 7.907e+01
|    ( QUESTION0_0_R 1 6.241e+02 7.677e+01 4.096e+01
|        ( - 1.554e+02 1 0)
|        ( - 3.919e+02 1 0))
|    ( QUESTION0_1_R 1 6.280e+02 1.134e+02 3.810e+01
|        ( - 1.787e+02 1 0)
|        ( - 3.359e+02 1 0)))
s>    ( QUESTION1 -1 1.442e+03 1.901e+02 7.907e+01
s>        ( QUESTION0_0_R 1 6.241e+02 7.677e+01 4.096e+01
s>            ( - 1.554e+02 1 0)
s>            ( - 3.919e+02 1 0))
s>        ( QUESTION0_1_R 1 6.280e+02 1.134e+02 3.810e+01
s>            ( - 1.787e+02 1 0)
s>            ( - 3.359e+02 1 0)))INFO: dtree.c(1315): Comp split 31
INFO: dtree.c(1439): stop. leaf nodes are specific
INFO: dtree.c(1478): Final simple tree
|( QUESTION0_15_R 1 1.429e+03 1.477e+02 8.197e+01
|    ( - 1.062e+03 2 0)
|    ( - 2.189e+02 1 0))
s>    ( QUESTION0_15_R 1 1.429e+03 1.477e+02 8.197e+01
s>        ( - 1.062e+03 2 0)
s>        ( - 2.189e+02 1 0))INFO: dtree.c(1439): stop. leaf nodes are specific
INFO: dtree.c(1478): Final simple tree
|( QUESTION0_15_R 1 1.331e+03 1.430e+02 8.010e+01
|    ( - 1.839e+02 1 0)
|    ( - 1.004e+03 1 0))
s>    ( QUESTION0_15_R 1 1.331e+03 1.430e+02 8.010e+01
s>        ( - 1.839e+02 1 0)
s>        ( - 1.004e+03 1 0))INFO: dtree.c(1315): Comp split 32
INFO: dtree.c(1439): stop. leaf nodes are specific
INFO: dtree.c(1478): Final simple tree
|( QUESTION0_15_R 1 1.184e+03 1.512e+02 6.916e+01
|    ( - 6.623e+02 1 0)
|    ( - 3.703e+02 1 0))
s>    ( QUESTION0_15_R 1 1.184e+03 1.512e+02 6.916e+01
s>        ( - 6.623e+02 1 0)
s>        ( - 3.703e+02 1 0))INFO: dtree.c(1439): stop. leaf nodes are specific
INFO: dtree.c(1478): Final simple tree
|( QUESTION0_15_R 1 1.327e+03 1.780e+02 7.730e+01
|    ( - 6.148e+02 2 0)
|    ( QUESTION0_0_R 1 5.340e+02 1.073e+02 3.635e+01
|        ( - 2.701e+02 1 0)
|        ( - 1.566e+02 1 0)))
s>    ( QUESTION0_15_R 1 1.327e+03 1.780e+02 7.730e+01
s>        ( - 6.148e+02 2 0)
s>        ( QUESTION0_0_R 1 5.340e+02 1.073e+02 3.635e+01
s>            ( - 2.701e+02 1 0)
s>            ( - 1.566e+02 1 0)))INFO: dtree.c(1315): Comp split 33
INFO: dtree.c(1439): stop. leaf nodes are specific
INFO: dtree.c(1478): Final simple tree
|( QUESTION0_17_R 1 1.032e+03 1.543e+02 6.000e+01
|    ( SILENCE -1 3.025e+02 6.804e+01 2.300e+01
|        ( - 9.010e+01 1 0)
|        ( - 1.443e+02 1 0))
|    ( - 5.749e+02 2 0))
s>    ( QUESTION0_17_R 1 1.032e+03 1.543e+02 6.000e+01
s>        ( SILENCE -1 3.025e+02 6.804e+01 2.300e+01
s>            ( - 9.010e+01 1 0)
s>            ( - 1.443e+02 1 0))
s>        ( - 5.749e+02 2 0))INFO: dtree.c(1315): Comp split 34
INFO: dtree.c(1439): stop. leaf nodes are specific
INFO: dtree.c(1478): Final simple tree
|( QUESTION1 -1 5.405e+02 1.045e+02 3.002e+01
|    ( - 1.785e+02 1 0)
|    ( QUESTION11 -1 2.575e+02 4.665e+01 1.700e+01
|        ( - 1.810e+02 1 0)
|        ( - 2.987e+01 1 0)))
s>    ( QUESTION1 -1 5.405e+02 1.045e+02 3.002e+01
s>        ( - 1.785e+02 1 0)
s>        ( QUESTION11 -1 2.575e+02 4.665e+01 1.700e+01
s>            ( - 1.810e+02 1 0)
s>            ( - 2.987e+01 1 0)))INFO: dtree.c(1315): Comp split 35
INFO: dtree.c(1439): stop. leaf nodes are specific
INFO: dtree.c(1478): Final simple tree
|( QUESTION0_12_R 1 1.454e+03 1.372e+02 7.896e+01
|    ( QUESTION1 -1 1.496e+02 1.507e+01 1.300e+01
|        ( - 8.805e-01 1 0)
|        ( - 1.336e+02 1 0))
|    ( - 1.167e+03 1 0))
s>    ( QUESTION0_12_R 1 1.454e+03 1.372e+02 7.896e+01
s>        ( QUESTION1 -1 1.496e+02 1.507e+01 1.300e+01
s>            ( - 8.805e-01 1 0)
s>            ( - 1.336e+02 1 0))
s>        ( - 1.167e+03 1 0))INFO: dtree.c(1439): stop. leaf nodes are specific
INFO: dtree.c(1478): Final simple tree
|( QUESTION0_11_R 1 6.799e+02 1.179e+02 4.000e+01
|    ( - 1.731e+02 1 0)
|    ( QUESTION0_0_R 1 3.889e+02 8.755e+01 2.600e+01
|        ( - 1.351e+02 1 0)
|        ( - 1.662e+02 1 0)))
s>    ( QUESTION0_11_R 1 6.799e+02 1.179e+02 4.000e+01
s>        ( - 1.731e+02 1 0)
s>        ( QUESTION0_0_R 1 3.889e+02 8.755e+01 2.600e+01
s>            ( - 1.351e+02 1 0)
s>            ( - 1.662e+02 1 0)))INFO: dtree.c(1315): Comp split 36
INFO: dtree.c(1439): stop. leaf nodes are specific
INFO: dtree.c(1478): Final simple tree
|( QUESTION0_0_R 1 1.714e+03 1.899e+02 9.508e+01
|    ( - 1.081e+03 1 0)
|    ( - 4.428e+02 1 0))
s>    ( QUESTION0_0_R 1 1.714e+03 1.899e+02 9.508e+01
s>        ( - 1.081e+03 1 0)
s>        ( - 4.428e+02 1 0))INFO: dtree.c(1315): Comp split 37
INFO: dtree.c(1439): stop. leaf nodes are specific
INFO: dtree.c(1478): Final simple tree
|( QUESTION14 -1 1.152e+03 1.694e+02 6.030e+01
|    ( - 6.563e+02 1 0)
|    ( - 3.261e+02 1 0))
s>    ( QUESTION14 -1 1.152e+03 1.694e+02 6.030e+01
s>        ( - 6.563e+02 1 0)
s>        ( - 3.261e+02 1 0))INFO: dtree.c(1315): Comp split 38
INFO: dtree.c(1439): stop. leaf nodes are specific
INFO: dtree.c(1478): Final simple tree
|( QUESTION0_1_R 1 8.965e+02 1.368e+02 5.900e+01
|    ( - 3.028e+02 1 0)
|    ( SILENCE -1 4.569e+02 9.864e+01 3.400e+01
|        ( - 2.138e+02 1 0)
|        ( - 1.445e+02 1 0)))
s>    ( QUESTION0_1_R 1 8.965e+02 1.368e+02 5.900e+01
s>        ( - 3.028e+02 1 0)
s>        ( SILENCE -1 4.569e+02 9.864e+01 3.400e+01
s>            ( - 2.138e+02 1 0)
s>            ( - 1.445e+02 1 0)))INFO: dtree.c(1315): Comp split 39
INFO: dtree.c(1439): stop. leaf nodes are specific
INFO: dtree.c(1478): Final simple tree
|( QUESTION0_18_R 1 3.272e+02 8.390e+01 2.200e+01
|    ( - 8.847e+01 1 0)
|    ( - 1.548e+02 1 0))
s>    ( QUESTION0_18_R 1 3.272e+02 8.390e+01 2.200e+01
s>        ( - 8.847e+01 1 0)
s>        ( - 1.548e+02 1 0))INFO: dtree.c(1315): Comp split 40
INFO: dtree.c(1439): stop. leaf nodes are specific
INFO: dtree.c(1478): Final simple tree
|( QUESTION0_1_R 1 6.280e+02 1.134e+02 3.810e+01
|    ( - 1.787e+02 1 0)
|    ( - 3.359e+02 1 0))
s>    ( QUESTION0_1_R 1 6.280e+02 1.134e+02 3.810e+01
s>        ( - 1.787e+02 1 0)
s>        ( - 3.359e+02 1 0))INFO: dtree.c(1439): stop. leaf nodes are specific
INFO: dtree.c(1478): Final simple tree
|( QUESTION0_0_R 1 6.241e+02 7.677e+01 4.096e+01
|    ( - 1.554e+02 1 0)
|    ( - 3.919e+02 1 0))
s>    ( QUESTION0_0_R 1 6.241e+02 7.677e+01 4.096e+01
s>        ( - 1.554e+02 1 0)
s>        ( - 3.919e+02 1 0))INFO: dtree.c(1315): Comp split 41
INFO: dtree.c(1315): Comp split 42
INFO: dtree.c(1439): stop. leaf nodes are specific
INFO: dtree.c(1478): Final simple tree
|( SILENCE -1 6.276e+02 1.052e+02 4.005e+01
|    ( - 2.104e+02 1 0)
|    ( - 3.120e+02 1 0))
s>    ( SILENCE -1 6.276e+02 1.052e+02 4.005e+01
s>        ( - 2.104e+02 1 0)
s>        ( - 3.120e+02 1 0))INFO: dtree.c(1439): stop. leaf nodes are specific
INFO: dtree.c(1478): Final simple tree
|( SILENCE -1 3.392e+02 7.874e+01 2.200e+01
|    ( - 1.584e+02 1 0)
|    ( - 1.021e+02 1 0))
s>    ( SILENCE -1 3.392e+02 7.874e+01 2.200e+01
s>        ( - 1.584e+02 1 0)
s>        ( - 1.021e+02 1 0))INFO: dtree.c(1315): Comp split 43
INFO: dtree.c(1439): stop. leaf nodes are specific
INFO: dtree.c(1478): Final simple tree
|( QUESTION0_0_R 1 5.340e+02 1.073e+02 3.635e+01
|    ( - 2.701e+02 1 0)
|    ( - 1.566e+02 1 0))
s>    ( QUESTION0_0_R 1 5.340e+02 1.073e+02 3.635e+01
s>        ( - 2.701e+02 1 0)
s>        ( - 1.566e+02 1 0))INFO: dtree.c(1315): Comp split 44
INFO: dtree.c(1315): Comp split 45
INFO: dtree.c(1439): stop. leaf nodes are specific
INFO: dtree.c(1478): Final simple tree
|( QUESTION0_15_R 1 4.102e+02 8.150e+01 2.700e+01
|    ( - 1.942e+02 1 0)
|    ( QUESTION0 -1 1.345e+02 4.018e+01 1.200e+01
|        ( - 6.394e+01 1 0)
|        ( - 3.039e+01 1 0)))
s>    ( QUESTION0_15_R 1 4.102e+02 8.150e+01 2.700e+01
s>        ( - 1.942e+02 1 0)
s>        ( QUESTION0 -1 1.345e+02 4.018e+01 1.200e+01
s>            ( - 6.394e+01 1 0)
s>            ( - 3.039e+01 1 0)))INFO: dtree.c(1315): Comp split 46
INFO: dtree.c(1315): Comp split 47
INFO: dtree.c(1439): stop. leaf nodes are specific
INFO: dtree.c(1478): Final simple tree
|( QUESTION0_1_R 1 4.291e+02 8.113e+01 3.000e+01
|    ( - 2.526e+02 1 0)
|    ( - 9.538e+01 1 0))
s>    ( QUESTION0_1_R 1 4.291e+02 8.113e+01 3.000e+01
s>        ( - 2.526e+02 1 0)
s>        ( - 9.538e+01 1 0))INFO: dtree.c(1439): stop. leaf nodes are specific
INFO: dtree.c(1478): Final simple tree
|( QUESTION0_1_R 1 3.726e+02 5.285e+01 2.586e+01
|    ( - 2.102e+01 1 0)
|    ( - 2.987e+02 1 0))
s>    ( QUESTION0_1_R 1 3.726e+02 5.285e+01 2.586e+01
s>        ( - 2.102e+01 1 0)
s>        ( - 2.987e+02 1 0))INFO: dtree.c(1315): Comp split 48
INFO: dtree.c(1439): stop. leaf nodes are specific
INFO: dtree.c(1478): Final simple tree
|( SILENCE -1 3.025e+02 6.804e+01 2.300e+01
|    ( - 9.010e+01 1 0)
|    ( - 1.443e+02 1 0))
s>    ( SILENCE -1 3.025e+02 6.804e+01 2.300e+01
s>        ( - 9.010e+01 1 0)
s>        ( - 1.443e+02 1 0))INFO: dtree.c(1315): Comp split 49
INFO: dtree.c(1315): Comp split 50
INFO: dtree.c(1315): Comp split 51
INFO: dtree.c(1315): Comp split 52
INFO: dtree.c(1439): stop. leaf nodes are specific
INFO: dtree.c(1478): Final simple tree
|( QUESTION1 -1 1.496e+02 1.507e+01 1.300e+01
|    ( - 8.805e-01 1 0)
|    ( - 1.336e+02 1 0))
s>    ( QUESTION1 -1 1.496e+02 1.507e+01 1.300e+01
s>        ( - 8.805e-01 1 0)
s>        ( - 1.336e+02 1 0))INFO: dtree.c(1315): Comp split 53
INFO: dtree.c(1439): stop. leaf nodes are specific
INFO: dtree.c(1478): Final simple tree
|( SILENCE -1 4.569e+02 9.864e+01 3.400e+01
|    ( - 2.138e+02 1 0)
|    ( - 1.445e+02 1 0))
s>    ( SILENCE -1 4.569e+02 9.864e+01 3.400e+01
s>        ( - 2.138e+02 1 0)
s>        ( - 1.445e+02 1 0))INFO: dtree.c(1315): Comp split 54
INFO: dtree.c(1315): Comp split 55
INFO: dtree.c(1439): stop. leaf nodes are specific
INFO: dtree.c(1478): Final simple tree
|( QUESTION12 1 3.014e+02 5.874e+01 2.100e+01
|    ( - 1.734e+02 1 0)
|    ( QUESTION0_0_R 1 6.934e+01 1.470e+01 7.000e+00
|        ( - 0.000e+00 1 0)
|        ( - 5.464e+01 1 0)))
s>    ( QUESTION12 1 3.014e+02 5.874e+01 2.100e+01
s>        ( - 1.734e+02 1 0)
s>        ( QUESTION0_0_R 1 6.934e+01 1.470e+01 7.000e+00
s>            ( - 0.000e+00 1 0)
s>            ( - 5.464e+01 1 0)))INFO: dtree.c(1439): stop. leaf nodes are specific
INFO: dtree.c(1478): Final simple tree
|( QUESTION0_8_R 1 1.832e+02 5.080e+01 1.300e+01
|    ( - 6.762e+01 1 0)
|    ( QUESTION0_0_R 1 6.480e+01 2.458e+01 6.000e+00
|        ( - 2.069e+01 1 0)
|        ( WDBNDRY_E 0 1.954e+01 1.126e+01 3.000e+00
|            ( - 2.857e-01 1 0)
|            ( WDBNDRY_B 0 8.000e+00 8.000e+00 2.000e+00
|                ( - 0.000e+00 1 0)
|                ( - 0.000e+00 1 0)))))
s>    ( QUESTION0_8_R 1 1.832e+02 5.080e+01 1.300e+01
s>        ( - 6.762e+01 1 0)
s>        ( QUESTION0_0_R 1 6.480e+01 2.458e+01 6.000e+00
s>            ( - 2.069e+01 1 0)
s>            ( WDBNDRY_E 0 1.954e+01 1.126e+01 3.000e+00
s>                ( - 2.857e-01 1 0)
s>                ( WDBNDRY_B 0 8.000e+00 8.000e+00 2.000e+00
s>                    ( - 0.000e+00 1 0)
s>                    ( - 0.000e+00 1 0)))))INFO: dtree.c(1315): Comp split 56
INFO: dtree.c(1439): stop. leaf nodes are specific
INFO: dtree.c(1478): Final simple tree
|( QUESTION0_0_R 1 3.889e+02 8.755e+01 2.600e+01
|    ( - 1.351e+02 1 0)
|    ( - 1.662e+02 1 0))
s>    ( QUESTION0_0_R 1 3.889e+02 8.755e+01 2.600e+01
s>        ( - 1.351e+02 1 0)
s>        ( - 1.662e+02 1 0))INFO: dtree.c(1315): Comp split 57
INFO: dtree.c(1315): Comp split 58
INFO: dtree.c(1315): Comp split 59
INFO: dtree.c(1315): Comp split 60
INFO: dtree.c(1315): Comp split 61
INFO: dtree.c(1439): stop. leaf nodes are specific
INFO: dtree.c(1478): Final simple tree
|( QUESTION11 -1 2.575e+02 4.665e+01 1.700e+01
|    ( - 1.810e+02 1 0)
|    ( - 2.987e+01 1 0))
s>    ( QUESTION11 -1 2.575e+02 4.665e+01 1.700e+01
s>        ( - 1.810e+02 1 0)
s>        ( - 2.987e+01 1 0))INFO: dtree.c(1315): Comp split 62
INFO: dtree.c(1315): Comp split 63
INFO: dtree.c(1439): stop. leaf nodes are specific
INFO: dtree.c(1478): Final simple tree
|( QUESTION1 -1 5.638e+01 2.162e+01 6.000e+00
|    ( - 2.686e+01 1 0)
|    ( - 7.905e+00 1 0))
s>    ( QUESTION1 -1 5.638e+01 2.162e+01 6.000e+00
s>        ( - 2.686e+01 1 0)
s>        ( - 7.905e+00 1 0))INFO: dtree.c(1315): Comp split 64
INFO: dtree.c(1315): Comp split 65
INFO: dtree.c(1315): Comp split 66
INFO: dtree.c(1439): stop. leaf nodes are specific
INFO: dtree.c(1478): Final simple tree
|( QUESTION0 -1 1.345e+02 4.018e+01 1.200e+01
|    ( - 6.394e+01 1 0)
|    ( - 3.039e+01 1 0))
s>    ( QUESTION0 -1 1.345e+02 4.018e+01 1.200e+01
s>        ( - 6.394e+01 1 0)
s>        ( - 3.039e+01 1 0))INFO: dtree.c(1315): Comp split 67
INFO: dtree.c(1315): Comp split 68
INFO: dtree.c(1315): Comp split 69
INFO: dtree.c(1315): Comp split 70
INFO: dtree.c(1315): Comp split 71
INFO: dtree.c(1315): Comp split 72
INFO: dtree.c(1439): stop. leaf nodes are specific
INFO: dtree.c(1478): Final simple tree
|( QUESTION0_0_R 1 6.934e+01 1.470e+01 7.000e+00
|    ( - 0.000e+00 1 0)
|    ( - 5.464e+01 1 0))
s>    ( QUESTION0_0_R 1 6.934e+01 1.470e+01 7.000e+00
s>        ( - 0.000e+00 1 0)
s>        ( - 5.464e+01 1 0))INFO: dtree.c(1315): Comp split 73
INFO: dtree.c(1315): Comp split 74
INFO: dtree.c(1439): stop. leaf nodes are specific
INFO: dtree.c(1478): Final simple tree
|( QUESTION0_0_R 1 6.480e+01 2.458e+01 6.000e+00
|    ( - 2.069e+01 1 0)
|    ( WDBNDRY_E 0 1.954e+01 1.126e+01 3.000e+00
|        ( - 2.857e-01 1 0)
|        ( WDBNDRY_B 0 8.000e+00 8.000e+00 2.000e+00
|            ( - 0.000e+00 1 0)
|            ( - 0.000e+00 1 0))))
s>    ( QUESTION0_0_R 1 6.480e+01 2.458e+01 6.000e+00
s>        ( - 2.069e+01 1 0)
s>        ( WDBNDRY_E 0 1.954e+01 1.126e+01 3.000e+00
s>            ( - 2.857e-01 1 0)
s>            ( WDBNDRY_B 0 8.000e+00 8.000e+00 2.000e+00
s>                ( - 0.000e+00 1 0)
s>                ( - 0.000e+00 1 0))))INFO: dtree.c(1315): Comp split 75
INFO: dtree.c(1315): Comp split 76
INFO: dtree.c(1315): Comp split 77
INFO: dtree.c(1315): Comp split 78
INFO: dtree.c(1439): stop. leaf nodes are specific
INFO: dtree.c(1478): Final simple tree
|( QUESTION1 -1 9.048e+00 8.381e+00 2.000e+00
|    ( - 3.810e-01 1 0)
|    ( - 2.857e-01 1 0))
s>    ( QUESTION1 -1 9.048e+00 8.381e+00 2.000e+00
s>        ( - 3.810e-01 1 0)
s>        ( - 2.857e-01 1 0))INFO: dtree.c(1315): Comp split 79
INFO: dtree.c(1315): Comp split 80
INFO: dtree.c(1439): stop. leaf nodes are specific
INFO: dtree.c(1478): Final simple tree
|( WDBNDRY_E 0 1.954e+01 1.126e+01 3.000e+00
|    ( - 2.857e-01 1 0)
|    ( WDBNDRY_B 0 8.000e+00 8.000e+00 2.000e+00
|        ( - 0.000e+00 1 0)
|        ( - 0.000e+00 1 0)))
s>    ( WDBNDRY_E 0 1.954e+01 1.126e+01 3.000e+00
s>        ( - 2.857e-01 1 0)
s>        ( WDBNDRY_B 0 8.000e+00 8.000e+00 2.000e+00
s>            ( - 0.000e+00 1 0)
s>            ( - 0.000e+00 1 0)))INFO: dtree.c(1315): Comp split 81
INFO: dtree.c(1315): Comp split 82
INFO: dtree.c(1315): Comp split 83
INFO: dtree.c(1315): Comp split 84
INFO: dtree.c(1439): stop. leaf nodes are specific
INFO: dtree.c(1478): Final simple tree
|( WDBNDRY_B 0 8.000e+00 8.000e+00 2.000e+00
|    ( - 0.000e+00 1 0)
|    ( - 0.000e+00 1 0))
s>    ( WDBNDRY_B 0 8.000e+00 8.000e+00 2.000e+00
s>        ( - 0.000e+00 1 0)
s>        ( - 0.000e+00 1 0))INFO: dtree.c(1315): Comp split 85
INFO: dtree.c(1315): Comp split 86
INFO: dtree.c(1315): Comp split 87
INFO: dtree.c(1318): stop. leaf nodes are specific
Fri Nov  2 10:06:08 2018
