Current configuration:
[NAME]		[DEFLT]	[VALUE]
-allphones	no	no
-cntthresh	0.00001	1.000000e-05
-csplitmax	100	2000
-csplitmin	1	1
-csplitthr	8e-4	0.000000e+00
-example	no	no
-fullvar	no	no
-help		no	no
-meanfn			
-mixwfn			/home/sdv/Documents/SDV/SDVoice/an4/model_parameters/an4.cd_semi_untied/mixture_weights
-moddeffn		/home/sdv/Documents/SDV/SDVoice/an4/model_architecture/an4.untied.mdef
-mwfloor	1e-4	1.000000e-08
-phone			B
-psetfn			/home/sdv/Documents/SDV/SDVoice/an4/model_architecture/an4.tree_questions
-ssplitmax	5	7
-ssplitmin	1	1
-ssplitthr	8e-4	0.000000e+00
-state			2
-stwt			1.0,0.05,0.0,
-treefn			/home/sdv/Documents/SDV/SDVoice/an4/trees/an4.unpruned/B-2.dtree
-ts2cbfn	.semi.	.semi.
-varfloor	0.00001	1.000000e-05
-varfn			

INFO: main.c(223): Reading: /home/sdv/Documents/SDV/SDVoice/an4/model_architecture/an4.untied.mdef
INFO: model_def_io.c(573): Model definition info:
INFO: model_def_io.c(574): 1618 total models defined (34 base, 1584 tri)
INFO: model_def_io.c(575): 6472 total states
INFO: model_def_io.c(576): 4854 total tied states
INFO: model_def_io.c(577): 102 total tied CI states
INFO: model_def_io.c(578): 34 total tied transition matrices
INFO: model_def_io.c(579): 4 max state/model
INFO: model_def_io.c(580): 4 min state/model
INFO: main.c(242): Building trees for [B AH AH i] through [B UW IY b]
INFO: main.c(269): Covering states |[735 788]| == 54
INFO: main.c(275): Reading: /home/sdv/Documents/SDV/SDVoice/an4/model_parameters/an4.cd_semi_untied/mixture_weights
INFO: s3mixw_io.c(173): Read /home/sdv/Documents/SDV/SDVoice/an4/model_parameters/an4.cd_semi_untied/mixture_weights [54x4x256 array]
INFO: main.c(311): 18 of 18 models have observation count greater than 0.000010
INFO: main.c(95): nrm stwt: 0.000 0.048 0.952 
INFO: main.c(411): 18-class entropy: 1.199967e+04
INFO: main.c(549): Reading: /home/sdv/Documents/SDV/SDVoice/an4/model_architecture/an4.tree_questions
INFO: main.c(588): 176 total simple questions (168 phone; 8 word bndry)
INFO: main.c(590): 42 Left Only questions, and 42 Right Only questions
INFO: dtree.c(1478): Final simple tree
|( QUESTION19 -1 1.635e+04 1.661e+03 7.045e+02
|    ( QUESTION0_1_R 1 7.730e+03 9.435e+02 3.684e+02
|        ( - 3.888e+03 1 0)
|        ( - 2.898e+03 2 0 WDBNDRY_B 0 8.816e+01 1.453e+02))
|    ( QUESTION0 -1 6.960e+03 3.292e+02 3.361e+02
|        ( QUESTION1 -1 3.725e+03 2.587e+02 1.900e+02
|            ( QUESTION2 -1 7.866e+02 1.319e+02 4.399e+01
|                ( - 3.003e+02 2 0)
|                ( - 3.545e+02 3 0 QUESTION8 -1 8.235e+01 2.301e+01))
|            ( - 2.680e+03 3 0 QUESTION2_11_L -1 1.188e+02 1.460e+02))
|        ( SILENCE -1 2.906e+03 2.310e+02 1.461e+02
|            ( - 1.429e+03 1 0)
|            ( QUESTION16 -1 1.246e+03 1.329e+02 6.712e+01
|                ( - 6.072e+02 3 0 QUESTION2_0_L -1 8.952e+01 3.600e+01)
|                ( - 5.058e+02 3 0 WDBNDRY_B 0 4.433e+01 3.112e+01)))))
s>    ( QUESTION19 -1 1.635e+04 1.661e+03 7.045e+02
s>        ( QUESTION0_1_R 1 7.730e+03 9.435e+02 3.684e+02
s>            ( - 3.888e+03 1 0)
s>            ( - 2.898e+03 2 0 WDBNDRY_B 0 8.816e+01 1.453e+02))
s>        ( QUESTION0 -1 6.960e+03 3.292e+02 3.361e+02
s>            ( QUESTION1 -1 3.725e+03 2.587e+02 1.900e+02
s>                ( QUESTION2 -1 7.866e+02 1.319e+02 4.399e+01
s>                    ( - 3.003e+02 2 0)
s>                    ( - 3.545e+02 3 0 QUESTION8 -1 8.235e+01 2.301e+01))
s>                ( - 2.680e+03 3 0 QUESTION2_11_L -1 1.188e+02 1.460e+02))
s>            ( SILENCE -1 2.906e+03 2.310e+02 1.461e+02
s>                ( - 1.429e+03 1 0)
s>                ( QUESTION16 -1 1.246e+03 1.329e+02 6.712e+01
s>                    ( - 6.072e+02 3 0 QUESTION2_0_L -1 8.952e+01 3.600e+01)
s>                    ( - 5.058e+02 3 0 WDBNDRY_B 0 4.433e+01 3.112e+01)))))INFO: dtree.c(1315): Comp split 0
INFO: dtree.c(1478): Final simple tree
|( QUESTION0 -1 6.960e+03 3.292e+02 3.361e+02
|    ( QUESTION1 -1 3.725e+03 2.587e+02 1.900e+02
|        ( QUESTION2 -1 7.866e+02 1.319e+02 4.399e+01
|            ( - 3.003e+02 2 0)
|            ( - 3.545e+02 3 0 QUESTION8 -1 8.235e+01 2.301e+01))
|        ( QUESTION2_11_L -1 2.680e+03 1.188e+02 1.460e+02
|            ( - 2.355e+03 1 0)
|            ( - 2.061e+02 2 0 QUESTION11 -1 4.428e+01 1.700e+01)))
|    ( SILENCE -1 2.906e+03 2.310e+02 1.461e+02
|        ( - 1.429e+03 1 0)
|        ( QUESTION16 -1 1.246e+03 1.329e+02 6.712e+01
|            ( QUESTION2_0_L -1 6.072e+02 8.952e+01 3.600e+01
|                ( - 1.942e+02 1 0)
|                ( - 3.235e+02 2 0 WDBNDRY_B 0 5.313e+01 2.100e+01))
|            ( - 5.058e+02 3 0 WDBNDRY_B 0 4.433e+01 3.112e+01))))
s>    ( QUESTION0 -1 6.960e+03 3.292e+02 3.361e+02
s>        ( QUESTION1 -1 3.725e+03 2.587e+02 1.900e+02
s>            ( QUESTION2 -1 7.866e+02 1.319e+02 4.399e+01
s>                ( - 3.003e+02 2 0)
s>                ( - 3.545e+02 3 0 QUESTION8 -1 8.235e+01 2.301e+01))
s>            ( QUESTION2_11_L -1 2.680e+03 1.188e+02 1.460e+02
s>                ( - 2.355e+03 1 0)
s>                ( - 2.061e+02 2 0 QUESTION11 -1 4.428e+01 1.700e+01)))
s>        ( SILENCE -1 2.906e+03 2.310e+02 1.461e+02
s>            ( - 1.429e+03 1 0)
s>            ( QUESTION16 -1 1.246e+03 1.329e+02 6.712e+01
s>                ( QUESTION2_0_L -1 6.072e+02 8.952e+01 3.600e+01
s>                    ( - 1.942e+02 1 0)
s>                    ( - 3.235e+02 2 0 WDBNDRY_B 0 5.313e+01 2.100e+01))
s>                ( - 5.058e+02 3 0 WDBNDRY_B 0 4.433e+01 3.112e+01))))INFO: dtree.c(1439): stop. leaf nodes are specific
INFO: dtree.c(1478): Final simple tree
|( QUESTION0_1_R 1 7.730e+03 9.435e+02 3.684e+02
|    ( - 3.888e+03 1 0)
|    ( WDBNDRY_B 0 2.898e+03 8.816e+01 1.453e+02
|        ( - 2.662e+01 1 0)
|        ( - 2.783e+03 1 0)))
s>    ( QUESTION0_1_R 1 7.730e+03 9.435e+02 3.684e+02
s>        ( - 3.888e+03 1 0)
s>        ( WDBNDRY_B 0 2.898e+03 8.816e+01 1.453e+02
s>            ( - 2.662e+01 1 0)
s>            ( - 2.783e+03 1 0)))INFO: dtree.c(1315): Comp split 1
INFO: dtree.c(1439): stop. leaf nodes are specific
INFO: dtree.c(1478): Final simple tree
|( WDBNDRY_B 0 2.898e+03 8.816e+01 1.453e+02
|    ( - 2.662e+01 1 0)
|    ( - 2.783e+03 1 0))
s>    ( WDBNDRY_B 0 2.898e+03 8.816e+01 1.453e+02
s>        ( - 2.662e+01 1 0)
s>        ( - 2.783e+03 1 0))INFO: dtree.c(1315): Comp split 2
INFO: dtree.c(1478): Final simple tree
|( QUESTION2_11_L -1 4.163e+03 2.465e+02 2.131e+02
|    ( - 2.355e+03 1 0)
|    ( QUESTION2_7_L -1 1.562e+03 1.436e+02 8.412e+01
|        ( QUESTION14 -1 1.048e+03 1.118e+02 5.912e+01
|            ( - 4.430e+02 2 0)
|            ( QUESTION0 -1 4.936e+02 6.462e+01 3.100e+01
|                ( - 1.055e+02 1 0)
|                ( WDBNDRY_B 0 3.235e+02 5.313e+01 2.100e+01
|                    ( - 2.397e+02 1 0)
|                    ( - 3.069e+01 1 0))))
|        ( QUESTION16 -1 3.700e+02 6.887e+01 2.500e+01
|            ( - 1.942e+02 1 0)
|            ( WDBNDRY_B 0 1.070e+02 3.210e+01 1.000e+01
|                ( - 5.640e+01 1 0)
|                ( - 1.849e+01 1 0)))))
s>    ( QUESTION2_11_L -1 4.163e+03 2.465e+02 2.131e+02
s>        ( - 2.355e+03 1 0)
s>        ( QUESTION2_7_L -1 1.562e+03 1.436e+02 8.412e+01
s>            ( QUESTION14 -1 1.048e+03 1.118e+02 5.912e+01
s>                ( - 4.430e+02 2 0)
s>                ( QUESTION0 -1 4.936e+02 6.462e+01 3.100e+01
s>                    ( - 1.055e+02 1 0)
s>                    ( WDBNDRY_B 0 3.235e+02 5.313e+01 2.100e+01
s>                        ( - 2.397e+02 1 0)
s>                        ( - 3.069e+01 1 0))))
s>            ( QUESTION16 -1 3.700e+02 6.887e+01 2.500e+01
s>                ( - 1.942e+02 1 0)
s>                ( WDBNDRY_B 0 1.070e+02 3.210e+01 1.000e+01
s>                    ( - 5.640e+01 1 0)
s>                    ( - 1.849e+01 1 0)))))INFO: dtree.c(1439): stop. leaf nodes are specific
INFO: dtree.c(1478): Final simple tree
|( SILENCE -1 2.438e+03 2.218e+02 1.230e+02
|    ( - 1.429e+03 1 0)
|    ( QUESTION2 -1 7.866e+02 1.319e+02 4.399e+01
|        ( - 3.003e+02 2 0)
|        ( QUESTION8 -1 3.545e+02 8.235e+01 2.301e+01
|            ( WDBNDRY_B 0 1.684e+02 5.126e+01 1.300e+01
|                ( - 5.126e+01 1 0)
|                ( - 6.588e+01 1 0))
|            ( - 1.037e+02 1 0))))
s>    ( SILENCE -1 2.438e+03 2.218e+02 1.230e+02
s>        ( - 1.429e+03 1 0)
s>        ( QUESTION2 -1 7.866e+02 1.319e+02 4.399e+01
s>            ( - 3.003e+02 2 0)
s>            ( QUESTION8 -1 3.545e+02 8.235e+01 2.301e+01
s>                ( WDBNDRY_B 0 1.684e+02 5.126e+01 1.300e+01
s>                    ( - 5.126e+01 1 0)
s>                    ( - 6.588e+01 1 0))
s>                ( - 1.037e+02 1 0))))INFO: dtree.c(1315): Comp split 3
INFO: dtree.c(1439): stop. leaf nodes are specific
INFO: dtree.c(1478): Final simple tree
|( QUESTION2_7_L -1 1.562e+03 1.436e+02 8.412e+01
|    ( QUESTION14 -1 1.048e+03 1.118e+02 5.912e+01
|        ( - 4.430e+02 2 0)
|        ( QUESTION0 -1 4.936e+02 6.462e+01 3.100e+01
|            ( - 1.055e+02 1 0)
|            ( WDBNDRY_B 0 3.235e+02 5.313e+01 2.100e+01
|                ( - 2.397e+02 1 0)
|                ( - 3.069e+01 1 0))))
|    ( QUESTION16 -1 3.700e+02 6.887e+01 2.500e+01
|        ( - 1.942e+02 1 0)
|        ( WDBNDRY_B 0 1.070e+02 3.210e+01 1.000e+01
|            ( - 5.640e+01 1 0)
|            ( - 1.849e+01 1 0))))
s>    ( QUESTION2_7_L -1 1.562e+03 1.436e+02 8.412e+01
s>        ( QUESTION14 -1 1.048e+03 1.118e+02 5.912e+01
s>            ( - 4.430e+02 2 0)
s>            ( QUESTION0 -1 4.936e+02 6.462e+01 3.100e+01
s>                ( - 1.055e+02 1 0)
s>                ( WDBNDRY_B 0 3.235e+02 5.313e+01 2.100e+01
s>                    ( - 2.397e+02 1 0)
s>                    ( - 3.069e+01 1 0))))
s>        ( QUESTION16 -1 3.700e+02 6.887e+01 2.500e+01
s>            ( - 1.942e+02 1 0)
s>            ( WDBNDRY_B 0 1.070e+02 3.210e+01 1.000e+01
s>                ( - 5.640e+01 1 0)
s>                ( - 1.849e+01 1 0))))INFO: dtree.c(1315): Comp split 4
INFO: dtree.c(1439): stop. leaf nodes are specific
INFO: dtree.c(1478): Final simple tree
|( QUESTION2 -1 7.866e+02 1.319e+02 4.399e+01
|    ( - 3.003e+02 2 0)
|    ( QUESTION8 -1 3.545e+02 8.235e+01 2.301e+01
|        ( WDBNDRY_B 0 1.684e+02 5.126e+01 1.300e+01
|            ( - 5.126e+01 1 0)
|            ( - 6.588e+01 1 0))
|        ( - 1.037e+02 1 0)))
s>    ( QUESTION2 -1 7.866e+02 1.319e+02 4.399e+01
s>        ( - 3.003e+02 2 0)
s>        ( QUESTION8 -1 3.545e+02 8.235e+01 2.301e+01
s>            ( WDBNDRY_B 0 1.684e+02 5.126e+01 1.300e+01
s>                ( - 5.126e+01 1 0)
s>                ( - 6.588e+01 1 0))
s>            ( - 1.037e+02 1 0)))INFO: dtree.c(1315): Comp split 5
INFO: dtree.c(1439): stop. leaf nodes are specific
INFO: dtree.c(1478): Final simple tree
|( WDBNDRY_B 0 6.009e+02 8.152e+01 3.512e+01
|    ( - 4.430e+02 2 0)
|    ( QUESTION16 -1 7.642e+01 2.723e+01 7.000e+00
|        ( - 3.069e+01 1 0)
|        ( - 1.849e+01 1 0)))
s>    ( WDBNDRY_B 0 6.009e+02 8.152e+01 3.512e+01
s>        ( - 4.430e+02 2 0)
s>        ( QUESTION16 -1 7.642e+01 2.723e+01 7.000e+00
s>            ( - 3.069e+01 1 0)
s>            ( - 1.849e+01 1 0)))INFO: dtree.c(1439): stop. leaf nodes are specific
INFO: dtree.c(1478): Final simple tree
|( QUESTION2_0_L -1 8.008e+02 9.634e+01 4.900e+01
|    ( - 1.942e+02 1 0)
|    ( QUESTION0 -1 5.103e+02 6.449e+01 3.400e+01
|        ( QUESTION11 -1 2.061e+02 4.428e+01 1.700e+01
|            ( - 5.640e+01 1 0)
|            ( - 1.055e+02 1 0))
|        ( - 2.397e+02 1 0)))
s>    ( QUESTION2_0_L -1 8.008e+02 9.634e+01 4.900e+01
s>        ( - 1.942e+02 1 0)
s>        ( QUESTION0 -1 5.103e+02 6.449e+01 3.400e+01
s>            ( QUESTION11 -1 2.061e+02 4.428e+01 1.700e+01
s>                ( - 5.640e+01 1 0)
s>                ( - 1.055e+02 1 0))
s>            ( - 2.397e+02 1 0)))INFO: dtree.c(1315): Comp split 6
INFO: dtree.c(1439): stop. leaf nodes are specific
INFO: dtree.c(1478): Final simple tree
|( QUESTION8 -1 3.545e+02 8.235e+01 2.301e+01
|    ( WDBNDRY_B 0 1.684e+02 5.126e+01 1.300e+01
|        ( - 5.126e+01 1 0)
|        ( - 6.588e+01 1 0))
|    ( - 1.037e+02 1 0))
s>    ( QUESTION8 -1 3.545e+02 8.235e+01 2.301e+01
s>        ( WDBNDRY_B 0 1.684e+02 5.126e+01 1.300e+01
s>            ( - 5.126e+01 1 0)
s>            ( - 6.588e+01 1 0))
s>        ( - 1.037e+02 1 0))INFO: dtree.c(1315): Comp split 7
INFO: dtree.c(1439): stop. leaf nodes are specific
INFO: dtree.c(1478): Final simple tree
|( QUESTION0 -1 3.423e+02 4.627e+01 2.400e+01
|    ( - 5.640e+01 1 0)
|    ( - 2.397e+02 1 0))
s>    ( QUESTION0 -1 3.423e+02 4.627e+01 2.400e+01
s>        ( - 5.640e+01 1 0)
s>        ( - 2.397e+02 1 0))INFO: dtree.c(1439): stop. leaf nodes are specific
INFO: dtree.c(1478): Final simple tree
|( QUESTION0 -1 3.601e+02 6.045e+01 2.500e+01
|    ( - 1.055e+02 1 0)
|    ( - 1.942e+02 1 0))
s>    ( QUESTION0 -1 3.601e+02 6.045e+01 2.500e+01
s>        ( - 1.055e+02 1 0)
s>        ( - 1.942e+02 1 0))INFO: dtree.c(1315): Comp split 8
INFO: dtree.c(1315): Comp split 9
INFO: dtree.c(1439): stop. leaf nodes are specific
INFO: dtree.c(1478): Final simple tree
|( WDBNDRY_B 0 1.684e+02 5.126e+01 1.300e+01
|    ( - 5.126e+01 1 0)
|    ( - 6.588e+01 1 0))
s>    ( WDBNDRY_B 0 1.684e+02 5.126e+01 1.300e+01
s>        ( - 5.126e+01 1 0)
s>        ( - 6.588e+01 1 0))INFO: dtree.c(1315): Comp split 10
INFO: dtree.c(1439): stop. leaf nodes are specific
INFO: dtree.c(1478): Final simple tree
|( QUESTION16 -1 7.642e+01 2.723e+01 7.000e+00
|    ( - 3.069e+01 1 0)
|    ( - 1.849e+01 1 0))
s>    ( QUESTION16 -1 7.642e+01 2.723e+01 7.000e+00
s>        ( - 3.069e+01 1 0)
s>        ( - 1.849e+01 1 0))INFO: dtree.c(1315): Comp split 11
INFO: dtree.c(1315): Comp split 12
INFO: dtree.c(1315): Comp split 13
INFO: dtree.c(1315): Comp split 14
INFO: dtree.c(1315): Comp split 15
INFO: dtree.c(1318): stop. leaf nodes are specific
Fri Nov  2 10:06:17 2018
