Current configuration:
[NAME]		[DEFLT]	[VALUE]
-allphones	no	no
-cntthresh	0.00001	1.000000e-05
-csplitmax	100	2000
-csplitmin	1	1
-csplitthr	8e-4	0.000000e+00
-example	no	no
-fullvar	no	no
-help		no	no
-meanfn			
-mixwfn			/home/sdv/Documents/SDV/SDVoice/an4/model_parameters/an4.cd_semi_untied/mixture_weights
-moddeffn		/home/sdv/Documents/SDV/SDVoice/an4/model_architecture/an4.untied.mdef
-mwfloor	1e-4	1.000000e-08
-phone			TH
-psetfn			/home/sdv/Documents/SDV/SDVoice/an4/model_architecture/an4.tree_questions
-ssplitmax	5	7
-ssplitmin	1	1
-ssplitthr	8e-4	0.000000e+00
-state			1
-stwt			1.0,0.05,0.0,
-treefn			/home/sdv/Documents/SDV/SDVoice/an4/trees/an4.unpruned/TH-1.dtree
-ts2cbfn	.semi.	.semi.
-varfloor	0.00001	1.000000e-05
-varfn			

INFO: main.c(223): Reading: /home/sdv/Documents/SDV/SDVoice/an4/model_architecture/an4.untied.mdef
INFO: model_def_io.c(573): Model definition info:
INFO: model_def_io.c(574): 1618 total models defined (34 base, 1584 tri)
INFO: model_def_io.c(575): 6472 total states
INFO: model_def_io.c(576): 4854 total tied states
INFO: model_def_io.c(577): 102 total tied CI states
INFO: model_def_io.c(578): 34 total tied transition matrices
INFO: model_def_io.c(579): 4 max state/model
INFO: model_def_io.c(580): 4 min state/model
INFO: main.c(242): Building trees for [TH AH N e] through [TH V R b]
INFO: main.c(269): Covering states |[4362 4487]| == 126
INFO: main.c(275): Reading: /home/sdv/Documents/SDV/SDVoice/an4/model_parameters/an4.cd_semi_untied/mixture_weights
INFO: s3mixw_io.c(173): Read /home/sdv/Documents/SDV/SDVoice/an4/model_parameters/an4.cd_semi_untied/mixture_weights [126x4x256 array]
INFO: main.c(311): 42 of 42 models have observation count greater than 0.000010
INFO: main.c(95): nrm stwt: 0.045 0.909 0.045 
INFO: main.c(411): 42-class entropy: 1.586682e+04
INFO: main.c(549): Reading: /home/sdv/Documents/SDV/SDVoice/an4/model_architecture/an4.tree_questions
INFO: main.c(588): 176 total simple questions (168 phone; 8 word bndry)
INFO: main.c(590): 42 Left Only questions, and 42 Right Only questions
INFO: dtree.c(1478): Final simple tree
|( QUESTION0_8_R 1 2.219e+04 9.884e+02 8.789e+02
|    ( QUESTION2_9_L -1 1.644e+04 5.128e+02 6.879e+02
|        ( QUESTION7 -1 6.733e+03 4.120e+02 2.916e+02
|            ( - 2.756e+03 1 0)
|            ( QUESTION1 -1 3.565e+03 2.689e+02 1.615e+02
|                ( - 2.222e+03 2 0)
|                ( - 1.074e+03 4 0 QUESTION16 -1 1.248e+02 5.800e+01)))
|        ( QUESTION0 -1 9.193e+03 3.812e+02 3.963e+02
|            ( - 3.093e+03 3 0 QUESTION11 -1 2.503e+02 1.435e+02)
|            ( QUESTION14 -1 5.719e+03 3.348e+02 2.528e+02
|                ( - 3.438e+03 2 0)
|                ( - 1.946e+03 2 0 SILENCE -1 1.007e+02 9.463e+01))))
|    ( QUESTION0_12_R 1 4.766e+03 4.232e+02 1.910e+02
|        ( - 2.745e+03 15 0 QUESTION0 -1 2.354e+02 1.270e+02)
|        ( - 1.597e+03 13 0 QUESTION0_2_R 1 2.312e+02 6.400e+01)))
s>    ( QUESTION0_8_R 1 2.219e+04 9.884e+02 8.789e+02
s>        ( QUESTION2_9_L -1 1.644e+04 5.128e+02 6.879e+02
s>            ( QUESTION7 -1 6.733e+03 4.120e+02 2.916e+02
s>                ( - 2.756e+03 1 0)
s>                ( QUESTION1 -1 3.565e+03 2.689e+02 1.615e+02
s>                    ( - 2.222e+03 2 0)
s>                    ( - 1.074e+03 4 0 QUESTION16 -1 1.248e+02 5.800e+01)))
s>            ( QUESTION0 -1 9.193e+03 3.812e+02 3.963e+02
s>                ( - 3.093e+03 3 0 QUESTION11 -1 2.503e+02 1.435e+02)
s>                ( QUESTION14 -1 5.719e+03 3.348e+02 2.528e+02
s>                    ( - 3.438e+03 2 0)
s>                    ( - 1.946e+03 2 0 SILENCE -1 1.007e+02 9.463e+01))))
s>        ( QUESTION0_12_R 1 4.766e+03 4.232e+02 1.910e+02
s>            ( - 2.745e+03 15 0 QUESTION0 -1 2.354e+02 1.270e+02)
s>            ( - 1.597e+03 13 0 QUESTION0_2_R 1 2.312e+02 6.400e+01)))INFO: dtree.c(1315): Comp split 0
INFO: dtree.c(1478): Final simple tree
|( QUESTION2_9_L -1 1.644e+04 5.128e+02 6.879e+02
|    ( QUESTION7 -1 6.733e+03 4.120e+02 2.916e+02
|        ( - 2.756e+03 1 0)
|        ( QUESTION1 -1 3.565e+03 2.689e+02 1.615e+02
|            ( - 2.222e+03 2 0)
|            ( - 1.074e+03 4 0 QUESTION16 -1 1.248e+02 5.800e+01)))
|    ( QUESTION0 -1 9.193e+03 3.812e+02 3.963e+02
|        ( QUESTION11 -1 3.093e+03 2.503e+02 1.435e+02
|            ( - 7.882e+02 1 0)
|            ( QUESTION1 -1 2.054e+03 2.025e+02 9.974e+01
|                ( - 8.556e+02 1 0)
|                ( - 9.961e+02 1 0)))
|        ( QUESTION14 -1 5.719e+03 3.348e+02 2.528e+02
|            ( - 3.438e+03 2 0)
|            ( - 1.946e+03 2 0 SILENCE -1 1.007e+02 9.463e+01))))
s>    ( QUESTION2_9_L -1 1.644e+04 5.128e+02 6.879e+02
s>        ( QUESTION7 -1 6.733e+03 4.120e+02 2.916e+02
s>            ( - 2.756e+03 1 0)
s>            ( QUESTION1 -1 3.565e+03 2.689e+02 1.615e+02
s>                ( - 2.222e+03 2 0)
s>                ( - 1.074e+03 4 0 QUESTION16 -1 1.248e+02 5.800e+01)))
s>        ( QUESTION0 -1 9.193e+03 3.812e+02 3.963e+02
s>            ( QUESTION11 -1 3.093e+03 2.503e+02 1.435e+02
s>                ( - 7.882e+02 1 0)
s>                ( QUESTION1 -1 2.054e+03 2.025e+02 9.974e+01
s>                    ( - 8.556e+02 1 0)
s>                    ( - 9.961e+02 1 0)))
s>            ( QUESTION14 -1 5.719e+03 3.348e+02 2.528e+02
s>                ( - 3.438e+03 2 0)
s>                ( - 1.946e+03 2 0 SILENCE -1 1.007e+02 9.463e+01))))INFO: dtree.c(1478): Final simple tree
|( QUESTION0_12_R 1 4.766e+03 4.232e+02 1.910e+02
|    ( QUESTION0 -1 2.745e+03 2.354e+02 1.270e+02
|        ( QUESTION7 -1 1.404e+03 1.550e+02 6.898e+01
|            ( - 5.160e+02 3 0 QUESTION8 -1 6.121e+01 3.000e+01)
|            ( QUESTION2_7_L -1 7.328e+02 1.075e+02 3.898e+01
|                ( - 2.595e+02 3 0 QUESTION1 -1 3.099e+01 1.698e+01)
|                ( - 3.658e+02 4 0 QUESTION11 -1 7.694e+01 2.200e+01)))
|        ( QUESTION14 -1 1.106e+03 1.241e+02 5.801e+01
|            ( - 3.593e+02 1 0)
|            ( - 6.227e+02 4 0 QUESTION2_6_L -1 9.357e+01 3.601e+01)))
|    ( QUESTION0_2_R 1 1.597e+03 2.312e+02 6.400e+01
|        ( QUESTION7 -1 8.290e+02 1.311e+02 3.700e+01
|            ( - 3.102e+02 1 0)
|            ( - 3.878e+02 5 0 QUESTION10 -1 7.544e+01 1.900e+01))
|        ( - 5.370e+02 7 0 QUESTION2 -1 8.582e+01 2.700e+01)))
s>    ( QUESTION0_12_R 1 4.766e+03 4.232e+02 1.910e+02
s>        ( QUESTION0 -1 2.745e+03 2.354e+02 1.270e+02
s>            ( QUESTION7 -1 1.404e+03 1.550e+02 6.898e+01
s>                ( - 5.160e+02 3 0 QUESTION8 -1 6.121e+01 3.000e+01)
s>                ( QUESTION2_7_L -1 7.328e+02 1.075e+02 3.898e+01
s>                    ( - 2.595e+02 3 0 QUESTION1 -1 3.099e+01 1.698e+01)
s>                    ( - 3.658e+02 4 0 QUESTION11 -1 7.694e+01 2.200e+01)))
s>            ( QUESTION14 -1 1.106e+03 1.241e+02 5.801e+01
s>                ( - 3.593e+02 1 0)
s>                ( - 6.227e+02 4 0 QUESTION2_6_L -1 9.357e+01 3.601e+01)))
s>        ( QUESTION0_2_R 1 1.597e+03 2.312e+02 6.400e+01
s>            ( QUESTION7 -1 8.290e+02 1.311e+02 3.700e+01
s>                ( - 3.102e+02 1 0)
s>                ( - 3.878e+02 5 0 QUESTION10 -1 7.544e+01 1.900e+01))
s>            ( - 5.370e+02 7 0 QUESTION2 -1 8.582e+01 2.700e+01)))INFO: dtree.c(1315): Comp split 1
INFO: dtree.c(1439): stop. leaf nodes are specific
INFO: dtree.c(1478): Final simple tree
|( QUESTION1 -1 8.362e+03 3.877e+02 3.614e+02
|    ( QUESTION3 -1 3.314e+03 2.357e+02 1.495e+02
|        ( - 2.222e+03 2 0)
|        ( - 8.556e+02 1 0))
|    ( QUESTION0 -1 4.661e+03 2.267e+02 2.119e+02
|        ( - 9.961e+02 1 0)
|        ( - 3.438e+03 2 0)))
s>    ( QUESTION1 -1 8.362e+03 3.877e+02 3.614e+02
s>        ( QUESTION3 -1 3.314e+03 2.357e+02 1.495e+02
s>            ( - 2.222e+03 2 0)
s>            ( - 8.556e+02 1 0))
s>        ( QUESTION0 -1 4.661e+03 2.267e+02 2.119e+02
s>            ( - 9.961e+02 1 0)
s>            ( - 3.438e+03 2 0)))INFO: dtree.c(1439): stop. leaf nodes are specific
INFO: dtree.c(1478): Final simple tree
|( QUESTION0 -1 7.491e+03 4.079e+02 3.264e+02
|    ( QUESTION1 -1 3.978e+03 2.894e+02 1.808e+02
|        ( - 2.756e+03 1 0)
|        ( QUESTION11 -1 9.328e+02 8.302e+01 5.076e+01
|            ( - 7.882e+02 1 0)
|            ( - 6.159e+01 1 0)))
|    ( QUESTION16 -1 3.105e+03 2.442e+02 1.456e+02
|        ( QUESTION2_0_L -1 8.938e+02 8.473e+01 4.900e+01
|            ( - 7.471e+01 1 0)
|            ( - 7.343e+02 2 0))
|        ( SILENCE -1 1.967e+03 9.460e+01 9.663e+01
|            ( - 1.771e+03 1 0)
|            ( - 1.021e+02 1 0))))
s>    ( QUESTION0 -1 7.491e+03 4.079e+02 3.264e+02
s>        ( QUESTION1 -1 3.978e+03 2.894e+02 1.808e+02
s>            ( - 2.756e+03 1 0)
s>            ( QUESTION11 -1 9.328e+02 8.302e+01 5.076e+01
s>                ( - 7.882e+02 1 0)
s>                ( - 6.159e+01 1 0)))
s>        ( QUESTION16 -1 3.105e+03 2.442e+02 1.456e+02
s>            ( QUESTION2_0_L -1 8.938e+02 8.473e+01 4.900e+01
s>                ( - 7.471e+01 1 0)
s>                ( - 7.343e+02 2 0))
s>            ( SILENCE -1 1.967e+03 9.460e+01 9.663e+01
s>                ( - 1.771e+03 1 0)
s>                ( - 1.021e+02 1 0))))INFO: dtree.c(1315): Comp split 2
INFO: dtree.c(1478): Final simple tree
|( QUESTION0 -1 2.745e+03 2.354e+02 1.270e+02
|    ( QUESTION7 -1 1.404e+03 1.550e+02 6.898e+01
|        ( QUESTION8 -1 5.160e+02 6.121e+01 3.000e+01
|            ( - 3.348e+01 1 0)
|            ( - 4.213e+02 2 0 WDBNDRY_B 0 2.585e+01 2.600e+01))
|        ( QUESTION2_7_L -1 7.328e+02 1.075e+02 3.898e+01
|            ( - 2.595e+02 3 0 QUESTION1 -1 3.099e+01 1.698e+01)
|            ( QUESTION11 -1 3.658e+02 7.694e+01 2.200e+01
|                ( - 1.833e+02 2 0 QUESTION2_11_L -1 3.866e+01 1.200e+01)
|                ( - 1.056e+02 2 0 QUESTION1 -1 3.103e+01 1.000e+01))))
|    ( QUESTION14 -1 1.106e+03 1.241e+02 5.801e+01
|        ( - 3.593e+02 1 0)
|        ( QUESTION2_6_L -1 6.227e+02 9.357e+01 3.601e+01
|            ( - 2.844e+02 2 0 QUESTION16 -1 5.438e+01 1.901e+01)
|            ( - 2.447e+02 2 0 SILENCE -1 4.929e+01 1.700e+01))))
s>    ( QUESTION0 -1 2.745e+03 2.354e+02 1.270e+02
s>        ( QUESTION7 -1 1.404e+03 1.550e+02 6.898e+01
s>            ( QUESTION8 -1 5.160e+02 6.121e+01 3.000e+01
s>                ( - 3.348e+01 1 0)
s>                ( - 4.213e+02 2 0 WDBNDRY_B 0 2.585e+01 2.600e+01))
s>            ( QUESTION2_7_L -1 7.328e+02 1.075e+02 3.898e+01
s>                ( - 2.595e+02 3 0 QUESTION1 -1 3.099e+01 1.698e+01)
s>                ( QUESTION11 -1 3.658e+02 7.694e+01 2.200e+01
s>                    ( - 1.833e+02 2 0 QUESTION2_11_L -1 3.866e+01 1.200e+01)
s>                    ( - 1.056e+02 2 0 QUESTION1 -1 3.103e+01 1.000e+01))))
s>        ( QUESTION14 -1 1.106e+03 1.241e+02 5.801e+01
s>            ( - 3.593e+02 1 0)
s>            ( QUESTION2_6_L -1 6.227e+02 9.357e+01 3.601e+01
s>                ( - 2.844e+02 2 0 QUESTION16 -1 5.438e+01 1.901e+01)
s>                ( - 2.447e+02 2 0 SILENCE -1 4.929e+01 1.700e+01))))INFO: dtree.c(1478): Final simple tree
|( QUESTION0_2_R 1 1.597e+03 2.312e+02 6.400e+01
|    ( QUESTION7 -1 8.290e+02 1.311e+02 3.700e+01
|        ( - 3.102e+02 1 0)
|        ( QUESTION10 -1 3.878e+02 7.544e+01 1.900e+01
|            ( QUESTION2_11_L -1 1.466e+02 3.318e+01 8.000e+00
|                ( - 6.997e+01 2 0 QUESTION11 -1 1.763e+01 3.000e+00)
|                ( - 4.346e+01 1 0))
|            ( QUESTION0 -1 1.657e+02 3.816e+01 1.100e+01
|                ( - 2.716e+01 1 0)
|                ( - 1.004e+02 1 0))))
|    ( QUESTION2 -1 5.370e+02 8.582e+01 2.700e+01
|        ( - 2.104e+02 2 0)
|        ( QUESTION1 -1 2.407e+02 4.879e+01 1.100e+01
|            ( - 1.141e+02 2 0 WDBNDRY_B 0 3.188e+01 8.000e+00)
|            ( - 7.791e+01 3 0 WDBNDRY_B 0 1.277e+01 3.000e+00))))
s>    ( QUESTION0_2_R 1 1.597e+03 2.312e+02 6.400e+01
s>        ( QUESTION7 -1 8.290e+02 1.311e+02 3.700e+01
s>            ( - 3.102e+02 1 0)
s>            ( QUESTION10 -1 3.878e+02 7.544e+01 1.900e+01
s>                ( QUESTION2_11_L -1 1.466e+02 3.318e+01 8.000e+00
s>                    ( - 6.997e+01 2 0 QUESTION11 -1 1.763e+01 3.000e+00)
s>                    ( - 4.346e+01 1 0))
s>                ( QUESTION0 -1 1.657e+02 3.816e+01 1.100e+01
s>                    ( - 2.716e+01 1 0)
s>                    ( - 1.004e+02 1 0))))
s>        ( QUESTION2 -1 5.370e+02 8.582e+01 2.700e+01
s>            ( - 2.104e+02 2 0)
s>            ( QUESTION1 -1 2.407e+02 4.879e+01 1.100e+01
s>                ( - 1.141e+02 2 0 WDBNDRY_B 0 3.188e+01 8.000e+00)
s>                ( - 7.791e+01 3 0 WDBNDRY_B 0 1.277e+01 3.000e+00))))INFO: dtree.c(1315): Comp split 3
INFO: dtree.c(1439): stop. leaf nodes are specific
INFO: dtree.c(1478): Final simple tree
|( SILENCE -1 3.993e+03 2.942e+02 1.824e+02
|    ( - 1.771e+03 1 0)
|    ( QUESTION0 -1 1.928e+03 2.131e+02 9.476e+01
|        ( - 7.882e+02 1 0)
|        ( QUESTION16 -1 9.266e+02 9.016e+01 5.100e+01
|            ( - 7.343e+02 2 0)
|            ( - 1.021e+02 1 0))))
s>    ( SILENCE -1 3.993e+03 2.942e+02 1.824e+02
s>        ( - 1.771e+03 1 0)
s>        ( QUESTION0 -1 1.928e+03 2.131e+02 9.476e+01
s>            ( - 7.882e+02 1 0)
s>            ( QUESTION16 -1 9.266e+02 9.016e+01 5.100e+01
s>                ( - 7.343e+02 2 0)
s>                ( - 1.021e+02 1 0))))INFO: dtree.c(1439): stop. leaf nodes are specific
INFO: dtree.c(1478): Final simple tree
|( QUESTION1 -1 3.086e+03 1.478e+02 1.441e+02
|    ( - 2.756e+03 1 0)
|    ( QUESTION0 -1 1.820e+02 4.568e+01 1.400e+01
|        ( - 6.159e+01 1 0)
|        ( - 7.471e+01 1 0)))
s>    ( QUESTION1 -1 3.086e+03 1.478e+02 1.441e+02
s>        ( - 2.756e+03 1 0)
s>        ( QUESTION0 -1 1.820e+02 4.568e+01 1.400e+01
s>            ( - 6.159e+01 1 0)
s>            ( - 7.471e+01 1 0)))INFO: dtree.c(1315): Comp split 4
INFO: dtree.c(1439): stop. leaf nodes are specific
INFO: dtree.c(1478): Final simple tree
|( QUESTION0 -1 4.661e+03 2.267e+02 2.119e+02
|    ( - 9.961e+02 1 0)
|    ( - 3.438e+03 2 0))
s>    ( QUESTION0 -1 4.661e+03 2.267e+02 2.119e+02
s>        ( - 9.961e+02 1 0)
s>        ( - 3.438e+03 2 0))INFO: dtree.c(1439): stop. leaf nodes are specific
INFO: dtree.c(1478): Final simple tree
|( QUESTION3 -1 3.314e+03 2.357e+02 1.495e+02
|    ( - 2.222e+03 2 0)
|    ( - 8.556e+02 1 0))
s>    ( QUESTION3 -1 3.314e+03 2.357e+02 1.495e+02
s>        ( - 2.222e+03 2 0)
s>        ( - 8.556e+02 1 0))INFO: dtree.c(1315): Comp split 5
INFO: dtree.c(1439): stop. leaf nodes are specific
INFO: dtree.c(1478): Final simple tree
|( QUESTION0 -1 1.727e+03 2.043e+02 8.576e+01
|    ( - 7.882e+02 1 0)
|    ( - 7.343e+02 2 0))
s>    ( QUESTION0 -1 1.727e+03 2.043e+02 8.576e+01
s>        ( - 7.882e+02 1 0)
s>        ( - 7.343e+02 2 0))INFO: dtree.c(1439): stop. leaf nodes are specific
INFO: dtree.c(1478): Final simple tree
|( SILENCE -1 1.967e+03 9.460e+01 9.663e+01
|    ( - 1.771e+03 1 0)
|    ( - 1.021e+02 1 0))
s>    ( SILENCE -1 1.967e+03 9.460e+01 9.663e+01
s>        ( - 1.771e+03 1 0)
s>        ( - 1.021e+02 1 0))INFO: dtree.c(1315): Comp split 6
INFO: dtree.c(1439): stop. leaf nodes are specific
INFO: dtree.c(1478): Final simple tree
|( QUESTION1 -1 1.510e+03 1.724e+02 7.701e+01
|    ( QUESTION2 -1 5.470e+02 6.083e+01 3.300e+01
|        ( - 6.484e+01 1 0)
|        ( WDBNDRY_B 0 4.213e+02 2.585e+01 2.600e+01
|            ( - 3.895e+02 1 0)
|            ( - 5.949e+00 1 0)))
|    ( QUESTION14 -1 7.904e+02 1.065e+02 4.401e+01
|        ( - 3.593e+02 1 0)
|        ( QUESTION17 -1 3.247e+02 6.729e+01 2.201e+01
|            ( - 1.800e+02 1 0)
|            ( QUESTION0 -1 7.739e+01 1.760e+01 9.014e+00
|                ( - 9.695e+00 1 0)
|                ( - 5.009e+01 1 0)))))
s>    ( QUESTION1 -1 1.510e+03 1.724e+02 7.701e+01
s>        ( QUESTION2 -1 5.470e+02 6.083e+01 3.300e+01
s>            ( - 6.484e+01 1 0)
s>            ( WDBNDRY_B 0 4.213e+02 2.585e+01 2.600e+01
s>                ( - 3.895e+02 1 0)
s>                ( - 5.949e+00 1 0)))
s>        ( QUESTION14 -1 7.904e+02 1.065e+02 4.401e+01
s>            ( - 3.593e+02 1 0)
s>            ( QUESTION17 -1 3.247e+02 6.729e+01 2.201e+01
s>                ( - 1.800e+02 1 0)
s>                ( QUESTION0 -1 7.739e+01 1.760e+01 9.014e+00
s>                    ( - 9.695e+00 1 0)
s>                    ( - 5.009e+01 1 0)))))INFO: dtree.c(1439): stop. leaf nodes are specific
INFO: dtree.c(1478): Final simple tree
|( QUESTION2_7_L -1 9.804e+02 1.217e+02 4.998e+01
|    ( QUESTION2 -1 3.487e+02 6.375e+01 2.098e+01
|        ( - 2.139e+02 2 0)
|        ( QUESTION1 -1 7.104e+01 2.294e+01 7.000e+00
|            ( - 3.348e+01 1 0)
|            ( - 1.463e+01 1 0)))
|    ( QUESTION2_11_L -1 5.101e+02 8.324e+01 2.900e+01
|        ( - 1.143e+02 1 0)
|        ( SILENCE -1 3.125e+02 5.596e+01 2.000e+01
|            ( - 1.426e+02 1 0)
|            ( QUESTION0 -1 1.140e+02 3.075e+01 8.000e+00
|                ( - 3.037e+01 1 0)
|                ( - 5.288e+01 1 0)))))
s>    ( QUESTION2_7_L -1 9.804e+02 1.217e+02 4.998e+01
s>        ( QUESTION2 -1 3.487e+02 6.375e+01 2.098e+01
s>            ( - 2.139e+02 2 0)
s>            ( QUESTION1 -1 7.104e+01 2.294e+01 7.000e+00
s>                ( - 3.348e+01 1 0)
s>                ( - 1.463e+01 1 0)))
s>        ( QUESTION2_11_L -1 5.101e+02 8.324e+01 2.900e+01
s>            ( - 1.143e+02 1 0)
s>            ( SILENCE -1 3.125e+02 5.596e+01 2.000e+01
s>                ( - 1.426e+02 1 0)
s>                ( QUESTION0 -1 1.140e+02 3.075e+01 8.000e+00
s>                    ( - 3.037e+01 1 0)
s>                    ( - 5.288e+01 1 0)))))INFO: dtree.c(1315): Comp split 7
INFO: dtree.c(1315): Comp split 8
INFO: dtree.c(1439): stop. leaf nodes are specific
INFO: dtree.c(1478): Final simple tree
|( QUESTION7 -1 8.290e+02 1.311e+02 3.700e+01
|    ( - 3.102e+02 1 0)
|    ( QUESTION10 -1 3.878e+02 7.544e+01 1.900e+01
|        ( QUESTION2_11_L -1 1.466e+02 3.318e+01 8.000e+00
|            ( QUESTION11 -1 6.997e+01 1.763e+01 3.000e+00
|                ( - 1.519e+01 1 0)
|                ( - 3.715e+01 1 0))
|            ( - 4.346e+01 1 0))
|        ( QUESTION0 -1 1.657e+02 3.816e+01 1.100e+01
|            ( - 2.716e+01 1 0)
|            ( - 1.004e+02 1 0))))
s>    ( QUESTION7 -1 8.290e+02 1.311e+02 3.700e+01
s>        ( - 3.102e+02 1 0)
s>        ( QUESTION10 -1 3.878e+02 7.544e+01 1.900e+01
s>            ( QUESTION2_11_L -1 1.466e+02 3.318e+01 8.000e+00
s>                ( QUESTION11 -1 6.997e+01 1.763e+01 3.000e+00
s>                    ( - 1.519e+01 1 0)
s>                    ( - 3.715e+01 1 0))
s>                ( - 4.346e+01 1 0))
s>            ( QUESTION0 -1 1.657e+02 3.816e+01 1.100e+01
s>                ( - 2.716e+01 1 0)
s>                ( - 1.004e+02 1 0))))INFO: dtree.c(1439): stop. leaf nodes are specific
INFO: dtree.c(1478): Final simple tree
|( QUESTION2 -1 5.370e+02 8.582e+01 2.700e+01
|    ( - 2.104e+02 2 0)
|    ( QUESTION1 -1 2.407e+02 4.879e+01 1.100e+01
|        ( WDBNDRY_B 0 1.141e+02 3.188e+01 8.000e+00
|            ( - 3.907e+01 1 0)
|            ( - 4.311e+01 1 0))
|        ( WDBNDRY_B 0 7.791e+01 1.277e+01 3.000e+00
|            ( QUESTION11 -1 8.909e+00 8.364e+00 2.000e+00
|                ( - 2.727e-01 1 0)
|                ( - 2.727e-01 1 0))
|            ( - 5.623e+01 1 0))))
s>    ( QUESTION2 -1 5.370e+02 8.582e+01 2.700e+01
s>        ( - 2.104e+02 2 0)
s>        ( QUESTION1 -1 2.407e+02 4.879e+01 1.100e+01
s>            ( WDBNDRY_B 0 1.141e+02 3.188e+01 8.000e+00
s>                ( - 3.907e+01 1 0)
s>                ( - 4.311e+01 1 0))
s>            ( WDBNDRY_B 0 7.791e+01 1.277e+01 3.000e+00
s>                ( QUESTION11 -1 8.909e+00 8.364e+00 2.000e+00
s>                    ( - 2.727e-01 1 0)
s>                    ( - 2.727e-01 1 0))
s>                ( - 5.623e+01 1 0))))INFO: dtree.c(1315): Comp split 9
INFO: dtree.c(1315): Comp split 10
INFO: dtree.c(1315): Comp split 11
INFO: dtree.c(1439): stop. leaf nodes are specific
INFO: dtree.c(1478): Final simple tree
|( QUESTION7 -1 7.066e+02 9.036e+01 4.201e+01
|    ( WDBNDRY_B 0 4.213e+02 2.585e+01 2.600e+01
|        ( - 3.895e+02 1 0)
|        ( - 5.949e+00 1 0))
|    ( QUESTION1 -1 1.950e+02 5.278e+01 1.601e+01
|        ( - 6.484e+01 1 0)
|        ( QUESTION0 -1 7.739e+01 1.760e+01 9.014e+00
|            ( - 9.695e+00 1 0)
|            ( - 5.009e+01 1 0))))
s>    ( QUESTION7 -1 7.066e+02 9.036e+01 4.201e+01
s>        ( WDBNDRY_B 0 4.213e+02 2.585e+01 2.600e+01
s>            ( - 3.895e+02 1 0)
s>            ( - 5.949e+00 1 0))
s>        ( QUESTION1 -1 1.950e+02 5.278e+01 1.601e+01
s>            ( - 6.484e+01 1 0)
s>            ( QUESTION0 -1 7.739e+01 1.760e+01 9.014e+00
s>                ( - 9.695e+00 1 0)
s>                ( - 5.009e+01 1 0))))INFO: dtree.c(1439): stop. leaf nodes are specific
INFO: dtree.c(1478): Final simple tree
|( QUESTION14 -1 6.307e+02 9.146e+01 3.500e+01
|    ( - 3.593e+02 1 0)
|    ( - 1.800e+02 1 0))
s>    ( QUESTION14 -1 6.307e+02 9.146e+01 3.500e+01
s>        ( - 3.593e+02 1 0)
s>        ( - 1.800e+02 1 0))INFO: dtree.c(1315): Comp split 12
INFO: dtree.c(1439): stop. leaf nodes are specific
INFO: dtree.c(1478): Final simple tree
|( QUESTION0 -1 1.820e+02 4.568e+01 1.400e+01
|    ( - 6.159e+01 1 0)
|    ( - 7.471e+01 1 0))
s>    ( QUESTION0 -1 1.820e+02 4.568e+01 1.400e+01
s>        ( - 6.159e+01 1 0)
s>        ( - 7.471e+01 1 0))INFO: dtree.c(1315): Comp split 13
INFO: dtree.c(1439): stop. leaf nodes are specific
INFO: dtree.c(1478): Final simple tree
|( QUESTION1 -1 3.947e+02 4.739e+01 2.000e+01
|    ( - 3.102e+02 1 0)
|    ( - 3.715e+01 1 0))
s>    ( QUESTION1 -1 3.947e+02 4.739e+01 2.000e+01
s>        ( - 3.102e+02 1 0)
s>        ( - 3.715e+01 1 0))INFO: dtree.c(1439): stop. leaf nodes are specific
INFO: dtree.c(1478): Final simple tree
|( QUESTION0 -1 3.030e+02 6.126e+01 1.700e+01
|    ( QUESTION1 -1 1.413e+02 3.763e+01 1.000e+01
|        ( - 2.716e+01 1 0)
|        ( QUESTION2_11_L -1 7.649e+01 1.784e+01 6.000e+00
|            ( - 1.519e+01 1 0)
|            ( - 4.346e+01 1 0)))
|    ( - 1.004e+02 1 0))
s>    ( QUESTION0 -1 3.030e+02 6.126e+01 1.700e+01
s>        ( QUESTION1 -1 1.413e+02 3.763e+01 1.000e+01
s>            ( - 2.716e+01 1 0)
s>            ( QUESTION2_11_L -1 7.649e+01 1.784e+01 6.000e+00
s>                ( - 1.519e+01 1 0)
s>                ( - 4.346e+01 1 0)))
s>        ( - 1.004e+02 1 0))INFO: dtree.c(1315): Comp split 14
INFO: dtree.c(1439): stop. leaf nodes are specific
INFO: dtree.c(1478): Final simple tree
|( SILENCE -1 3.977e+02 6.796e+01 2.400e+01
|    ( - 1.426e+02 1 0)
|    ( QUESTION10 -1 1.872e+02 4.053e+01 1.200e+01
|        ( - 3.037e+01 1 0)
|        ( QUESTION0 -1 1.163e+02 2.995e+01 9.000e+00
|            ( - 3.348e+01 1 0)
|            ( - 5.288e+01 1 0))))
s>    ( SILENCE -1 3.977e+02 6.796e+01 2.400e+01
s>        ( - 1.426e+02 1 0)
s>        ( QUESTION10 -1 1.872e+02 4.053e+01 1.200e+01
s>            ( - 3.037e+01 1 0)
s>            ( QUESTION0 -1 1.163e+02 2.995e+01 9.000e+00
s>                ( - 3.348e+01 1 0)
s>                ( - 5.288e+01 1 0))))INFO: dtree.c(1439): stop. leaf nodes are specific
INFO: dtree.c(1478): Final simple tree
|( QUESTION11 -1 4.522e+02 7.838e+01 2.598e+01
|    ( - 1.143e+02 1 0)
|    ( QUESTION1 -1 2.595e+02 3.099e+01 1.698e+01
|        ( - 2.139e+02 2 0)
|        ( - 1.463e+01 1 0)))
s>    ( QUESTION11 -1 4.522e+02 7.838e+01 2.598e+01
s>        ( - 1.143e+02 1 0)
s>        ( QUESTION1 -1 2.595e+02 3.099e+01 1.698e+01
s>            ( - 2.139e+02 2 0)
s>            ( - 1.463e+01 1 0)))INFO: dtree.c(1315): Comp split 15
INFO: dtree.c(1315): Comp split 16
INFO: dtree.c(1439): stop. leaf nodes are specific
INFO: dtree.c(1478): Final simple tree
|( QUESTION2 -1 2.237e+02 5.705e+01 1.701e+01
|    ( - 6.484e+01 1 0)
|    ( QUESTION0 -1 1.018e+02 2.531e+01 1.001e+01
|        ( WDBNDRY_B 0 2.642e+01 1.078e+01 4.000e+00
|            ( - 9.695e+00 1 0)
|            ( - 5.949e+00 1 0))
|        ( - 5.009e+01 1 0)))
s>    ( QUESTION2 -1 2.237e+02 5.705e+01 1.701e+01
s>        ( - 6.484e+01 1 0)
s>        ( QUESTION0 -1 1.018e+02 2.531e+01 1.001e+01
s>            ( WDBNDRY_B 0 2.642e+01 1.078e+01 4.000e+00
s>                ( - 9.695e+00 1 0)
s>                ( - 5.949e+00 1 0))
s>            ( - 5.009e+01 1 0)))INFO: dtree.c(1315): Comp split 17
INFO: dtree.c(1315): Comp split 18
INFO: dtree.c(1439): stop. leaf nodes are specific
INFO: dtree.c(1478): Final simple tree
|( WDBNDRY_B 0 1.530e+02 3.725e+01 1.000e+01
|    ( QUESTION1 -1 7.266e+01 2.468e+01 7.000e+00
|        ( - 3.907e+01 1 0)
|        ( QUESTION11 -1 8.909e+00 8.364e+00 2.000e+00
|            ( - 2.727e-01 1 0)
|            ( - 2.727e-01 1 0)))
|    ( - 4.311e+01 1 0))
s>    ( WDBNDRY_B 0 1.530e+02 3.725e+01 1.000e+01
s>        ( QUESTION1 -1 7.266e+01 2.468e+01 7.000e+00
s>            ( - 3.907e+01 1 0)
s>            ( QUESTION11 -1 8.909e+00 8.364e+00 2.000e+00
s>                ( - 2.727e-01 1 0)
s>                ( - 2.727e-01 1 0)))
s>        ( - 4.311e+01 1 0))INFO: dtree.c(1439): stop. leaf nodes are specific
INFO: dtree.c(1478): Final simple tree
|( WDBNDRY_B 0 2.956e+02 2.893e+01 1.700e+01
|    ( - 2.104e+02 2 0)
|    ( - 5.623e+01 1 0))
s>    ( WDBNDRY_B 0 2.956e+02 2.893e+01 1.700e+01
s>        ( - 2.104e+02 2 0)
s>        ( - 5.623e+01 1 0))INFO: dtree.c(1315): Comp split 19
INFO: dtree.c(1439): stop. leaf nodes are specific
INFO: dtree.c(1478): Final simple tree
|( QUESTION1 -1 2.595e+02 3.099e+01 1.698e+01
|    ( - 2.139e+02 2 0)
|    ( - 1.463e+01 1 0))
s>    ( QUESTION1 -1 2.595e+02 3.099e+01 1.698e+01
s>        ( - 2.139e+02 2 0)
s>        ( - 1.463e+01 1 0))INFO: dtree.c(1315): Comp split 20
INFO: dtree.c(1439): stop. leaf nodes are specific
INFO: dtree.c(1478): Final simple tree
|( QUESTION0 -1 1.163e+02 2.995e+01 9.000e+00
|    ( - 3.348e+01 1 0)
|    ( - 5.288e+01 1 0))
s>    ( QUESTION0 -1 1.163e+02 2.995e+01 9.000e+00
s>        ( - 3.348e+01 1 0)
s>        ( - 5.288e+01 1 0))INFO: dtree.c(1439): stop. leaf nodes are specific
INFO: dtree.c(1478): Final simple tree
|( SILENCE -1 2.065e+02 3.354e+01 1.500e+01
|    ( - 1.426e+02 1 0)
|    ( - 3.037e+01 1 0))
s>    ( SILENCE -1 2.065e+02 3.354e+01 1.500e+01
s>        ( - 1.426e+02 1 0)
s>        ( - 3.037e+01 1 0))INFO: dtree.c(1315): Comp split 21
INFO: dtree.c(1439): stop. leaf nodes are specific
INFO: dtree.c(1478): Final simple tree
|( QUESTION1 -1 1.413e+02 3.763e+01 1.000e+01
|    ( - 2.716e+01 1 0)
|    ( QUESTION2_11_L -1 7.649e+01 1.784e+01 6.000e+00
|        ( - 1.519e+01 1 0)
|        ( - 4.346e+01 1 0)))
s>    ( QUESTION1 -1 1.413e+02 3.763e+01 1.000e+01
s>        ( - 2.716e+01 1 0)
s>        ( QUESTION2_11_L -1 7.649e+01 1.784e+01 6.000e+00
s>            ( - 1.519e+01 1 0)
s>            ( - 4.346e+01 1 0)))INFO: dtree.c(1315): Comp split 22
INFO: dtree.c(1439): stop. leaf nodes are specific
INFO: dtree.c(1478): Final simple tree
|( QUESTION0 -1 1.018e+02 2.531e+01 1.001e+01
|    ( WDBNDRY_B 0 2.642e+01 1.078e+01 4.000e+00
|        ( - 9.695e+00 1 0)
|        ( - 5.949e+00 1 0))
|    ( - 5.009e+01 1 0))
s>    ( QUESTION0 -1 1.018e+02 2.531e+01 1.001e+01
s>        ( WDBNDRY_B 0 2.642e+01 1.078e+01 4.000e+00
s>            ( - 9.695e+00 1 0)
s>            ( - 5.949e+00 1 0))
s>        ( - 5.009e+01 1 0))INFO: dtree.c(1315): Comp split 23
INFO: dtree.c(1315): Comp split 24
INFO: dtree.c(1315): Comp split 25
INFO: dtree.c(1439): stop. leaf nodes are specific
INFO: dtree.c(1478): Final simple tree
|( WDBNDRY_B 0 7.225e+01 2.024e+01 5.000e+00
|    ( QUESTION11 -1 8.909e+00 8.364e+00 2.000e+00
|        ( - 2.727e-01 1 0)
|        ( - 2.727e-01 1 0))
|    ( - 4.311e+01 1 0))
s>    ( WDBNDRY_B 0 7.225e+01 2.024e+01 5.000e+00
s>        ( QUESTION11 -1 8.909e+00 8.364e+00 2.000e+00
s>            ( - 2.727e-01 1 0)
s>            ( - 2.727e-01 1 0))
s>        ( - 4.311e+01 1 0))INFO: dtree.c(1315): Comp split 26
INFO: dtree.c(1439): stop. leaf nodes are specific
INFO: dtree.c(1478): Final simple tree
|( QUESTION2_11_L -1 7.649e+01 1.784e+01 6.000e+00
|    ( - 1.519e+01 1 0)
|    ( - 4.346e+01 1 0))
s>    ( QUESTION2_11_L -1 7.649e+01 1.784e+01 6.000e+00
s>        ( - 1.519e+01 1 0)
s>        ( - 4.346e+01 1 0))INFO: dtree.c(1315): Comp split 27
INFO: dtree.c(1315): Comp split 28
INFO: dtree.c(1315): Comp split 29
INFO: dtree.c(1315): Comp split 30
INFO: dtree.c(1315): Comp split 31
INFO: dtree.c(1439): stop. leaf nodes are specific
INFO: dtree.c(1478): Final simple tree
|( WDBNDRY_B 0 2.642e+01 1.078e+01 4.000e+00
|    ( - 9.695e+00 1 0)
|    ( - 5.949e+00 1 0))
s>    ( WDBNDRY_B 0 2.642e+01 1.078e+01 4.000e+00
s>        ( - 9.695e+00 1 0)
s>        ( - 5.949e+00 1 0))INFO: dtree.c(1315): Comp split 32
INFO: dtree.c(1439): stop. leaf nodes are specific
INFO: dtree.c(1478): Final simple tree
|( QUESTION11 -1 8.909e+00 8.364e+00 2.000e+00
|    ( - 2.727e-01 1 0)
|    ( - 2.727e-01 1 0))
s>    ( QUESTION11 -1 8.909e+00 8.364e+00 2.000e+00
s>        ( - 2.727e-01 1 0)
s>        ( - 2.727e-01 1 0))INFO: dtree.c(1315): Comp split 33
INFO: dtree.c(1315): Comp split 34
INFO: dtree.c(1315): Comp split 35
INFO: dtree.c(1315): Comp split 36
INFO: dtree.c(1318): stop. leaf nodes are specific
Fri Nov  2 10:07:54 2018
