Current configuration:
[NAME]		[DEFLT]	[VALUE]
-allphones	no	no
-cntthresh	0.00001	1.000000e-05
-csplitmax	100	2000
-csplitmin	1	1
-csplitthr	8e-4	0.000000e+00
-example	no	no
-fullvar	no	no
-help		no	no
-meanfn			
-mixwfn			/home/sdv/Documents/SDV/SDVoice/an4/model_parameters/an4.cd_semi_untied/mixture_weights
-moddeffn		/home/sdv/Documents/SDV/SDVoice/an4/model_architecture/an4.untied.mdef
-mwfloor	1e-4	1.000000e-08
-phone			HH
-psetfn			/home/sdv/Documents/SDV/SDVoice/an4/model_architecture/an4.tree_questions
-ssplitmax	5	7
-ssplitmin	1	1
-ssplitthr	8e-4	0.000000e+00
-state			1
-stwt			1.0,0.05,0.0,
-treefn			/home/sdv/Documents/SDV/SDVoice/an4/trees/an4.unpruned/HH-1.dtree
-ts2cbfn	.semi.	.semi.
-varfloor	0.00001	1.000000e-05
-varfn			

INFO: main.c(223): Reading: /home/sdv/Documents/SDV/SDVoice/an4/model_architecture/an4.untied.mdef
INFO: model_def_io.c(573): Model definition info:
INFO: model_def_io.c(574): 1618 total models defined (34 base, 1584 tri)
INFO: model_def_io.c(575): 6472 total states
INFO: model_def_io.c(576): 4854 total tied states
INFO: model_def_io.c(577): 102 total tied CI states
INFO: model_def_io.c(578): 34 total tied transition matrices
INFO: model_def_io.c(579): 4 max state/model
INFO: model_def_io.c(580): 4 min state/model
INFO: main.c(242): Building trees for [HH AH AE b] through [HH V W b]
INFO: main.c(269): Covering states |[1746 1808]| == 63
INFO: main.c(275): Reading: /home/sdv/Documents/SDV/SDVoice/an4/model_parameters/an4.cd_semi_untied/mixture_weights
INFO: s3mixw_io.c(173): Read /home/sdv/Documents/SDV/SDVoice/an4/model_parameters/an4.cd_semi_untied/mixture_weights [63x4x256 array]
INFO: main.c(311): 21 of 21 models have observation count greater than 0.000010
INFO: main.c(95): nrm stwt: 0.045 0.909 0.045 
INFO: main.c(411): 21-class entropy: 1.575326e+04
INFO: main.c(549): Reading: /home/sdv/Documents/SDV/SDVoice/an4/model_architecture/an4.tree_questions
INFO: main.c(588): 176 total simple questions (168 phone; 8 word bndry)
INFO: main.c(590): 42 Left Only questions, and 42 Right Only questions
INFO: dtree.c(1478): Final simple tree
|( QUESTION2_7_L -1 2.085e+04 1.254e+03 8.600e+02
|    ( QUESTION14 -1 1.039e+04 7.941e+02 4.502e+02
|        ( - 2.736e+03 3 0 QUESTION0_0_R 1 3.255e+01 1.541e+02)
|        ( QUESTION2 -1 6.865e+03 4.542e+02 2.961e+02
|            ( - 4.151e+03 3 0 QUESTION0_0_R 1 4.006e+01 1.885e+02)
|            ( QUESTION1 -1 2.260e+03 2.563e+02 1.076e+02
|                ( - 1.061e+03 2 0 QUESTION0_0_R 1 7.843e+01 5.533e+01)
|                ( - 9.430e+02 3 0 QUESTION17 -1 1.416e+02 5.225e+01))))
|    ( SILENCE -1 9.201e+03 5.227e+02 4.098e+02
|        ( QUESTION0_0_R 1 6.229e+03 2.377e+02 3.025e+02
|            ( - 5.781e+03 1 0)
|            ( - 2.103e+02 1 0))
|        ( QUESTION10 -1 2.449e+03 2.595e+02 1.073e+02
|            ( - 1.329e+03 4 0 QUESTION11 -1 1.728e+02 6.469e+01)
|            ( - 8.606e+02 4 0 QUESTION0 -1 1.070e+02 4.264e+01))))
s>    ( QUESTION2_7_L -1 2.085e+04 1.254e+03 8.600e+02
s>        ( QUESTION14 -1 1.039e+04 7.941e+02 4.502e+02
s>            ( - 2.736e+03 3 0 QUESTION0_0_R 1 3.255e+01 1.541e+02)
s>            ( QUESTION2 -1 6.865e+03 4.542e+02 2.961e+02
s>                ( - 4.151e+03 3 0 QUESTION0_0_R 1 4.006e+01 1.885e+02)
s>                ( QUESTION1 -1 2.260e+03 2.563e+02 1.076e+02
s>                    ( - 1.061e+03 2 0 QUESTION0_0_R 1 7.843e+01 5.533e+01)
s>                    ( - 9.430e+02 3 0 QUESTION17 -1 1.416e+02 5.225e+01))))
s>        ( SILENCE -1 9.201e+03 5.227e+02 4.098e+02
s>            ( QUESTION0_0_R 1 6.229e+03 2.377e+02 3.025e+02
s>                ( - 5.781e+03 1 0)
s>                ( - 2.103e+02 1 0))
s>            ( QUESTION10 -1 2.449e+03 2.595e+02 1.073e+02
s>                ( - 1.329e+03 4 0 QUESTION11 -1 1.728e+02 6.469e+01)
s>                ( - 8.606e+02 4 0 QUESTION0 -1 1.070e+02 4.264e+01))))INFO: dtree.c(1315): Comp split 0
INFO: dtree.c(1478): Final simple tree
|( SILENCE -1 1.012e+04 6.095e+02 4.471e+02
|    ( - 5.781e+03 1 0)
|    ( QUESTION10 -1 3.726e+03 3.723e+02 1.596e+02
|        ( QUESTION11 -1 1.466e+03 1.882e+02 7.069e+01
|            ( - 7.431e+02 2 0 QUESTION0_0_R 1 2.802e+01 3.969e+01)
|            ( QUESTION2_7_L -1 5.350e+02 7.267e+01 3.100e+01
|                ( - 4.922e+01 1 0)
|                ( - 4.131e+02 2 0 QUESTION0_0_R 1 6.350e+01 2.500e+01)))
|        ( QUESTION2_7_L -1 1.887e+03 2.248e+02 8.888e+01
|            ( QUESTION16 -1 8.018e+02 1.207e+02 4.625e+01
|                ( - 1.734e+02 1 0)
|                ( - 5.077e+02 1 0))
|            ( QUESTION0 -1 8.606e+02 1.070e+02 4.264e+01
|                ( - 6.310e+02 2 0 QUESTION0_0_R 1 4.526e+01 3.664e+01)
|                ( - 1.226e+02 2 0 QUESTION0_1_R 1 2.354e+01 6.000e+00)))))
s>    ( SILENCE -1 1.012e+04 6.095e+02 4.471e+02
s>        ( - 5.781e+03 1 0)
s>        ( QUESTION10 -1 3.726e+03 3.723e+02 1.596e+02
s>            ( QUESTION11 -1 1.466e+03 1.882e+02 7.069e+01
s>                ( - 7.431e+02 2 0 QUESTION0_0_R 1 2.802e+01 3.969e+01)
s>                ( QUESTION2_7_L -1 5.350e+02 7.267e+01 3.100e+01
s>                    ( - 4.922e+01 1 0)
s>                    ( - 4.131e+02 2 0 QUESTION0_0_R 1 6.350e+01 2.500e+01)))
s>            ( QUESTION2_7_L -1 1.887e+03 2.248e+02 8.888e+01
s>                ( QUESTION16 -1 8.018e+02 1.207e+02 4.625e+01
s>                    ( - 1.734e+02 1 0)
s>                    ( - 5.077e+02 1 0))
s>                ( QUESTION0 -1 8.606e+02 1.070e+02 4.264e+01
s>                    ( - 6.310e+02 2 0 QUESTION0_0_R 1 4.526e+01 3.664e+01)
s>                    ( - 1.226e+02 2 0 QUESTION0_1_R 1 2.354e+01 6.000e+00)))))INFO: dtree.c(1439): stop. leaf nodes are specific
INFO: dtree.c(1478): Final simple tree
|( QUESTION13 -1 9.472e+03 7.278e+02 4.129e+02
|    ( QUESTION0_0_R 1 2.736e+03 3.255e+01 1.541e+02
|        ( - 2.703e+03 2 0)
|        ( - 0.000e+00 1 0))
|    ( QUESTION2 -1 6.008e+03 4.053e+02 2.589e+02
|        ( QUESTION0_0_R 1 4.151e+03 4.006e+01 1.885e+02
|            ( - 4.105e+03 2 0)
|            ( - 5.270e+00 1 0))
|        ( QUESTION0_0_R 1 1.452e+03 2.041e+02 7.033e+01
|            ( - 9.502e+02 1 0)
|            ( SILENCE -1 2.981e+02 5.560e+01 1.900e+01
|                ( - 2.103e+02 1 0)
|                ( - 3.221e+01 1 0)))))
s>    ( QUESTION13 -1 9.472e+03 7.278e+02 4.129e+02
s>        ( QUESTION0_0_R 1 2.736e+03 3.255e+01 1.541e+02
s>            ( - 2.703e+03 2 0)
s>            ( - 0.000e+00 1 0))
s>        ( QUESTION2 -1 6.008e+03 4.053e+02 2.589e+02
s>            ( QUESTION0_0_R 1 4.151e+03 4.006e+01 1.885e+02
s>                ( - 4.105e+03 2 0)
s>                ( - 5.270e+00 1 0))
s>            ( QUESTION0_0_R 1 1.452e+03 2.041e+02 7.033e+01
s>                ( - 9.502e+02 1 0)
s>                ( SILENCE -1 2.981e+02 5.560e+01 1.900e+01
s>                    ( - 2.103e+02 1 0)
s>                    ( - 3.221e+01 1 0)))))INFO: dtree.c(1315): Comp split 1
INFO: dtree.c(1439): stop. leaf nodes are specific
INFO: dtree.c(1478): Final simple tree
|( QUESTION0_0_R 1 2.875e+03 1.245e+02 1.581e+02
|    ( - 2.703e+03 2 0)
|    ( QUESTION0 -1 4.671e+01 1.451e+01 5.000e+00
|        ( - 3.221e+01 1 0)
|        ( - 0.000e+00 1 0)))
s>    ( QUESTION0_0_R 1 2.875e+03 1.245e+02 1.581e+02
s>        ( - 2.703e+03 2 0)
s>        ( QUESTION0 -1 4.671e+01 1.451e+01 5.000e+00
s>            ( - 3.221e+01 1 0)
s>            ( - 0.000e+00 1 0)))INFO: dtree.c(1439): stop. leaf nodes are specific
INFO: dtree.c(1478): Final simple tree
|( QUESTION2 -1 5.869e+03 3.819e+02 2.549e+02
|    ( QUESTION0_0_R 1 4.151e+03 4.006e+01 1.885e+02
|        ( - 4.105e+03 2 0)
|        ( - 5.270e+00 1 0))
|    ( SILENCE -1 1.336e+03 1.759e+02 6.633e+01
|        ( - 2.103e+02 1 0)
|        ( - 9.502e+02 1 0)))
s>    ( QUESTION2 -1 5.869e+03 3.819e+02 2.549e+02
s>        ( QUESTION0_0_R 1 4.151e+03 4.006e+01 1.885e+02
s>            ( - 4.105e+03 2 0)
s>            ( - 5.270e+00 1 0))
s>        ( SILENCE -1 1.336e+03 1.759e+02 6.633e+01
s>            ( - 2.103e+02 1 0)
s>            ( - 9.502e+02 1 0)))INFO: dtree.c(1315): Comp split 2
INFO: dtree.c(1439): stop. leaf nodes are specific
INFO: dtree.c(1478): Final simple tree
|( SILENCE -1 5.916e+03 8.530e+01 2.935e+02
|    ( - 5.781e+03 1 0)
|    ( - 4.922e+01 1 0))
s>    ( SILENCE -1 5.916e+03 8.530e+01 2.935e+02
s>        ( - 5.781e+03 1 0)
s>        ( - 4.922e+01 1 0))INFO: dtree.c(1478): Final simple tree
|( QUESTION10 -1 3.580e+03 3.636e+02 1.536e+02
|    ( QUESTION11 -1 1.329e+03 1.728e+02 6.469e+01
|        ( - 7.431e+02 2 0 QUESTION0_0_R 1 2.802e+01 3.969e+01)
|        ( QUESTION0_0_R 1 4.131e+02 6.350e+01 2.500e+01
|            ( - 3.155e+02 1 0)
|            ( - 3.408e+01 1 0)))
|    ( QUESTION2_7_L -1 1.887e+03 2.248e+02 8.888e+01
|        ( QUESTION16 -1 8.018e+02 1.207e+02 4.625e+01
|            ( - 1.734e+02 1 0)
|            ( - 5.077e+02 1 0))
|        ( QUESTION0 -1 8.606e+02 1.070e+02 4.264e+01
|            ( QUESTION0_0_R 1 6.310e+02 4.526e+01 3.664e+01
|                ( - 5.774e+02 1 0)
|                ( - 8.319e+00 1 0))
|            ( - 1.226e+02 2 0 QUESTION0_1_R 1 2.354e+01 6.000e+00))))
s>    ( QUESTION10 -1 3.580e+03 3.636e+02 1.536e+02
s>        ( QUESTION11 -1 1.329e+03 1.728e+02 6.469e+01
s>            ( - 7.431e+02 2 0 QUESTION0_0_R 1 2.802e+01 3.969e+01)
s>            ( QUESTION0_0_R 1 4.131e+02 6.350e+01 2.500e+01
s>                ( - 3.155e+02 1 0)
s>                ( - 3.408e+01 1 0)))
s>        ( QUESTION2_7_L -1 1.887e+03 2.248e+02 8.888e+01
s>            ( QUESTION16 -1 8.018e+02 1.207e+02 4.625e+01
s>                ( - 1.734e+02 1 0)
s>                ( - 5.077e+02 1 0))
s>            ( QUESTION0 -1 8.606e+02 1.070e+02 4.264e+01
s>                ( QUESTION0_0_R 1 6.310e+02 4.526e+01 3.664e+01
s>                    ( - 5.774e+02 1 0)
s>                    ( - 8.319e+00 1 0))
s>                ( - 1.226e+02 2 0 QUESTION0_1_R 1 2.354e+01 6.000e+00))))INFO: dtree.c(1315): Comp split 3
INFO: dtree.c(1439): stop. leaf nodes are specific
INFO: dtree.c(1478): Final simple tree
|( QUESTION0_0_R 1 1.373e+03 1.842e+02 6.733e+01
|    ( - 9.502e+02 1 0)
|    ( SILENCE -1 2.385e+02 2.297e+01 1.600e+01
|        ( - 2.103e+02 1 0)
|        ( - 5.270e+00 1 0)))
s>    ( QUESTION0_0_R 1 1.373e+03 1.842e+02 6.733e+01
s>        ( - 9.502e+02 1 0)
s>        ( SILENCE -1 2.385e+02 2.297e+01 1.600e+01
s>            ( - 2.103e+02 1 0)
s>            ( - 5.270e+00 1 0)))INFO: dtree.c(1315): Comp split 4
INFO: dtree.c(1439): stop. leaf nodes are specific
INFO: dtree.c(1478): Final simple tree
|( QUESTION17 -1 1.633e+03 2.027e+02 8.288e+01
|    ( - 5.077e+02 1 0)
|    ( QUESTION0 -1 9.223e+02 1.179e+02 5.088e+01
|        ( QUESTION0_0_R 1 6.310e+02 4.526e+01 3.664e+01
|            ( - 5.774e+02 1 0)
|            ( - 8.319e+00 1 0))
|        ( - 1.734e+02 1 0)))
s>    ( QUESTION17 -1 1.633e+03 2.027e+02 8.288e+01
s>        ( - 5.077e+02 1 0)
s>        ( QUESTION0 -1 9.223e+02 1.179e+02 5.088e+01
s>            ( QUESTION0_0_R 1 6.310e+02 4.526e+01 3.664e+01
s>                ( - 5.774e+02 1 0)
s>                ( - 8.319e+00 1 0))
s>            ( - 1.734e+02 1 0)))INFO: dtree.c(1439): stop. leaf nodes are specific
INFO: dtree.c(1478): Final simple tree
|( QUESTION11 -1 1.569e+03 1.938e+02 7.069e+01
|    ( QUESTION0_0_R 1 7.431e+02 2.802e+01 3.969e+01
|        ( - 7.147e+02 1 0)
|        ( - 3.636e-01 1 0))
|    ( QUESTION0 -1 6.316e+02 9.594e+01 3.100e+01
|        ( QUESTION0_0_R 1 4.131e+02 6.350e+01 2.500e+01
|            ( - 3.155e+02 1 0)
|            ( - 3.408e+01 1 0))
|        ( QUESTION0_1_R 1 1.226e+02 2.354e+01 6.000e+00
|            ( - 8.000e+00 1 0)
|            ( - 9.107e+01 1 0))))
s>    ( QUESTION11 -1 1.569e+03 1.938e+02 7.069e+01
s>        ( QUESTION0_0_R 1 7.431e+02 2.802e+01 3.969e+01
s>            ( - 7.147e+02 1 0)
s>            ( - 3.636e-01 1 0))
s>        ( QUESTION0 -1 6.316e+02 9.594e+01 3.100e+01
s>            ( QUESTION0_0_R 1 4.131e+02 6.350e+01 2.500e+01
s>                ( - 3.155e+02 1 0)
s>                ( - 3.408e+01 1 0))
s>            ( QUESTION0_1_R 1 1.226e+02 2.354e+01 6.000e+00
s>                ( - 8.000e+00 1 0)
s>                ( - 9.107e+01 1 0))))INFO: dtree.c(1315): Comp split 5
INFO: dtree.c(1439): stop. leaf nodes are specific
INFO: dtree.c(1478): Final simple tree
|( QUESTION0 -1 8.684e+02 1.177e+02 4.888e+01
|    ( - 5.774e+02 1 0)
|    ( - 1.734e+02 1 0))
s>    ( QUESTION0 -1 8.684e+02 1.177e+02 4.888e+01
s>        ( - 5.774e+02 1 0)
s>        ( - 1.734e+02 1 0))INFO: dtree.c(1439): stop. leaf nodes are specific
INFO: dtree.c(1478): Final simple tree
|( QUESTION0_0_R 1 5.558e+02 3.972e+01 3.400e+01
|    ( - 5.077e+02 1 0)
|    ( - 8.319e+00 1 0))
s>    ( QUESTION0_0_R 1 5.558e+02 3.972e+01 3.400e+01
s>        ( - 5.077e+02 1 0)
s>        ( - 8.319e+00 1 0))INFO: dtree.c(1315): Comp split 6
INFO: dtree.c(1439): stop. leaf nodes are specific
INFO: dtree.c(1478): Final simple tree
|( QUESTION0 -1 8.849e+02 7.907e+01 4.269e+01
|    ( - 7.147e+02 1 0)
|    ( - 9.107e+01 1 0))
s>    ( QUESTION0 -1 8.849e+02 7.907e+01 4.269e+01
s>        ( - 7.147e+02 1 0)
s>        ( - 9.107e+01 1 0))INFO: dtree.c(1439): stop. leaf nodes are specific
INFO: dtree.c(1478): Final simple tree
|( QUESTION0_8_R 1 4.885e+02 9.101e+01 2.800e+01
|    ( - 3.155e+02 1 0)
|    ( QUESTION12 -1 8.202e+01 2.833e+01 7.000e+00
|        ( - 3.408e+01 1 0)
|        ( QUESTION0_0_R 1 1.961e+01 1.125e+01 3.000e+00
|            ( - 8.000e+00 1 0)
|            ( - 3.636e-01 1 0))))
s>    ( QUESTION0_8_R 1 4.885e+02 9.101e+01 2.800e+01
s>        ( - 3.155e+02 1 0)
s>        ( QUESTION12 -1 8.202e+01 2.833e+01 7.000e+00
s>            ( - 3.408e+01 1 0)
s>            ( QUESTION0_0_R 1 1.961e+01 1.125e+01 3.000e+00
s>                ( - 8.000e+00 1 0)
s>                ( - 3.636e-01 1 0))))INFO: dtree.c(1315): Comp split 7
INFO: dtree.c(1439): stop. leaf nodes are specific
INFO: dtree.c(1478): Final simple tree
|( SILENCE -1 2.385e+02 2.297e+01 1.600e+01
|    ( - 2.103e+02 1 0)
|    ( - 5.270e+00 1 0))
s>    ( SILENCE -1 2.385e+02 2.297e+01 1.600e+01
s>        ( - 2.103e+02 1 0)
s>        ( - 5.270e+00 1 0))INFO: dtree.c(1315): Comp split 8
INFO: dtree.c(1439): stop. leaf nodes are specific
INFO: dtree.c(1478): Final simple tree
|( QUESTION0 -1 4.671e+01 1.451e+01 5.000e+00
|    ( - 3.221e+01 1 0)
|    ( - 0.000e+00 1 0))
s>    ( QUESTION0 -1 4.671e+01 1.451e+01 5.000e+00
s>        ( - 3.221e+01 1 0)
s>        ( - 0.000e+00 1 0))INFO: dtree.c(1315): Comp split 9
INFO: dtree.c(1315): Comp split 10
INFO: dtree.c(1439): stop. leaf nodes are specific
INFO: dtree.c(1478): Final simple tree
|( QUESTION12 -1 8.202e+01 2.833e+01 7.000e+00
|    ( - 3.408e+01 1 0)
|    ( QUESTION0_0_R 1 1.961e+01 1.125e+01 3.000e+00
|        ( - 8.000e+00 1 0)
|        ( - 3.636e-01 1 0)))
s>    ( QUESTION12 -1 8.202e+01 2.833e+01 7.000e+00
s>        ( - 3.408e+01 1 0)
s>        ( QUESTION0_0_R 1 1.961e+01 1.125e+01 3.000e+00
s>            ( - 8.000e+00 1 0)
s>            ( - 3.636e-01 1 0)))INFO: dtree.c(1315): Comp split 11
INFO: dtree.c(1315): Comp split 12
INFO: dtree.c(1315): Comp split 13
INFO: dtree.c(1315): Comp split 14
INFO: dtree.c(1439): stop. leaf nodes are specific
INFO: dtree.c(1478): Final simple tree
|( QUESTION0_0_R 1 1.961e+01 1.125e+01 3.000e+00
|    ( - 8.000e+00 1 0)
|    ( - 3.636e-01 1 0))
s>    ( QUESTION0_0_R 1 1.961e+01 1.125e+01 3.000e+00
s>        ( - 8.000e+00 1 0)
s>        ( - 3.636e-01 1 0))INFO: dtree.c(1315): Comp split 15
INFO: dtree.c(1315): Comp split 16
INFO: dtree.c(1315): Comp split 17
INFO: dtree.c(1315): Comp split 18
INFO: dtree.c(1318): stop. leaf nodes are specific
Fri Nov  2 10:06:43 2018
