Current configuration:
[NAME]		[DEFLT]	[VALUE]
-allphones	no	no
-cntthresh	0.00001	1.000000e-05
-csplitmax	100	2000
-csplitmin	1	1
-csplitthr	8e-4	0.000000e+00
-example	no	no
-fullvar	no	no
-help		no	no
-meanfn			
-mixwfn			/home/sdv/Documents/SDV/SDVoice/an4/model_parameters/an4.cd_semi_untied/mixture_weights
-moddeffn		/home/sdv/Documents/SDV/SDVoice/an4/model_architecture/an4.untied.mdef
-mwfloor	1e-4	1.000000e-08
-phone			Y
-psetfn			/home/sdv/Documents/SDV/SDVoice/an4/model_architecture/an4.tree_questions
-ssplitmax	5	7
-ssplitmin	1	1
-ssplitthr	8e-4	0.000000e+00
-state			0
-stwt			1.0,0.05,0.0,
-treefn			/home/sdv/Documents/SDV/SDVoice/an4/trees/an4.unpruned/Y-0.dtree
-ts2cbfn	.semi.	.semi.
-varfloor	0.00001	1.000000e-05
-varfn			

INFO: main.c(223): Reading: /home/sdv/Documents/SDV/SDVoice/an4/model_architecture/an4.untied.mdef
INFO: model_def_io.c(573): Model definition info:
INFO: model_def_io.c(574): 1618 total models defined (34 base, 1584 tri)
INFO: model_def_io.c(575): 6472 total states
INFO: model_def_io.c(576): 4854 total tied states
INFO: model_def_io.c(577): 102 total tied CI states
INFO: model_def_io.c(578): 34 total tied transition matrices
INFO: model_def_io.c(579): 4 max state/model
INFO: model_def_io.c(580): 4 min state/model
INFO: main.c(242): Building trees for [Y AH UW b] through [Y UW UW b]
INFO: main.c(269): Covering states |[4725 4778]| == 54
INFO: main.c(275): Reading: /home/sdv/Documents/SDV/SDVoice/an4/model_parameters/an4.cd_semi_untied/mixture_weights
INFO: s3mixw_io.c(173): Read /home/sdv/Documents/SDV/SDVoice/an4/model_parameters/an4.cd_semi_untied/mixture_weights [54x4x256 array]
INFO: main.c(311): 18 of 18 models have observation count greater than 0.000010
INFO: main.c(95): nrm stwt: 0.952 0.048 0.000 
INFO: main.c(411): 18-class entropy: 2.622374e+04
INFO: main.c(549): Reading: /home/sdv/Documents/SDV/SDVoice/an4/model_architecture/an4.tree_questions
INFO: main.c(588): 176 total simple questions (168 phone; 8 word bndry)
INFO: main.c(590): 42 Left Only questions, and 42 Right Only questions
INFO: dtree.c(1478): Final simple tree
|( WDBNDRY_B 0 3.414e+04 1.816e+03 1.302e+03
|    ( QUESTION14 -1 2.215e+04 1.258e+03 8.799e+02
|        ( - 7.498e+03 2 0)
|        ( QUESTION2_6_L -1 1.340e+04 8.672e+02 5.366e+02
|            ( QUESTION0 -1 7.535e+03 5.542e+02 3.187e+02
|                ( QUESTION1 -1 4.329e+03 4.290e+02 1.930e+02
|                    ( - 1.874e+03 4 0 QUESTION2 -1 2.092e+02 9.100e+01)
|                    ( - 2.027e+03 3 0 QUESTION11 -1 2.264e+02 1.020e+02))
|                ( - 2.652e+03 2 0))
|            ( SILENCE -1 4.995e+03 5.562e+02 2.178e+02
|                ( - 3.225e+03 2 0 QUESTION0_0_R 1 1.131e+02 1.528e+02)
|                ( - 1.214e+03 2 0 QUESTION16 -1 1.971e+02 6.502e+01))))
|    ( QUESTION0 -1 1.017e+04 8.334e+02 4.224e+02
|        ( - 2.008e+03 2 0 QUESTION1 -1 8.063e+01 1.028e+02)
|        ( - 7.327e+03 1 0)))
s>    ( WDBNDRY_B 0 3.414e+04 1.816e+03 1.302e+03
s>        ( QUESTION14 -1 2.215e+04 1.258e+03 8.799e+02
s>            ( - 7.498e+03 2 0)
s>            ( QUESTION2_6_L -1 1.340e+04 8.672e+02 5.366e+02
s>                ( QUESTION0 -1 7.535e+03 5.542e+02 3.187e+02
s>                    ( QUESTION1 -1 4.329e+03 4.290e+02 1.930e+02
s>                        ( - 1.874e+03 4 0 QUESTION2 -1 2.092e+02 9.100e+01)
s>                        ( - 2.027e+03 3 0 QUESTION11 -1 2.264e+02 1.020e+02))
s>                    ( - 2.652e+03 2 0))
s>                ( SILENCE -1 4.995e+03 5.562e+02 2.178e+02
s>                    ( - 3.225e+03 2 0 QUESTION0_0_R 1 1.131e+02 1.528e+02)
s>                    ( - 1.214e+03 2 0 QUESTION16 -1 1.971e+02 6.502e+01))))
s>        ( QUESTION0 -1 1.017e+04 8.334e+02 4.224e+02
s>            ( - 2.008e+03 2 0 QUESTION1 -1 8.063e+01 1.028e+02)
s>            ( - 7.327e+03 1 0)))INFO: dtree.c(1315): Comp split 0
INFO: dtree.c(1439): stop. leaf nodes are specific
INFO: dtree.c(1478): Final simple tree
|( QUESTION13 -1 1.434e+04 1.176e+03 5.752e+02
|    ( - 7.327e+03 1 0)
|    ( WDBNDRY_B 0 5.836e+03 6.025e+02 2.556e+02
|        ( QUESTION0_0_R 1 3.225e+03 1.131e+02 1.528e+02
|            ( - 1.249e+02 1 0)
|            ( - 2.987e+03 1 0))
|        ( QUESTION1 -1 2.008e+03 8.063e+01 1.028e+02
|            ( - 3.012e+01 1 0)
|            ( - 1.897e+03 1 0))))
s>    ( QUESTION13 -1 1.434e+04 1.176e+03 5.752e+02
s>        ( - 7.327e+03 1 0)
s>        ( WDBNDRY_B 0 5.836e+03 6.025e+02 2.556e+02
s>            ( QUESTION0_0_R 1 3.225e+03 1.131e+02 1.528e+02
s>                ( - 1.249e+02 1 0)
s>                ( - 2.987e+03 1 0))
s>            ( QUESTION1 -1 2.008e+03 8.063e+01 1.028e+02
s>                ( - 3.012e+01 1 0)
s>                ( - 1.897e+03 1 0))))INFO: dtree.c(1478): Final simple tree
|( QUESTION14 -1 1.790e+04 1.065e+03 7.271e+02
|    ( - 7.498e+03 2 0)
|    ( QUESTION0 -1 9.332e+03 6.455e+02 3.838e+02
|        ( QUESTION1 -1 4.329e+03 4.290e+02 1.930e+02
|            ( QUESTION2 -1 1.874e+03 2.092e+02 9.100e+01
|                ( - 3.110e+02 2 0)
|                ( - 1.354e+03 2 0 QUESTION8 -1 1.654e+02 6.900e+01))
|            ( QUESTION11 -1 2.027e+03 2.264e+02 1.020e+02
|                ( - 5.050e+02 1 0)
|                ( - 1.295e+03 2 0 QUESTION2_7_L -1 1.273e+02 6.900e+01)))
|        ( QUESTION2_0_L -1 4.357e+03 4.912e+02 1.908e+02
|            ( QUESTION16 -1 1.214e+03 1.971e+02 6.502e+01
|                ( - 5.224e+02 1 0)
|                ( - 4.944e+02 1 0))
|            ( - 2.652e+03 2 0))))
s>    ( QUESTION14 -1 1.790e+04 1.065e+03 7.271e+02
s>        ( - 7.498e+03 2 0)
s>        ( QUESTION0 -1 9.332e+03 6.455e+02 3.838e+02
s>            ( QUESTION1 -1 4.329e+03 4.290e+02 1.930e+02
s>                ( QUESTION2 -1 1.874e+03 2.092e+02 9.100e+01
s>                    ( - 3.110e+02 2 0)
s>                    ( - 1.354e+03 2 0 QUESTION8 -1 1.654e+02 6.900e+01))
s>                ( QUESTION11 -1 2.027e+03 2.264e+02 1.020e+02
s>                    ( - 5.050e+02 1 0)
s>                    ( - 1.295e+03 2 0 QUESTION2_7_L -1 1.273e+02 6.900e+01)))
s>            ( QUESTION2_0_L -1 4.357e+03 4.912e+02 1.908e+02
s>                ( QUESTION16 -1 1.214e+03 1.971e+02 6.502e+01
s>                    ( - 5.224e+02 1 0)
s>                    ( - 4.944e+02 1 0))
s>                ( - 2.652e+03 2 0))))INFO: dtree.c(1315): Comp split 1
INFO: dtree.c(1439): stop. leaf nodes are specific
INFO: dtree.c(1478): Final simple tree
|( WDBNDRY_B 0 5.836e+03 6.025e+02 2.556e+02
|    ( QUESTION0_0_R 1 3.225e+03 1.131e+02 1.528e+02
|        ( - 1.249e+02 1 0)
|        ( - 2.987e+03 1 0))
|    ( QUESTION1 -1 2.008e+03 8.063e+01 1.028e+02
|        ( - 3.012e+01 1 0)
|        ( - 1.897e+03 1 0)))
s>    ( WDBNDRY_B 0 5.836e+03 6.025e+02 2.556e+02
s>        ( QUESTION0_0_R 1 3.225e+03 1.131e+02 1.528e+02
s>            ( - 1.249e+02 1 0)
s>            ( - 2.987e+03 1 0))
s>        ( QUESTION1 -1 2.008e+03 8.063e+01 1.028e+02
s>            ( - 3.012e+01 1 0)
s>            ( - 1.897e+03 1 0)))INFO: dtree.c(1315): Comp split 2
INFO: dtree.c(1478): Final simple tree
|( QUESTION0 -1 9.332e+03 6.455e+02 3.838e+02
|    ( QUESTION1 -1 4.329e+03 4.290e+02 1.930e+02
|        ( QUESTION2 -1 1.874e+03 2.092e+02 9.100e+01
|            ( - 3.110e+02 2 0)
|            ( QUESTION8 -1 1.354e+03 1.654e+02 6.900e+01
|                ( - 2.243e+02 1 0)
|                ( - 9.640e+02 1 0)))
|        ( QUESTION11 -1 2.027e+03 2.264e+02 1.020e+02
|            ( - 5.050e+02 1 0)
|            ( - 1.295e+03 2 0 QUESTION2_7_L -1 1.273e+02 6.900e+01)))
|    ( QUESTION2_0_L -1 4.357e+03 4.912e+02 1.908e+02
|        ( QUESTION16 -1 1.214e+03 1.971e+02 6.502e+01
|            ( - 5.224e+02 1 0)
|            ( - 4.944e+02 1 0))
|        ( - 2.652e+03 2 0)))
s>    ( QUESTION0 -1 9.332e+03 6.455e+02 3.838e+02
s>        ( QUESTION1 -1 4.329e+03 4.290e+02 1.930e+02
s>            ( QUESTION2 -1 1.874e+03 2.092e+02 9.100e+01
s>                ( - 3.110e+02 2 0)
s>                ( QUESTION8 -1 1.354e+03 1.654e+02 6.900e+01
s>                    ( - 2.243e+02 1 0)
s>                    ( - 9.640e+02 1 0)))
s>            ( QUESTION11 -1 2.027e+03 2.264e+02 1.020e+02
s>                ( - 5.050e+02 1 0)
s>                ( - 1.295e+03 2 0 QUESTION2_7_L -1 1.273e+02 6.900e+01)))
s>        ( QUESTION2_0_L -1 4.357e+03 4.912e+02 1.908e+02
s>            ( QUESTION16 -1 1.214e+03 1.971e+02 6.502e+01
s>                ( - 5.224e+02 1 0)
s>                ( - 4.944e+02 1 0))
s>            ( - 2.652e+03 2 0)))INFO: dtree.c(1315): Comp split 3
INFO: dtree.c(1439): stop. leaf nodes are specific
INFO: dtree.c(1478): Final simple tree
|( QUESTION0 -1 5.034e+03 4.982e+02 2.190e+02
|    ( QUESTION12 -1 3.322e+03 3.393e+02 1.540e+02
|        ( QUESTION2_7_L -1 1.295e+03 1.273e+02 6.900e+01
|            ( - 2.157e+02 1 0)
|            ( - 9.522e+02 1 0))
|        ( QUESTION1 -1 1.687e+03 2.185e+02 8.500e+01
|            ( - 9.640e+02 1 0)
|            ( - 5.050e+02 1 0)))
|    ( QUESTION16 -1 1.214e+03 1.971e+02 6.502e+01
|        ( - 5.224e+02 1 0)
|        ( - 4.944e+02 1 0)))
s>    ( QUESTION0 -1 5.034e+03 4.982e+02 2.190e+02
s>        ( QUESTION12 -1 3.322e+03 3.393e+02 1.540e+02
s>            ( QUESTION2_7_L -1 1.295e+03 1.273e+02 6.900e+01
s>                ( - 2.157e+02 1 0)
s>                ( - 9.522e+02 1 0))
s>            ( QUESTION1 -1 1.687e+03 2.185e+02 8.500e+01
s>                ( - 9.640e+02 1 0)
s>                ( - 5.050e+02 1 0)))
s>        ( QUESTION16 -1 1.214e+03 1.971e+02 6.502e+01
s>            ( - 5.224e+02 1 0)
s>            ( - 4.944e+02 1 0)))INFO: dtree.c(1439): stop. leaf nodes are specific
INFO: dtree.c(1478): Final simple tree
|( QUESTION0 -1 3.610e+03 3.004e+02 1.647e+02
|    ( QUESTION2 -1 6.577e+02 1.225e+02 3.900e+01
|        ( - 3.110e+02 2 0)
|        ( - 2.243e+02 1 0))
|    ( - 2.652e+03 2 0))
s>    ( QUESTION0 -1 3.610e+03 3.004e+02 1.647e+02
s>        ( QUESTION2 -1 6.577e+02 1.225e+02 3.900e+01
s>            ( - 3.110e+02 2 0)
s>            ( - 2.243e+02 1 0))
s>        ( - 2.652e+03 2 0))INFO: dtree.c(1315): Comp split 4
INFO: dtree.c(1439): stop. leaf nodes are specific
INFO: dtree.c(1478): Final simple tree
|( QUESTION1 -1 2.008e+03 8.063e+01 1.028e+02
|    ( - 3.012e+01 1 0)
|    ( - 1.897e+03 1 0))
s>    ( QUESTION1 -1 2.008e+03 8.063e+01 1.028e+02
s>        ( - 3.012e+01 1 0)
s>        ( - 1.897e+03 1 0))INFO: dtree.c(1439): stop. leaf nodes are specific
INFO: dtree.c(1478): Final simple tree
|( QUESTION0_0_R 1 3.225e+03 1.131e+02 1.528e+02
|    ( - 1.249e+02 1 0)
|    ( - 2.987e+03 1 0))
s>    ( QUESTION0_0_R 1 3.225e+03 1.131e+02 1.528e+02
s>        ( - 1.249e+02 1 0)
s>        ( - 2.987e+03 1 0))INFO: dtree.c(1315): Comp split 5
INFO: dtree.c(1439): stop. leaf nodes are specific
INFO: dtree.c(1478): Final simple tree
|( QUESTION12 -1 3.322e+03 3.393e+02 1.540e+02
|    ( QUESTION2_7_L -1 1.295e+03 1.273e+02 6.900e+01
|        ( - 2.157e+02 1 0)
|        ( - 9.522e+02 1 0))
|    ( QUESTION1 -1 1.687e+03 2.185e+02 8.500e+01
|        ( - 9.640e+02 1 0)
|        ( - 5.050e+02 1 0)))
s>    ( QUESTION12 -1 3.322e+03 3.393e+02 1.540e+02
s>        ( QUESTION2_7_L -1 1.295e+03 1.273e+02 6.900e+01
s>            ( - 2.157e+02 1 0)
s>            ( - 9.522e+02 1 0))
s>        ( QUESTION1 -1 1.687e+03 2.185e+02 8.500e+01
s>            ( - 9.640e+02 1 0)
s>            ( - 5.050e+02 1 0)))INFO: dtree.c(1439): stop. leaf nodes are specific
INFO: dtree.c(1478): Final simple tree
|( QUESTION16 -1 1.214e+03 1.971e+02 6.502e+01
|    ( - 5.224e+02 1 0)
|    ( - 4.944e+02 1 0))
s>    ( QUESTION16 -1 1.214e+03 1.971e+02 6.502e+01
s>        ( - 5.224e+02 1 0)
s>        ( - 4.944e+02 1 0))INFO: dtree.c(1315): Comp split 6
INFO: dtree.c(1439): stop. leaf nodes are specific
INFO: dtree.c(1478): Final simple tree
|( QUESTION1 -1 1.687e+03 2.185e+02 8.500e+01
|    ( - 9.640e+02 1 0)
|    ( - 5.050e+02 1 0))
s>    ( QUESTION1 -1 1.687e+03 2.185e+02 8.500e+01
s>        ( - 9.640e+02 1 0)
s>        ( - 5.050e+02 1 0))INFO: dtree.c(1439): stop. leaf nodes are specific
INFO: dtree.c(1478): Final simple tree
|( QUESTION2_7_L -1 1.295e+03 1.273e+02 6.900e+01
|    ( - 2.157e+02 1 0)
|    ( - 9.522e+02 1 0))
s>    ( QUESTION2_7_L -1 1.295e+03 1.273e+02 6.900e+01
s>        ( - 2.157e+02 1 0)
s>        ( - 9.522e+02 1 0))INFO: dtree.c(1315): Comp split 7
INFO: dtree.c(1439): stop. leaf nodes are specific
INFO: dtree.c(1478): Final simple tree
|( QUESTION2 -1 6.577e+02 1.225e+02 3.900e+01
|    ( - 3.110e+02 2 0)
|    ( - 2.243e+02 1 0))
s>    ( QUESTION2 -1 6.577e+02 1.225e+02 3.900e+01
s>        ( - 3.110e+02 2 0)
s>        ( - 2.243e+02 1 0))INFO: dtree.c(1315): Comp split 8
INFO: dtree.c(1315): Comp split 9
INFO: dtree.c(1315): Comp split 10
INFO: dtree.c(1315): Comp split 11
INFO: dtree.c(1315): Comp split 12
INFO: dtree.c(1315): Comp split 13
INFO: dtree.c(1315): Comp split 14
INFO: dtree.c(1318): stop. leaf nodes are specific
Fri Nov  2 10:08:01 2018
