Current configuration:
[NAME]		[DEFLT]	[VALUE]
-allphones	no	no
-cntthresh	0.00001	1.000000e-05
-csplitmax	100	2000
-csplitmin	1	1
-csplitthr	8e-4	0.000000e+00
-example	no	no
-fullvar	no	no
-help		no	no
-meanfn			
-mixwfn			/home/sdv/Documents/SDV/SDVoice/an4/model_parameters/an4.cd_semi_untied/mixture_weights
-moddeffn		/home/sdv/Documents/SDV/SDVoice/an4/model_architecture/an4.untied.mdef
-mwfloor	1e-4	1.000000e-08
-phone			D
-psetfn			/home/sdv/Documents/SDV/SDVoice/an4/model_architecture/an4.tree_questions
-ssplitmax	5	7
-ssplitmin	1	1
-ssplitthr	8e-4	0.000000e+00
-state			1
-stwt			1.0,0.05,0.0,
-treefn			/home/sdv/Documents/SDV/SDVoice/an4/trees/an4.unpruned/D-1.dtree
-ts2cbfn	.semi.	.semi.
-varfloor	0.00001	1.000000e-05
-varfn			

INFO: main.c(223): Reading: /home/sdv/Documents/SDV/SDVoice/an4/model_architecture/an4.untied.mdef
INFO: model_def_io.c(573): Model definition info:
INFO: model_def_io.c(574): 1618 total models defined (34 base, 1584 tri)
INFO: model_def_io.c(575): 6472 total states
INFO: model_def_io.c(576): 4854 total tied states
INFO: model_def_io.c(577): 102 total tied CI states
INFO: model_def_io.c(578): 34 total tied transition matrices
INFO: model_def_io.c(579): 4 max state/model
INFO: model_def_io.c(580): 4 min state/model
INFO: main.c(242): Building trees for [D AH AH b] through [D UW IY b]
INFO: main.c(269): Covering states |[861 977]| == 117
INFO: main.c(275): Reading: /home/sdv/Documents/SDV/SDVoice/an4/model_parameters/an4.cd_semi_untied/mixture_weights
INFO: s3mixw_io.c(173): Read /home/sdv/Documents/SDV/SDVoice/an4/model_parameters/an4.cd_semi_untied/mixture_weights [117x4x256 array]
INFO: main.c(311): 39 of 39 models have observation count greater than 0.000010
INFO: main.c(95): nrm stwt: 0.045 0.909 0.045 
INFO: main.c(411): 39-class entropy: 6.657540e+03
INFO: main.c(549): Reading: /home/sdv/Documents/SDV/SDVoice/an4/model_architecture/an4.tree_questions
INFO: main.c(588): 176 total simple questions (168 phone; 8 word bndry)
INFO: main.c(590): 42 Left Only questions, and 42 Right Only questions
INFO: dtree.c(1478): Final simple tree
|( WDBNDRY_B 0 1.150e+04 7.619e+02 4.320e+02
|    ( QUESTION0_0_R 1 8.725e+03 6.084e+02 3.444e+02
|        ( QUESTION2_9_L -1 5.706e+03 3.518e+02 2.426e+02
|            ( QUESTION7 -1 2.372e+03 2.090e+02 1.084e+02
|                ( - 5.436e+02 2 0 QUESTION8 -1 4.542e+01 3.000e+01)
|                ( - 1.619e+03 4 0 QUESTION0 -1 1.614e+02 7.840e+01))
|            ( QUESTION15 -1 2.982e+03 2.389e+02 1.342e+02
|                ( - 9.367e+02 2 0 QUESTION16 -1 1.075e+02 5.007e+01)
|                ( - 1.807e+03 5 0 QUESTION13 -1 1.518e+02 8.417e+01)))
|        ( QUESTION14 -1 2.411e+03 2.794e+02 1.018e+02
|            ( - 1.031e+03 2 0)
|            ( - 1.100e+03 10 0 QUESTION2_6_L -1 1.578e+02 5.200e+01)))
|    ( QUESTION0_0_R 1 2.012e+03 2.982e+02 8.755e+01
|        ( - 9.149e+02 3 0 WDBNDRY_E 0 1.389e+02 4.820e+01)
|        ( - 7.992e+02 11 0 QUESTION15 1 1.386e+02 3.935e+01)))
s>    ( WDBNDRY_B 0 1.150e+04 7.619e+02 4.320e+02
s>        ( QUESTION0_0_R 1 8.725e+03 6.084e+02 3.444e+02
s>            ( QUESTION2_9_L -1 5.706e+03 3.518e+02 2.426e+02
s>                ( QUESTION7 -1 2.372e+03 2.090e+02 1.084e+02
s>                    ( - 5.436e+02 2 0 QUESTION8 -1 4.542e+01 3.000e+01)
s>                    ( - 1.619e+03 4 0 QUESTION0 -1 1.614e+02 7.840e+01))
s>                ( QUESTION15 -1 2.982e+03 2.389e+02 1.342e+02
s>                    ( - 9.367e+02 2 0 QUESTION16 -1 1.075e+02 5.007e+01)
s>                    ( - 1.807e+03 5 0 QUESTION13 -1 1.518e+02 8.417e+01)))
s>            ( QUESTION14 -1 2.411e+03 2.794e+02 1.018e+02
s>                ( - 1.031e+03 2 0)
s>                ( - 1.100e+03 10 0 QUESTION2_6_L -1 1.578e+02 5.200e+01)))
s>        ( QUESTION0_0_R 1 2.012e+03 2.982e+02 8.755e+01
s>            ( - 9.149e+02 3 0 WDBNDRY_E 0 1.389e+02 4.820e+01)
s>            ( - 7.992e+02 11 0 QUESTION15 1 1.386e+02 3.935e+01)))INFO: dtree.c(1315): Comp split 0
INFO: dtree.c(1478): Final simple tree
|( QUESTION2_9_L -1 5.706e+03 3.518e+02 2.426e+02
|    ( QUESTION7 -1 2.372e+03 2.090e+02 1.084e+02
|        ( - 5.436e+02 2 0 QUESTION8 -1 4.542e+01 3.000e+01)
|        ( QUESTION0 -1 1.619e+03 1.614e+02 7.840e+01
|            ( - 5.905e+02 2 0)
|            ( - 8.674e+02 2 0)))
|    ( QUESTION15 -1 2.982e+03 2.389e+02 1.342e+02
|        ( QUESTION16 -1 9.367e+02 1.075e+02 5.007e+01
|            ( - 3.721e+02 1 0)
|            ( - 4.572e+02 1 0))
|        ( QUESTION13 -1 1.807e+03 1.518e+02 8.417e+01
|            ( - 1.117e+03 2 0)
|            ( SILENCE -1 5.380e+02 6.587e+01 3.206e+01
|                ( - 4.257e+02 1 0)
|                ( - 4.636e+01 2 0 QUESTION11 -1 1.980e+01 5.000e+00)))))
s>    ( QUESTION2_9_L -1 5.706e+03 3.518e+02 2.426e+02
s>        ( QUESTION7 -1 2.372e+03 2.090e+02 1.084e+02
s>            ( - 5.436e+02 2 0 QUESTION8 -1 4.542e+01 3.000e+01)
s>            ( QUESTION0 -1 1.619e+03 1.614e+02 7.840e+01
s>                ( - 5.905e+02 2 0)
s>                ( - 8.674e+02 2 0)))
s>        ( QUESTION15 -1 2.982e+03 2.389e+02 1.342e+02
s>            ( QUESTION16 -1 9.367e+02 1.075e+02 5.007e+01
s>                ( - 3.721e+02 1 0)
s>                ( - 4.572e+02 1 0))
s>            ( QUESTION13 -1 1.807e+03 1.518e+02 8.417e+01
s>                ( - 1.117e+03 2 0)
s>                ( SILENCE -1 5.380e+02 6.587e+01 3.206e+01
s>                    ( - 4.257e+02 1 0)
s>                    ( - 4.636e+01 2 0 QUESTION11 -1 1.980e+01 5.000e+00)))))INFO: dtree.c(1478): Final simple tree
|( WDBNDRY_B 0 4.947e+03 5.239e+02 1.893e+02
|    ( QUESTION14 -1 2.411e+03 2.794e+02 1.018e+02
|        ( - 1.031e+03 2 0)
|        ( QUESTION2_6_L -1 1.100e+03 1.578e+02 5.200e+01
|            ( QUESTION10 -1 5.290e+02 1.007e+02 2.800e+01
|                ( - 1.856e+02 3 0 QUESTION11 -1 4.581e+01 1.200e+01)
|                ( - 2.428e+02 3 0 QUESTION0 -1 5.722e+01 1.600e+01))
|            ( - 4.133e+02 4 0 SILENCE -1 7.954e+01 2.400e+01)))
|    ( QUESTION0_0_R 1 2.012e+03 2.982e+02 8.755e+01
|        ( WDBNDRY_E 0 9.149e+02 1.389e+02 4.820e+01
|            ( - 1.667e+02 2 0 QUESTION0_2_R 1 4.179e+01 1.000e+01)
|            ( - 6.092e+02 1 0))
|        ( QUESTION15 1 7.992e+02 1.386e+02 3.935e+01
|            ( - 2.933e+02 2 0 WDBNDRY_E 0 3.294e+01 1.835e+01)
|            ( - 3.672e+02 9 0 QUESTION0_11_R 1 7.955e+01 2.100e+01))))
s>    ( WDBNDRY_B 0 4.947e+03 5.239e+02 1.893e+02
s>        ( QUESTION14 -1 2.411e+03 2.794e+02 1.018e+02
s>            ( - 1.031e+03 2 0)
s>            ( QUESTION2_6_L -1 1.100e+03 1.578e+02 5.200e+01
s>                ( QUESTION10 -1 5.290e+02 1.007e+02 2.800e+01
s>                    ( - 1.856e+02 3 0 QUESTION11 -1 4.581e+01 1.200e+01)
s>                    ( - 2.428e+02 3 0 QUESTION0 -1 5.722e+01 1.600e+01))
s>                ( - 4.133e+02 4 0 SILENCE -1 7.954e+01 2.400e+01)))
s>        ( QUESTION0_0_R 1 2.012e+03 2.982e+02 8.755e+01
s>            ( WDBNDRY_E 0 9.149e+02 1.389e+02 4.820e+01
s>                ( - 1.667e+02 2 0 QUESTION0_2_R 1 4.179e+01 1.000e+01)
s>                ( - 6.092e+02 1 0))
s>            ( QUESTION15 1 7.992e+02 1.386e+02 3.935e+01
s>                ( - 2.933e+02 2 0 WDBNDRY_E 0 3.294e+01 1.835e+01)
s>                ( - 3.672e+02 9 0 QUESTION0_11_R 1 7.955e+01 2.100e+01))))INFO: dtree.c(1315): Comp split 1
INFO: dtree.c(1478): Final simple tree
|( QUESTION14 -1 3.006e+03 3.148e+02 1.228e+02
|    ( - 1.031e+03 2 0)
|    ( QUESTION13 -1 1.660e+03 2.093e+02 7.300e+01
|        ( QUESTION16 -1 6.264e+02 1.106e+02 3.200e+01
|            ( - 2.125e+02 3 0 QUESTION2_0_L -1 3.411e+01 1.400e+01)
|            ( QUESTION0_11_R 1 3.034e+02 6.667e+01 1.800e+01
|                ( - 1.544e+02 2 0 WDBNDRY_B 0 3.872e+01 1.100e+01)
|                ( - 8.224e+01 3 0 SILENCE 1 2.741e+01 7.000e+00)))
|        ( SILENCE -1 8.238e+02 1.322e+02 4.100e+01
|            ( - 2.335e+02 2 0 QUESTION0_10_R 1 4.151e+01 1.600e+01)
|            ( QUESTION1 -1 4.580e+02 9.273e+01 2.500e+01
|                ( WDBNDRY_B 0 1.797e+02 4.892e+01 1.300e+01
|                    ( - 5.668e+01 2 0)
|                    ( - 7.413e+01 4 0 QUESTION0_11_R 1 2.774e+01 7.000e+00))
|                ( - 1.856e+02 3 0 QUESTION11 -1 4.581e+01 1.200e+01)))))
s>    ( QUESTION14 -1 3.006e+03 3.148e+02 1.228e+02
s>        ( - 1.031e+03 2 0)
s>        ( QUESTION13 -1 1.660e+03 2.093e+02 7.300e+01
s>            ( QUESTION16 -1 6.264e+02 1.106e+02 3.200e+01
s>                ( - 2.125e+02 3 0 QUESTION2_0_L -1 3.411e+01 1.400e+01)
s>                ( QUESTION0_11_R 1 3.034e+02 6.667e+01 1.800e+01
s>                    ( - 1.544e+02 2 0 WDBNDRY_B 0 3.872e+01 1.100e+01)
s>                    ( - 8.224e+01 3 0 SILENCE 1 2.741e+01 7.000e+00)))
s>            ( SILENCE -1 8.238e+02 1.322e+02 4.100e+01
s>                ( - 2.335e+02 2 0 QUESTION0_10_R 1 4.151e+01 1.600e+01)
s>                ( QUESTION1 -1 4.580e+02 9.273e+01 2.500e+01
s>                    ( WDBNDRY_B 0 1.797e+02 4.892e+01 1.300e+01
s>                        ( - 5.668e+01 2 0)
s>                        ( - 7.413e+01 4 0 QUESTION0_11_R 1 2.774e+01 7.000e+00))
s>                    ( - 1.856e+02 3 0 QUESTION11 -1 4.581e+01 1.200e+01)))))INFO: dtree.c(1439): stop. leaf nodes are specific
INFO: dtree.c(1478): Final simple tree
|( QUESTION0_8_R 1 1.413e+03 2.337e+02 6.655e+01
|    ( - 6.092e+02 1 0)
|    ( WDBNDRY_E 0 5.696e+02 1.105e+02 2.835e+01
|        ( QUESTION0_4_R 1 2.068e+02 5.075e+01 1.200e+01
|            ( - 5.718e+01 1 0)
|            ( QUESTION0_0_R 1 9.885e+01 2.307e+01 6.000e+00
|                ( - 6.778e+01 1 0)
|                ( - 8.000e+00 1 0)))
|        ( - 2.524e+02 1 0)))
s>    ( QUESTION0_8_R 1 1.413e+03 2.337e+02 6.655e+01
s>        ( - 6.092e+02 1 0)
s>        ( WDBNDRY_E 0 5.696e+02 1.105e+02 2.835e+01
s>            ( QUESTION0_4_R 1 2.068e+02 5.075e+01 1.200e+01
s>                ( - 5.718e+01 1 0)
s>                ( QUESTION0_0_R 1 9.885e+01 2.307e+01 6.000e+00
s>                    ( - 6.778e+01 1 0)
s>                    ( - 8.000e+00 1 0)))
s>            ( - 2.524e+02 1 0)))INFO: dtree.c(1315): Comp split 2
INFO: dtree.c(1439): stop. leaf nodes are specific
INFO: dtree.c(1478): Final simple tree
|( QUESTION0 -1 2.491e+03 2.123e+02 1.134e+02
|    ( QUESTION2 -1 1.411e+03 1.674e+02 6.800e+01
|        ( - 5.905e+02 2 0)
|        ( QUESTION1 -1 6.532e+02 6.329e+01 3.500e+01
|            ( QUESTION8 -1 5.436e+02 4.542e+01 3.000e+01
|                ( - 1.699e+01 1 0)
|                ( - 4.812e+02 1 0))
|            ( QUESTION11 -1 4.636e+01 1.980e+01 5.000e+00
|                ( - 1.457e+01 1 0)
|                ( - 1.198e+01 1 0))))
|    ( - 8.674e+02 2 0))
s>    ( QUESTION0 -1 2.491e+03 2.123e+02 1.134e+02
s>        ( QUESTION2 -1 1.411e+03 1.674e+02 6.800e+01
s>            ( - 5.905e+02 2 0)
s>            ( QUESTION1 -1 6.532e+02 6.329e+01 3.500e+01
s>                ( QUESTION8 -1 5.436e+02 4.542e+01 3.000e+01
s>                    ( - 1.699e+01 1 0)
s>                    ( - 4.812e+02 1 0))
s>                ( QUESTION11 -1 4.636e+01 1.980e+01 5.000e+00
s>                    ( - 1.457e+01 1 0)
s>                    ( - 1.198e+01 1 0))))
s>        ( - 8.674e+02 2 0))INFO: dtree.c(1439): stop. leaf nodes are specific
INFO: dtree.c(1478): Final simple tree
|( QUESTION15 -1 2.853e+03 2.360e+02 1.292e+02
|    ( QUESTION16 -1 9.367e+02 1.075e+02 5.007e+01
|        ( - 3.721e+02 1 0)
|        ( - 4.572e+02 1 0))
|    ( SILENCE -1 1.681e+03 1.382e+02 7.917e+01
|        ( - 4.257e+02 1 0)
|        ( - 1.117e+03 2 0)))
s>    ( QUESTION15 -1 2.853e+03 2.360e+02 1.292e+02
s>        ( QUESTION16 -1 9.367e+02 1.075e+02 5.007e+01
s>            ( - 3.721e+02 1 0)
s>            ( - 4.572e+02 1 0))
s>        ( SILENCE -1 1.681e+03 1.382e+02 7.917e+01
s>            ( - 4.257e+02 1 0)
s>            ( - 1.117e+03 2 0)))INFO: dtree.c(1315): Comp split 3
INFO: dtree.c(1439): stop. leaf nodes are specific
INFO: dtree.c(1478): Final simple tree
|( QUESTION14 -1 1.454e+03 1.601e+02 6.678e+01
|    ( - 1.031e+03 2 0)
|    ( QUESTION2_0_L -1 2.628e+02 5.284e+01 1.700e+01
|        ( - 6.592e+01 1 0)
|        ( WDBNDRY_B 0 1.440e+02 3.753e+01 1.100e+01
|            ( - 5.668e+01 2 0)
|            ( - 4.980e+01 1 0))))
s>    ( QUESTION14 -1 1.454e+03 1.601e+02 6.678e+01
s>        ( - 1.031e+03 2 0)
s>        ( QUESTION2_0_L -1 2.628e+02 5.284e+01 1.700e+01
s>            ( - 6.592e+01 1 0)
s>            ( WDBNDRY_B 0 1.440e+02 3.753e+01 1.100e+01
s>                ( - 5.668e+01 2 0)
s>                ( - 4.980e+01 1 0))))INFO: dtree.c(1478): Final simple tree
|( QUESTION2_7_L -1 1.225e+03 1.736e+02 5.600e+01
|    ( WDBNDRY_B 0 5.249e+02 1.072e+02 2.800e+01
|        ( - 1.667e+02 2 0 QUESTION0 -1 3.071e+01 1.200e+01)
|        ( QUESTION17 -1 2.509e+02 5.990e+01 1.600e+01
|            ( - 8.224e+01 3 0 SILENCE 1 2.741e+01 7.000e+00)
|            ( QUESTION0_10_R 1 1.087e+02 3.398e+01 9.000e+00
|                ( - 4.190e+01 2 0 QUESTION0_11_R 1 1.906e+01 5.000e+00)
|                ( - 3.286e+01 3 0 QUESTION0 -1 1.631e+01 4.000e+00))))
|    ( SILENCE -1 5.266e+02 1.037e+02 2.800e+01
|        ( QUESTION0_10_R 1 2.335e+02 4.151e+01 1.600e+01
|            ( - 1.744e+02 1 0)
|            ( - 1.761e+01 1 0))
|        ( QUESTION11 -1 1.893e+02 4.578e+01 1.200e+01
|            ( - 1.012e+02 1 0)
|            ( - 4.232e+01 2 0 QUESTION0 -1 1.793e+01 4.000e+00))))
s>    ( QUESTION2_7_L -1 1.225e+03 1.736e+02 5.600e+01
s>        ( WDBNDRY_B 0 5.249e+02 1.072e+02 2.800e+01
s>            ( - 1.667e+02 2 0 QUESTION0 -1 3.071e+01 1.200e+01)
s>            ( QUESTION17 -1 2.509e+02 5.990e+01 1.600e+01
s>                ( - 8.224e+01 3 0 SILENCE 1 2.741e+01 7.000e+00)
s>                ( QUESTION0_10_R 1 1.087e+02 3.398e+01 9.000e+00
s>                    ( - 4.190e+01 2 0 QUESTION0_11_R 1 1.906e+01 5.000e+00)
s>                    ( - 3.286e+01 3 0 QUESTION0 -1 1.631e+01 4.000e+00))))
s>        ( SILENCE -1 5.266e+02 1.037e+02 2.800e+01
s>            ( QUESTION0_10_R 1 2.335e+02 4.151e+01 1.600e+01
s>                ( - 1.744e+02 1 0)
s>                ( - 1.761e+01 1 0))
s>            ( QUESTION11 -1 1.893e+02 4.578e+01 1.200e+01
s>                ( - 1.012e+02 1 0)
s>                ( - 4.232e+01 2 0 QUESTION0 -1 1.793e+01 4.000e+00))))INFO: dtree.c(1315): Comp split 4
INFO: dtree.c(1439): stop. leaf nodes are specific
INFO: dtree.c(1478): Final simple tree
|( SILENCE -1 1.681e+03 1.382e+02 7.917e+01
|    ( - 4.257e+02 1 0)
|    ( - 1.117e+03 2 0))
s>    ( SILENCE -1 1.681e+03 1.382e+02 7.917e+01
s>        ( - 4.257e+02 1 0)
s>        ( - 1.117e+03 2 0))INFO: dtree.c(1439): stop. leaf nodes are specific
INFO: dtree.c(1478): Final simple tree
|( QUESTION16 -1 9.367e+02 1.075e+02 5.007e+01
|    ( - 3.721e+02 1 0)
|    ( - 4.572e+02 1 0))
s>    ( QUESTION16 -1 9.367e+02 1.075e+02 5.007e+01
s>        ( - 3.721e+02 1 0)
s>        ( - 4.572e+02 1 0))INFO: dtree.c(1315): Comp split 5
INFO: dtree.c(1439): stop. leaf nodes are specific
INFO: dtree.c(1478): Final simple tree
|( WDBNDRY_E 0 5.696e+02 1.105e+02 2.835e+01
|    ( QUESTION0_4_R 1 2.068e+02 5.075e+01 1.200e+01
|        ( - 5.718e+01 1 0)
|        ( QUESTION0_0_R 1 9.885e+01 2.307e+01 6.000e+00
|            ( - 6.778e+01 1 0)
|            ( - 8.000e+00 1 0)))
|    ( - 2.524e+02 1 0))
s>    ( WDBNDRY_E 0 5.696e+02 1.105e+02 2.835e+01
s>        ( QUESTION0_4_R 1 2.068e+02 5.075e+01 1.200e+01
s>            ( - 5.718e+01 1 0)
s>            ( QUESTION0_0_R 1 9.885e+01 2.307e+01 6.000e+00
s>                ( - 6.778e+01 1 0)
s>                ( - 8.000e+00 1 0)))
s>        ( - 2.524e+02 1 0))INFO: dtree.c(1315): Comp split 6
INFO: dtree.c(1439): stop. leaf nodes are specific
INFO: dtree.c(1478): Final simple tree
|( QUESTION1 -1 6.532e+02 6.329e+01 3.500e+01
|    ( QUESTION8 -1 5.436e+02 4.542e+01 3.000e+01
|        ( - 1.699e+01 1 0)
|        ( - 4.812e+02 1 0))
|    ( QUESTION11 -1 4.636e+01 1.980e+01 5.000e+00
|        ( - 1.457e+01 1 0)
|        ( - 1.198e+01 1 0)))
s>    ( QUESTION1 -1 6.532e+02 6.329e+01 3.500e+01
s>        ( QUESTION8 -1 5.436e+02 4.542e+01 3.000e+01
s>            ( - 1.699e+01 1 0)
s>            ( - 4.812e+02 1 0))
s>        ( QUESTION11 -1 4.636e+01 1.980e+01 5.000e+00
s>            ( - 1.457e+01 1 0)
s>            ( - 1.198e+01 1 0)))INFO: dtree.c(1439): stop. leaf nodes are specific
INFO: dtree.c(1478): Final simple tree
|( QUESTION0 -1 1.619e+03 1.614e+02 7.840e+01
|    ( - 5.905e+02 2 0)
|    ( - 8.674e+02 2 0))
s>    ( QUESTION0 -1 1.619e+03 1.614e+02 7.840e+01
s>        ( - 5.905e+02 2 0)
s>        ( - 8.674e+02 2 0))INFO: dtree.c(1315): Comp split 7
INFO: dtree.c(1478): Final simple tree
|( QUESTION0_11_R 1 5.436e+02 1.040e+02 2.800e+01
|    ( QUESTION11 -1 2.524e+02 6.163e+01 1.500e+01
|        ( - 1.012e+02 1 0)
|        ( WDBNDRY_B 0 8.957e+01 2.805e+01 7.000e+00
|            ( QUESTION0 -1 4.232e+01 1.793e+01 4.000e+00
|                ( - 1.558e+01 1 0)
|                ( - 8.818e+00 1 0))
|            ( - 1.920e+01 1 0)))
|    ( QUESTION0_20_R 1 1.872e+02 5.032e+01 1.300e+01
|        ( QUESTION16 -1 6.185e+01 2.246e+01 6.000e+00
|            ( - 8.547e+00 1 0)
|            ( - 3.084e+01 3 0 QUESTION0 -1 1.616e+01 4.000e+00))
|        ( SILENCE 1 7.503e+01 2.452e+01 7.000e+00
|            ( - 2.021e+01 1 0)
|            ( - 3.029e+01 2 0 QUESTION0 -1 1.402e+01 4.000e+00))))
s>    ( QUESTION0_11_R 1 5.436e+02 1.040e+02 2.800e+01
s>        ( QUESTION11 -1 2.524e+02 6.163e+01 1.500e+01
s>            ( - 1.012e+02 1 0)
s>            ( WDBNDRY_B 0 8.957e+01 2.805e+01 7.000e+00
s>                ( QUESTION0 -1 4.232e+01 1.793e+01 4.000e+00
s>                    ( - 1.558e+01 1 0)
s>                    ( - 8.818e+00 1 0))
s>                ( - 1.920e+01 1 0)))
s>        ( QUESTION0_20_R 1 1.872e+02 5.032e+01 1.300e+01
s>            ( QUESTION16 -1 6.185e+01 2.246e+01 6.000e+00
s>                ( - 8.547e+00 1 0)
s>                ( - 3.084e+01 3 0 QUESTION0 -1 1.616e+01 4.000e+00))
s>            ( SILENCE 1 7.503e+01 2.452e+01 7.000e+00
s>                ( - 2.021e+01 1 0)
s>                ( - 3.029e+01 2 0 QUESTION0 -1 1.402e+01 4.000e+00))))INFO: dtree.c(1439): stop. leaf nodes are specific
INFO: dtree.c(1478): Final simple tree
|( SILENCE -1 4.932e+02 9.297e+01 2.800e+01
|    ( QUESTION0_10_R 1 2.335e+02 4.151e+01 1.600e+01
|        ( - 1.744e+02 1 0)
|        ( - 1.761e+01 1 0))
|    ( QUESTION0 -1 1.667e+02 3.071e+01 1.200e+01
|        ( - 7.160e+00 1 0)
|        ( - 1.289e+02 1 0)))
s>    ( SILENCE -1 4.932e+02 9.297e+01 2.800e+01
s>        ( QUESTION0_10_R 1 2.335e+02 4.151e+01 1.600e+01
s>            ( - 1.744e+02 1 0)
s>            ( - 1.761e+01 1 0))
s>        ( QUESTION0 -1 1.667e+02 3.071e+01 1.200e+01
s>            ( - 7.160e+00 1 0)
s>            ( - 1.289e+02 1 0)))INFO: dtree.c(1315): Comp split 8
INFO: dtree.c(1315): Comp split 9
INFO: dtree.c(1439): stop. leaf nodes are specific
INFO: dtree.c(1478): Final simple tree
|( QUESTION2_0_L -1 2.628e+02 5.284e+01 1.700e+01
|    ( - 6.592e+01 1 0)
|    ( WDBNDRY_B 0 1.440e+02 3.753e+01 1.100e+01
|        ( - 5.668e+01 2 0)
|        ( - 4.980e+01 1 0)))
s>    ( QUESTION2_0_L -1 2.628e+02 5.284e+01 1.700e+01
s>        ( - 6.592e+01 1 0)
s>        ( WDBNDRY_B 0 1.440e+02 3.753e+01 1.100e+01
s>            ( - 5.668e+01 2 0)
s>            ( - 4.980e+01 1 0)))INFO: dtree.c(1315): Comp split 10
INFO: dtree.c(1315): Comp split 11
INFO: dtree.c(1439): stop. leaf nodes are specific
INFO: dtree.c(1478): Final simple tree
|( QUESTION0_4_R 1 2.068e+02 5.075e+01 1.200e+01
|    ( - 5.718e+01 1 0)
|    ( QUESTION0_0_R 1 9.885e+01 2.307e+01 6.000e+00
|        ( - 6.778e+01 1 0)
|        ( - 8.000e+00 1 0)))
s>    ( QUESTION0_4_R 1 2.068e+02 5.075e+01 1.200e+01
s>        ( - 5.718e+01 1 0)
s>        ( QUESTION0_0_R 1 9.885e+01 2.307e+01 6.000e+00
s>            ( - 6.778e+01 1 0)
s>            ( - 8.000e+00 1 0)))INFO: dtree.c(1315): Comp split 12
INFO: dtree.c(1315): Comp split 13
INFO: dtree.c(1439): stop. leaf nodes are specific
INFO: dtree.c(1478): Final simple tree
|( QUESTION0 -1 2.019e+02 5.107e+01 1.300e+01
|    ( QUESTION14 1 8.772e+01 2.783e+01 7.000e+00
|        ( - 1.920e+01 1 0)
|        ( WDBNDRY_B 0 4.068e+01 1.711e+01 4.000e+00
|            ( - 1.558e+01 1 0)
|            ( - 8.000e+00 2 0)))
|    ( WDBNDRY_B 0 6.307e+01 2.272e+01 6.000e+00
|        ( - 8.818e+00 1 0)
|        ( QUESTION16 -1 3.153e+01 1.630e+01 4.000e+00
|            ( - 8.547e+00 1 0)
|            ( - 6.683e+00 1 0))))
s>    ( QUESTION0 -1 2.019e+02 5.107e+01 1.300e+01
s>        ( QUESTION14 1 8.772e+01 2.783e+01 7.000e+00
s>            ( - 1.920e+01 1 0)
s>            ( WDBNDRY_B 0 4.068e+01 1.711e+01 4.000e+00
s>                ( - 1.558e+01 1 0)
s>                ( - 8.000e+00 2 0)))
s>        ( WDBNDRY_B 0 6.307e+01 2.272e+01 6.000e+00
s>            ( - 8.818e+00 1 0)
s>            ( QUESTION16 -1 3.153e+01 1.630e+01 4.000e+00
s>                ( - 8.547e+00 1 0)
s>                ( - 6.683e+00 1 0))))INFO: dtree.c(1439): stop. leaf nodes are specific
INFO: dtree.c(1478): Final simple tree
|( WDBNDRY_B 0 2.344e+02 5.814e+01 1.500e+01
|    ( - 1.012e+02 1 0)
|    ( SILENCE 1 7.503e+01 2.452e+01 7.000e+00
|        ( - 2.021e+01 1 0)
|        ( QUESTION0 -1 3.029e+01 1.402e+01 4.000e+00
|            ( - 3.636e+00 1 0)
|            ( - 1.264e+01 1 0))))
s>    ( WDBNDRY_B 0 2.344e+02 5.814e+01 1.500e+01
s>        ( - 1.012e+02 1 0)
s>        ( SILENCE 1 7.503e+01 2.452e+01 7.000e+00
s>            ( - 2.021e+01 1 0)
s>            ( QUESTION0 -1 3.029e+01 1.402e+01 4.000e+00
s>                ( - 3.636e+00 1 0)
s>                ( - 1.264e+01 1 0))))INFO: dtree.c(1315): Comp split 14
INFO: dtree.c(1439): stop. leaf nodes are specific
INFO: dtree.c(1478): Final simple tree
|( SILENCE -1 1.831e+02 3.661e+01 1.300e+01
|    ( - 1.761e+01 1 0)
|    ( - 1.289e+02 1 0))
s>    ( SILENCE -1 1.831e+02 3.661e+01 1.300e+01
s>        ( - 1.761e+01 1 0)
s>        ( - 1.289e+02 1 0))INFO: dtree.c(1439): stop. leaf nodes are specific
INFO: dtree.c(1478): Final simple tree
|( SILENCE -1 2.131e+02 3.155e+01 1.500e+01
|    ( - 1.744e+02 1 0)
|    ( - 7.160e+00 1 0))
s>    ( SILENCE -1 2.131e+02 3.155e+01 1.500e+01
s>        ( - 1.744e+02 1 0)
s>        ( - 7.160e+00 1 0))INFO: dtree.c(1315): Comp split 15
INFO: dtree.c(1439): stop. leaf nodes are specific
INFO: dtree.c(1478): Final simple tree
|( QUESTION1 -1 9.208e+01 2.874e+01 8.000e+00
|    ( - 1.699e+01 1 0)
|    ( QUESTION11 -1 4.636e+01 1.980e+01 5.000e+00
|        ( - 1.457e+01 1 0)
|        ( - 1.198e+01 1 0)))
s>    ( QUESTION1 -1 9.208e+01 2.874e+01 8.000e+00
s>        ( - 1.699e+01 1 0)
s>        ( QUESTION11 -1 4.636e+01 1.980e+01 5.000e+00
s>            ( - 1.457e+01 1 0)
s>            ( - 1.198e+01 1 0)))INFO: dtree.c(1315): Comp split 16
INFO: dtree.c(1439): stop. leaf nodes are specific
INFO: dtree.c(1478): Final simple tree
|( SILENCE 1 7.503e+01 2.452e+01 7.000e+00
|    ( - 2.021e+01 1 0)
|    ( QUESTION0 -1 3.029e+01 1.402e+01 4.000e+00
|        ( - 3.636e+00 1 0)
|        ( - 1.264e+01 1 0)))
s>    ( SILENCE 1 7.503e+01 2.452e+01 7.000e+00
s>        ( - 2.021e+01 1 0)
s>        ( QUESTION0 -1 3.029e+01 1.402e+01 4.000e+00
s>            ( - 3.636e+00 1 0)
s>            ( - 1.264e+01 1 0)))INFO: dtree.c(1315): Comp split 17
INFO: dtree.c(1439): stop. leaf nodes are specific
INFO: dtree.c(1478): Final simple tree
|( QUESTION1 -1 6.877e+01 2.287e+01 6.000e+00
|    ( - 8.000e+00 2 0)
|    ( WDBNDRY_B 0 3.790e+01 1.564e+01 4.000e+00
|        ( - 1.558e+01 1 0)
|        ( - 6.683e+00 1 0)))
s>    ( QUESTION1 -1 6.877e+01 2.287e+01 6.000e+00
s>        ( - 8.000e+00 2 0)
s>        ( WDBNDRY_B 0 3.790e+01 1.564e+01 4.000e+00
s>            ( - 1.558e+01 1 0)
s>            ( - 6.683e+00 1 0)))INFO: dtree.c(1439): stop. leaf nodes are specific
INFO: dtree.c(1478): Final simple tree
|( QUESTION0 -1 8.005e+01 2.689e+01 7.000e+00
|    ( - 1.920e+01 1 0)
|    ( WDBNDRY_B 0 3.396e+01 1.659e+01 4.000e+00
|        ( - 8.818e+00 1 0)
|        ( - 8.547e+00 1 0)))
s>    ( QUESTION0 -1 8.005e+01 2.689e+01 7.000e+00
s>        ( - 1.920e+01 1 0)
s>        ( WDBNDRY_B 0 3.396e+01 1.659e+01 4.000e+00
s>            ( - 8.818e+00 1 0)
s>            ( - 8.547e+00 1 0)))INFO: dtree.c(1315): Comp split 18
INFO: dtree.c(1439): stop. leaf nodes are specific
INFO: dtree.c(1478): Final simple tree
|( WDBNDRY_B 0 1.440e+02 3.753e+01 1.100e+01
|    ( - 5.668e+01 2 0)
|    ( - 4.980e+01 1 0))
s>    ( WDBNDRY_B 0 1.440e+02 3.753e+01 1.100e+01
s>        ( - 5.668e+01 2 0)
s>        ( - 4.980e+01 1 0))INFO: dtree.c(1315): Comp split 19
INFO: dtree.c(1439): stop. leaf nodes are specific
INFO: dtree.c(1478): Final simple tree
|( QUESTION0_0_R 1 9.885e+01 2.307e+01 6.000e+00
|    ( - 6.778e+01 1 0)
|    ( - 8.000e+00 1 0))
s>    ( QUESTION0_0_R 1 9.885e+01 2.307e+01 6.000e+00
s>        ( - 6.778e+01 1 0)
s>        ( - 8.000e+00 1 0))INFO: dtree.c(1315): Comp split 20
INFO: dtree.c(1315): Comp split 21
INFO: dtree.c(1315): Comp split 22
INFO: dtree.c(1315): Comp split 23
INFO: dtree.c(1439): stop. leaf nodes are specific
INFO: dtree.c(1478): Final simple tree
|( QUESTION11 -1 4.636e+01 1.980e+01 5.000e+00
|    ( - 1.457e+01 1 0)
|    ( - 1.198e+01 1 0))
s>    ( QUESTION11 -1 4.636e+01 1.980e+01 5.000e+00
s>        ( - 1.457e+01 1 0)
s>        ( - 1.198e+01 1 0))INFO: dtree.c(1315): Comp split 24
INFO: dtree.c(1439): stop. leaf nodes are specific
INFO: dtree.c(1478): Final simple tree
|( WDBNDRY_B 0 3.396e+01 1.659e+01 4.000e+00
|    ( - 8.818e+00 1 0)
|    ( - 8.547e+00 1 0))
s>    ( WDBNDRY_B 0 3.396e+01 1.659e+01 4.000e+00
s>        ( - 8.818e+00 1 0)
s>        ( - 8.547e+00 1 0))INFO: dtree.c(1315): Comp split 25
INFO: dtree.c(1439): stop. leaf nodes are specific
INFO: dtree.c(1478): Final simple tree
|( QUESTION0 -1 3.029e+01 1.402e+01 4.000e+00
|    ( - 3.636e+00 1 0)
|    ( - 1.264e+01 1 0))
s>    ( QUESTION0 -1 3.029e+01 1.402e+01 4.000e+00
s>        ( - 3.636e+00 1 0)
s>        ( - 1.264e+01 1 0))INFO: dtree.c(1315): Comp split 26
INFO: dtree.c(1315): Comp split 27
INFO: dtree.c(1439): stop. leaf nodes are specific
INFO: dtree.c(1478): Final simple tree
|( WDBNDRY_B 0 3.790e+01 1.564e+01 4.000e+00
|    ( - 1.558e+01 1 0)
|    ( - 6.683e+00 1 0))
s>    ( WDBNDRY_B 0 3.790e+01 1.564e+01 4.000e+00
s>        ( - 1.558e+01 1 0)
s>        ( - 6.683e+00 1 0))INFO: dtree.c(1315): Comp split 28
INFO: dtree.c(1315): Comp split 29
INFO: dtree.c(1315): Comp split 30
INFO: dtree.c(1315): Comp split 31
INFO: dtree.c(1315): Comp split 32
INFO: dtree.c(1318): stop. leaf nodes are specific
Fri Nov  2 10:06:21 2018
