Current configuration:
[NAME]		[DEFLT]	[VALUE]
-allphones	no	no
-cntthresh	0.00001	1.000000e-05
-csplitmax	100	2000
-csplitmin	1	1
-csplitthr	8e-4	0.000000e+00
-example	no	no
-fullvar	no	no
-help		no	no
-meanfn			
-mixwfn			/home/sdv/Documents/SDV/SDVoice/an4/model_parameters/an4.cd_semi_untied/mixture_weights
-moddeffn		/home/sdv/Documents/SDV/SDVoice/an4/model_architecture/an4.untied.mdef
-mwfloor	1e-4	1.000000e-08
-phone			P
-psetfn			/home/sdv/Documents/SDV/SDVoice/an4/model_architecture/an4.tree_questions
-ssplitmax	5	7
-ssplitmin	1	1
-ssplitthr	8e-4	0.000000e+00
-state			1
-stwt			1.0,0.05,0.0,
-treefn			/home/sdv/Documents/SDV/SDVoice/an4/trees/an4.unpruned/P-1.dtree
-ts2cbfn	.semi.	.semi.
-varfloor	0.00001	1.000000e-05
-varfn			

INFO: main.c(223): Reading: /home/sdv/Documents/SDV/SDVoice/an4/model_architecture/an4.untied.mdef
INFO: model_def_io.c(573): Model definition info:
INFO: model_def_io.c(574): 1618 total models defined (34 base, 1584 tri)
INFO: model_def_io.c(575): 6472 total states
INFO: model_def_io.c(576): 4854 total tied states
INFO: model_def_io.c(577): 102 total tied CI states
INFO: model_def_io.c(578): 34 total tied transition matrices
INFO: model_def_io.c(579): 4 max state/model
INFO: model_def_io.c(580): 4 min state/model
INFO: main.c(242): Building trees for [P AA SIL e] through [P UW IY b]
INFO: main.c(269): Covering states |[3579 3629]| == 51
INFO: main.c(275): Reading: /home/sdv/Documents/SDV/SDVoice/an4/model_parameters/an4.cd_semi_untied/mixture_weights
INFO: s3mixw_io.c(173): Read /home/sdv/Documents/SDV/SDVoice/an4/model_parameters/an4.cd_semi_untied/mixture_weights [51x4x256 array]
INFO: main.c(311): 17 of 17 models have observation count greater than 0.000010
INFO: main.c(95): nrm stwt: 0.045 0.909 0.045 
INFO: main.c(411): 17-class entropy: 1.171786e+04
INFO: main.c(549): Reading: /home/sdv/Documents/SDV/SDVoice/an4/model_architecture/an4.tree_questions
INFO: main.c(588): 176 total simple questions (168 phone; 8 word bndry)
INFO: main.c(590): 42 Left Only questions, and 42 Right Only questions
INFO: dtree.c(1478): Final simple tree
|( QUESTION14 1 1.478e+04 7.950e+02 6.249e+02
|    ( SILENCE -1 1.247e+04 4.259e+02 5.560e+02
|        ( - 6.343e+03 1 0)
|        ( QUESTION17 -1 5.700e+03 3.488e+02 2.569e+02
|            ( - 1.829e+03 2 0 WDBNDRY_B 0 1.391e+02 9.394e+01)
|            ( QUESTION2_9_L -1 3.522e+03 2.646e+02 1.630e+02
|                ( QUESTION8 -1 1.177e+03 1.538e+02 6.200e+01
|                    ( - 4.076e+02 1 0)
|                    ( - 6.152e+02 4 0 QUESTION1 -1 9.662e+01 3.600e+01))
|                ( QUESTION14 -1 2.081e+03 1.905e+02 1.010e+02
|                    ( - 1.040e+03 1 0)
|                    ( - 8.507e+02 3 0 QUESTION11 -1 1.234e+02 4.700e+01)))))
|    ( QUESTION2_9_L -1 1.515e+03 2.191e+02 6.892e+01
|        ( - 6.491e+02 1 0)
|        ( - 6.466e+02 4 0 WDBNDRY_E 0 9.954e+01 3.292e+01)))
s>    ( QUESTION14 1 1.478e+04 7.950e+02 6.249e+02
s>        ( SILENCE -1 1.247e+04 4.259e+02 5.560e+02
s>            ( - 6.343e+03 1 0)
s>            ( QUESTION17 -1 5.700e+03 3.488e+02 2.569e+02
s>                ( - 1.829e+03 2 0 WDBNDRY_B 0 1.391e+02 9.394e+01)
s>                ( QUESTION2_9_L -1 3.522e+03 2.646e+02 1.630e+02
s>                    ( QUESTION8 -1 1.177e+03 1.538e+02 6.200e+01
s>                        ( - 4.076e+02 1 0)
s>                        ( - 6.152e+02 4 0 QUESTION1 -1 9.662e+01 3.600e+01))
s>                    ( QUESTION14 -1 2.081e+03 1.905e+02 1.010e+02
s>                        ( - 1.040e+03 1 0)
s>                        ( - 8.507e+02 3 0 QUESTION11 -1 1.234e+02 4.700e+01)))))
s>        ( QUESTION2_9_L -1 1.515e+03 2.191e+02 6.892e+01
s>            ( - 6.491e+02 1 0)
s>            ( - 6.466e+02 4 0 WDBNDRY_E 0 9.954e+01 3.292e+01)))INFO: dtree.c(1315): Comp split 0
INFO: dtree.c(1478): Final simple tree
|( SILENCE -1 1.247e+04 4.259e+02 5.560e+02
|    ( - 6.343e+03 1 0)
|    ( QUESTION17 -1 5.700e+03 3.488e+02 2.569e+02
|        ( WDBNDRY_B 0 1.829e+03 1.391e+02 9.394e+01
|            ( - 2.960e+02 1 0)
|            ( - 1.394e+03 1 0))
|        ( QUESTION2_9_L -1 3.522e+03 2.646e+02 1.630e+02
|            ( QUESTION8 -1 1.177e+03 1.538e+02 6.200e+01
|                ( - 4.076e+02 1 0)
|                ( - 6.152e+02 4 0 QUESTION1 -1 9.662e+01 3.600e+01))
|            ( QUESTION14 -1 2.081e+03 1.905e+02 1.010e+02
|                ( - 1.040e+03 1 0)
|                ( QUESTION11 -1 8.507e+02 1.234e+02 4.700e+01
|                    ( - 3.229e+02 1 0)
|                    ( - 4.044e+02 2 0 QUESTION0 -1 5.800e+01 2.500e+01))))))
s>    ( SILENCE -1 1.247e+04 4.259e+02 5.560e+02
s>        ( - 6.343e+03 1 0)
s>        ( QUESTION17 -1 5.700e+03 3.488e+02 2.569e+02
s>            ( WDBNDRY_B 0 1.829e+03 1.391e+02 9.394e+01
s>                ( - 2.960e+02 1 0)
s>                ( - 1.394e+03 1 0))
s>            ( QUESTION2_9_L -1 3.522e+03 2.646e+02 1.630e+02
s>                ( QUESTION8 -1 1.177e+03 1.538e+02 6.200e+01
s>                    ( - 4.076e+02 1 0)
s>                    ( - 6.152e+02 4 0 QUESTION1 -1 9.662e+01 3.600e+01))
s>                ( QUESTION14 -1 2.081e+03 1.905e+02 1.010e+02
s>                    ( - 1.040e+03 1 0)
s>                    ( QUESTION11 -1 8.507e+02 1.234e+02 4.700e+01
s>                        ( - 3.229e+02 1 0)
s>                        ( - 4.044e+02 2 0 QUESTION0 -1 5.800e+01 2.500e+01))))))INFO: dtree.c(1439): stop. leaf nodes are specific
INFO: dtree.c(1478): Final simple tree
|( QUESTION2_9_L -1 1.515e+03 2.191e+02 6.892e+01
|    ( - 6.491e+02 1 0)
|    ( WDBNDRY_E 0 6.466e+02 9.954e+01 3.292e+01
|        ( - 4.457e+02 1 0)
|        ( QUESTION0_0_R 1 1.013e+02 3.124e+01 8.000e+00
|            ( QUESTION0_1_R 1 1.576e+01 9.220e+00 3.000e+00
|                ( - 5.455e+00 1 0)
|                ( - 1.091e+00 1 0))
|            ( - 5.431e+01 1 0))))
s>    ( QUESTION2_9_L -1 1.515e+03 2.191e+02 6.892e+01
s>        ( - 6.491e+02 1 0)
s>        ( WDBNDRY_E 0 6.466e+02 9.954e+01 3.292e+01
s>            ( - 4.457e+02 1 0)
s>            ( QUESTION0_0_R 1 1.013e+02 3.124e+01 8.000e+00
s>                ( QUESTION0_1_R 1 1.576e+01 9.220e+00 3.000e+00
s>                    ( - 5.455e+00 1 0)
s>                    ( - 1.091e+00 1 0))
s>                ( - 5.431e+01 1 0))))INFO: dtree.c(1315): Comp split 1
INFO: dtree.c(1478): Final simple tree
|( QUESTION2_9_L -1 3.522e+03 2.646e+02 1.630e+02
|    ( QUESTION8 -1 1.177e+03 1.538e+02 6.200e+01
|        ( - 4.076e+02 1 0)
|        ( QUESTION1 -1 6.152e+02 9.662e+01 3.600e+01
|            ( QUESTION2 -1 3.631e+02 7.032e+01 2.400e+01
|                ( - 1.275e+02 1 0)
|                ( - 1.653e+02 1 0))
|            ( - 1.555e+02 2 0 QUESTION0 -1 3.575e+01 1.200e+01)))
|    ( QUESTION14 -1 2.081e+03 1.905e+02 1.010e+02
|        ( - 1.040e+03 1 0)
|        ( QUESTION11 -1 8.507e+02 1.234e+02 4.700e+01
|            ( - 3.229e+02 1 0)
|            ( QUESTION0 -1 4.044e+02 5.800e+01 2.500e+01
|                ( - 4.822e+01 1 0)
|                ( - 2.982e+02 1 0)))))
s>    ( QUESTION2_9_L -1 3.522e+03 2.646e+02 1.630e+02
s>        ( QUESTION8 -1 1.177e+03 1.538e+02 6.200e+01
s>            ( - 4.076e+02 1 0)
s>            ( QUESTION1 -1 6.152e+02 9.662e+01 3.600e+01
s>                ( QUESTION2 -1 3.631e+02 7.032e+01 2.400e+01
s>                    ( - 1.275e+02 1 0)
s>                    ( - 1.653e+02 1 0))
s>                ( - 1.555e+02 2 0 QUESTION0 -1 3.575e+01 1.200e+01)))
s>        ( QUESTION14 -1 2.081e+03 1.905e+02 1.010e+02
s>            ( - 1.040e+03 1 0)
s>            ( QUESTION11 -1 8.507e+02 1.234e+02 4.700e+01
s>                ( - 3.229e+02 1 0)
s>                ( QUESTION0 -1 4.044e+02 5.800e+01 2.500e+01
s>                    ( - 4.822e+01 1 0)
s>                    ( - 2.982e+02 1 0)))))INFO: dtree.c(1439): stop. leaf nodes are specific
INFO: dtree.c(1478): Final simple tree
|( SILENCE -1 8.513e+03 3.406e+02 3.930e+02
|    ( - 6.343e+03 1 0)
|    ( WDBNDRY_B 0 1.829e+03 1.391e+02 9.394e+01
|        ( - 2.960e+02 1 0)
|        ( - 1.394e+03 1 0)))
s>    ( SILENCE -1 8.513e+03 3.406e+02 3.930e+02
s>        ( - 6.343e+03 1 0)
s>        ( WDBNDRY_B 0 1.829e+03 1.391e+02 9.394e+01
s>            ( - 2.960e+02 1 0)
s>            ( - 1.394e+03 1 0)))INFO: dtree.c(1315): Comp split 2
INFO: dtree.c(1439): stop. leaf nodes are specific
INFO: dtree.c(1478): Final simple tree
|( WDBNDRY_B 0 1.829e+03 1.391e+02 9.394e+01
|    ( - 2.960e+02 1 0)
|    ( - 1.394e+03 1 0))
s>    ( WDBNDRY_B 0 1.829e+03 1.391e+02 9.394e+01
s>        ( - 2.960e+02 1 0)
s>        ( - 1.394e+03 1 0))INFO: dtree.c(1315): Comp split 3
INFO: dtree.c(1439): stop. leaf nodes are specific
INFO: dtree.c(1478): Final simple tree
|( QUESTION0 -1 1.738e+03 1.596e+02 8.700e+01
|    ( QUESTION1 -1 5.391e+02 8.880e+01 3.300e+01
|        ( - 1.275e+02 1 0)
|        ( - 3.229e+02 1 0))
|    ( - 1.040e+03 1 0))
s>    ( QUESTION0 -1 1.738e+03 1.596e+02 8.700e+01
s>        ( QUESTION1 -1 5.391e+02 8.880e+01 3.300e+01
s>            ( - 1.275e+02 1 0)
s>            ( - 3.229e+02 1 0))
s>        ( - 1.040e+03 1 0))INFO: dtree.c(1439): stop. leaf nodes are specific
INFO: dtree.c(1478): Final simple tree
|( QUESTION8 -1 1.497e+03 1.651e+02 7.600e+01
|    ( - 4.076e+02 1 0)
|    ( QUESTION2_7_L -1 9.243e+02 1.205e+02 5.000e+01
|        ( QUESTION1 -1 3.995e+02 7.876e+01 2.500e+01
|            ( - 1.653e+02 1 0)
|            ( QUESTION0 -1 1.555e+02 3.575e+01 1.200e+01
|                ( - 2.771e+01 1 0)
|                ( - 9.200e+01 1 0)))
|        ( QUESTION0 -1 4.044e+02 5.800e+01 2.500e+01
|            ( - 4.822e+01 1 0)
|            ( - 2.982e+02 1 0))))
s>    ( QUESTION8 -1 1.497e+03 1.651e+02 7.600e+01
s>        ( - 4.076e+02 1 0)
s>        ( QUESTION2_7_L -1 9.243e+02 1.205e+02 5.000e+01
s>            ( QUESTION1 -1 3.995e+02 7.876e+01 2.500e+01
s>                ( - 1.653e+02 1 0)
s>                ( QUESTION0 -1 1.555e+02 3.575e+01 1.200e+01
s>                    ( - 2.771e+01 1 0)
s>                    ( - 9.200e+01 1 0)))
s>            ( QUESTION0 -1 4.044e+02 5.800e+01 2.500e+01
s>                ( - 4.822e+01 1 0)
s>                ( - 2.982e+02 1 0))))INFO: dtree.c(1315): Comp split 4
INFO: dtree.c(1439): stop. leaf nodes are specific
INFO: dtree.c(1478): Final simple tree
|( WDBNDRY_E 0 6.466e+02 9.954e+01 3.292e+01
|    ( - 4.457e+02 1 0)
|    ( QUESTION0_0_R 1 1.013e+02 3.124e+01 8.000e+00
|        ( QUESTION0_1_R 1 1.576e+01 9.220e+00 3.000e+00
|            ( - 5.455e+00 1 0)
|            ( - 1.091e+00 1 0))
|        ( - 5.431e+01 1 0)))
s>    ( WDBNDRY_E 0 6.466e+02 9.954e+01 3.292e+01
s>        ( - 4.457e+02 1 0)
s>        ( QUESTION0_0_R 1 1.013e+02 3.124e+01 8.000e+00
s>            ( QUESTION0_1_R 1 1.576e+01 9.220e+00 3.000e+00
s>                ( - 5.455e+00 1 0)
s>                ( - 1.091e+00 1 0))
s>            ( - 5.431e+01 1 0)))INFO: dtree.c(1315): Comp split 5
INFO: dtree.c(1439): stop. leaf nodes are specific
INFO: dtree.c(1478): Final simple tree
|( QUESTION2_0_L -1 7.261e+02 1.027e+02 4.000e+01
|    ( - 2.982e+02 1 0)
|    ( QUESTION0 -1 3.252e+02 6.793e+01 2.100e+01
|        ( - 1.653e+02 1 0)
|        ( - 9.200e+01 1 0)))
s>    ( QUESTION2_0_L -1 7.261e+02 1.027e+02 4.000e+01
s>        ( - 2.982e+02 1 0)
s>        ( QUESTION0 -1 3.252e+02 6.793e+01 2.100e+01
s>            ( - 1.653e+02 1 0)
s>            ( - 9.200e+01 1 0)))INFO: dtree.c(1439): stop. leaf nodes are specific
INFO: dtree.c(1478): Final simple tree
|( QUESTION1 -1 5.967e+02 8.554e+01 3.600e+01
|    ( - 4.076e+02 1 0)
|    ( QUESTION2_7_L -1 1.036e+02 2.762e+01 1.000e+01
|        ( - 2.771e+01 1 0)
|        ( - 4.822e+01 1 0)))
s>    ( QUESTION1 -1 5.967e+02 8.554e+01 3.600e+01
s>        ( - 4.076e+02 1 0)
s>        ( QUESTION2_7_L -1 1.036e+02 2.762e+01 1.000e+01
s>            ( - 2.771e+01 1 0)
s>            ( - 4.822e+01 1 0)))INFO: dtree.c(1315): Comp split 6
INFO: dtree.c(1439): stop. leaf nodes are specific
INFO: dtree.c(1478): Final simple tree
|( QUESTION1 -1 5.391e+02 8.880e+01 3.300e+01
|    ( - 1.275e+02 1 0)
|    ( - 3.229e+02 1 0))
s>    ( QUESTION1 -1 5.391e+02 8.880e+01 3.300e+01
s>        ( - 1.275e+02 1 0)
s>        ( - 3.229e+02 1 0))INFO: dtree.c(1315): Comp split 7
INFO: dtree.c(1315): Comp split 8
INFO: dtree.c(1439): stop. leaf nodes are specific
INFO: dtree.c(1478): Final simple tree
|( QUESTION0 -1 3.252e+02 6.793e+01 2.100e+01
|    ( - 1.653e+02 1 0)
|    ( - 9.200e+01 1 0))
s>    ( QUESTION0 -1 3.252e+02 6.793e+01 2.100e+01
s>        ( - 1.653e+02 1 0)
s>        ( - 9.200e+01 1 0))INFO: dtree.c(1315): Comp split 9
INFO: dtree.c(1439): stop. leaf nodes are specific
INFO: dtree.c(1478): Final simple tree
|( QUESTION0_0_R 1 1.013e+02 3.124e+01 8.000e+00
|    ( QUESTION0_1_R 1 1.576e+01 9.220e+00 3.000e+00
|        ( - 5.455e+00 1 0)
|        ( - 1.091e+00 1 0))
|    ( - 5.431e+01 1 0))
s>    ( QUESTION0_0_R 1 1.013e+02 3.124e+01 8.000e+00
s>        ( QUESTION0_1_R 1 1.576e+01 9.220e+00 3.000e+00
s>            ( - 5.455e+00 1 0)
s>            ( - 1.091e+00 1 0))
s>        ( - 5.431e+01 1 0))INFO: dtree.c(1315): Comp split 10
INFO: dtree.c(1315): Comp split 11
INFO: dtree.c(1439): stop. leaf nodes are specific
INFO: dtree.c(1478): Final simple tree
|( QUESTION2_7_L -1 1.036e+02 2.762e+01 1.000e+01
|    ( - 2.771e+01 1 0)
|    ( - 4.822e+01 1 0))
s>    ( QUESTION2_7_L -1 1.036e+02 2.762e+01 1.000e+01
s>        ( - 2.771e+01 1 0)
s>        ( - 4.822e+01 1 0))INFO: dtree.c(1315): Comp split 12
INFO: dtree.c(1315): Comp split 13
INFO: dtree.c(1439): stop. leaf nodes are specific
INFO: dtree.c(1478): Final simple tree
|( QUESTION0_1_R 1 1.576e+01 9.220e+00 3.000e+00
|    ( - 5.455e+00 1 0)
|    ( - 1.091e+00 1 0))
s>    ( QUESTION0_1_R 1 1.576e+01 9.220e+00 3.000e+00
s>        ( - 5.455e+00 1 0)
s>        ( - 1.091e+00 1 0))INFO: dtree.c(1315): Comp split 14
INFO: dtree.c(1315): Comp split 15
INFO: dtree.c(1315): Comp split 16
INFO: dtree.c(1318): stop. leaf nodes are specific
Fri Nov  2 10:07:31 2018
