Current configuration:
[NAME]		[DEFLT]	[VALUE]
-allphones	no	no
-cntthresh	0.00001	1.000000e-05
-csplitmax	100	2000
-csplitmin	1	1
-csplitthr	8e-4	0.000000e+00
-example	no	no
-fullvar	no	no
-help		no	no
-meanfn			
-mixwfn			/home/sdv/Documents/SDV/SDVoice/an4/model_parameters/an4.cd_semi_untied/mixture_weights
-moddeffn		/home/sdv/Documents/SDV/SDVoice/an4/model_architecture/an4.untied.mdef
-mwfloor	1e-4	1.000000e-08
-phone			JH
-psetfn			/home/sdv/Documents/SDV/SDVoice/an4/model_architecture/an4.tree_questions
-ssplitmax	5	7
-ssplitmin	1	1
-ssplitthr	8e-4	0.000000e+00
-state			0
-stwt			1.0,0.05,0.0,
-treefn			/home/sdv/Documents/SDV/SDVoice/an4/trees/an4.unpruned/JH-0.dtree
-ts2cbfn	.semi.	.semi.
-varfloor	0.00001	1.000000e-05
-varfn			

INFO: main.c(223): Reading: /home/sdv/Documents/SDV/SDVoice/an4/model_architecture/an4.untied.mdef
INFO: model_def_io.c(573): Model definition info:
INFO: model_def_io.c(574): 1618 total models defined (34 base, 1584 tri)
INFO: model_def_io.c(575): 6472 total states
INFO: model_def_io.c(576): 4854 total tied states
INFO: model_def_io.c(577): 102 total tied CI states
INFO: model_def_io.c(578): 34 total tied transition matrices
INFO: model_def_io.c(579): 4 max state/model
INFO: model_def_io.c(580): 4 min state/model
INFO: main.c(242): Building trees for [JH AH EY b] through [JH UW IY b]
INFO: main.c(269): Covering states |[2643 2732]| == 90
INFO: main.c(275): Reading: /home/sdv/Documents/SDV/SDVoice/an4/model_parameters/an4.cd_semi_untied/mixture_weights
INFO: s3mixw_io.c(173): Read /home/sdv/Documents/SDV/SDVoice/an4/model_parameters/an4.cd_semi_untied/mixture_weights [90x4x256 array]
INFO: main.c(311): 30 of 30 models have observation count greater than 0.000010
INFO: main.c(95): nrm stwt: 0.952 0.048 0.000 
INFO: main.c(411): 30-class entropy: 2.123694e+04
INFO: main.c(549): Reading: /home/sdv/Documents/SDV/SDVoice/an4/model_architecture/an4.tree_questions
INFO: main.c(588): 176 total simple questions (168 phone; 8 word bndry)
INFO: main.c(590): 42 Left Only questions, and 42 Right Only questions
INFO: dtree.c(1478): Final simple tree
|( QUESTION0 -1 2.843e+04 1.052e+03 1.151e+03
|    ( QUESTION2 -1 1.357e+04 6.984e+02 5.706e+02
|        ( - 8.757e+03 3 0 QUESTION0_0_R 1 1.787e+02 3.875e+02)
|        ( QUESTION11 -1 4.119e+03 3.866e+02 1.831e+02
|            ( - 1.964e+03 4 0 QUESTION2_11_L -1 2.352e+02 9.515e+01)
|            ( - 1.769e+03 7 0 QUESTION1 -1 2.050e+02 8.800e+01)))
|    ( SILENCE -1 1.380e+04 7.826e+02 5.804e+02
|        ( QUESTION0_0_R 1 5.790e+03 3.306e+02 2.727e+02
|            ( - 2.027e+03 3 0 QUESTION0 1 1.583e+02 1.066e+02)
|            ( - 3.432e+03 2 0 QUESTION14 1 1.406e+02 1.661e+02))
|        ( QUESTION2_4_L -1 7.228e+03 5.846e+02 3.077e+02
|            ( - 1.703e+03 2 0 QUESTION0_0_R 1 2.545e+02 8.300e+01)
|            ( QUESTION0_0_R 1 4.940e+03 3.546e+02 2.247e+02
|                ( - 2.635e+03 5 0 QUESTION14 -1 2.470e+02 1.266e+02)
|                ( - 1.950e+03 4 0 QUESTION14 -1 1.229e+02 9.811e+01)))))
s>    ( QUESTION0 -1 2.843e+04 1.052e+03 1.151e+03
s>        ( QUESTION2 -1 1.357e+04 6.984e+02 5.706e+02
s>            ( - 8.757e+03 3 0 QUESTION0_0_R 1 1.787e+02 3.875e+02)
s>            ( QUESTION11 -1 4.119e+03 3.866e+02 1.831e+02
s>                ( - 1.964e+03 4 0 QUESTION2_11_L -1 2.352e+02 9.515e+01)
s>                ( - 1.769e+03 7 0 QUESTION1 -1 2.050e+02 8.800e+01)))
s>        ( SILENCE -1 1.380e+04 7.826e+02 5.804e+02
s>            ( QUESTION0_0_R 1 5.790e+03 3.306e+02 2.727e+02
s>                ( - 2.027e+03 3 0 QUESTION0 1 1.583e+02 1.066e+02)
s>                ( - 3.432e+03 2 0 QUESTION14 1 1.406e+02 1.661e+02))
s>            ( QUESTION2_4_L -1 7.228e+03 5.846e+02 3.077e+02
s>                ( - 1.703e+03 2 0 QUESTION0_0_R 1 2.545e+02 8.300e+01)
s>                ( QUESTION0_0_R 1 4.940e+03 3.546e+02 2.247e+02
s>                    ( - 2.635e+03 5 0 QUESTION14 -1 2.470e+02 1.266e+02)
s>                    ( - 1.950e+03 4 0 QUESTION14 -1 1.229e+02 9.811e+01)))))INFO: dtree.c(1315): Comp split 0
INFO: dtree.c(1478): Final simple tree
|( QUESTION13 -1 1.360e+04 6.839e+02 5.854e+02
|    ( QUESTION0_0_R 1 4.940e+03 3.546e+02 2.247e+02
|        ( QUESTION14 -1 2.635e+03 2.470e+02 1.266e+02
|            ( - 1.517e+03 2 0)
|            ( - 8.711e+02 3 0 QUESTION16 -1 1.270e+02 4.700e+01))
|        ( - 1.950e+03 4 0 QUESTION14 -1 1.229e+02 9.811e+01))
|    ( SILENCE -1 7.977e+03 4.176e+02 3.607e+02
|        ( QUESTION0_0_R 1 5.790e+03 3.306e+02 2.727e+02
|            ( QUESTION0 1 2.027e+03 1.583e+02 1.066e+02
|                ( - 2.162e+02 2 0 QUESTION0_1_R 1 4.634e+01 1.700e+01)
|                ( - 1.653e+03 1 0))
|            ( - 3.432e+03 2 0 QUESTION14 1 1.406e+02 1.661e+02))
|        ( QUESTION1 -1 1.769e+03 2.050e+02 8.800e+01
|            ( - 1.029e+03 4 0 QUESTION0_0_R 1 1.409e+02 5.600e+01)
|            ( - 5.346e+02 3 0 QUESTION2_7_L -1 8.790e+01 3.200e+01))))
s>    ( QUESTION13 -1 1.360e+04 6.839e+02 5.854e+02
s>        ( QUESTION0_0_R 1 4.940e+03 3.546e+02 2.247e+02
s>            ( QUESTION14 -1 2.635e+03 2.470e+02 1.266e+02
s>                ( - 1.517e+03 2 0)
s>                ( - 8.711e+02 3 0 QUESTION16 -1 1.270e+02 4.700e+01))
s>            ( - 1.950e+03 4 0 QUESTION14 -1 1.229e+02 9.811e+01))
s>        ( SILENCE -1 7.977e+03 4.176e+02 3.607e+02
s>            ( QUESTION0_0_R 1 5.790e+03 3.306e+02 2.727e+02
s>                ( QUESTION0 1 2.027e+03 1.583e+02 1.066e+02
s>                    ( - 2.162e+02 2 0 QUESTION0_1_R 1 4.634e+01 1.700e+01)
s>                    ( - 1.653e+03 1 0))
s>                ( - 3.432e+03 2 0 QUESTION14 1 1.406e+02 1.661e+02))
s>            ( QUESTION1 -1 1.769e+03 2.050e+02 8.800e+01
s>                ( - 1.029e+03 4 0 QUESTION0_0_R 1 1.409e+02 5.600e+01)
s>                ( - 5.346e+02 3 0 QUESTION2_7_L -1 8.790e+01 3.200e+01))))INFO: dtree.c(1478): Final simple tree
|( QUESTION1 -1 1.368e+04 7.795e+02 5.656e+02
|    ( QUESTION0_0_R 1 8.757e+03 1.787e+02 3.875e+02
|        ( - 8.452e+03 2 0)
|        ( - 1.268e+02 1 0))
|    ( QUESTION0 -1 4.148e+03 4.817e+02 1.781e+02
|        ( QUESTION2_11_L -1 1.964e+03 2.352e+02 9.515e+01
|            ( QUESTION0_0_R 1 9.917e+02 1.554e+02 5.315e+01
|                ( - 4.025e+02 1 0)
|                ( - 4.337e+02 1 0))
|            ( QUESTION0_0_R 1 7.366e+02 1.045e+02 4.200e+01
|                ( - 1.323e+02 1 0)
|                ( - 4.997e+02 1 0)))
|        ( QUESTION0_0_R 1 1.703e+03 2.545e+02 8.300e+01
|            ( - 7.081e+02 1 0)
|            ( - 7.404e+02 1 0))))
s>    ( QUESTION1 -1 1.368e+04 7.795e+02 5.656e+02
s>        ( QUESTION0_0_R 1 8.757e+03 1.787e+02 3.875e+02
s>            ( - 8.452e+03 2 0)
s>            ( - 1.268e+02 1 0))
s>        ( QUESTION0 -1 4.148e+03 4.817e+02 1.781e+02
s>            ( QUESTION2_11_L -1 1.964e+03 2.352e+02 9.515e+01
s>                ( QUESTION0_0_R 1 9.917e+02 1.554e+02 5.315e+01
s>                    ( - 4.025e+02 1 0)
s>                    ( - 4.337e+02 1 0))
s>                ( QUESTION0_0_R 1 7.366e+02 1.045e+02 4.200e+01
s>                    ( - 1.323e+02 1 0)
s>                    ( - 4.997e+02 1 0)))
s>            ( QUESTION0_0_R 1 1.703e+03 2.545e+02 8.300e+01
s>                ( - 7.081e+02 1 0)
s>                ( - 7.404e+02 1 0))))INFO: dtree.c(1315): Comp split 1
INFO: dtree.c(1439): stop. leaf nodes are specific
INFO: dtree.c(1478): Final simple tree
|( QUESTION1 -1 8.735e+03 1.508e+02 3.885e+02
|    ( - 8.452e+03 2 0)
|    ( - 1.323e+02 1 0))
s>    ( QUESTION1 -1 8.735e+03 1.508e+02 3.885e+02
s>        ( - 8.452e+03 2 0)
s>        ( - 1.323e+02 1 0))INFO: dtree.c(1439): stop. leaf nodes are specific
INFO: dtree.c(1478): Final simple tree
|( QUESTION10 -1 4.140e+03 4.764e+02 1.771e+02
|    ( QUESTION0_0_R 1 1.682e+03 1.940e+02 8.315e+01
|        ( - 4.025e+02 1 0)
|        ( QUESTION2_11_L -1 1.086e+03 1.521e+02 5.615e+01
|            ( - 4.337e+02 1 0)
|            ( - 4.997e+02 1 0)))
|    ( QUESTION0_0_R 1 1.982e+03 2.654e+02 9.400e+01
|        ( - 7.081e+02 1 0)
|        ( QUESTION0 -1 1.008e+03 1.411e+02 5.400e+01
|            ( - 1.268e+02 1 0)
|            ( - 7.404e+02 1 0))))
s>    ( QUESTION10 -1 4.140e+03 4.764e+02 1.771e+02
s>        ( QUESTION0_0_R 1 1.682e+03 1.940e+02 8.315e+01
s>            ( - 4.025e+02 1 0)
s>            ( QUESTION2_11_L -1 1.086e+03 1.521e+02 5.615e+01
s>                ( - 4.337e+02 1 0)
s>                ( - 4.997e+02 1 0)))
s>        ( QUESTION0_0_R 1 1.982e+03 2.654e+02 9.400e+01
s>            ( - 7.081e+02 1 0)
s>            ( QUESTION0 -1 1.008e+03 1.411e+02 5.400e+01
s>                ( - 1.268e+02 1 0)
s>                ( - 7.404e+02 1 0))))INFO: dtree.c(1315): Comp split 2
INFO: dtree.c(1478): Final simple tree
|( QUESTION0_8_R 1 7.162e+03 3.751e+02 3.287e+02
|    ( SILENCE -1 2.657e+03 2.279e+02 1.346e+02
|        ( QUESTION0 1 1.804e+03 8.531e+01 9.662e+01
|            ( - 6.603e+01 1 0)
|            ( - 1.653e+03 1 0))
|        ( - 6.253e+02 2 0 QUESTION8 -1 4.942e+01 3.800e+01))
|    ( SILENCE -1 4.129e+03 2.032e+02 1.941e+02
|        ( QUESTION14 1 3.663e+03 1.987e+02 1.761e+02
|            ( - 3.136e+03 1 0)
|            ( QUESTION0_0_R 1 3.288e+02 6.881e+01 2.300e+01
|                ( - 1.038e+02 1 0)
|                ( - 1.562e+02 1 0)))
|        ( QUESTION8 -1 2.629e+02 6.216e+01 1.800e+01
|            ( - 6.823e+01 1 0)
|            ( - 1.325e+02 1 0))))
s>    ( QUESTION0_8_R 1 7.162e+03 3.751e+02 3.287e+02
s>        ( SILENCE -1 2.657e+03 2.279e+02 1.346e+02
s>            ( QUESTION0 1 1.804e+03 8.531e+01 9.662e+01
s>                ( - 6.603e+01 1 0)
s>                ( - 1.653e+03 1 0))
s>            ( - 6.253e+02 2 0 QUESTION8 -1 4.942e+01 3.800e+01))
s>        ( SILENCE -1 4.129e+03 2.032e+02 1.941e+02
s>            ( QUESTION14 1 3.663e+03 1.987e+02 1.761e+02
s>                ( - 3.136e+03 1 0)
s>                ( QUESTION0_0_R 1 3.288e+02 6.881e+01 2.300e+01
s>                    ( - 1.038e+02 1 0)
s>                    ( - 1.562e+02 1 0)))
s>            ( QUESTION8 -1 2.629e+02 6.216e+01 1.800e+01
s>                ( - 6.823e+01 1 0)
s>                ( - 1.325e+02 1 0))))INFO: dtree.c(1478): Final simple tree
|( QUESTION0_0_R 1 5.752e+03 3.868e+02 2.567e+02
|    ( QUESTION14 -1 3.146e+03 2.790e+02 1.476e+02
|        ( - 1.517e+03 2 0)
|        ( QUESTION2_7_L -1 1.350e+03 1.741e+02 6.800e+01
|            ( QUESTION0 -1 5.003e+02 8.781e+01 3.000e+01
|                ( - 1.291e+02 1 0)
|                ( - 2.834e+02 2 0))
|            ( QUESTION0 -1 6.754e+02 1.015e+02 3.800e+01
|                ( - 1.131e+02 1 0)
|                ( - 4.608e+02 1 0))))
|    ( QUESTION14 -1 2.220e+03 1.812e+02 1.091e+02
|        ( - 1.702e+03 2 0)
|        ( QUESTION0 -1 3.374e+02 7.706e+01 2.300e+01
|            ( - 1.346e+02 1 0)
|            ( - 1.258e+02 2 0 QUESTION16 -1 3.038e+01 1.200e+01))))
s>    ( QUESTION0_0_R 1 5.752e+03 3.868e+02 2.567e+02
s>        ( QUESTION14 -1 3.146e+03 2.790e+02 1.476e+02
s>            ( - 1.517e+03 2 0)
s>            ( QUESTION2_7_L -1 1.350e+03 1.741e+02 6.800e+01
s>                ( QUESTION0 -1 5.003e+02 8.781e+01 3.000e+01
s>                    ( - 1.291e+02 1 0)
s>                    ( - 2.834e+02 2 0))
s>                ( QUESTION0 -1 6.754e+02 1.015e+02 3.800e+01
s>                    ( - 1.131e+02 1 0)
s>                    ( - 4.608e+02 1 0))))
s>        ( QUESTION14 -1 2.220e+03 1.812e+02 1.091e+02
s>            ( - 1.702e+03 2 0)
s>            ( QUESTION0 -1 3.374e+02 7.706e+01 2.300e+01
s>                ( - 1.346e+02 1 0)
s>                ( - 1.258e+02 2 0 QUESTION16 -1 3.038e+01 1.200e+01))))INFO: dtree.c(1315): Comp split 3
INFO: dtree.c(1439): stop. leaf nodes are specific
INFO: dtree.c(1478): Final simple tree
|( QUESTION0_0_R 1 1.982e+03 2.654e+02 9.400e+01
|    ( - 7.081e+02 1 0)
|    ( QUESTION0 -1 1.008e+03 1.411e+02 5.400e+01
|        ( - 1.268e+02 1 0)
|        ( - 7.404e+02 1 0)))
s>    ( QUESTION0_0_R 1 1.982e+03 2.654e+02 9.400e+01
s>        ( - 7.081e+02 1 0)
s>        ( QUESTION0 -1 1.008e+03 1.411e+02 5.400e+01
s>            ( - 1.268e+02 1 0)
s>            ( - 7.404e+02 1 0)))INFO: dtree.c(1439): stop. leaf nodes are specific
INFO: dtree.c(1478): Final simple tree
|( QUESTION0_0_R 1 1.682e+03 1.940e+02 8.315e+01
|    ( - 4.025e+02 1 0)
|    ( QUESTION2_11_L -1 1.086e+03 1.521e+02 5.615e+01
|        ( - 4.337e+02 1 0)
|        ( - 4.997e+02 1 0)))
s>    ( QUESTION0_0_R 1 1.682e+03 1.940e+02 8.315e+01
s>        ( - 4.025e+02 1 0)
s>        ( QUESTION2_11_L -1 1.086e+03 1.521e+02 5.615e+01
s>            ( - 4.337e+02 1 0)
s>            ( - 4.997e+02 1 0)))INFO: dtree.c(1315): Comp split 4
INFO: dtree.c(1439): stop. leaf nodes are specific
INFO: dtree.c(1478): Final simple tree
|( QUESTION0_0_R 1 3.516e+03 1.642e+02 1.701e+02
|    ( QUESTION0_1_R 1 2.162e+02 4.634e+01 1.700e+01
|        ( - 1.038e+02 1 0)
|        ( - 6.603e+01 1 0))
|    ( - 3.136e+03 1 0))
s>    ( QUESTION0_0_R 1 3.516e+03 1.642e+02 1.701e+02
s>        ( QUESTION0_1_R 1 2.162e+02 4.634e+01 1.700e+01
s>            ( - 1.038e+02 1 0)
s>            ( - 6.603e+01 1 0))
s>        ( - 3.136e+03 1 0))INFO: dtree.c(1439): stop. leaf nodes are specific
INFO: dtree.c(1478): Final simple tree
|( SILENCE -1 3.244e+03 2.810e+02 1.586e+02
|    ( QUESTION0_0_R 1 1.934e+03 1.250e+02 1.026e+02
|        ( - 1.653e+03 1 0)
|        ( - 1.562e+02 1 0))
|    ( QUESTION0_0_R 1 1.029e+03 1.409e+02 5.600e+01
|        ( QUESTION8 -1 6.253e+02 4.942e+01 3.800e+01
|            ( - 2.078e+01 1 0)
|            ( - 5.551e+02 1 0))
|        ( QUESTION8 -1 2.629e+02 6.216e+01 1.800e+01
|            ( - 6.823e+01 1 0)
|            ( - 1.325e+02 1 0))))
s>    ( SILENCE -1 3.244e+03 2.810e+02 1.586e+02
s>        ( QUESTION0_0_R 1 1.934e+03 1.250e+02 1.026e+02
s>            ( - 1.653e+03 1 0)
s>            ( - 1.562e+02 1 0))
s>        ( QUESTION0_0_R 1 1.029e+03 1.409e+02 5.600e+01
s>            ( QUESTION8 -1 6.253e+02 4.942e+01 3.800e+01
s>                ( - 2.078e+01 1 0)
s>                ( - 5.551e+02 1 0))
s>            ( QUESTION8 -1 2.629e+02 6.216e+01 1.800e+01
s>                ( - 6.823e+01 1 0)
s>                ( - 1.325e+02 1 0))))INFO: dtree.c(1315): Comp split 5
INFO: dtree.c(1439): stop. leaf nodes are specific
INFO: dtree.c(1478): Final simple tree
|( QUESTION14 -1 2.459e+03 2.126e+02 1.191e+02
|    ( - 1.702e+03 2 0)
|    ( QUESTION0 -1 5.449e+02 1.014e+02 3.300e+01
|        ( QUESTION0_0_R 1 3.177e+02 7.000e+01 2.100e+01
|            ( - 1.131e+02 1 0)
|            ( - 1.346e+02 1 0))
|        ( QUESTION16 -1 1.258e+02 3.038e+01 1.200e+01
|            ( - 4.495e+01 1 0)
|            ( - 5.048e+01 1 0))))
s>    ( QUESTION14 -1 2.459e+03 2.126e+02 1.191e+02
s>        ( - 1.702e+03 2 0)
s>        ( QUESTION0 -1 5.449e+02 1.014e+02 3.300e+01
s>            ( QUESTION0_0_R 1 3.177e+02 7.000e+01 2.100e+01
s>                ( - 1.131e+02 1 0)
s>                ( - 1.346e+02 1 0))
s>            ( QUESTION16 -1 1.258e+02 3.038e+01 1.200e+01
s>                ( - 4.495e+01 1 0)
s>                ( - 5.048e+01 1 0))))INFO: dtree.c(1439): stop. leaf nodes are specific
INFO: dtree.c(1478): Final simple tree
|( QUESTION14 -1 2.903e+03 2.699e+02 1.376e+02
|    ( - 1.517e+03 2 0)
|    ( QUESTION17 -1 1.116e+03 1.547e+02 5.800e+01
|        ( - 4.608e+02 1 0)
|        ( QUESTION0 -1 5.003e+02 8.781e+01 3.000e+01
|            ( - 1.291e+02 1 0)
|            ( - 2.834e+02 2 0))))
s>    ( QUESTION14 -1 2.903e+03 2.699e+02 1.376e+02
s>        ( - 1.517e+03 2 0)
s>        ( QUESTION17 -1 1.116e+03 1.547e+02 5.800e+01
s>            ( - 4.608e+02 1 0)
s>            ( QUESTION0 -1 5.003e+02 8.781e+01 3.000e+01
s>                ( - 1.291e+02 1 0)
s>                ( - 2.834e+02 2 0))))INFO: dtree.c(1315): Comp split 6
INFO: dtree.c(1439): stop. leaf nodes are specific
INFO: dtree.c(1478): Final simple tree
|( QUESTION0_0_R 1 9.519e+02 1.169e+02 5.100e+01
|    ( - 7.081e+02 1 0)
|    ( - 1.268e+02 1 0))
s>    ( QUESTION0_0_R 1 9.519e+02 1.169e+02 5.100e+01
s>        ( - 7.081e+02 1 0)
s>        ( - 1.268e+02 1 0))INFO: dtree.c(1315): Comp split 7
INFO: dtree.c(1439): stop. leaf nodes are specific
INFO: dtree.c(1478): Final simple tree
|( QUESTION0_0_R 1 1.309e+03 1.771e+02 6.900e+01
|    ( QUESTION8 -1 6.253e+02 4.942e+01 3.800e+01
|        ( - 2.078e+01 1 0)
|        ( - 5.551e+02 1 0))
|    ( SILENCE -1 5.064e+02 8.727e+01 3.100e+01
|        ( - 1.562e+02 1 0)
|        ( QUESTION8 -1 2.629e+02 6.216e+01 1.800e+01
|            ( - 6.823e+01 1 0)
|            ( - 1.325e+02 1 0))))
s>    ( QUESTION0_0_R 1 1.309e+03 1.771e+02 6.900e+01
s>        ( QUESTION8 -1 6.253e+02 4.942e+01 3.800e+01
s>            ( - 2.078e+01 1 0)
s>            ( - 5.551e+02 1 0))
s>        ( SILENCE -1 5.064e+02 8.727e+01 3.100e+01
s>            ( - 1.562e+02 1 0)
s>            ( QUESTION8 -1 2.629e+02 6.216e+01 1.800e+01
s>                ( - 6.823e+01 1 0)
s>                ( - 1.325e+02 1 0))))INFO: dtree.c(1315): Comp split 8
INFO: dtree.c(1439): stop. leaf nodes are specific
INFO: dtree.c(1478): Final simple tree
|( QUESTION17 -1 1.116e+03 1.547e+02 5.800e+01
|    ( - 4.608e+02 1 0)
|    ( QUESTION0 -1 5.003e+02 8.781e+01 3.000e+01
|        ( - 1.291e+02 1 0)
|        ( - 2.834e+02 2 0)))
s>    ( QUESTION17 -1 1.116e+03 1.547e+02 5.800e+01
s>        ( - 4.608e+02 1 0)
s>        ( QUESTION0 -1 5.003e+02 8.781e+01 3.000e+01
s>            ( - 1.291e+02 1 0)
s>            ( - 2.834e+02 2 0)))INFO: dtree.c(1315): Comp split 9
INFO: dtree.c(1439): stop. leaf nodes are specific
INFO: dtree.c(1478): Final simple tree
|( QUESTION0 -1 5.449e+02 1.014e+02 3.300e+01
|    ( QUESTION0_0_R 1 3.177e+02 7.000e+01 2.100e+01
|        ( - 1.131e+02 1 0)
|        ( - 1.346e+02 1 0))
|    ( QUESTION16 -1 1.258e+02 3.038e+01 1.200e+01
|        ( - 4.495e+01 1 0)
|        ( - 5.048e+01 1 0)))
s>    ( QUESTION0 -1 5.449e+02 1.014e+02 3.300e+01
s>        ( QUESTION0_0_R 1 3.177e+02 7.000e+01 2.100e+01
s>            ( - 1.131e+02 1 0)
s>            ( - 1.346e+02 1 0))
s>        ( QUESTION16 -1 1.258e+02 3.038e+01 1.200e+01
s>            ( - 4.495e+01 1 0)
s>            ( - 5.048e+01 1 0)))INFO: dtree.c(1315): Comp split 10
INFO: dtree.c(1439): stop. leaf nodes are specific
INFO: dtree.c(1478): Final simple tree
|( QUESTION2_11_L -1 1.086e+03 1.521e+02 5.615e+01
|    ( - 4.337e+02 1 0)
|    ( - 4.997e+02 1 0))
s>    ( QUESTION2_11_L -1 1.086e+03 1.521e+02 5.615e+01
s>        ( - 4.337e+02 1 0)
s>        ( - 4.997e+02 1 0))INFO: dtree.c(1315): Comp split 11
INFO: dtree.c(1439): stop. leaf nodes are specific
INFO: dtree.c(1478): Final simple tree
|( SILENCE -1 5.064e+02 8.727e+01 3.100e+01
|    ( - 1.562e+02 1 0)
|    ( QUESTION8 -1 2.629e+02 6.216e+01 1.800e+01
|        ( - 6.823e+01 1 0)
|        ( - 1.325e+02 1 0)))
s>    ( SILENCE -1 5.064e+02 8.727e+01 3.100e+01
s>        ( - 1.562e+02 1 0)
s>        ( QUESTION8 -1 2.629e+02 6.216e+01 1.800e+01
s>            ( - 6.823e+01 1 0)
s>            ( - 1.325e+02 1 0)))INFO: dtree.c(1439): stop. leaf nodes are specific
INFO: dtree.c(1478): Final simple tree
|( QUESTION8 -1 6.253e+02 4.942e+01 3.800e+01
|    ( - 2.078e+01 1 0)
|    ( - 5.551e+02 1 0))
s>    ( QUESTION8 -1 6.253e+02 4.942e+01 3.800e+01
s>        ( - 2.078e+01 1 0)
s>        ( - 5.551e+02 1 0))INFO: dtree.c(1315): Comp split 12
INFO: dtree.c(1439): stop. leaf nodes are specific
INFO: dtree.c(1478): Final simple tree
|( QUESTION0_1_R 1 2.162e+02 4.634e+01 1.700e+01
|    ( - 1.038e+02 1 0)
|    ( - 6.603e+01 1 0))
s>    ( QUESTION0_1_R 1 2.162e+02 4.634e+01 1.700e+01
s>        ( - 1.038e+02 1 0)
s>        ( - 6.603e+01 1 0))INFO: dtree.c(1315): Comp split 13
INFO: dtree.c(1439): stop. leaf nodes are specific
INFO: dtree.c(1478): Final simple tree
|( QUESTION0 -1 5.003e+02 8.781e+01 3.000e+01
|    ( - 1.291e+02 1 0)
|    ( - 2.834e+02 2 0))
s>    ( QUESTION0 -1 5.003e+02 8.781e+01 3.000e+01
s>        ( - 1.291e+02 1 0)
s>        ( - 2.834e+02 2 0))INFO: dtree.c(1315): Comp split 14
INFO: dtree.c(1315): Comp split 15
INFO: dtree.c(1315): Comp split 16
INFO: dtree.c(1315): Comp split 17
INFO: dtree.c(1439): stop. leaf nodes are specific
INFO: dtree.c(1478): Final simple tree
|( QUESTION16 -1 1.258e+02 3.038e+01 1.200e+01
|    ( - 4.495e+01 1 0)
|    ( - 5.048e+01 1 0))
s>    ( QUESTION16 -1 1.258e+02 3.038e+01 1.200e+01
s>        ( - 4.495e+01 1 0)
s>        ( - 5.048e+01 1 0))INFO: dtree.c(1439): stop. leaf nodes are specific
INFO: dtree.c(1478): Final simple tree
|( QUESTION0_0_R 1 3.177e+02 7.000e+01 2.100e+01
|    ( - 1.131e+02 1 0)
|    ( - 1.346e+02 1 0))
s>    ( QUESTION0_0_R 1 3.177e+02 7.000e+01 2.100e+01
s>        ( - 1.131e+02 1 0)
s>        ( - 1.346e+02 1 0))INFO: dtree.c(1315): Comp split 18
INFO: dtree.c(1315): Comp split 19
INFO: dtree.c(1439): stop. leaf nodes are specific
INFO: dtree.c(1478): Final simple tree
|( QUESTION8 -1 2.629e+02 6.216e+01 1.800e+01
|    ( - 6.823e+01 1 0)
|    ( - 1.325e+02 1 0))
s>    ( QUESTION8 -1 2.629e+02 6.216e+01 1.800e+01
s>        ( - 6.823e+01 1 0)
s>        ( - 1.325e+02 1 0))INFO: dtree.c(1315): Comp split 20
INFO: dtree.c(1315): Comp split 21
INFO: dtree.c(1315): Comp split 22
INFO: dtree.c(1315): Comp split 23
INFO: dtree.c(1315): Comp split 24
INFO: dtree.c(1315): Comp split 25
INFO: dtree.c(1318): stop. leaf nodes are specific
Fri Nov  2 10:07:08 2018
