Current configuration:
[NAME]		[DEFLT]	[VALUE]
-allphones	no	no
-cntthresh	0.00001	1.000000e-05
-csplitmax	100	2000
-csplitmin	1	1
-csplitthr	8e-4	0.000000e+00
-example	no	no
-fullvar	no	no
-help		no	no
-meanfn			
-mixwfn			/home/sdv/Documents/SDV/SDVoice/an4/model_parameters/an4.cd_semi_untied/mixture_weights
-moddeffn		/home/sdv/Documents/SDV/SDVoice/an4/model_architecture/an4.untied.mdef
-mwfloor	1e-4	1.000000e-08
-phone			IH
-psetfn			/home/sdv/Documents/SDV/SDVoice/an4/model_architecture/an4.tree_questions
-ssplitmax	5	7
-ssplitmin	1	1
-ssplitthr	8e-4	0.000000e+00
-state			2
-stwt			1.0,0.05,0.0,
-treefn			/home/sdv/Documents/SDV/SDVoice/an4/trees/an4.unpruned/IH-2.dtree
-ts2cbfn	.semi.	.semi.
-varfloor	0.00001	1.000000e-05
-varfn			

INFO: main.c(223): Reading: /home/sdv/Documents/SDV/SDVoice/an4/model_architecture/an4.untied.mdef
INFO: model_def_io.c(573): Model definition info:
INFO: model_def_io.c(574): 1618 total models defined (34 base, 1584 tri)
INFO: model_def_io.c(575): 6472 total states
INFO: model_def_io.c(576): 4854 total tied states
INFO: model_def_io.c(577): 102 total tied CI states
INFO: model_def_io.c(578): 34 total tied transition matrices
INFO: model_def_io.c(579): 4 max state/model
INFO: model_def_io.c(580): 4 min state/model
INFO: main.c(242): Building trees for [IH D S i] through [IH Z R i]
INFO: main.c(269): Covering states |[1809 1835]| == 27
INFO: main.c(275): Reading: /home/sdv/Documents/SDV/SDVoice/an4/model_parameters/an4.cd_semi_untied/mixture_weights
INFO: s3mixw_io.c(173): Read /home/sdv/Documents/SDV/SDVoice/an4/model_parameters/an4.cd_semi_untied/mixture_weights [27x4x256 array]
INFO: main.c(311): 9 of 9 models have observation count greater than 0.000010
INFO: main.c(95): nrm stwt: 0.000 0.048 0.952 
INFO: main.c(411): 9-class entropy: 2.249949e+04
INFO: main.c(549): Reading: /home/sdv/Documents/SDV/SDVoice/an4/model_architecture/an4.tree_questions
INFO: main.c(588): 176 total simple questions (168 phone; 8 word bndry)
INFO: main.c(590): 42 Left Only questions, and 42 Right Only questions
INFO: dtree.c(1478): Final simple tree
|( QUESTION0_0_R 1 2.637e+04 1.959e+03 1.147e+03
|    ( WDBNDRY_B 0 4.735e+03 3.610e+02 2.329e+02
|        ( QUESTION0_1_R 1 2.010e+03 1.336e+02 1.078e+02
|            ( SILENCE -1 1.260e+02 3.968e+01 1.000e+01
|                ( - 4.051e+01 1 0)
|                ( - 4.578e+01 2 0 QUESTION0 -1 1.490e+01 5.000e+00))
|            ( - 1.750e+03 1 0))
|        ( - 2.364e+03 1 0))
|    ( QUESTION2_11_L -1 1.968e+04 9.455e+02 9.144e+02
|        ( - 1.546e+04 1 0)
|        ( QUESTION1 -1 3.275e+03 3.668e+02 1.602e+02
|            ( QUESTION0_10_R 1 7.870e+02 5.013e+01 4.715e+01
|                ( - 7.267e+02 1 0)
|                ( - 1.016e+01 1 0))
|            ( - 2.121e+03 1 0))))
s>    ( QUESTION0_0_R 1 2.637e+04 1.959e+03 1.147e+03
s>        ( WDBNDRY_B 0 4.735e+03 3.610e+02 2.329e+02
s>            ( QUESTION0_1_R 1 2.010e+03 1.336e+02 1.078e+02
s>                ( SILENCE -1 1.260e+02 3.968e+01 1.000e+01
s>                    ( - 4.051e+01 1 0)
s>                    ( - 4.578e+01 2 0 QUESTION0 -1 1.490e+01 5.000e+00))
s>                ( - 1.750e+03 1 0))
s>            ( - 2.364e+03 1 0))
s>        ( QUESTION2_11_L -1 1.968e+04 9.455e+02 9.144e+02
s>            ( - 1.546e+04 1 0)
s>            ( QUESTION1 -1 3.275e+03 3.668e+02 1.602e+02
s>                ( QUESTION0_10_R 1 7.870e+02 5.013e+01 4.715e+01
s>                    ( - 7.267e+02 1 0)
s>                    ( - 1.016e+01 1 0))
s>                ( - 2.121e+03 1 0))))INFO: dtree.c(1315): Comp split 0
INFO: dtree.c(1439): stop. leaf nodes are specific
INFO: dtree.c(1478): Final simple tree
|( QUESTION10 -1 4.817e+03 3.687e+02 2.359e+02
|    ( - 2.364e+03 1 0)
|    ( QUESTION0_8_R 1 2.084e+03 1.603e+02 1.108e+02
|        ( - 1.750e+03 1 0)
|        ( QUESTION0 -1 1.736e+02 5.146e+01 1.300e+01
|            ( WDBNDRY_B 0 6.555e+01 2.480e+01 7.000e+00
|                ( - 3.059e+01 1 0)
|                ( - 1.016e+01 1 0))
|            ( SILENCE -1 5.658e+01 1.578e+01 6.000e+00
|                ( - 4.051e+01 1 0)
|                ( - 2.857e-01 1 0)))))
s>    ( QUESTION10 -1 4.817e+03 3.687e+02 2.359e+02
s>        ( - 2.364e+03 1 0)
s>        ( QUESTION0_8_R 1 2.084e+03 1.603e+02 1.108e+02
s>            ( - 1.750e+03 1 0)
s>            ( QUESTION0 -1 1.736e+02 5.146e+01 1.300e+01
s>                ( WDBNDRY_B 0 6.555e+01 2.480e+01 7.000e+00
s>                    ( - 3.059e+01 1 0)
s>                    ( - 1.016e+01 1 0))
s>                ( SILENCE -1 5.658e+01 1.578e+01 6.000e+00
s>                    ( - 4.051e+01 1 0)
s>                    ( - 2.857e-01 1 0)))))INFO: dtree.c(1439): stop. leaf nodes are specific
INFO: dtree.c(1478): Final simple tree
|( QUESTION2_11_L -1 1.959e+04 9.279e+02 9.114e+02
|    ( - 1.546e+04 1 0)
|    ( QUESTION0_10_R 1 3.202e+03 3.537e+02 1.572e+02
|        ( - 7.267e+02 1 0)
|        ( - 2.121e+03 1 0)))
s>    ( QUESTION2_11_L -1 1.959e+04 9.279e+02 9.114e+02
s>        ( - 1.546e+04 1 0)
s>        ( QUESTION0_10_R 1 3.202e+03 3.537e+02 1.572e+02
s>            ( - 7.267e+02 1 0)
s>            ( - 2.121e+03 1 0)))INFO: dtree.c(1315): Comp split 1
INFO: dtree.c(1439): stop. leaf nodes are specific
INFO: dtree.c(1478): Final simple tree
|( QUESTION0_10_R 1 3.202e+03 3.537e+02 1.572e+02
|    ( - 7.267e+02 1 0)
|    ( - 2.121e+03 1 0))
s>    ( QUESTION0_10_R 1 3.202e+03 3.537e+02 1.572e+02
s>        ( - 7.267e+02 1 0)
s>        ( - 2.121e+03 1 0))INFO: dtree.c(1315): Comp split 2
INFO: dtree.c(1439): stop. leaf nodes are specific
INFO: dtree.c(1478): Final simple tree
|( QUESTION0_8_R 1 2.084e+03 1.603e+02 1.108e+02
|    ( - 1.750e+03 1 0)
|    ( QUESTION0 -1 1.736e+02 5.146e+01 1.300e+01
|        ( WDBNDRY_B 0 6.555e+01 2.480e+01 7.000e+00
|            ( - 3.059e+01 1 0)
|            ( - 1.016e+01 1 0))
|        ( SILENCE -1 5.658e+01 1.578e+01 6.000e+00
|            ( - 4.051e+01 1 0)
|            ( - 2.857e-01 1 0))))
s>    ( QUESTION0_8_R 1 2.084e+03 1.603e+02 1.108e+02
s>        ( - 1.750e+03 1 0)
s>        ( QUESTION0 -1 1.736e+02 5.146e+01 1.300e+01
s>            ( WDBNDRY_B 0 6.555e+01 2.480e+01 7.000e+00
s>                ( - 3.059e+01 1 0)
s>                ( - 1.016e+01 1 0))
s>            ( SILENCE -1 5.658e+01 1.578e+01 6.000e+00
s>                ( - 4.051e+01 1 0)
s>                ( - 2.857e-01 1 0))))INFO: dtree.c(1315): Comp split 3
INFO: dtree.c(1315): Comp split 4
INFO: dtree.c(1439): stop. leaf nodes are specific
INFO: dtree.c(1478): Final simple tree
|( QUESTION0 -1 1.736e+02 5.146e+01 1.300e+01
|    ( WDBNDRY_B 0 6.555e+01 2.480e+01 7.000e+00
|        ( - 3.059e+01 1 0)
|        ( - 1.016e+01 1 0))
|    ( SILENCE -1 5.658e+01 1.578e+01 6.000e+00
|        ( - 4.051e+01 1 0)
|        ( - 2.857e-01 1 0)))
s>    ( QUESTION0 -1 1.736e+02 5.146e+01 1.300e+01
s>        ( WDBNDRY_B 0 6.555e+01 2.480e+01 7.000e+00
s>            ( - 3.059e+01 1 0)
s>            ( - 1.016e+01 1 0))
s>        ( SILENCE -1 5.658e+01 1.578e+01 6.000e+00
s>            ( - 4.051e+01 1 0)
s>            ( - 2.857e-01 1 0)))INFO: dtree.c(1315): Comp split 5
INFO: dtree.c(1439): stop. leaf nodes are specific
INFO: dtree.c(1478): Final simple tree
|( SILENCE -1 5.658e+01 1.578e+01 6.000e+00
|    ( - 4.051e+01 1 0)
|    ( - 2.857e-01 1 0))
s>    ( SILENCE -1 5.658e+01 1.578e+01 6.000e+00
s>        ( - 4.051e+01 1 0)
s>        ( - 2.857e-01 1 0))INFO: dtree.c(1439): stop. leaf nodes are specific
INFO: dtree.c(1478): Final simple tree
|( WDBNDRY_B 0 6.555e+01 2.480e+01 7.000e+00
|    ( - 3.059e+01 1 0)
|    ( - 1.016e+01 1 0))
s>    ( WDBNDRY_B 0 6.555e+01 2.480e+01 7.000e+00
s>        ( - 3.059e+01 1 0)
s>        ( - 1.016e+01 1 0))INFO: dtree.c(1315): Comp split 6
INFO: dtree.c(1315): Comp split 7
INFO: dtree.c(1315): Comp split 8
INFO: dtree.c(1318): stop. leaf nodes are specific
Fri Nov  2 10:06:44 2018
