Current configuration:
[NAME]		[DEFLT]	[VALUE]
-allphones	no	no
-cntthresh	0.00001	1.000000e-05
-csplitmax	100	2000
-csplitmin	1	1
-csplitthr	8e-4	0.000000e+00
-example	no	no
-fullvar	no	no
-help		no	no
-meanfn			
-mixwfn			/home/sdv/Documents/SDV/SDVoice/an4/model_parameters/an4.cd_semi_untied/mixture_weights
-moddeffn		/home/sdv/Documents/SDV/SDVoice/an4/model_architecture/an4.untied.mdef
-mwfloor	1e-4	1.000000e-08
-phone			V
-psetfn			/home/sdv/Documents/SDV/SDVoice/an4/model_architecture/an4.tree_questions
-ssplitmax	5	7
-ssplitmin	1	1
-ssplitthr	8e-4	0.000000e+00
-state			2
-stwt			1.0,0.05,0.0,
-treefn			/home/sdv/Documents/SDV/SDVoice/an4/trees/an4.unpruned/V-2.dtree
-ts2cbfn	.semi.	.semi.
-varfloor	0.00001	1.000000e-05
-varfn			

INFO: main.c(223): Reading: /home/sdv/Documents/SDV/SDVoice/an4/model_architecture/an4.untied.mdef
INFO: model_def_io.c(573): Model definition info:
INFO: model_def_io.c(574): 1618 total models defined (34 base, 1584 tri)
INFO: model_def_io.c(575): 6472 total states
INFO: model_def_io.c(576): 4854 total tied states
INFO: model_def_io.c(577): 102 total tied CI states
INFO: model_def_io.c(578): 34 total tied transition matrices
INFO: model_def_io.c(579): 4 max state/model
INFO: model_def_io.c(580): 4 min state/model
INFO: main.c(242): Building trees for [V AH IY b] through [V T IY b]
INFO: main.c(269): Covering states |[4587 4670]| == 84
INFO: main.c(275): Reading: /home/sdv/Documents/SDV/SDVoice/an4/model_parameters/an4.cd_semi_untied/mixture_weights
INFO: s3mixw_io.c(173): Read /home/sdv/Documents/SDV/SDVoice/an4/model_parameters/an4.cd_semi_untied/mixture_weights [84x4x256 array]
INFO: main.c(311): 28 of 28 models have observation count greater than 0.000010
INFO: main.c(95): nrm stwt: 0.000 0.048 0.952 
INFO: main.c(411): 28-class entropy: 4.530370e+04
INFO: main.c(549): Reading: /home/sdv/Documents/SDV/SDVoice/an4/model_architecture/an4.tree_questions
INFO: main.c(588): 176 total simple questions (168 phone; 8 word bndry)
INFO: main.c(590): 42 Left Only questions, and 42 Right Only questions
INFO: dtree.c(1478): Final simple tree
|( QUESTION13 1 5.716e+04 2.474e+03 2.151e+03
|    ( QUESTION0_12_R 1 2.410e+04 1.620e+03 9.310e+02
|        ( - 9.412e+03 2 0 WDBNDRY_E 0 2.266e+02 4.088e+02)
|        ( QUESTION13 -1 1.307e+04 6.675e+02 5.222e+02
|            ( WDBNDRY_B 0 7.142e+03 5.492e+02 3.000e+02
|                ( - 4.912e+03 4 0 QUESTION14 -1 4.091e+02 2.190e+02)
|                ( - 1.680e+03 2 0 QUESTION0_0_R 1 2.053e+02 8.100e+01))
|            ( - 5.256e+03 6 0 QUESTION10 -1 4.731e+02 2.222e+02)))
|    ( SILENCE 1 3.059e+04 1.212e+03 1.220e+03
|        ( - 1.102e+04 2 0 QUESTION2_0_L -1 5.688e+01 4.774e+02)
|        ( QUESTION0_10_R 1 1.836e+04 8.028e+02 7.425e+02
|            ( - 9.544e+03 2 0 QUESTION2_0_L -1 7.187e+01 4.096e+02)
|            ( QUESTION11 1 8.013e+03 4.984e+02 3.330e+02
|                ( - 2.891e+03 6 0 QUESTION2_4_L -1 2.051e+02 1.301e+02)
|                ( - 4.623e+03 4 0 QUESTION0_0_R 1 3.710e+02 2.029e+02)))))
s>    ( QUESTION13 1 5.716e+04 2.474e+03 2.151e+03
s>        ( QUESTION0_12_R 1 2.410e+04 1.620e+03 9.310e+02
s>            ( - 9.412e+03 2 0 WDBNDRY_E 0 2.266e+02 4.088e+02)
s>            ( QUESTION13 -1 1.307e+04 6.675e+02 5.222e+02
s>                ( WDBNDRY_B 0 7.142e+03 5.492e+02 3.000e+02
s>                    ( - 4.912e+03 4 0 QUESTION14 -1 4.091e+02 2.190e+02)
s>                    ( - 1.680e+03 2 0 QUESTION0_0_R 1 2.053e+02 8.100e+01))
s>                ( - 5.256e+03 6 0 QUESTION10 -1 4.731e+02 2.222e+02)))
s>        ( SILENCE 1 3.059e+04 1.212e+03 1.220e+03
s>            ( - 1.102e+04 2 0 QUESTION2_0_L -1 5.688e+01 4.774e+02)
s>            ( QUESTION0_10_R 1 1.836e+04 8.028e+02 7.425e+02
s>                ( - 9.544e+03 2 0 QUESTION2_0_L -1 7.187e+01 4.096e+02)
s>                ( QUESTION11 1 8.013e+03 4.984e+02 3.330e+02
s>                    ( - 2.891e+03 6 0 QUESTION2_4_L -1 2.051e+02 1.301e+02)
s>                    ( - 4.623e+03 4 0 QUESTION0_0_R 1 3.710e+02 2.029e+02)))))INFO: dtree.c(1315): Comp split 0
INFO: dtree.c(1478): Final simple tree
|( QUESTION0 1 3.290e+04 1.234e+03 1.301e+03
|    ( QUESTION0_10_R 1 1.836e+04 8.028e+02 7.425e+02
|        ( - 9.544e+03 2 0 QUESTION2_0_L -1 7.187e+01 4.096e+02)
|        ( QUESTION11 1 8.013e+03 4.984e+02 3.330e+02
|            ( - 2.891e+03 6 0 QUESTION2_4_L -1 2.051e+02 1.301e+02)
|            ( QUESTION0_0_R 1 4.623e+03 3.710e+02 2.029e+02
|                ( - 1.399e+03 2 0 QUESTION2_0_L -1 1.500e+02 6.900e+01)
|                ( QUESTION1 1 2.853e+03 2.808e+02 1.339e+02
|                    ( - 1.515e+03 1 0)
|                    ( - 1.058e+03 1 0)))))
|    ( SILENCE 1 1.330e+04 6.008e+02 5.584e+02
|        ( - 1.102e+04 2 0 QUESTION2_0_L -1 5.688e+01 4.774e+02)
|        ( QUESTION0_0_R 1 1.680e+03 2.053e+02 8.100e+01
|            ( - 1.253e+03 1 0)
|            ( - 2.224e+02 1 0))))
s>    ( QUESTION0 1 3.290e+04 1.234e+03 1.301e+03
s>        ( QUESTION0_10_R 1 1.836e+04 8.028e+02 7.425e+02
s>            ( - 9.544e+03 2 0 QUESTION2_0_L -1 7.187e+01 4.096e+02)
s>            ( QUESTION11 1 8.013e+03 4.984e+02 3.330e+02
s>                ( - 2.891e+03 6 0 QUESTION2_4_L -1 2.051e+02 1.301e+02)
s>                ( QUESTION0_0_R 1 4.623e+03 3.710e+02 2.029e+02
s>                    ( - 1.399e+03 2 0 QUESTION2_0_L -1 1.500e+02 6.900e+01)
s>                    ( QUESTION1 1 2.853e+03 2.808e+02 1.339e+02
s>                        ( - 1.515e+03 1 0)
s>                        ( - 1.058e+03 1 0)))))
s>        ( SILENCE 1 1.330e+04 6.008e+02 5.584e+02
s>            ( - 1.102e+04 2 0 QUESTION2_0_L -1 5.688e+01 4.774e+02)
s>            ( QUESTION0_0_R 1 1.680e+03 2.053e+02 8.100e+01
s>                ( - 1.253e+03 1 0)
s>                ( - 2.224e+02 1 0))))INFO: dtree.c(1478): Final simple tree
|( WDBNDRY_B 0 2.178e+04 1.592e+03 8.500e+02
|    ( QUESTION13 -1 1.077e+04 6.061e+02 4.412e+02
|        ( QUESTION14 -1 4.912e+03 4.091e+02 2.190e+02
|            ( - 2.590e+03 2 0)
|            ( QUESTION16 -1 1.913e+03 2.180e+02 9.605e+01
|                ( - 5.615e+02 1 0)
|                ( - 1.134e+03 1 0)))
|        ( QUESTION10 -1 5.256e+03 4.731e+02 2.222e+02
|            ( QUESTION2_12_L -1 2.807e+03 3.130e+02 1.270e+02
|                ( - 1.716e+03 1 0)
|                ( - 7.781e+02 2 0 QUESTION11 -1 1.403e+02 4.300e+01))
|            ( - 1.976e+03 3 0 SILENCE -1 2.112e+02 9.518e+01)))
|    ( WDBNDRY_E 0 9.412e+03 2.266e+02 4.088e+02
|        ( - 2.844e+02 1 0)
|        ( - 8.901e+03 1 0)))
s>    ( WDBNDRY_B 0 2.178e+04 1.592e+03 8.500e+02
s>        ( QUESTION13 -1 1.077e+04 6.061e+02 4.412e+02
s>            ( QUESTION14 -1 4.912e+03 4.091e+02 2.190e+02
s>                ( - 2.590e+03 2 0)
s>                ( QUESTION16 -1 1.913e+03 2.180e+02 9.605e+01
s>                    ( - 5.615e+02 1 0)
s>                    ( - 1.134e+03 1 0)))
s>            ( QUESTION10 -1 5.256e+03 4.731e+02 2.222e+02
s>                ( QUESTION2_12_L -1 2.807e+03 3.130e+02 1.270e+02
s>                    ( - 1.716e+03 1 0)
s>                    ( - 7.781e+02 2 0 QUESTION11 -1 1.403e+02 4.300e+01))
s>                ( - 1.976e+03 3 0 SILENCE -1 2.112e+02 9.518e+01)))
s>        ( WDBNDRY_E 0 9.412e+03 2.266e+02 4.088e+02
s>            ( - 2.844e+02 1 0)
s>            ( - 8.901e+03 1 0)))INFO: dtree.c(1315): Comp split 1
INFO: dtree.c(1478): Final simple tree
|( QUESTION13 -1 1.077e+04 6.061e+02 4.412e+02
|    ( QUESTION14 -1 4.912e+03 4.091e+02 2.190e+02
|        ( - 2.590e+03 2 0)
|        ( QUESTION16 -1 1.913e+03 2.180e+02 9.605e+01
|            ( - 5.615e+02 1 0)
|            ( - 1.134e+03 1 0)))
|    ( QUESTION10 -1 5.256e+03 4.731e+02 2.222e+02
|        ( QUESTION2_12_L -1 2.807e+03 3.130e+02 1.270e+02
|            ( - 1.716e+03 1 0)
|            ( QUESTION11 -1 7.781e+02 1.403e+02 4.300e+01
|                ( - 4.135e+02 1 0)
|                ( - 2.243e+02 1 0)))
|        ( SILENCE -1 1.976e+03 2.112e+02 9.518e+01
|            ( - 1.296e+03 1 0)
|            ( - 4.695e+02 2 0 QUESTION2 -1 9.031e+01 3.000e+01))))
s>    ( QUESTION13 -1 1.077e+04 6.061e+02 4.412e+02
s>        ( QUESTION14 -1 4.912e+03 4.091e+02 2.190e+02
s>            ( - 2.590e+03 2 0)
s>            ( QUESTION16 -1 1.913e+03 2.180e+02 9.605e+01
s>                ( - 5.615e+02 1 0)
s>                ( - 1.134e+03 1 0)))
s>        ( QUESTION10 -1 5.256e+03 4.731e+02 2.222e+02
s>            ( QUESTION2_12_L -1 2.807e+03 3.130e+02 1.270e+02
s>                ( - 1.716e+03 1 0)
s>                ( QUESTION11 -1 7.781e+02 1.403e+02 4.300e+01
s>                    ( - 4.135e+02 1 0)
s>                    ( - 2.243e+02 1 0)))
s>            ( SILENCE -1 1.976e+03 2.112e+02 9.518e+01
s>                ( - 1.296e+03 1 0)
s>                ( - 4.695e+02 2 0 QUESTION2 -1 9.031e+01 3.000e+01))))INFO: dtree.c(1439): stop. leaf nodes are specific
INFO: dtree.c(1478): Final simple tree
|( WDBNDRY_E 0 9.412e+03 2.266e+02 4.088e+02
|    ( - 2.844e+02 1 0)
|    ( - 8.901e+03 1 0))
s>    ( WDBNDRY_E 0 9.412e+03 2.266e+02 4.088e+02
s>        ( - 2.844e+02 1 0)
s>        ( - 8.901e+03 1 0))INFO: dtree.c(1315): Comp split 2
INFO: dtree.c(1478): Final simple tree
|( QUESTION0_10_R 1 1.836e+04 8.028e+02 7.425e+02
|    ( QUESTION2_0_L -1 9.544e+03 7.187e+01 4.096e+02
|        ( - 9.453e+03 1 0)
|        ( - 1.902e+01 1 0))
|    ( QUESTION11 1 8.013e+03 4.984e+02 3.330e+02
|        ( QUESTION2_4_L -1 2.891e+03 2.051e+02 1.301e+02
|            ( - 2.481e+03 3 0)
|            ( - 2.052e+02 3 0 QUESTION16 -1 5.091e+01 1.599e+01))
|        ( QUESTION0_0_R 1 4.623e+03 3.710e+02 2.029e+02
|            ( QUESTION2_0_L -1 1.399e+03 1.500e+02 6.900e+01
|                ( - 1.053e+03 1 0)
|                ( - 1.959e+02 1 0))
|            ( QUESTION1 1 2.853e+03 2.808e+02 1.339e+02
|                ( - 1.515e+03 1 0)
|                ( - 1.058e+03 1 0)))))
s>    ( QUESTION0_10_R 1 1.836e+04 8.028e+02 7.425e+02
s>        ( QUESTION2_0_L -1 9.544e+03 7.187e+01 4.096e+02
s>            ( - 9.453e+03 1 0)
s>            ( - 1.902e+01 1 0))
s>        ( QUESTION11 1 8.013e+03 4.984e+02 3.330e+02
s>            ( QUESTION2_4_L -1 2.891e+03 2.051e+02 1.301e+02
s>                ( - 2.481e+03 3 0)
s>                ( - 2.052e+02 3 0 QUESTION16 -1 5.091e+01 1.599e+01))
s>            ( QUESTION0_0_R 1 4.623e+03 3.710e+02 2.029e+02
s>                ( QUESTION2_0_L -1 1.399e+03 1.500e+02 6.900e+01
s>                    ( - 1.053e+03 1 0)
s>                    ( - 1.959e+02 1 0))
s>                ( QUESTION1 1 2.853e+03 2.808e+02 1.339e+02
s>                    ( - 1.515e+03 1 0)
s>                    ( - 1.058e+03 1 0)))))INFO: dtree.c(1439): stop. leaf nodes are specific
INFO: dtree.c(1478): Final simple tree
|( SILENCE 1 1.330e+04 6.008e+02 5.584e+02
|    ( QUESTION2_0_L -1 1.102e+04 5.688e+01 4.774e+02
|        ( - 1.095e+04 1 0)
|        ( - 1.621e+01 1 0))
|    ( QUESTION0_0_R 1 1.680e+03 2.053e+02 8.100e+01
|        ( - 1.253e+03 1 0)
|        ( - 2.224e+02 1 0)))
s>    ( SILENCE 1 1.330e+04 6.008e+02 5.584e+02
s>        ( QUESTION2_0_L -1 1.102e+04 5.688e+01 4.774e+02
s>            ( - 1.095e+04 1 0)
s>            ( - 1.621e+01 1 0))
s>        ( QUESTION0_0_R 1 1.680e+03 2.053e+02 8.100e+01
s>            ( - 1.253e+03 1 0)
s>            ( - 2.224e+02 1 0)))INFO: dtree.c(1315): Comp split 3
INFO: dtree.c(1439): stop. leaf nodes are specific
INFO: dtree.c(1478): Final simple tree
|( QUESTION11 1 8.013e+03 4.984e+02 3.330e+02
|    ( QUESTION2_4_L -1 2.891e+03 2.051e+02 1.301e+02
|        ( - 2.481e+03 3 0)
|        ( QUESTION16 -1 2.052e+02 5.091e+01 1.599e+01
|            ( - 1.291e+02 2 0)
|            ( - 2.510e+01 1 0)))
|    ( QUESTION0_0_R 1 4.623e+03 3.710e+02 2.029e+02
|        ( QUESTION2_0_L -1 1.399e+03 1.500e+02 6.900e+01
|            ( - 1.053e+03 1 0)
|            ( - 1.959e+02 1 0))
|        ( QUESTION1 1 2.853e+03 2.808e+02 1.339e+02
|            ( - 1.515e+03 1 0)
|            ( - 1.058e+03 1 0))))
s>    ( QUESTION11 1 8.013e+03 4.984e+02 3.330e+02
s>        ( QUESTION2_4_L -1 2.891e+03 2.051e+02 1.301e+02
s>            ( - 2.481e+03 3 0)
s>            ( QUESTION16 -1 2.052e+02 5.091e+01 1.599e+01
s>                ( - 1.291e+02 2 0)
s>                ( - 2.510e+01 1 0)))
s>        ( QUESTION0_0_R 1 4.623e+03 3.710e+02 2.029e+02
s>            ( QUESTION2_0_L -1 1.399e+03 1.500e+02 6.900e+01
s>                ( - 1.053e+03 1 0)
s>                ( - 1.959e+02 1 0))
s>            ( QUESTION1 1 2.853e+03 2.808e+02 1.339e+02
s>                ( - 1.515e+03 1 0)
s>                ( - 1.058e+03 1 0))))INFO: dtree.c(1439): stop. leaf nodes are specific
INFO: dtree.c(1478): Final simple tree
|( QUESTION2_0_L -1 9.544e+03 7.187e+01 4.096e+02
|    ( - 9.453e+03 1 0)
|    ( - 1.902e+01 1 0))
s>    ( QUESTION2_0_L -1 9.544e+03 7.187e+01 4.096e+02
s>        ( - 9.453e+03 1 0)
s>        ( - 1.902e+01 1 0))INFO: dtree.c(1315): Comp split 4
INFO: dtree.c(1439): stop. leaf nodes are specific
INFO: dtree.c(1478): Final simple tree
|( QUESTION15 -1 6.064e+03 4.361e+02 2.660e+02
|    ( QUESTION16 -1 1.913e+03 2.180e+02 9.605e+01
|        ( - 5.615e+02 1 0)
|        ( - 1.134e+03 1 0))
|    ( QUESTION0 -1 3.714e+03 2.806e+02 1.700e+02
|        ( QUESTION1 -1 8.436e+02 1.498e+02 4.700e+01
|            ( QUESTION2 -1 4.695e+02 9.031e+01 3.000e+01
|                ( - 1.669e+02 1 0)
|                ( - 2.123e+02 1 0))
|            ( - 2.243e+02 1 0))
|        ( - 2.590e+03 2 0)))
s>    ( QUESTION15 -1 6.064e+03 4.361e+02 2.660e+02
s>        ( QUESTION16 -1 1.913e+03 2.180e+02 9.605e+01
s>            ( - 5.615e+02 1 0)
s>            ( - 1.134e+03 1 0))
s>        ( QUESTION0 -1 3.714e+03 2.806e+02 1.700e+02
s>            ( QUESTION1 -1 8.436e+02 1.498e+02 4.700e+01
s>                ( QUESTION2 -1 4.695e+02 9.031e+01 3.000e+01
s>                    ( - 1.669e+02 1 0)
s>                    ( - 2.123e+02 1 0))
s>                ( - 2.243e+02 1 0))
s>            ( - 2.590e+03 2 0)))INFO: dtree.c(1439): stop. leaf nodes are specific
INFO: dtree.c(1478): Final simple tree
|( QUESTION2_11_L -1 4.067e+03 3.970e+02 1.752e+02
|    ( - 1.716e+03 1 0)
|    ( SILENCE -1 1.954e+03 2.451e+02 9.118e+01
|        ( - 1.296e+03 1 0)
|        ( - 4.135e+02 1 0)))
s>    ( QUESTION2_11_L -1 4.067e+03 3.970e+02 1.752e+02
s>        ( - 1.716e+03 1 0)
s>        ( SILENCE -1 1.954e+03 2.451e+02 9.118e+01
s>            ( - 1.296e+03 1 0)
s>            ( - 4.135e+02 1 0)))INFO: dtree.c(1315): Comp split 5
INFO: dtree.c(1439): stop. leaf nodes are specific
INFO: dtree.c(1478): Final simple tree
|( QUESTION0_0_R 1 1.680e+03 2.053e+02 8.100e+01
|    ( - 1.253e+03 1 0)
|    ( - 2.224e+02 1 0))
s>    ( QUESTION0_0_R 1 1.680e+03 2.053e+02 8.100e+01
s>        ( - 1.253e+03 1 0)
s>        ( - 2.224e+02 1 0))INFO: dtree.c(1439): stop. leaf nodes are specific
INFO: dtree.c(1478): Final simple tree
|( QUESTION2_0_L -1 1.102e+04 5.688e+01 4.774e+02
|    ( - 1.095e+04 1 0)
|    ( - 1.621e+01 1 0))
s>    ( QUESTION2_0_L -1 1.102e+04 5.688e+01 4.774e+02
s>        ( - 1.095e+04 1 0)
s>        ( - 1.621e+01 1 0))INFO: dtree.c(1315): Comp split 6
INFO: dtree.c(1439): stop. leaf nodes are specific
INFO: dtree.c(1478): Final simple tree
|( QUESTION8 1 3.532e+03 3.193e+02 1.609e+02
|    ( - 1.515e+03 1 0)
|    ( QUESTION12 1 1.699e+03 2.221e+02 8.500e+01
|        ( - 1.058e+03 1 0)
|        ( QUESTION0_0_R 1 4.186e+02 9.352e+01 2.700e+01
|            ( - 1.959e+02 1 0)
|            ( - 1.291e+02 2 0))))
s>    ( QUESTION8 1 3.532e+03 3.193e+02 1.609e+02
s>        ( - 1.515e+03 1 0)
s>        ( QUESTION12 1 1.699e+03 2.221e+02 8.500e+01
s>            ( - 1.058e+03 1 0)
s>            ( QUESTION0_0_R 1 4.186e+02 9.352e+01 2.700e+01
s>                ( - 1.959e+02 1 0)
s>                ( - 1.291e+02 2 0))))INFO: dtree.c(1439): stop. leaf nodes are specific
INFO: dtree.c(1478): Final simple tree
|( QUESTION0_0_R 1 3.966e+03 3.395e+02 1.721e+02
|    ( - 1.053e+03 1 0)
|    ( QUESTION16 -1 2.574e+03 6.772e+01 1.181e+02
|        ( - 2.481e+03 3 0)
|        ( - 2.510e+01 1 0)))
s>    ( QUESTION0_0_R 1 3.966e+03 3.395e+02 1.721e+02
s>        ( - 1.053e+03 1 0)
s>        ( QUESTION16 -1 2.574e+03 6.772e+01 1.181e+02
s>            ( - 2.481e+03 3 0)
s>            ( - 2.510e+01 1 0)))INFO: dtree.c(1315): Comp split 7
INFO: dtree.c(1439): stop. leaf nodes are specific
INFO: dtree.c(1478): Final simple tree
|( QUESTION17 -1 2.221e+03 2.384e+02 1.101e+02
|    ( - 1.134e+03 1 0)
|    ( QUESTION0 -1 8.488e+02 1.203e+02 4.798e+01
|        ( - 1.669e+02 1 0)
|        ( - 5.615e+02 1 0)))
s>    ( QUESTION17 -1 2.221e+03 2.384e+02 1.101e+02
s>        ( - 1.134e+03 1 0)
s>        ( QUESTION0 -1 8.488e+02 1.203e+02 4.798e+01
s>            ( - 1.669e+02 1 0)
s>            ( - 5.615e+02 1 0)))INFO: dtree.c(1439): stop. leaf nodes are specific
INFO: dtree.c(1478): Final simple tree
|( QUESTION0 -1 3.376e+03 2.348e+02 1.560e+02
|    ( QUESTION1 -1 5.512e+02 1.147e+02 3.300e+01
|        ( - 2.123e+02 1 0)
|        ( - 2.243e+02 1 0))
|    ( - 2.590e+03 2 0))
s>    ( QUESTION0 -1 3.376e+03 2.348e+02 1.560e+02
s>        ( QUESTION1 -1 5.512e+02 1.147e+02 3.300e+01
s>            ( - 2.123e+02 1 0)
s>            ( - 2.243e+02 1 0))
s>        ( - 2.590e+03 2 0))INFO: dtree.c(1315): Comp split 8
INFO: dtree.c(1439): stop. leaf nodes are specific
INFO: dtree.c(1478): Final simple tree
|( SILENCE -1 1.954e+03 2.451e+02 9.118e+01
|    ( - 1.296e+03 1 0)
|    ( - 4.135e+02 1 0))
s>    ( SILENCE -1 1.954e+03 2.451e+02 9.118e+01
s>        ( - 1.296e+03 1 0)
s>        ( - 4.135e+02 1 0))INFO: dtree.c(1315): Comp split 9
INFO: dtree.c(1439): stop. leaf nodes are specific
INFO: dtree.c(1478): Final simple tree
|( QUESTION0_0_R 1 1.145e+03 6.720e+01 5.799e+01
|    ( - 1.053e+03 1 0)
|    ( - 2.510e+01 1 0))
s>    ( QUESTION0_0_R 1 1.145e+03 6.720e+01 5.799e+01
s>        ( - 1.053e+03 1 0)
s>        ( - 2.510e+01 1 0))INFO: dtree.c(1315): Comp split 10
INFO: dtree.c(1439): stop. leaf nodes are specific
INFO: dtree.c(1478): Final simple tree
|( QUESTION0_0_R 1 1.408e+03 1.539e+02 7.300e+01
|    ( - 1.959e+02 1 0)
|    ( - 1.058e+03 1 0))
s>    ( QUESTION0_0_R 1 1.408e+03 1.539e+02 7.300e+01
s>        ( - 1.959e+02 1 0)
s>        ( - 1.058e+03 1 0))INFO: dtree.c(1439): stop. leaf nodes are specific
INFO: dtree.c(1478): Final simple tree
|( QUESTION1 1 1.804e+03 1.599e+02 8.790e+01
|    ( - 1.515e+03 1 0)
|    ( - 1.291e+02 2 0))
s>    ( QUESTION1 1 1.804e+03 1.599e+02 8.790e+01
s>        ( - 1.515e+03 1 0)
s>        ( - 1.291e+02 2 0))INFO: dtree.c(1315): Comp split 11
INFO: dtree.c(1315): Comp split 12
INFO: dtree.c(1439): stop. leaf nodes are specific
INFO: dtree.c(1478): Final simple tree
|( QUESTION0 -1 8.488e+02 1.203e+02 4.798e+01
|    ( - 1.669e+02 1 0)
|    ( - 5.615e+02 1 0))
s>    ( QUESTION0 -1 8.488e+02 1.203e+02 4.798e+01
s>        ( - 1.669e+02 1 0)
s>        ( - 5.615e+02 1 0))INFO: dtree.c(1315): Comp split 13
INFO: dtree.c(1439): stop. leaf nodes are specific
INFO: dtree.c(1478): Final simple tree
|( QUESTION1 -1 5.512e+02 1.147e+02 3.300e+01
|    ( - 2.123e+02 1 0)
|    ( - 2.243e+02 1 0))
s>    ( QUESTION1 -1 5.512e+02 1.147e+02 3.300e+01
s>        ( - 2.123e+02 1 0)
s>        ( - 2.243e+02 1 0))INFO: dtree.c(1315): Comp split 14
INFO: dtree.c(1315): Comp split 15
INFO: dtree.c(1315): Comp split 16
INFO: dtree.c(1315): Comp split 17
INFO: dtree.c(1315): Comp split 18
INFO: dtree.c(1315): Comp split 19
INFO: dtree.c(1315): Comp split 20
INFO: dtree.c(1315): Comp split 21
INFO: dtree.c(1315): Comp split 22
INFO: dtree.c(1315): Comp split 23
INFO: dtree.c(1318): stop. leaf nodes are specific
Fri Nov  2 10:07:59 2018
