Current configuration:
[NAME]		[DEFLT]	[VALUE]
-allphones	no	no
-cntthresh	0.00001	1.000000e-05
-csplitmax	100	2000
-csplitmin	1	1
-csplitthr	8e-4	0.000000e+00
-example	no	no
-fullvar	no	no
-help		no	no
-meanfn			
-mixwfn			/home/sdv/Documents/SDV/SDVoice/an4/model_parameters/an4.cd_semi_untied/mixture_weights
-moddeffn		/home/sdv/Documents/SDV/SDVoice/an4/model_architecture/an4.untied.mdef
-mwfloor	1e-4	1.000000e-08
-phone			K
-psetfn			/home/sdv/Documents/SDV/SDVoice/an4/model_architecture/an4.tree_questions
-ssplitmax	5	7
-ssplitmin	1	1
-ssplitthr	8e-4	0.000000e+00
-state			2
-stwt			1.0,0.05,0.0,
-treefn			/home/sdv/Documents/SDV/SDVoice/an4/trees/an4.unpruned/K-2.dtree
-ts2cbfn	.semi.	.semi.
-varfloor	0.00001	1.000000e-05
-varfn			

INFO: main.c(223): Reading: /home/sdv/Documents/SDV/SDVoice/an4/model_architecture/an4.untied.mdef
INFO: model_def_io.c(573): Model definition info:
INFO: model_def_io.c(574): 1618 total models defined (34 base, 1584 tri)
INFO: model_def_io.c(575): 6472 total states
INFO: model_def_io.c(576): 4854 total tied states
INFO: model_def_io.c(577): 102 total tied CI states
INFO: model_def_io.c(578): 34 total tied transition matrices
INFO: model_def_io.c(579): 4 max state/model
INFO: model_def_io.c(580): 4 min state/model
INFO: main.c(242): Building trees for [K AA T i] through [K UW Y b]
INFO: main.c(269): Covering states |[2733 2825]| == 93
INFO: main.c(275): Reading: /home/sdv/Documents/SDV/SDVoice/an4/model_parameters/an4.cd_semi_untied/mixture_weights
INFO: s3mixw_io.c(173): Read /home/sdv/Documents/SDV/SDVoice/an4/model_parameters/an4.cd_semi_untied/mixture_weights [93x4x256 array]
INFO: main.c(311): 31 of 31 models have observation count greater than 0.000010
INFO: main.c(95): nrm stwt: 0.000 0.048 0.952 
INFO: main.c(411): 31-class entropy: 1.952825e+04
INFO: main.c(549): Reading: /home/sdv/Documents/SDV/SDVoice/an4/model_architecture/an4.tree_questions
INFO: main.c(588): 176 total simple questions (168 phone; 8 word bndry)
INFO: main.c(590): 42 Left Only questions, and 42 Right Only questions
INFO: dtree.c(1478): Final simple tree
|( QUESTION0_20_R 1 2.706e+04 2.621e+03 1.128e+03
|    ( QUESTION18 -1 9.892e+03 2.406e+02 4.980e+02
|        ( - 9.383e+02 1 0)
|        ( - 8.713e+03 1 0))
|    ( QUESTION0_11_R 1 1.455e+04 8.343e+02 6.295e+02
|        ( QUESTION2_9_L -1 8.396e+03 4.100e+02 3.791e+02
|            ( - 2.650e+03 7 0 QUESTION1 -1 2.378e+02 1.291e+02)
|            ( QUESTION14 -1 5.336e+03 3.253e+02 2.500e+02
|                ( - 2.574e+03 2 0)
|                ( - 2.436e+03 6 0 QUESTION0 -1 2.216e+02 1.240e+02)))
|        ( QUESTION14 -1 5.319e+03 3.728e+02 2.505e+02
|            ( - 1.755e+03 2 0)
|            ( QUESTION2_6_L -1 3.191e+03 2.558e+02 1.570e+02
|                ( - 2.075e+03 8 0 QUESTION1 -1 2.093e+02 1.080e+02)
|                ( - 8.603e+02 4 0 QUESTION2_4_L -1 1.200e+02 4.900e+01)))))
s>    ( QUESTION0_20_R 1 2.706e+04 2.621e+03 1.128e+03
s>        ( QUESTION18 -1 9.892e+03 2.406e+02 4.980e+02
s>            ( - 9.383e+02 1 0)
s>            ( - 8.713e+03 1 0))
s>        ( QUESTION0_11_R 1 1.455e+04 8.343e+02 6.295e+02
s>            ( QUESTION2_9_L -1 8.396e+03 4.100e+02 3.791e+02
s>                ( - 2.650e+03 7 0 QUESTION1 -1 2.378e+02 1.291e+02)
s>                ( QUESTION14 -1 5.336e+03 3.253e+02 2.500e+02
s>                    ( - 2.574e+03 2 0)
s>                    ( - 2.436e+03 6 0 QUESTION0 -1 2.216e+02 1.240e+02)))
s>            ( QUESTION14 -1 5.319e+03 3.728e+02 2.505e+02
s>                ( - 1.755e+03 2 0)
s>                ( QUESTION2_6_L -1 3.191e+03 2.558e+02 1.570e+02
s>                    ( - 2.075e+03 8 0 QUESTION1 -1 2.093e+02 1.080e+02)
s>                    ( - 8.603e+02 4 0 QUESTION2_4_L -1 1.200e+02 4.900e+01)))))INFO: dtree.c(1315): Comp split 0
INFO: dtree.c(1478): Final simple tree
|( QUESTION0_11_R 1 1.455e+04 8.343e+02 6.295e+02
|    ( QUESTION2_9_L -1 8.396e+03 4.100e+02 3.791e+02
|        ( QUESTION1 -1 2.650e+03 2.378e+02 1.291e+02
|            ( - 1.634e+03 4 0 QUESTION2 -1 1.027e+02 8.608e+01)
|            ( - 7.779e+02 3 0 QUESTION0 -1 8.187e+01 4.298e+01))
|        ( QUESTION14 -1 5.336e+03 3.253e+02 2.500e+02
|            ( - 2.574e+03 2 0)
|            ( QUESTION0 -1 2.436e+03 2.216e+02 1.240e+02
|                ( - 8.829e+02 2 0 QUESTION2_11_L -1 9.320e+01 5.302e+01)
|                ( - 1.332e+03 4 0 SILENCE -1 1.596e+02 7.100e+01))))
|    ( QUESTION14 -1 5.319e+03 3.728e+02 2.505e+02
|        ( - 1.755e+03 2 0)
|        ( QUESTION2_6_L -1 3.191e+03 2.558e+02 1.570e+02
|            ( - 2.075e+03 8 0 QUESTION1 -1 2.093e+02 1.080e+02)
|            ( - 8.603e+02 4 0 QUESTION2_4_L -1 1.200e+02 4.900e+01))))
s>    ( QUESTION0_11_R 1 1.455e+04 8.343e+02 6.295e+02
s>        ( QUESTION2_9_L -1 8.396e+03 4.100e+02 3.791e+02
s>            ( QUESTION1 -1 2.650e+03 2.378e+02 1.291e+02
s>                ( - 1.634e+03 4 0 QUESTION2 -1 1.027e+02 8.608e+01)
s>                ( - 7.779e+02 3 0 QUESTION0 -1 8.187e+01 4.298e+01))
s>            ( QUESTION14 -1 5.336e+03 3.253e+02 2.500e+02
s>                ( - 2.574e+03 2 0)
s>                ( QUESTION0 -1 2.436e+03 2.216e+02 1.240e+02
s>                    ( - 8.829e+02 2 0 QUESTION2_11_L -1 9.320e+01 5.302e+01)
s>                    ( - 1.332e+03 4 0 SILENCE -1 1.596e+02 7.100e+01))))
s>        ( QUESTION14 -1 5.319e+03 3.728e+02 2.505e+02
s>            ( - 1.755e+03 2 0)
s>            ( QUESTION2_6_L -1 3.191e+03 2.558e+02 1.570e+02
s>                ( - 2.075e+03 8 0 QUESTION1 -1 2.093e+02 1.080e+02)
s>                ( - 8.603e+02 4 0 QUESTION2_4_L -1 1.200e+02 4.900e+01))))INFO: dtree.c(1439): stop. leaf nodes are specific
INFO: dtree.c(1478): Final simple tree
|( QUESTION18 -1 9.892e+03 2.406e+02 4.980e+02
|    ( - 9.383e+02 1 0)
|    ( - 8.713e+03 1 0))
s>    ( QUESTION18 -1 9.892e+03 2.406e+02 4.980e+02
s>        ( - 9.383e+02 1 0)
s>        ( - 8.713e+03 1 0))INFO: dtree.c(1315): Comp split 1
INFO: dtree.c(1478): Final simple tree
|( QUESTION2_9_L -1 8.396e+03 4.100e+02 3.791e+02
|    ( QUESTION1 -1 2.650e+03 2.378e+02 1.291e+02
|        ( QUESTION2 -1 1.634e+03 1.027e+02 8.608e+01
|            ( - 1.402e+03 2 0)
|            ( - 1.302e+02 2 0 QUESTION8 -1 3.542e+01 1.100e+01))
|        ( - 7.779e+02 3 0 QUESTION0 -1 8.187e+01 4.298e+01))
|    ( QUESTION14 -1 5.336e+03 3.253e+02 2.500e+02
|        ( - 2.574e+03 2 0)
|        ( QUESTION0 -1 2.436e+03 2.216e+02 1.240e+02
|            ( QUESTION2_11_L -1 8.829e+02 9.320e+01 5.302e+01
|                ( - 6.681e+02 1 0)
|                ( - 1.216e+02 1 0))
|            ( SILENCE -1 1.332e+03 1.596e+02 7.100e+01
|                ( - 6.998e+02 1 0)
|                ( - 4.724e+02 3 0 QUESTION19 -1 8.108e+01 3.000e+01)))))
s>    ( QUESTION2_9_L -1 8.396e+03 4.100e+02 3.791e+02
s>        ( QUESTION1 -1 2.650e+03 2.378e+02 1.291e+02
s>            ( QUESTION2 -1 1.634e+03 1.027e+02 8.608e+01
s>                ( - 1.402e+03 2 0)
s>                ( - 1.302e+02 2 0 QUESTION8 -1 3.542e+01 1.100e+01))
s>            ( - 7.779e+02 3 0 QUESTION0 -1 8.187e+01 4.298e+01))
s>        ( QUESTION14 -1 5.336e+03 3.253e+02 2.500e+02
s>            ( - 2.574e+03 2 0)
s>            ( QUESTION0 -1 2.436e+03 2.216e+02 1.240e+02
s>                ( QUESTION2_11_L -1 8.829e+02 9.320e+01 5.302e+01
s>                    ( - 6.681e+02 1 0)
s>                    ( - 1.216e+02 1 0))
s>                ( SILENCE -1 1.332e+03 1.596e+02 7.100e+01
s>                    ( - 6.998e+02 1 0)
s>                    ( - 4.724e+02 3 0 QUESTION19 -1 8.108e+01 3.000e+01)))))INFO: dtree.c(1478): Final simple tree
|( QUESTION14 -1 5.319e+03 3.728e+02 2.505e+02
|    ( - 1.755e+03 2 0)
|    ( QUESTION2_6_L -1 3.191e+03 2.558e+02 1.570e+02
|        ( QUESTION1 -1 2.075e+03 2.093e+02 1.080e+02
|            ( QUESTION2 -1 9.517e+02 1.103e+02 5.500e+01
|                ( - 7.170e+02 2 0)
|                ( - 1.243e+02 1 0))
|            ( QUESTION2_12_L -1 9.142e+02 1.393e+02 5.300e+01
|                ( - 3.184e+02 1 0)
|                ( QUESTION2_11_L -1 4.565e+02 8.489e+01 3.000e+01
|                    ( - 1.485e+02 1 0)
|                    ( - 2.231e+02 3 0 QUESTION11 -1 5.214e+01 1.700e+01))))
|        ( QUESTION2_4_L -1 8.603e+02 1.200e+02 4.900e+01
|            ( - 4.822e+02 1 0)
|            ( - 2.581e+02 3 0 SILENCE -1 6.038e+01 1.800e+01))))
s>    ( QUESTION14 -1 5.319e+03 3.728e+02 2.505e+02
s>        ( - 1.755e+03 2 0)
s>        ( QUESTION2_6_L -1 3.191e+03 2.558e+02 1.570e+02
s>            ( QUESTION1 -1 2.075e+03 2.093e+02 1.080e+02
s>                ( QUESTION2 -1 9.517e+02 1.103e+02 5.500e+01
s>                    ( - 7.170e+02 2 0)
s>                    ( - 1.243e+02 1 0))
s>                ( QUESTION2_12_L -1 9.142e+02 1.393e+02 5.300e+01
s>                    ( - 3.184e+02 1 0)
s>                    ( QUESTION2_11_L -1 4.565e+02 8.489e+01 3.000e+01
s>                        ( - 1.485e+02 1 0)
s>                        ( - 2.231e+02 3 0 QUESTION11 -1 5.214e+01 1.700e+01))))
s>            ( QUESTION2_4_L -1 8.603e+02 1.200e+02 4.900e+01
s>                ( - 4.822e+02 1 0)
s>                ( - 2.581e+02 3 0 SILENCE -1 6.038e+01 1.800e+01))))INFO: dtree.c(1315): Comp split 2
INFO: dtree.c(1478): Final simple tree
|( QUESTION1 -1 3.415e+03 2.580e+02 1.691e+02
|    ( QUESTION2 -1 1.634e+03 1.027e+02 8.608e+01
|        ( - 1.402e+03 2 0)
|        ( QUESTION8 -1 1.302e+02 3.542e+01 1.100e+01
|            ( - 6.943e+01 1 0)
|            ( - 2.538e+01 1 0)))
|    ( QUESTION0 -1 1.522e+03 1.669e+02 8.302e+01
|        ( QUESTION2_11_L -1 8.829e+02 9.320e+01 5.302e+01
|            ( - 6.681e+02 1 0)
|            ( - 1.216e+02 1 0))
|        ( QUESTION19 -1 4.724e+02 8.108e+01 3.000e+01
|            ( - 2.418e+02 1 0)
|            ( WDBNDRY_B 0 1.496e+02 3.148e+01 1.200e+01
|                ( - 1.098e+02 1 0)
|                ( - 8.334e+00 1 0)))))
s>    ( QUESTION1 -1 3.415e+03 2.580e+02 1.691e+02
s>        ( QUESTION2 -1 1.634e+03 1.027e+02 8.608e+01
s>            ( - 1.402e+03 2 0)
s>            ( QUESTION8 -1 1.302e+02 3.542e+01 1.100e+01
s>                ( - 6.943e+01 1 0)
s>                ( - 2.538e+01 1 0)))
s>        ( QUESTION0 -1 1.522e+03 1.669e+02 8.302e+01
s>            ( QUESTION2_11_L -1 8.829e+02 9.320e+01 5.302e+01
s>                ( - 6.681e+02 1 0)
s>                ( - 1.216e+02 1 0))
s>            ( QUESTION19 -1 4.724e+02 8.108e+01 3.000e+01
s>                ( - 2.418e+02 1 0)
s>                ( WDBNDRY_B 0 1.496e+02 3.148e+01 1.200e+01
s>                    ( - 1.098e+02 1 0)
s>                    ( - 8.334e+00 1 0)))))INFO: dtree.c(1439): stop. leaf nodes are specific
INFO: dtree.c(1478): Final simple tree
|( QUESTION14 -1 4.552e+03 2.867e+02 2.100e+02
|    ( - 2.574e+03 2 0)
|    ( QUESTION13 -1 1.691e+03 2.141e+02 8.398e+01
|        ( - 6.410e+02 2 0)
|        ( SILENCE -1 8.362e+02 8.138e+01 4.700e+01
|            ( - 6.998e+02 1 0)
|            ( - 5.506e+01 1 0))))
s>    ( QUESTION14 -1 4.552e+03 2.867e+02 2.100e+02
s>        ( - 2.574e+03 2 0)
s>        ( QUESTION13 -1 1.691e+03 2.141e+02 8.398e+01
s>            ( - 6.410e+02 2 0)
s>            ( SILENCE -1 8.362e+02 8.138e+01 4.700e+01
s>                ( - 6.998e+02 1 0)
s>                ( - 5.506e+01 1 0))))INFO: dtree.c(1315): Comp split 3
INFO: dtree.c(1439): stop. leaf nodes are specific
INFO: dtree.c(1478): Final simple tree
|( QUESTION0 -1 2.238e+03 1.641e+02 1.165e+02
|    ( - 3.184e+02 1 0)
|    ( - 1.755e+03 2 0))
s>    ( QUESTION0 -1 2.238e+03 1.641e+02 1.165e+02
s>        ( - 3.184e+02 1 0)
s>        ( - 1.755e+03 2 0))INFO: dtree.c(1478): Final simple tree
|( QUESTION2_6_L -1 2.676e+03 2.457e+02 1.340e+02
|    ( QUESTION2 -1 1.570e+03 1.779e+02 8.500e+01
|        ( - 7.170e+02 2 0)
|        ( QUESTION10 -1 6.750e+02 1.004e+02 4.200e+01
|            ( QUESTION2_11_L -1 3.929e+02 7.648e+01 2.700e+01
|                ( - 1.485e+02 1 0)
|                ( - 1.679e+02 2 0 QUESTION11 -1 4.139e+01 1.400e+01))
|            ( QUESTION0 -1 1.816e+02 4.240e+01 1.500e+01
|                ( - 1.243e+02 1 0)
|                ( - 1.489e+01 1 0))))
|    ( QUESTION2_4_L -1 8.603e+02 1.200e+02 4.900e+01
|        ( - 4.822e+02 1 0)
|        ( SILENCE -1 2.581e+02 6.038e+01 1.800e+01
|            ( - 1.390e+02 1 0)
|            ( - 5.870e+01 2 0 WDBNDRY_B 0 2.401e+01 6.000e+00))))
s>    ( QUESTION2_6_L -1 2.676e+03 2.457e+02 1.340e+02
s>        ( QUESTION2 -1 1.570e+03 1.779e+02 8.500e+01
s>            ( - 7.170e+02 2 0)
s>            ( QUESTION10 -1 6.750e+02 1.004e+02 4.200e+01
s>                ( QUESTION2_11_L -1 3.929e+02 7.648e+01 2.700e+01
s>                    ( - 1.485e+02 1 0)
s>                    ( - 1.679e+02 2 0 QUESTION11 -1 4.139e+01 1.400e+01))
s>                ( QUESTION0 -1 1.816e+02 4.240e+01 1.500e+01
s>                    ( - 1.243e+02 1 0)
s>                    ( - 1.489e+01 1 0))))
s>        ( QUESTION2_4_L -1 8.603e+02 1.200e+02 4.900e+01
s>            ( - 4.822e+02 1 0)
s>            ( SILENCE -1 2.581e+02 6.038e+01 1.800e+01
s>                ( - 1.390e+02 1 0)
s>                ( - 5.870e+01 2 0 WDBNDRY_B 0 2.401e+01 6.000e+00))))INFO: dtree.c(1315): Comp split 4
INFO: dtree.c(1439): stop. leaf nodes are specific
INFO: dtree.c(1478): Final simple tree
|( QUESTION13 -1 1.691e+03 2.141e+02 8.398e+01
|    ( - 6.410e+02 2 0)
|    ( SILENCE -1 8.362e+02 8.138e+01 4.700e+01
|        ( - 6.998e+02 1 0)
|        ( - 5.506e+01 1 0)))
s>    ( QUESTION13 -1 1.691e+03 2.141e+02 8.398e+01
s>        ( - 6.410e+02 2 0)
s>        ( SILENCE -1 8.362e+02 8.138e+01 4.700e+01
s>            ( - 6.998e+02 1 0)
s>            ( - 5.506e+01 1 0)))INFO: dtree.c(1315): Comp split 5
INFO: dtree.c(1439): stop. leaf nodes are specific
INFO: dtree.c(1478): Final simple tree
|( QUESTION10 -1 1.157e+03 1.298e+02 6.602e+01
|    ( - 6.681e+02 1 0)
|    ( QUESTION19 -1 3.595e+02 6.499e+01 2.400e+01
|        ( - 2.418e+02 1 0)
|        ( WDBNDRY_B 0 5.279e+01 1.908e+01 6.000e+00
|            ( - 2.538e+01 1 0)
|            ( - 8.334e+00 1 0))))
s>    ( QUESTION10 -1 1.157e+03 1.298e+02 6.602e+01
s>        ( - 6.681e+02 1 0)
s>        ( QUESTION19 -1 3.595e+02 6.499e+01 2.400e+01
s>            ( - 2.418e+02 1 0)
s>            ( WDBNDRY_B 0 5.279e+01 1.908e+01 6.000e+00
s>                ( - 2.538e+01 1 0)
s>                ( - 8.334e+00 1 0))))INFO: dtree.c(1439): stop. leaf nodes are specific
INFO: dtree.c(1478): Final simple tree
|( QUESTION2 -1 1.994e+03 1.604e+02 1.031e+02
|    ( - 1.402e+03 2 0)
|    ( QUESTION1 -1 4.320e+02 7.647e+01 2.800e+01
|        ( - 6.943e+01 1 0)
|        ( QUESTION0 -1 2.861e+02 5.478e+01 2.100e+01
|            ( - 1.216e+02 1 0)
|            ( - 1.098e+02 1 0))))
s>    ( QUESTION2 -1 1.994e+03 1.604e+02 1.031e+02
s>        ( - 1.402e+03 2 0)
s>        ( QUESTION1 -1 4.320e+02 7.647e+01 2.800e+01
s>            ( - 6.943e+01 1 0)
s>            ( QUESTION0 -1 2.861e+02 5.478e+01 2.100e+01
s>                ( - 1.216e+02 1 0)
s>                ( - 1.098e+02 1 0))))INFO: dtree.c(1315): Comp split 6
INFO: dtree.c(1439): stop. leaf nodes are specific
INFO: dtree.c(1478): Final simple tree
|( QUESTION2_4_L -1 1.159e+03 1.553e+02 6.300e+01
|    ( - 4.822e+02 1 0)
|    ( QUESTION0 -1 5.210e+02 9.492e+01 3.200e+01
|        ( QUESTION11 -1 1.679e+02 4.139e+01 1.400e+01
|            ( - 7.700e+01 1 0)
|            ( - 4.956e+01 1 0))
|        ( SILENCE -1 2.581e+02 6.038e+01 1.800e+01
|            ( - 1.390e+02 1 0)
|            ( WDBNDRY_B 0 5.870e+01 2.401e+01 6.000e+00
|                ( - 1.469e+01 1 0)
|                ( - 2.000e+01 1 0)))))
s>    ( QUESTION2_4_L -1 1.159e+03 1.553e+02 6.300e+01
s>        ( - 4.822e+02 1 0)
s>        ( QUESTION0 -1 5.210e+02 9.492e+01 3.200e+01
s>            ( QUESTION11 -1 1.679e+02 4.139e+01 1.400e+01
s>                ( - 7.700e+01 1 0)
s>                ( - 4.956e+01 1 0))
s>            ( SILENCE -1 2.581e+02 6.038e+01 1.800e+01
s>                ( - 1.390e+02 1 0)
s>                ( WDBNDRY_B 0 5.870e+01 2.401e+01 6.000e+00
s>                    ( - 1.469e+01 1 0)
s>                    ( - 2.000e+01 1 0)))))INFO: dtree.c(1439): stop. leaf nodes are specific
INFO: dtree.c(1478): Final simple tree
|( QUESTION2 -1 1.269e+03 1.490e+02 7.100e+01
|    ( - 7.170e+02 2 0)
|    ( QUESTION1 -1 4.030e+02 7.351e+01 2.800e+01
|        ( - 1.243e+02 1 0)
|        ( QUESTION0 -1 2.051e+02 4.170e+01 1.600e+01
|            ( - 1.485e+02 1 0)
|            ( - 1.489e+01 1 0))))
s>    ( QUESTION2 -1 1.269e+03 1.490e+02 7.100e+01
s>        ( - 7.170e+02 2 0)
s>        ( QUESTION1 -1 4.030e+02 7.351e+01 2.800e+01
s>            ( - 1.243e+02 1 0)
s>            ( QUESTION0 -1 2.051e+02 4.170e+01 1.600e+01
s>                ( - 1.485e+02 1 0)
s>                ( - 1.489e+01 1 0))))INFO: dtree.c(1315): Comp split 7
INFO: dtree.c(1315): Comp split 8
INFO: dtree.c(1439): stop. leaf nodes are specific
INFO: dtree.c(1478): Final simple tree
|( SILENCE -1 8.362e+02 8.138e+01 4.700e+01
|    ( - 6.998e+02 1 0)
|    ( - 5.506e+01 1 0))
s>    ( SILENCE -1 8.362e+02 8.138e+01 4.700e+01
s>        ( - 6.998e+02 1 0)
s>        ( - 5.506e+01 1 0))INFO: dtree.c(1315): Comp split 9
INFO: dtree.c(1315): Comp split 10
INFO: dtree.c(1439): stop. leaf nodes are specific
INFO: dtree.c(1478): Final simple tree
|( QUESTION0_8_R 1 2.916e+02 6.496e+01 2.000e+01
|    ( QUESTION11 -1 1.679e+02 4.139e+01 1.400e+01
|        ( - 7.700e+01 1 0)
|        ( - 4.956e+01 1 0))
|    ( WDBNDRY_B 0 5.870e+01 2.401e+01 6.000e+00
|        ( - 1.469e+01 1 0)
|        ( - 2.000e+01 1 0)))
s>    ( QUESTION0_8_R 1 2.916e+02 6.496e+01 2.000e+01
s>        ( QUESTION11 -1 1.679e+02 4.139e+01 1.400e+01
s>            ( - 7.700e+01 1 0)
s>            ( - 4.956e+01 1 0))
s>        ( WDBNDRY_B 0 5.870e+01 2.401e+01 6.000e+00
s>            ( - 1.469e+01 1 0)
s>            ( - 2.000e+01 1 0)))INFO: dtree.c(1439): stop. leaf nodes are specific
INFO: dtree.c(1478): Final simple tree
|( SILENCE -1 7.056e+02 8.436e+01 4.300e+01
|    ( - 1.390e+02 1 0)
|    ( - 4.822e+02 1 0))
s>    ( SILENCE -1 7.056e+02 8.436e+01 4.300e+01
s>        ( - 1.390e+02 1 0)
s>        ( - 4.822e+02 1 0))INFO: dtree.c(1315): Comp split 11
INFO: dtree.c(1439): stop. leaf nodes are specific
INFO: dtree.c(1478): Final simple tree
|( QUESTION1 -1 4.320e+02 7.647e+01 2.800e+01
|    ( - 6.943e+01 1 0)
|    ( QUESTION0 -1 2.861e+02 5.478e+01 2.100e+01
|        ( - 1.216e+02 1 0)
|        ( - 1.098e+02 1 0)))
s>    ( QUESTION1 -1 4.320e+02 7.647e+01 2.800e+01
s>        ( - 6.943e+01 1 0)
s>        ( QUESTION0 -1 2.861e+02 5.478e+01 2.100e+01
s>            ( - 1.216e+02 1 0)
s>            ( - 1.098e+02 1 0)))INFO: dtree.c(1315): Comp split 12
INFO: dtree.c(1439): stop. leaf nodes are specific
INFO: dtree.c(1478): Final simple tree
|( QUESTION1 -1 4.030e+02 7.351e+01 2.800e+01
|    ( - 1.243e+02 1 0)
|    ( QUESTION0 -1 2.051e+02 4.170e+01 1.600e+01
|        ( - 1.485e+02 1 0)
|        ( - 1.489e+01 1 0)))
s>    ( QUESTION1 -1 4.030e+02 7.351e+01 2.800e+01
s>        ( - 1.243e+02 1 0)
s>        ( QUESTION0 -1 2.051e+02 4.170e+01 1.600e+01
s>            ( - 1.485e+02 1 0)
s>            ( - 1.489e+01 1 0)))INFO: dtree.c(1315): Comp split 13
INFO: dtree.c(1439): stop. leaf nodes are specific
INFO: dtree.c(1478): Final simple tree
|( QUESTION19 -1 3.595e+02 6.499e+01 2.400e+01
|    ( - 2.418e+02 1 0)
|    ( WDBNDRY_B 0 5.279e+01 1.908e+01 6.000e+00
|        ( - 2.538e+01 1 0)
|        ( - 8.334e+00 1 0)))
s>    ( QUESTION19 -1 3.595e+02 6.499e+01 2.400e+01
s>        ( - 2.418e+02 1 0)
s>        ( WDBNDRY_B 0 5.279e+01 1.908e+01 6.000e+00
s>            ( - 2.538e+01 1 0)
s>            ( - 8.334e+00 1 0)))INFO: dtree.c(1315): Comp split 14
INFO: dtree.c(1315): Comp split 15
INFO: dtree.c(1315): Comp split 16
INFO: dtree.c(1439): stop. leaf nodes are specific
INFO: dtree.c(1478): Final simple tree
|( QUESTION0 -1 2.861e+02 5.478e+01 2.100e+01
|    ( - 1.216e+02 1 0)
|    ( - 1.098e+02 1 0))
s>    ( QUESTION0 -1 2.861e+02 5.478e+01 2.100e+01
s>        ( - 1.216e+02 1 0)
s>        ( - 1.098e+02 1 0))INFO: dtree.c(1315): Comp split 17
INFO: dtree.c(1439): stop. leaf nodes are specific
INFO: dtree.c(1478): Final simple tree
|( QUESTION0 -1 2.051e+02 4.170e+01 1.600e+01
|    ( - 1.485e+02 1 0)
|    ( - 1.489e+01 1 0))
s>    ( QUESTION0 -1 2.051e+02 4.170e+01 1.600e+01
s>        ( - 1.485e+02 1 0)
s>        ( - 1.489e+01 1 0))INFO: dtree.c(1315): Comp split 18
INFO: dtree.c(1439): stop. leaf nodes are specific
INFO: dtree.c(1478): Final simple tree
|( WDBNDRY_B 0 5.279e+01 1.908e+01 6.000e+00
|    ( - 2.538e+01 1 0)
|    ( - 8.334e+00 1 0))
s>    ( WDBNDRY_B 0 5.279e+01 1.908e+01 6.000e+00
s>        ( - 2.538e+01 1 0)
s>        ( - 8.334e+00 1 0))INFO: dtree.c(1315): Comp split 19
INFO: dtree.c(1439): stop. leaf nodes are specific
INFO: dtree.c(1478): Final simple tree
|( WDBNDRY_B 0 5.870e+01 2.401e+01 6.000e+00
|    ( - 1.469e+01 1 0)
|    ( - 2.000e+01 1 0))
s>    ( WDBNDRY_B 0 5.870e+01 2.401e+01 6.000e+00
s>        ( - 1.469e+01 1 0)
s>        ( - 2.000e+01 1 0))INFO: dtree.c(1439): stop. leaf nodes are specific
INFO: dtree.c(1478): Final simple tree
|( QUESTION11 -1 1.679e+02 4.139e+01 1.400e+01
|    ( - 7.700e+01 1 0)
|    ( - 4.956e+01 1 0))
s>    ( QUESTION11 -1 1.679e+02 4.139e+01 1.400e+01
s>        ( - 7.700e+01 1 0)
s>        ( - 4.956e+01 1 0))INFO: dtree.c(1315): Comp split 20
INFO: dtree.c(1315): Comp split 21
INFO: dtree.c(1315): Comp split 22
INFO: dtree.c(1315): Comp split 23
INFO: dtree.c(1315): Comp split 24
INFO: dtree.c(1315): Comp split 25
INFO: dtree.c(1318): stop. leaf nodes are specific
Fri Nov  2 10:07:11 2018
