Current configuration:
[NAME]		[DEFLT]	[VALUE]
-allphones	no	no
-cntthresh	0.00001	1.000000e-05
-csplitmax	100	2000
-csplitmin	1	1
-csplitthr	8e-4	0.000000e+00
-example	no	no
-fullvar	no	no
-help		no	no
-meanfn			
-mixwfn			/home/sdv/Documents/SDV/SDVoice/an4/model_parameters/an4.cd_semi_untied/mixture_weights
-moddeffn		/home/sdv/Documents/SDV/SDVoice/an4/model_architecture/an4.untied.mdef
-mwfloor	1e-4	1.000000e-08
-phone			T
-psetfn			/home/sdv/Documents/SDV/SDVoice/an4/model_architecture/an4.tree_questions
-ssplitmax	5	7
-ssplitmin	1	1
-ssplitthr	8e-4	0.000000e+00
-state			2
-stwt			1.0,0.05,0.0,
-treefn			/home/sdv/Documents/SDV/SDVoice/an4/trees/an4.unpruned/T-2.dtree
-ts2cbfn	.semi.	.semi.
-varfloor	0.00001	1.000000e-05
-varfn			

INFO: main.c(223): Reading: /home/sdv/Documents/SDV/SDVoice/an4/model_architecture/an4.untied.mdef
INFO: model_def_io.c(573): Model definition info:
INFO: model_def_io.c(574): 1618 total models defined (34 base, 1584 tri)
INFO: model_def_io.c(575): 6472 total states
INFO: model_def_io.c(576): 4854 total tied states
INFO: model_def_io.c(577): 102 total tied CI states
INFO: model_def_io.c(578): 34 total tied transition matrices
INFO: model_def_io.c(579): 4 max state/model
INFO: model_def_io.c(580): 4 min state/model
INFO: main.c(242): Building trees for [T AH IY b] through [T V W b]
INFO: main.c(269): Covering states |[4080 4361]| == 282
INFO: main.c(275): Reading: /home/sdv/Documents/SDV/SDVoice/an4/model_parameters/an4.cd_semi_untied/mixture_weights
INFO: s3mixw_io.c(173): Read /home/sdv/Documents/SDV/SDVoice/an4/model_parameters/an4.cd_semi_untied/mixture_weights [282x4x256 array]
INFO: main.c(311): 94 of 94 models have observation count greater than 0.000010
INFO: main.c(95): nrm stwt: 0.000 0.048 0.952 
INFO: main.c(411): 94-class entropy: 7.016277e+04
INFO: main.c(549): Reading: /home/sdv/Documents/SDV/SDVoice/an4/model_architecture/an4.tree_questions
INFO: main.c(588): 176 total simple questions (168 phone; 8 word bndry)
INFO: main.c(590): 42 Left Only questions, and 42 Right Only questions
INFO: dtree.c(1478): Final simple tree
|( QUESTION0_8_R 1 9.563e+04 3.106e+03 3.695e+03
|    ( QUESTION0 1 7.350e+04 2.714e+03 2.992e+03
|        ( - 3.195e+04 17 0 QUESTION2_9_L -1 6.892e+02 1.388e+03)
|        ( WDBNDRY_B 0 3.883e+04 1.446e+03 1.604e+03
|            ( QUESTION14 1 2.575e+04 1.150e+03 1.106e+03
|                ( - 2.276e+04 16 0 QUESTION13 -1 5.687e+02 1.010e+03)
|                ( - 1.843e+03 14 0 QUESTION2_7_L -1 1.705e+02 9.675e+01))
|            ( QUESTION10 -1 1.163e+04 7.231e+02 4.971e+02
|                ( - 5.157e+03 2 0 QUESTION2_11_L -1 3.781e+02 2.434e+02)
|                ( - 5.752e+03 7 0 QUESTION7 -1 4.721e+02 2.537e+02))))
|    ( SILENCE 1 1.902e+04 1.048e+03 7.034e+02
|        ( - 6.783e+03 3 0 QUESTION0 -1 3.710e+02 2.874e+02)
|        ( QUESTION0 1 1.119e+04 7.979e+02 4.160e+02
|            ( - 6.593e+03 19 0 QUESTION11 1 5.597e+02 2.557e+02)
|            ( - 3.797e+03 16 0 QUESTION0_0_R 1 4.573e+02 1.603e+02))))
s>    ( QUESTION0_8_R 1 9.563e+04 3.106e+03 3.695e+03
s>        ( QUESTION0 1 7.350e+04 2.714e+03 2.992e+03
s>            ( - 3.195e+04 17 0 QUESTION2_9_L -1 6.892e+02 1.388e+03)
s>            ( WDBNDRY_B 0 3.883e+04 1.446e+03 1.604e+03
s>                ( QUESTION14 1 2.575e+04 1.150e+03 1.106e+03
s>                    ( - 2.276e+04 16 0 QUESTION13 -1 5.687e+02 1.010e+03)
s>                    ( - 1.843e+03 14 0 QUESTION2_7_L -1 1.705e+02 9.675e+01))
s>                ( QUESTION10 -1 1.163e+04 7.231e+02 4.971e+02
s>                    ( - 5.157e+03 2 0 QUESTION2_11_L -1 3.781e+02 2.434e+02)
s>                    ( - 5.752e+03 7 0 QUESTION7 -1 4.721e+02 2.537e+02))))
s>        ( SILENCE 1 1.902e+04 1.048e+03 7.034e+02
s>            ( - 6.783e+03 3 0 QUESTION0 -1 3.710e+02 2.874e+02)
s>            ( QUESTION0 1 1.119e+04 7.979e+02 4.160e+02
s>                ( - 6.593e+03 19 0 QUESTION11 1 5.597e+02 2.557e+02)
s>                ( - 3.797e+03 16 0 QUESTION0_0_R 1 4.573e+02 1.603e+02))))INFO: dtree.c(1315): Comp split 0
INFO: dtree.c(1478): Final simple tree
|( QUESTION13 1 2.174e+04 1.157e+03 8.002e+02
|    ( QUESTION0_8_R 1 6.296e+03 6.562e+02 2.570e+02
|        ( - 1.843e+03 14 0 QUESTION2_7_L -1 1.705e+02 9.675e+01)
|        ( QUESTION0_0_R 1 3.797e+03 4.573e+02 1.603e+02
|            ( - 1.406e+03 6 0 QUESTION11 -1 2.094e+02 7.028e+01)
|            ( - 1.934e+03 10 0 WDBNDRY_E 0 2.700e+02 8.999e+01)))
|    ( SILENCE 1 1.428e+04 9.063e+02 5.432e+02
|        ( QUESTION0 -1 6.783e+03 3.710e+02 2.874e+02
|            ( - 7.548e+02 1 0)
|            ( - 5.658e+03 2 0))
|        ( QUESTION11 1 6.593e+03 5.597e+02 2.557e+02
|            ( - 3.011e+03 6 0 QUESTION0 -1 1.629e+02 1.293e+02)
|            ( QUESTION0_10_R 1 3.022e+03 3.355e+02 1.264e+02
|                ( - 1.407e+03 7 0 QUESTION0 -1 2.138e+02 6.600e+01)
|                ( - 1.280e+03 6 0 QUESTION7 1 2.022e+02 6.044e+01)))))
s>    ( QUESTION13 1 2.174e+04 1.157e+03 8.002e+02
s>        ( QUESTION0_8_R 1 6.296e+03 6.562e+02 2.570e+02
s>            ( - 1.843e+03 14 0 QUESTION2_7_L -1 1.705e+02 9.675e+01)
s>            ( QUESTION0_0_R 1 3.797e+03 4.573e+02 1.603e+02
s>                ( - 1.406e+03 6 0 QUESTION11 -1 2.094e+02 7.028e+01)
s>                ( - 1.934e+03 10 0 WDBNDRY_E 0 2.700e+02 8.999e+01)))
s>        ( SILENCE 1 1.428e+04 9.063e+02 5.432e+02
s>            ( QUESTION0 -1 6.783e+03 3.710e+02 2.874e+02
s>                ( - 7.548e+02 1 0)
s>                ( - 5.658e+03 2 0))
s>            ( QUESTION11 1 6.593e+03 5.597e+02 2.557e+02
s>                ( - 3.011e+03 6 0 QUESTION0 -1 1.629e+02 1.293e+02)
s>                ( QUESTION0_10_R 1 3.022e+03 3.355e+02 1.264e+02
s>                    ( - 1.407e+03 7 0 QUESTION0 -1 2.138e+02 6.600e+01)
s>                    ( - 1.280e+03 6 0 QUESTION7 1 2.022e+02 6.044e+01)))))INFO: dtree.c(1478): Final simple tree
|( QUESTION14 1 7.035e+04 2.607e+03 2.895e+03
|    ( WDBNDRY_B 0 3.572e+04 1.400e+03 1.505e+03
|        ( QUESTION13 -1 2.276e+04 5.687e+02 1.010e+03
|            ( - 1.574e+04 6 0 QUESTION14 -1 4.414e+02 7.116e+02)
|            ( - 6.455e+03 10 0 QUESTION2_7_L -1 3.734e+02 2.980e+02))
|        ( QUESTION10 -1 1.156e+04 7.177e+02 4.951e+02
|            ( - 5.157e+03 2 0 QUESTION2_11_L -1 3.781e+02 2.434e+02)
|            ( - 5.685e+03 6 0 QUESTION7 -1 4.682e+02 2.517e+02)))
|    ( QUESTION2_9_L -1 3.202e+04 6.941e+02 1.390e+03
|        ( - 1.340e+04 9 0 QUESTION7 -1 4.450e+02 6.050e+02)
|        ( QUESTION13 -1 1.793e+04 5.580e+02 7.852e+02
|            ( - 5.416e+03 3 0 QUESTION14 -1 5.423e+01 2.459e+02)
|            ( QUESTION1 -1 1.195e+04 4.753e+02 5.394e+02
|                ( - 6.938e+03 1 0)
|                ( - 4.541e+03 5 0 QUESTION2_11_L -1 3.249e+02 2.144e+02)))))
s>    ( QUESTION14 1 7.035e+04 2.607e+03 2.895e+03
s>        ( WDBNDRY_B 0 3.572e+04 1.400e+03 1.505e+03
s>            ( QUESTION13 -1 2.276e+04 5.687e+02 1.010e+03
s>                ( - 1.574e+04 6 0 QUESTION14 -1 4.414e+02 7.116e+02)
s>                ( - 6.455e+03 10 0 QUESTION2_7_L -1 3.734e+02 2.980e+02))
s>            ( QUESTION10 -1 1.156e+04 7.177e+02 4.951e+02
s>                ( - 5.157e+03 2 0 QUESTION2_11_L -1 3.781e+02 2.434e+02)
s>                ( - 5.685e+03 6 0 QUESTION7 -1 4.682e+02 2.517e+02)))
s>        ( QUESTION2_9_L -1 3.202e+04 6.941e+02 1.390e+03
s>            ( - 1.340e+04 9 0 QUESTION7 -1 4.450e+02 6.050e+02)
s>            ( QUESTION13 -1 1.793e+04 5.580e+02 7.852e+02
s>                ( - 5.416e+03 3 0 QUESTION14 -1 5.423e+01 2.459e+02)
s>                ( QUESTION1 -1 1.195e+04 4.753e+02 5.394e+02
s>                    ( - 6.938e+03 1 0)
s>                    ( - 4.541e+03 5 0 QUESTION2_11_L -1 3.249e+02 2.144e+02)))))INFO: dtree.c(1315): Comp split 1
INFO: dtree.c(1478): Final simple tree
|( QUESTION2_9_L -1 3.202e+04 6.941e+02 1.390e+03
|    ( QUESTION7 -1 1.340e+04 4.450e+02 6.050e+02
|        ( - 4.924e+03 2 0 QUESTION8 -1 9.037e+01 2.336e+02)
|        ( QUESTION3 -1 8.027e+03 3.374e+02 3.715e+02
|            ( - 5.719e+03 2 0)
|            ( QUESTION16 -1 1.971e+03 1.990e+02 1.010e+02
|                ( - 1.194e+03 2 0)
|                ( - 5.776e+02 3 0 QUESTION0 -1 7.176e+01 3.500e+01))))
|    ( QUESTION13 -1 1.793e+04 5.580e+02 7.852e+02
|        ( - 5.416e+03 3 0 QUESTION14 -1 5.423e+01 2.459e+02)
|        ( QUESTION1 -1 1.195e+04 4.753e+02 5.394e+02
|            ( - 6.938e+03 1 0)
|            ( QUESTION2_11_L -1 4.541e+03 3.249e+02 2.144e+02
|                ( - 1.654e+03 3 0 QUESTION11 -1 1.832e+02 8.430e+01)
|                ( - 2.563e+03 2 0 SILENCE -1 1.397e+02 1.301e+02)))))
s>    ( QUESTION2_9_L -1 3.202e+04 6.941e+02 1.390e+03
s>        ( QUESTION7 -1 1.340e+04 4.450e+02 6.050e+02
s>            ( - 4.924e+03 2 0 QUESTION8 -1 9.037e+01 2.336e+02)
s>            ( QUESTION3 -1 8.027e+03 3.374e+02 3.715e+02
s>                ( - 5.719e+03 2 0)
s>                ( QUESTION16 -1 1.971e+03 1.990e+02 1.010e+02
s>                    ( - 1.194e+03 2 0)
s>                    ( - 5.776e+02 3 0 QUESTION0 -1 7.176e+01 3.500e+01))))
s>        ( QUESTION13 -1 1.793e+04 5.580e+02 7.852e+02
s>            ( - 5.416e+03 3 0 QUESTION14 -1 5.423e+01 2.459e+02)
s>            ( QUESTION1 -1 1.195e+04 4.753e+02 5.394e+02
s>                ( - 6.938e+03 1 0)
s>                ( QUESTION2_11_L -1 4.541e+03 3.249e+02 2.144e+02
s>                    ( - 1.654e+03 3 0 QUESTION11 -1 1.832e+02 8.430e+01)
s>                    ( - 2.563e+03 2 0 SILENCE -1 1.397e+02 1.301e+02)))))INFO: dtree.c(1478): Final simple tree
|( WDBNDRY_B 0 3.572e+04 1.400e+03 1.505e+03
|    ( QUESTION13 -1 2.276e+04 5.687e+02 1.010e+03
|        ( QUESTION14 -1 1.574e+04 4.414e+02 7.116e+02
|            ( - 7.784e+03 2 0)
|            ( - 7.511e+03 4 0 QUESTION2_4_L -1 3.197e+02 3.485e+02))
|        ( QUESTION2_7_L -1 6.455e+03 3.734e+02 2.980e+02
|            ( - 2.613e+03 5 0 QUESTION2 -1 2.137e+02 1.278e+02)
|            ( - 3.469e+03 5 0 QUESTION2_12_L -1 2.735e+02 1.702e+02)))
|    ( QUESTION10 -1 1.156e+04 7.177e+02 4.951e+02
|        ( QUESTION2_11_L -1 5.157e+03 3.781e+02 2.434e+02
|            ( - 2.847e+03 1 0)
|            ( - 1.932e+03 1 0))
|        ( QUESTION7 -1 5.685e+03 4.682e+02 2.517e+02
|            ( - 2.577e+03 1 0)
|            ( - 2.640e+03 5 0 QUESTION3 -1 2.761e+02 1.197e+02))))
s>    ( WDBNDRY_B 0 3.572e+04 1.400e+03 1.505e+03
s>        ( QUESTION13 -1 2.276e+04 5.687e+02 1.010e+03
s>            ( QUESTION14 -1 1.574e+04 4.414e+02 7.116e+02
s>                ( - 7.784e+03 2 0)
s>                ( - 7.511e+03 4 0 QUESTION2_4_L -1 3.197e+02 3.485e+02))
s>            ( QUESTION2_7_L -1 6.455e+03 3.734e+02 2.980e+02
s>                ( - 2.613e+03 5 0 QUESTION2 -1 2.137e+02 1.278e+02)
s>                ( - 3.469e+03 5 0 QUESTION2_12_L -1 2.735e+02 1.702e+02)))
s>        ( QUESTION10 -1 1.156e+04 7.177e+02 4.951e+02
s>            ( QUESTION2_11_L -1 5.157e+03 3.781e+02 2.434e+02
s>                ( - 2.847e+03 1 0)
s>                ( - 1.932e+03 1 0))
s>            ( QUESTION7 -1 5.685e+03 4.682e+02 2.517e+02
s>                ( - 2.577e+03 1 0)
s>                ( - 2.640e+03 5 0 QUESTION3 -1 2.761e+02 1.197e+02))))INFO: dtree.c(1315): Comp split 2
INFO: dtree.c(1478): Final simple tree
|( QUESTION13 -1 2.587e+04 6.434e+02 1.142e+03
|    ( QUESTION14 -1 1.574e+04 4.414e+02 7.116e+02
|        ( - 7.784e+03 2 0)
|        ( QUESTION2_4_L -1 7.511e+03 3.197e+02 3.485e+02
|            ( - 5.536e+03 1 0)
|            ( - 1.656e+03 3 0 QUESTION16 -1 1.853e+02 8.494e+01)))
|    ( WDBNDRY_B 0 9.488e+03 4.565e+02 4.300e+02
|        ( QUESTION2_7_L -1 6.455e+03 3.734e+02 2.980e+02
|            ( QUESTION2 -1 2.613e+03 2.137e+02 1.278e+02
|                ( - 1.318e+03 2 0)
|                ( - 1.081e+03 3 0 QUESTION1 -1 1.034e+02 5.880e+01))
|            ( QUESTION2_12_L -1 3.469e+03 2.735e+02 1.702e+02
|                ( - 1.466e+03 1 0)
|                ( - 1.729e+03 4 0 SILENCE -1 1.665e+02 9.026e+01)))
|        ( - 2.577e+03 1 0)))
s>    ( QUESTION13 -1 2.587e+04 6.434e+02 1.142e+03
s>        ( QUESTION14 -1 1.574e+04 4.414e+02 7.116e+02
s>            ( - 7.784e+03 2 0)
s>            ( QUESTION2_4_L -1 7.511e+03 3.197e+02 3.485e+02
s>                ( - 5.536e+03 1 0)
s>                ( - 1.656e+03 3 0 QUESTION16 -1 1.853e+02 8.494e+01)))
s>        ( WDBNDRY_B 0 9.488e+03 4.565e+02 4.300e+02
s>            ( QUESTION2_7_L -1 6.455e+03 3.734e+02 2.980e+02
s>                ( QUESTION2 -1 2.613e+03 2.137e+02 1.278e+02
s>                    ( - 1.318e+03 2 0)
s>                    ( - 1.081e+03 3 0 QUESTION1 -1 1.034e+02 5.880e+01))
s>                ( QUESTION2_12_L -1 3.469e+03 2.735e+02 1.702e+02
s>                    ( - 1.466e+03 1 0)
s>                    ( - 1.729e+03 4 0 SILENCE -1 1.665e+02 9.026e+01)))
s>            ( - 2.577e+03 1 0)))INFO: dtree.c(1439): stop. leaf nodes are specific
INFO: dtree.c(1478): Final simple tree
|( QUESTION10 -1 8.401e+03 6.038e+02 3.631e+02
|    ( QUESTION2_11_L -1 5.157e+03 3.781e+02 2.434e+02
|        ( - 2.847e+03 1 0)
|        ( - 1.932e+03 1 0))
|    ( QUESTION3 -1 2.640e+03 2.761e+02 1.197e+02
|        ( - 1.534e+03 1 0)
|        ( QUESTION14 -1 8.303e+02 1.401e+02 4.301e+01
|            ( - 4.753e+02 1 0)
|            ( WDBNDRY_E 0 2.149e+02 5.053e+01 1.500e+01
|                ( - 1.271e+02 2 0)
|                ( - 3.732e+01 1 0)))))
s>    ( QUESTION10 -1 8.401e+03 6.038e+02 3.631e+02
s>        ( QUESTION2_11_L -1 5.157e+03 3.781e+02 2.434e+02
s>            ( - 2.847e+03 1 0)
s>            ( - 1.932e+03 1 0))
s>        ( QUESTION3 -1 2.640e+03 2.761e+02 1.197e+02
s>            ( - 1.534e+03 1 0)
s>            ( QUESTION14 -1 8.303e+02 1.401e+02 4.301e+01
s>                ( - 4.753e+02 1 0)
s>                ( WDBNDRY_E 0 2.149e+02 5.053e+01 1.500e+01
s>                    ( - 1.271e+02 2 0)
s>                    ( - 3.732e+01 1 0)))))INFO: dtree.c(1315): Comp split 3
INFO: dtree.c(1478): Final simple tree
|( QUESTION0_0_R 1 9.371e+03 7.958e+02 3.651e+02
|    ( WDBNDRY_B 0 3.728e+03 4.792e+02 1.670e+02
|        ( QUESTION2_7_L -1 1.843e+03 1.705e+02 9.675e+01
|            ( - 9.620e+02 7 0 QUESTION7 -1 1.158e+02 5.576e+01)
|            ( - 7.104e+02 7 0 QUESTION2_16_L -1 1.075e+02 4.100e+01))
|        ( QUESTION11 -1 1.406e+03 2.094e+02 7.028e+01
|            ( - 6.981e+02 1 0)
|            ( - 4.984e+02 5 0 QUESTION1 -1 9.715e+01 2.800e+01)))
|    ( QUESTION0_11_R 1 4.847e+03 4.506e+02 1.980e+02
|        ( WDBNDRY_E 0 1.934e+03 2.700e+02 8.999e+01
|            ( - 9.152e+02 4 0 QUESTION0_12_R 1 1.398e+02 4.901e+01)
|            ( - 7.488e+02 6 0 QUESTION1 -1 1.182e+02 4.099e+01))
|        ( QUESTION0_17_R 1 2.463e+03 3.131e+02 1.080e+02
|            ( - 1.018e+03 4 0 QUESTION0 -1 1.581e+02 5.100e+01)
|            ( - 1.131e+03 4 0 SILENCE 1 1.579e+02 5.705e+01))))
s>    ( QUESTION0_0_R 1 9.371e+03 7.958e+02 3.651e+02
s>        ( WDBNDRY_B 0 3.728e+03 4.792e+02 1.670e+02
s>            ( QUESTION2_7_L -1 1.843e+03 1.705e+02 9.675e+01
s>                ( - 9.620e+02 7 0 QUESTION7 -1 1.158e+02 5.576e+01)
s>                ( - 7.104e+02 7 0 QUESTION2_16_L -1 1.075e+02 4.100e+01))
s>            ( QUESTION11 -1 1.406e+03 2.094e+02 7.028e+01
s>                ( - 6.981e+02 1 0)
s>                ( - 4.984e+02 5 0 QUESTION1 -1 9.715e+01 2.800e+01)))
s>        ( QUESTION0_11_R 1 4.847e+03 4.506e+02 1.980e+02
s>            ( WDBNDRY_E 0 1.934e+03 2.700e+02 8.999e+01
s>                ( - 9.152e+02 4 0 QUESTION0_12_R 1 1.398e+02 4.901e+01)
s>                ( - 7.488e+02 6 0 QUESTION1 -1 1.182e+02 4.099e+01))
s>            ( QUESTION0_17_R 1 2.463e+03 3.131e+02 1.080e+02
s>                ( - 1.018e+03 4 0 QUESTION0 -1 1.581e+02 5.100e+01)
s>                ( - 1.131e+03 4 0 SILENCE 1 1.579e+02 5.705e+01))))INFO: dtree.c(1478): Final simple tree
|( SILENCE 1 1.117e+04 8.039e+02 4.351e+02
|    ( - 5.658e+03 2 0)
|    ( QUESTION11 1 4.712e+03 4.204e+02 1.897e+02
|        ( QUESTION0 -1 3.011e+03 1.629e+02 1.293e+02
|            ( QUESTION1 -1 1.342e+02 4.055e+01 1.100e+01
|                ( - 7.654e+01 2 0)
|                ( - 1.714e+01 1 0))
|            ( - 2.714e+03 3 0))
|        ( QUESTION7 1 1.280e+03 2.022e+02 6.044e+01
|            ( QUESTION0_0_R 1 6.413e+02 1.183e+02 3.503e+01
|                ( QUESTION0 -1 1.967e+02 5.430e+01 1.400e+01
|                    ( - 5.165e+01 1 0)
|                    ( - 9.077e+01 1 0))
|                ( - 3.262e+02 1 0))
|            ( - 4.366e+02 3 0 QUESTION0_0_R 1 3.591e+01 2.542e+01))))
s>    ( SILENCE 1 1.117e+04 8.039e+02 4.351e+02
s>        ( - 5.658e+03 2 0)
s>        ( QUESTION11 1 4.712e+03 4.204e+02 1.897e+02
s>            ( QUESTION0 -1 3.011e+03 1.629e+02 1.293e+02
s>                ( QUESTION1 -1 1.342e+02 4.055e+01 1.100e+01
s>                    ( - 7.654e+01 2 0)
s>                    ( - 1.714e+01 1 0))
s>                ( - 2.714e+03 3 0))
s>            ( QUESTION7 1 1.280e+03 2.022e+02 6.044e+01
s>                ( QUESTION0_0_R 1 6.413e+02 1.183e+02 3.503e+01
s>                    ( QUESTION0 -1 1.967e+02 5.430e+01 1.400e+01
s>                        ( - 5.165e+01 1 0)
s>                        ( - 9.077e+01 1 0))
s>                    ( - 3.262e+02 1 0))
s>                ( - 4.366e+02 3 0 QUESTION0_0_R 1 3.591e+01 2.542e+01))))INFO: dtree.c(1315): Comp split 4
INFO: dtree.c(1439): stop. leaf nodes are specific
INFO: dtree.c(1478): Final simple tree
|( QUESTION11 1 3.890e+03 3.113e+02 1.607e+02
|    ( QUESTION0 -1 3.011e+03 1.629e+02 1.293e+02
|        ( QUESTION1 -1 1.342e+02 4.055e+01 1.100e+01
|            ( - 7.654e+01 2 0)
|            ( - 1.714e+01 1 0))
|        ( - 2.714e+03 3 0))
|    ( QUESTION0_0_R 1 5.673e+02 8.933e+01 3.142e+01
|        ( QUESTION0_3_R 1 8.530e+01 2.565e+01 8.000e+00
|            ( - 8.001e+00 1 0)
|            ( - 5.165e+01 1 0))
|        ( WDBNDRY_E 0 3.927e+02 2.277e+01 2.342e+01
|            ( - 3.697e+02 1 0)
|            ( - 2.233e-01 1 0))))
s>    ( QUESTION11 1 3.890e+03 3.113e+02 1.607e+02
s>        ( QUESTION0 -1 3.011e+03 1.629e+02 1.293e+02
s>            ( QUESTION1 -1 1.342e+02 4.055e+01 1.100e+01
s>                ( - 7.654e+01 2 0)
s>                ( - 1.714e+01 1 0))
s>            ( - 2.714e+03 3 0))
s>        ( QUESTION0_0_R 1 5.673e+02 8.933e+01 3.142e+01
s>            ( QUESTION0_3_R 1 8.530e+01 2.565e+01 8.000e+00
s>                ( - 8.001e+00 1 0)
s>                ( - 5.165e+01 1 0))
s>            ( WDBNDRY_E 0 3.927e+02 2.277e+01 2.342e+01
s>                ( - 3.697e+02 1 0)
s>                ( - 2.233e-01 1 0))))INFO: dtree.c(1439): stop. leaf nodes are specific
INFO: dtree.c(1478): Final simple tree
|( SILENCE 1 6.462e+03 3.021e+02 2.744e+02
|    ( - 5.658e+03 2 0)
|    ( QUESTION0_0_R 1 5.018e+02 8.476e+01 2.903e+01
|        ( - 9.077e+01 1 0)
|        ( - 3.262e+02 1 0)))
s>    ( SILENCE 1 6.462e+03 3.021e+02 2.744e+02
s>        ( - 5.658e+03 2 0)
s>        ( QUESTION0_0_R 1 5.018e+02 8.476e+01 2.903e+01
s>            ( - 9.077e+01 1 0)
s>            ( - 3.262e+02 1 0)))INFO: dtree.c(1315): Comp split 5
INFO: dtree.c(1478): Final simple tree
|( WDBNDRY_B 0 3.344e+03 3.702e+02 1.538e+02
|    ( QUESTION2_7_L -1 1.843e+03 1.705e+02 9.675e+01
|        ( QUESTION7 -1 9.620e+02 1.158e+02 5.576e+01
|            ( - 3.302e+02 1 0)
|            ( QUESTION14 -1 5.160e+02 8.323e+01 3.267e+01
|                ( - 1.785e+02 2 0)
|                ( - 2.543e+02 4 0 QUESTION1 -1 5.295e+01 1.857e+01)))
|        ( QUESTION2_16_L -1 7.104e+02 1.075e+02 4.100e+01
|            ( - 1.454e+02 3 0 QUESTION5 -1 3.152e+01 1.200e+01)
|            ( QUESTION12 -1 4.576e+02 7.845e+01 2.900e+01
|                ( - 1.088e+02 1 0)
|                ( - 2.703e+02 3 0 SILENCE -1 5.144e+01 1.900e+01))))
|    ( SILENCE 1 1.131e+03 1.579e+02 5.705e+01
|        ( - 7.548e+02 1 0)
|        ( - 2.186e+02 3 0 QUESTION0_15_R 1 5.275e+01 1.500e+01)))
s>    ( WDBNDRY_B 0 3.344e+03 3.702e+02 1.538e+02
s>        ( QUESTION2_7_L -1 1.843e+03 1.705e+02 9.675e+01
s>            ( QUESTION7 -1 9.620e+02 1.158e+02 5.576e+01
s>                ( - 3.302e+02 1 0)
s>                ( QUESTION14 -1 5.160e+02 8.323e+01 3.267e+01
s>                    ( - 1.785e+02 2 0)
s>                    ( - 2.543e+02 4 0 QUESTION1 -1 5.295e+01 1.857e+01)))
s>            ( QUESTION2_16_L -1 7.104e+02 1.075e+02 4.100e+01
s>                ( - 1.454e+02 3 0 QUESTION5 -1 3.152e+01 1.200e+01)
s>                ( QUESTION12 -1 4.576e+02 7.845e+01 2.900e+01
s>                    ( - 1.088e+02 1 0)
s>                    ( - 2.703e+02 3 0 SILENCE -1 5.144e+01 1.900e+01))))
s>        ( SILENCE 1 1.131e+03 1.579e+02 5.705e+01
s>            ( - 7.548e+02 1 0)
s>            ( - 2.186e+02 3 0 QUESTION0_15_R 1 5.275e+01 1.500e+01)))INFO: dtree.c(1478): Final simple tree
|( QUESTION0_0_R 1 5.223e+03 5.177e+02 2.113e+02
|    ( QUESTION11 -1 1.406e+03 2.094e+02 7.028e+01
|        ( - 6.981e+02 1 0)
|        ( - 4.984e+02 5 0 QUESTION1 -1 9.715e+01 2.800e+01))
|    ( QUESTION0_11_R 1 3.300e+03 3.473e+02 1.410e+02
|        ( WDBNDRY_E 0 1.934e+03 2.700e+02 8.999e+01
|            ( QUESTION0_12_R 1 9.152e+02 1.398e+02 4.901e+01
|                ( - 4.677e+02 3 0 QUESTION0 -1 7.658e+01 2.900e+01)
|                ( - 3.077e+02 1 0))
|            ( QUESTION1 -1 7.488e+02 1.182e+02 4.099e+01
|                ( - 3.578e+02 3 0 QUESTION2 -1 7.625e+01 2.299e+01)
|                ( - 2.728e+02 3 0 SILENCE -1 5.598e+01 1.800e+01)))
|        ( QUESTION0 -1 1.018e+03 1.581e+02 5.100e+01
|            ( - 2.793e+02 3 0 QUESTION0_18_R 1 6.510e+01 1.800e+01)
|            ( - 5.808e+02 1 0))))
s>    ( QUESTION0_0_R 1 5.223e+03 5.177e+02 2.113e+02
s>        ( QUESTION11 -1 1.406e+03 2.094e+02 7.028e+01
s>            ( - 6.981e+02 1 0)
s>            ( - 4.984e+02 5 0 QUESTION1 -1 9.715e+01 2.800e+01))
s>        ( QUESTION0_11_R 1 3.300e+03 3.473e+02 1.410e+02
s>            ( WDBNDRY_E 0 1.934e+03 2.700e+02 8.999e+01
s>                ( QUESTION0_12_R 1 9.152e+02 1.398e+02 4.901e+01
s>                    ( - 4.677e+02 3 0 QUESTION0 -1 7.658e+01 2.900e+01)
s>                    ( - 3.077e+02 1 0))
s>                ( QUESTION1 -1 7.488e+02 1.182e+02 4.099e+01
s>                    ( - 3.578e+02 3 0 QUESTION2 -1 7.625e+01 2.299e+01)
s>                    ( - 2.728e+02 3 0 SILENCE -1 5.598e+01 1.800e+01)))
s>            ( QUESTION0 -1 1.018e+03 1.581e+02 5.100e+01
s>                ( - 2.793e+02 3 0 QUESTION0_18_R 1 6.510e+01 1.800e+01)
s>                ( - 5.808e+02 1 0))))INFO: dtree.c(1315): Comp split 6
INFO: dtree.c(1478): Final simple tree
|( QUESTION13 -1 1.793e+04 5.580e+02 7.852e+02
|    ( QUESTION14 -1 5.416e+03 5.423e+01 2.459e+02
|        ( - 5.337e+03 2 0)
|        ( - 2.429e+01 1 0))
|    ( QUESTION1 -1 1.195e+04 4.753e+02 5.394e+02
|        ( - 6.938e+03 1 0)
|        ( QUESTION2_11_L -1 4.541e+03 3.249e+02 2.144e+02
|            ( QUESTION11 -1 1.654e+03 1.832e+02 8.430e+01
|                ( WDBNDRY_B 0 7.302e+02 2.314e+01 4.175e+01
|                    ( - 7.071e+02 1 0)
|                    ( - 0.000e+00 1 0))
|                ( - 7.403e+02 1 0))
|            ( SILENCE -1 2.563e+03 1.397e+02 1.301e+02
|                ( - 2.195e+03 1 0)
|                ( - 2.281e+02 1 0)))))
s>    ( QUESTION13 -1 1.793e+04 5.580e+02 7.852e+02
s>        ( QUESTION14 -1 5.416e+03 5.423e+01 2.459e+02
s>            ( - 5.337e+03 2 0)
s>            ( - 2.429e+01 1 0))
s>        ( QUESTION1 -1 1.195e+04 4.753e+02 5.394e+02
s>            ( - 6.938e+03 1 0)
s>            ( QUESTION2_11_L -1 4.541e+03 3.249e+02 2.144e+02
s>                ( QUESTION11 -1 1.654e+03 1.832e+02 8.430e+01
s>                    ( WDBNDRY_B 0 7.302e+02 2.314e+01 4.175e+01
s>                        ( - 7.071e+02 1 0)
s>                        ( - 0.000e+00 1 0))
s>                    ( - 7.403e+02 1 0))
s>                ( SILENCE -1 2.563e+03 1.397e+02 1.301e+02
s>                    ( - 2.195e+03 1 0)
s>                    ( - 2.281e+02 1 0)))))INFO: dtree.c(1439): stop. leaf nodes are specific
INFO: dtree.c(1478): Final simple tree
|( QUESTION7 -1 1.340e+04 4.450e+02 6.050e+02
|    ( QUESTION8 -1 4.924e+03 9.037e+01 2.336e+02
|        ( - 4.833e+01 1 0)
|        ( - 4.786e+03 1 0))
|    ( QUESTION3 -1 8.027e+03 3.374e+02 3.715e+02
|        ( - 5.719e+03 2 0)
|        ( QUESTION16 -1 1.971e+03 1.990e+02 1.010e+02
|            ( - 1.194e+03 2 0)
|            ( QUESTION0 -1 5.776e+02 7.176e+01 3.500e+01
|                ( WDBNDRY_B 0 6.519e+01 2.144e+01 7.000e+00
|                    ( - 3.594e+01 1 0)
|                    ( - 7.810e+00 1 0))
|                ( - 4.407e+02 1 0)))))
s>    ( QUESTION7 -1 1.340e+04 4.450e+02 6.050e+02
s>        ( QUESTION8 -1 4.924e+03 9.037e+01 2.336e+02
s>            ( - 4.833e+01 1 0)
s>            ( - 4.786e+03 1 0))
s>        ( QUESTION3 -1 8.027e+03 3.374e+02 3.715e+02
s>            ( - 5.719e+03 2 0)
s>            ( QUESTION16 -1 1.971e+03 1.990e+02 1.010e+02
s>                ( - 1.194e+03 2 0)
s>                ( QUESTION0 -1 5.776e+02 7.176e+01 3.500e+01
s>                    ( WDBNDRY_B 0 6.519e+01 2.144e+01 7.000e+00
s>                        ( - 3.594e+01 1 0)
s>                        ( - 7.810e+00 1 0))
s>                    ( - 4.407e+02 1 0)))))INFO: dtree.c(1315): Comp split 7
INFO: dtree.c(1478): Final simple tree
|( WDBNDRY_B 0 9.488e+03 4.565e+02 4.300e+02
|    ( QUESTION2_7_L -1 6.455e+03 3.734e+02 2.980e+02
|        ( QUESTION2 -1 2.613e+03 2.137e+02 1.278e+02
|            ( - 1.318e+03 2 0)
|            ( QUESTION1 -1 1.081e+03 1.034e+02 5.880e+01
|                ( - 8.661e+02 2 0 QUESTION8 -1 5.718e+01 4.880e+01)
|                ( - 1.120e+02 1 0)))
|        ( QUESTION2_12_L -1 3.469e+03 2.735e+02 1.702e+02
|            ( - 1.466e+03 1 0)
|            ( SILENCE -1 1.729e+03 1.665e+02 9.026e+01
|                ( - 1.040e+03 1 0)
|                ( QUESTION11 -1 5.227e+02 8.513e+01 3.300e+01
|                    ( - 2.846e+02 1 0)
|                    ( - 1.529e+02 2 0 QUESTION1 -1 4.007e+01 1.300e+01)))))
|    ( - 2.577e+03 1 0))
s>    ( WDBNDRY_B 0 9.488e+03 4.565e+02 4.300e+02
s>        ( QUESTION2_7_L -1 6.455e+03 3.734e+02 2.980e+02
s>            ( QUESTION2 -1 2.613e+03 2.137e+02 1.278e+02
s>                ( - 1.318e+03 2 0)
s>                ( QUESTION1 -1 1.081e+03 1.034e+02 5.880e+01
s>                    ( - 8.661e+02 2 0 QUESTION8 -1 5.718e+01 4.880e+01)
s>                    ( - 1.120e+02 1 0)))
s>            ( QUESTION2_12_L -1 3.469e+03 2.735e+02 1.702e+02
s>                ( - 1.466e+03 1 0)
s>                ( SILENCE -1 1.729e+03 1.665e+02 9.026e+01
s>                    ( - 1.040e+03 1 0)
s>                    ( QUESTION11 -1 5.227e+02 8.513e+01 3.300e+01
s>                        ( - 2.846e+02 1 0)
s>                        ( - 1.529e+02 2 0 QUESTION1 -1 4.007e+01 1.300e+01)))))
s>        ( - 2.577e+03 1 0))INFO: dtree.c(1439): stop. leaf nodes are specific
INFO: dtree.c(1478): Final simple tree
|( QUESTION14 -1 1.574e+04 4.414e+02 7.116e+02
|    ( - 7.784e+03 2 0)
|    ( QUESTION2_4_L -1 7.511e+03 3.197e+02 3.485e+02
|        ( - 5.536e+03 1 0)
|        ( QUESTION16 -1 1.656e+03 1.853e+02 8.494e+01
|            ( - 6.993e+02 2 0)
|            ( - 7.709e+02 1 0))))
s>    ( QUESTION14 -1 1.574e+04 4.414e+02 7.116e+02
s>        ( - 7.784e+03 2 0)
s>        ( QUESTION2_4_L -1 7.511e+03 3.197e+02 3.485e+02
s>            ( - 5.536e+03 1 0)
s>            ( QUESTION16 -1 1.656e+03 1.853e+02 8.494e+01
s>                ( - 6.993e+02 2 0)
s>                ( - 7.709e+02 1 0))))INFO: dtree.c(1315): Comp split 8
INFO: dtree.c(1439): stop. leaf nodes are specific
INFO: dtree.c(1478): Final simple tree
|( QUESTION1 -1 1.047e+04 4.154e+02 4.798e+02
|    ( - 6.938e+03 1 0)
|    ( SILENCE -1 3.117e+03 2.143e+02 1.549e+02
|        ( - 2.195e+03 1 0)
|        ( - 7.071e+02 1 0)))
s>    ( QUESTION1 -1 1.047e+04 4.154e+02 4.798e+02
s>        ( - 6.938e+03 1 0)
s>        ( SILENCE -1 3.117e+03 2.143e+02 1.549e+02
s>            ( - 2.195e+03 1 0)
s>            ( - 7.071e+02 1 0)))INFO: dtree.c(1439): stop. leaf nodes are specific
INFO: dtree.c(1478): Final simple tree
|( QUESTION0 -1 6.835e+03 2.949e+02 3.054e+02
|    ( QUESTION11 -1 1.124e+03 1.360e+02 5.954e+01
|        ( WDBNDRY_B 0 2.480e+02 1.994e+01 1.700e+01
|            ( - 2.281e+02 1 0)
|            ( - 0.000e+00 1 0))
|        ( - 7.403e+02 1 0))
|    ( QUESTION14 -1 5.416e+03 5.423e+01 2.459e+02
|        ( - 5.337e+03 2 0)
|        ( - 2.429e+01 1 0)))
s>    ( QUESTION0 -1 6.835e+03 2.949e+02 3.054e+02
s>        ( QUESTION11 -1 1.124e+03 1.360e+02 5.954e+01
s>            ( WDBNDRY_B 0 2.480e+02 1.994e+01 1.700e+01
s>                ( - 2.281e+02 1 0)
s>                ( - 0.000e+00 1 0))
s>            ( - 7.403e+02 1 0))
s>        ( QUESTION14 -1 5.416e+03 5.423e+01 2.459e+02
s>            ( - 5.337e+03 2 0)
s>            ( - 2.429e+01 1 0)))INFO: dtree.c(1315): Comp split 9
INFO: dtree.c(1439): stop. leaf nodes are specific
INFO: dtree.c(1478): Final simple tree
|( QUESTION3 -1 2.640e+03 2.761e+02 1.197e+02
|    ( - 1.534e+03 1 0)
|    ( QUESTION14 -1 8.303e+02 1.401e+02 4.301e+01
|        ( - 4.753e+02 1 0)
|        ( WDBNDRY_E 0 2.149e+02 5.053e+01 1.500e+01
|            ( - 1.271e+02 2 0)
|            ( - 3.732e+01 1 0))))
s>    ( QUESTION3 -1 2.640e+03 2.761e+02 1.197e+02
s>        ( - 1.534e+03 1 0)
s>        ( QUESTION14 -1 8.303e+02 1.401e+02 4.301e+01
s>            ( - 4.753e+02 1 0)
s>            ( WDBNDRY_E 0 2.149e+02 5.053e+01 1.500e+01
s>                ( - 1.271e+02 2 0)
s>                ( - 3.732e+01 1 0))))INFO: dtree.c(1439): stop. leaf nodes are specific
INFO: dtree.c(1478): Final simple tree
|( QUESTION2_11_L -1 5.157e+03 3.781e+02 2.434e+02
|    ( - 2.847e+03 1 0)
|    ( - 1.932e+03 1 0))
s>    ( QUESTION2_11_L -1 5.157e+03 3.781e+02 2.434e+02
s>        ( - 2.847e+03 1 0)
s>        ( - 1.932e+03 1 0))INFO: dtree.c(1315): Comp split 10
INFO: dtree.c(1478): Final simple tree
|( QUESTION0_13_R 1 2.802e+03 3.173e+02 1.230e+02
|    ( QUESTION4 -1 1.226e+03 1.923e+02 6.099e+01
|        ( WDBNDRY_B 0 4.870e+02 8.113e+01 2.901e+01
|            ( - 9.818e+01 1 0)
|            ( - 3.077e+02 1 0))
|        ( QUESTION1 -1 5.472e+02 9.049e+01 3.199e+01
|            ( - 1.839e+02 2 0 QUESTION2 -1 3.483e+01 1.399e+01)
|            ( SILENCE -1 2.728e+02 5.598e+01 1.800e+01
|                ( - 8.719e+01 1 0)
|                ( - 1.296e+02 2 0 WDBNDRY_B 0 1.585e+01 1.000e+01))))
|    ( QUESTION0_11_R 1 1.259e+03 2.100e+02 6.199e+01
|        ( QUESTION0 -1 4.677e+02 7.658e+01 2.900e+01
|            ( - 7.421e+01 2 0 QUESTION14 1 2.568e+01 8.000e+00)
|            ( - 3.169e+02 1 0))
|        ( - 5.808e+02 1 0)))
s>    ( QUESTION0_13_R 1 2.802e+03 3.173e+02 1.230e+02
s>        ( QUESTION4 -1 1.226e+03 1.923e+02 6.099e+01
s>            ( WDBNDRY_B 0 4.870e+02 8.113e+01 2.901e+01
s>                ( - 9.818e+01 1 0)
s>                ( - 3.077e+02 1 0))
s>            ( QUESTION1 -1 5.472e+02 9.049e+01 3.199e+01
s>                ( - 1.839e+02 2 0 QUESTION2 -1 3.483e+01 1.399e+01)
s>                ( SILENCE -1 2.728e+02 5.598e+01 1.800e+01
s>                    ( - 8.719e+01 1 0)
s>                    ( - 1.296e+02 2 0 WDBNDRY_B 0 1.585e+01 1.000e+01))))
s>        ( QUESTION0_11_R 1 1.259e+03 2.100e+02 6.199e+01
s>            ( QUESTION0 -1 4.677e+02 7.658e+01 2.900e+01
s>                ( - 7.421e+01 2 0 QUESTION14 1 2.568e+01 8.000e+00)
s>                ( - 3.169e+02 1 0))
s>            ( - 5.808e+02 1 0)))INFO: dtree.c(1478): Final simple tree
|( QUESTION11 -1 1.894e+03 2.704e+02 8.828e+01
|    ( WDBNDRY_E 0 7.921e+02 6.527e+01 4.628e+01
|        ( - 2.880e+01 1 0)
|        ( - 6.981e+02 1 0))
|    ( QUESTION0_5_R 1 8.311e+02 1.427e+02 4.200e+01
|        ( QUESTION0 -1 4.296e+02 8.679e+01 2.500e+01
|            ( WDBNDRY_E 0 2.026e+02 5.406e+01 1.400e+01
|                ( - 7.734e+01 2 0)
|                ( - 7.119e+01 1 0))
|            ( - 1.402e+02 1 0))
|        ( QUESTION0_18_R 1 2.588e+02 6.253e+01 1.700e+01
|            ( - 1.081e+02 1 0)
|            ( QUESTION0_0_R 1 8.818e+01 3.040e+01 8.000e+00
|                ( - 1.659e+01 1 0)
|                ( - 4.119e+01 1 0)))))
s>    ( QUESTION11 -1 1.894e+03 2.704e+02 8.828e+01
s>        ( WDBNDRY_E 0 7.921e+02 6.527e+01 4.628e+01
s>            ( - 2.880e+01 1 0)
s>            ( - 6.981e+02 1 0))
s>        ( QUESTION0_5_R 1 8.311e+02 1.427e+02 4.200e+01
s>            ( QUESTION0 -1 4.296e+02 8.679e+01 2.500e+01
s>                ( WDBNDRY_E 0 2.026e+02 5.406e+01 1.400e+01
s>                    ( - 7.734e+01 2 0)
s>                    ( - 7.119e+01 1 0))
s>                ( - 1.402e+02 1 0))
s>            ( QUESTION0_18_R 1 2.588e+02 6.253e+01 1.700e+01
s>                ( - 1.081e+02 1 0)
s>                ( QUESTION0_0_R 1 8.818e+01 3.040e+01 8.000e+00
s>                    ( - 1.659e+01 1 0)
s>                    ( - 4.119e+01 1 0)))))INFO: dtree.c(1315): Comp split 11
INFO: dtree.c(1439): stop. leaf nodes are specific
INFO: dtree.c(1478): Final simple tree
|( QUESTION11 -1 4.149e+03 3.118e+02 1.990e+02
|    ( - 1.466e+03 1 0)
|    ( SILENCE -1 2.371e+03 2.138e+02 1.191e+02
|        ( - 1.040e+03 1 0)
|        ( QUESTION7 -1 1.117e+03 9.802e+01 6.180e+01
|            ( QUESTION8 -1 8.661e+02 5.718e+01 4.880e+01
|                ( - 3.519e+01 1 0)
|                ( - 7.737e+02 1 0))
|            ( QUESTION1 -1 1.529e+02 4.007e+01 1.300e+01
|                ( - 3.594e+01 1 0)
|                ( - 7.692e+01 1 0)))))
s>    ( QUESTION11 -1 4.149e+03 3.118e+02 1.990e+02
s>        ( - 1.466e+03 1 0)
s>        ( SILENCE -1 2.371e+03 2.138e+02 1.191e+02
s>            ( - 1.040e+03 1 0)
s>            ( QUESTION7 -1 1.117e+03 9.802e+01 6.180e+01
s>                ( QUESTION8 -1 8.661e+02 5.718e+01 4.880e+01
s>                    ( - 3.519e+01 1 0)
s>                    ( - 7.737e+02 1 0))
s>                ( QUESTION1 -1 1.529e+02 4.007e+01 1.300e+01
s>                    ( - 3.594e+01 1 0)
s>                    ( - 7.692e+01 1 0)))))INFO: dtree.c(1439): stop. leaf nodes are specific
INFO: dtree.c(1478): Final simple tree
|( WDBNDRY_B 0 4.875e+03 3.328e+02 2.310e+02
|    ( QUESTION1 -1 1.966e+03 1.695e+02 9.900e+01
|        ( - 1.318e+03 2 0)
|        ( QUESTION11 -1 4.784e+02 8.173e+01 3.000e+01
|            ( - 2.846e+02 1 0)
|            ( - 1.120e+02 1 0)))
|    ( - 2.577e+03 1 0))
s>    ( WDBNDRY_B 0 4.875e+03 3.328e+02 2.310e+02
s>        ( QUESTION1 -1 1.966e+03 1.695e+02 9.900e+01
s>            ( - 1.318e+03 2 0)
s>            ( QUESTION11 -1 4.784e+02 8.173e+01 3.000e+01
s>                ( - 2.846e+02 1 0)
s>                ( - 1.120e+02 1 0)))
s>        ( - 2.577e+03 1 0))INFO: dtree.c(1315): Comp split 12
INFO: dtree.c(1439): stop. leaf nodes are specific
INFO: dtree.c(1478): Final simple tree
|( QUESTION7 -1 6.327e+03 2.982e+02 2.956e+02
|    ( - 4.786e+03 1 0)
|    ( WDBNDRY_B 0 1.243e+03 4.101e+01 6.805e+01
|        ( - 1.194e+03 2 0)
|        ( - 7.810e+00 1 0)))
s>    ( QUESTION7 -1 6.327e+03 2.982e+02 2.956e+02
s>        ( - 4.786e+03 1 0)
s>        ( WDBNDRY_B 0 1.243e+03 4.101e+01 6.805e+01
s>            ( - 1.194e+03 2 0)
s>            ( - 7.810e+00 1 0)))INFO: dtree.c(1439): stop. leaf nodes are specific
INFO: dtree.c(1478): Final simple tree
|( QUESTION2 -1 6.609e+03 2.359e+02 3.094e+02
|    ( - 5.719e+03 2 0)
|    ( QUESTION0 -1 6.548e+02 9.314e+01 3.900e+01
|        ( QUESTION1 -1 1.210e+02 3.669e+01 1.100e+01
|            ( - 4.833e+01 1 0)
|            ( - 3.594e+01 1 0))
|        ( - 4.407e+02 1 0)))
s>    ( QUESTION2 -1 6.609e+03 2.359e+02 3.094e+02
s>        ( - 5.719e+03 2 0)
s>        ( QUESTION0 -1 6.548e+02 9.314e+01 3.900e+01
s>            ( QUESTION1 -1 1.210e+02 3.669e+01 1.100e+01
s>                ( - 4.833e+01 1 0)
s>                ( - 3.594e+01 1 0))
s>            ( - 4.407e+02 1 0)))INFO: dtree.c(1315): Comp split 13
INFO: dtree.c(1439): stop. leaf nodes are specific
INFO: dtree.c(1478): Final simple tree
|( QUESTION2_4_L -1 7.511e+03 3.197e+02 3.485e+02
|    ( - 5.536e+03 1 0)
|    ( QUESTION16 -1 1.656e+03 1.853e+02 8.494e+01
|        ( - 6.993e+02 2 0)
|        ( - 7.709e+02 1 0)))
s>    ( QUESTION2_4_L -1 7.511e+03 3.197e+02 3.485e+02
s>        ( - 5.536e+03 1 0)
s>        ( QUESTION16 -1 1.656e+03 1.853e+02 8.494e+01
s>            ( - 6.993e+02 2 0)
s>            ( - 7.709e+02 1 0)))INFO: dtree.c(1315): Comp split 14
INFO: dtree.c(1439): stop. leaf nodes are specific
INFO: dtree.c(1478): Final simple tree
|( SILENCE -1 3.117e+03 2.143e+02 1.549e+02
|    ( - 2.195e+03 1 0)
|    ( - 7.071e+02 1 0))
s>    ( SILENCE -1 3.117e+03 2.143e+02 1.549e+02
s>        ( - 2.195e+03 1 0)
s>        ( - 7.071e+02 1 0))INFO: dtree.c(1315): Comp split 15
INFO: dtree.c(1315): Comp split 16
INFO: dtree.c(1478): Final simple tree
|( QUESTION2_7_L -1 1.843e+03 1.705e+02 9.675e+01
|    ( QUESTION7 -1 9.620e+02 1.158e+02 5.576e+01
|        ( - 3.302e+02 1 0)
|        ( QUESTION14 -1 5.160e+02 8.323e+01 3.267e+01
|            ( - 1.785e+02 2 0)
|            ( QUESTION1 -1 2.543e+02 5.295e+01 1.857e+01
|                ( - 9.476e+01 2 0)
|                ( - 1.066e+02 2 0 QUESTION0 -1 2.581e+01 9.570e+00))))
|    ( QUESTION2_16_L -1 7.104e+02 1.075e+02 4.100e+01
|        ( - 1.454e+02 3 0 QUESTION5 -1 3.152e+01 1.200e+01)
|        ( QUESTION12 -1 4.576e+02 7.845e+01 2.900e+01
|            ( - 1.088e+02 1 0)
|            ( SILENCE -1 2.703e+02 5.144e+01 1.900e+01
|                ( - 1.559e+02 1 0)
|                ( - 6.298e+01 2 0 QUESTION0 -1 1.626e+01 7.000e+00)))))
s>    ( QUESTION2_7_L -1 1.843e+03 1.705e+02 9.675e+01
s>        ( QUESTION7 -1 9.620e+02 1.158e+02 5.576e+01
s>            ( - 3.302e+02 1 0)
s>            ( QUESTION14 -1 5.160e+02 8.323e+01 3.267e+01
s>                ( - 1.785e+02 2 0)
s>                ( QUESTION1 -1 2.543e+02 5.295e+01 1.857e+01
s>                    ( - 9.476e+01 2 0)
s>                    ( - 1.066e+02 2 0 QUESTION0 -1 2.581e+01 9.570e+00))))
s>        ( QUESTION2_16_L -1 7.104e+02 1.075e+02 4.100e+01
s>            ( - 1.454e+02 3 0 QUESTION5 -1 3.152e+01 1.200e+01)
s>            ( QUESTION12 -1 4.576e+02 7.845e+01 2.900e+01
s>                ( - 1.088e+02 1 0)
s>                ( SILENCE -1 2.703e+02 5.144e+01 1.900e+01
s>                    ( - 1.559e+02 1 0)
s>                    ( - 6.298e+01 2 0 QUESTION0 -1 1.626e+01 7.000e+00)))))INFO: dtree.c(1439): stop. leaf nodes are specific
INFO: dtree.c(1478): Final simple tree
|( SILENCE 1 1.131e+03 1.579e+02 5.705e+01
|    ( - 7.548e+02 1 0)
|    ( QUESTION0_15_R 1 2.186e+02 5.275e+01 1.500e+01
|        ( - 1.187e+02 1 0)
|        ( - 4.718e+01 2 0)))
s>    ( SILENCE 1 1.131e+03 1.579e+02 5.705e+01
s>        ( - 7.548e+02 1 0)
s>        ( QUESTION0_15_R 1 2.186e+02 5.275e+01 1.500e+01
s>            ( - 1.187e+02 1 0)
s>            ( - 4.718e+01 2 0)))INFO: dtree.c(1315): Comp split 17
INFO: dtree.c(1439): stop. leaf nodes are specific
INFO: dtree.c(1478): Final simple tree
|( WDBNDRY_E 0 1.323e+03 1.945e+02 6.498e+01
|    ( - 5.808e+02 1 0)
|    ( QUESTION1 -1 5.472e+02 9.049e+01 3.199e+01
|        ( QUESTION2 -1 1.839e+02 3.483e+01 1.399e+01
|            ( - 1.659e+01 1 0)
|            ( - 1.325e+02 1 0))
|        ( SILENCE -1 2.728e+02 5.598e+01 1.800e+01
|            ( - 8.719e+01 1 0)
|            ( WDBNDRY_B 0 1.296e+02 1.585e+01 1.000e+01
|                ( - 9.093e-01 1 0)
|                ( - 1.128e+02 1 0)))))
s>    ( WDBNDRY_E 0 1.323e+03 1.945e+02 6.498e+01
s>        ( - 5.808e+02 1 0)
s>        ( QUESTION1 -1 5.472e+02 9.049e+01 3.199e+01
s>            ( QUESTION2 -1 1.839e+02 3.483e+01 1.399e+01
s>                ( - 1.659e+01 1 0)
s>                ( - 1.325e+02 1 0))
s>            ( SILENCE -1 2.728e+02 5.598e+01 1.800e+01
s>                ( - 8.719e+01 1 0)
s>                ( WDBNDRY_B 0 1.296e+02 1.585e+01 1.000e+01
s>                    ( - 9.093e-01 1 0)
s>                    ( - 1.128e+02 1 0)))))INFO: dtree.c(1439): stop. leaf nodes are specific
INFO: dtree.c(1478): Final simple tree
|( QUESTION0_12_R 1 1.119e+03 1.642e+02 5.801e+01
|    ( QUESTION0 -1 4.677e+02 7.658e+01 2.900e+01
|        ( QUESTION14 1 7.421e+01 2.568e+01 8.000e+00
|            ( - 3.413e+01 1 0)
|            ( - 1.440e+01 1 0))
|        ( - 3.169e+02 1 0))
|    ( WDBNDRY_B 0 4.870e+02 8.113e+01 2.901e+01
|        ( - 9.818e+01 1 0)
|        ( - 3.077e+02 1 0)))
s>    ( QUESTION0_12_R 1 1.119e+03 1.642e+02 5.801e+01
s>        ( QUESTION0 -1 4.677e+02 7.658e+01 2.900e+01
s>            ( QUESTION14 1 7.421e+01 2.568e+01 8.000e+00
s>                ( - 3.413e+01 1 0)
s>                ( - 1.440e+01 1 0))
s>            ( - 3.169e+02 1 0))
s>        ( WDBNDRY_B 0 4.870e+02 8.113e+01 2.901e+01
s>            ( - 9.818e+01 1 0)
s>            ( - 3.077e+02 1 0)))INFO: dtree.c(1315): Comp split 18
INFO: dtree.c(1439): stop. leaf nodes are specific
INFO: dtree.c(1478): Final simple tree
|( QUESTION0 -1 8.235e+02 1.460e+02 4.242e+01
|    ( QUESTION1 -1 2.848e+02 6.618e+01 1.900e+01
|        ( QUESTION0_0_R 1 1.122e+02 2.769e+01 9.000e+00
|            ( - 8.001e+00 1 0)
|            ( - 7.654e+01 2 0))
|        ( QUESTION0_0_R 1 1.064e+02 3.761e+01 1.000e+01
|            ( - 5.165e+01 1 0)
|            ( - 1.714e+01 1 0)))
|    ( WDBNDRY_E 0 3.927e+02 2.277e+01 2.342e+01
|        ( - 3.697e+02 1 0)
|        ( - 2.233e-01 1 0)))
s>    ( QUESTION0 -1 8.235e+02 1.460e+02 4.242e+01
s>        ( QUESTION1 -1 2.848e+02 6.618e+01 1.900e+01
s>            ( QUESTION0_0_R 1 1.122e+02 2.769e+01 9.000e+00
s>                ( - 8.001e+00 1 0)
s>                ( - 7.654e+01 2 0))
s>            ( QUESTION0_0_R 1 1.064e+02 3.761e+01 1.000e+01
s>                ( - 5.165e+01 1 0)
s>                ( - 1.714e+01 1 0)))
s>        ( WDBNDRY_E 0 3.927e+02 2.277e+01 2.342e+01
s>            ( - 3.697e+02 1 0)
s>            ( - 2.233e-01 1 0)))INFO: dtree.c(1315): Comp split 19
INFO: dtree.c(1439): stop. leaf nodes are specific
INFO: dtree.c(1478): Final simple tree
|( QUESTION1 -1 1.966e+03 1.695e+02 9.900e+01
|    ( - 1.318e+03 2 0)
|    ( QUESTION11 -1 4.784e+02 8.173e+01 3.000e+01
|        ( - 2.846e+02 1 0)
|        ( - 1.120e+02 1 0)))
s>    ( QUESTION1 -1 1.966e+03 1.695e+02 9.900e+01
s>        ( - 1.318e+03 2 0)
s>        ( QUESTION11 -1 4.784e+02 8.173e+01 3.000e+01
s>            ( - 2.846e+02 1 0)
s>            ( - 1.120e+02 1 0)))INFO: dtree.c(1315): Comp split 20
INFO: dtree.c(1439): stop. leaf nodes are specific
INFO: dtree.c(1478): Final simple tree
|( QUESTION1 -1 1.566e+03 6.373e+01 8.497e+01
|    ( - 3.594e+01 1 0)
|    ( - 1.466e+03 1 0))
s>    ( QUESTION1 -1 1.566e+03 6.373e+01 8.497e+01
s>        ( - 3.594e+01 1 0)
s>        ( - 1.466e+03 1 0))INFO: dtree.c(1439): stop. leaf nodes are specific
INFO: dtree.c(1478): Final simple tree
|( SILENCE -1 2.263e+03 2.066e+02 1.141e+02
|    ( - 1.040e+03 1 0)
|    ( QUESTION1 -1 1.016e+03 7.305e+01 5.680e+01
|        ( QUESTION8 -1 8.661e+02 5.718e+01 4.880e+01
|            ( - 3.519e+01 1 0)
|            ( - 7.737e+02 1 0))
|        ( - 7.692e+01 1 0)))
s>    ( SILENCE -1 2.263e+03 2.066e+02 1.141e+02
s>        ( - 1.040e+03 1 0)
s>        ( QUESTION1 -1 1.016e+03 7.305e+01 5.680e+01
s>            ( QUESTION8 -1 8.661e+02 5.718e+01 4.880e+01
s>                ( - 3.519e+01 1 0)
s>                ( - 7.737e+02 1 0))
s>            ( - 7.692e+01 1 0)))INFO: dtree.c(1315): Comp split 21
INFO: dtree.c(1439): stop. leaf nodes are specific
INFO: dtree.c(1478): Final simple tree
|( QUESTION16 -1 1.656e+03 1.853e+02 8.494e+01
|    ( - 6.993e+02 2 0)
|    ( - 7.709e+02 1 0))
s>    ( QUESTION16 -1 1.656e+03 1.853e+02 8.494e+01
s>        ( - 6.993e+02 2 0)
s>        ( - 7.709e+02 1 0))INFO: dtree.c(1315): Comp split 22
INFO: dtree.c(1439): stop. leaf nodes are specific
INFO: dtree.c(1478): Final simple tree
|( QUESTION0_0_R 1 5.018e+02 8.476e+01 2.903e+01
|    ( - 9.077e+01 1 0)
|    ( - 3.262e+02 1 0))
s>    ( QUESTION0_0_R 1 5.018e+02 8.476e+01 2.903e+01
s>        ( - 9.077e+01 1 0)
s>        ( - 3.262e+02 1 0))INFO: dtree.c(1315): Comp split 23
INFO: dtree.c(1439): stop. leaf nodes are specific
INFO: dtree.c(1478): Final simple tree
|( WDBNDRY_B 0 1.243e+03 4.101e+01 6.805e+01
|    ( - 1.194e+03 2 0)
|    ( - 7.810e+00 1 0))
s>    ( WDBNDRY_B 0 1.243e+03 4.101e+01 6.805e+01
s>        ( - 1.194e+03 2 0)
s>        ( - 7.810e+00 1 0))INFO: dtree.c(1315): Comp split 24
INFO: dtree.c(1439): stop. leaf nodes are specific
INFO: dtree.c(1478): Final simple tree
|( QUESTION11 -1 1.124e+03 1.360e+02 5.954e+01
|    ( WDBNDRY_B 0 2.480e+02 1.994e+01 1.700e+01
|        ( - 2.281e+02 1 0)
|        ( - 0.000e+00 1 0))
|    ( - 7.403e+02 1 0))
s>    ( QUESTION11 -1 1.124e+03 1.360e+02 5.954e+01
s>        ( WDBNDRY_B 0 2.480e+02 1.994e+01 1.700e+01
s>            ( - 2.281e+02 1 0)
s>            ( - 0.000e+00 1 0))
s>        ( - 7.403e+02 1 0))INFO: dtree.c(1439): stop. leaf nodes are specific
INFO: dtree.c(1478): Final simple tree
|( QUESTION14 -1 5.416e+03 5.423e+01 2.459e+02
|    ( - 5.337e+03 2 0)
|    ( - 2.429e+01 1 0))
s>    ( QUESTION14 -1 5.416e+03 5.423e+01 2.459e+02
s>        ( - 5.337e+03 2 0)
s>        ( - 2.429e+01 1 0))INFO: dtree.c(1315): Comp split 25
INFO: dtree.c(1439): stop. leaf nodes are specific
INFO: dtree.c(1478): Final simple tree
|( WDBNDRY_E 0 7.182e+02 1.158e+02 3.801e+01
|    ( - 1.271e+02 2 0)
|    ( - 4.753e+02 1 0))
s>    ( WDBNDRY_E 0 7.182e+02 1.158e+02 3.801e+01
s>        ( - 1.271e+02 2 0)
s>        ( - 4.753e+02 1 0))INFO: dtree.c(1439): stop. leaf nodes are specific
INFO: dtree.c(1478): Final simple tree
|( QUESTION0 -1 1.645e+03 7.369e+01 8.171e+01
|    ( - 1.534e+03 1 0)
|    ( - 3.732e+01 1 0))
s>    ( QUESTION0 -1 1.645e+03 7.369e+01 8.171e+01
s>        ( - 1.534e+03 1 0)
s>        ( - 3.732e+01 1 0))INFO: dtree.c(1315): Comp split 26
INFO: dtree.c(1439): stop. leaf nodes are specific
INFO: dtree.c(1478): Final simple tree
|( WDBNDRY_E 0 8.662e+02 9.543e+01 4.928e+01
|    ( QUESTION0_0_R 1 7.273e+01 2.734e+01 7.003e+00
|        ( - 1.659e+01 1 0)
|        ( - 2.880e+01 1 0))
|    ( - 6.981e+02 1 0))
s>    ( WDBNDRY_E 0 8.662e+02 9.543e+01 4.928e+01
s>        ( QUESTION0_0_R 1 7.273e+01 2.734e+01 7.003e+00
s>            ( - 1.659e+01 1 0)
s>            ( - 2.880e+01 1 0))
s>        ( - 6.981e+02 1 0))INFO: dtree.c(1439): stop. leaf nodes are specific
INFO: dtree.c(1478): Final simple tree
|( QUESTION1 -1 7.550e+02 1.324e+02 3.900e+01
|    ( QUESTION0_18_R 1 3.500e+02 7.568e+01 2.100e+01
|        ( - 1.081e+02 1 0)
|        ( QUESTION0_0_R 1 1.662e+02 4.764e+01 1.200e+01
|            ( - 7.734e+01 2 0)
|            ( - 4.119e+01 1 0)))
|    ( WDBNDRY_E 0 2.726e+02 6.120e+01 1.800e+01
|        ( - 1.402e+02 1 0)
|        ( - 7.119e+01 1 0)))
s>    ( QUESTION1 -1 7.550e+02 1.324e+02 3.900e+01
s>        ( QUESTION0_18_R 1 3.500e+02 7.568e+01 2.100e+01
s>            ( - 1.081e+02 1 0)
s>            ( QUESTION0_0_R 1 1.662e+02 4.764e+01 1.200e+01
s>                ( - 7.734e+01 2 0)
s>                ( - 4.119e+01 1 0)))
s>        ( WDBNDRY_E 0 2.726e+02 6.120e+01 1.800e+01
s>            ( - 1.402e+02 1 0)
s>            ( - 7.119e+01 1 0)))INFO: dtree.c(1315): Comp split 27
INFO: dtree.c(1439): stop. leaf nodes are specific
INFO: dtree.c(1478): Final simple tree
|( QUESTION0 -1 6.548e+02 9.314e+01 3.900e+01
|    ( QUESTION1 -1 1.210e+02 3.669e+01 1.100e+01
|        ( - 4.833e+01 1 0)
|        ( - 3.594e+01 1 0))
|    ( - 4.407e+02 1 0))
s>    ( QUESTION0 -1 6.548e+02 9.314e+01 3.900e+01
s>        ( QUESTION1 -1 1.210e+02 3.669e+01 1.100e+01
s>            ( - 4.833e+01 1 0)
s>            ( - 3.594e+01 1 0))
s>        ( - 4.407e+02 1 0))INFO: dtree.c(1315): Comp split 28
INFO: dtree.c(1315): Comp split 29
INFO: dtree.c(1439): stop. leaf nodes are specific
INFO: dtree.c(1478): Final simple tree
|( QUESTION1 -1 1.016e+03 7.305e+01 5.680e+01
|    ( QUESTION8 -1 8.661e+02 5.718e+01 4.880e+01
|        ( - 3.519e+01 1 0)
|        ( - 7.737e+02 1 0))
|    ( - 7.692e+01 1 0))
s>    ( QUESTION1 -1 1.016e+03 7.305e+01 5.680e+01
s>        ( QUESTION8 -1 8.661e+02 5.718e+01 4.880e+01
s>            ( - 3.519e+01 1 0)
s>            ( - 7.737e+02 1 0))
s>        ( - 7.692e+01 1 0))INFO: dtree.c(1315): Comp split 30
INFO: dtree.c(1439): stop. leaf nodes are specific
INFO: dtree.c(1478): Final simple tree
|( QUESTION1 -1 5.472e+02 9.049e+01 3.199e+01
|    ( QUESTION2 -1 1.839e+02 3.483e+01 1.399e+01
|        ( - 1.659e+01 1 0)
|        ( - 1.325e+02 1 0))
|    ( SILENCE -1 2.728e+02 5.598e+01 1.800e+01
|        ( - 8.719e+01 1 0)
|        ( WDBNDRY_B 0 1.296e+02 1.585e+01 1.000e+01
|            ( - 9.093e-01 1 0)
|            ( - 1.128e+02 1 0))))
s>    ( QUESTION1 -1 5.472e+02 9.049e+01 3.199e+01
s>        ( QUESTION2 -1 1.839e+02 3.483e+01 1.399e+01
s>            ( - 1.659e+01 1 0)
s>            ( - 1.325e+02 1 0))
s>        ( SILENCE -1 2.728e+02 5.598e+01 1.800e+01
s>            ( - 8.719e+01 1 0)
s>            ( WDBNDRY_B 0 1.296e+02 1.585e+01 1.000e+01
s>                ( - 9.093e-01 1 0)
s>                ( - 1.128e+02 1 0))))INFO: dtree.c(1315): Comp split 31
INFO: dtree.c(1439): stop. leaf nodes are specific
INFO: dtree.c(1478): Final simple tree
|( QUESTION2_16_L -1 7.599e+02 1.047e+02 4.357e+01
|    ( QUESTION5 -1 1.454e+02 3.152e+01 1.200e+01
|        ( - 8.334e+00 1 0)
|        ( QUESTION1 -1 1.055e+02 1.686e+01 1.000e+01
|            ( - 8.022e+01 1 0)
|            ( - 8.430e+00 1 0)))
|    ( SILENCE -1 5.099e+02 8.345e+01 3.157e+01
|        ( - 1.559e+02 1 0)
|        ( QUESTION2_7_L -1 2.706e+02 5.516e+01 1.957e+01
|            ( QUESTION0 -1 1.066e+02 2.581e+01 9.570e+00
|                ( - 1.564e+01 1 0)
|                ( - 6.513e+01 1 0))
|            ( - 1.088e+02 1 0))))
s>    ( QUESTION2_16_L -1 7.599e+02 1.047e+02 4.357e+01
s>        ( QUESTION5 -1 1.454e+02 3.152e+01 1.200e+01
s>            ( - 8.334e+00 1 0)
s>            ( QUESTION1 -1 1.055e+02 1.686e+01 1.000e+01
s>                ( - 8.022e+01 1 0)
s>                ( - 8.430e+00 1 0)))
s>        ( SILENCE -1 5.099e+02 8.345e+01 3.157e+01
s>            ( - 1.559e+02 1 0)
s>            ( QUESTION2_7_L -1 2.706e+02 5.516e+01 1.957e+01
s>                ( QUESTION0 -1 1.066e+02 2.581e+01 9.570e+00
s>                    ( - 1.564e+01 1 0)
s>                    ( - 6.513e+01 1 0))
s>                ( - 1.088e+02 1 0))))INFO: dtree.c(1439): stop. leaf nodes are specific
INFO: dtree.c(1478): Final simple tree
|( QUESTION7 -1 8.957e+02 1.021e+02 5.319e+01
|    ( - 3.302e+02 1 0)
|    ( QUESTION14 -1 4.635e+02 7.468e+01 3.010e+01
|        ( - 1.785e+02 2 0)
|        ( QUESTION1 -1 2.103e+02 5.259e+01 1.600e+01
|            ( - 9.476e+01 2 0)
|            ( QUESTION0 -1 6.298e+01 1.626e+01 7.000e+00
|                ( - 1.038e+01 1 0)
|                ( - 3.634e+01 1 0)))))
s>    ( QUESTION7 -1 8.957e+02 1.021e+02 5.319e+01
s>        ( - 3.302e+02 1 0)
s>        ( QUESTION14 -1 4.635e+02 7.468e+01 3.010e+01
s>            ( - 1.785e+02 2 0)
s>            ( QUESTION1 -1 2.103e+02 5.259e+01 1.600e+01
s>                ( - 9.476e+01 2 0)
s>                ( QUESTION0 -1 6.298e+01 1.626e+01 7.000e+00
s>                    ( - 1.038e+01 1 0)
s>                    ( - 3.634e+01 1 0)))))INFO: dtree.c(1315): Comp split 32
INFO: dtree.c(1315): Comp split 33
INFO: dtree.c(1439): stop. leaf nodes are specific
INFO: dtree.c(1478): Final simple tree
|( QUESTION11 -1 4.784e+02 8.173e+01 3.000e+01
|    ( - 2.846e+02 1 0)
|    ( - 1.120e+02 1 0))
s>    ( QUESTION11 -1 4.784e+02 8.173e+01 3.000e+01
s>        ( - 2.846e+02 1 0)
s>        ( - 1.120e+02 1 0))INFO: dtree.c(1315): Comp split 34
INFO: dtree.c(1439): stop. leaf nodes are specific
INFO: dtree.c(1478): Final simple tree
|( QUESTION0 -1 4.677e+02 7.658e+01 2.900e+01
|    ( QUESTION14 1 7.421e+01 2.568e+01 8.000e+00
|        ( - 3.413e+01 1 0)
|        ( - 1.440e+01 1 0))
|    ( - 3.169e+02 1 0))
s>    ( QUESTION0 -1 4.677e+02 7.658e+01 2.900e+01
s>        ( QUESTION14 1 7.421e+01 2.568e+01 8.000e+00
s>            ( - 3.413e+01 1 0)
s>            ( - 1.440e+01 1 0))
s>        ( - 3.169e+02 1 0))INFO: dtree.c(1439): stop. leaf nodes are specific
INFO: dtree.c(1478): Final simple tree
|( WDBNDRY_B 0 4.870e+02 8.113e+01 2.901e+01
|    ( - 9.818e+01 1 0)
|    ( - 3.077e+02 1 0))
s>    ( WDBNDRY_B 0 4.870e+02 8.113e+01 2.901e+01
s>        ( - 9.818e+01 1 0)
s>        ( - 3.077e+02 1 0))INFO: dtree.c(1315): Comp split 35
INFO: dtree.c(1439): stop. leaf nodes are specific
INFO: dtree.c(1478): Final simple tree
|( QUESTION0_15_R 1 2.186e+02 5.275e+01 1.500e+01
|    ( - 1.187e+02 1 0)
|    ( - 4.718e+01 2 0))
s>    ( QUESTION0_15_R 1 2.186e+02 5.275e+01 1.500e+01
s>        ( - 1.187e+02 1 0)
s>        ( - 4.718e+01 2 0))INFO: dtree.c(1315): Comp split 36
INFO: dtree.c(1439): stop. leaf nodes are specific
INFO: dtree.c(1478): Final simple tree
|( QUESTION0_0_R 1 4.131e+02 3.542e+01 2.442e+01
|    ( - 8.001e+00 1 0)
|    ( - 3.697e+02 1 0))
s>    ( QUESTION0_0_R 1 4.131e+02 3.542e+01 2.442e+01
s>        ( - 8.001e+00 1 0)
s>        ( - 3.697e+02 1 0))INFO: dtree.c(1439): stop. leaf nodes are specific
INFO: dtree.c(1478): Final simple tree
|( QUESTION10 -1 2.631e+02 6.192e+01 1.800e+01
|    ( QUESTION0_0_R 1 1.064e+02 3.761e+01 1.000e+01
|        ( - 5.165e+01 1 0)
|        ( - 1.714e+01 1 0))
|    ( WDBNDRY_E 0 9.482e+01 1.806e+01 8.004e+00
|        ( - 7.654e+01 2 0)
|        ( - 2.233e-01 1 0)))
s>    ( QUESTION10 -1 2.631e+02 6.192e+01 1.800e+01
s>        ( QUESTION0_0_R 1 1.064e+02 3.761e+01 1.000e+01
s>            ( - 5.165e+01 1 0)
s>            ( - 1.714e+01 1 0))
s>        ( WDBNDRY_E 0 9.482e+01 1.806e+01 8.004e+00
s>            ( - 7.654e+01 2 0)
s>            ( - 2.233e-01 1 0)))INFO: dtree.c(1315): Comp split 37
INFO: dtree.c(1439): stop. leaf nodes are specific
INFO: dtree.c(1478): Final simple tree
|( WDBNDRY_B 0 2.480e+02 1.994e+01 1.700e+01
|    ( - 2.281e+02 1 0)
|    ( - 0.000e+00 1 0))
s>    ( WDBNDRY_B 0 2.480e+02 1.994e+01 1.700e+01
s>        ( - 2.281e+02 1 0)
s>        ( - 0.000e+00 1 0))INFO: dtree.c(1315): Comp split 38
INFO: dtree.c(1439): stop. leaf nodes are specific
INFO: dtree.c(1478): Final simple tree
|( QUESTION0 -1 3.725e+02 7.673e+01 2.300e+01
|    ( WDBNDRY_E 0 1.556e+02 4.319e+01 1.200e+01
|        ( - 4.119e+01 1 0)
|        ( - 7.119e+01 1 0))
|    ( - 1.402e+02 1 0))
s>    ( QUESTION0 -1 3.725e+02 7.673e+01 2.300e+01
s>        ( WDBNDRY_E 0 1.556e+02 4.319e+01 1.200e+01
s>            ( - 4.119e+01 1 0)
s>            ( - 7.119e+01 1 0))
s>        ( - 1.402e+02 1 0))INFO: dtree.c(1439): stop. leaf nodes are specific
INFO: dtree.c(1478): Final simple tree
|( QUESTION0_0_R 1 2.469e+02 6.149e+01 1.600e+01
|    ( - 7.734e+01 2 0)
|    ( - 1.081e+02 1 0))
s>    ( QUESTION0_0_R 1 2.469e+02 6.149e+01 1.600e+01
s>        ( - 7.734e+01 2 0)
s>        ( - 1.081e+02 1 0))INFO: dtree.c(1315): Comp split 39
INFO: dtree.c(1439): stop. leaf nodes are specific
INFO: dtree.c(1478): Final simple tree
|( QUESTION1 -1 4.467e+02 5.355e+01 3.009e+01
|    ( - 3.302e+02 1 0)
|    ( QUESTION0 -1 6.298e+01 1.626e+01 7.000e+00
|        ( - 1.038e+01 1 0)
|        ( - 3.634e+01 1 0)))
s>    ( QUESTION1 -1 4.467e+02 5.355e+01 3.009e+01
s>        ( - 3.302e+02 1 0)
s>        ( QUESTION0 -1 6.298e+01 1.626e+01 7.000e+00
s>            ( - 1.038e+01 1 0)
s>            ( - 3.634e+01 1 0)))INFO: dtree.c(1439): stop. leaf nodes are specific
INFO: dtree.c(1478): Final simple tree
|( QUESTION0 -1 3.301e+02 5.687e+01 2.310e+01
|    ( - 9.476e+01 2 0)
|    ( - 1.785e+02 2 0))
s>    ( QUESTION0 -1 3.301e+02 5.687e+01 2.310e+01
s>        ( - 9.476e+01 2 0)
s>        ( - 1.785e+02 2 0))INFO: dtree.c(1315): Comp split 40
INFO: dtree.c(1439): stop. leaf nodes are specific
INFO: dtree.c(1478): Final simple tree
|( QUESTION0 -1 2.193e+02 4.869e+01 1.657e+01
|    ( QUESTION1 -1 1.055e+02 1.686e+01 1.000e+01
|        ( - 8.022e+01 1 0)
|        ( - 8.430e+00 1 0))
|    ( - 6.513e+01 1 0))
s>    ( QUESTION0 -1 2.193e+02 4.869e+01 1.657e+01
s>        ( QUESTION1 -1 1.055e+02 1.686e+01 1.000e+01
s>            ( - 8.022e+01 1 0)
s>            ( - 8.430e+00 1 0))
s>        ( - 6.513e+01 1 0))INFO: dtree.c(1439): stop. leaf nodes are specific
INFO: dtree.c(1478): Final simple tree
|( SILENCE -1 4.226e+02 7.538e+01 2.700e+01
|    ( - 1.559e+02 1 0)
|    ( QUESTION2_11_L -1 1.914e+02 4.266e+01 1.500e+01
|        ( - 1.088e+02 1 0)
|        ( QUESTION1 -1 3.987e+01 1.590e+01 5.000e+00
|            ( - 8.334e+00 1 0)
|            ( - 1.564e+01 1 0))))
s>    ( SILENCE -1 4.226e+02 7.538e+01 2.700e+01
s>        ( - 1.559e+02 1 0)
s>        ( QUESTION2_11_L -1 1.914e+02 4.266e+01 1.500e+01
s>            ( - 1.088e+02 1 0)
s>            ( QUESTION1 -1 3.987e+01 1.590e+01 5.000e+00
s>                ( - 8.334e+00 1 0)
s>                ( - 1.564e+01 1 0))))INFO: dtree.c(1315): Comp split 41
INFO: dtree.c(1315): Comp split 42
INFO: dtree.c(1439): stop. leaf nodes are specific
INFO: dtree.c(1478): Final simple tree
|( QUESTION0_0_R 1 7.273e+01 2.734e+01 7.003e+00
|    ( - 1.659e+01 1 0)
|    ( - 2.880e+01 1 0))
s>    ( QUESTION0_0_R 1 7.273e+01 2.734e+01 7.003e+00
s>        ( - 1.659e+01 1 0)
s>        ( - 2.880e+01 1 0))INFO: dtree.c(1315): Comp split 43
INFO: dtree.c(1439): stop. leaf nodes are specific
INFO: dtree.c(1478): Final simple tree
|( QUESTION1 -1 1.210e+02 3.669e+01 1.100e+01
|    ( - 4.833e+01 1 0)
|    ( - 3.594e+01 1 0))
s>    ( QUESTION1 -1 1.210e+02 3.669e+01 1.100e+01
s>        ( - 4.833e+01 1 0)
s>        ( - 3.594e+01 1 0))INFO: dtree.c(1315): Comp split 44
INFO: dtree.c(1439): stop. leaf nodes are specific
INFO: dtree.c(1478): Final simple tree
|( QUESTION1 -1 1.500e+02 3.788e+01 1.300e+01
|    ( - 3.519e+01 1 0)
|    ( - 7.692e+01 1 0))
s>    ( QUESTION1 -1 1.500e+02 3.788e+01 1.300e+01
s>        ( - 3.519e+01 1 0)
s>        ( - 7.692e+01 1 0))INFO: dtree.c(1315): Comp split 45
INFO: dtree.c(1439): stop. leaf nodes are specific
INFO: dtree.c(1478): Final simple tree
|( SILENCE -1 2.728e+02 5.598e+01 1.800e+01
|    ( - 8.719e+01 1 0)
|    ( WDBNDRY_B 0 1.296e+02 1.585e+01 1.000e+01
|        ( - 9.093e-01 1 0)
|        ( - 1.128e+02 1 0)))
s>    ( SILENCE -1 2.728e+02 5.598e+01 1.800e+01
s>        ( - 8.719e+01 1 0)
s>        ( WDBNDRY_B 0 1.296e+02 1.585e+01 1.000e+01
s>            ( - 9.093e-01 1 0)
s>            ( - 1.128e+02 1 0)))INFO: dtree.c(1439): stop. leaf nodes are specific
INFO: dtree.c(1478): Final simple tree
|( QUESTION2 -1 1.839e+02 3.483e+01 1.399e+01
|    ( - 1.659e+01 1 0)
|    ( - 1.325e+02 1 0))
s>    ( QUESTION2 -1 1.839e+02 3.483e+01 1.399e+01
s>        ( - 1.659e+01 1 0)
s>        ( - 1.325e+02 1 0))INFO: dtree.c(1315): Comp split 46
INFO: dtree.c(1315): Comp split 47
INFO: dtree.c(1315): Comp split 48
INFO: dtree.c(1315): Comp split 49
INFO: dtree.c(1439): stop. leaf nodes are specific
INFO: dtree.c(1478): Final simple tree
|( WDBNDRY_E 0 1.556e+02 4.319e+01 1.200e+01
|    ( - 4.119e+01 1 0)
|    ( - 7.119e+01 1 0))
s>    ( WDBNDRY_E 0 1.556e+02 4.319e+01 1.200e+01
s>        ( - 4.119e+01 1 0)
s>        ( - 7.119e+01 1 0))INFO: dtree.c(1315): Comp split 50
INFO: dtree.c(1439): stop. leaf nodes are specific
INFO: dtree.c(1478): Final simple tree
|( QUESTION14 1 7.421e+01 2.568e+01 8.000e+00
|    ( - 3.413e+01 1 0)
|    ( - 1.440e+01 1 0))
s>    ( QUESTION14 1 7.421e+01 2.568e+01 8.000e+00
s>        ( - 3.413e+01 1 0)
s>        ( - 1.440e+01 1 0))INFO: dtree.c(1315): Comp split 51
INFO: dtree.c(1439): stop. leaf nodes are specific
INFO: dtree.c(1478): Final simple tree
|( QUESTION2_11_L -1 1.914e+02 4.266e+01 1.500e+01
|    ( - 1.088e+02 1 0)
|    ( QUESTION1 -1 3.987e+01 1.590e+01 5.000e+00
|        ( - 8.334e+00 1 0)
|        ( - 1.564e+01 1 0)))
s>    ( QUESTION2_11_L -1 1.914e+02 4.266e+01 1.500e+01
s>        ( - 1.088e+02 1 0)
s>        ( QUESTION1 -1 3.987e+01 1.590e+01 5.000e+00
s>            ( - 8.334e+00 1 0)
s>            ( - 1.564e+01 1 0)))INFO: dtree.c(1315): Comp split 52
INFO: dtree.c(1315): Comp split 53
INFO: dtree.c(1315): Comp split 54
INFO: dtree.c(1439): stop. leaf nodes are specific
INFO: dtree.c(1478): Final simple tree
|( WDBNDRY_E 0 9.482e+01 1.806e+01 8.004e+00
|    ( - 7.654e+01 2 0)
|    ( - 2.233e-01 1 0))
s>    ( WDBNDRY_E 0 9.482e+01 1.806e+01 8.004e+00
s>        ( - 7.654e+01 2 0)
s>        ( - 2.233e-01 1 0))INFO: dtree.c(1439): stop. leaf nodes are specific
INFO: dtree.c(1478): Final simple tree
|( QUESTION0_0_R 1 1.064e+02 3.761e+01 1.000e+01
|    ( - 5.165e+01 1 0)
|    ( - 1.714e+01 1 0))
s>    ( QUESTION0_0_R 1 1.064e+02 3.761e+01 1.000e+01
s>        ( - 5.165e+01 1 0)
s>        ( - 1.714e+01 1 0))INFO: dtree.c(1315): Comp split 55
INFO: dtree.c(1315): Comp split 56
INFO: dtree.c(1315): Comp split 57
INFO: dtree.c(1439): stop. leaf nodes are specific
INFO: dtree.c(1478): Final simple tree
|( WDBNDRY_B 0 1.296e+02 1.585e+01 1.000e+01
|    ( - 9.093e-01 1 0)
|    ( - 1.128e+02 1 0))
s>    ( WDBNDRY_B 0 1.296e+02 1.585e+01 1.000e+01
s>        ( - 9.093e-01 1 0)
s>        ( - 1.128e+02 1 0))INFO: dtree.c(1315): Comp split 58
INFO: dtree.c(1315): Comp split 59
INFO: dtree.c(1439): stop. leaf nodes are specific
INFO: dtree.c(1478): Final simple tree
|( QUESTION0 -1 6.298e+01 1.626e+01 7.000e+00
|    ( - 1.038e+01 1 0)
|    ( - 3.634e+01 1 0))
s>    ( QUESTION0 -1 6.298e+01 1.626e+01 7.000e+00
s>        ( - 1.038e+01 1 0)
s>        ( - 3.634e+01 1 0))INFO: dtree.c(1315): Comp split 60
INFO: dtree.c(1315): Comp split 61
INFO: dtree.c(1439): stop. leaf nodes are specific
INFO: dtree.c(1478): Final simple tree
|( QUESTION1 -1 1.055e+02 1.686e+01 1.000e+01
|    ( - 8.022e+01 1 0)
|    ( - 8.430e+00 1 0))
s>    ( QUESTION1 -1 1.055e+02 1.686e+01 1.000e+01
s>        ( - 8.022e+01 1 0)
s>        ( - 8.430e+00 1 0))INFO: dtree.c(1315): Comp split 62
INFO: dtree.c(1315): Comp split 63
INFO: dtree.c(1439): stop. leaf nodes are specific
INFO: dtree.c(1478): Final simple tree
|( QUESTION1 -1 3.987e+01 1.590e+01 5.000e+00
|    ( - 8.334e+00 1 0)
|    ( - 1.564e+01 1 0))
s>    ( QUESTION1 -1 3.987e+01 1.590e+01 5.000e+00
s>        ( - 8.334e+00 1 0)
s>        ( - 1.564e+01 1 0))INFO: dtree.c(1315): Comp split 64
INFO: dtree.c(1315): Comp split 65
INFO: dtree.c(1315): Comp split 66
INFO: dtree.c(1315): Comp split 67
INFO: dtree.c(1315): Comp split 68
INFO: dtree.c(1315): Comp split 69
INFO: dtree.c(1315): Comp split 70
INFO: dtree.c(1315): Comp split 71
INFO: dtree.c(1315): Comp split 72
INFO: dtree.c(1315): Comp split 73
INFO: dtree.c(1315): Comp split 74
INFO: dtree.c(1315): Comp split 75
INFO: dtree.c(1315): Comp split 76
INFO: dtree.c(1315): Comp split 77
INFO: dtree.c(1315): Comp split 78
INFO: dtree.c(1318): stop. leaf nodes are specific
Fri Nov  2 10:07:52 2018
