Current configuration:
[NAME]		[DEFLT]	[VALUE]
-allphones	no	no
-cntthresh	0.00001	1.000000e-05
-csplitmax	100	2000
-csplitmin	1	1
-csplitthr	8e-4	0.000000e+00
-example	no	no
-fullvar	no	no
-help		no	no
-meanfn			
-mixwfn			/home/sdv/Documents/SDV/SDVoice/an4/model_parameters/an4.cd_semi_untied/mixture_weights
-moddeffn		/home/sdv/Documents/SDV/SDVoice/an4/model_architecture/an4.untied.mdef
-mwfloor	1e-4	1.000000e-08
-phone			EY
-psetfn			/home/sdv/Documents/SDV/SDVoice/an4/model_architecture/an4.tree_questions
-ssplitmax	5	7
-ssplitmin	1	1
-ssplitthr	8e-4	0.000000e+00
-state			2
-stwt			1.0,0.05,0.0,
-treefn			/home/sdv/Documents/SDV/SDVoice/an4/trees/an4.unpruned/EY-2.dtree
-ts2cbfn	.semi.	.semi.
-varfloor	0.00001	1.000000e-05
-varfn			

INFO: main.c(223): Reading: /home/sdv/Documents/SDV/SDVoice/an4/model_architecture/an4.untied.mdef
INFO: model_def_io.c(573): Model definition info:
INFO: model_def_io.c(574): 1618 total models defined (34 base, 1584 tri)
INFO: model_def_io.c(575): 6472 total states
INFO: model_def_io.c(576): 4854 total tied states
INFO: model_def_io.c(577): 102 total tied CI states
INFO: model_def_io.c(578): 34 total tied transition matrices
INFO: model_def_io.c(579): 4 max state/model
INFO: model_def_io.c(580): 4 min state/model
INFO: main.c(242): Building trees for [EY AH CH b] through [EY V T b]
INFO: main.c(269): Covering states |[1326 1535]| == 210
INFO: main.c(275): Reading: /home/sdv/Documents/SDV/SDVoice/an4/model_parameters/an4.cd_semi_untied/mixture_weights
INFO: s3mixw_io.c(173): Read /home/sdv/Documents/SDV/SDVoice/an4/model_parameters/an4.cd_semi_untied/mixture_weights [210x4x256 array]
INFO: main.c(311): 70 of 70 models have observation count greater than 0.000010
INFO: main.c(95): nrm stwt: 0.000 0.048 0.952 
INFO: main.c(411): 70-class entropy: 5.088112e+04
INFO: main.c(549): Reading: /home/sdv/Documents/SDV/SDVoice/an4/model_architecture/an4.tree_questions
INFO: main.c(588): 176 total simple questions (168 phone; 8 word bndry)
INFO: main.c(590): 42 Left Only questions, and 42 Right Only questions
INFO: dtree.c(1478): Final simple tree
|( QUESTION0_14_R 1 6.886e+04 1.824e+03 2.631e+03
|    ( QUESTION14 -1 4.692e+04 8.196e+02 1.878e+03
|        ( - 1.898e+04 4 0 QUESTION0_18_R 1 5.698e+02 7.762e+02)
|        ( QUESTION0 -1 2.713e+04 6.543e+02 1.102e+03
|            ( QUESTION2_13_L -1 1.849e+04 5.819e+02 7.550e+02
|                ( - 4.282e+03 11 0 WDBNDRY_B 0 3.011e+02 1.820e+02)
|                ( - 1.363e+04 16 0 QUESTION2_7_L -1 5.199e+02 5.730e+02))
|            ( - 7.978e+03 11 0 SILENCE -1 4.448e+02 3.469e+02)))
|    ( QUESTION13 1 2.012e+04 1.045e+03 7.526e+02
|        ( QUESTION0_8_R 1 9.898e+03 7.135e+02 3.765e+02
|            ( - 3.093e+03 5 0 QUESTION2_15_L -1 3.646e+02 1.369e+02)
|            ( - 6.091e+03 10 0 QUESTION17 1 4.837e+02 2.395e+02))
|        ( WDBNDRY_E 0 9.172e+03 7.878e+02 3.761e+02
|            ( - 5.295e+03 12 0 QUESTION11 1 4.109e+02 2.227e+02)
|            ( - 3.089e+03 1 0))))
s>    ( QUESTION0_14_R 1 6.886e+04 1.824e+03 2.631e+03
s>        ( QUESTION14 -1 4.692e+04 8.196e+02 1.878e+03
s>            ( - 1.898e+04 4 0 QUESTION0_18_R 1 5.698e+02 7.762e+02)
s>            ( QUESTION0 -1 2.713e+04 6.543e+02 1.102e+03
s>                ( QUESTION2_13_L -1 1.849e+04 5.819e+02 7.550e+02
s>                    ( - 4.282e+03 11 0 WDBNDRY_B 0 3.011e+02 1.820e+02)
s>                    ( - 1.363e+04 16 0 QUESTION2_7_L -1 5.199e+02 5.730e+02))
s>                ( - 7.978e+03 11 0 SILENCE -1 4.448e+02 3.469e+02)))
s>        ( QUESTION13 1 2.012e+04 1.045e+03 7.526e+02
s>            ( QUESTION0_8_R 1 9.898e+03 7.135e+02 3.765e+02
s>                ( - 3.093e+03 5 0 QUESTION2_15_L -1 3.646e+02 1.369e+02)
s>                ( - 6.091e+03 10 0 QUESTION17 1 4.837e+02 2.395e+02))
s>            ( WDBNDRY_E 0 9.172e+03 7.878e+02 3.761e+02
s>                ( - 5.295e+03 12 0 QUESTION11 1 4.109e+02 2.227e+02)
s>                ( - 3.089e+03 1 0))))INFO: dtree.c(1315): Comp split 0
INFO: dtree.c(1478): Final simple tree
|( WDBNDRY_I 0 5.100e+04 9.878e+02 2.032e+03
|    ( - 3.089e+03 1 0)
|    ( QUESTION14 -1 4.692e+04 8.196e+02 1.878e+03
|        ( QUESTION0_18_R 1 1.898e+04 5.698e+02 7.762e+02
|            ( - 1.291e+04 2 0)
|            ( - 5.490e+03 2 0))
|        ( QUESTION0 -1 2.713e+04 6.543e+02 1.102e+03
|            ( QUESTION2_13_L -1 1.849e+04 5.819e+02 7.550e+02
|                ( - 4.282e+03 11 0 WDBNDRY_B 0 3.011e+02 1.820e+02)
|                ( QUESTION2_7_L -1 1.363e+04 5.199e+02 5.730e+02
|                    ( - 7.006e+03 10 0 QUESTION2 -1 3.837e+02 3.066e+02)
|                    ( - 6.104e+03 6 0 QUESTION2_11_L -1 3.630e+02 2.664e+02)))
|            ( SILENCE -1 7.978e+03 4.448e+02 3.469e+02
|                ( - 3.033e+03 3 0 QUESTION0_18_R 1 2.495e+02 1.457e+02)
|                ( - 4.500e+03 8 0 QUESTION2_0_L -1 3.127e+02 2.012e+02)))))
s>    ( WDBNDRY_I 0 5.100e+04 9.878e+02 2.032e+03
s>        ( - 3.089e+03 1 0)
s>        ( QUESTION14 -1 4.692e+04 8.196e+02 1.878e+03
s>            ( QUESTION0_18_R 1 1.898e+04 5.698e+02 7.762e+02
s>                ( - 1.291e+04 2 0)
s>                ( - 5.490e+03 2 0))
s>            ( QUESTION0 -1 2.713e+04 6.543e+02 1.102e+03
s>                ( QUESTION2_13_L -1 1.849e+04 5.819e+02 7.550e+02
s>                    ( - 4.282e+03 11 0 WDBNDRY_B 0 3.011e+02 1.820e+02)
s>                    ( QUESTION2_7_L -1 1.363e+04 5.199e+02 5.730e+02
s>                        ( - 7.006e+03 10 0 QUESTION2 -1 3.837e+02 3.066e+02)
s>                        ( - 6.104e+03 6 0 QUESTION2_11_L -1 3.630e+02 2.664e+02)))
s>                ( SILENCE -1 7.978e+03 4.448e+02 3.469e+02
s>                    ( - 3.033e+03 3 0 QUESTION0_18_R 1 2.495e+02 1.457e+02)
s>                    ( - 4.500e+03 8 0 QUESTION2_0_L -1 3.127e+02 2.012e+02)))))INFO: dtree.c(1478): Final simple tree
|( QUESTION13 1 1.602e+04 8.303e+02 5.991e+02
|    ( QUESTION0_8_R 1 9.898e+03 7.135e+02 3.765e+02
|        ( QUESTION2_15_L -1 3.093e+03 3.646e+02 1.369e+02
|            ( - 9.839e+02 2 0)
|            ( - 1.745e+03 3 0 QUESTION14 1 1.310e+02 8.391e+01))
|        ( QUESTION17 1 6.091e+03 4.837e+02 2.395e+02
|            ( - 2.575e+03 4 0 QUESTION0_12_R 1 2.906e+02 1.106e+02)
|            ( QUESTION0_0_R 1 3.033e+03 3.503e+02 1.290e+02
|                ( - 1.620e+03 4 0 QUESTION2_15_L -1 2.283e+02 7.499e+01)
|                ( - 1.063e+03 2 0 QUESTION2_15_L -1 1.440e+02 5.400e+01))))
|    ( QUESTION11 1 5.295e+03 4.109e+02 2.227e+02
|        ( - 2.304e+03 5 0 QUESTION2_15_L -1 2.472e+02 1.060e+02)
|        ( SILENCE 1 2.580e+03 3.146e+02 1.167e+02
|            ( - 1.310e+03 1 0)
|            ( - 9.556e+02 6 0 QUESTION0_0_R 1 1.406e+02 4.900e+01))))
s>    ( QUESTION13 1 1.602e+04 8.303e+02 5.991e+02
s>        ( QUESTION0_8_R 1 9.898e+03 7.135e+02 3.765e+02
s>            ( QUESTION2_15_L -1 3.093e+03 3.646e+02 1.369e+02
s>                ( - 9.839e+02 2 0)
s>                ( - 1.745e+03 3 0 QUESTION14 1 1.310e+02 8.391e+01))
s>            ( QUESTION17 1 6.091e+03 4.837e+02 2.395e+02
s>                ( - 2.575e+03 4 0 QUESTION0_12_R 1 2.906e+02 1.106e+02)
s>                ( QUESTION0_0_R 1 3.033e+03 3.503e+02 1.290e+02
s>                    ( - 1.620e+03 4 0 QUESTION2_15_L -1 2.283e+02 7.499e+01)
s>                    ( - 1.063e+03 2 0 QUESTION2_15_L -1 1.440e+02 5.400e+01))))
s>        ( QUESTION11 1 5.295e+03 4.109e+02 2.227e+02
s>            ( - 2.304e+03 5 0 QUESTION2_15_L -1 2.472e+02 1.060e+02)
s>            ( SILENCE 1 2.580e+03 3.146e+02 1.167e+02
s>                ( - 1.310e+03 1 0)
s>                ( - 9.556e+02 6 0 QUESTION0_0_R 1 1.406e+02 4.900e+01))))INFO: dtree.c(1315): Comp split 1
INFO: dtree.c(1478): Final simple tree
|( WDBNDRY_B 0 1.344e+04 7.312e+02 5.656e+02
|    ( QUESTION0_18_R 1 9.616e+03 4.895e+02 4.122e+02
|        ( QUESTION2_11_L -1 3.093e+03 2.709e+02 1.457e+02
|            ( - 7.838e+02 1 0)
|            ( - 2.038e+03 2 0 SILENCE -1 9.455e+01 1.007e+02))
|        ( QUESTION10 -1 6.034e+03 3.697e+02 2.665e+02
|            ( QUESTION2_11_L -1 3.377e+03 9.835e+01 1.564e+02
|                ( - 3.228e+03 1 0)
|                ( - 5.067e+01 1 0))
|            ( SILENCE -1 2.287e+03 2.742e+02 1.101e+02
|                ( - 9.243e+02 2 0 QUESTION0_17_R 1 5.601e+01 5.305e+01)
|                ( QUESTION5 -1 1.089e+03 1.475e+02 5.700e+01
|                    ( - 3.018e+02 1 0)
|                    ( - 6.395e+02 1 0)))))
|    ( - 3.089e+03 1 0))
s>    ( WDBNDRY_B 0 1.344e+04 7.312e+02 5.656e+02
s>        ( QUESTION0_18_R 1 9.616e+03 4.895e+02 4.122e+02
s>            ( QUESTION2_11_L -1 3.093e+03 2.709e+02 1.457e+02
s>                ( - 7.838e+02 1 0)
s>                ( - 2.038e+03 2 0 SILENCE -1 9.455e+01 1.007e+02))
s>            ( QUESTION10 -1 6.034e+03 3.697e+02 2.665e+02
s>                ( QUESTION2_11_L -1 3.377e+03 9.835e+01 1.564e+02
s>                    ( - 3.228e+03 1 0)
s>                    ( - 5.067e+01 1 0))
s>                ( SILENCE -1 2.287e+03 2.742e+02 1.101e+02
s>                    ( - 9.243e+02 2 0 QUESTION0_17_R 1 5.601e+01 5.305e+01)
s>                    ( QUESTION5 -1 1.089e+03 1.475e+02 5.700e+01
s>                        ( - 3.018e+02 1 0)
s>                        ( - 6.395e+02 1 0)))))
s>        ( - 3.089e+03 1 0))INFO: dtree.c(1478): Final simple tree
|( QUESTION14 -1 3.655e+04 7.375e+02 1.466e+03
|    ( QUESTION0_18_R 1 1.898e+04 5.698e+02 7.762e+02
|        ( - 1.291e+04 2 0)
|        ( - 5.490e+03 2 0))
|    ( QUESTION2_7_L -1 1.684e+04 5.681e+02 6.898e+02
|        ( QUESTION7 -1 1.067e+04 4.855e+02 4.535e+02
|            ( - 3.436e+03 5 0 QUESTION8 -1 2.164e+02 1.588e+02)
|            ( QUESTION0 -1 6.753e+03 3.733e+02 2.947e+02
|                ( - 3.186e+03 5 0 QUESTION0_18_R 1 1.543e+02 1.478e+02)
|                ( - 3.193e+03 5 0 QUESTION16 -1 2.561e+02 1.470e+02)))
|        ( WDBNDRY_B 0 5.596e+03 3.940e+02 2.362e+02
|            ( - 2.055e+03 5 0 QUESTION0 -1 2.267e+02 1.012e+02)
|            ( QUESTION2_15_L -1 3.147e+03 2.773e+02 1.350e+02
|                ( - 9.635e+02 5 0 QUESTION0_19_R 1 1.560e+02 4.900e+01)
|                ( - 1.906e+03 4 0 QUESTION0_17_R 1 2.044e+02 8.600e+01)))))
s>    ( QUESTION14 -1 3.655e+04 7.375e+02 1.466e+03
s>        ( QUESTION0_18_R 1 1.898e+04 5.698e+02 7.762e+02
s>            ( - 1.291e+04 2 0)
s>            ( - 5.490e+03 2 0))
s>        ( QUESTION2_7_L -1 1.684e+04 5.681e+02 6.898e+02
s>            ( QUESTION7 -1 1.067e+04 4.855e+02 4.535e+02
s>                ( - 3.436e+03 5 0 QUESTION8 -1 2.164e+02 1.588e+02)
s>                ( QUESTION0 -1 6.753e+03 3.733e+02 2.947e+02
s>                    ( - 3.186e+03 5 0 QUESTION0_18_R 1 1.543e+02 1.478e+02)
s>                    ( - 3.193e+03 5 0 QUESTION16 -1 2.561e+02 1.470e+02)))
s>            ( WDBNDRY_B 0 5.596e+03 3.940e+02 2.362e+02
s>                ( - 2.055e+03 5 0 QUESTION0 -1 2.267e+02 1.012e+02)
s>                ( QUESTION2_15_L -1 3.147e+03 2.773e+02 1.350e+02
s>                    ( - 9.635e+02 5 0 QUESTION0_19_R 1 1.560e+02 4.900e+01)
s>                    ( - 1.906e+03 4 0 QUESTION0_17_R 1 2.044e+02 8.600e+01)))))INFO: dtree.c(1315): Comp split 2
INFO: dtree.c(1478): Final simple tree
|( QUESTION0 1 6.780e+03 4.893e+02 2.767e+02
|    ( QUESTION11 1 3.579e+03 3.192e+02 1.550e+02
|        ( QUESTION2_15_L -1 2.304e+03 2.472e+02 1.060e+02
|            ( - 1.380e+03 3 0)
|            ( - 6.764e+02 2 0))
|        ( QUESTION0_0_R 1 9.556e+02 1.406e+02 4.900e+01
|            ( QUESTION1 -1 5.207e+02 8.842e+01 2.900e+01
|                ( - 1.180e+02 1 0)
|                ( - 3.144e+02 3 0 QUESTION2_15_L -1 6.692e+01 2.000e+01))
|            ( - 2.943e+02 2 0 QUESTION1 1 6.409e+01 2.000e+01)))
|    ( SILENCE 1 2.712e+03 3.394e+02 1.217e+02
|        ( - 1.310e+03 1 0)
|        ( QUESTION2_15_L -1 1.063e+03 1.440e+02 5.400e+01
|            ( - 1.614e+02 1 0)
|            ( - 7.573e+02 1 0))))
s>    ( QUESTION0 1 6.780e+03 4.893e+02 2.767e+02
s>        ( QUESTION11 1 3.579e+03 3.192e+02 1.550e+02
s>            ( QUESTION2_15_L -1 2.304e+03 2.472e+02 1.060e+02
s>                ( - 1.380e+03 3 0)
s>                ( - 6.764e+02 2 0))
s>            ( QUESTION0_0_R 1 9.556e+02 1.406e+02 4.900e+01
s>                ( QUESTION1 -1 5.207e+02 8.842e+01 2.900e+01
s>                    ( - 1.180e+02 1 0)
s>                    ( - 3.144e+02 3 0 QUESTION2_15_L -1 6.692e+01 2.000e+01))
s>                ( - 2.943e+02 2 0 QUESTION1 1 6.409e+01 2.000e+01)))
s>        ( SILENCE 1 2.712e+03 3.394e+02 1.217e+02
s>            ( - 1.310e+03 1 0)
s>            ( QUESTION2_15_L -1 1.063e+03 1.440e+02 5.400e+01
s>                ( - 1.614e+02 1 0)
s>                ( - 7.573e+02 1 0))))INFO: dtree.c(1478): Final simple tree
|( QUESTION14 1 8.366e+03 6.809e+02 3.225e+02
|    ( QUESTION2_15_L -1 2.870e+03 3.502e+02 1.299e+02
|        ( - 9.839e+02 2 0)
|        ( - 1.536e+03 2 0))
|    ( QUESTION0_0_R 1 4.816e+03 4.215e+02 1.925e+02
|        ( QUESTION2_15_L -1 1.820e+03 2.363e+02 8.199e+01
|            ( - 5.605e+02 1 0)
|            ( QUESTION0_6_R 1 1.023e+03 1.514e+02 5.098e+01
|                ( - 4.842e+02 1 0)
|                ( - 3.874e+02 3 0 QUESTION0_1_R 1 8.376e+01 2.300e+01)))
|        ( QUESTION0_12_R 1 2.575e+03 2.906e+02 1.106e+02
|            ( - 9.272e+02 2 0 QUESTION2_15_L -1 1.446e+02 4.700e+01)
|            ( QUESTION2_15_L -1 1.357e+03 1.767e+02 6.356e+01
|                ( - 2.520e+02 1 0)
|                ( - 9.283e+02 1 0)))))
s>    ( QUESTION14 1 8.366e+03 6.809e+02 3.225e+02
s>        ( QUESTION2_15_L -1 2.870e+03 3.502e+02 1.299e+02
s>            ( - 9.839e+02 2 0)
s>            ( - 1.536e+03 2 0))
s>        ( QUESTION0_0_R 1 4.816e+03 4.215e+02 1.925e+02
s>            ( QUESTION2_15_L -1 1.820e+03 2.363e+02 8.199e+01
s>                ( - 5.605e+02 1 0)
s>                ( QUESTION0_6_R 1 1.023e+03 1.514e+02 5.098e+01
s>                    ( - 4.842e+02 1 0)
s>                    ( - 3.874e+02 3 0 QUESTION0_1_R 1 8.376e+01 2.300e+01)))
s>            ( QUESTION0_12_R 1 2.575e+03 2.906e+02 1.106e+02
s>                ( - 9.272e+02 2 0 QUESTION2_15_L -1 1.446e+02 4.700e+01)
s>                ( QUESTION2_15_L -1 1.357e+03 1.767e+02 6.356e+01
s>                    ( - 2.520e+02 1 0)
s>                    ( - 9.283e+02 1 0)))))INFO: dtree.c(1315): Comp split 3
INFO: dtree.c(1439): stop. leaf nodes are specific
INFO: dtree.c(1478): Final simple tree
|( QUESTION0_18_R 1 1.532e+04 5.089e+02 6.270e+02
|    ( WDBNDRY_B 0 1.314e+04 1.065e+02 5.500e+02
|        ( - 1.291e+04 2 0)
|        ( - 1.156e+02 1 0))
|    ( QUESTION0_17_R 1 1.672e+03 2.036e+02 7.700e+01
|        ( - 9.167e+02 1 0)
|        ( QUESTION0_15_R 1 5.520e+02 7.753e+01 3.000e+01
|            ( - 4.238e+02 1 0)
|            ( - 5.075e+01 1 0))))
s>    ( QUESTION0_18_R 1 1.532e+04 5.089e+02 6.270e+02
s>        ( WDBNDRY_B 0 1.314e+04 1.065e+02 5.500e+02
s>            ( - 1.291e+04 2 0)
s>            ( - 1.156e+02 1 0))
s>        ( QUESTION0_17_R 1 1.672e+03 2.036e+02 7.700e+01
s>            ( - 9.167e+02 1 0)
s>            ( QUESTION0_15_R 1 5.520e+02 7.753e+01 3.000e+01
s>                ( - 4.238e+02 1 0)
s>                ( - 5.075e+01 1 0))))INFO: dtree.c(1478): Final simple tree
|( QUESTION14 -1 2.046e+04 5.694e+02 8.390e+02
|    ( - 5.490e+03 2 0)
|    ( QUESTION1 -1 1.440e+04 5.099e+02 6.038e+02
|        ( QUESTION2 -1 6.897e+03 3.848e+02 3.016e+02
|            ( - 3.077e+03 4 0 QUESTION0_18_R 1 1.299e+02 1.428e+02)
|            ( QUESTION8 -1 3.436e+03 2.164e+02 1.588e+02
|                ( - 3.449e+02 3 0 QUESTION0_18_R 1 8.451e+01 2.400e+01)
|                ( - 2.875e+03 2 0 QUESTION0_18_R 1 1.481e+02 1.348e+02)))
|        ( QUESTION2_7_L -1 6.989e+03 4.043e+02 3.022e+02
|            ( QUESTION16 -1 3.321e+03 2.665e+02 1.520e+02
|                ( - 2.008e+03 4 0 QUESTION0_18_R 1 1.736e+02 9.600e+01)
|                ( - 1.047e+03 2 0 QUESTION0_18_R 1 8.153e+01 5.596e+01))
|            ( QUESTION0_18_R 1 3.264e+03 2.744e+02 1.502e+02
|                ( - 1.376e+03 4 0 QUESTION0 -1 1.731e+02 7.013e+01)
|                ( - 1.614e+03 6 0 QUESTION0_17_R 1 1.970e+02 8.010e+01)))))
s>    ( QUESTION14 -1 2.046e+04 5.694e+02 8.390e+02
s>        ( - 5.490e+03 2 0)
s>        ( QUESTION1 -1 1.440e+04 5.099e+02 6.038e+02
s>            ( QUESTION2 -1 6.897e+03 3.848e+02 3.016e+02
s>                ( - 3.077e+03 4 0 QUESTION0_18_R 1 1.299e+02 1.428e+02)
s>                ( QUESTION8 -1 3.436e+03 2.164e+02 1.588e+02
s>                    ( - 3.449e+02 3 0 QUESTION0_18_R 1 8.451e+01 2.400e+01)
s>                    ( - 2.875e+03 2 0 QUESTION0_18_R 1 1.481e+02 1.348e+02)))
s>            ( QUESTION2_7_L -1 6.989e+03 4.043e+02 3.022e+02
s>                ( QUESTION16 -1 3.321e+03 2.665e+02 1.520e+02
s>                    ( - 2.008e+03 4 0 QUESTION0_18_R 1 1.736e+02 9.600e+01)
s>                    ( - 1.047e+03 2 0 QUESTION0_18_R 1 8.153e+01 5.596e+01))
s>                ( QUESTION0_18_R 1 3.264e+03 2.744e+02 1.502e+02
s>                    ( - 1.376e+03 4 0 QUESTION0 -1 1.731e+02 7.013e+01)
s>                    ( - 1.614e+03 6 0 QUESTION0_17_R 1 1.970e+02 8.010e+01)))))INFO: dtree.c(1315): Comp split 4
INFO: dtree.c(1439): stop. leaf nodes are specific
INFO: dtree.c(1478): Final simple tree
|( WDBNDRY_B 0 4.082e+03 3.529e+02 1.895e+02
|    ( - 6.395e+02 1 0)
|    ( - 3.089e+03 1 0))
s>    ( WDBNDRY_B 0 4.082e+03 3.529e+02 1.895e+02
s>        ( - 6.395e+02 1 0)
s>        ( - 3.089e+03 1 0))INFO: dtree.c(1478): Final simple tree
|( QUESTION0_18_R 1 8.615e+03 4.398e+02 3.762e+02
|    ( QUESTION2_11_L -1 3.093e+03 2.709e+02 1.457e+02
|        ( - 7.838e+02 1 0)
|        ( SILENCE -1 2.038e+03 9.455e+01 1.007e+02
|            ( - 1.859e+03 1 0)
|            ( - 8.407e+01 1 0)))
|    ( QUESTION2_11_L -1 5.082e+03 3.171e+02 2.305e+02
|        ( - 3.228e+03 1 0)
|        ( SILENCE -1 1.537e+03 1.907e+02 8.005e+01
|            ( QUESTION0_17_R 1 9.243e+02 5.601e+01 5.305e+01
|                ( - 8.556e+02 1 0)
|                ( - 1.269e+01 1 0))
|            ( QUESTION1 -1 4.217e+02 6.930e+01 2.700e+01
|                ( - 3.018e+02 1 0)
|                ( - 5.067e+01 1 0)))))
s>    ( QUESTION0_18_R 1 8.615e+03 4.398e+02 3.762e+02
s>        ( QUESTION2_11_L -1 3.093e+03 2.709e+02 1.457e+02
s>            ( - 7.838e+02 1 0)
s>            ( SILENCE -1 2.038e+03 9.455e+01 1.007e+02
s>                ( - 1.859e+03 1 0)
s>                ( - 8.407e+01 1 0)))
s>        ( QUESTION2_11_L -1 5.082e+03 3.171e+02 2.305e+02
s>            ( - 3.228e+03 1 0)
s>            ( SILENCE -1 1.537e+03 1.907e+02 8.005e+01
s>                ( QUESTION0_17_R 1 9.243e+02 5.601e+01 5.305e+01
s>                    ( - 8.556e+02 1 0)
s>                    ( - 1.269e+01 1 0))
s>                ( QUESTION1 -1 4.217e+02 6.930e+01 2.700e+01
s>                    ( - 3.018e+02 1 0)
s>                    ( - 5.067e+01 1 0)))))INFO: dtree.c(1315): Comp split 5
INFO: dtree.c(1478): Final simple tree
|( QUESTION0_0_R 1 4.816e+03 4.215e+02 1.925e+02
|    ( QUESTION2_15_L -1 1.820e+03 2.363e+02 8.199e+01
|        ( - 5.605e+02 1 0)
|        ( QUESTION0_6_R 1 1.023e+03 1.514e+02 5.098e+01
|            ( - 4.842e+02 1 0)
|            ( QUESTION0_1_R 1 3.874e+02 8.376e+01 2.300e+01
|                ( - 2.253e+02 2 0)
|                ( - 7.831e+01 1 0))))
|    ( QUESTION0_12_R 1 2.575e+03 2.906e+02 1.106e+02
|        ( QUESTION2_15_L -1 9.272e+02 1.446e+02 4.700e+01
|            ( - 2.658e+02 1 0)
|            ( - 5.168e+02 1 0))
|        ( QUESTION2_15_L -1 1.357e+03 1.767e+02 6.356e+01
|            ( - 2.520e+02 1 0)
|            ( - 9.283e+02 1 0))))
s>    ( QUESTION0_0_R 1 4.816e+03 4.215e+02 1.925e+02
s>        ( QUESTION2_15_L -1 1.820e+03 2.363e+02 8.199e+01
s>            ( - 5.605e+02 1 0)
s>            ( QUESTION0_6_R 1 1.023e+03 1.514e+02 5.098e+01
s>                ( - 4.842e+02 1 0)
s>                ( QUESTION0_1_R 1 3.874e+02 8.376e+01 2.300e+01
s>                    ( - 2.253e+02 2 0)
s>                    ( - 7.831e+01 1 0))))
s>        ( QUESTION0_12_R 1 2.575e+03 2.906e+02 1.106e+02
s>            ( QUESTION2_15_L -1 9.272e+02 1.446e+02 4.700e+01
s>                ( - 2.658e+02 1 0)
s>                ( - 5.168e+02 1 0))
s>            ( QUESTION2_15_L -1 1.357e+03 1.767e+02 6.356e+01
s>                ( - 2.520e+02 1 0)
s>                ( - 9.283e+02 1 0))))INFO: dtree.c(1439): stop. leaf nodes are specific
INFO: dtree.c(1478): Final simple tree
|( QUESTION2_15_L -1 2.870e+03 3.502e+02 1.299e+02
|    ( - 9.839e+02 2 0)
|    ( - 1.536e+03 2 0))
s>    ( QUESTION2_15_L -1 2.870e+03 3.502e+02 1.299e+02
s>        ( - 9.839e+02 2 0)
s>        ( - 1.536e+03 2 0))INFO: dtree.c(1315): Comp split 6
INFO: dtree.c(1478): Final simple tree
|( QUESTION0 -1 8.465e+03 3.978e+02 3.649e+02
|    ( QUESTION0_18_R 1 3.800e+03 2.396e+02 1.738e+02
|        ( QUESTION2_7_L -1 7.665e+02 1.138e+02 4.300e+01
|            ( - 2.383e+02 3 0 QUESTION1 -1 4.956e+01 1.700e+01)
|            ( - 4.145e+02 2 0 WDBNDRY_B 0 7.963e+01 2.600e+01))
|        ( - 2.794e+03 2 0))
|    ( QUESTION0_18_R 1 4.267e+03 2.988e+02 1.911e+02
|        ( QUESTION2_0_L -1 1.340e+03 1.770e+02 6.813e+01
|            ( QUESTION16 -1 7.881e+02 1.034e+02 4.413e+01
|                ( - 1.976e+02 1 0)
|                ( - 4.872e+02 1 0))
|            ( - 3.748e+02 2 0))
|        ( QUESTION16 -1 2.629e+03 2.400e+02 1.230e+02
|            ( - 1.459e+03 2 0)
|            ( - 9.294e+02 1 0))))
s>    ( QUESTION0 -1 8.465e+03 3.978e+02 3.649e+02
s>        ( QUESTION0_18_R 1 3.800e+03 2.396e+02 1.738e+02
s>            ( QUESTION2_7_L -1 7.665e+02 1.138e+02 4.300e+01
s>                ( - 2.383e+02 3 0 QUESTION1 -1 4.956e+01 1.700e+01)
s>                ( - 4.145e+02 2 0 WDBNDRY_B 0 7.963e+01 2.600e+01))
s>            ( - 2.794e+03 2 0))
s>        ( QUESTION0_18_R 1 4.267e+03 2.988e+02 1.911e+02
s>            ( QUESTION2_0_L -1 1.340e+03 1.770e+02 6.813e+01
s>                ( QUESTION16 -1 7.881e+02 1.034e+02 4.413e+01
s>                    ( - 1.976e+02 1 0)
s>                    ( - 4.872e+02 1 0))
s>                ( - 3.748e+02 2 0))
s>            ( QUESTION16 -1 2.629e+03 2.400e+02 1.230e+02
s>                ( - 1.459e+03 2 0)
s>                ( - 9.294e+02 1 0))))INFO: dtree.c(1478): Final simple tree
|( QUESTION14 -1 1.137e+04 4.982e+02 4.741e+02
|    ( - 5.490e+03 2 0)
|    ( QUESTION1 -1 5.378e+03 3.286e+02 2.389e+02
|        ( QUESTION8 -1 3.436e+03 2.164e+02 1.588e+02
|            ( QUESTION0_18_R 1 3.449e+02 8.451e+01 2.400e+01
|                ( - 1.294e+02 1 0)
|                ( - 1.310e+02 2 0 WDBNDRY_B 0 3.134e+01 1.300e+01))
|            ( QUESTION0_18_R 1 2.875e+03 1.481e+02 1.348e+02
|                ( - 1.259e+02 1 0)
|                ( - 2.601e+03 1 0)))
|        ( QUESTION0_17_R 1 1.614e+03 1.970e+02 8.010e+01
|            ( - 8.308e+02 3 0 QUESTION0 -1 8.250e+01 4.710e+01)
|            ( QUESTION0_15_R 1 5.860e+02 1.157e+02 3.300e+01
|                ( - 2.373e+02 2 0)
|                ( - 2.331e+02 1 0)))))
s>    ( QUESTION14 -1 1.137e+04 4.982e+02 4.741e+02
s>        ( - 5.490e+03 2 0)
s>        ( QUESTION1 -1 5.378e+03 3.286e+02 2.389e+02
s>            ( QUESTION8 -1 3.436e+03 2.164e+02 1.588e+02
s>                ( QUESTION0_18_R 1 3.449e+02 8.451e+01 2.400e+01
s>                    ( - 1.294e+02 1 0)
s>                    ( - 1.310e+02 2 0 WDBNDRY_B 0 3.134e+01 1.300e+01))
s>                ( QUESTION0_18_R 1 2.875e+03 1.481e+02 1.348e+02
s>                    ( - 1.259e+02 1 0)
s>                    ( - 2.601e+03 1 0)))
s>            ( QUESTION0_17_R 1 1.614e+03 1.970e+02 8.010e+01
s>                ( - 8.308e+02 3 0 QUESTION0 -1 8.250e+01 4.710e+01)
s>                ( QUESTION0_15_R 1 5.860e+02 1.157e+02 3.300e+01
s>                    ( - 2.373e+02 2 0)
s>                    ( - 2.331e+02 1 0)))))INFO: dtree.c(1315): Comp split 7
INFO: dtree.c(1478): Final simple tree
|( QUESTION0_10_R 1 2.286e+03 2.674e+02 1.030e+02
|    ( QUESTION2_15_L -1 1.063e+03 1.440e+02 5.400e+01
|        ( - 1.614e+02 1 0)
|        ( - 7.573e+02 1 0))
|    ( QUESTION0_0_R 1 9.556e+02 1.406e+02 4.900e+01
|        ( QUESTION1 -1 5.207e+02 8.842e+01 2.900e+01
|            ( - 1.180e+02 1 0)
|            ( QUESTION2_15_L -1 3.144e+02 6.692e+01 2.000e+01
|                ( - 8.763e+01 1 0)
|                ( QUESTION0_3_R 1 1.598e+02 3.936e+01 1.200e+01
|                    ( - 2.261e+01 1 0)
|                    ( - 9.783e+01 1 0))))
|        ( QUESTION1 1 2.943e+02 6.409e+01 2.000e+01
|            ( - 1.471e+02 1 0)
|            ( - 8.306e+01 1 0))))
s>    ( QUESTION0_10_R 1 2.286e+03 2.674e+02 1.030e+02
s>        ( QUESTION2_15_L -1 1.063e+03 1.440e+02 5.400e+01
s>            ( - 1.614e+02 1 0)
s>            ( - 7.573e+02 1 0))
s>        ( QUESTION0_0_R 1 9.556e+02 1.406e+02 4.900e+01
s>            ( QUESTION1 -1 5.207e+02 8.842e+01 2.900e+01
s>                ( - 1.180e+02 1 0)
s>                ( QUESTION2_15_L -1 3.144e+02 6.692e+01 2.000e+01
s>                    ( - 8.763e+01 1 0)
s>                    ( QUESTION0_3_R 1 1.598e+02 3.936e+01 1.200e+01
s>                        ( - 2.261e+01 1 0)
s>                        ( - 9.783e+01 1 0))))
s>            ( QUESTION1 1 2.943e+02 6.409e+01 2.000e+01
s>                ( - 1.471e+02 1 0)
s>                ( - 8.306e+01 1 0))))INFO: dtree.c(1439): stop. leaf nodes are specific
INFO: dtree.c(1478): Final simple tree
|( SILENCE 1 3.972e+03 3.581e+02 1.737e+02
|    ( - 1.310e+03 1 0)
|    ( QUESTION2_15_L -1 2.304e+03 2.472e+02 1.060e+02
|        ( - 1.380e+03 3 0)
|        ( - 6.764e+02 2 0)))
s>    ( SILENCE 1 3.972e+03 3.581e+02 1.737e+02
s>        ( - 1.310e+03 1 0)
s>        ( QUESTION2_15_L -1 2.304e+03 2.472e+02 1.060e+02
s>            ( - 1.380e+03 3 0)
s>            ( - 6.764e+02 2 0)))INFO: dtree.c(1315): Comp split 8
INFO: dtree.c(1439): stop. leaf nodes are specific
INFO: dtree.c(1478): Final simple tree
|( QUESTION0 -1 5.787e+03 1.654e+02 2.482e+02
|    ( WDBNDRY_B 0 1.310e+02 3.134e+01 1.300e+01
|        ( - 5.440e+01 1 0)
|        ( - 4.522e+01 1 0))
|    ( - 5.490e+03 2 0))
s>    ( QUESTION0 -1 5.787e+03 1.654e+02 2.482e+02
s>        ( WDBNDRY_B 0 1.310e+02 3.134e+01 1.300e+01
s>            ( - 5.440e+01 1 0)
s>            ( - 4.522e+01 1 0))
s>        ( - 5.490e+03 2 0))INFO: dtree.c(1478): Final simple tree
|( QUESTION1 -1 5.066e+03 3.227e+02 2.259e+02
|    ( QUESTION0_18_R 1 3.129e+03 2.024e+02 1.458e+02
|        ( QUESTION8 -1 3.263e+02 7.102e+01 2.158e+01
|            ( - 1.294e+02 1 0)
|            ( - 1.259e+02 1 0))
|        ( - 2.601e+03 1 0))
|    ( QUESTION0_17_R 1 1.614e+03 1.970e+02 8.010e+01
|        ( QUESTION0 -1 8.308e+02 8.250e+01 4.710e+01
|            ( WDBNDRY_B 0 6.313e+02 6.560e+01 3.700e+01
|                ( - 5.328e+02 1 0)
|                ( - 3.296e+01 1 0))
|            ( - 1.170e+02 1 0))
|        ( QUESTION0_15_R 1 5.860e+02 1.157e+02 3.300e+01
|            ( - 2.373e+02 2 0)
|            ( - 2.331e+02 1 0))))
s>    ( QUESTION1 -1 5.066e+03 3.227e+02 2.259e+02
s>        ( QUESTION0_18_R 1 3.129e+03 2.024e+02 1.458e+02
s>            ( QUESTION8 -1 3.263e+02 7.102e+01 2.158e+01
s>                ( - 1.294e+02 1 0)
s>                ( - 1.259e+02 1 0))
s>            ( - 2.601e+03 1 0))
s>        ( QUESTION0_17_R 1 1.614e+03 1.970e+02 8.010e+01
s>            ( QUESTION0 -1 8.308e+02 8.250e+01 4.710e+01
s>                ( WDBNDRY_B 0 6.313e+02 6.560e+01 3.700e+01
s>                    ( - 5.328e+02 1 0)
s>                    ( - 3.296e+01 1 0))
s>                ( - 1.170e+02 1 0))
s>            ( QUESTION0_15_R 1 5.860e+02 1.157e+02 3.300e+01
s>                ( - 2.373e+02 2 0)
s>                ( - 2.331e+02 1 0))))INFO: dtree.c(1315): Comp split 9
INFO: dtree.c(1439): stop. leaf nodes are specific
INFO: dtree.c(1478): Final simple tree
|( QUESTION0_17_R 1 1.672e+03 2.036e+02 7.700e+01
|    ( - 9.167e+02 1 0)
|    ( QUESTION0_15_R 1 5.520e+02 7.753e+01 3.000e+01
|        ( - 4.238e+02 1 0)
|        ( - 5.075e+01 1 0)))
s>    ( QUESTION0_17_R 1 1.672e+03 2.036e+02 7.700e+01
s>        ( - 9.167e+02 1 0)
s>        ( QUESTION0_15_R 1 5.520e+02 7.753e+01 3.000e+01
s>            ( - 4.238e+02 1 0)
s>            ( - 5.075e+01 1 0)))INFO: dtree.c(1439): stop. leaf nodes are specific
INFO: dtree.c(1478): Final simple tree
|( WDBNDRY_B 0 1.314e+04 1.065e+02 5.500e+02
|    ( - 1.291e+04 2 0)
|    ( - 1.156e+02 1 0))
s>    ( WDBNDRY_B 0 1.314e+04 1.065e+02 5.500e+02
s>        ( - 1.291e+04 2 0)
s>        ( - 1.156e+02 1 0))INFO: dtree.c(1315): Comp split 10
INFO: dtree.c(1439): stop. leaf nodes are specific
INFO: dtree.c(1478): Final simple tree
|( QUESTION2_11_L -1 4.230e+03 3.163e+02 1.957e+02
|    ( - 7.838e+02 1 0)
|    ( QUESTION0_18_R 1 3.130e+03 2.363e+02 1.507e+02
|        ( SILENCE -1 2.038e+03 9.455e+01 1.007e+02
|            ( - 1.859e+03 1 0)
|            ( - 8.407e+01 1 0))
|        ( - 8.556e+02 1 0)))
s>    ( QUESTION2_11_L -1 4.230e+03 3.163e+02 1.957e+02
s>        ( - 7.838e+02 1 0)
s>        ( QUESTION0_18_R 1 3.130e+03 2.363e+02 1.507e+02
s>            ( SILENCE -1 2.038e+03 9.455e+01 1.007e+02
s>                ( - 1.859e+03 1 0)
s>                ( - 8.407e+01 1 0))
s>            ( - 8.556e+02 1 0)))INFO: dtree.c(1439): stop. leaf nodes are specific
INFO: dtree.c(1478): Final simple tree
|( QUESTION2_11_L -1 3.926e+03 2.107e+02 1.804e+02
|    ( - 3.228e+03 1 0)
|    ( QUESTION1 -1 4.868e+02 8.892e+01 3.000e+01
|        ( - 3.018e+02 1 0)
|        ( SILENCE -1 9.615e+01 3.279e+01 9.000e+00
|            ( - 1.269e+01 1 0)
|            ( - 5.067e+01 1 0))))
s>    ( QUESTION2_11_L -1 3.926e+03 2.107e+02 1.804e+02
s>        ( - 3.228e+03 1 0)
s>        ( QUESTION1 -1 4.868e+02 8.892e+01 3.000e+01
s>            ( - 3.018e+02 1 0)
s>            ( SILENCE -1 9.615e+01 3.279e+01 9.000e+00
s>                ( - 1.269e+01 1 0)
s>                ( - 5.067e+01 1 0))))INFO: dtree.c(1315): Comp split 11
INFO: dtree.c(1439): stop. leaf nodes are specific
INFO: dtree.c(1478): Final simple tree
|( QUESTION0_0_R 1 1.679e+03 2.180e+02 7.698e+01
|    ( QUESTION0_5_R 1 8.312e+02 1.217e+02 4.398e+01
|        ( - 2.253e+02 2 0)
|        ( - 4.842e+02 1 0))
|    ( QUESTION0_12_R 1 6.294e+02 1.117e+02 3.300e+01
|        ( - 2.658e+02 1 0)
|        ( - 2.520e+02 1 0)))
s>    ( QUESTION0_0_R 1 1.679e+03 2.180e+02 7.698e+01
s>        ( QUESTION0_5_R 1 8.312e+02 1.217e+02 4.398e+01
s>            ( - 2.253e+02 2 0)
s>            ( - 4.842e+02 1 0))
s>        ( QUESTION0_12_R 1 6.294e+02 1.117e+02 3.300e+01
s>            ( - 2.658e+02 1 0)
s>            ( - 2.520e+02 1 0)))INFO: dtree.c(1439): stop. leaf nodes are specific
INFO: dtree.c(1478): Final simple tree
|( QUESTION0_13_R 1 2.680e+03 3.050e+02 1.156e+02
|    ( - 9.283e+02 1 0)
|    ( QUESTION0_0_R 1 1.447e+03 1.957e+02 6.800e+01
|        ( QUESTION0_1_R 1 7.343e+02 9.547e+01 3.800e+01
|            ( - 5.605e+02 1 0)
|            ( - 7.831e+01 1 0))
|        ( - 5.168e+02 1 0)))
s>    ( QUESTION0_13_R 1 2.680e+03 3.050e+02 1.156e+02
s>        ( - 9.283e+02 1 0)
s>        ( QUESTION0_0_R 1 1.447e+03 1.957e+02 6.800e+01
s>            ( QUESTION0_1_R 1 7.343e+02 9.547e+01 3.800e+01
s>                ( - 5.605e+02 1 0)
s>                ( - 7.831e+01 1 0))
s>            ( - 5.168e+02 1 0)))INFO: dtree.c(1315): Comp split 12
INFO: dtree.c(1439): stop. leaf nodes are specific
INFO: dtree.c(1478): Final simple tree
|( QUESTION16 -1 4.298e+03 2.935e+02 1.931e+02
|    ( QUESTION0_18_R 1 1.798e+03 1.408e+02 8.700e+01
|        ( - 1.976e+02 1 0)
|        ( - 1.459e+03 2 0))
|    ( QUESTION2_0_L -1 2.206e+03 2.235e+02 1.061e+02
|        ( - 4.872e+02 1 0)
|        ( QUESTION0_18_R 1 1.496e+03 1.519e+02 7.696e+01
|            ( WDBNDRY_B 0 4.145e+02 7.963e+01 2.600e+01
|                ( - 1.767e+02 1 0)
|                ( - 1.581e+02 1 0))
|            ( - 9.294e+02 1 0))))
s>    ( QUESTION16 -1 4.298e+03 2.935e+02 1.931e+02
s>        ( QUESTION0_18_R 1 1.798e+03 1.408e+02 8.700e+01
s>            ( - 1.976e+02 1 0)
s>            ( - 1.459e+03 2 0))
s>        ( QUESTION2_0_L -1 2.206e+03 2.235e+02 1.061e+02
s>            ( - 4.872e+02 1 0)
s>            ( QUESTION0_18_R 1 1.496e+03 1.519e+02 7.696e+01
s>                ( WDBNDRY_B 0 4.145e+02 7.963e+01 2.600e+01
s>                    ( - 1.767e+02 1 0)
s>                    ( - 1.581e+02 1 0))
s>                ( - 9.294e+02 1 0))))INFO: dtree.c(1439): stop. leaf nodes are specific
INFO: dtree.c(1478): Final simple tree
|( QUESTION0_18_R 1 3.743e+03 2.223e+02 1.718e+02
|    ( QUESTION0 -1 7.271e+02 1.140e+02 4.100e+01
|        ( QUESTION1 -1 2.383e+02 4.956e+01 1.700e+01
|            ( - 1.532e+02 2 0)
|            ( - 3.559e+01 1 0))
|        ( - 3.748e+02 2 0))
|    ( - 2.794e+03 2 0))
s>    ( QUESTION0_18_R 1 3.743e+03 2.223e+02 1.718e+02
s>        ( QUESTION0 -1 7.271e+02 1.140e+02 4.100e+01
s>            ( QUESTION1 -1 2.383e+02 4.956e+01 1.700e+01
s>                ( - 1.532e+02 2 0)
s>                ( - 3.559e+01 1 0))
s>            ( - 3.748e+02 2 0))
s>        ( - 2.794e+03 2 0))INFO: dtree.c(1315): Comp split 13
INFO: dtree.c(1439): stop. leaf nodes are specific
INFO: dtree.c(1478): Final simple tree
|( WDBNDRY_B 0 3.109e+03 1.907e+02 1.442e+02
|    ( - 2.601e+03 1 0)
|    ( QUESTION0_15_R 1 3.176e+02 4.737e+01 2.000e+01
|        ( - 2.373e+02 2 0)
|        ( - 3.296e+01 1 0)))
s>    ( WDBNDRY_B 0 3.109e+03 1.907e+02 1.442e+02
s>        ( - 2.601e+03 1 0)
s>        ( QUESTION0_15_R 1 3.176e+02 4.737e+01 2.000e+01
s>            ( - 2.373e+02 2 0)
s>            ( - 3.296e+01 1 0)))INFO: dtree.c(1439): stop. leaf nodes are specific
INFO: dtree.c(1478): Final simple tree
|( QUESTION10 -1 1.584e+03 1.754e+02 8.168e+01
|    ( WDBNDRY_B 0 8.935e+02 1.276e+02 5.000e+01
|        ( - 5.328e+02 1 0)
|        ( - 2.331e+02 1 0))
|    ( QUESTION8 -1 5.153e+02 8.874e+01 3.168e+01
|        ( - 1.294e+02 1 0)
|        ( QUESTION0_18_R 1 2.971e+02 5.425e+01 2.068e+01
|            ( - 1.259e+02 1 0)
|            ( - 1.170e+02 1 0))))
s>    ( QUESTION10 -1 1.584e+03 1.754e+02 8.168e+01
s>        ( WDBNDRY_B 0 8.935e+02 1.276e+02 5.000e+01
s>            ( - 5.328e+02 1 0)
s>            ( - 2.331e+02 1 0))
s>        ( QUESTION8 -1 5.153e+02 8.874e+01 3.168e+01
s>            ( - 1.294e+02 1 0)
s>            ( QUESTION0_18_R 1 2.971e+02 5.425e+01 2.068e+01
s>                ( - 1.259e+02 1 0)
s>                ( - 1.170e+02 1 0))))INFO: dtree.c(1315): Comp split 14
INFO: dtree.c(1439): stop. leaf nodes are specific
INFO: dtree.c(1478): Final simple tree
|( QUESTION2_15_L -1 2.304e+03 2.472e+02 1.060e+02
|    ( - 1.380e+03 3 0)
|    ( - 6.764e+02 2 0))
s>    ( QUESTION2_15_L -1 2.304e+03 2.472e+02 1.060e+02
s>        ( - 1.380e+03 3 0)
s>        ( - 6.764e+02 2 0))INFO: dtree.c(1315): Comp split 15
INFO: dtree.c(1315): Comp split 16
INFO: dtree.c(1315): Comp split 17
INFO: dtree.c(1439): stop. leaf nodes are specific
INFO: dtree.c(1478): Final simple tree
|( QUESTION0_18_R 1 1.831e+03 1.821e+02 9.196e+01
|    ( QUESTION0 -1 7.197e+02 1.076e+02 4.100e+01
|        ( WDBNDRY_B 0 4.145e+02 7.963e+01 2.600e+01
|            ( - 1.767e+02 1 0)
|            ( - 1.581e+02 1 0))
|        ( - 1.976e+02 1 0))
|    ( - 9.294e+02 1 0))
s>    ( QUESTION0_18_R 1 1.831e+03 1.821e+02 9.196e+01
s>        ( QUESTION0 -1 7.197e+02 1.076e+02 4.100e+01
s>            ( WDBNDRY_B 0 4.145e+02 7.963e+01 2.600e+01
s>                ( - 1.767e+02 1 0)
s>                ( - 1.581e+02 1 0))
s>            ( - 1.976e+02 1 0))
s>        ( - 9.294e+02 1 0))INFO: dtree.c(1439): stop. leaf nodes are specific
INFO: dtree.c(1478): Final simple tree
|( QUESTION0_18_R 1 2.139e+03 1.927e+02 1.011e+02
|    ( - 4.872e+02 1 0)
|    ( - 1.459e+03 2 0))
s>    ( QUESTION0_18_R 1 2.139e+03 1.927e+02 1.011e+02
s>        ( - 4.872e+02 1 0)
s>        ( - 1.459e+03 2 0))INFO: dtree.c(1315): Comp split 18
INFO: dtree.c(1439): stop. leaf nodes are specific
INFO: dtree.c(1478): Final simple tree
|( QUESTION0_18_R 1 3.130e+03 2.363e+02 1.507e+02
|    ( SILENCE -1 2.038e+03 9.455e+01 1.007e+02
|        ( - 1.859e+03 1 0)
|        ( - 8.407e+01 1 0))
|    ( - 8.556e+02 1 0))
s>    ( QUESTION0_18_R 1 3.130e+03 2.363e+02 1.507e+02
s>        ( SILENCE -1 2.038e+03 9.455e+01 1.007e+02
s>            ( - 1.859e+03 1 0)
s>            ( - 8.407e+01 1 0))
s>        ( - 8.556e+02 1 0))INFO: dtree.c(1315): Comp split 19
INFO: dtree.c(1439): stop. leaf nodes are specific
INFO: dtree.c(1478): Final simple tree
|( QUESTION0_0_R 1 1.257e+03 1.800e+02 6.100e+01
|    ( - 5.605e+02 1 0)
|    ( - 5.168e+02 1 0))
s>    ( QUESTION0_0_R 1 1.257e+03 1.800e+02 6.100e+01
s>        ( - 5.605e+02 1 0)
s>        ( - 5.168e+02 1 0))INFO: dtree.c(1439): stop. leaf nodes are specific
INFO: dtree.c(1478): Final simple tree
|( QUESTION0_0_R 1 1.110e+03 1.038e+02 5.456e+01
|    ( - 7.831e+01 1 0)
|    ( - 9.283e+02 1 0))
s>    ( QUESTION0_0_R 1 1.110e+03 1.038e+02 5.456e+01
s>        ( - 7.831e+01 1 0)
s>        ( - 9.283e+02 1 0))INFO: dtree.c(1315): Comp split 20
INFO: dtree.c(1439): stop. leaf nodes are specific
INFO: dtree.c(1478): Final simple tree
|( QUESTION0_0_R 1 1.039e+03 1.221e+02 5.300e+01
|    ( QUESTION0_3_R 1 1.598e+02 3.936e+01 1.200e+01
|        ( - 2.261e+01 1 0)
|        ( - 9.783e+01 1 0))
|    ( - 7.573e+02 1 0))
s>    ( QUESTION0_0_R 1 1.039e+03 1.221e+02 5.300e+01
s>        ( QUESTION0_3_R 1 1.598e+02 3.936e+01 1.200e+01
s>            ( - 2.261e+01 1 0)
s>            ( - 9.783e+01 1 0))
s>        ( - 7.573e+02 1 0))INFO: dtree.c(1439): stop. leaf nodes are specific
INFO: dtree.c(1478): Final simple tree
|( QUESTION7 1 9.642e+02 1.437e+02 5.000e+01
|    ( QUESTION0_0_R 1 3.371e+02 7.194e+01 2.100e+01
|        ( - 1.180e+02 1 0)
|        ( - 1.471e+02 1 0))
|    ( QUESTION0_10_R 1 4.835e+02 9.536e+01 2.900e+01
|        ( - 1.614e+02 1 0)
|        ( QUESTION0_0_R 1 2.267e+02 5.599e+01 1.600e+01
|            ( - 8.763e+01 1 0)
|            ( - 8.306e+01 1 0))))
s>    ( QUESTION7 1 9.642e+02 1.437e+02 5.000e+01
s>        ( QUESTION0_0_R 1 3.371e+02 7.194e+01 2.100e+01
s>            ( - 1.180e+02 1 0)
s>            ( - 1.471e+02 1 0))
s>        ( QUESTION0_10_R 1 4.835e+02 9.536e+01 2.900e+01
s>            ( - 1.614e+02 1 0)
s>            ( QUESTION0_0_R 1 2.267e+02 5.599e+01 1.600e+01
s>                ( - 8.763e+01 1 0)
s>                ( - 8.306e+01 1 0))))INFO: dtree.c(1315): Comp split 21
INFO: dtree.c(1439): stop. leaf nodes are specific
INFO: dtree.c(1478): Final simple tree
|( SILENCE -1 1.018e+03 7.822e+01 5.805e+01
|    ( - 8.556e+02 1 0)
|    ( - 8.407e+01 1 0))
s>    ( SILENCE -1 1.018e+03 7.822e+01 5.805e+01
s>        ( - 8.556e+02 1 0)
s>        ( - 8.407e+01 1 0))INFO: dtree.c(1315): Comp split 22
INFO: dtree.c(1315): Comp split 23
INFO: dtree.c(1439): stop. leaf nodes are specific
INFO: dtree.c(1478): Final simple tree
|( QUESTION0 -1 7.271e+02 1.140e+02 4.100e+01
|    ( QUESTION1 -1 2.383e+02 4.956e+01 1.700e+01
|        ( - 1.532e+02 2 0)
|        ( - 3.559e+01 1 0))
|    ( - 3.748e+02 2 0))
s>    ( QUESTION0 -1 7.271e+02 1.140e+02 4.100e+01
s>        ( QUESTION1 -1 2.383e+02 4.956e+01 1.700e+01
s>            ( - 1.532e+02 2 0)
s>            ( - 3.559e+01 1 0))
s>        ( - 3.748e+02 2 0))INFO: dtree.c(1315): Comp split 24
INFO: dtree.c(1439): stop. leaf nodes are specific
INFO: dtree.c(1478): Final simple tree
|( QUESTION0_12_R 1 6.294e+02 1.117e+02 3.300e+01
|    ( - 2.658e+02 1 0)
|    ( - 2.520e+02 1 0))
s>    ( QUESTION0_12_R 1 6.294e+02 1.117e+02 3.300e+01
s>        ( - 2.658e+02 1 0)
s>        ( - 2.520e+02 1 0))INFO: dtree.c(1439): stop. leaf nodes are specific
INFO: dtree.c(1478): Final simple tree
|( QUESTION0_5_R 1 8.312e+02 1.217e+02 4.398e+01
|    ( - 2.253e+02 2 0)
|    ( - 4.842e+02 1 0))
s>    ( QUESTION0_5_R 1 8.312e+02 1.217e+02 4.398e+01
s>        ( - 2.253e+02 2 0)
s>        ( - 4.842e+02 1 0))INFO: dtree.c(1315): Comp split 25
INFO: dtree.c(1439): stop. leaf nodes are specific
INFO: dtree.c(1478): Final simple tree
|( QUESTION1 -1 4.868e+02 8.892e+01 3.000e+01
|    ( - 3.018e+02 1 0)
|    ( SILENCE -1 9.615e+01 3.279e+01 9.000e+00
|        ( - 1.269e+01 1 0)
|        ( - 5.067e+01 1 0)))
s>    ( QUESTION1 -1 4.868e+02 8.892e+01 3.000e+01
s>        ( - 3.018e+02 1 0)
s>        ( SILENCE -1 9.615e+01 3.279e+01 9.000e+00
s>            ( - 1.269e+01 1 0)
s>            ( - 5.067e+01 1 0)))INFO: dtree.c(1315): Comp split 26
INFO: dtree.c(1439): stop. leaf nodes are specific
INFO: dtree.c(1478): Final simple tree
|( QUESTION0_15_R 1 5.520e+02 7.753e+01 3.000e+01
|    ( - 4.238e+02 1 0)
|    ( - 5.075e+01 1 0))
s>    ( QUESTION0_15_R 1 5.520e+02 7.753e+01 3.000e+01
s>        ( - 4.238e+02 1 0)
s>        ( - 5.075e+01 1 0))INFO: dtree.c(1315): Comp split 27
INFO: dtree.c(1315): Comp split 28
INFO: dtree.c(1439): stop. leaf nodes are specific
INFO: dtree.c(1478): Final simple tree
|( QUESTION0_15_R 1 3.176e+02 4.737e+01 2.000e+01
|    ( - 2.373e+02 2 0)
|    ( - 3.296e+01 1 0))
s>    ( QUESTION0_15_R 1 3.176e+02 4.737e+01 2.000e+01
s>        ( - 2.373e+02 2 0)
s>        ( - 3.296e+01 1 0))INFO: dtree.c(1315): Comp split 29
INFO: dtree.c(1439): stop. leaf nodes are specific
INFO: dtree.c(1478): Final simple tree
|( WDBNDRY_B 0 4.284e+02 7.270e+01 2.700e+01
|    ( - 1.976e+02 1 0)
|    ( - 1.581e+02 1 0))
s>    ( WDBNDRY_B 0 4.284e+02 7.270e+01 2.700e+01
s>        ( - 1.976e+02 1 0)
s>        ( - 1.581e+02 1 0))INFO: dtree.c(1439): stop. leaf nodes are specific
INFO: dtree.c(1478): Final simple tree
|( QUESTION0_18_R 1 1.219e+03 1.131e+02 6.496e+01
|    ( - 1.767e+02 1 0)
|    ( - 9.294e+02 1 0))
s>    ( QUESTION0_18_R 1 1.219e+03 1.131e+02 6.496e+01
s>        ( - 1.767e+02 1 0)
s>        ( - 9.294e+02 1 0))INFO: dtree.c(1315): Comp split 30
INFO: dtree.c(1439): stop. leaf nodes are specific
INFO: dtree.c(1478): Final simple tree
|( QUESTION10 -1 9.552e+02 1.253e+02 5.368e+01
|    ( - 5.328e+02 1 0)
|    ( QUESTION0_18_R 1 2.971e+02 5.425e+01 2.068e+01
|        ( - 1.259e+02 1 0)
|        ( - 1.170e+02 1 0)))
s>    ( QUESTION10 -1 9.552e+02 1.253e+02 5.368e+01
s>        ( - 5.328e+02 1 0)
s>        ( QUESTION0_18_R 1 2.971e+02 5.425e+01 2.068e+01
s>            ( - 1.259e+02 1 0)
s>            ( - 1.170e+02 1 0)))INFO: dtree.c(1439): stop. leaf nodes are specific
INFO: dtree.c(1478): Final simple tree
|( WDBNDRY_B 0 4.459e+02 8.340e+01 2.800e+01
|    ( - 1.294e+02 1 0)
|    ( - 2.331e+02 1 0))
s>    ( WDBNDRY_B 0 4.459e+02 8.340e+01 2.800e+01
s>        ( - 1.294e+02 1 0)
s>        ( - 2.331e+02 1 0))INFO: dtree.c(1315): Comp split 31
INFO: dtree.c(1315): Comp split 32
INFO: dtree.c(1439): stop. leaf nodes are specific
INFO: dtree.c(1478): Final simple tree
|( WDBNDRY_B 0 1.310e+02 3.134e+01 1.300e+01
|    ( - 5.440e+01 1 0)
|    ( - 4.522e+01 1 0))
s>    ( WDBNDRY_B 0 1.310e+02 3.134e+01 1.300e+01
s>        ( - 5.440e+01 1 0)
s>        ( - 4.522e+01 1 0))INFO: dtree.c(1315): Comp split 33
INFO: dtree.c(1439): stop. leaf nodes are specific
INFO: dtree.c(1478): Final simple tree
|( QUESTION8 1 4.944e+02 8.913e+01 2.900e+01
|    ( - 1.471e+02 1 0)
|    ( QUESTION0_0_R 1 2.582e+02 5.714e+01 1.700e+01
|        ( - 1.180e+02 1 0)
|        ( - 8.306e+01 1 0)))
s>    ( QUESTION8 1 4.944e+02 8.913e+01 2.900e+01
s>        ( - 1.471e+02 1 0)
s>        ( QUESTION0_0_R 1 2.582e+02 5.714e+01 1.700e+01
s>            ( - 1.180e+02 1 0)
s>            ( - 8.306e+01 1 0)))INFO: dtree.c(1439): stop. leaf nodes are specific
INFO: dtree.c(1478): Final simple tree
|( QUESTION0_0_R 1 3.199e+02 7.082e+01 2.100e+01
|    ( - 8.763e+01 1 0)
|    ( - 1.614e+02 1 0))
s>    ( QUESTION0_0_R 1 3.199e+02 7.082e+01 2.100e+01
s>        ( - 8.763e+01 1 0)
s>        ( - 1.614e+02 1 0))INFO: dtree.c(1315): Comp split 34
INFO: dtree.c(1439): stop. leaf nodes are specific
INFO: dtree.c(1478): Final simple tree
|( QUESTION0_18_R 1 2.971e+02 5.425e+01 2.068e+01
|    ( - 1.259e+02 1 0)
|    ( - 1.170e+02 1 0))
s>    ( QUESTION0_18_R 1 2.971e+02 5.425e+01 2.068e+01
s>        ( - 1.259e+02 1 0)
s>        ( - 1.170e+02 1 0))INFO: dtree.c(1315): Comp split 35
INFO: dtree.c(1439): stop. leaf nodes are specific
INFO: dtree.c(1478): Final simple tree
|( QUESTION0_3_R 1 1.598e+02 3.936e+01 1.200e+01
|    ( - 2.261e+01 1 0)
|    ( - 9.783e+01 1 0))
s>    ( QUESTION0_3_R 1 1.598e+02 3.936e+01 1.200e+01
s>        ( - 2.261e+01 1 0)
s>        ( - 9.783e+01 1 0))INFO: dtree.c(1315): Comp split 36
INFO: dtree.c(1315): Comp split 37
INFO: dtree.c(1439): stop. leaf nodes are specific
INFO: dtree.c(1478): Final simple tree
|( QUESTION1 -1 2.383e+02 4.956e+01 1.700e+01
|    ( - 1.532e+02 2 0)
|    ( - 3.559e+01 1 0))
s>    ( QUESTION1 -1 2.383e+02 4.956e+01 1.700e+01
s>        ( - 1.532e+02 2 0)
s>        ( - 3.559e+01 1 0))INFO: dtree.c(1315): Comp split 38
INFO: dtree.c(1315): Comp split 39
INFO: dtree.c(1315): Comp split 40
INFO: dtree.c(1315): Comp split 41
INFO: dtree.c(1315): Comp split 42
INFO: dtree.c(1439): stop. leaf nodes are specific
INFO: dtree.c(1478): Final simple tree
|( QUESTION0_0_R 1 2.582e+02 5.714e+01 1.700e+01
|    ( - 1.180e+02 1 0)
|    ( - 8.306e+01 1 0))
s>    ( QUESTION0_0_R 1 2.582e+02 5.714e+01 1.700e+01
s>        ( - 1.180e+02 1 0)
s>        ( - 8.306e+01 1 0))INFO: dtree.c(1315): Comp split 43
INFO: dtree.c(1439): stop. leaf nodes are specific
INFO: dtree.c(1478): Final simple tree
|( SILENCE -1 9.615e+01 3.279e+01 9.000e+00
|    ( - 1.269e+01 1 0)
|    ( - 5.067e+01 1 0))
s>    ( SILENCE -1 9.615e+01 3.279e+01 9.000e+00
s>        ( - 1.269e+01 1 0)
s>        ( - 5.067e+01 1 0))INFO: dtree.c(1315): Comp split 44
INFO: dtree.c(1315): Comp split 45
INFO: dtree.c(1315): Comp split 46
INFO: dtree.c(1315): Comp split 47
INFO: dtree.c(1315): Comp split 48
INFO: dtree.c(1315): Comp split 49
INFO: dtree.c(1315): Comp split 50
INFO: dtree.c(1315): Comp split 51
INFO: dtree.c(1315): Comp split 52
INFO: dtree.c(1315): Comp split 53
INFO: dtree.c(1315): Comp split 54
INFO: dtree.c(1315): Comp split 55
INFO: dtree.c(1315): Comp split 56
INFO: dtree.c(1318): stop. leaf nodes are specific
Fri Nov  2 10:06:36 2018
