Current configuration:
[NAME]		[DEFLT]	[VALUE]
-allphones	no	no
-cntthresh	0.00001	1.000000e-05
-csplitmax	100	2000
-csplitmin	1	1
-csplitthr	8e-4	0.000000e+00
-example	no	no
-fullvar	no	no
-help		no	no
-meanfn			
-mixwfn			/home/sdv/Documents/SDV/SDVoice/an4/model_parameters/an4.cd_semi_untied/mixture_weights
-moddeffn		/home/sdv/Documents/SDV/SDVoice/an4/model_architecture/an4.untied.mdef
-mwfloor	1e-4	1.000000e-08
-phone			TH
-psetfn			/home/sdv/Documents/SDV/SDVoice/an4/model_architecture/an4.tree_questions
-ssplitmax	5	7
-ssplitmin	1	1
-ssplitthr	8e-4	0.000000e+00
-state			0
-stwt			1.0,0.05,0.0,
-treefn			/home/sdv/Documents/SDV/SDVoice/an4/trees/an4.unpruned/TH-0.dtree
-ts2cbfn	.semi.	.semi.
-varfloor	0.00001	1.000000e-05
-varfn			

INFO: main.c(223): Reading: /home/sdv/Documents/SDV/SDVoice/an4/model_architecture/an4.untied.mdef
INFO: model_def_io.c(573): Model definition info:
INFO: model_def_io.c(574): 1618 total models defined (34 base, 1584 tri)
INFO: model_def_io.c(575): 6472 total states
INFO: model_def_io.c(576): 4854 total tied states
INFO: model_def_io.c(577): 102 total tied CI states
INFO: model_def_io.c(578): 34 total tied transition matrices
INFO: model_def_io.c(579): 4 max state/model
INFO: model_def_io.c(580): 4 min state/model
INFO: main.c(242): Building trees for [TH AH N e] through [TH V R b]
INFO: main.c(269): Covering states |[4362 4487]| == 126
INFO: main.c(275): Reading: /home/sdv/Documents/SDV/SDVoice/an4/model_parameters/an4.cd_semi_untied/mixture_weights
INFO: s3mixw_io.c(173): Read /home/sdv/Documents/SDV/SDVoice/an4/model_parameters/an4.cd_semi_untied/mixture_weights [126x4x256 array]
INFO: main.c(311): 42 of 42 models have observation count greater than 0.000010
INFO: main.c(95): nrm stwt: 0.952 0.048 0.000 
INFO: main.c(411): 42-class entropy: 3.150732e+04
INFO: main.c(549): Reading: /home/sdv/Documents/SDV/SDVoice/an4/model_architecture/an4.tree_questions
INFO: main.c(588): 176 total simple questions (168 phone; 8 word bndry)
INFO: main.c(590): 42 Left Only questions, and 42 Right Only questions
INFO: dtree.c(1478): Final simple tree
|( QUESTION2_10_L -1 4.449e+04 1.014e+03 1.623e+03
|    ( QUESTION0_8_R 1 1.031e+04 7.168e+02 4.005e+02
|        ( - 4.929e+03 3 0 QUESTION1 -1 4.953e+02 1.995e+02)
|        ( - 4.665e+03 10 0 QUESTION0_0_R 1 4.253e+02 2.010e+02))
|    ( QUESTION13 -1 3.316e+04 9.688e+02 1.222e+03
|        ( QUESTION14 -1 1.364e+04 7.288e+02 5.239e+02
|            ( - 7.977e+03 3 0 QUESTION0_0_R 1 4.090e+02 3.172e+02)
|            ( - 4.938e+03 8 0 QUESTION16 -1 4.709e+02 2.066e+02))
|        ( QUESTION2 -1 1.855e+04 8.361e+02 6.985e+02
|            ( - 6.169e+03 7 0 QUESTION0_8_R 1 4.409e+02 2.518e+02)
|            ( QUESTION2 1 1.154e+04 6.415e+02 4.467e+02
|                ( QUESTION1 -1 6.453e+03 5.095e+02 2.587e+02
|                    ( - 3.178e+03 2 0 QUESTION0_1_R 1 7.247e+01 1.349e+02)
|                    ( - 2.765e+03 2 0 SILENCE -1 1.172e+02 1.238e+02))
|                ( - 4.450e+03 7 0 QUESTION0_10_R 1 4.356e+02 1.880e+02)))))
s>    ( QUESTION2_10_L -1 4.449e+04 1.014e+03 1.623e+03
s>        ( QUESTION0_8_R 1 1.031e+04 7.168e+02 4.005e+02
s>            ( - 4.929e+03 3 0 QUESTION1 -1 4.953e+02 1.995e+02)
s>            ( - 4.665e+03 10 0 QUESTION0_0_R 1 4.253e+02 2.010e+02))
s>        ( QUESTION13 -1 3.316e+04 9.688e+02 1.222e+03
s>            ( QUESTION14 -1 1.364e+04 7.288e+02 5.239e+02
s>                ( - 7.977e+03 3 0 QUESTION0_0_R 1 4.090e+02 3.172e+02)
s>                ( - 4.938e+03 8 0 QUESTION16 -1 4.709e+02 2.066e+02))
s>            ( QUESTION2 -1 1.855e+04 8.361e+02 6.985e+02
s>                ( - 6.169e+03 7 0 QUESTION0_8_R 1 4.409e+02 2.518e+02)
s>                ( QUESTION2 1 1.154e+04 6.415e+02 4.467e+02
s>                    ( QUESTION1 -1 6.453e+03 5.095e+02 2.587e+02
s>                        ( - 3.178e+03 2 0 QUESTION0_1_R 1 7.247e+01 1.349e+02)
s>                        ( - 2.765e+03 2 0 SILENCE -1 1.172e+02 1.238e+02))
s>                    ( - 4.450e+03 7 0 QUESTION0_10_R 1 4.356e+02 1.880e+02)))))INFO: dtree.c(1315): Comp split 0
INFO: dtree.c(1478): Final simple tree
|( QUESTION1 -1 1.722e+04 7.689e+02 6.462e+02
|    ( QUESTION2 1 9.871e+03 6.037e+02 3.809e+02
|        ( QUESTION2 -1 5.335e+03 4.981e+02 2.129e+02
|            ( - 1.659e+03 1 0)
|            ( - 3.178e+03 2 0 QUESTION0_1_R 1 7.247e+01 1.349e+02))
|        ( QUESTION0_10_R 1 3.932e+03 4.113e+02 1.680e+02
|            ( - 1.489e+03 3 0 QUESTION8 -1 1.703e+02 7.300e+01)
|            ( QUESTION0_0_R 1 2.032e+03 2.507e+02 9.500e+01
|                ( - 1.164e+03 1 0)
|                ( - 6.178e+02 1 0))))
|    ( SILENCE -1 6.576e+03 5.530e+02 2.653e+02
|        ( - 2.864e+03 2 0 QUESTION0_0_R 1 1.329e+02 1.288e+02)
|        ( QUESTION2_13_L -1 3.158e+03 3.624e+02 1.365e+02
|            ( - 1.447e+03 1 0)
|            ( - 1.349e+03 3 0 QUESTION11 -1 1.525e+02 6.624e+01))))
s>    ( QUESTION1 -1 1.722e+04 7.689e+02 6.462e+02
s>        ( QUESTION2 1 9.871e+03 6.037e+02 3.809e+02
s>            ( QUESTION2 -1 5.335e+03 4.981e+02 2.129e+02
s>                ( - 1.659e+03 1 0)
s>                ( - 3.178e+03 2 0 QUESTION0_1_R 1 7.247e+01 1.349e+02))
s>            ( QUESTION0_10_R 1 3.932e+03 4.113e+02 1.680e+02
s>                ( - 1.489e+03 3 0 QUESTION8 -1 1.703e+02 7.300e+01)
s>                ( QUESTION0_0_R 1 2.032e+03 2.507e+02 9.500e+01
s>                    ( - 1.164e+03 1 0)
s>                    ( - 6.178e+02 1 0))))
s>        ( SILENCE -1 6.576e+03 5.530e+02 2.653e+02
s>            ( - 2.864e+03 2 0 QUESTION0_0_R 1 1.329e+02 1.288e+02)
s>            ( QUESTION2_13_L -1 3.158e+03 3.624e+02 1.365e+02
s>                ( - 1.447e+03 1 0)
s>                ( - 1.349e+03 3 0 QUESTION11 -1 1.525e+02 6.624e+01))))INFO: dtree.c(1478): Final simple tree
|( QUESTION2_7_L -1 2.616e+04 9.497e+02 9.766e+02
|    ( QUESTION14 -1 1.826e+04 8.148e+02 6.890e+02
|        ( QUESTION0_0_R 1 7.977e+03 4.090e+02 3.172e+02
|            ( - 6.498e+03 2 0)
|            ( - 1.070e+03 1 0))
|        ( QUESTION0 -1 9.472e+03 5.866e+02 3.718e+02
|            ( QUESTION0_8_R 1 6.169e+03 4.409e+02 2.518e+02
|                ( - 4.211e+03 2 0)
|                ( - 1.517e+03 5 0 QUESTION0_0_R 1 2.260e+02 7.302e+01))
|            ( - 2.716e+03 5 0 QUESTION16 -1 3.192e+02 1.200e+02)))
|    ( QUESTION0_1_R 1 6.951e+03 5.846e+02 2.876e+02
|        ( - 2.545e+03 6 0 QUESTION2_11_L -1 3.210e+02 1.170e+02)
|        ( QUESTION0_12_R 1 3.821e+03 4.279e+02 1.706e+02
|            ( - 1.638e+03 5 0 QUESTION2_16_L -1 2.253e+02 7.900e+01)
|            ( - 1.756e+03 2 0 WDBNDRY_B 0 2.218e+02 9.162e+01))))
s>    ( QUESTION2_7_L -1 2.616e+04 9.497e+02 9.766e+02
s>        ( QUESTION14 -1 1.826e+04 8.148e+02 6.890e+02
s>            ( QUESTION0_0_R 1 7.977e+03 4.090e+02 3.172e+02
s>                ( - 6.498e+03 2 0)
s>                ( - 1.070e+03 1 0))
s>            ( QUESTION0 -1 9.472e+03 5.866e+02 3.718e+02
s>                ( QUESTION0_8_R 1 6.169e+03 4.409e+02 2.518e+02
s>                    ( - 4.211e+03 2 0)
s>                    ( - 1.517e+03 5 0 QUESTION0_0_R 1 2.260e+02 7.302e+01))
s>                ( - 2.716e+03 5 0 QUESTION16 -1 3.192e+02 1.200e+02)))
s>        ( QUESTION0_1_R 1 6.951e+03 5.846e+02 2.876e+02
s>            ( - 2.545e+03 6 0 QUESTION2_11_L -1 3.210e+02 1.170e+02)
s>            ( QUESTION0_12_R 1 3.821e+03 4.279e+02 1.706e+02
s>                ( - 1.638e+03 5 0 QUESTION2_16_L -1 2.253e+02 7.900e+01)
s>                ( - 1.756e+03 2 0 WDBNDRY_B 0 2.218e+02 9.162e+01))))INFO: dtree.c(1315): Comp split 1
INFO: dtree.c(1439): stop. leaf nodes are specific
INFO: dtree.c(1478): Final simple tree
|( QUESTION14 -1 1.526e+04 7.176e+02 5.876e+02
|    ( QUESTION0_0_R 1 7.977e+03 4.090e+02 3.172e+02
|        ( - 6.498e+03 2 0)
|        ( - 1.070e+03 1 0))
|    ( QUESTION1 -1 6.566e+03 5.992e+02 2.704e+02
|        ( - 4.211e+03 2 0)
|        ( WDBNDRY_B 0 1.756e+03 2.218e+02 9.162e+01
|            ( - 3.560e+02 1 0)
|            ( - 1.178e+03 1 0))))
s>    ( QUESTION14 -1 1.526e+04 7.176e+02 5.876e+02
s>        ( QUESTION0_0_R 1 7.977e+03 4.090e+02 3.172e+02
s>            ( - 6.498e+03 2 0)
s>            ( - 1.070e+03 1 0))
s>        ( QUESTION1 -1 6.566e+03 5.992e+02 2.704e+02
s>            ( - 4.211e+03 2 0)
s>            ( WDBNDRY_B 0 1.756e+03 2.218e+02 9.162e+01
s>                ( - 3.560e+02 1 0)
s>                ( - 1.178e+03 1 0))))INFO: dtree.c(1478): Final simple tree
|( QUESTION2_10_L -1 9.924e+03 6.879e+02 3.890e+02
|    ( QUESTION11 -1 3.074e+03 3.599e+02 1.370e+02
|        ( QUESTION2_11_L -1 1.656e+03 2.178e+02 8.000e+01
|            ( - 9.147e+02 3 0 QUESTION0_0_R 1 1.426e+02 5.000e+01)
|            ( - 5.235e+02 2 0 WDBNDRY_B 0 1.026e+02 3.000e+01))
|        ( - 1.058e+03 4 0 WDBNDRY_B 0 1.548e+02 5.700e+01))
|    ( QUESTION0_0_R 1 6.162e+03 5.166e+02 2.520e+02
|        ( WDBNDRY_B 0 3.014e+03 3.259e+02 1.330e+02
|            ( QUESTION16 -1 1.760e+03 2.303e+02 8.300e+01
|                ( - 9.229e+02 2 0)
|                ( - 6.069e+02 3 0 QUESTION0_1_R 1 1.042e+02 3.500e+01))
|            ( - 9.279e+02 2 0 QUESTION0 -1 1.056e+02 5.000e+01))
|        ( QUESTION0 -1 2.632e+03 2.961e+02 1.190e+02
|            ( - 9.294e+02 2 0)
|            ( - 1.406e+03 3 0 QUESTION16 -1 1.968e+02 6.900e+01))))
s>    ( QUESTION2_10_L -1 9.924e+03 6.879e+02 3.890e+02
s>        ( QUESTION11 -1 3.074e+03 3.599e+02 1.370e+02
s>            ( QUESTION2_11_L -1 1.656e+03 2.178e+02 8.000e+01
s>                ( - 9.147e+02 3 0 QUESTION0_0_R 1 1.426e+02 5.000e+01)
s>                ( - 5.235e+02 2 0 WDBNDRY_B 0 1.026e+02 3.000e+01))
s>            ( - 1.058e+03 4 0 WDBNDRY_B 0 1.548e+02 5.700e+01))
s>        ( QUESTION0_0_R 1 6.162e+03 5.166e+02 2.520e+02
s>            ( WDBNDRY_B 0 3.014e+03 3.259e+02 1.330e+02
s>                ( QUESTION16 -1 1.760e+03 2.303e+02 8.300e+01
s>                    ( - 9.229e+02 2 0)
s>                    ( - 6.069e+02 3 0 QUESTION0_1_R 1 1.042e+02 3.500e+01))
s>                ( - 9.279e+02 2 0 QUESTION0 -1 1.056e+02 5.000e+01))
s>            ( QUESTION0 -1 2.632e+03 2.961e+02 1.190e+02
s>                ( - 9.294e+02 2 0)
s>                ( - 1.406e+03 3 0 QUESTION16 -1 1.968e+02 6.900e+01))))INFO: dtree.c(1315): Comp split 2
INFO: dtree.c(1439): stop. leaf nodes are specific
INFO: dtree.c(1478): Final simple tree
|( QUESTION1 -1 7.885e+03 6.152e+02 3.095e+02
|    ( WDBNDRY_B 0 4.111e+03 4.200e+02 1.730e+02
|        ( - 1.659e+03 1 0)
|        ( QUESTION0_0_R 1 2.032e+03 2.507e+02 9.500e+01
|            ( - 1.164e+03 1 0)
|            ( - 6.178e+02 1 0)))
|    ( QUESTION2_13_L -1 3.158e+03 3.624e+02 1.365e+02
|        ( - 1.447e+03 1 0)
|        ( QUESTION11 -1 1.349e+03 1.525e+02 6.624e+01
|            ( - 9.975e+02 1 0)
|            ( QUESTION0_0_R 1 1.988e+02 5.582e+01 1.500e+01
|                ( - 6.957e+01 1 0)
|                ( - 7.343e+01 1 0)))))
s>    ( QUESTION1 -1 7.885e+03 6.152e+02 3.095e+02
s>        ( WDBNDRY_B 0 4.111e+03 4.200e+02 1.730e+02
s>            ( - 1.659e+03 1 0)
s>            ( QUESTION0_0_R 1 2.032e+03 2.507e+02 9.500e+01
s>                ( - 1.164e+03 1 0)
s>                ( - 6.178e+02 1 0)))
s>        ( QUESTION2_13_L -1 3.158e+03 3.624e+02 1.365e+02
s>            ( - 1.447e+03 1 0)
s>            ( QUESTION11 -1 1.349e+03 1.525e+02 6.624e+01
s>                ( - 9.975e+02 1 0)
s>                ( QUESTION0_0_R 1 1.988e+02 5.582e+01 1.500e+01
s>                    ( - 6.957e+01 1 0)
s>                    ( - 7.343e+01 1 0)))))INFO: dtree.c(1439): stop. leaf nodes are specific
INFO: dtree.c(1478): Final simple tree
|( SILENCE -1 8.518e+03 5.518e+02 3.367e+02
|    ( QUESTION0_0_R 1 2.864e+03 1.329e+02 1.288e+02
|        ( - 2.578e+03 1 0)
|        ( - 1.533e+02 1 0))
|    ( QUESTION0_0_R 1 5.102e+03 4.353e+02 2.079e+02
|        ( QUESTION0_1_R 1 3.178e+03 7.247e+01 1.349e+02
|            ( - 3.057e+01 1 0)
|            ( - 3.075e+03 1 0))
|        ( QUESTION8 -1 1.489e+03 1.703e+02 7.300e+01
|            ( - 2.074e+02 1 0)
|            ( WDBNDRY_B 0 1.111e+03 1.114e+02 5.700e+01
|                ( - 8.786e+02 1 0)
|                ( - 1.208e+02 1 0)))))
s>    ( SILENCE -1 8.518e+03 5.518e+02 3.367e+02
s>        ( QUESTION0_0_R 1 2.864e+03 1.329e+02 1.288e+02
s>            ( - 2.578e+03 1 0)
s>            ( - 1.533e+02 1 0))
s>        ( QUESTION0_0_R 1 5.102e+03 4.353e+02 2.079e+02
s>            ( QUESTION0_1_R 1 3.178e+03 7.247e+01 1.349e+02
s>                ( - 3.057e+01 1 0)
s>                ( - 3.075e+03 1 0))
s>            ( QUESTION8 -1 1.489e+03 1.703e+02 7.300e+01
s>                ( - 2.074e+02 1 0)
s>                ( WDBNDRY_B 0 1.111e+03 1.114e+02 5.700e+01
s>                    ( - 8.786e+02 1 0)
s>                    ( - 1.208e+02 1 0)))))INFO: dtree.c(1315): Comp split 3
INFO: dtree.c(1439): stop. leaf nodes are specific
INFO: dtree.c(1478): Final simple tree
|( QUESTION14 -1 8.834e+03 5.798e+02 3.519e+02
|    ( - 6.498e+03 2 0)
|    ( WDBNDRY_B 0 1.756e+03 2.218e+02 9.162e+01
|        ( - 3.560e+02 1 0)
|        ( - 1.178e+03 1 0)))
s>    ( QUESTION14 -1 8.834e+03 5.798e+02 3.519e+02
s>        ( - 6.498e+03 2 0)
s>        ( WDBNDRY_B 0 1.756e+03 2.218e+02 9.162e+01
s>            ( - 3.560e+02 1 0)
s>            ( - 1.178e+03 1 0)))INFO: dtree.c(1439): stop. leaf nodes are specific
INFO: dtree.c(1478): Final simple tree
|( QUESTION0_0_R 1 5.685e+03 4.037e+02 2.358e+02
|    ( - 4.211e+03 2 0)
|    ( - 1.070e+03 1 0))
s>    ( QUESTION0_0_R 1 5.685e+03 4.037e+02 2.358e+02
s>        ( - 4.211e+03 2 0)
s>        ( - 1.070e+03 1 0))INFO: dtree.c(1315): Comp split 4
INFO: dtree.c(1478): Final simple tree
|( QUESTION17 -1 4.822e+03 4.504e+02 2.020e+02
|    ( QUESTION0_0_R 1 2.236e+03 2.601e+02 1.030e+02
|        ( WDBNDRY_B 0 1.215e+03 1.783e+02 6.200e+01
|            ( - 3.098e+02 1 0)
|            ( - 7.273e+02 1 0))
|        ( - 7.609e+02 1 0))
|    ( QUESTION0_8_R 1 2.135e+03 2.550e+02 9.900e+01
|        ( - 9.229e+02 2 0)
|        ( QUESTION0_0_R 1 9.574e+02 1.473e+02 5.100e+01
|            ( WDBNDRY_B 0 3.619e+02 7.389e+01 2.300e+01
|                ( - 1.929e+02 2 0)
|                ( - 9.505e+01 1 0))
|            ( QUESTION2_0_L -1 4.482e+02 9.491e+01 2.800e+01
|                ( - 2.492e+02 1 0)
|                ( - 1.041e+02 1 0)))))
s>    ( QUESTION17 -1 4.822e+03 4.504e+02 2.020e+02
s>        ( QUESTION0_0_R 1 2.236e+03 2.601e+02 1.030e+02
s>            ( WDBNDRY_B 0 1.215e+03 1.783e+02 6.200e+01
s>                ( - 3.098e+02 1 0)
s>                ( - 7.273e+02 1 0))
s>            ( - 7.609e+02 1 0))
s>        ( QUESTION0_8_R 1 2.135e+03 2.550e+02 9.900e+01
s>            ( - 9.229e+02 2 0)
s>            ( QUESTION0_0_R 1 9.574e+02 1.473e+02 5.100e+01
s>                ( WDBNDRY_B 0 3.619e+02 7.389e+01 2.300e+01
s>                    ( - 1.929e+02 2 0)
s>                    ( - 9.505e+01 1 0))
s>                ( QUESTION2_0_L -1 4.482e+02 9.491e+01 2.800e+01
s>                    ( - 2.492e+02 1 0)
s>                    ( - 1.041e+02 1 0)))))INFO: dtree.c(1478): Final simple tree
|( QUESTION2_11_L -1 4.398e+03 4.447e+02 1.870e+02
|    ( QUESTION11 -1 1.949e+03 2.775e+02 9.500e+01
|        ( QUESTION0_0_R 1 9.147e+02 1.426e+02 5.000e+01
|            ( - 3.353e+02 2 0 WDBNDRY_B 0 2.083e+01 2.200e+01)
|            ( - 4.368e+02 1 0))
|        ( WDBNDRY_B 0 7.571e+02 4.602e+01 4.500e+01
|            ( - 8.726e+00 2 0 QUESTION0_0_R 1 8.237e+00 2.000e+00)
|            ( - 7.023e+02 1 0)))
|    ( QUESTION3 -1 2.004e+03 2.657e+02 9.202e+01
|        ( - 9.294e+02 2 0)
|        ( QUESTION1 -1 8.092e+02 1.265e+02 4.200e+01
|            ( - 1.592e+02 1 0)
|            ( WDBNDRY_B 0 5.235e+02 1.026e+02 3.000e+01
|                ( - 3.091e+02 1 0)
|                ( - 1.118e+02 1 0)))))
s>    ( QUESTION2_11_L -1 4.398e+03 4.447e+02 1.870e+02
s>        ( QUESTION11 -1 1.949e+03 2.775e+02 9.500e+01
s>            ( QUESTION0_0_R 1 9.147e+02 1.426e+02 5.000e+01
s>                ( - 3.353e+02 2 0 WDBNDRY_B 0 2.083e+01 2.200e+01)
s>                ( - 4.368e+02 1 0))
s>            ( WDBNDRY_B 0 7.571e+02 4.602e+01 4.500e+01
s>                ( - 8.726e+00 2 0 QUESTION0_0_R 1 8.237e+00 2.000e+00)
s>                ( - 7.023e+02 1 0)))
s>        ( QUESTION3 -1 2.004e+03 2.657e+02 9.202e+01
s>            ( - 9.294e+02 2 0)
s>            ( QUESTION1 -1 8.092e+02 1.265e+02 4.200e+01
s>                ( - 1.592e+02 1 0)
s>                ( WDBNDRY_B 0 5.235e+02 1.026e+02 3.000e+01
s>                    ( - 3.091e+02 1 0)
s>                    ( - 1.118e+02 1 0)))))INFO: dtree.c(1315): Comp split 5
INFO: dtree.c(1439): stop. leaf nodes are specific
INFO: dtree.c(1478): Final simple tree
|( QUESTION2_7_L -1 3.135e+03 3.412e+02 1.363e+02
|    ( WDBNDRY_B 0 1.347e+03 1.133e+02 6.600e+01
|        ( - 6.957e+01 1 0)
|        ( - 1.164e+03 1 0))
|    ( - 1.447e+03 1 0))
s>    ( QUESTION2_7_L -1 3.135e+03 3.412e+02 1.363e+02
s>        ( WDBNDRY_B 0 1.347e+03 1.133e+02 6.600e+01
s>            ( - 6.957e+01 1 0)
s>            ( - 1.164e+03 1 0))
s>        ( - 1.447e+03 1 0))INFO: dtree.c(1439): stop. leaf nodes are specific
INFO: dtree.c(1478): Final simple tree
|( QUESTION2 -1 4.129e+03 4.242e+02 1.732e+02
|    ( - 1.659e+03 1 0)
|    ( WDBNDRY_B 0 2.046e+03 2.620e+02 9.524e+01
|        ( QUESTION0_0_R 1 1.166e+03 9.515e+01 5.924e+01
|            ( - 9.975e+02 1 0)
|            ( - 7.343e+01 1 0))
|        ( - 6.178e+02 1 0)))
s>    ( QUESTION2 -1 4.129e+03 4.242e+02 1.732e+02
s>        ( - 1.659e+03 1 0)
s>        ( WDBNDRY_B 0 2.046e+03 2.620e+02 9.524e+01
s>            ( QUESTION0_0_R 1 1.166e+03 9.515e+01 5.924e+01
s>                ( - 9.975e+02 1 0)
s>                ( - 7.343e+01 1 0))
s>            ( - 6.178e+02 1 0)))INFO: dtree.c(1315): Comp split 6
INFO: dtree.c(1439): stop. leaf nodes are specific
INFO: dtree.c(1478): Final simple tree
|( QUESTION0_0_R 1 4.678e+03 3.885e+02 1.919e+02
|    ( QUESTION0_1_R 1 3.178e+03 7.247e+01 1.349e+02
|        ( - 3.057e+01 1 0)
|        ( - 3.075e+03 1 0))
|    ( WDBNDRY_B 0 1.111e+03 1.114e+02 5.700e+01
|        ( - 8.786e+02 1 0)
|        ( - 1.208e+02 1 0)))
s>    ( QUESTION0_0_R 1 4.678e+03 3.885e+02 1.919e+02
s>        ( QUESTION0_1_R 1 3.178e+03 7.247e+01 1.349e+02
s>            ( - 3.057e+01 1 0)
s>            ( - 3.075e+03 1 0))
s>        ( WDBNDRY_B 0 1.111e+03 1.114e+02 5.700e+01
s>            ( - 8.786e+02 1 0)
s>            ( - 1.208e+02 1 0)))INFO: dtree.c(1439): stop. leaf nodes are specific
INFO: dtree.c(1478): Final simple tree
|( QUESTION0_0_R 1 3.260e+03 2.317e+02 1.448e+02
|    ( - 2.578e+03 1 0)
|    ( SILENCE -1 4.504e+02 8.968e+01 2.801e+01
|        ( - 1.533e+02 1 0)
|        ( - 2.074e+02 1 0)))
s>    ( QUESTION0_0_R 1 3.260e+03 2.317e+02 1.448e+02
s>        ( - 2.578e+03 1 0)
s>        ( SILENCE -1 4.504e+02 8.968e+01 2.801e+01
s>            ( - 1.533e+02 1 0)
s>            ( - 2.074e+02 1 0)))INFO: dtree.c(1315): Comp split 7
INFO: dtree.c(1439): stop. leaf nodes are specific
INFO: dtree.c(1478): Final simple tree
|( WDBNDRY_B 0 1.756e+03 2.218e+02 9.162e+01
|    ( - 3.560e+02 1 0)
|    ( - 1.178e+03 1 0))
s>    ( WDBNDRY_B 0 1.756e+03 2.218e+02 9.162e+01
s>        ( - 3.560e+02 1 0)
s>        ( - 1.178e+03 1 0))INFO: dtree.c(1315): Comp split 8
INFO: dtree.c(1439): stop. leaf nodes are specific
INFO: dtree.c(1478): Final simple tree
|( WDBNDRY_B 0 1.912e+03 2.691e+02 9.300e+01
|    ( QUESTION1 -1 7.099e+02 1.140e+02 4.000e+01
|        ( - 1.592e+02 1 0)
|        ( - 4.368e+02 1 0))
|    ( QUESTION11 -1 9.326e+02 1.185e+02 5.300e+01
|        ( - 1.118e+02 1 0)
|        ( - 7.023e+02 1 0)))
s>    ( WDBNDRY_B 0 1.912e+03 2.691e+02 9.300e+01
s>        ( QUESTION1 -1 7.099e+02 1.140e+02 4.000e+01
s>            ( - 1.592e+02 1 0)
s>            ( - 4.368e+02 1 0))
s>        ( QUESTION11 -1 9.326e+02 1.185e+02 5.300e+01
s>            ( - 1.118e+02 1 0)
s>            ( - 7.023e+02 1 0)))INFO: dtree.c(1439): stop. leaf nodes are specific
INFO: dtree.c(1478): Final simple tree
|( QUESTION1 -1 2.003e+03 2.518e+02 9.402e+01
|    ( - 9.294e+02 2 0)
|    ( WDBNDRY_B 0 8.213e+02 1.333e+02 4.400e+01
|        ( QUESTION2_11_L -1 3.735e+02 4.659e+01 2.300e+01
|            ( QUESTION0_0_R 1 1.778e+01 9.288e+00 3.000e+00
|                ( QUESTION11 -1 8.000e+00 8.000e+00 2.000e+00
|                    ( - 0.000e+00 1 0)
|                    ( - 0.000e+00 1 0))
|                ( - 4.888e-01 1 0))
|            ( - 3.091e+02 1 0))
|        ( - 3.145e+02 1 0)))
s>    ( QUESTION1 -1 2.003e+03 2.518e+02 9.402e+01
s>        ( - 9.294e+02 2 0)
s>        ( WDBNDRY_B 0 8.213e+02 1.333e+02 4.400e+01
s>            ( QUESTION2_11_L -1 3.735e+02 4.659e+01 2.300e+01
s>                ( QUESTION0_0_R 1 1.778e+01 9.288e+00 3.000e+00
s>                    ( QUESTION11 -1 8.000e+00 8.000e+00 2.000e+00
s>                        ( - 0.000e+00 1 0)
s>                        ( - 0.000e+00 1 0))
s>                    ( - 4.888e-01 1 0))
s>                ( - 3.091e+02 1 0))
s>            ( - 3.145e+02 1 0)))INFO: dtree.c(1315): Comp split 9
INFO: dtree.c(1439): stop. leaf nodes are specific
INFO: dtree.c(1478): Final simple tree
|( WDBNDRY_B 0 2.162e+03 2.543e+02 1.010e+02
|    ( QUESTION16 -1 9.795e+02 1.146e+02 5.100e+01
|        ( - 1.041e+02 1 0)
|        ( - 7.609e+02 1 0))
|    ( QUESTION0 -1 9.279e+02 1.056e+02 5.000e+01
|        ( - 9.505e+01 1 0)
|        ( - 7.273e+02 1 0)))
s>    ( WDBNDRY_B 0 2.162e+03 2.543e+02 1.010e+02
s>        ( QUESTION16 -1 9.795e+02 1.146e+02 5.100e+01
s>            ( - 1.041e+02 1 0)
s>            ( - 7.609e+02 1 0))
s>        ( QUESTION0 -1 9.279e+02 1.056e+02 5.000e+01
s>            ( - 9.505e+01 1 0)
s>            ( - 7.273e+02 1 0)))INFO: dtree.c(1439): stop. leaf nodes are specific
INFO: dtree.c(1478): Final simple tree
|( QUESTION16 -1 2.194e+03 2.548e+02 1.010e+02
|    ( QUESTION0_0_R 1 1.332e+03 1.604e+02 6.600e+01
|        ( - 9.229e+02 2 0)
|        ( - 2.492e+02 1 0))
|    ( QUESTION0_1_R 1 6.069e+02 1.042e+02 3.500e+01
|        ( - 1.929e+02 2 0)
|        ( - 3.098e+02 1 0)))
s>    ( QUESTION16 -1 2.194e+03 2.548e+02 1.010e+02
s>        ( QUESTION0_0_R 1 1.332e+03 1.604e+02 6.600e+01
s>            ( - 9.229e+02 2 0)
s>            ( - 2.492e+02 1 0))
s>        ( QUESTION0_1_R 1 6.069e+02 1.042e+02 3.500e+01
s>            ( - 1.929e+02 2 0)
s>            ( - 3.098e+02 1 0)))INFO: dtree.c(1315): Comp split 10
INFO: dtree.c(1439): stop. leaf nodes are specific
INFO: dtree.c(1478): Final simple tree
|( WDBNDRY_B 0 2.046e+03 2.620e+02 9.524e+01
|    ( QUESTION0_0_R 1 1.166e+03 9.515e+01 5.924e+01
|        ( - 9.975e+02 1 0)
|        ( - 7.343e+01 1 0))
|    ( - 6.178e+02 1 0))
s>    ( WDBNDRY_B 0 2.046e+03 2.620e+02 9.524e+01
s>        ( QUESTION0_0_R 1 1.166e+03 9.515e+01 5.924e+01
s>            ( - 9.975e+02 1 0)
s>            ( - 7.343e+01 1 0))
s>        ( - 6.178e+02 1 0))INFO: dtree.c(1315): Comp split 11
INFO: dtree.c(1315): Comp split 12
INFO: dtree.c(1439): stop. leaf nodes are specific
INFO: dtree.c(1478): Final simple tree
|( WDBNDRY_B 0 1.111e+03 1.114e+02 5.700e+01
|    ( - 8.786e+02 1 0)
|    ( - 1.208e+02 1 0))
s>    ( WDBNDRY_B 0 1.111e+03 1.114e+02 5.700e+01
s>        ( - 8.786e+02 1 0)
s>        ( - 1.208e+02 1 0))INFO: dtree.c(1439): stop. leaf nodes are specific
INFO: dtree.c(1478): Final simple tree
|( QUESTION0_1_R 1 3.178e+03 7.247e+01 1.349e+02
|    ( - 3.057e+01 1 0)
|    ( - 3.075e+03 1 0))
s>    ( QUESTION0_1_R 1 3.178e+03 7.247e+01 1.349e+02
s>        ( - 3.057e+01 1 0)
s>        ( - 3.075e+03 1 0))INFO: dtree.c(1315): Comp split 13
INFO: dtree.c(1439): stop. leaf nodes are specific
INFO: dtree.c(1478): Final simple tree
|( WDBNDRY_B 0 1.347e+03 1.133e+02 6.600e+01
|    ( - 6.957e+01 1 0)
|    ( - 1.164e+03 1 0))
s>    ( WDBNDRY_B 0 1.347e+03 1.133e+02 6.600e+01
s>        ( - 6.957e+01 1 0)
s>        ( - 1.164e+03 1 0))INFO: dtree.c(1315): Comp split 14
INFO: dtree.c(1439): stop. leaf nodes are specific
INFO: dtree.c(1478): Final simple tree
|( QUESTION11 -1 9.326e+02 1.185e+02 5.300e+01
|    ( - 1.118e+02 1 0)
|    ( - 7.023e+02 1 0))
s>    ( QUESTION11 -1 9.326e+02 1.185e+02 5.300e+01
s>        ( - 1.118e+02 1 0)
s>        ( - 7.023e+02 1 0))INFO: dtree.c(1439): stop. leaf nodes are specific
INFO: dtree.c(1478): Final simple tree
|( QUESTION1 -1 7.099e+02 1.140e+02 4.000e+01
|    ( - 1.592e+02 1 0)
|    ( - 4.368e+02 1 0))
s>    ( QUESTION1 -1 7.099e+02 1.140e+02 4.000e+01
s>        ( - 1.592e+02 1 0)
s>        ( - 4.368e+02 1 0))INFO: dtree.c(1315): Comp split 15
INFO: dtree.c(1439): stop. leaf nodes are specific
INFO: dtree.c(1478): Final simple tree
|( QUESTION0_8_R 1 1.008e+03 1.589e+02 5.300e+01
|    ( - 3.098e+02 1 0)
|    ( QUESTION0_0_R 1 5.390e+02 9.685e+01 3.200e+01
|        ( - 1.929e+02 2 0)
|        ( - 2.492e+02 1 0)))
s>    ( QUESTION0_8_R 1 1.008e+03 1.589e+02 5.300e+01
s>        ( - 3.098e+02 1 0)
s>        ( QUESTION0_0_R 1 5.390e+02 9.685e+01 3.200e+01
s>            ( - 1.929e+02 2 0)
s>            ( - 2.492e+02 1 0)))INFO: dtree.c(1315): Comp split 16
INFO: dtree.c(1439): stop. leaf nodes are specific
INFO: dtree.c(1478): Final simple tree
|( QUESTION0_0_R 1 1.166e+03 9.515e+01 5.924e+01
|    ( - 9.975e+02 1 0)
|    ( - 7.343e+01 1 0))
s>    ( QUESTION0_0_R 1 1.166e+03 9.515e+01 5.924e+01
s>        ( - 9.975e+02 1 0)
s>        ( - 7.343e+01 1 0))INFO: dtree.c(1315): Comp split 17
INFO: dtree.c(1439): stop. leaf nodes are specific
INFO: dtree.c(1478): Final simple tree
|( QUESTION0 -1 9.279e+02 1.056e+02 5.000e+01
|    ( - 9.505e+01 1 0)
|    ( - 7.273e+02 1 0))
s>    ( QUESTION0 -1 9.279e+02 1.056e+02 5.000e+01
s>        ( - 9.505e+01 1 0)
s>        ( - 7.273e+02 1 0))INFO: dtree.c(1439): stop. leaf nodes are specific
INFO: dtree.c(1478): Final simple tree
|( QUESTION16 -1 9.795e+02 1.146e+02 5.100e+01
|    ( - 1.041e+02 1 0)
|    ( - 7.609e+02 1 0))
s>    ( QUESTION16 -1 9.795e+02 1.146e+02 5.100e+01
s>        ( - 1.041e+02 1 0)
s>        ( - 7.609e+02 1 0))INFO: dtree.c(1315): Comp split 18
INFO: dtree.c(1439): stop. leaf nodes are specific
INFO: dtree.c(1478): Final simple tree
|( WDBNDRY_B 0 8.213e+02 1.333e+02 4.400e+01
|    ( QUESTION2_11_L -1 3.735e+02 4.659e+01 2.300e+01
|        ( QUESTION0_0_R 1 1.778e+01 9.288e+00 3.000e+00
|            ( QUESTION11 -1 8.000e+00 8.000e+00 2.000e+00
|                ( - 0.000e+00 1 0)
|                ( - 0.000e+00 1 0))
|            ( - 4.888e-01 1 0))
|        ( - 3.091e+02 1 0))
|    ( - 3.145e+02 1 0))
s>    ( WDBNDRY_B 0 8.213e+02 1.333e+02 4.400e+01
s>        ( QUESTION2_11_L -1 3.735e+02 4.659e+01 2.300e+01
s>            ( QUESTION0_0_R 1 1.778e+01 9.288e+00 3.000e+00
s>                ( QUESTION11 -1 8.000e+00 8.000e+00 2.000e+00
s>                    ( - 0.000e+00 1 0)
s>                    ( - 0.000e+00 1 0))
s>                ( - 4.888e-01 1 0))
s>            ( - 3.091e+02 1 0))
s>        ( - 3.145e+02 1 0))INFO: dtree.c(1315): Comp split 19
INFO: dtree.c(1439): stop. leaf nodes are specific
INFO: dtree.c(1478): Final simple tree
|( SILENCE -1 4.504e+02 8.968e+01 2.801e+01
|    ( - 1.533e+02 1 0)
|    ( - 2.074e+02 1 0))
s>    ( SILENCE -1 4.504e+02 8.968e+01 2.801e+01
s>        ( - 1.533e+02 1 0)
s>        ( - 2.074e+02 1 0))INFO: dtree.c(1315): Comp split 20
INFO: dtree.c(1315): Comp split 21
INFO: dtree.c(1439): stop. leaf nodes are specific
INFO: dtree.c(1478): Final simple tree
|( QUESTION0_0_R 1 5.390e+02 9.685e+01 3.200e+01
|    ( - 1.929e+02 2 0)
|    ( - 2.492e+02 1 0))
s>    ( QUESTION0_0_R 1 5.390e+02 9.685e+01 3.200e+01
s>        ( - 1.929e+02 2 0)
s>        ( - 2.492e+02 1 0))INFO: dtree.c(1315): Comp split 22
INFO: dtree.c(1439): stop. leaf nodes are specific
INFO: dtree.c(1478): Final simple tree
|( QUESTION0_0_R 1 3.300e+02 2.081e+01 2.100e+01
|    ( - 0.000e+00 1 0)
|    ( - 3.091e+02 1 0))
s>    ( QUESTION0_0_R 1 3.300e+02 2.081e+01 2.100e+01
s>        ( - 0.000e+00 1 0)
s>        ( - 3.091e+02 1 0))INFO: dtree.c(1439): stop. leaf nodes are specific
INFO: dtree.c(1478): Final simple tree
|( WDBNDRY_B 0 3.572e+02 3.613e+01 2.300e+01
|    ( QUESTION0_0_R 1 6.595e+00 6.106e+00 2.000e+00
|        ( - 0.000e+00 1 0)
|        ( - 4.888e-01 1 0))
|    ( - 3.145e+02 1 0))
s>    ( WDBNDRY_B 0 3.572e+02 3.613e+01 2.300e+01
s>        ( QUESTION0_0_R 1 6.595e+00 6.106e+00 2.000e+00
s>            ( - 0.000e+00 1 0)
s>            ( - 4.888e-01 1 0))
s>        ( - 3.145e+02 1 0))INFO: dtree.c(1315): Comp split 23
INFO: dtree.c(1315): Comp split 24
INFO: dtree.c(1315): Comp split 25
INFO: dtree.c(1315): Comp split 26
INFO: dtree.c(1315): Comp split 27
INFO: dtree.c(1315): Comp split 28
INFO: dtree.c(1315): Comp split 29
INFO: dtree.c(1315): Comp split 30
INFO: dtree.c(1315): Comp split 31
INFO: dtree.c(1315): Comp split 32
INFO: dtree.c(1315): Comp split 33
INFO: dtree.c(1439): stop. leaf nodes are specific
INFO: dtree.c(1478): Final simple tree
|( QUESTION0_0_R 1 6.595e+00 6.106e+00 2.000e+00
|    ( - 0.000e+00 1 0)
|    ( - 4.888e-01 1 0))
s>    ( QUESTION0_0_R 1 6.595e+00 6.106e+00 2.000e+00
s>        ( - 0.000e+00 1 0)
s>        ( - 4.888e-01 1 0))INFO: dtree.c(1315): Comp split 34
INFO: dtree.c(1315): Comp split 35
INFO: dtree.c(1315): Comp split 36
INFO: dtree.c(1318): stop. leaf nodes are specific
Fri Nov  2 10:07:53 2018
