Current configuration:
[NAME]		[DEFLT]	[VALUE]
-allphones	no	no
-cntthresh	0.00001	1.000000e-05
-csplitmax	100	2000
-csplitmin	1	1
-csplitthr	8e-4	0.000000e+00
-example	no	no
-fullvar	no	no
-help		no	no
-meanfn			
-mixwfn			/home/sdv/Documents/SDV/SDVoice/an4/model_parameters/an4.cd_semi_untied/mixture_weights
-moddeffn		/home/sdv/Documents/SDV/SDVoice/an4/model_architecture/an4.untied.mdef
-mwfloor	1e-4	1.000000e-08
-phone			F
-psetfn			/home/sdv/Documents/SDV/SDVoice/an4/model_architecture/an4.tree_questions
-ssplitmax	5	7
-ssplitmin	1	1
-ssplitthr	8e-4	0.000000e+00
-state			2
-stwt			1.0,0.05,0.0,
-treefn			/home/sdv/Documents/SDV/SDVoice/an4/trees/an4.unpruned/F-2.dtree
-ts2cbfn	.semi.	.semi.
-varfloor	0.00001	1.000000e-05
-varfn			

INFO: main.c(223): Reading: /home/sdv/Documents/SDV/SDVoice/an4/model_architecture/an4.untied.mdef
INFO: model_def_io.c(573): Model definition info:
INFO: model_def_io.c(574): 1618 total models defined (34 base, 1584 tri)
INFO: model_def_io.c(575): 6472 total states
INFO: model_def_io.c(576): 4854 total tied states
INFO: model_def_io.c(577): 102 total tied CI states
INFO: model_def_io.c(578): 34 total tied transition matrices
INFO: model_def_io.c(579): 4 max state/model
INFO: model_def_io.c(580): 4 min state/model
INFO: main.c(242): Building trees for [F AE SIL e] through [F V IH b]
INFO: main.c(269): Covering states |[1536 1739]| == 204
INFO: main.c(275): Reading: /home/sdv/Documents/SDV/SDVoice/an4/model_parameters/an4.cd_semi_untied/mixture_weights
INFO: s3mixw_io.c(173): Read /home/sdv/Documents/SDV/SDVoice/an4/model_parameters/an4.cd_semi_untied/mixture_weights [204x4x256 array]
INFO: main.c(311): 68 of 68 models have observation count greater than 0.000010
INFO: main.c(95): nrm stwt: 0.000 0.048 0.952 
INFO: main.c(411): 68-class entropy: 3.294192e+04
INFO: main.c(549): Reading: /home/sdv/Documents/SDV/SDVoice/an4/model_architecture/an4.tree_questions
INFO: main.c(588): 176 total simple questions (168 phone; 8 word bndry)
INFO: main.c(590): 42 Left Only questions, and 42 Right Only questions
INFO: dtree.c(1478): Final simple tree
|( QUESTION0_6_R 1 4.725e+04 3.392e+03 1.919e+03
|    ( QUESTION1 -1 2.500e+04 6.934e+02 1.146e+03
|        ( - 1.287e+04 4 0 QUESTION3 -1 4.145e+02 6.212e+02)
|        ( QUESTION14 -1 1.143e+04 5.085e+02 5.251e+02
|            ( - 3.777e+03 2 0)
|            ( QUESTION17 -1 7.148e+03 4.231e+02 3.365e+02
|                ( - 1.579e+03 2 0 WDBNDRY_B 0 2.010e+02 8.408e+01)
|                ( - 5.146e+03 6 0 QUESTION2_6_L -1 3.090e+02 2.524e+02))))
|    ( WDBNDRY_B 0 1.887e+04 1.256e+03 7.724e+02
|        ( QUESTION0_0_R 1 1.037e+04 5.544e+02 4.855e+02
|            ( - 8.318e+03 15 0 QUESTION0 -1 3.693e+02 4.107e+02)
|            ( - 1.494e+03 16 0 QUESTION13 -1 1.665e+02 7.480e+01))
|        ( QUESTION0_17_R 1 7.243e+03 5.630e+02 2.869e+02
|            ( - 2.843e+03 3 0 WDBNDRY_E 0 2.670e+02 1.309e+02)
|            ( - 3.837e+03 20 0 QUESTION15 1 3.594e+02 1.560e+02))))
s>    ( QUESTION0_6_R 1 4.725e+04 3.392e+03 1.919e+03
s>        ( QUESTION1 -1 2.500e+04 6.934e+02 1.146e+03
s>            ( - 1.287e+04 4 0 QUESTION3 -1 4.145e+02 6.212e+02)
s>            ( QUESTION14 -1 1.143e+04 5.085e+02 5.251e+02
s>                ( - 3.777e+03 2 0)
s>                ( QUESTION17 -1 7.148e+03 4.231e+02 3.365e+02
s>                    ( - 1.579e+03 2 0 WDBNDRY_B 0 2.010e+02 8.408e+01)
s>                    ( - 5.146e+03 6 0 QUESTION2_6_L -1 3.090e+02 2.524e+02))))
s>        ( WDBNDRY_B 0 1.887e+04 1.256e+03 7.724e+02
s>            ( QUESTION0_0_R 1 1.037e+04 5.544e+02 4.855e+02
s>                ( - 8.318e+03 15 0 QUESTION0 -1 3.693e+02 4.107e+02)
s>                ( - 1.494e+03 16 0 QUESTION13 -1 1.665e+02 7.480e+01))
s>            ( QUESTION0_17_R 1 7.243e+03 5.630e+02 2.869e+02
s>                ( - 2.843e+03 3 0 WDBNDRY_E 0 2.670e+02 1.309e+02)
s>                ( - 3.837e+03 20 0 QUESTION15 1 3.594e+02 1.560e+02))))INFO: dtree.c(1315): Comp split 0
INFO: dtree.c(1478): Final simple tree
|( WDBNDRY_B 0 1.887e+04 1.256e+03 7.724e+02
|    ( QUESTION0_0_R 1 1.037e+04 5.544e+02 4.855e+02
|        ( QUESTION0 -1 8.318e+03 3.693e+02 4.107e+02
|            ( QUESTION2_7_L -1 4.531e+03 3.075e+02 2.248e+02
|                ( - 2.710e+03 5 0 QUESTION2 -1 2.213e+02 1.450e+02)
|                ( - 1.514e+03 4 0 QUESTION12 -1 1.935e+02 7.976e+01))
|            ( - 3.418e+03 6 0 QUESTION14 -1 2.350e+02 1.859e+02))
|        ( - 1.494e+03 16 0 QUESTION13 -1 1.665e+02 7.480e+01))
|    ( QUESTION0_17_R 1 7.243e+03 5.630e+02 2.869e+02
|        ( WDBNDRY_E 0 2.843e+03 2.670e+02 1.309e+02
|            ( - 8.089e+02 2 0 QUESTION0_18_R 1 1.171e+02 4.362e+01)
|            ( - 1.767e+03 1 0))
|        ( QUESTION15 1 3.837e+03 3.594e+02 1.560e+02
|            ( - 1.561e+03 5 0 QUESTION0_1_R 1 1.920e+02 7.200e+01)
|            ( - 1.916e+03 15 0 QUESTION0 1 2.599e+02 8.400e+01))))
s>    ( WDBNDRY_B 0 1.887e+04 1.256e+03 7.724e+02
s>        ( QUESTION0_0_R 1 1.037e+04 5.544e+02 4.855e+02
s>            ( QUESTION0 -1 8.318e+03 3.693e+02 4.107e+02
s>                ( QUESTION2_7_L -1 4.531e+03 3.075e+02 2.248e+02
s>                    ( - 2.710e+03 5 0 QUESTION2 -1 2.213e+02 1.450e+02)
s>                    ( - 1.514e+03 4 0 QUESTION12 -1 1.935e+02 7.976e+01))
s>                ( - 3.418e+03 6 0 QUESTION14 -1 2.350e+02 1.859e+02))
s>            ( - 1.494e+03 16 0 QUESTION13 -1 1.665e+02 7.480e+01))
s>        ( QUESTION0_17_R 1 7.243e+03 5.630e+02 2.869e+02
s>            ( WDBNDRY_E 0 2.843e+03 2.670e+02 1.309e+02
s>                ( - 8.089e+02 2 0 QUESTION0_18_R 1 1.171e+02 4.362e+01)
s>                ( - 1.767e+03 1 0))
s>            ( QUESTION15 1 3.837e+03 3.594e+02 1.560e+02
s>                ( - 1.561e+03 5 0 QUESTION0_1_R 1 1.920e+02 7.200e+01)
s>                ( - 1.916e+03 15 0 QUESTION0 1 2.599e+02 8.400e+01))))INFO: dtree.c(1478): Final simple tree
|( QUESTION1 -1 2.500e+04 6.934e+02 1.146e+03
|    ( QUESTION3 -1 1.287e+04 4.145e+02 6.212e+02
|        ( - 2.549e+03 2 0)
|        ( QUESTION2 -1 9.907e+03 2.081e+02 4.829e+02
|            ( - 5.370e+02 1 0)
|            ( - 9.162e+03 1 0)))
|    ( QUESTION14 -1 1.143e+04 5.085e+02 5.251e+02
|        ( - 3.777e+03 2 0)
|        ( QUESTION17 -1 7.148e+03 4.231e+02 3.365e+02
|            ( - 1.579e+03 2 0 WDBNDRY_B 0 2.010e+02 8.408e+01)
|            ( QUESTION2_6_L -1 5.146e+03 3.090e+02 2.524e+02
|                ( QUESTION12 -1 2.878e+03 2.393e+02 1.491e+02
|                    ( - 9.158e+02 1 0)
|                    ( - 1.723e+03 3 0 QUESTION0 -1 1.764e+02 9.307e+01))
|                ( - 1.959e+03 2 0 SILENCE -1 1.094e+02 1.033e+02)))))
s>    ( QUESTION1 -1 2.500e+04 6.934e+02 1.146e+03
s>        ( QUESTION3 -1 1.287e+04 4.145e+02 6.212e+02
s>            ( - 2.549e+03 2 0)
s>            ( QUESTION2 -1 9.907e+03 2.081e+02 4.829e+02
s>                ( - 5.370e+02 1 0)
s>                ( - 9.162e+03 1 0)))
s>        ( QUESTION14 -1 1.143e+04 5.085e+02 5.251e+02
s>            ( - 3.777e+03 2 0)
s>            ( QUESTION17 -1 7.148e+03 4.231e+02 3.365e+02
s>                ( - 1.579e+03 2 0 WDBNDRY_B 0 2.010e+02 8.408e+01)
s>                ( QUESTION2_6_L -1 5.146e+03 3.090e+02 2.524e+02
s>                    ( QUESTION12 -1 2.878e+03 2.393e+02 1.491e+02
s>                        ( - 9.158e+02 1 0)
s>                        ( - 1.723e+03 3 0 QUESTION0 -1 1.764e+02 9.307e+01))
s>                    ( - 1.959e+03 2 0 SILENCE -1 1.094e+02 1.033e+02)))))INFO: dtree.c(1315): Comp split 1
INFO: dtree.c(1478): Final simple tree
|( QUESTION0 -1 8.318e+03 3.693e+02 4.107e+02
|    ( QUESTION2_7_L -1 4.531e+03 3.075e+02 2.248e+02
|        ( QUESTION2 -1 2.710e+03 2.213e+02 1.450e+02
|            ( - 1.457e+03 2 0)
|            ( - 1.032e+03 3 0 QUESTION8 -1 3.669e+01 6.172e+01))
|        ( QUESTION12 -1 1.514e+03 1.935e+02 7.976e+01
|            ( - 6.142e+02 1 0)
|            ( QUESTION1 -1 7.062e+02 1.132e+02 4.195e+01
|                ( - 2.177e+02 2 0 QUESTION5 -1 2.249e+01 1.695e+01)
|                ( - 3.753e+02 1 0))))
|    ( QUESTION14 -1 3.418e+03 2.350e+02 1.859e+02
|        ( - 1.330e+03 2 0)
|        ( SILENCE -1 1.853e+03 1.525e+02 1.045e+02
|            ( - 1.160e+03 1 0)
|            ( - 5.405e+02 3 0 QUESTION16 -1 8.514e+01 3.354e+01))))
s>    ( QUESTION0 -1 8.318e+03 3.693e+02 4.107e+02
s>        ( QUESTION2_7_L -1 4.531e+03 3.075e+02 2.248e+02
s>            ( QUESTION2 -1 2.710e+03 2.213e+02 1.450e+02
s>                ( - 1.457e+03 2 0)
s>                ( - 1.032e+03 3 0 QUESTION8 -1 3.669e+01 6.172e+01))
s>            ( QUESTION12 -1 1.514e+03 1.935e+02 7.976e+01
s>                ( - 6.142e+02 1 0)
s>                ( QUESTION1 -1 7.062e+02 1.132e+02 4.195e+01
s>                    ( - 2.177e+02 2 0 QUESTION5 -1 2.249e+01 1.695e+01)
s>                    ( - 3.753e+02 1 0))))
s>        ( QUESTION14 -1 3.418e+03 2.350e+02 1.859e+02
s>            ( - 1.330e+03 2 0)
s>            ( SILENCE -1 1.853e+03 1.525e+02 1.045e+02
s>                ( - 1.160e+03 1 0)
s>                ( - 5.405e+02 3 0 QUESTION16 -1 8.514e+01 3.354e+01))))INFO: dtree.c(1478): Final simple tree
|( QUESTION13 1 9.291e+03 6.851e+02 3.617e+02
|    ( WDBNDRY_E 0 4.411e+03 4.148e+02 1.818e+02
|        ( QUESTION14 1 2.482e+03 2.744e+02 1.060e+02
|            ( - 6.463e+02 2 0 QUESTION0_0_R 1 1.091e+02 3.400e+01)
|            ( QUESTION0_1_R 1 1.561e+03 1.920e+02 7.200e+01
|                ( - 6.897e+02 2 0)
|                ( - 6.798e+02 3 0 QUESTION0_13_R 1 1.059e+02 3.500e+01)))
|        ( QUESTION0 -1 1.514e+03 1.672e+02 7.580e+01
|            ( - 7.103e+02 8 0 QUESTION7 -1 1.011e+02 4.080e+01)
|            ( - 6.363e+02 9 0 QUESTION17 -1 9.904e+01 3.500e+01)))
|    ( QUESTION19 -1 4.195e+03 4.101e+02 1.799e+02
|        ( - 1.863e+03 2 0 QUESTION0_10_R 1 6.761e+01 9.126e+01)
|        ( QUESTION0_16_R 1 1.922e+03 2.212e+02 8.862e+01
|            ( - 1.012e+03 3 0 QUESTION0_18_R 1 1.249e+02 5.162e+01)
|            ( - 6.882e+02 10 0 QUESTION0_20_R 1 1.124e+02 3.700e+01))))
s>    ( QUESTION13 1 9.291e+03 6.851e+02 3.617e+02
s>        ( WDBNDRY_E 0 4.411e+03 4.148e+02 1.818e+02
s>            ( QUESTION14 1 2.482e+03 2.744e+02 1.060e+02
s>                ( - 6.463e+02 2 0 QUESTION0_0_R 1 1.091e+02 3.400e+01)
s>                ( QUESTION0_1_R 1 1.561e+03 1.920e+02 7.200e+01
s>                    ( - 6.897e+02 2 0)
s>                    ( - 6.798e+02 3 0 QUESTION0_13_R 1 1.059e+02 3.500e+01)))
s>            ( QUESTION0 -1 1.514e+03 1.672e+02 7.580e+01
s>                ( - 7.103e+02 8 0 QUESTION7 -1 1.011e+02 4.080e+01)
s>                ( - 6.363e+02 9 0 QUESTION17 -1 9.904e+01 3.500e+01)))
s>        ( QUESTION19 -1 4.195e+03 4.101e+02 1.799e+02
s>            ( - 1.863e+03 2 0 QUESTION0_10_R 1 6.761e+01 9.126e+01)
s>            ( QUESTION0_16_R 1 1.922e+03 2.212e+02 8.862e+01
s>                ( - 1.012e+03 3 0 QUESTION0_18_R 1 1.249e+02 5.162e+01)
s>                ( - 6.882e+02 10 0 QUESTION0_20_R 1 1.124e+02 3.700e+01))))INFO: dtree.c(1315): Comp split 2
INFO: dtree.c(1478): Final simple tree
|( QUESTION14 -1 1.218e+04 5.179e+02 5.607e+02
|    ( - 3.777e+03 2 0)
|    ( QUESTION13 -1 7.889e+03 4.393e+02 3.720e+02
|        ( WDBNDRY_B 0 2.839e+03 2.852e+02 1.392e+02
|            ( QUESTION16 -1 1.614e+03 1.899e+02 8.715e+01
|                ( - 9.856e+02 2 0 QUESTION2_0_L -1 9.909e+01 5.507e+01)
|                ( - 4.383e+02 1 0))
|            ( - 9.399e+02 1 0))
|        ( SILENCE -1 4.611e+03 2.848e+02 2.328e+02
|            ( - 1.730e+03 1 0)
|            ( QUESTION11 -1 2.596e+03 2.182e+02 1.405e+02
|                ( - 7.792e+02 2 0 QUESTION2_11_L -1 8.092e+01 4.899e+01)
|                ( QUESTION1 -1 1.599e+03 1.460e+02 9.156e+01
|                    ( - 5.370e+02 1 0)
|                    ( - 9.158e+02 1 0))))))
s>    ( QUESTION14 -1 1.218e+04 5.179e+02 5.607e+02
s>        ( - 3.777e+03 2 0)
s>        ( QUESTION13 -1 7.889e+03 4.393e+02 3.720e+02
s>            ( WDBNDRY_B 0 2.839e+03 2.852e+02 1.392e+02
s>                ( QUESTION16 -1 1.614e+03 1.899e+02 8.715e+01
s>                    ( - 9.856e+02 2 0 QUESTION2_0_L -1 9.909e+01 5.507e+01)
s>                    ( - 4.383e+02 1 0))
s>                ( - 9.399e+02 1 0))
s>            ( SILENCE -1 4.611e+03 2.848e+02 2.328e+02
s>                ( - 1.730e+03 1 0)
s>                ( QUESTION11 -1 2.596e+03 2.182e+02 1.405e+02
s>                    ( - 7.792e+02 2 0 QUESTION2_11_L -1 8.092e+01 4.899e+01)
s>                    ( QUESTION1 -1 1.599e+03 1.460e+02 9.156e+01
s>                        ( - 5.370e+02 1 0)
s>                        ( - 9.158e+02 1 0))))))INFO: dtree.c(1439): stop. leaf nodes are specific
INFO: dtree.c(1478): Final simple tree
|( QUESTION2 -1 1.212e+04 4.067e+02 5.857e+02
|    ( - 2.549e+03 2 0)
|    ( - 9.162e+03 1 0))
s>    ( QUESTION2 -1 1.212e+04 4.067e+02 5.857e+02
s>        ( - 2.549e+03 2 0)
s>        ( - 9.162e+03 1 0))INFO: dtree.c(1315): Comp split 3
INFO: dtree.c(1478): Final simple tree
|( WDBNDRY_E 0 4.411e+03 4.148e+02 1.818e+02
|    ( QUESTION14 1 2.482e+03 2.744e+02 1.060e+02
|        ( QUESTION0_0_R 1 6.463e+02 1.091e+02 3.400e+01
|            ( - 3.567e+02 1 0)
|            ( - 1.805e+02 1 0))
|        ( QUESTION0_1_R 1 1.561e+03 1.920e+02 7.200e+01
|            ( - 6.897e+02 2 0)
|            ( QUESTION0_13_R 1 6.798e+02 1.059e+02 3.500e+01
|                ( - 4.498e+02 1 0)
|                ( - 1.241e+02 2 0 QUESTION0_0_R 1 3.815e+01 1.000e+01))))
|    ( QUESTION0 -1 1.514e+03 1.672e+02 7.580e+01
|        ( QUESTION7 -1 7.103e+02 1.011e+02 4.080e+01
|            ( - 3.990e+02 3 0 QUESTION0_10_R 1 4.472e+01 2.580e+01)
|            ( - 2.102e+02 5 0 QUESTION3 -1 4.839e+01 1.500e+01))
|        ( - 6.363e+02 9 0 QUESTION17 -1 9.904e+01 3.500e+01)))
s>    ( WDBNDRY_E 0 4.411e+03 4.148e+02 1.818e+02
s>        ( QUESTION14 1 2.482e+03 2.744e+02 1.060e+02
s>            ( QUESTION0_0_R 1 6.463e+02 1.091e+02 3.400e+01
s>                ( - 3.567e+02 1 0)
s>                ( - 1.805e+02 1 0))
s>            ( QUESTION0_1_R 1 1.561e+03 1.920e+02 7.200e+01
s>                ( - 6.897e+02 2 0)
s>                ( QUESTION0_13_R 1 6.798e+02 1.059e+02 3.500e+01
s>                    ( - 4.498e+02 1 0)
s>                    ( - 1.241e+02 2 0 QUESTION0_0_R 1 3.815e+01 1.000e+01))))
s>        ( QUESTION0 -1 1.514e+03 1.672e+02 7.580e+01
s>            ( QUESTION7 -1 7.103e+02 1.011e+02 4.080e+01
s>                ( - 3.990e+02 3 0 QUESTION0_10_R 1 4.472e+01 2.580e+01)
s>                ( - 2.102e+02 5 0 QUESTION3 -1 4.839e+01 1.500e+01))
s>            ( - 6.363e+02 9 0 QUESTION17 -1 9.904e+01 3.500e+01)))INFO: dtree.c(1478): Final simple tree
|( QUESTION19 -1 4.195e+03 4.101e+02 1.799e+02
|    ( QUESTION0_10_R 1 1.863e+03 6.761e+01 9.126e+01
|        ( - 1.767e+03 1 0)
|        ( - 2.892e+01 1 0))
|    ( QUESTION0_16_R 1 1.922e+03 2.212e+02 8.862e+01
|        ( QUESTION0_18_R 1 1.012e+03 1.249e+02 5.162e+01
|            ( - 1.720e+02 1 0)
|            ( QUESTION0_17_R 1 7.154e+02 1.002e+02 3.762e+01
|                ( - 5.199e+02 1 0)
|                ( - 9.539e+01 1 0)))
|        ( QUESTION0_20_R 1 6.882e+02 1.124e+02 3.700e+01
|            ( QUESTION11 1 3.860e+02 6.968e+01 2.400e+01
|                ( - 2.074e+02 3 0)
|                ( - 1.089e+02 2 0 WDBNDRY_E 0 3.165e+01 9.000e+00))
|            ( - 1.898e+02 5 0 QUESTION0_0_R 1 4.342e+01 1.300e+01))))
s>    ( QUESTION19 -1 4.195e+03 4.101e+02 1.799e+02
s>        ( QUESTION0_10_R 1 1.863e+03 6.761e+01 9.126e+01
s>            ( - 1.767e+03 1 0)
s>            ( - 2.892e+01 1 0))
s>        ( QUESTION0_16_R 1 1.922e+03 2.212e+02 8.862e+01
s>            ( QUESTION0_18_R 1 1.012e+03 1.249e+02 5.162e+01
s>                ( - 1.720e+02 1 0)
s>                ( QUESTION0_17_R 1 7.154e+02 1.002e+02 3.762e+01
s>                    ( - 5.199e+02 1 0)
s>                    ( - 9.539e+01 1 0)))
s>            ( QUESTION0_20_R 1 6.882e+02 1.124e+02 3.700e+01
s>                ( QUESTION11 1 3.860e+02 6.968e+01 2.400e+01
s>                    ( - 2.074e+02 3 0)
s>                    ( - 1.089e+02 2 0 WDBNDRY_E 0 3.165e+01 9.000e+00))
s>                ( - 1.898e+02 5 0 QUESTION0_0_R 1 4.342e+01 1.300e+01))))INFO: dtree.c(1315): Comp split 4
INFO: dtree.c(1439): stop. leaf nodes are specific
INFO: dtree.c(1478): Final simple tree
|( QUESTION0 -1 5.874e+03 3.254e+02 2.879e+02
|    ( QUESTION11 -1 2.596e+03 2.182e+02 1.405e+02
|        ( QUESTION2_11_L -1 7.792e+02 8.092e+01 4.899e+01
|            ( - 6.189e+02 1 0)
|            ( - 7.930e+01 1 0))
|        ( QUESTION1 -1 1.599e+03 1.460e+02 9.156e+01
|            ( - 5.370e+02 1 0)
|            ( - 9.158e+02 1 0)))
|    ( SILENCE -1 2.953e+03 2.372e+02 1.474e+02
|        ( - 1.730e+03 1 0)
|        ( QUESTION2_0_L -1 9.856e+02 9.909e+01 5.507e+01
|            ( - 1.191e+02 1 0)
|            ( - 7.674e+02 1 0))))
s>    ( QUESTION0 -1 5.874e+03 3.254e+02 2.879e+02
s>        ( QUESTION11 -1 2.596e+03 2.182e+02 1.405e+02
s>            ( QUESTION2_11_L -1 7.792e+02 8.092e+01 4.899e+01
s>                ( - 6.189e+02 1 0)
s>                ( - 7.930e+01 1 0))
s>            ( QUESTION1 -1 1.599e+03 1.460e+02 9.156e+01
s>                ( - 5.370e+02 1 0)
s>                ( - 9.158e+02 1 0)))
s>        ( SILENCE -1 2.953e+03 2.372e+02 1.474e+02
s>            ( - 1.730e+03 1 0)
s>            ( QUESTION2_0_L -1 9.856e+02 9.909e+01 5.507e+01
s>                ( - 1.191e+02 1 0)
s>                ( - 7.674e+02 1 0))))INFO: dtree.c(1439): stop. leaf nodes are specific
INFO: dtree.c(1478): Final simple tree
|( QUESTION14 -1 5.741e+03 3.846e+02 2.727e+02
|    ( - 3.777e+03 2 0)
|    ( WDBNDRY_B 0 1.579e+03 2.010e+02 8.408e+01
|        ( - 4.383e+02 1 0)
|        ( - 9.399e+02 1 0)))
s>    ( QUESTION14 -1 5.741e+03 3.846e+02 2.727e+02
s>        ( - 3.777e+03 2 0)
s>        ( WDBNDRY_B 0 1.579e+03 2.010e+02 8.408e+01
s>            ( - 4.383e+02 1 0)
s>            ( - 9.399e+02 1 0)))INFO: dtree.c(1315): Comp split 5
INFO: dtree.c(1439): stop. leaf nodes are specific
INFO: dtree.c(1478): Final simple tree
|( QUESTION0_0_R 1 1.889e+03 2.206e+02 8.500e+01
|    ( QUESTION0_1_R 1 8.249e+02 8.226e+01 4.300e+01
|        ( - 6.897e+02 2 0)
|        ( - 5.300e+01 1 0))
|    ( QUESTION0_12_R 1 8.439e+02 1.278e+02 4.200e+01
|        ( QUESTION14 1 2.662e+02 5.280e+01 1.700e+01
|            ( - 1.805e+02 1 0)
|            ( - 3.298e+01 1 0))
|        ( - 4.498e+02 1 0)))
s>    ( QUESTION0_0_R 1 1.889e+03 2.206e+02 8.500e+01
s>        ( QUESTION0_1_R 1 8.249e+02 8.226e+01 4.300e+01
s>            ( - 6.897e+02 2 0)
s>            ( - 5.300e+01 1 0))
s>        ( QUESTION0_12_R 1 8.439e+02 1.278e+02 4.200e+01
s>            ( QUESTION14 1 2.662e+02 5.280e+01 1.700e+01
s>                ( - 1.805e+02 1 0)
s>                ( - 3.298e+01 1 0))
s>            ( - 4.498e+02 1 0)))INFO: dtree.c(1478): Final simple tree
|( QUESTION0_20_R 1 2.076e+03 2.337e+02 9.680e+01
|    ( QUESTION1 -1 1.225e+03 1.466e+02 6.380e+01
|        ( QUESTION2 -1 6.051e+02 8.764e+01 3.580e+01
|            ( - 1.770e+02 4 0 QUESTION3 -1 4.075e+01 1.300e+01)
|            ( - 3.404e+02 2 0 QUESTION8 -1 3.629e+01 2.280e+01))
|        ( QUESTION2_9_L -1 4.733e+02 8.068e+01 2.800e+01
|            ( - 1.286e+02 3 0 QUESTION17 -1 3.183e+01 1.100e+01)
|            ( SILENCE -1 2.640e+02 5.651e+01 1.700e+01
|                ( - 1.075e+02 1 0)
|                ( - 9.994e+01 2 0 QUESTION14 -1 1.703e+01 8.000e+00))))
|    ( WDBNDRY_E 0 6.173e+02 1.050e+02 3.300e+01
|        ( - 3.567e+02 1 0)
|        ( QUESTION2_9_L -1 1.556e+02 4.678e+01 1.200e+01
|            ( - 5.676e+01 2 0 QUESTION0_12_R 1 2.114e+01 6.000e+00)
|            ( - 5.201e+01 3 0 QUESTION0_12_R 1 2.217e+01 6.000e+00))))
s>    ( QUESTION0_20_R 1 2.076e+03 2.337e+02 9.680e+01
s>        ( QUESTION1 -1 1.225e+03 1.466e+02 6.380e+01
s>            ( QUESTION2 -1 6.051e+02 8.764e+01 3.580e+01
s>                ( - 1.770e+02 4 0 QUESTION3 -1 4.075e+01 1.300e+01)
s>                ( - 3.404e+02 2 0 QUESTION8 -1 3.629e+01 2.280e+01))
s>            ( QUESTION2_9_L -1 4.733e+02 8.068e+01 2.800e+01
s>                ( - 1.286e+02 3 0 QUESTION17 -1 3.183e+01 1.100e+01)
s>                ( SILENCE -1 2.640e+02 5.651e+01 1.700e+01
s>                    ( - 1.075e+02 1 0)
s>                    ( - 9.994e+01 2 0 QUESTION14 -1 1.703e+01 8.000e+00))))
s>        ( WDBNDRY_E 0 6.173e+02 1.050e+02 3.300e+01
s>            ( - 3.567e+02 1 0)
s>            ( QUESTION2_9_L -1 1.556e+02 4.678e+01 1.200e+01
s>                ( - 5.676e+01 2 0 QUESTION0_12_R 1 2.114e+01 6.000e+00)
s>                ( - 5.201e+01 3 0 QUESTION0_12_R 1 2.217e+01 6.000e+00))))INFO: dtree.c(1315): Comp split 6
INFO: dtree.c(1478): Final simple tree
|( QUESTION0_16_R 1 1.598e+03 1.942e+02 7.462e+01
|    ( QUESTION0_17_R 1 7.154e+02 1.002e+02 3.762e+01
|        ( - 5.199e+02 1 0)
|        ( - 9.539e+01 1 0))
|    ( QUESTION0_20_R 1 6.882e+02 1.124e+02 3.700e+01
|        ( QUESTION11 1 3.860e+02 6.968e+01 2.400e+01
|            ( - 2.074e+02 3 0)
|            ( WDBNDRY_E 0 1.089e+02 3.165e+01 9.000e+00
|                ( - 2.065e+01 1 0)
|                ( - 5.664e+01 1 0)))
|        ( QUESTION0_0_R 1 1.898e+02 4.342e+01 1.300e+01
|            ( - 5.519e+01 1 0)
|            ( SILENCE 1 9.118e+01 2.776e+01 7.000e+00
|                ( - 1.837e+01 2 0 QUESTION0 -1 9.047e+00 3.000e+00)
|                ( - 4.505e+01 2 0)))))
s>    ( QUESTION0_16_R 1 1.598e+03 1.942e+02 7.462e+01
s>        ( QUESTION0_17_R 1 7.154e+02 1.002e+02 3.762e+01
s>            ( - 5.199e+02 1 0)
s>            ( - 9.539e+01 1 0))
s>        ( QUESTION0_20_R 1 6.882e+02 1.124e+02 3.700e+01
s>            ( QUESTION11 1 3.860e+02 6.968e+01 2.400e+01
s>                ( - 2.074e+02 3 0)
s>                ( WDBNDRY_E 0 1.089e+02 3.165e+01 9.000e+00
s>                    ( - 2.065e+01 1 0)
s>                    ( - 5.664e+01 1 0)))
s>            ( QUESTION0_0_R 1 1.898e+02 4.342e+01 1.300e+01
s>                ( - 5.519e+01 1 0)
s>                ( SILENCE 1 9.118e+01 2.776e+01 7.000e+00
s>                    ( - 1.837e+01 2 0 QUESTION0 -1 9.047e+00 3.000e+00)
s>                    ( - 4.505e+01 2 0)))))INFO: dtree.c(1439): stop. leaf nodes are specific
INFO: dtree.c(1478): Final simple tree
|( WDBNDRY_E 0 2.187e+03 1.512e+02 1.053e+02
|    ( - 1.720e+02 1 0)
|    ( QUESTION0_10_R 1 1.863e+03 6.761e+01 9.126e+01
|        ( - 1.767e+03 1 0)
|        ( - 2.892e+01 1 0)))
s>    ( WDBNDRY_E 0 2.187e+03 1.512e+02 1.053e+02
s>        ( - 1.720e+02 1 0)
s>        ( QUESTION0_10_R 1 1.863e+03 6.761e+01 9.126e+01
s>            ( - 1.767e+03 1 0)
s>            ( - 2.892e+01 1 0)))INFO: dtree.c(1315): Comp split 7
INFO: dtree.c(1315): Comp split 8
INFO: dtree.c(1439): stop. leaf nodes are specific
INFO: dtree.c(1478): Final simple tree
|( QUESTION14 -1 3.772e+03 2.398e+02 2.028e+02
|    ( - 1.330e+03 2 0)
|    ( QUESTION2_6_L -1 2.202e+03 1.912e+02 1.214e+02
|        ( QUESTION17 -1 8.097e+02 1.070e+02 4.849e+01
|            ( - 3.220e+02 1 0)
|            ( QUESTION2_17_L -1 3.807e+02 6.452e+01 2.595e+01
|                ( - 1.854e+02 1 0)
|                ( QUESTION0 -1 1.308e+02 1.945e+01 1.100e+01
|                    ( - 9.810e+00 1 0)
|                    ( - 1.016e+02 1 0))))
|        ( SILENCE -1 1.201e+03 3.542e+01 7.294e+01
|            ( - 1.160e+03 1 0)
|            ( - 6.203e+00 1 0))))
s>    ( QUESTION14 -1 3.772e+03 2.398e+02 2.028e+02
s>        ( - 1.330e+03 2 0)
s>        ( QUESTION2_6_L -1 2.202e+03 1.912e+02 1.214e+02
s>            ( QUESTION17 -1 8.097e+02 1.070e+02 4.849e+01
s>                ( - 3.220e+02 1 0)
s>                ( QUESTION2_17_L -1 3.807e+02 6.452e+01 2.595e+01
s>                    ( - 1.854e+02 1 0)
s>                    ( QUESTION0 -1 1.308e+02 1.945e+01 1.100e+01
s>                        ( - 9.810e+00 1 0)
s>                        ( - 1.016e+02 1 0))))
s>            ( SILENCE -1 1.201e+03 3.542e+01 7.294e+01
s>                ( - 1.160e+03 1 0)
s>                ( - 6.203e+00 1 0))))INFO: dtree.c(1439): stop. leaf nodes are specific
INFO: dtree.c(1478): Final simple tree
|( QUESTION1 -1 4.148e+03 2.855e+02 2.078e+02
|    ( QUESTION2 -1 2.681e+03 2.178e+02 1.440e+02
|        ( - 1.457e+03 2 0)
|        ( QUESTION8 -1 1.007e+03 3.665e+01 6.072e+01
|            ( - 1.091e+01 1 0)
|            ( - 9.590e+02 1 0)))
|    ( QUESTION2_13_L -1 1.181e+03 1.719e+02 6.381e+01
|        ( - 6.142e+02 1 0)
|        ( QUESTION11 -1 3.951e+02 1.979e+01 2.600e+01
|            ( - 3.753e+02 1 0)
|            ( - 0.000e+00 1 0))))
s>    ( QUESTION1 -1 4.148e+03 2.855e+02 2.078e+02
s>        ( QUESTION2 -1 2.681e+03 2.178e+02 1.440e+02
s>            ( - 1.457e+03 2 0)
s>            ( QUESTION8 -1 1.007e+03 3.665e+01 6.072e+01
s>                ( - 1.091e+01 1 0)
s>                ( - 9.590e+02 1 0)))
s>        ( QUESTION2_13_L -1 1.181e+03 1.719e+02 6.381e+01
s>            ( - 6.142e+02 1 0)
s>            ( QUESTION11 -1 3.951e+02 1.979e+01 2.600e+01
s>                ( - 3.753e+02 1 0)
s>                ( - 0.000e+00 1 0))))INFO: dtree.c(1315): Comp split 9
INFO: dtree.c(1439): stop. leaf nodes are specific
INFO: dtree.c(1478): Final simple tree
|( WDBNDRY_B 0 1.579e+03 2.010e+02 8.408e+01
|    ( - 4.383e+02 1 0)
|    ( - 9.399e+02 1 0))
s>    ( WDBNDRY_B 0 1.579e+03 2.010e+02 8.408e+01
s>        ( - 4.383e+02 1 0)
s>        ( - 9.399e+02 1 0))INFO: dtree.c(1315): Comp split 10
INFO: dtree.c(1439): stop. leaf nodes are specific
INFO: dtree.c(1478): Final simple tree
|( QUESTION2_7_L -1 1.946e+03 1.919e+02 1.041e+02
|    ( - 7.674e+02 1 0)
|    ( QUESTION2_11_L -1 9.871e+02 1.112e+02 5.999e+01
|        ( - 6.189e+02 1 0)
|        ( QUESTION0 -1 2.569e+02 5.851e+01 1.900e+01
|            ( - 7.930e+01 1 0)
|            ( - 1.191e+02 1 0))))
s>    ( QUESTION2_7_L -1 1.946e+03 1.919e+02 1.041e+02
s>        ( - 7.674e+02 1 0)
s>        ( QUESTION2_11_L -1 9.871e+02 1.112e+02 5.999e+01
s>            ( - 6.189e+02 1 0)
s>            ( QUESTION0 -1 2.569e+02 5.851e+01 1.900e+01
s>                ( - 7.930e+01 1 0)
s>                ( - 1.191e+02 1 0))))INFO: dtree.c(1439): stop. leaf nodes are specific
INFO: dtree.c(1478): Final simple tree
|( SILENCE -1 3.587e+03 2.581e+02 1.839e+02
|    ( - 1.730e+03 1 0)
|    ( QUESTION1 -1 1.599e+03 1.460e+02 9.156e+01
|        ( - 5.370e+02 1 0)
|        ( - 9.158e+02 1 0)))
s>    ( SILENCE -1 3.587e+03 2.581e+02 1.839e+02
s>        ( - 1.730e+03 1 0)
s>        ( QUESTION1 -1 1.599e+03 1.460e+02 9.156e+01
s>            ( - 5.370e+02 1 0)
s>            ( - 9.158e+02 1 0)))INFO: dtree.c(1315): Comp split 11
INFO: dtree.c(1439): stop. leaf nodes are specific
INFO: dtree.c(1478): Final simple tree
|( QUESTION1 -1 1.812e+03 1.915e+02 9.854e+01
|    ( QUESTION8 -1 1.007e+03 3.665e+01 6.072e+01
|        ( - 1.091e+01 1 0)
|        ( - 9.590e+02 1 0))
|    ( - 6.142e+02 1 0))
s>    ( QUESTION1 -1 1.812e+03 1.915e+02 9.854e+01
s>        ( QUESTION8 -1 1.007e+03 3.665e+01 6.072e+01
s>            ( - 1.091e+01 1 0)
s>            ( - 9.590e+02 1 0))
s>        ( - 6.142e+02 1 0))INFO: dtree.c(1439): stop. leaf nodes are specific
INFO: dtree.c(1478): Final simple tree
|( QUESTION1 -1 2.045e+03 1.927e+02 1.093e+02
|    ( - 1.457e+03 2 0)
|    ( QUESTION11 -1 3.951e+02 1.979e+01 2.600e+01
|        ( - 3.753e+02 1 0)
|        ( - 0.000e+00 1 0)))
s>    ( QUESTION1 -1 2.045e+03 1.927e+02 1.093e+02
s>        ( - 1.457e+03 2 0)
s>        ( QUESTION11 -1 3.951e+02 1.979e+01 2.600e+01
s>            ( - 3.753e+02 1 0)
s>            ( - 0.000e+00 1 0)))INFO: dtree.c(1315): Comp split 12
INFO: dtree.c(1439): stop. leaf nodes are specific
INFO: dtree.c(1478): Final simple tree
|( SILENCE -1 1.619e+03 1.369e+02 9.347e+01
|    ( - 1.160e+03 1 0)
|    ( - 3.220e+02 1 0))
s>    ( SILENCE -1 1.619e+03 1.369e+02 9.347e+01
s>        ( - 1.160e+03 1 0)
s>        ( - 3.220e+02 1 0))INFO: dtree.c(1439): stop. leaf nodes are specific
INFO: dtree.c(1478): Final simple tree
|( QUESTION14 -1 1.895e+03 1.476e+02 1.094e+02
|    ( - 1.330e+03 2 0)
|    ( QUESTION2_17_L -1 4.176e+02 6.877e+01 2.795e+01
|        ( - 1.854e+02 1 0)
|        ( QUESTION2_7_L -1 1.635e+02 3.363e+01 1.300e+01
|            ( - 1.016e+02 1 0)
|            ( QUESTION0 -1 2.827e+01 1.225e+01 4.000e+00
|                ( - 9.810e+00 1 0)
|                ( - 6.203e+00 1 0)))))
s>    ( QUESTION14 -1 1.895e+03 1.476e+02 1.094e+02
s>        ( - 1.330e+03 2 0)
s>        ( QUESTION2_17_L -1 4.176e+02 6.877e+01 2.795e+01
s>            ( - 1.854e+02 1 0)
s>            ( QUESTION2_7_L -1 1.635e+02 3.363e+01 1.300e+01
s>                ( - 1.016e+02 1 0)
s>                ( QUESTION0 -1 2.827e+01 1.225e+01 4.000e+00
s>                    ( - 9.810e+00 1 0)
s>                    ( - 6.203e+00 1 0)))))INFO: dtree.c(1315): Comp split 13
INFO: dtree.c(1439): stop. leaf nodes are specific
INFO: dtree.c(1478): Final simple tree
|( QUESTION1 -1 1.599e+03 1.460e+02 9.156e+01
|    ( - 5.370e+02 1 0)
|    ( - 9.158e+02 1 0))
s>    ( QUESTION1 -1 1.599e+03 1.460e+02 9.156e+01
s>        ( - 5.370e+02 1 0)
s>        ( - 9.158e+02 1 0))INFO: dtree.c(1315): Comp split 14
INFO: dtree.c(1478): Final simple tree
|( QUESTION1 -1 1.225e+03 1.466e+02 6.380e+01
|    ( QUESTION2 -1 6.051e+02 8.764e+01 3.580e+01
|        ( QUESTION3 -1 1.770e+02 4.075e+01 1.300e+01
|            ( - 1.058e+02 2 0)
|            ( - 3.050e+01 2 0 QUESTION5 -1 1.593e+01 4.000e+00))
|        ( QUESTION8 -1 3.404e+02 3.629e+01 2.280e+01
|            ( - 6.522e+00 1 0)
|            ( - 2.976e+02 1 0)))
|    ( QUESTION2_9_L -1 4.733e+02 8.068e+01 2.800e+01
|        ( QUESTION17 -1 1.286e+02 3.183e+01 1.100e+01
|            ( - 7.916e+01 1 0)
|            ( - 1.764e+01 2 0 QUESTION0 -1 1.126e+01 3.000e+00))
|        ( SILENCE -1 2.640e+02 5.651e+01 1.700e+01
|            ( - 1.075e+02 1 0)
|            ( - 9.994e+01 2 0 QUESTION14 -1 1.703e+01 8.000e+00))))
s>    ( QUESTION1 -1 1.225e+03 1.466e+02 6.380e+01
s>        ( QUESTION2 -1 6.051e+02 8.764e+01 3.580e+01
s>            ( QUESTION3 -1 1.770e+02 4.075e+01 1.300e+01
s>                ( - 1.058e+02 2 0)
s>                ( - 3.050e+01 2 0 QUESTION5 -1 1.593e+01 4.000e+00))
s>            ( QUESTION8 -1 3.404e+02 3.629e+01 2.280e+01
s>                ( - 6.522e+00 1 0)
s>                ( - 2.976e+02 1 0)))
s>        ( QUESTION2_9_L -1 4.733e+02 8.068e+01 2.800e+01
s>            ( QUESTION17 -1 1.286e+02 3.183e+01 1.100e+01
s>                ( - 7.916e+01 1 0)
s>                ( - 1.764e+01 2 0 QUESTION0 -1 1.126e+01 3.000e+00))
s>            ( SILENCE -1 2.640e+02 5.651e+01 1.700e+01
s>                ( - 1.075e+02 1 0)
s>                ( - 9.994e+01 2 0 QUESTION14 -1 1.703e+01 8.000e+00))))INFO: dtree.c(1439): stop. leaf nodes are specific
INFO: dtree.c(1478): Final simple tree
|( WDBNDRY_E 0 6.173e+02 1.050e+02 3.300e+01
|    ( - 3.567e+02 1 0)
|    ( QUESTION2_9_L -1 1.556e+02 4.678e+01 1.200e+01
|        ( QUESTION0_12_R 1 5.676e+01 2.114e+01 6.000e+00
|            ( - 2.175e+01 1 0)
|            ( - 1.387e+01 1 0))
|        ( QUESTION0_12_R 1 5.201e+01 2.217e+01 6.000e+00
|            ( - 1.463e+01 1 0)
|            ( WDBNDRY_B 0 1.521e+01 7.210e+00 3.000e+00
|                ( - 8.000e+00 1 0)
|                ( - 0.000e+00 1 0)))))
s>    ( WDBNDRY_E 0 6.173e+02 1.050e+02 3.300e+01
s>        ( - 3.567e+02 1 0)
s>        ( QUESTION2_9_L -1 1.556e+02 4.678e+01 1.200e+01
s>            ( QUESTION0_12_R 1 5.676e+01 2.114e+01 6.000e+00
s>                ( - 2.175e+01 1 0)
s>                ( - 1.387e+01 1 0))
s>            ( QUESTION0_12_R 1 5.201e+01 2.217e+01 6.000e+00
s>                ( - 1.463e+01 1 0)
s>                ( WDBNDRY_B 0 1.521e+01 7.210e+00 3.000e+00
s>                    ( - 8.000e+00 1 0)
s>                    ( - 0.000e+00 1 0)))))INFO: dtree.c(1315): Comp split 15
INFO: dtree.c(1439): stop. leaf nodes are specific
INFO: dtree.c(1478): Final simple tree
|( QUESTION0_1_R 1 9.300e+02 1.162e+02 4.700e+01
|    ( - 6.897e+02 2 0)
|    ( QUESTION0_0_R 1 1.241e+02 3.815e+01 1.000e+01
|        ( - 5.300e+01 1 0)
|        ( - 3.298e+01 1 0)))
s>    ( QUESTION0_1_R 1 9.300e+02 1.162e+02 4.700e+01
s>        ( - 6.897e+02 2 0)
s>        ( QUESTION0_0_R 1 1.241e+02 3.815e+01 1.000e+01
s>            ( - 5.300e+01 1 0)
s>            ( - 3.298e+01 1 0)))INFO: dtree.c(1439): stop. leaf nodes are specific
INFO: dtree.c(1478): Final simple tree
|( QUESTION0_12_R 1 7.388e+02 1.085e+02 3.800e+01
|    ( - 1.805e+02 1 0)
|    ( - 4.498e+02 1 0))
s>    ( QUESTION0_12_R 1 7.388e+02 1.085e+02 3.800e+01
s>        ( - 1.805e+02 1 0)
s>        ( - 4.498e+02 1 0))INFO: dtree.c(1315): Comp split 16
INFO: dtree.c(1439): stop. leaf nodes are specific
INFO: dtree.c(1478): Final simple tree
|( QUESTION10 1 4.927e+02 9.843e+01 2.700e+01
|    ( WDBNDRY_E 0 2.044e+02 5.242e+01 1.400e+01
|        ( - 9.539e+01 1 0)
|        ( - 5.664e+01 1 0))
|    ( QUESTION0_0_R 1 1.898e+02 4.342e+01 1.300e+01
|        ( - 5.519e+01 1 0)
|        ( SILENCE 1 9.118e+01 2.776e+01 7.000e+00
|            ( QUESTION0 -1 1.837e+01 9.047e+00 3.000e+00
|                ( - 9.318e+00 1 0)
|                ( - 0.000e+00 1 0))
|            ( - 4.505e+01 2 0))))
s>    ( QUESTION10 1 4.927e+02 9.843e+01 2.700e+01
s>        ( WDBNDRY_E 0 2.044e+02 5.242e+01 1.400e+01
s>            ( - 9.539e+01 1 0)
s>            ( - 5.664e+01 1 0))
s>        ( QUESTION0_0_R 1 1.898e+02 4.342e+01 1.300e+01
s>            ( - 5.519e+01 1 0)
s>            ( SILENCE 1 9.118e+01 2.776e+01 7.000e+00
s>                ( QUESTION0 -1 1.837e+01 9.047e+00 3.000e+00
s>                    ( - 9.318e+00 1 0)
s>                    ( - 0.000e+00 1 0))
s>                ( - 4.505e+01 2 0))))INFO: dtree.c(1439): stop. leaf nodes are specific
INFO: dtree.c(1478): Final simple tree
|( QUESTION0_10_R 1 9.015e+02 1.212e+02 4.762e+01
|    ( - 5.199e+02 1 0)
|    ( QUESTION11 1 2.604e+02 3.231e+01 1.800e+01
|        ( - 2.074e+02 3 0)
|        ( - 2.065e+01 1 0)))
s>    ( QUESTION0_10_R 1 9.015e+02 1.212e+02 4.762e+01
s>        ( - 5.199e+02 1 0)
s>        ( QUESTION11 1 2.604e+02 3.231e+01 1.800e+01
s>            ( - 2.074e+02 3 0)
s>            ( - 2.065e+01 1 0)))INFO: dtree.c(1315): Comp split 17
INFO: dtree.c(1315): Comp split 18
INFO: dtree.c(1439): stop. leaf nodes are specific
INFO: dtree.c(1478): Final simple tree
|( QUESTION1 -1 6.594e+02 3.434e+01 3.981e+01
|    ( - 1.091e+01 1 0)
|    ( - 6.142e+02 1 0))
s>    ( QUESTION1 -1 6.594e+02 3.434e+01 3.981e+01
s>        ( - 1.091e+01 1 0)
s>        ( - 6.142e+02 1 0))INFO: dtree.c(1315): Comp split 19
INFO: dtree.c(1439): stop. leaf nodes are specific
INFO: dtree.c(1478): Final simple tree
|( QUESTION11 -1 3.951e+02 1.979e+01 2.600e+01
|    ( - 3.753e+02 1 0)
|    ( - 0.000e+00 1 0))
s>    ( QUESTION11 -1 3.951e+02 1.979e+01 2.600e+01
s>        ( - 3.753e+02 1 0)
s>        ( - 0.000e+00 1 0))INFO: dtree.c(1315): Comp split 20
INFO: dtree.c(1439): stop. leaf nodes are specific
INFO: dtree.c(1478): Final simple tree
|( QUESTION2_11_L -1 9.871e+02 1.112e+02 5.999e+01
|    ( - 6.189e+02 1 0)
|    ( QUESTION0 -1 2.569e+02 5.851e+01 1.900e+01
|        ( - 7.930e+01 1 0)
|        ( - 1.191e+02 1 0)))
s>    ( QUESTION2_11_L -1 9.871e+02 1.112e+02 5.999e+01
s>        ( - 6.189e+02 1 0)
s>        ( QUESTION0 -1 2.569e+02 5.851e+01 1.900e+01
s>            ( - 7.930e+01 1 0)
s>            ( - 1.191e+02 1 0)))INFO: dtree.c(1315): Comp split 21
INFO: dtree.c(1439): stop. leaf nodes are specific
INFO: dtree.c(1478): Final simple tree
|( WDBNDRY_E 0 2.559e+02 5.503e+01 1.800e+01
|    ( - 1.720e+02 1 0)
|    ( - 2.892e+01 1 0))
s>    ( WDBNDRY_E 0 2.559e+02 5.503e+01 1.800e+01
s>        ( - 1.720e+02 1 0)
s>        ( - 2.892e+01 1 0))INFO: dtree.c(1315): Comp split 22
INFO: dtree.c(1439): stop. leaf nodes are specific
INFO: dtree.c(1478): Final simple tree
|( QUESTION7 -1 5.316e+02 8.539e+01 3.280e+01
|    ( - 2.976e+02 1 0)
|    ( QUESTION0 -1 1.486e+02 3.898e+01 1.200e+01
|        ( QUESTION5 -1 3.050e+01 1.593e+01 4.000e+00
|            ( - 5.714e+00 1 0)
|            ( - 8.857e+00 1 0))
|        ( - 7.916e+01 1 0)))
s>    ( QUESTION7 -1 5.316e+02 8.539e+01 3.280e+01
s>        ( - 2.976e+02 1 0)
s>        ( QUESTION0 -1 1.486e+02 3.898e+01 1.200e+01
s>            ( QUESTION5 -1 3.050e+01 1.593e+01 4.000e+00
s>                ( - 5.714e+00 1 0)
s>                ( - 8.857e+00 1 0))
s>            ( - 7.916e+01 1 0)))INFO: dtree.c(1439): stop. leaf nodes are specific
INFO: dtree.c(1478): Final simple tree
|( QUESTION0 -1 5.360e+02 8.465e+01 3.100e+01
|    ( QUESTION2 -1 1.695e+02 3.524e+01 1.300e+01
|        ( - 1.058e+02 2 0)
|        ( QUESTION1 -1 2.849e+01 1.597e+01 4.000e+00
|            ( - 6.522e+00 1 0)
|            ( - 6.000e+00 1 0)))
|    ( SILENCE -1 2.818e+02 5.872e+01 1.800e+01
|        ( - 1.075e+02 1 0)
|        ( QUESTION14 -1 1.155e+02 2.345e+01 9.000e+00
|            ( - 8.102e+01 1 0)
|            ( QUESTION2_0_L -1 1.105e+01 8.780e+00 2.000e+00
|                ( - 1.891e+00 1 0)
|                ( - 3.810e-01 1 0)))))
s>    ( QUESTION0 -1 5.360e+02 8.465e+01 3.100e+01
s>        ( QUESTION2 -1 1.695e+02 3.524e+01 1.300e+01
s>            ( - 1.058e+02 2 0)
s>            ( QUESTION1 -1 2.849e+01 1.597e+01 4.000e+00
s>                ( - 6.522e+00 1 0)
s>                ( - 6.000e+00 1 0)))
s>        ( SILENCE -1 2.818e+02 5.872e+01 1.800e+01
s>            ( - 1.075e+02 1 0)
s>            ( QUESTION14 -1 1.155e+02 2.345e+01 9.000e+00
s>                ( - 8.102e+01 1 0)
s>                ( QUESTION2_0_L -1 1.105e+01 8.780e+00 2.000e+00
s>                    ( - 1.891e+00 1 0)
s>                    ( - 3.810e-01 1 0)))))INFO: dtree.c(1315): Comp split 23
INFO: dtree.c(1439): stop. leaf nodes are specific
INFO: dtree.c(1478): Final simple tree
|( QUESTION2_17_L -1 4.176e+02 6.877e+01 2.795e+01
|    ( - 1.854e+02 1 0)
|    ( QUESTION2_7_L -1 1.635e+02 3.363e+01 1.300e+01
|        ( - 1.016e+02 1 0)
|        ( QUESTION0 -1 2.827e+01 1.225e+01 4.000e+00
|            ( - 9.810e+00 1 0)
|            ( - 6.203e+00 1 0))))
s>    ( QUESTION2_17_L -1 4.176e+02 6.877e+01 2.795e+01
s>        ( - 1.854e+02 1 0)
s>        ( QUESTION2_7_L -1 1.635e+02 3.363e+01 1.300e+01
s>            ( - 1.016e+02 1 0)
s>            ( QUESTION0 -1 2.827e+01 1.225e+01 4.000e+00
s>                ( - 9.810e+00 1 0)
s>                ( - 6.203e+00 1 0))))INFO: dtree.c(1315): Comp split 24
INFO: dtree.c(1315): Comp split 25
INFO: dtree.c(1315): Comp split 26
INFO: dtree.c(1439): stop. leaf nodes are specific
INFO: dtree.c(1478): Final simple tree
|( QUESTION11 1 2.604e+02 3.231e+01 1.800e+01
|    ( - 2.074e+02 3 0)
|    ( - 2.065e+01 1 0))
s>    ( QUESTION11 1 2.604e+02 3.231e+01 1.800e+01
s>        ( - 2.074e+02 3 0)
s>        ( - 2.065e+01 1 0))INFO: dtree.c(1315): Comp split 27
INFO: dtree.c(1439): stop. leaf nodes are specific
INFO: dtree.c(1478): Final simple tree
|( QUESTION0_0_R 1 1.241e+02 3.815e+01 1.000e+01
|    ( - 5.300e+01 1 0)
|    ( - 3.298e+01 1 0))
s>    ( QUESTION0_0_R 1 1.241e+02 3.815e+01 1.000e+01
s>        ( - 5.300e+01 1 0)
s>        ( - 3.298e+01 1 0))INFO: dtree.c(1315): Comp split 28
INFO: dtree.c(1439): stop. leaf nodes are specific
INFO: dtree.c(1478): Final simple tree
|( QUESTION0 -1 2.569e+02 5.851e+01 1.900e+01
|    ( - 7.930e+01 1 0)
|    ( - 1.191e+02 1 0))
s>    ( QUESTION0 -1 2.569e+02 5.851e+01 1.900e+01
s>        ( - 7.930e+01 1 0)
s>        ( - 1.191e+02 1 0))INFO: dtree.c(1315): Comp split 29
INFO: dtree.c(1315): Comp split 30
INFO: dtree.c(1439): stop. leaf nodes are specific
INFO: dtree.c(1478): Final simple tree
|( QUESTION2_9_L -1 1.556e+02 4.678e+01 1.200e+01
|    ( QUESTION0_12_R 1 5.676e+01 2.114e+01 6.000e+00
|        ( - 2.175e+01 1 0)
|        ( - 1.387e+01 1 0))
|    ( QUESTION0_12_R 1 5.201e+01 2.217e+01 6.000e+00
|        ( - 1.463e+01 1 0)
|        ( WDBNDRY_B 0 1.521e+01 7.210e+00 3.000e+00
|            ( - 8.000e+00 1 0)
|            ( - 0.000e+00 1 0))))
s>    ( QUESTION2_9_L -1 1.556e+02 4.678e+01 1.200e+01
s>        ( QUESTION0_12_R 1 5.676e+01 2.114e+01 6.000e+00
s>            ( - 2.175e+01 1 0)
s>            ( - 1.387e+01 1 0))
s>        ( QUESTION0_12_R 1 5.201e+01 2.217e+01 6.000e+00
s>            ( - 1.463e+01 1 0)
s>            ( WDBNDRY_B 0 1.521e+01 7.210e+00 3.000e+00
s>                ( - 8.000e+00 1 0)
s>                ( - 0.000e+00 1 0))))INFO: dtree.c(1315): Comp split 31
INFO: dtree.c(1439): stop. leaf nodes are specific
INFO: dtree.c(1478): Final simple tree
|( QUESTION0_0_R 1 1.898e+02 4.342e+01 1.300e+01
|    ( - 5.519e+01 1 0)
|    ( SILENCE 1 9.118e+01 2.776e+01 7.000e+00
|        ( QUESTION0 -1 1.837e+01 9.047e+00 3.000e+00
|            ( - 9.318e+00 1 0)
|            ( - 0.000e+00 1 0))
|        ( - 4.505e+01 2 0)))
s>    ( QUESTION0_0_R 1 1.898e+02 4.342e+01 1.300e+01
s>        ( - 5.519e+01 1 0)
s>        ( SILENCE 1 9.118e+01 2.776e+01 7.000e+00
s>            ( QUESTION0 -1 1.837e+01 9.047e+00 3.000e+00
s>                ( - 9.318e+00 1 0)
s>                ( - 0.000e+00 1 0))
s>            ( - 4.505e+01 2 0)))INFO: dtree.c(1439): stop. leaf nodes are specific
INFO: dtree.c(1478): Final simple tree
|( WDBNDRY_E 0 2.044e+02 5.242e+01 1.400e+01
|    ( - 9.539e+01 1 0)
|    ( - 5.664e+01 1 0))
s>    ( WDBNDRY_E 0 2.044e+02 5.242e+01 1.400e+01
s>        ( - 9.539e+01 1 0)
s>        ( - 5.664e+01 1 0))INFO: dtree.c(1315): Comp split 32
INFO: dtree.c(1439): stop. leaf nodes are specific
INFO: dtree.c(1478): Final simple tree
|( QUESTION1 -1 1.557e+02 3.033e+01 1.200e+01
|    ( - 1.058e+02 2 0)
|    ( QUESTION0 -1 1.955e+01 1.166e+01 3.000e+00
|        ( - 6.000e+00 1 0)
|        ( - 1.891e+00 1 0)))
s>    ( QUESTION1 -1 1.557e+02 3.033e+01 1.200e+01
s>        ( - 1.058e+02 2 0)
s>        ( QUESTION0 -1 1.955e+01 1.166e+01 3.000e+00
s>            ( - 6.000e+00 1 0)
s>            ( - 1.891e+00 1 0)))INFO: dtree.c(1439): stop. leaf nodes are specific
INFO: dtree.c(1478): Final simple tree
|( QUESTION13 -1 2.901e+02 5.998e+01 1.900e+01
|    ( QUESTION14 -1 9.580e+01 1.440e+01 8.000e+00
|        ( - 8.102e+01 1 0)
|        ( - 3.810e-01 1 0))
|    ( SILENCE -1 1.344e+02 2.029e+01 1.100e+01
|        ( - 1.075e+02 1 0)
|        ( - 6.522e+00 1 0)))
s>    ( QUESTION13 -1 2.901e+02 5.998e+01 1.900e+01
s>        ( QUESTION14 -1 9.580e+01 1.440e+01 8.000e+00
s>            ( - 8.102e+01 1 0)
s>            ( - 3.810e-01 1 0))
s>        ( SILENCE -1 1.344e+02 2.029e+01 1.100e+01
s>            ( - 1.075e+02 1 0)
s>            ( - 6.522e+00 1 0)))INFO: dtree.c(1315): Comp split 33
INFO: dtree.c(1439): stop. leaf nodes are specific
INFO: dtree.c(1478): Final simple tree
|( QUESTION0 -1 1.077e+02 2.278e+01 1.000e+01
|    ( - 5.714e+00 1 0)
|    ( - 7.916e+01 1 0))
s>    ( QUESTION0 -1 1.077e+02 2.278e+01 1.000e+01
s>        ( - 5.714e+00 1 0)
s>        ( - 7.916e+01 1 0))INFO: dtree.c(1439): stop. leaf nodes are specific
INFO: dtree.c(1478): Final simple tree
|( QUESTION2 -1 3.384e+02 3.197e+01 2.280e+01
|    ( - 8.857e+00 1 0)
|    ( - 2.976e+02 1 0))
s>    ( QUESTION2 -1 3.384e+02 3.197e+01 2.280e+01
s>        ( - 8.857e+00 1 0)
s>        ( - 2.976e+02 1 0))INFO: dtree.c(1315): Comp split 34
INFO: dtree.c(1439): stop. leaf nodes are specific
INFO: dtree.c(1478): Final simple tree
|( QUESTION2_7_L -1 1.635e+02 3.363e+01 1.300e+01
|    ( - 1.016e+02 1 0)
|    ( QUESTION0 -1 2.827e+01 1.225e+01 4.000e+00
|        ( - 9.810e+00 1 0)
|        ( - 6.203e+00 1 0)))
s>    ( QUESTION2_7_L -1 1.635e+02 3.363e+01 1.300e+01
s>        ( - 1.016e+02 1 0)
s>        ( QUESTION0 -1 2.827e+01 1.225e+01 4.000e+00
s>            ( - 9.810e+00 1 0)
s>            ( - 6.203e+00 1 0)))INFO: dtree.c(1315): Comp split 35
INFO: dtree.c(1439): stop. leaf nodes are specific
INFO: dtree.c(1478): Final simple tree
|( SILENCE -1 1.344e+02 2.029e+01 1.100e+01
|    ( - 1.075e+02 1 0)
|    ( - 6.522e+00 1 0))
s>    ( SILENCE -1 1.344e+02 2.029e+01 1.100e+01
s>        ( - 1.075e+02 1 0)
s>        ( - 6.522e+00 1 0))INFO: dtree.c(1439): stop. leaf nodes are specific
INFO: dtree.c(1478): Final simple tree
|( QUESTION14 -1 9.580e+01 1.440e+01 8.000e+00
|    ( - 8.102e+01 1 0)
|    ( - 3.810e-01 1 0))
s>    ( QUESTION14 -1 9.580e+01 1.440e+01 8.000e+00
s>        ( - 8.102e+01 1 0)
s>        ( - 3.810e-01 1 0))INFO: dtree.c(1315): Comp split 36
INFO: dtree.c(1315): Comp split 37
INFO: dtree.c(1315): Comp split 38
INFO: dtree.c(1315): Comp split 39
INFO: dtree.c(1439): stop. leaf nodes are specific
INFO: dtree.c(1478): Final simple tree
|( QUESTION0_12_R 1 5.201e+01 2.217e+01 6.000e+00
|    ( - 1.463e+01 1 0)
|    ( WDBNDRY_B 0 1.521e+01 7.210e+00 3.000e+00
|        ( - 8.000e+00 1 0)
|        ( - 0.000e+00 1 0)))
s>    ( QUESTION0_12_R 1 5.201e+01 2.217e+01 6.000e+00
s>        ( - 1.463e+01 1 0)
s>        ( WDBNDRY_B 0 1.521e+01 7.210e+00 3.000e+00
s>            ( - 8.000e+00 1 0)
s>            ( - 0.000e+00 1 0)))INFO: dtree.c(1439): stop. leaf nodes are specific
INFO: dtree.c(1478): Final simple tree
|( QUESTION0_12_R 1 5.676e+01 2.114e+01 6.000e+00
|    ( - 2.175e+01 1 0)
|    ( - 1.387e+01 1 0))
s>    ( QUESTION0_12_R 1 5.676e+01 2.114e+01 6.000e+00
s>        ( - 2.175e+01 1 0)
s>        ( - 1.387e+01 1 0))INFO: dtree.c(1315): Comp split 40
INFO: dtree.c(1439): stop. leaf nodes are specific
INFO: dtree.c(1478): Final simple tree
|( SILENCE 1 9.118e+01 2.776e+01 7.000e+00
|    ( QUESTION0 -1 1.837e+01 9.047e+00 3.000e+00
|        ( - 9.318e+00 1 0)
|        ( - 0.000e+00 1 0))
|    ( - 4.505e+01 2 0))
s>    ( SILENCE 1 9.118e+01 2.776e+01 7.000e+00
s>        ( QUESTION0 -1 1.837e+01 9.047e+00 3.000e+00
s>            ( - 9.318e+00 1 0)
s>            ( - 0.000e+00 1 0))
s>        ( - 4.505e+01 2 0))INFO: dtree.c(1315): Comp split 41
INFO: dtree.c(1315): Comp split 42
INFO: dtree.c(1315): Comp split 43
INFO: dtree.c(1439): stop. leaf nodes are specific
INFO: dtree.c(1478): Final simple tree
|( QUESTION0 -1 2.827e+01 1.225e+01 4.000e+00
|    ( - 9.810e+00 1 0)
|    ( - 6.203e+00 1 0))
s>    ( QUESTION0 -1 2.827e+01 1.225e+01 4.000e+00
s>        ( - 9.810e+00 1 0)
s>        ( - 6.203e+00 1 0))INFO: dtree.c(1315): Comp split 44
INFO: dtree.c(1315): Comp split 45
INFO: dtree.c(1315): Comp split 46
INFO: dtree.c(1439): stop. leaf nodes are specific
INFO: dtree.c(1478): Final simple tree
|( QUESTION0 -1 1.955e+01 1.166e+01 3.000e+00
|    ( - 6.000e+00 1 0)
|    ( - 1.891e+00 1 0))
s>    ( QUESTION0 -1 1.955e+01 1.166e+01 3.000e+00
s>        ( - 6.000e+00 1 0)
s>        ( - 1.891e+00 1 0))INFO: dtree.c(1315): Comp split 47
INFO: dtree.c(1439): stop. leaf nodes are specific
INFO: dtree.c(1478): Final simple tree
|( QUESTION0 -1 1.837e+01 9.047e+00 3.000e+00
|    ( - 9.318e+00 1 0)
|    ( - 0.000e+00 1 0))
s>    ( QUESTION0 -1 1.837e+01 9.047e+00 3.000e+00
s>        ( - 9.318e+00 1 0)
s>        ( - 0.000e+00 1 0))INFO: dtree.c(1315): Comp split 48
INFO: dtree.c(1315): Comp split 49
INFO: dtree.c(1439): stop. leaf nodes are specific
INFO: dtree.c(1478): Final simple tree
|( WDBNDRY_B 0 1.521e+01 7.210e+00 3.000e+00
|    ( - 8.000e+00 1 0)
|    ( - 0.000e+00 1 0))
s>    ( WDBNDRY_B 0 1.521e+01 7.210e+00 3.000e+00
s>        ( - 8.000e+00 1 0)
s>        ( - 0.000e+00 1 0))INFO: dtree.c(1315): Comp split 50
INFO: dtree.c(1315): Comp split 51
INFO: dtree.c(1315): Comp split 52
INFO: dtree.c(1315): Comp split 53
INFO: dtree.c(1315): Comp split 54
INFO: dtree.c(1315): Comp split 55
INFO: dtree.c(1315): Comp split 56
INFO: dtree.c(1315): Comp split 57
INFO: dtree.c(1315): Comp split 58
INFO: dtree.c(1318): stop. leaf nodes are specific
Fri Nov  2 10:06:42 2018
