Current configuration:
[NAME]		[DEFLT]	[VALUE]
-allphones	no	no
-cntthresh	0.00001	1.000000e-05
-csplitmax	100	2000
-csplitmin	1	1
-csplitthr	8e-4	0.000000e+00
-example	no	no
-fullvar	no	no
-help		no	no
-meanfn			
-mixwfn			/home/sdv/Documents/SDV/SDVoice/an4/model_parameters/an4.cd_semi_untied/mixture_weights
-moddeffn		/home/sdv/Documents/SDV/SDVoice/an4/model_architecture/an4.untied.mdef
-mwfloor	1e-4	1.000000e-08
-phone			UW
-psetfn			/home/sdv/Documents/SDV/SDVoice/an4/model_architecture/an4.tree_questions
-ssplitmax	5	7
-ssplitmin	1	1
-ssplitthr	8e-4	0.000000e+00
-state			2
-stwt			1.0,0.05,0.0,
-treefn			/home/sdv/Documents/SDV/SDVoice/an4/trees/an4.unpruned/UW-2.dtree
-ts2cbfn	.semi.	.semi.
-varfloor	0.00001	1.000000e-05
-varfn			

INFO: main.c(223): Reading: /home/sdv/Documents/SDV/SDVoice/an4/model_architecture/an4.untied.mdef
INFO: model_def_io.c(573): Model definition info:
INFO: model_def_io.c(574): 1618 total models defined (34 base, 1584 tri)
INFO: model_def_io.c(575): 6472 total states
INFO: model_def_io.c(576): 4854 total tied states
INFO: model_def_io.c(577): 102 total tied CI states
INFO: model_def_io.c(578): 34 total tied transition matrices
INFO: model_def_io.c(579): 4 max state/model
INFO: model_def_io.c(580): 4 min state/model
INFO: main.c(242): Building trees for [UW JH N i] through [UW Y Z e]
INFO: main.c(269): Covering states |[4488 4586]| == 99
INFO: main.c(275): Reading: /home/sdv/Documents/SDV/SDVoice/an4/model_parameters/an4.cd_semi_untied/mixture_weights
INFO: s3mixw_io.c(173): Read /home/sdv/Documents/SDV/SDVoice/an4/model_parameters/an4.cd_semi_untied/mixture_weights [99x4x256 array]
INFO: main.c(311): 33 of 33 models have observation count greater than 0.000010
INFO: main.c(95): nrm stwt: 0.000 0.048 0.952 
INFO: main.c(411): 33-class entropy: 7.223229e+04
INFO: main.c(549): Reading: /home/sdv/Documents/SDV/SDVoice/an4/model_architecture/an4.tree_questions
INFO: main.c(588): 176 total simple questions (168 phone; 8 word bndry)
INFO: main.c(590): 42 Left Only questions, and 42 Right Only questions
INFO: dtree.c(1478): Final simple tree
|( QUESTION15 1 9.090e+04 2.004e+03 3.366e+03
|    ( QUESTION0_1_R 1 2.755e+04 1.046e+03 1.073e+03
|        ( - 1.713e+04 4 0 QUESTION0_5_R 1 6.209e+02 6.882e+02)
|        ( - 9.374e+03 4 0 QUESTION0_13_R 1 6.408e+02 3.845e+02))
|    ( QUESTION8 1 6.134e+04 1.568e+03 2.293e+03
|        ( - 4.525e+03 2 0 QUESTION0 -1 2.735e+02 2.370e+02)
|        ( SILENCE 1 5.525e+04 1.385e+03 2.056e+03
|            ( - 1.327e+04 2 0 QUESTION0 -1 4.991e+02 5.516e+02)
|            ( QUESTION0_20_R 1 4.060e+04 1.146e+03 1.505e+03
|                ( QUESTION0 -1 1.718e+04 7.934e+02 6.658e+02
|                    ( - 1.167e+04 4 0 QUESTION11 1 4.857e+02 4.650e+02)
|                    ( - 4.708e+03 4 0 QUESTION11 1 1.309e+02 2.008e+02))
|                ( QUESTION0 1 2.227e+04 1.026e+03 8.388e+02
|                    ( - 1.237e+04 9 0 QUESTION0 -1 6.369e+02 4.877e+02)
|                    ( - 8.877e+03 4 0 QUESTION0_0_R 1 6.920e+02 3.511e+02))))))
s>    ( QUESTION15 1 9.090e+04 2.004e+03 3.366e+03
s>        ( QUESTION0_1_R 1 2.755e+04 1.046e+03 1.073e+03
s>            ( - 1.713e+04 4 0 QUESTION0_5_R 1 6.209e+02 6.882e+02)
s>            ( - 9.374e+03 4 0 QUESTION0_13_R 1 6.408e+02 3.845e+02))
s>        ( QUESTION8 1 6.134e+04 1.568e+03 2.293e+03
s>            ( - 4.525e+03 2 0 QUESTION0 -1 2.735e+02 2.370e+02)
s>            ( SILENCE 1 5.525e+04 1.385e+03 2.056e+03
s>                ( - 1.327e+04 2 0 QUESTION0 -1 4.991e+02 5.516e+02)
s>                ( QUESTION0_20_R 1 4.060e+04 1.146e+03 1.505e+03
s>                    ( QUESTION0 -1 1.718e+04 7.934e+02 6.658e+02
s>                        ( - 1.167e+04 4 0 QUESTION11 1 4.857e+02 4.650e+02)
s>                        ( - 4.708e+03 4 0 QUESTION11 1 1.309e+02 2.008e+02))
s>                    ( QUESTION0 1 2.227e+04 1.026e+03 8.388e+02
s>                        ( - 1.237e+04 9 0 QUESTION0 -1 6.369e+02 4.877e+02)
s>                        ( - 8.877e+03 4 0 QUESTION0_0_R 1 6.920e+02 3.511e+02))))))INFO: dtree.c(1315): Comp split 0
INFO: dtree.c(1478): Final simple tree
|( SILENCE 1 5.525e+04 1.385e+03 2.056e+03
|    ( - 1.327e+04 2 0 QUESTION0 -1 4.991e+02 5.516e+02)
|    ( QUESTION0_20_R 1 4.060e+04 1.146e+03 1.505e+03
|        ( QUESTION0 -1 1.718e+04 7.934e+02 6.658e+02
|            ( - 1.167e+04 4 0 QUESTION11 1 4.857e+02 4.650e+02)
|            ( - 4.708e+03 4 0 QUESTION11 1 1.309e+02 2.008e+02))
|        ( QUESTION0 1 2.227e+04 1.026e+03 8.388e+02
|            ( QUESTION0 -1 1.237e+04 6.369e+02 4.877e+02
|                ( - 5.210e+03 3 0 QUESTION0_0_R 1 3.742e+02 2.179e+02)
|                ( QUESTION0_17_R 1 6.524e+03 5.335e+02 2.698e+02
|                    ( - 4.405e+03 2 0 QUESTION0_18_R 1 3.295e+02 1.918e+02)
|                    ( - 1.586e+03 4 0 QUESTION0_15_R 1 2.282e+02 7.800e+01)))
|            ( QUESTION0_0_R 1 8.877e+03 6.920e+02 3.511e+02
|                ( - 2.816e+03 2 0)
|                ( - 5.369e+03 2 0 QUESTION0 -1 4.802e+02 2.261e+02)))))
s>    ( SILENCE 1 5.525e+04 1.385e+03 2.056e+03
s>        ( - 1.327e+04 2 0 QUESTION0 -1 4.991e+02 5.516e+02)
s>        ( QUESTION0_20_R 1 4.060e+04 1.146e+03 1.505e+03
s>            ( QUESTION0 -1 1.718e+04 7.934e+02 6.658e+02
s>                ( - 1.167e+04 4 0 QUESTION11 1 4.857e+02 4.650e+02)
s>                ( - 4.708e+03 4 0 QUESTION11 1 1.309e+02 2.008e+02))
s>            ( QUESTION0 1 2.227e+04 1.026e+03 8.388e+02
s>                ( QUESTION0 -1 1.237e+04 6.369e+02 4.877e+02
s>                    ( - 5.210e+03 3 0 QUESTION0_0_R 1 3.742e+02 2.179e+02)
s>                    ( QUESTION0_17_R 1 6.524e+03 5.335e+02 2.698e+02
s>                        ( - 4.405e+03 2 0 QUESTION0_18_R 1 3.295e+02 1.918e+02)
s>                        ( - 1.586e+03 4 0 QUESTION0_15_R 1 2.282e+02 7.800e+01)))
s>                ( QUESTION0_0_R 1 8.877e+03 6.920e+02 3.511e+02
s>                    ( - 2.816e+03 2 0)
s>                    ( - 5.369e+03 2 0 QUESTION0 -1 4.802e+02 2.261e+02)))))INFO: dtree.c(1478): Final simple tree
|( QUESTION0_1_R 1 3.329e+04 1.224e+03 1.310e+03
|    ( QUESTION0_5_R 1 1.713e+04 6.209e+02 6.882e+02
|        ( QUESTION0 -1 1.519e+04 5.679e+02 6.192e+02
|            ( - 1.254e+03 1 0)
|            ( - 1.336e+04 2 0))
|        ( - 1.326e+03 1 0))
|    ( QUESTION0_10_R 1 1.493e+04 1.073e+03 6.214e+02
|        ( QUESTION0_12_R 1 8.094e+03 5.004e+02 3.355e+02
|            ( - 1.029e+03 1 0)
|            ( - 6.565e+03 2 0 WDBNDRY_E 0 9.403e+01 2.805e+02))
|        ( QUESTION0 -1 5.764e+03 5.090e+02 2.860e+02
|            ( - 3.845e+03 1 0)
|            ( QUESTION0_0_R 1 1.410e+03 1.690e+02 7.600e+01
|                ( - 8.341e+02 1 0)
|                ( - 4.073e+02 1 0)))))
s>    ( QUESTION0_1_R 1 3.329e+04 1.224e+03 1.310e+03
s>        ( QUESTION0_5_R 1 1.713e+04 6.209e+02 6.882e+02
s>            ( QUESTION0 -1 1.519e+04 5.679e+02 6.192e+02
s>                ( - 1.254e+03 1 0)
s>                ( - 1.336e+04 2 0))
s>            ( - 1.326e+03 1 0))
s>        ( QUESTION0_10_R 1 1.493e+04 1.073e+03 6.214e+02
s>            ( QUESTION0_12_R 1 8.094e+03 5.004e+02 3.355e+02
s>                ( - 1.029e+03 1 0)
s>                ( - 6.565e+03 2 0 WDBNDRY_E 0 9.403e+01 2.805e+02))
s>            ( QUESTION0 -1 5.764e+03 5.090e+02 2.860e+02
s>                ( - 3.845e+03 1 0)
s>                ( QUESTION0_0_R 1 1.410e+03 1.690e+02 7.600e+01
s>                    ( - 8.341e+02 1 0)
s>                    ( - 4.073e+02 1 0)))))INFO: dtree.c(1315): Comp split 1
INFO: dtree.c(1478): Final simple tree
|( QUESTION0_20_R 1 2.953e+04 1.003e+03 1.110e+03
|    ( QUESTION0 -1 1.718e+04 7.934e+02 6.658e+02
|        ( QUESTION11 1 1.167e+04 4.857e+02 4.650e+02
|            ( - 1.020e+04 3 0)
|            ( - 9.901e+02 1 0))
|        ( QUESTION11 1 4.708e+03 1.309e+02 2.008e+02
|            ( - 4.506e+03 3 0)
|            ( - 7.147e+01 1 0)))
|    ( QUESTION0_11_R 1 1.135e+04 7.697e+02 4.441e+02
|        ( QUESTION0 -1 5.369e+03 4.802e+02 2.261e+02
|            ( - 3.175e+03 1 0)
|            ( - 1.713e+03 1 0))
|        ( QUESTION0_0_R 1 5.210e+03 3.742e+02 2.179e+02
|            ( - 9.927e+02 2 0 WDBNDRY_E 0 4.637e+01 5.100e+01)
|            ( - 3.843e+03 1 0))))
s>    ( QUESTION0_20_R 1 2.953e+04 1.003e+03 1.110e+03
s>        ( QUESTION0 -1 1.718e+04 7.934e+02 6.658e+02
s>            ( QUESTION11 1 1.167e+04 4.857e+02 4.650e+02
s>                ( - 1.020e+04 3 0)
s>                ( - 9.901e+02 1 0))
s>            ( QUESTION11 1 4.708e+03 1.309e+02 2.008e+02
s>                ( - 4.506e+03 3 0)
s>                ( - 7.147e+01 1 0)))
s>        ( QUESTION0_11_R 1 1.135e+04 7.697e+02 4.441e+02
s>            ( QUESTION0 -1 5.369e+03 4.802e+02 2.261e+02
s>                ( - 3.175e+03 1 0)
s>                ( - 1.713e+03 1 0))
s>            ( QUESTION0_0_R 1 5.210e+03 3.742e+02 2.179e+02
s>                ( - 9.927e+02 2 0 WDBNDRY_E 0 4.637e+01 5.100e+01)
s>                ( - 3.843e+03 1 0))))INFO: dtree.c(1439): stop. leaf nodes are specific
INFO: dtree.c(1478): Final simple tree
|( QUESTION0 -1 2.430e+04 1.070e+03 9.464e+02
|    ( - 1.154e+04 1 0)
|    ( QUESTION0_17_R 1 1.169e+04 7.000e+02 4.602e+02
|        ( QUESTION0_18_R 1 4.405e+03 3.295e+02 1.918e+02
|            ( - 5.003e+02 1 0)
|            ( - 3.575e+03 1 0))
|        ( QUESTION0_0_R 1 6.584e+03 5.778e+02 2.684e+02
|            ( - 2.816e+03 2 0)
|            ( SILENCE 1 3.190e+03 3.802e+02 1.434e+02
|                ( - 1.224e+03 1 0)
|                ( QUESTION0_15_R 1 1.586e+03 2.282e+02 7.800e+01
|                    ( - 5.860e+02 2 0)
|                    ( - 7.718e+02 2 0))))))
s>    ( QUESTION0 -1 2.430e+04 1.070e+03 9.464e+02
s>        ( - 1.154e+04 1 0)
s>        ( QUESTION0_17_R 1 1.169e+04 7.000e+02 4.602e+02
s>            ( QUESTION0_18_R 1 4.405e+03 3.295e+02 1.918e+02
s>                ( - 5.003e+02 1 0)
s>                ( - 3.575e+03 1 0))
s>            ( QUESTION0_0_R 1 6.584e+03 5.778e+02 2.684e+02
s>                ( - 2.816e+03 2 0)
s>                ( SILENCE 1 3.190e+03 3.802e+02 1.434e+02
s>                    ( - 1.224e+03 1 0)
s>                    ( QUESTION0_15_R 1 1.586e+03 2.282e+02 7.800e+01
s>                        ( - 5.860e+02 2 0)
s>                        ( - 7.718e+02 2 0))))))INFO: dtree.c(1315): Comp split 2
INFO: dtree.c(1439): stop. leaf nodes are specific
INFO: dtree.c(1478): Final simple tree
|( QUESTION0_20_R 1 1.313e+04 1.020e+03 5.570e+02
|    ( - 3.845e+03 1 0)
|    ( QUESTION0_0_R 1 8.267e+03 4.479e+02 3.470e+02
|        ( - 1.254e+03 1 0)
|        ( WDBNDRY_E 0 6.565e+03 9.403e+01 2.805e+02
|            ( - 6.436e+03 1 0)
|            ( - 3.508e+01 1 0))))
s>    ( QUESTION0_20_R 1 1.313e+04 1.020e+03 5.570e+02
s>        ( - 3.845e+03 1 0)
s>        ( QUESTION0_0_R 1 8.267e+03 4.479e+02 3.470e+02
s>            ( - 1.254e+03 1 0)
s>            ( WDBNDRY_E 0 6.565e+03 9.403e+01 2.805e+02
s>                ( - 6.436e+03 1 0)
s>                ( - 3.508e+01 1 0))))INFO: dtree.c(1439): stop. leaf nodes are specific
INFO: dtree.c(1478): Final simple tree
|( QUESTION0_5_R 1 1.884e+04 8.392e+02 7.526e+02
|    ( - 1.336e+04 2 0)
|    ( QUESTION0_1_R 1 4.635e+03 5.055e+02 2.000e+02
|        ( - 1.326e+03 1 0)
|        ( QUESTION0_10_R 1 2.803e+03 3.635e+02 1.310e+02
|            ( - 1.029e+03 1 0)
|            ( QUESTION0_0_R 1 1.410e+03 1.690e+02 7.600e+01
|                ( - 8.341e+02 1 0)
|                ( - 4.073e+02 1 0)))))
s>    ( QUESTION0_5_R 1 1.884e+04 8.392e+02 7.526e+02
s>        ( - 1.336e+04 2 0)
s>        ( QUESTION0_1_R 1 4.635e+03 5.055e+02 2.000e+02
s>            ( - 1.326e+03 1 0)
s>            ( QUESTION0_10_R 1 2.803e+03 3.635e+02 1.310e+02
s>                ( - 1.029e+03 1 0)
s>                ( QUESTION0_0_R 1 1.410e+03 1.690e+02 7.600e+01
s>                    ( - 8.341e+02 1 0)
s>                    ( - 4.073e+02 1 0)))))INFO: dtree.c(1315): Comp split 3
INFO: dtree.c(1439): stop. leaf nodes are specific
INFO: dtree.c(1478): Final simple tree
|( QUESTION0_10_R 1 1.199e+04 7.343e+02 4.699e+02
|    ( QUESTION0 -1 5.369e+03 4.802e+02 2.261e+02
|        ( - 3.175e+03 1 0)
|        ( - 1.713e+03 1 0))
|    ( QUESTION0_0_R 1 5.884e+03 3.849e+02 2.438e+02
|        ( WDBNDRY_E 0 9.927e+02 4.637e+01 5.100e+01
|            ( - 9.383e+02 1 0)
|            ( - 8.000e+00 1 0))
|        ( - 4.506e+03 3 0)))
s>    ( QUESTION0_10_R 1 1.199e+04 7.343e+02 4.699e+02
s>        ( QUESTION0 -1 5.369e+03 4.802e+02 2.261e+02
s>            ( - 3.175e+03 1 0)
s>            ( - 1.713e+03 1 0))
s>        ( QUESTION0_0_R 1 5.884e+03 3.849e+02 2.438e+02
s>            ( WDBNDRY_E 0 9.927e+02 4.637e+01 5.100e+01
s>                ( - 9.383e+02 1 0)
s>                ( - 8.000e+00 1 0))
s>            ( - 4.506e+03 3 0)))INFO: dtree.c(1439): stop. leaf nodes are specific
INFO: dtree.c(1478): Final simple tree
|( QUESTION11 1 1.643e+04 7.745e+02 6.399e+02
|    ( - 1.020e+04 3 0)
|    ( QUESTION0_10_R 1 5.454e+03 4.258e+02 2.270e+02
|        ( - 3.843e+03 1 0)
|        ( QUESTION0 -1 1.185e+03 1.239e+02 6.001e+01
|            ( - 9.901e+02 1 0)
|            ( - 7.147e+01 1 0))))
s>    ( QUESTION11 1 1.643e+04 7.745e+02 6.399e+02
s>        ( - 1.020e+04 3 0)
s>        ( QUESTION0_10_R 1 5.454e+03 4.258e+02 2.270e+02
s>            ( - 3.843e+03 1 0)
s>            ( QUESTION0 -1 1.185e+03 1.239e+02 6.001e+01
s>                ( - 9.901e+02 1 0)
s>                ( - 7.147e+01 1 0))))INFO: dtree.c(1315): Comp split 4
INFO: dtree.c(1439): stop. leaf nodes are specific
INFO: dtree.c(1478): Final simple tree
|( QUESTION0_17_R 1 1.169e+04 7.000e+02 4.602e+02
|    ( QUESTION0_18_R 1 4.405e+03 3.295e+02 1.918e+02
|        ( - 5.003e+02 1 0)
|        ( - 3.575e+03 1 0))
|    ( QUESTION0_0_R 1 6.584e+03 5.778e+02 2.684e+02
|        ( - 2.816e+03 2 0)
|        ( SILENCE 1 3.190e+03 3.802e+02 1.434e+02
|            ( - 1.224e+03 1 0)
|            ( QUESTION0_15_R 1 1.586e+03 2.282e+02 7.800e+01
|                ( - 5.860e+02 2 0)
|                ( - 7.718e+02 2 0)))))
s>    ( QUESTION0_17_R 1 1.169e+04 7.000e+02 4.602e+02
s>        ( QUESTION0_18_R 1 4.405e+03 3.295e+02 1.918e+02
s>            ( - 5.003e+02 1 0)
s>            ( - 3.575e+03 1 0))
s>        ( QUESTION0_0_R 1 6.584e+03 5.778e+02 2.684e+02
s>            ( - 2.816e+03 2 0)
s>            ( SILENCE 1 3.190e+03 3.802e+02 1.434e+02
s>                ( - 1.224e+03 1 0)
s>                ( QUESTION0_15_R 1 1.586e+03 2.282e+02 7.800e+01
s>                    ( - 5.860e+02 2 0)
s>                    ( - 7.718e+02 2 0)))))INFO: dtree.c(1315): Comp split 5
INFO: dtree.c(1439): stop. leaf nodes are specific
INFO: dtree.c(1478): Final simple tree
|( QUESTION0_0_R 1 8.136e+03 4.457e+02 3.420e+02
|    ( - 1.254e+03 1 0)
|    ( - 6.436e+03 1 0))
s>    ( QUESTION0_0_R 1 8.136e+03 4.457e+02 3.420e+02
s>        ( - 1.254e+03 1 0)
s>        ( - 6.436e+03 1 0))INFO: dtree.c(1439): stop. leaf nodes are specific
INFO: dtree.c(1478): Final simple tree
|( WDBNDRY_E 0 3.955e+03 7.556e+01 2.150e+02
|    ( - 3.845e+03 1 0)
|    ( - 3.508e+01 1 0))
s>    ( WDBNDRY_E 0 3.955e+03 7.556e+01 2.150e+02
s>        ( - 3.845e+03 1 0)
s>        ( - 3.508e+01 1 0))INFO: dtree.c(1315): Comp split 6
INFO: dtree.c(1439): stop. leaf nodes are specific
INFO: dtree.c(1478): Final simple tree
|( QUESTION0_1_R 1 4.635e+03 5.055e+02 2.000e+02
|    ( - 1.326e+03 1 0)
|    ( QUESTION0_10_R 1 2.803e+03 3.635e+02 1.310e+02
|        ( - 1.029e+03 1 0)
|        ( QUESTION0_0_R 1 1.410e+03 1.690e+02 7.600e+01
|            ( - 8.341e+02 1 0)
|            ( - 4.073e+02 1 0))))
s>    ( QUESTION0_1_R 1 4.635e+03 5.055e+02 2.000e+02
s>        ( - 1.326e+03 1 0)
s>        ( QUESTION0_10_R 1 2.803e+03 3.635e+02 1.310e+02
s>            ( - 1.029e+03 1 0)
s>            ( QUESTION0_0_R 1 1.410e+03 1.690e+02 7.600e+01
s>                ( - 8.341e+02 1 0)
s>                ( - 4.073e+02 1 0))))INFO: dtree.c(1315): Comp split 7
INFO: dtree.c(1439): stop. leaf nodes are specific
INFO: dtree.c(1478): Final simple tree
|( QUESTION0_10_R 1 5.241e+03 4.079e+02 2.190e+02
|    ( - 3.843e+03 1 0)
|    ( - 9.901e+02 1 0))
s>    ( QUESTION0_10_R 1 5.241e+03 4.079e+02 2.190e+02
s>        ( - 3.843e+03 1 0)
s>        ( - 9.901e+02 1 0))INFO: dtree.c(1439): stop. leaf nodes are specific
INFO: dtree.c(1478): Final simple tree
|( QUESTION0 -1 1.040e+04 1.282e+02 4.210e+02
|    ( - 1.020e+04 3 0)
|    ( - 7.147e+01 1 0))
s>    ( QUESTION0 -1 1.040e+04 1.282e+02 4.210e+02
s>        ( - 1.020e+04 3 0)
s>        ( - 7.147e+01 1 0))INFO: dtree.c(1315): Comp split 8
INFO: dtree.c(1439): stop. leaf nodes are specific
INFO: dtree.c(1478): Final simple tree
|( SILENCE 1 5.238e+03 4.383e+02 2.274e+02
|    ( - 1.224e+03 1 0)
|    ( - 3.575e+03 1 0))
s>    ( SILENCE 1 5.238e+03 4.383e+02 2.274e+02
s>        ( - 1.224e+03 1 0)
s>        ( - 3.575e+03 1 0))INFO: dtree.c(1439): stop. leaf nodes are specific
INFO: dtree.c(1478): Final simple tree
|( QUESTION0_0_R 1 5.687e+03 5.524e+02 2.328e+02
|    ( - 2.816e+03 2 0)
|    ( QUESTION0_19_R 1 2.319e+03 2.851e+02 1.079e+02
|        ( - 7.718e+02 2 0)
|        ( QUESTION0_15_R 1 1.262e+03 1.758e+02 6.386e+01
|            ( - 5.860e+02 2 0)
|            ( - 5.003e+02 1 0))))
s>    ( QUESTION0_0_R 1 5.687e+03 5.524e+02 2.328e+02
s>        ( - 2.816e+03 2 0)
s>        ( QUESTION0_19_R 1 2.319e+03 2.851e+02 1.079e+02
s>            ( - 7.718e+02 2 0)
s>            ( QUESTION0_15_R 1 1.262e+03 1.758e+02 6.386e+01
s>                ( - 5.860e+02 2 0)
s>                ( - 5.003e+02 1 0))))INFO: dtree.c(1315): Comp split 9
INFO: dtree.c(1439): stop. leaf nodes are specific
INFO: dtree.c(1478): Final simple tree
|( QUESTION0_0_R 1 5.884e+03 3.849e+02 2.438e+02
|    ( WDBNDRY_E 0 9.927e+02 4.637e+01 5.100e+01
|        ( - 9.383e+02 1 0)
|        ( - 8.000e+00 1 0))
|    ( - 4.506e+03 3 0))
s>    ( QUESTION0_0_R 1 5.884e+03 3.849e+02 2.438e+02
s>        ( WDBNDRY_E 0 9.927e+02 4.637e+01 5.100e+01
s>            ( - 9.383e+02 1 0)
s>            ( - 8.000e+00 1 0))
s>        ( - 4.506e+03 3 0))INFO: dtree.c(1439): stop. leaf nodes are specific
INFO: dtree.c(1478): Final simple tree
|( QUESTION0 -1 5.369e+03 4.802e+02 2.261e+02
|    ( - 3.175e+03 1 0)
|    ( - 1.713e+03 1 0))
s>    ( QUESTION0 -1 5.369e+03 4.802e+02 2.261e+02
s>        ( - 3.175e+03 1 0)
s>        ( - 1.713e+03 1 0))INFO: dtree.c(1315): Comp split 10
INFO: dtree.c(1439): stop. leaf nodes are specific
INFO: dtree.c(1478): Final simple tree
|( QUESTION0_19_R 1 2.319e+03 2.851e+02 1.079e+02
|    ( - 7.718e+02 2 0)
|    ( QUESTION0_15_R 1 1.262e+03 1.758e+02 6.386e+01
|        ( - 5.860e+02 2 0)
|        ( - 5.003e+02 1 0)))
s>    ( QUESTION0_19_R 1 2.319e+03 2.851e+02 1.079e+02
s>        ( - 7.718e+02 2 0)
s>        ( QUESTION0_15_R 1 1.262e+03 1.758e+02 6.386e+01
s>            ( - 5.860e+02 2 0)
s>            ( - 5.003e+02 1 0)))INFO: dtree.c(1315): Comp split 11
INFO: dtree.c(1439): stop. leaf nodes are specific
INFO: dtree.c(1478): Final simple tree
|( QUESTION0_0_R 1 1.410e+03 1.690e+02 7.600e+01
|    ( - 8.341e+02 1 0)
|    ( - 4.073e+02 1 0))
s>    ( QUESTION0_0_R 1 1.410e+03 1.690e+02 7.600e+01
s>        ( - 8.341e+02 1 0)
s>        ( - 4.073e+02 1 0))INFO: dtree.c(1439): stop. leaf nodes are specific
INFO: dtree.c(1478): Final simple tree
|( QUESTION0_0_R 1 2.711e+03 3.552e+02 1.240e+02
|    ( - 1.326e+03 1 0)
|    ( - 1.029e+03 1 0))
s>    ( QUESTION0_0_R 1 2.711e+03 3.552e+02 1.240e+02
s>        ( - 1.326e+03 1 0)
s>        ( - 1.029e+03 1 0))INFO: dtree.c(1315): Comp split 12
INFO: dtree.c(1315): Comp split 13
INFO: dtree.c(1315): Comp split 14
INFO: dtree.c(1315): Comp split 15
INFO: dtree.c(1315): Comp split 16
INFO: dtree.c(1439): stop. leaf nodes are specific
INFO: dtree.c(1478): Final simple tree
|( WDBNDRY_E 0 9.927e+02 4.637e+01 5.100e+01
|    ( - 9.383e+02 1 0)
|    ( - 8.000e+00 1 0))
s>    ( WDBNDRY_E 0 9.927e+02 4.637e+01 5.100e+01
s>        ( - 9.383e+02 1 0)
s>        ( - 8.000e+00 1 0))INFO: dtree.c(1315): Comp split 17
INFO: dtree.c(1315): Comp split 18
INFO: dtree.c(1439): stop. leaf nodes are specific
INFO: dtree.c(1478): Final simple tree
|( QUESTION0_15_R 1 1.262e+03 1.758e+02 6.386e+01
|    ( - 5.860e+02 2 0)
|    ( - 5.003e+02 1 0))
s>    ( QUESTION0_15_R 1 1.262e+03 1.758e+02 6.386e+01
s>        ( - 5.860e+02 2 0)
s>        ( - 5.003e+02 1 0))INFO: dtree.c(1315): Comp split 19
INFO: dtree.c(1315): Comp split 20
INFO: dtree.c(1315): Comp split 21
INFO: dtree.c(1315): Comp split 22
INFO: dtree.c(1315): Comp split 23
INFO: dtree.c(1315): Comp split 24
INFO: dtree.c(1318): stop. leaf nodes are specific
Fri Nov  2 10:07:57 2018
