Current configuration:
[NAME]		[DEFLT]	[VALUE]
-allphones	no	no
-cntthresh	0.00001	1.000000e-05
-csplitmax	100	2000
-csplitmin	1	1
-csplitthr	8e-4	0.000000e+00
-example	no	no
-fullvar	no	no
-help		no	no
-meanfn			
-mixwfn			/home/sdv/Documents/SDV/SDVoice/an4/model_parameters/an4.cd_semi_untied/mixture_weights
-moddeffn		/home/sdv/Documents/SDV/SDVoice/an4/model_architecture/an4.untied.mdef
-mwfloor	1e-4	1.000000e-08
-phone			Z
-psetfn			/home/sdv/Documents/SDV/SDVoice/an4/model_architecture/an4.tree_questions
-ssplitmax	5	7
-ssplitmin	1	1
-ssplitthr	8e-4	0.000000e+00
-state			2
-stwt			1.0,0.05,0.0,
-treefn			/home/sdv/Documents/SDV/SDVoice/an4/trees/an4.unpruned/Z-2.dtree
-ts2cbfn	.semi.	.semi.
-varfloor	0.00001	1.000000e-05
-varfn			

INFO: main.c(223): Reading: /home/sdv/Documents/SDV/SDVoice/an4/model_architecture/an4.untied.mdef
INFO: model_def_io.c(573): Model definition info:
INFO: model_def_io.c(574): 1618 total models defined (34 base, 1584 tri)
INFO: model_def_io.c(575): 6472 total states
INFO: model_def_io.c(576): 4854 total tied states
INFO: model_def_io.c(577): 102 total tied CI states
INFO: model_def_io.c(578): 34 total tied transition matrices
INFO: model_def_io.c(579): 4 max state/model
INFO: model_def_io.c(580): 4 min state/model
INFO: main.c(242): Building trees for [Z AH IY b] through [Z V IH b]
INFO: main.c(269): Covering states |[4779 4853]| == 75
INFO: main.c(275): Reading: /home/sdv/Documents/SDV/SDVoice/an4/model_parameters/an4.cd_semi_untied/mixture_weights
INFO: s3mixw_io.c(173): Read /home/sdv/Documents/SDV/SDVoice/an4/model_parameters/an4.cd_semi_untied/mixture_weights [75x4x256 array]
INFO: main.c(311): 25 of 25 models have observation count greater than 0.000010
INFO: main.c(95): nrm stwt: 0.000 0.048 0.952 
INFO: main.c(411): 25-class entropy: 4.467478e+03
INFO: main.c(549): Reading: /home/sdv/Documents/SDV/SDVoice/an4/model_architecture/an4.tree_questions
INFO: main.c(588): 176 total simple questions (168 phone; 8 word bndry)
INFO: main.c(590): 42 Left Only questions, and 42 Right Only questions
INFO: dtree.c(1478): Final simple tree
|( QUESTION0_0_R 1 7.331e+03 4.718e+02 3.373e+02
|    ( QUESTION14 -1 3.532e+03 2.525e+02 1.742e+02
|        ( - 1.359e+03 2 0)
|        ( QUESTION2_7_L -1 1.921e+03 1.726e+02 1.004e+02
|            ( - 7.445e+02 6 0 QUESTION2 -1 1.160e+02 4.362e+01)
|            ( - 1.003e+03 6 0 QUESTION2_11_L -1 1.306e+02 5.678e+01)))
|    ( QUESTION2_9_L -1 3.327e+03 2.884e+02 1.631e+02
|        ( QUESTION2 -1 1.905e+03 2.222e+02 9.899e+01
|            ( WDBNDRY_B 0 8.789e+02 1.549e+02 5.391e+01
|                ( - 2.974e+02 2 0)
|                ( - 4.266e+02 1 0))
|            ( - 8.043e+02 4 0 QUESTION0 -1 1.097e+02 4.507e+01))
|        ( QUESTION1 -1 1.133e+03 1.485e+02 6.410e+01
|            ( - 4.345e+02 1 0)
|            ( - 5.502e+02 3 0 QUESTION12 -1 9.786e+01 3.398e+01))))
s>    ( QUESTION0_0_R 1 7.331e+03 4.718e+02 3.373e+02
s>        ( QUESTION14 -1 3.532e+03 2.525e+02 1.742e+02
s>            ( - 1.359e+03 2 0)
s>            ( QUESTION2_7_L -1 1.921e+03 1.726e+02 1.004e+02
s>                ( - 7.445e+02 6 0 QUESTION2 -1 1.160e+02 4.362e+01)
s>                ( - 1.003e+03 6 0 QUESTION2_11_L -1 1.306e+02 5.678e+01)))
s>        ( QUESTION2_9_L -1 3.327e+03 2.884e+02 1.631e+02
s>            ( QUESTION2 -1 1.905e+03 2.222e+02 9.899e+01
s>                ( WDBNDRY_B 0 8.789e+02 1.549e+02 5.391e+01
s>                    ( - 2.974e+02 2 0)
s>                    ( - 4.266e+02 1 0))
s>                ( - 8.043e+02 4 0 QUESTION0 -1 1.097e+02 4.507e+01))
s>            ( QUESTION1 -1 1.133e+03 1.485e+02 6.410e+01
s>                ( - 4.345e+02 1 0)
s>                ( - 5.502e+02 3 0 QUESTION12 -1 9.786e+01 3.398e+01))))INFO: dtree.c(1315): Comp split 0
INFO: dtree.c(1439): stop. leaf nodes are specific
INFO: dtree.c(1478): Final simple tree
|( QUESTION4 -1 2.550e+03 2.551e+02 1.291e+02
|    ( WDBNDRY_B 0 1.024e+03 1.624e+02 5.894e+01
|        ( - 4.345e+02 1 0)
|        ( - 4.266e+02 1 0))
|    ( QUESTION7 -1 1.271e+03 1.783e+02 7.017e+01
|        ( - 5.752e+02 1 0)
|        ( QUESTION0 -1 5.178e+02 1.010e+02 3.510e+01
|            ( - 2.974e+02 2 0)
|            ( QUESTION16 -1 1.194e+02 3.542e+01 1.000e+01
|                ( - 6.676e+01 2 0)
|                ( - 1.722e+01 1 0)))))
s>    ( QUESTION4 -1 2.550e+03 2.551e+02 1.291e+02
s>        ( WDBNDRY_B 0 1.024e+03 1.624e+02 5.894e+01
s>            ( - 4.345e+02 1 0)
s>            ( - 4.266e+02 1 0))
s>        ( QUESTION7 -1 1.271e+03 1.783e+02 7.017e+01
s>            ( - 5.752e+02 1 0)
s>            ( QUESTION0 -1 5.178e+02 1.010e+02 3.510e+01
s>                ( - 2.974e+02 2 0)
s>                ( QUESTION16 -1 1.194e+02 3.542e+01 1.000e+01
s>                    ( - 6.676e+01 2 0)
s>                    ( - 1.722e+01 1 0)))))INFO: dtree.c(1478): Final simple tree
|( QUESTION14 -1 4.305e+03 2.796e+02 2.082e+02
|    ( QUESTION0_0_R 1 1.537e+03 9.158e+01 8.184e+01
|        ( - 1.359e+03 2 0)
|        ( - 8.624e+01 1 0))
|    ( QUESTION2_10_L -1 2.489e+03 2.037e+02 1.264e+02
|        ( QUESTION11 -1 1.010e+03 1.452e+02 5.499e+01
|            ( QUESTION0_0_R 1 4.956e+02 9.037e+01 3.099e+01
|                ( - 2.300e+02 2 0 QUESTION2_11_L -1 4.790e+01 1.700e+01)
|                ( - 1.753e+02 1 0))
|            ( - 3.692e+02 2 0 QUESTION0_0_R 1 7.810e+01 2.400e+01))
|        ( QUESTION1 -1 1.275e+03 1.495e+02 7.140e+01
|            ( - 4.553e+02 3 0 QUESTION2 -1 8.223e+01 2.962e+01)
|            ( QUESTION13 -1 6.704e+02 9.543e+01 4.178e+01
|                ( - 2.870e+02 4 0 QUESTION2_4_L -1 6.291e+01 2.078e+01)
|                ( - 2.880e+02 2 0 SILENCE -1 3.622e+01 2.100e+01)))))
s>    ( QUESTION14 -1 4.305e+03 2.796e+02 2.082e+02
s>        ( QUESTION0_0_R 1 1.537e+03 9.158e+01 8.184e+01
s>            ( - 1.359e+03 2 0)
s>            ( - 8.624e+01 1 0))
s>        ( QUESTION2_10_L -1 2.489e+03 2.037e+02 1.264e+02
s>            ( QUESTION11 -1 1.010e+03 1.452e+02 5.499e+01
s>                ( QUESTION0_0_R 1 4.956e+02 9.037e+01 3.099e+01
s>                    ( - 2.300e+02 2 0 QUESTION2_11_L -1 4.790e+01 1.700e+01)
s>                    ( - 1.753e+02 1 0))
s>                ( - 3.692e+02 2 0 QUESTION0_0_R 1 7.810e+01 2.400e+01))
s>            ( QUESTION1 -1 1.275e+03 1.495e+02 7.140e+01
s>                ( - 4.553e+02 3 0 QUESTION2 -1 8.223e+01 2.962e+01)
s>                ( QUESTION13 -1 6.704e+02 9.543e+01 4.178e+01
s>                    ( - 2.870e+02 4 0 QUESTION2_4_L -1 6.291e+01 2.078e+01)
s>                    ( - 2.880e+02 2 0 SILENCE -1 3.622e+01 2.100e+01)))))INFO: dtree.c(1315): Comp split 1
INFO: dtree.c(1439): stop. leaf nodes are specific
INFO: dtree.c(1478): Final simple tree
|( QUESTION14 -1 2.144e+03 1.729e+02 1.116e+02
|    ( - 1.359e+03 2 0)
|    ( QUESTION16 -1 6.123e+02 9.839e+01 3.778e+01
|        ( QUESTION2_0_L -1 2.435e+02 5.448e+01 1.800e+01
|            ( - 6.813e+01 1 0)
|            ( - 1.209e+02 2 0))
|        ( QUESTION2_11_L -1 2.704e+02 5.333e+01 1.978e+01
|            ( - 1.315e+02 1 0)
|            ( QUESTION0 -1 8.563e+01 2.705e+01 8.778e+00
|                ( - 5.058e+01 1 0)
|                ( - 8.001e+00 1 0)))))
s>    ( QUESTION14 -1 2.144e+03 1.729e+02 1.116e+02
s>        ( - 1.359e+03 2 0)
s>        ( QUESTION16 -1 6.123e+02 9.839e+01 3.778e+01
s>            ( QUESTION2_0_L -1 2.435e+02 5.448e+01 1.800e+01
s>                ( - 6.813e+01 1 0)
s>                ( - 1.209e+02 2 0))
s>            ( QUESTION2_11_L -1 2.704e+02 5.333e+01 1.978e+01
s>                ( - 1.315e+02 1 0)
s>                ( QUESTION0 -1 8.563e+01 2.705e+01 8.778e+00
s>                    ( - 5.058e+01 1 0)
s>                    ( - 8.001e+00 1 0)))))INFO: dtree.c(1478): Final simple tree
|( QUESTION0_0_R 1 1.844e+03 1.775e+02 9.661e+01
|    ( QUESTION1 -1 1.116e+03 1.347e+02 6.262e+01
|        ( QUESTION2 -1 4.553e+02 8.223e+01 2.962e+01
|            ( - 2.606e+02 2 0)
|            ( - 1.125e+02 1 0))
|        ( QUESTION2_10_L -1 5.260e+02 8.283e+01 3.300e+01
|            ( - 1.552e+02 1 0)
|            ( SILENCE -1 2.880e+02 3.622e+01 2.100e+01
|                ( - 2.281e+02 1 0)
|                ( - 2.364e+01 1 0))))
|    ( QUESTION12 -1 5.502e+02 9.786e+01 3.398e+01
|        ( - 1.359e+02 1 0)
|        ( QUESTION0 -1 3.165e+02 5.494e+01 2.198e+01
|            ( - 1.753e+02 1 0)
|            ( - 8.624e+01 1 0))))
s>    ( QUESTION0_0_R 1 1.844e+03 1.775e+02 9.661e+01
s>        ( QUESTION1 -1 1.116e+03 1.347e+02 6.262e+01
s>            ( QUESTION2 -1 4.553e+02 8.223e+01 2.962e+01
s>                ( - 2.606e+02 2 0)
s>                ( - 1.125e+02 1 0))
s>            ( QUESTION2_10_L -1 5.260e+02 8.283e+01 3.300e+01
s>                ( - 1.552e+02 1 0)
s>                ( SILENCE -1 2.880e+02 3.622e+01 2.100e+01
s>                    ( - 2.281e+02 1 0)
s>                    ( - 2.364e+01 1 0))))
s>        ( QUESTION12 -1 5.502e+02 9.786e+01 3.398e+01
s>            ( - 1.359e+02 1 0)
s>            ( QUESTION0 -1 3.165e+02 5.494e+01 2.198e+01
s>                ( - 1.753e+02 1 0)
s>                ( - 8.624e+01 1 0))))INFO: dtree.c(1315): Comp split 2
INFO: dtree.c(1439): stop. leaf nodes are specific
INFO: dtree.c(1478): Final simple tree
|( QUESTION3 -1 1.112e+03 1.715e+02 6.391e+01
|    ( - 2.974e+02 2 0)
|    ( WDBNDRY_B 0 6.427e+02 9.666e+01 3.882e+01
|        ( QUESTION16 -1 1.194e+02 3.542e+01 1.000e+01
|            ( - 6.676e+01 2 0)
|            ( - 1.722e+01 1 0))
|        ( - 4.266e+02 1 0)))
s>    ( QUESTION3 -1 1.112e+03 1.715e+02 6.391e+01
s>        ( - 2.974e+02 2 0)
s>        ( WDBNDRY_B 0 6.427e+02 9.666e+01 3.882e+01
s>            ( QUESTION16 -1 1.194e+02 3.542e+01 1.000e+01
s>                ( - 6.676e+01 2 0)
s>                ( - 1.722e+01 1 0))
s>            ( - 4.266e+02 1 0)))INFO: dtree.c(1439): stop. leaf nodes are specific
INFO: dtree.c(1478): Final simple tree
|( QUESTION2 -1 1.168e+03 1.581e+02 6.520e+01
|    ( - 4.345e+02 1 0)
|    ( - 5.752e+02 1 0))
s>    ( QUESTION2 -1 1.168e+03 1.581e+02 6.520e+01
s>        ( - 4.345e+02 1 0)
s>        ( - 5.752e+02 1 0))INFO: dtree.c(1315): Comp split 3
INFO: dtree.c(1439): stop. leaf nodes are specific
INFO: dtree.c(1478): Final simple tree
|( QUESTION0_0_R 1 7.664e+02 1.230e+02 4.398e+01
|    ( QUESTION1 -1 3.269e+02 5.920e+01 2.200e+01
|        ( - 1.125e+02 1 0)
|        ( - 1.552e+02 1 0))
|    ( QUESTION0 -1 3.165e+02 5.494e+01 2.198e+01
|        ( - 1.753e+02 1 0)
|        ( - 8.624e+01 1 0)))
s>    ( QUESTION0_0_R 1 7.664e+02 1.230e+02 4.398e+01
s>        ( QUESTION1 -1 3.269e+02 5.920e+01 2.200e+01
s>            ( - 1.125e+02 1 0)
s>            ( - 1.552e+02 1 0))
s>        ( QUESTION0 -1 3.165e+02 5.494e+01 2.198e+01
s>            ( - 1.753e+02 1 0)
s>            ( - 8.624e+01 1 0)))INFO: dtree.c(1439): stop. leaf nodes are specific
INFO: dtree.c(1478): Final simple tree
|( QUESTION1 -1 8.865e+02 1.141e+02 5.262e+01
|    ( - 2.606e+02 2 0)
|    ( QUESTION0_0_R 1 5.117e+02 8.794e+01 3.300e+01
|        ( SILENCE -1 2.880e+02 3.622e+01 2.100e+01
|            ( - 2.281e+02 1 0)
|            ( - 2.364e+01 1 0))
|        ( - 1.359e+02 1 0)))
s>    ( QUESTION1 -1 8.865e+02 1.141e+02 5.262e+01
s>        ( - 2.606e+02 2 0)
s>        ( QUESTION0_0_R 1 5.117e+02 8.794e+01 3.300e+01
s>            ( SILENCE -1 2.880e+02 3.622e+01 2.100e+01
s>                ( - 2.281e+02 1 0)
s>                ( - 2.364e+01 1 0))
s>            ( - 1.359e+02 1 0)))INFO: dtree.c(1315): Comp split 4
INFO: dtree.c(1439): stop. leaf nodes are specific
INFO: dtree.c(1478): Final simple tree
|( WDBNDRY_B 0 5.800e+02 8.660e+01 3.582e+01
|    ( - 6.676e+01 2 0)
|    ( - 4.266e+02 1 0))
s>    ( WDBNDRY_B 0 5.800e+02 8.660e+01 3.582e+01
s>        ( - 6.676e+01 2 0)
s>        ( - 4.266e+02 1 0))INFO: dtree.c(1439): stop. leaf nodes are specific
INFO: dtree.c(1478): Final simple tree
|( QUESTION0 -1 3.517e+02 3.710e+01 2.810e+01
|    ( - 2.974e+02 2 0)
|    ( - 1.722e+01 1 0))
s>    ( QUESTION0 -1 3.517e+02 3.710e+01 2.810e+01
s>        ( - 2.974e+02 2 0)
s>        ( - 1.722e+01 1 0))INFO: dtree.c(1315): Comp split 5
INFO: dtree.c(1439): stop. leaf nodes are specific
INFO: dtree.c(1478): Final simple tree
|( QUESTION0 -1 1.471e+03 6.150e+01 7.984e+01
|    ( - 5.058e+01 1 0)
|    ( - 1.359e+03 2 0))
s>    ( QUESTION0 -1 1.471e+03 6.150e+01 7.984e+01
s>        ( - 5.058e+01 1 0)
s>        ( - 1.359e+03 2 0))INFO: dtree.c(1439): stop. leaf nodes are specific
INFO: dtree.c(1478): Final simple tree
|( QUESTION16 -1 4.982e+02 8.459e+01 3.178e+01
|    ( QUESTION2_0_L -1 2.435e+02 5.448e+01 1.800e+01
|        ( - 6.813e+01 1 0)
|        ( - 1.209e+02 2 0))
|    ( QUESTION0 -1 1.702e+02 3.069e+01 1.378e+01
|        ( - 1.315e+02 1 0)
|        ( - 8.001e+00 1 0)))
s>    ( QUESTION16 -1 4.982e+02 8.459e+01 3.178e+01
s>        ( QUESTION2_0_L -1 2.435e+02 5.448e+01 1.800e+01
s>            ( - 6.813e+01 1 0)
s>            ( - 1.209e+02 2 0))
s>        ( QUESTION0 -1 1.702e+02 3.069e+01 1.378e+01
s>            ( - 1.315e+02 1 0)
s>            ( - 8.001e+00 1 0)))INFO: dtree.c(1315): Comp split 6
INFO: dtree.c(1315): Comp split 7
INFO: dtree.c(1439): stop. leaf nodes are specific
INFO: dtree.c(1478): Final simple tree
|( QUESTION0 -1 3.165e+02 5.494e+01 2.198e+01
|    ( - 1.753e+02 1 0)
|    ( - 8.624e+01 1 0))
s>    ( QUESTION0 -1 3.165e+02 5.494e+01 2.198e+01
s>        ( - 1.753e+02 1 0)
s>        ( - 8.624e+01 1 0))INFO: dtree.c(1439): stop. leaf nodes are specific
INFO: dtree.c(1478): Final simple tree
|( QUESTION1 -1 3.269e+02 5.920e+01 2.200e+01
|    ( - 1.125e+02 1 0)
|    ( - 1.552e+02 1 0))
s>    ( QUESTION1 -1 3.269e+02 5.920e+01 2.200e+01
s>        ( - 1.125e+02 1 0)
s>        ( - 1.552e+02 1 0))INFO: dtree.c(1315): Comp split 8
INFO: dtree.c(1439): stop. leaf nodes are specific
INFO: dtree.c(1478): Final simple tree
|( SILENCE -1 2.880e+02 3.622e+01 2.100e+01
|    ( - 2.281e+02 1 0)
|    ( - 2.364e+01 1 0))
s>    ( SILENCE -1 2.880e+02 3.622e+01 2.100e+01
s>        ( - 2.281e+02 1 0)
s>        ( - 2.364e+01 1 0))INFO: dtree.c(1439): stop. leaf nodes are specific
INFO: dtree.c(1478): Final simple tree
|( QUESTION0_0_R 1 4.844e+02 8.791e+01 3.162e+01
|    ( - 2.606e+02 2 0)
|    ( - 1.359e+02 1 0))
s>    ( QUESTION0_0_R 1 4.844e+02 8.791e+01 3.162e+01
s>        ( - 2.606e+02 2 0)
s>        ( - 1.359e+02 1 0))INFO: dtree.c(1315): Comp split 9
INFO: dtree.c(1315): Comp split 10
INFO: dtree.c(1439): stop. leaf nodes are specific
INFO: dtree.c(1478): Final simple tree
|( QUESTION16 -1 1.560e+02 2.708e+01 1.278e+01
|    ( - 1.209e+02 2 0)
|    ( - 8.001e+00 1 0))
s>    ( QUESTION16 -1 1.560e+02 2.708e+01 1.278e+01
s>        ( - 1.209e+02 2 0)
s>        ( - 8.001e+00 1 0))INFO: dtree.c(1439): stop. leaf nodes are specific
INFO: dtree.c(1478): Final simple tree
|( QUESTION0 -1 2.548e+02 5.519e+01 1.900e+01
|    ( - 1.315e+02 1 0)
|    ( - 6.813e+01 1 0))
s>    ( QUESTION0 -1 2.548e+02 5.519e+01 1.900e+01
s>        ( - 1.315e+02 1 0)
s>        ( - 6.813e+01 1 0))INFO: dtree.c(1315): Comp split 11
INFO: dtree.c(1315): Comp split 12
INFO: dtree.c(1315): Comp split 13
INFO: dtree.c(1315): Comp split 14
INFO: dtree.c(1315): Comp split 15
INFO: dtree.c(1315): Comp split 16
INFO: dtree.c(1315): Comp split 17
INFO: dtree.c(1315): Comp split 18
INFO: dtree.c(1315): Comp split 19
INFO: dtree.c(1318): stop. leaf nodes are specific
Fri Nov  2 10:08:03 2018
