Current configuration:
[NAME]		[DEFLT]	[VALUE]
-allphones	no	no
-cntthresh	0.00001	1.000000e-05
-csplitmax	100	2000
-csplitmin	1	1
-csplitthr	8e-4	0.000000e+00
-example	no	no
-fullvar	no	no
-help		no	no
-meanfn			
-mixwfn			/home/sdv/Documents/SDV/SDVoice/an4/model_parameters/an4.cd_semi_untied/mixture_weights
-moddeffn		/home/sdv/Documents/SDV/SDVoice/an4/model_architecture/an4.untied.mdef
-mwfloor	1e-4	1.000000e-08
-phone			JH
-psetfn			/home/sdv/Documents/SDV/SDVoice/an4/model_architecture/an4.tree_questions
-ssplitmax	5	7
-ssplitmin	1	1
-ssplitthr	8e-4	0.000000e+00
-state			1
-stwt			1.0,0.05,0.0,
-treefn			/home/sdv/Documents/SDV/SDVoice/an4/trees/an4.unpruned/JH-1.dtree
-ts2cbfn	.semi.	.semi.
-varfloor	0.00001	1.000000e-05
-varfn			

INFO: main.c(223): Reading: /home/sdv/Documents/SDV/SDVoice/an4/model_architecture/an4.untied.mdef
INFO: model_def_io.c(573): Model definition info:
INFO: model_def_io.c(574): 1618 total models defined (34 base, 1584 tri)
INFO: model_def_io.c(575): 6472 total states
INFO: model_def_io.c(576): 4854 total tied states
INFO: model_def_io.c(577): 102 total tied CI states
INFO: model_def_io.c(578): 34 total tied transition matrices
INFO: model_def_io.c(579): 4 max state/model
INFO: model_def_io.c(580): 4 min state/model
INFO: main.c(242): Building trees for [JH AH EY b] through [JH UW IY b]
INFO: main.c(269): Covering states |[2643 2732]| == 90
INFO: main.c(275): Reading: /home/sdv/Documents/SDV/SDVoice/an4/model_parameters/an4.cd_semi_untied/mixture_weights
INFO: s3mixw_io.c(173): Read /home/sdv/Documents/SDV/SDVoice/an4/model_parameters/an4.cd_semi_untied/mixture_weights [90x4x256 array]
INFO: main.c(311): 30 of 30 models have observation count greater than 0.000010
INFO: main.c(95): nrm stwt: 0.045 0.909 0.045 
INFO: main.c(411): 30-class entropy: 1.624486e+04
INFO: main.c(549): Reading: /home/sdv/Documents/SDV/SDVoice/an4/model_architecture/an4.tree_questions
INFO: main.c(588): 176 total simple questions (168 phone; 8 word bndry)
INFO: main.c(590): 42 Left Only questions, and 42 Right Only questions
INFO: dtree.c(1478): Final simple tree
|( QUESTION0_8_R 1 2.045e+04 5.811e+02 9.989e+02
|    ( QUESTION1 -1 1.466e+04 4.493e+02 7.369e+02
|        ( QUESTION2 -1 7.884e+03 1.968e+02 4.094e+02
|            ( - 6.936e+03 2 0)
|            ( - 7.511e+02 2 0 QUESTION8 -1 5.486e+01 5.000e+01))
|        ( QUESTION2_7_L -1 6.327e+03 2.979e+02 3.275e+02
|            ( - 1.987e+03 5 0 QUESTION14 -1 1.604e+02 1.094e+02)
|            ( SILENCE -1 4.041e+03 2.278e+02 2.180e+02
|                ( - 2.096e+03 2 0 QUESTION0 1 8.647e+01 1.200e+02)
|                ( - 1.717e+03 5 0 QUESTION16 -1 1.381e+02 9.800e+01))))
|    ( QUESTION2_6_L -1 5.209e+03 2.650e+02 2.619e+02
|        ( QUESTION0 -1 2.523e+03 1.883e+02 1.371e+02
|            ( - 1.208e+03 6 0 QUESTION1 -1 1.283e+02 7.100e+01)
|            ( - 1.127e+03 3 0 QUESTION14 -1 5.069e+01 6.611e+01))
|        ( - 2.421e+03 5 0 SILENCE -1 1.420e+02 1.248e+02)))
s>    ( QUESTION0_8_R 1 2.045e+04 5.811e+02 9.989e+02
s>        ( QUESTION1 -1 1.466e+04 4.493e+02 7.369e+02
s>            ( QUESTION2 -1 7.884e+03 1.968e+02 4.094e+02
s>                ( - 6.936e+03 2 0)
s>                ( - 7.511e+02 2 0 QUESTION8 -1 5.486e+01 5.000e+01))
s>            ( QUESTION2_7_L -1 6.327e+03 2.979e+02 3.275e+02
s>                ( - 1.987e+03 5 0 QUESTION14 -1 1.604e+02 1.094e+02)
s>                ( SILENCE -1 4.041e+03 2.278e+02 2.180e+02
s>                    ( - 2.096e+03 2 0 QUESTION0 1 8.647e+01 1.200e+02)
s>                    ( - 1.717e+03 5 0 QUESTION16 -1 1.381e+02 9.800e+01))))
s>        ( QUESTION2_6_L -1 5.209e+03 2.650e+02 2.619e+02
s>            ( QUESTION0 -1 2.523e+03 1.883e+02 1.371e+02
s>                ( - 1.208e+03 6 0 QUESTION1 -1 1.283e+02 7.100e+01)
s>                ( - 1.127e+03 3 0 QUESTION14 -1 5.069e+01 6.611e+01))
s>            ( - 2.421e+03 5 0 SILENCE -1 1.420e+02 1.248e+02)))INFO: dtree.c(1315): Comp split 0
INFO: dtree.c(1478): Final simple tree
|( QUESTION1 -1 1.466e+04 4.493e+02 7.369e+02
|    ( QUESTION2 -1 7.884e+03 1.968e+02 4.094e+02
|        ( - 6.936e+03 2 0)
|        ( - 7.511e+02 2 0 QUESTION8 -1 5.486e+01 5.000e+01))
|    ( QUESTION2_7_L -1 6.327e+03 2.979e+02 3.275e+02
|        ( QUESTION14 -1 1.987e+03 1.604e+02 1.094e+02
|            ( - 1.336e+03 2 0)
|            ( - 4.906e+02 3 0 QUESTION0 -1 6.322e+01 3.200e+01))
|        ( SILENCE -1 4.041e+03 2.278e+02 2.180e+02
|            ( - 2.096e+03 2 0 QUESTION0 1 8.647e+01 1.200e+02)
|            ( QUESTION16 -1 1.717e+03 1.381e+02 9.800e+01
|                ( - 4.737e+02 1 0)
|                ( QUESTION2_12_L -1 1.106e+03 1.218e+02 6.800e+01
|                    ( - 2.544e+02 1 0)
|                    ( - 7.294e+02 3 0 QUESTION0 -1 7.884e+01 4.900e+01))))))
s>    ( QUESTION1 -1 1.466e+04 4.493e+02 7.369e+02
s>        ( QUESTION2 -1 7.884e+03 1.968e+02 4.094e+02
s>            ( - 6.936e+03 2 0)
s>            ( - 7.511e+02 2 0 QUESTION8 -1 5.486e+01 5.000e+01))
s>        ( QUESTION2_7_L -1 6.327e+03 2.979e+02 3.275e+02
s>            ( QUESTION14 -1 1.987e+03 1.604e+02 1.094e+02
s>                ( - 1.336e+03 2 0)
s>                ( - 4.906e+02 3 0 QUESTION0 -1 6.322e+01 3.200e+01))
s>            ( SILENCE -1 4.041e+03 2.278e+02 2.180e+02
s>                ( - 2.096e+03 2 0 QUESTION0 1 8.647e+01 1.200e+02)
s>                ( QUESTION16 -1 1.717e+03 1.381e+02 9.800e+01
s>                    ( - 4.737e+02 1 0)
s>                    ( QUESTION2_12_L -1 1.106e+03 1.218e+02 6.800e+01
s>                        ( - 2.544e+02 1 0)
s>                        ( - 7.294e+02 3 0 QUESTION0 -1 7.884e+01 4.900e+01))))))INFO: dtree.c(1478): Final simple tree
|( QUESTION2_6_L -1 5.209e+03 2.650e+02 2.619e+02
|    ( QUESTION0 -1 2.523e+03 1.883e+02 1.371e+02
|        ( QUESTION1 -1 1.208e+03 1.283e+02 7.100e+01
|            ( QUESTION2 -1 4.493e+02 7.587e+01 3.200e+01
|                ( - 1.005e+02 1 0)
|                ( - 2.729e+02 2 0 QUESTION8 -1 5.181e+01 2.200e+01))
|            ( QUESTION2_12_L -1 6.305e+02 8.573e+01 3.900e+01
|                ( - 1.883e+02 1 0)
|                ( - 3.564e+02 2 0 QUESTION11 -1 5.907e+01 2.400e+01)))
|        ( - 1.127e+03 3 0 QUESTION14 -1 5.069e+01 6.611e+01))
|    ( SILENCE -1 2.421e+03 1.420e+02 1.248e+02
|        ( QUESTION14 1 2.109e+03 1.379e+02 1.116e+02
|            ( - 1.692e+03 1 0)
|            ( - 2.795e+02 2 0 QUESTION0_0_R 1 5.167e+01 2.000e+01))
|        ( - 1.701e+02 2 0 QUESTION16 -1 3.554e+01 1.325e+01)))
s>    ( QUESTION2_6_L -1 5.209e+03 2.650e+02 2.619e+02
s>        ( QUESTION0 -1 2.523e+03 1.883e+02 1.371e+02
s>            ( QUESTION1 -1 1.208e+03 1.283e+02 7.100e+01
s>                ( QUESTION2 -1 4.493e+02 7.587e+01 3.200e+01
s>                    ( - 1.005e+02 1 0)
s>                    ( - 2.729e+02 2 0 QUESTION8 -1 5.181e+01 2.200e+01))
s>                ( QUESTION2_12_L -1 6.305e+02 8.573e+01 3.900e+01
s>                    ( - 1.883e+02 1 0)
s>                    ( - 3.564e+02 2 0 QUESTION11 -1 5.907e+01 2.400e+01)))
s>            ( - 1.127e+03 3 0 QUESTION14 -1 5.069e+01 6.611e+01))
s>        ( SILENCE -1 2.421e+03 1.420e+02 1.248e+02
s>            ( QUESTION14 1 2.109e+03 1.379e+02 1.116e+02
s>                ( - 1.692e+03 1 0)
s>                ( - 2.795e+02 2 0 QUESTION0_0_R 1 5.167e+01 2.000e+01))
s>            ( - 1.701e+02 2 0 QUESTION16 -1 3.554e+01 1.325e+01)))INFO: dtree.c(1315): Comp split 1
INFO: dtree.c(1439): stop. leaf nodes are specific
INFO: dtree.c(1478): Final simple tree
|( QUESTION1 -1 8.009e+03 2.258e+02 4.104e+02
|    ( - 6.936e+03 2 0)
|    ( QUESTION0 -1 8.472e+02 1.174e+02 5.100e+01
|        ( QUESTION11 -1 3.643e+02 4.812e+01 2.500e+01
|            ( - 2.544e+02 1 0)
|            ( - 6.186e+01 1 0))
|        ( - 3.655e+02 2 0)))
s>    ( QUESTION1 -1 8.009e+03 2.258e+02 4.104e+02
s>        ( - 6.936e+03 2 0)
s>        ( QUESTION0 -1 8.472e+02 1.174e+02 5.100e+01
s>            ( QUESTION11 -1 3.643e+02 4.812e+01 2.500e+01
s>                ( - 2.544e+02 1 0)
s>                ( - 6.186e+01 1 0))
s>            ( - 3.655e+02 2 0)))INFO: dtree.c(1478): Final simple tree
|( SILENCE -1 6.191e+03 2.836e+02 3.265e+02
|    ( QUESTION0 1 2.096e+03 8.647e+01 1.200e+02
|        ( - 6.823e+01 1 0)
|        ( - 1.941e+03 1 0))
|    ( QUESTION14 -1 3.812e+03 2.341e+02 2.065e+02
|        ( - 1.336e+03 2 0)
|        ( QUESTION16 -1 2.241e+03 1.521e+02 1.290e+02
|            ( - 4.737e+02 1 0)
|            ( QUESTION1 -1 1.615e+03 1.346e+02 9.900e+01
|                ( QUESTION8 -1 7.511e+02 5.486e+01 5.000e+01
|                    ( - 3.587e+01 1 0)
|                    ( - 6.604e+02 1 0))
|                ( QUESTION0 -1 7.294e+02 7.884e+01 4.900e+01
|                    ( - 3.033e+02 2 0 QUESTION11 -1 4.754e+01 2.300e+01)
|                    ( - 3.472e+02 1 0))))))
s>    ( SILENCE -1 6.191e+03 2.836e+02 3.265e+02
s>        ( QUESTION0 1 2.096e+03 8.647e+01 1.200e+02
s>            ( - 6.823e+01 1 0)
s>            ( - 1.941e+03 1 0))
s>        ( QUESTION14 -1 3.812e+03 2.341e+02 2.065e+02
s>            ( - 1.336e+03 2 0)
s>            ( QUESTION16 -1 2.241e+03 1.521e+02 1.290e+02
s>                ( - 4.737e+02 1 0)
s>                ( QUESTION1 -1 1.615e+03 1.346e+02 9.900e+01
s>                    ( QUESTION8 -1 7.511e+02 5.486e+01 5.000e+01
s>                        ( - 3.587e+01 1 0)
s>                        ( - 6.604e+02 1 0))
s>                    ( QUESTION0 -1 7.294e+02 7.884e+01 4.900e+01
s>                        ( - 3.033e+02 2 0 QUESTION11 -1 4.754e+01 2.300e+01)
s>                        ( - 3.472e+02 1 0))))))INFO: dtree.c(1315): Comp split 2
INFO: dtree.c(1439): stop. leaf nodes are specific
INFO: dtree.c(1478): Final simple tree
|( SILENCE -1 2.377e+03 1.495e+02 1.286e+02
|    ( - 1.692e+03 1 0)
|    ( QUESTION1 -1 5.358e+02 7.453e+01 3.700e+01
|        ( QUESTION8 -1 2.729e+02 5.181e+01 2.200e+01
|            ( - 1.243e+02 1 0)
|            ( - 9.675e+01 1 0))
|        ( - 1.883e+02 1 0)))
s>    ( SILENCE -1 2.377e+03 1.495e+02 1.286e+02
s>        ( - 1.692e+03 1 0)
s>        ( QUESTION1 -1 5.358e+02 7.453e+01 3.700e+01
s>            ( QUESTION8 -1 2.729e+02 5.181e+01 2.200e+01
s>                ( - 1.243e+02 1 0)
s>                ( - 9.675e+01 1 0))
s>            ( - 1.883e+02 1 0)))INFO: dtree.c(1478): Final simple tree
|( QUESTION2_7_L -1 2.540e+03 2.169e+02 1.334e+02
|    ( QUESTION14 -1 1.317e+03 1.004e+02 7.611e+01
|        ( - 1.051e+03 2 0)
|        ( QUESTION0 -1 1.649e+02 3.999e+01 1.400e+01
|            ( - 1.005e+02 1 0)
|            ( - 2.446e+01 1 0)))
|    ( QUESTION0 -1 1.006e+03 1.156e+02 5.725e+01
|        ( QUESTION11 -1 3.564e+02 5.907e+01 2.400e+01
|            ( - 1.648e+02 1 0)
|            ( - 1.325e+02 1 0))
|        ( SILENCE -1 5.339e+02 8.435e+01 3.325e+01
|            ( QUESTION0_0_R 1 2.795e+02 5.167e+01 2.000e+01
|                ( - 5.930e+01 1 0)
|                ( - 1.685e+02 1 0))
|            ( - 1.701e+02 2 0 QUESTION16 -1 3.554e+01 1.325e+01))))
s>    ( QUESTION2_7_L -1 2.540e+03 2.169e+02 1.334e+02
s>        ( QUESTION14 -1 1.317e+03 1.004e+02 7.611e+01
s>            ( - 1.051e+03 2 0)
s>            ( QUESTION0 -1 1.649e+02 3.999e+01 1.400e+01
s>                ( - 1.005e+02 1 0)
s>                ( - 2.446e+01 1 0)))
s>        ( QUESTION0 -1 1.006e+03 1.156e+02 5.725e+01
s>            ( QUESTION11 -1 3.564e+02 5.907e+01 2.400e+01
s>                ( - 1.648e+02 1 0)
s>                ( - 1.325e+02 1 0))
s>            ( SILENCE -1 5.339e+02 8.435e+01 3.325e+01
s>                ( QUESTION0_0_R 1 2.795e+02 5.167e+01 2.000e+01
s>                    ( - 5.930e+01 1 0)
s>                    ( - 1.685e+02 1 0))
s>                ( - 1.701e+02 2 0 QUESTION16 -1 3.554e+01 1.325e+01))))INFO: dtree.c(1315): Comp split 3
INFO: dtree.c(1439): stop. leaf nodes are specific
INFO: dtree.c(1478): Final simple tree
|( QUESTION0 -1 2.390e+03 1.585e+02 1.370e+02
|    ( QUESTION1 -1 1.162e+03 1.074e+02 7.300e+01
|        ( QUESTION8 -1 7.511e+02 5.486e+01 5.000e+01
|            ( - 3.587e+01 1 0)
|            ( - 6.604e+02 1 0))
|        ( QUESTION11 -1 3.033e+02 4.754e+01 2.300e+01
|            ( - 6.336e+01 1 0)
|            ( - 1.924e+02 1 0)))
|    ( QUESTION17 -1 1.070e+03 1.182e+02 6.400e+01
|        ( - 3.472e+02 1 0)
|        ( SILENCE -1 6.043e+02 6.234e+01 3.800e+01
|            ( - 6.823e+01 1 0)
|            ( - 4.737e+02 1 0))))
s>    ( QUESTION0 -1 2.390e+03 1.585e+02 1.370e+02
s>        ( QUESTION1 -1 1.162e+03 1.074e+02 7.300e+01
s>            ( QUESTION8 -1 7.511e+02 5.486e+01 5.000e+01
s>                ( - 3.587e+01 1 0)
s>                ( - 6.604e+02 1 0))
s>            ( QUESTION11 -1 3.033e+02 4.754e+01 2.300e+01
s>                ( - 6.336e+01 1 0)
s>                ( - 1.924e+02 1 0)))
s>        ( QUESTION17 -1 1.070e+03 1.182e+02 6.400e+01
s>            ( - 3.472e+02 1 0)
s>            ( SILENCE -1 6.043e+02 6.234e+01 3.800e+01
s>                ( - 6.823e+01 1 0)
s>                ( - 4.737e+02 1 0))))INFO: dtree.c(1439): stop. leaf nodes are specific
INFO: dtree.c(1478): Final simple tree
|( SILENCE -1 3.510e+03 2.318e+02 1.895e+02
|    ( - 1.941e+03 1 0)
|    ( - 1.336e+03 2 0))
s>    ( SILENCE -1 3.510e+03 2.318e+02 1.895e+02
s>        ( - 1.941e+03 1 0)
s>        ( - 1.336e+03 2 0))INFO: dtree.c(1315): Comp split 4
INFO: dtree.c(1315): Comp split 5
INFO: dtree.c(1439): stop. leaf nodes are specific
INFO: dtree.c(1478): Final simple tree
|( QUESTION0 -1 8.472e+02 1.174e+02 5.100e+01
|    ( QUESTION11 -1 3.643e+02 4.812e+01 2.500e+01
|        ( - 2.544e+02 1 0)
|        ( - 6.186e+01 1 0))
|    ( - 3.655e+02 2 0))
s>    ( QUESTION0 -1 8.472e+02 1.174e+02 5.100e+01
s>        ( QUESTION11 -1 3.643e+02 4.812e+01 2.500e+01
s>            ( - 2.544e+02 1 0)
s>            ( - 6.186e+01 1 0))
s>        ( - 3.655e+02 2 0))INFO: dtree.c(1315): Comp split 6
INFO: dtree.c(1439): stop. leaf nodes are specific
INFO: dtree.c(1478): Final simple tree
|( QUESTION14 -1 1.435e+03 1.076e+02 8.211e+01
|    ( - 1.051e+03 2 0)
|    ( QUESTION0 -1 2.762e+02 6.093e+01 2.000e+01
|        ( - 1.005e+02 1 0)
|        ( SILENCE -1 1.148e+02 3.105e+01 1.000e+01
|            ( - 5.930e+01 1 0)
|            ( - 2.446e+01 1 0))))
s>    ( QUESTION14 -1 1.435e+03 1.076e+02 8.211e+01
s>        ( - 1.051e+03 2 0)
s>        ( QUESTION0 -1 2.762e+02 6.093e+01 2.000e+01
s>            ( - 1.005e+02 1 0)
s>            ( SILENCE -1 1.148e+02 3.105e+01 1.000e+01
s>                ( - 5.930e+01 1 0)
s>                ( - 2.446e+01 1 0))))INFO: dtree.c(1439): stop. leaf nodes are specific
INFO: dtree.c(1478): Final simple tree
|( QUESTION0 -1 8.873e+02 1.186e+02 5.125e+01
|    ( QUESTION11 -1 3.564e+02 5.907e+01 2.400e+01
|        ( - 1.648e+02 1 0)
|        ( - 1.325e+02 1 0))
|    ( SILENCE -1 4.122e+02 7.367e+01 2.725e+01
|        ( - 1.685e+02 1 0)
|        ( QUESTION16 -1 1.701e+02 3.554e+01 1.325e+01
|            ( - 9.965e+01 1 0)
|            ( - 3.488e+01 1 0))))
s>    ( QUESTION0 -1 8.873e+02 1.186e+02 5.125e+01
s>        ( QUESTION11 -1 3.564e+02 5.907e+01 2.400e+01
s>            ( - 1.648e+02 1 0)
s>            ( - 1.325e+02 1 0))
s>        ( SILENCE -1 4.122e+02 7.367e+01 2.725e+01
s>            ( - 1.685e+02 1 0)
s>            ( QUESTION16 -1 1.701e+02 3.554e+01 1.325e+01
s>                ( - 9.965e+01 1 0)
s>                ( - 3.488e+01 1 0))))INFO: dtree.c(1315): Comp split 7
INFO: dtree.c(1439): stop. leaf nodes are specific
INFO: dtree.c(1478): Final simple tree
|( QUESTION0 -1 1.407e+03 1.426e+02 8.300e+01
|    ( - 6.604e+02 1 0)
|    ( SILENCE -1 6.043e+02 6.234e+01 3.800e+01
|        ( - 6.823e+01 1 0)
|        ( - 4.737e+02 1 0)))
s>    ( QUESTION0 -1 1.407e+03 1.426e+02 8.300e+01
s>        ( - 6.604e+02 1 0)
s>        ( SILENCE -1 6.043e+02 6.234e+01 3.800e+01
s>            ( - 6.823e+01 1 0)
s>            ( - 4.737e+02 1 0)))INFO: dtree.c(1439): stop. leaf nodes are specific
INFO: dtree.c(1478): Final simple tree
|( QUESTION10 -1 8.120e+02 8.466e+01 5.400e+01
|    ( QUESTION11 -1 3.033e+02 4.754e+01 2.300e+01
|        ( - 6.336e+01 1 0)
|        ( - 1.924e+02 1 0))
|    ( QUESTION0 -1 4.241e+02 4.098e+01 3.100e+01
|        ( - 3.587e+01 1 0)
|        ( - 3.472e+02 1 0)))
s>    ( QUESTION10 -1 8.120e+02 8.466e+01 5.400e+01
s>        ( QUESTION11 -1 3.033e+02 4.754e+01 2.300e+01
s>            ( - 6.336e+01 1 0)
s>            ( - 1.924e+02 1 0))
s>        ( QUESTION0 -1 4.241e+02 4.098e+01 3.100e+01
s>            ( - 3.587e+01 1 0)
s>            ( - 3.472e+02 1 0)))INFO: dtree.c(1315): Comp split 8
INFO: dtree.c(1439): stop. leaf nodes are specific
INFO: dtree.c(1478): Final simple tree
|( QUESTION1 -1 5.358e+02 7.453e+01 3.700e+01
|    ( QUESTION8 -1 2.729e+02 5.181e+01 2.200e+01
|        ( - 1.243e+02 1 0)
|        ( - 9.675e+01 1 0))
|    ( - 1.883e+02 1 0))
s>    ( QUESTION1 -1 5.358e+02 7.453e+01 3.700e+01
s>        ( QUESTION8 -1 2.729e+02 5.181e+01 2.200e+01
s>            ( - 1.243e+02 1 0)
s>            ( - 9.675e+01 1 0))
s>        ( - 1.883e+02 1 0))INFO: dtree.c(1315): Comp split 9
INFO: dtree.c(1439): stop. leaf nodes are specific
INFO: dtree.c(1478): Final simple tree
|( SILENCE -1 6.043e+02 6.234e+01 3.800e+01
|    ( - 6.823e+01 1 0)
|    ( - 4.737e+02 1 0))
s>    ( SILENCE -1 6.043e+02 6.234e+01 3.800e+01
s>        ( - 6.823e+01 1 0)
s>        ( - 4.737e+02 1 0))INFO: dtree.c(1315): Comp split 10
INFO: dtree.c(1439): stop. leaf nodes are specific
INFO: dtree.c(1478): Final simple tree
|( SILENCE -1 4.122e+02 7.367e+01 2.725e+01
|    ( - 1.685e+02 1 0)
|    ( QUESTION16 -1 1.701e+02 3.554e+01 1.325e+01
|        ( - 9.965e+01 1 0)
|        ( - 3.488e+01 1 0)))
s>    ( SILENCE -1 4.122e+02 7.367e+01 2.725e+01
s>        ( - 1.685e+02 1 0)
s>        ( QUESTION16 -1 1.701e+02 3.554e+01 1.325e+01
s>            ( - 9.965e+01 1 0)
s>            ( - 3.488e+01 1 0)))INFO: dtree.c(1439): stop. leaf nodes are specific
INFO: dtree.c(1478): Final simple tree
|( QUESTION11 -1 3.564e+02 5.907e+01 2.400e+01
|    ( - 1.648e+02 1 0)
|    ( - 1.325e+02 1 0))
s>    ( QUESTION11 -1 3.564e+02 5.907e+01 2.400e+01
s>        ( - 1.648e+02 1 0)
s>        ( - 1.325e+02 1 0))INFO: dtree.c(1315): Comp split 11
INFO: dtree.c(1439): stop. leaf nodes are specific
INFO: dtree.c(1478): Final simple tree
|( QUESTION11 -1 3.643e+02 4.812e+01 2.500e+01
|    ( - 2.544e+02 1 0)
|    ( - 6.186e+01 1 0))
s>    ( QUESTION11 -1 3.643e+02 4.812e+01 2.500e+01
s>        ( - 2.544e+02 1 0)
s>        ( - 6.186e+01 1 0))INFO: dtree.c(1315): Comp split 12
INFO: dtree.c(1439): stop. leaf nodes are specific
INFO: dtree.c(1478): Final simple tree
|( QUESTION0 -1 2.762e+02 6.093e+01 2.000e+01
|    ( - 1.005e+02 1 0)
|    ( SILENCE -1 1.148e+02 3.105e+01 1.000e+01
|        ( - 5.930e+01 1 0)
|        ( - 2.446e+01 1 0)))
s>    ( QUESTION0 -1 2.762e+02 6.093e+01 2.000e+01
s>        ( - 1.005e+02 1 0)
s>        ( SILENCE -1 1.148e+02 3.105e+01 1.000e+01
s>            ( - 5.930e+01 1 0)
s>            ( - 2.446e+01 1 0)))INFO: dtree.c(1315): Comp split 13
INFO: dtree.c(1439): stop. leaf nodes are specific
INFO: dtree.c(1478): Final simple tree
|( QUESTION0 -1 4.241e+02 4.098e+01 3.100e+01
|    ( - 3.587e+01 1 0)
|    ( - 3.472e+02 1 0))
s>    ( QUESTION0 -1 4.241e+02 4.098e+01 3.100e+01
s>        ( - 3.587e+01 1 0)
s>        ( - 3.472e+02 1 0))INFO: dtree.c(1439): stop. leaf nodes are specific
INFO: dtree.c(1478): Final simple tree
|( QUESTION11 -1 3.033e+02 4.754e+01 2.300e+01
|    ( - 6.336e+01 1 0)
|    ( - 1.924e+02 1 0))
s>    ( QUESTION11 -1 3.033e+02 4.754e+01 2.300e+01
s>        ( - 6.336e+01 1 0)
s>        ( - 1.924e+02 1 0))INFO: dtree.c(1315): Comp split 14
INFO: dtree.c(1439): stop. leaf nodes are specific
INFO: dtree.c(1478): Final simple tree
|( QUESTION8 -1 2.729e+02 5.181e+01 2.200e+01
|    ( - 1.243e+02 1 0)
|    ( - 9.675e+01 1 0))
s>    ( QUESTION8 -1 2.729e+02 5.181e+01 2.200e+01
s>        ( - 1.243e+02 1 0)
s>        ( - 9.675e+01 1 0))INFO: dtree.c(1315): Comp split 15
INFO: dtree.c(1439): stop. leaf nodes are specific
INFO: dtree.c(1478): Final simple tree
|( QUESTION16 -1 1.701e+02 3.554e+01 1.325e+01
|    ( - 9.965e+01 1 0)
|    ( - 3.488e+01 1 0))
s>    ( QUESTION16 -1 1.701e+02 3.554e+01 1.325e+01
s>        ( - 9.965e+01 1 0)
s>        ( - 3.488e+01 1 0))INFO: dtree.c(1315): Comp split 16
INFO: dtree.c(1315): Comp split 17
INFO: dtree.c(1439): stop. leaf nodes are specific
INFO: dtree.c(1478): Final simple tree
|( SILENCE -1 1.148e+02 3.105e+01 1.000e+01
|    ( - 5.930e+01 1 0)
|    ( - 2.446e+01 1 0))
s>    ( SILENCE -1 1.148e+02 3.105e+01 1.000e+01
s>        ( - 5.930e+01 1 0)
s>        ( - 2.446e+01 1 0))INFO: dtree.c(1315): Comp split 18
INFO: dtree.c(1315): Comp split 19
INFO: dtree.c(1315): Comp split 20
INFO: dtree.c(1315): Comp split 21
INFO: dtree.c(1315): Comp split 22
INFO: dtree.c(1315): Comp split 23
INFO: dtree.c(1315): Comp split 24
INFO: dtree.c(1315): Comp split 25
INFO: dtree.c(1318): stop. leaf nodes are specific
Fri Nov  2 10:07:08 2018
