Current configuration:
[NAME]		[DEFLT]	[VALUE]
-allphones	no	no
-cntthresh	0.00001	1.000000e-05
-csplitmax	100	2000
-csplitmin	1	1
-csplitthr	8e-4	0.000000e+00
-example	no	no
-fullvar	no	no
-help		no	no
-meanfn			
-mixwfn			/home/sdv/Documents/SDV/SDVoice/an4/model_parameters/an4.cd_semi_untied/mixture_weights
-moddeffn		/home/sdv/Documents/SDV/SDVoice/an4/model_architecture/an4.untied.mdef
-mwfloor	1e-4	1.000000e-08
-phone			EY
-psetfn			/home/sdv/Documents/SDV/SDVoice/an4/model_architecture/an4.tree_questions
-ssplitmax	5	7
-ssplitmin	1	1
-ssplitthr	8e-4	0.000000e+00
-state			0
-stwt			1.0,0.05,0.0,
-treefn			/home/sdv/Documents/SDV/SDVoice/an4/trees/an4.unpruned/EY-0.dtree
-ts2cbfn	.semi.	.semi.
-varfloor	0.00001	1.000000e-05
-varfn			

INFO: main.c(223): Reading: /home/sdv/Documents/SDV/SDVoice/an4/model_architecture/an4.untied.mdef
INFO: model_def_io.c(573): Model definition info:
INFO: model_def_io.c(574): 1618 total models defined (34 base, 1584 tri)
INFO: model_def_io.c(575): 6472 total states
INFO: model_def_io.c(576): 4854 total tied states
INFO: model_def_io.c(577): 102 total tied CI states
INFO: model_def_io.c(578): 34 total tied transition matrices
INFO: model_def_io.c(579): 4 max state/model
INFO: model_def_io.c(580): 4 min state/model
INFO: main.c(242): Building trees for [EY AH CH b] through [EY V T b]
INFO: main.c(269): Covering states |[1326 1535]| == 210
INFO: main.c(275): Reading: /home/sdv/Documents/SDV/SDVoice/an4/model_parameters/an4.cd_semi_untied/mixture_weights
INFO: s3mixw_io.c(173): Read /home/sdv/Documents/SDV/SDVoice/an4/model_parameters/an4.cd_semi_untied/mixture_weights [210x4x256 array]
INFO: main.c(311): 70 of 70 models have observation count greater than 0.000010
INFO: main.c(95): nrm stwt: 0.952 0.048 0.000 
INFO: main.c(411): 70-class entropy: 5.906773e+04
INFO: main.c(549): Reading: /home/sdv/Documents/SDV/SDVoice/an4/model_architecture/an4.tree_questions
INFO: main.c(588): 176 total simple questions (168 phone; 8 word bndry)
INFO: main.c(590): 42 Left Only questions, and 42 Right Only questions
INFO: dtree.c(1478): Final simple tree
|( WDBNDRY_B 0 8.171e+04 2.762e+03 2.933e+03
|    ( QUESTION14 -1 6.123e+04 1.708e+03 2.209e+03
|        ( QUESTION0_18_R 1 2.449e+04 8.309e+02 9.190e+02
|            ( - 1.792e+04 2 0)
|            ( - 5.741e+03 2 0))
|        ( QUESTION13 -1 3.503e+04 1.248e+03 1.290e+03
|            ( - 9.451e+03 8 0 QUESTION2_0_L -1 6.998e+02 3.677e+02)
|            ( QUESTION10 -1 2.433e+04 9.188e+02 9.225e+02
|                ( - 8.796e+03 7 0 QUESTION2_12_L -1 6.006e+02 3.473e+02)
|                ( - 1.461e+04 13 0 SILENCE -1 7.688e+02 5.752e+02))))
|    ( QUESTION1 -1 1.772e+04 9.908e+02 7.235e+02
|        ( - 2.161e+03 3 0 WDBNDRY_E 0 1.970e+02 1.241e+02)
|        ( QUESTION2_15_L -1 1.457e+04 8.451e+02 5.994e+02
|            ( - 4.237e+03 16 0 QUESTION0_20_R 1 2.630e+02 2.022e+02)
|            ( - 9.487e+03 19 0 QUESTION15 1 4.566e+02 3.972e+02))))
s>    ( WDBNDRY_B 0 8.171e+04 2.762e+03 2.933e+03
s>        ( QUESTION14 -1 6.123e+04 1.708e+03 2.209e+03
s>            ( QUESTION0_18_R 1 2.449e+04 8.309e+02 9.190e+02
s>                ( - 1.792e+04 2 0)
s>                ( - 5.741e+03 2 0))
s>            ( QUESTION13 -1 3.503e+04 1.248e+03 1.290e+03
s>                ( - 9.451e+03 8 0 QUESTION2_0_L -1 6.998e+02 3.677e+02)
s>                ( QUESTION10 -1 2.433e+04 9.188e+02 9.225e+02
s>                    ( - 8.796e+03 7 0 QUESTION2_12_L -1 6.006e+02 3.473e+02)
s>                    ( - 1.461e+04 13 0 SILENCE -1 7.688e+02 5.752e+02))))
s>        ( QUESTION1 -1 1.772e+04 9.908e+02 7.235e+02
s>            ( - 2.161e+03 3 0 WDBNDRY_E 0 1.970e+02 1.241e+02)
s>            ( QUESTION2_15_L -1 1.457e+04 8.451e+02 5.994e+02
s>                ( - 4.237e+03 16 0 QUESTION0_20_R 1 2.630e+02 2.022e+02)
s>                ( - 9.487e+03 19 0 QUESTION15 1 4.566e+02 3.972e+02))))INFO: dtree.c(1315): Comp split 0
INFO: dtree.c(1478): Final simple tree
|( QUESTION14 -1 6.123e+04 1.708e+03 2.209e+03
|    ( QUESTION0_18_R 1 2.449e+04 8.309e+02 9.190e+02
|        ( - 1.792e+04 2 0)
|        ( - 5.741e+03 2 0))
|    ( QUESTION13 -1 3.503e+04 1.248e+03 1.290e+03
|        ( QUESTION2_0_L -1 9.451e+03 6.998e+02 3.677e+02
|            ( - 2.913e+03 3 0 QUESTION0_18_R 1 3.360e+02 1.301e+02)
|            ( QUESTION16 -1 5.837e+03 6.050e+02 2.375e+02
|                ( - 2.188e+03 4 0 QUESTION0_18_R 1 2.003e+02 1.045e+02)
|                ( - 3.044e+03 1 0)))
|        ( QUESTION10 -1 2.433e+04 9.188e+02 9.225e+02
|            ( - 8.796e+03 7 0 QUESTION2_12_L -1 6.006e+02 3.473e+02)
|            ( SILENCE -1 1.461e+04 7.688e+02 5.752e+02
|                ( - 4.965e+03 3 0 QUESTION0_18_R 1 3.598e+02 2.214e+02)
|                ( - 8.881e+03 10 0 QUESTION2 -1 5.882e+02 3.538e+02)))))
s>    ( QUESTION14 -1 6.123e+04 1.708e+03 2.209e+03
s>        ( QUESTION0_18_R 1 2.449e+04 8.309e+02 9.190e+02
s>            ( - 1.792e+04 2 0)
s>            ( - 5.741e+03 2 0))
s>        ( QUESTION13 -1 3.503e+04 1.248e+03 1.290e+03
s>            ( QUESTION2_0_L -1 9.451e+03 6.998e+02 3.677e+02
s>                ( - 2.913e+03 3 0 QUESTION0_18_R 1 3.360e+02 1.301e+02)
s>                ( QUESTION16 -1 5.837e+03 6.050e+02 2.375e+02
s>                    ( - 2.188e+03 4 0 QUESTION0_18_R 1 2.003e+02 1.045e+02)
s>                    ( - 3.044e+03 1 0)))
s>            ( QUESTION10 -1 2.433e+04 9.188e+02 9.225e+02
s>                ( - 8.796e+03 7 0 QUESTION2_12_L -1 6.006e+02 3.473e+02)
s>                ( SILENCE -1 1.461e+04 7.688e+02 5.752e+02
s>                    ( - 4.965e+03 3 0 QUESTION0_18_R 1 3.598e+02 2.214e+02)
s>                    ( - 8.881e+03 10 0 QUESTION2 -1 5.882e+02 3.538e+02)))))INFO: dtree.c(1478): Final simple tree
|( QUESTION1 -1 1.772e+04 9.908e+02 7.235e+02
|    ( - 2.161e+03 3 0 WDBNDRY_E 0 1.970e+02 1.241e+02)
|    ( QUESTION2_15_L -1 1.457e+04 8.451e+02 5.994e+02
|        ( QUESTION0_20_R 1 4.237e+03 2.630e+02 2.022e+02
|            ( - 1.079e+03 4 0 QUESTION1 1 9.871e+01 5.582e+01)
|            ( - 2.895e+03 12 0 QUESTION15 1 2.211e+02 1.464e+02))
|        ( QUESTION15 1 9.487e+03 4.566e+02 3.972e+02
|            ( QUESTION0_0_R 1 2.824e+03 2.624e+02 1.263e+02
|                ( - 8.918e+02 4 0 QUESTION0_6_R 1 1.596e+02 4.502e+01)
|                ( - 1.669e+03 2 0 QUESTION0_12_R 1 1.880e+02 8.124e+01))
|            ( QUESTION0 1 6.206e+03 3.520e+02 2.710e+02
|                ( - 2.945e+03 9 0 QUESTION0_10_R 1 2.311e+02 1.360e+02)
|                ( QUESTION0_0_R 1 2.909e+03 2.900e+02 1.350e+02
|                    ( - 1.059e+03 2 0)
|                    ( - 1.560e+03 2 0 SILENCE 1 1.528e+02 7.789e+01))))))
s>    ( QUESTION1 -1 1.772e+04 9.908e+02 7.235e+02
s>        ( - 2.161e+03 3 0 WDBNDRY_E 0 1.970e+02 1.241e+02)
s>        ( QUESTION2_15_L -1 1.457e+04 8.451e+02 5.994e+02
s>            ( QUESTION0_20_R 1 4.237e+03 2.630e+02 2.022e+02
s>                ( - 1.079e+03 4 0 QUESTION1 1 9.871e+01 5.582e+01)
s>                ( - 2.895e+03 12 0 QUESTION15 1 2.211e+02 1.464e+02))
s>            ( QUESTION15 1 9.487e+03 4.566e+02 3.972e+02
s>                ( QUESTION0_0_R 1 2.824e+03 2.624e+02 1.263e+02
s>                    ( - 8.918e+02 4 0 QUESTION0_6_R 1 1.596e+02 4.502e+01)
s>                    ( - 1.669e+03 2 0 QUESTION0_12_R 1 1.880e+02 8.124e+01))
s>                ( QUESTION0 1 6.206e+03 3.520e+02 2.710e+02
s>                    ( - 2.945e+03 9 0 QUESTION0_10_R 1 2.311e+02 1.360e+02)
s>                    ( QUESTION0_0_R 1 2.909e+03 2.900e+02 1.350e+02
s>                        ( - 1.059e+03 2 0)
s>                        ( - 1.560e+03 2 0 SILENCE 1 1.528e+02 7.789e+01))))))INFO: dtree.c(1315): Comp split 1
INFO: dtree.c(1478): Final simple tree
|( QUESTION2_7_L -1 2.730e+04 1.014e+03 1.027e+03
|    ( QUESTION7 -1 1.062e+04 6.727e+02 4.184e+02
|        ( - 3.598e+03 4 0 QUESTION0_18_R 1 2.655e+02 1.577e+02)
|        ( QUESTION1 -1 6.350e+03 5.212e+02 2.606e+02
|            ( - 3.421e+03 4 0 QUESTION0_18_R 1 2.154e+02 1.471e+02)
|            ( - 2.409e+03 5 0 QUESTION0_18_R 1 2.409e+02 1.135e+02)))
|    ( QUESTION2_11_L -1 1.566e+04 8.261e+02 6.087e+02
|        ( QUESTION11 -1 7.373e+03 4.770e+02 2.963e+02
|            ( QUESTION0_18_R 1 5.798e+03 4.090e+02 2.403e+02
|                ( - 8.761e+02 1 0)
|                ( - 4.513e+03 1 0))
|            ( - 1.098e+03 2 0 QUESTION0_18_R 1 1.436e+02 5.600e+01))
|        ( SILENCE -1 7.462e+03 5.236e+02 3.124e+02
|            ( - 4.965e+03 3 0 QUESTION0_18_R 1 3.598e+02 2.214e+02)
|            ( - 1.973e+03 4 0 QUESTION1 -1 2.664e+02 9.100e+01))))
s>    ( QUESTION2_7_L -1 2.730e+04 1.014e+03 1.027e+03
s>        ( QUESTION7 -1 1.062e+04 6.727e+02 4.184e+02
s>            ( - 3.598e+03 4 0 QUESTION0_18_R 1 2.655e+02 1.577e+02)
s>            ( QUESTION1 -1 6.350e+03 5.212e+02 2.606e+02
s>                ( - 3.421e+03 4 0 QUESTION0_18_R 1 2.154e+02 1.471e+02)
s>                ( - 2.409e+03 5 0 QUESTION0_18_R 1 2.409e+02 1.135e+02)))
s>        ( QUESTION2_11_L -1 1.566e+04 8.261e+02 6.087e+02
s>            ( QUESTION11 -1 7.373e+03 4.770e+02 2.963e+02
s>                ( QUESTION0_18_R 1 5.798e+03 4.090e+02 2.403e+02
s>                    ( - 8.761e+02 1 0)
s>                    ( - 4.513e+03 1 0))
s>                ( - 1.098e+03 2 0 QUESTION0_18_R 1 1.436e+02 5.600e+01))
s>            ( SILENCE -1 7.462e+03 5.236e+02 3.124e+02
s>                ( - 4.965e+03 3 0 QUESTION0_18_R 1 3.598e+02 2.214e+02)
s>                ( - 1.973e+03 4 0 QUESTION1 -1 2.664e+02 9.100e+01))))INFO: dtree.c(1439): stop. leaf nodes are specific
INFO: dtree.c(1478): Final simple tree
|( QUESTION14 -1 3.218e+04 1.209e+03 1.182e+03
|    ( QUESTION0_18_R 1 2.449e+04 8.309e+02 9.190e+02
|        ( - 1.792e+04 2 0)
|        ( - 5.741e+03 2 0))
|    ( QUESTION2_0_L -1 6.475e+03 5.173e+02 2.632e+02
|        ( QUESTION0_18_R 1 2.913e+03 3.360e+02 1.301e+02
|            ( QUESTION16 -1 1.783e+03 2.437e+02 8.315e+01
|                ( - 1.154e+03 1 0)
|                ( - 3.847e+02 1 0))
|            ( - 7.946e+02 1 0))
|        ( - 3.044e+03 1 0)))
s>    ( QUESTION14 -1 3.218e+04 1.209e+03 1.182e+03
s>        ( QUESTION0_18_R 1 2.449e+04 8.309e+02 9.190e+02
s>            ( - 1.792e+04 2 0)
s>            ( - 5.741e+03 2 0))
s>        ( QUESTION2_0_L -1 6.475e+03 5.173e+02 2.632e+02
s>            ( QUESTION0_18_R 1 2.913e+03 3.360e+02 1.301e+02
s>                ( QUESTION16 -1 1.783e+03 2.437e+02 8.315e+01
s>                    ( - 1.154e+03 1 0)
s>                    ( - 3.847e+02 1 0))
s>                ( - 7.946e+02 1 0))
s>            ( - 3.044e+03 1 0)))INFO: dtree.c(1315): Comp split 2
INFO: dtree.c(1439): stop. leaf nodes are specific
INFO: dtree.c(1478): Final simple tree
|( QUESTION0_18_R 1 2.520e+04 8.377e+02 9.422e+02
|    ( QUESTION14 -1 1.862e+04 3.156e+02 7.063e+02
|        ( - 1.792e+04 2 0)
|        ( - 3.847e+02 1 0))
|    ( - 5.741e+03 2 0))
s>    ( QUESTION0_18_R 1 2.520e+04 8.377e+02 9.422e+02
s>        ( QUESTION14 -1 1.862e+04 3.156e+02 7.063e+02
s>            ( - 1.792e+04 2 0)
s>            ( - 3.847e+02 1 0))
s>        ( - 5.741e+03 2 0))INFO: dtree.c(1439): stop. leaf nodes are specific
INFO: dtree.c(1478): Final simple tree
|( QUESTION16 -1 5.760e+03 4.719e+02 2.400e+02
|    ( QUESTION0_18_R 1 2.244e+03 2.949e+02 1.070e+02
|        ( - 1.154e+03 1 0)
|        ( - 7.946e+02 1 0))
|    ( - 3.044e+03 1 0))
s>    ( QUESTION16 -1 5.760e+03 4.719e+02 2.400e+02
s>        ( QUESTION0_18_R 1 2.244e+03 2.949e+02 1.070e+02
s>            ( - 1.154e+03 1 0)
s>            ( - 7.946e+02 1 0))
s>        ( - 3.044e+03 1 0))INFO: dtree.c(1315): Comp split 3
INFO: dtree.c(1478): Final simple tree
|( QUESTION15 1 9.487e+03 4.566e+02 3.972e+02
|    ( QUESTION0_0_R 1 2.824e+03 2.624e+02 1.263e+02
|        ( QUESTION0_6_R 1 8.918e+02 1.596e+02 4.502e+01
|            ( - 3.150e+02 1 0)
|            ( - 4.172e+02 3 0 QUESTION0_1_R 1 8.861e+01 2.500e+01))
|        ( QUESTION0_12_R 1 1.669e+03 1.880e+02 8.124e+01
|            ( - 4.352e+02 1 0)
|            ( - 1.046e+03 1 0)))
|    ( QUESTION0 1 6.206e+03 3.520e+02 2.710e+02
|        ( QUESTION0_10_R 1 2.945e+03 2.311e+02 1.360e+02
|            ( - 1.626e+03 4 0 QUESTION0_15_R 1 1.520e+02 7.900e+01)
|            ( - 1.088e+03 5 0 QUESTION11 1 1.541e+02 5.700e+01))
|        ( QUESTION0_0_R 1 2.909e+03 2.900e+02 1.350e+02
|            ( - 1.059e+03 2 0)
|            ( - 1.560e+03 2 0 SILENCE 1 1.528e+02 7.789e+01))))
s>    ( QUESTION15 1 9.487e+03 4.566e+02 3.972e+02
s>        ( QUESTION0_0_R 1 2.824e+03 2.624e+02 1.263e+02
s>            ( QUESTION0_6_R 1 8.918e+02 1.596e+02 4.502e+01
s>                ( - 3.150e+02 1 0)
s>                ( - 4.172e+02 3 0 QUESTION0_1_R 1 8.861e+01 2.500e+01))
s>            ( QUESTION0_12_R 1 1.669e+03 1.880e+02 8.124e+01
s>                ( - 4.352e+02 1 0)
s>                ( - 1.046e+03 1 0)))
s>        ( QUESTION0 1 6.206e+03 3.520e+02 2.710e+02
s>            ( QUESTION0_10_R 1 2.945e+03 2.311e+02 1.360e+02
s>                ( - 1.626e+03 4 0 QUESTION0_15_R 1 1.520e+02 7.900e+01)
s>                ( - 1.088e+03 5 0 QUESTION11 1 1.541e+02 5.700e+01))
s>            ( QUESTION0_0_R 1 2.909e+03 2.900e+02 1.350e+02
s>                ( - 1.059e+03 2 0)
s>                ( - 1.560e+03 2 0 SILENCE 1 1.528e+02 7.789e+01))))INFO: dtree.c(1478): Final simple tree
|( QUESTION1 -1 7.021e+03 6.230e+02 3.263e+02
|    ( WDBNDRY_E 0 2.161e+03 1.970e+02 1.241e+02
|        ( - 2.117e+02 2 0 QUESTION0_0_R 1 4.768e+01 1.589e+01)
|        ( - 1.752e+03 1 0))
|    ( QUESTION0_20_R 1 4.237e+03 2.630e+02 2.022e+02
|        ( - 1.079e+03 4 0 QUESTION1 1 9.871e+01 5.582e+01)
|        ( QUESTION15 1 2.895e+03 2.211e+02 1.464e+02
|            ( QUESTION0_13_R 1 1.091e+03 1.303e+02 6.001e+01
|                ( - 2.226e+02 1 0)
|                ( - 7.377e+02 2 0 QUESTION0_0_R 1 7.581e+01 4.200e+01))
|            ( QUESTION0_14_R 1 1.583e+03 1.631e+02 8.634e+01
|                ( QUESTION0_19_R 1 6.850e+02 1.113e+02 3.939e+01
|                    ( - 2.502e+02 1 0)
|                    ( - 3.235e+02 4 0 QUESTION0_15_R 1 7.270e+01 2.100e+01))
|                ( - 7.351e+02 4 0 QUESTION0_8_R 1 7.819e+01 4.695e+01)))))
s>    ( QUESTION1 -1 7.021e+03 6.230e+02 3.263e+02
s>        ( WDBNDRY_E 0 2.161e+03 1.970e+02 1.241e+02
s>            ( - 2.117e+02 2 0 QUESTION0_0_R 1 4.768e+01 1.589e+01)
s>            ( - 1.752e+03 1 0))
s>        ( QUESTION0_20_R 1 4.237e+03 2.630e+02 2.022e+02
s>            ( - 1.079e+03 4 0 QUESTION1 1 9.871e+01 5.582e+01)
s>            ( QUESTION15 1 2.895e+03 2.211e+02 1.464e+02
s>                ( QUESTION0_13_R 1 1.091e+03 1.303e+02 6.001e+01
s>                    ( - 2.226e+02 1 0)
s>                    ( - 7.377e+02 2 0 QUESTION0_0_R 1 7.581e+01 4.200e+01))
s>                ( QUESTION0_14_R 1 1.583e+03 1.631e+02 8.634e+01
s>                    ( QUESTION0_19_R 1 6.850e+02 1.113e+02 3.939e+01
s>                        ( - 2.502e+02 1 0)
s>                        ( - 3.235e+02 4 0 QUESTION0_15_R 1 7.270e+01 2.100e+01))
s>                    ( - 7.351e+02 4 0 QUESTION0_8_R 1 7.819e+01 4.695e+01)))))INFO: dtree.c(1315): Comp split 4
INFO: dtree.c(1478): Final simple tree
|( QUESTION11 -1 1.413e+04 7.983e+02 5.449e+02
|    ( QUESTION2_11_L -1 5.671e+03 3.801e+02 2.353e+02
|        ( - 4.513e+03 1 0)
|        ( QUESTION0_18_R 1 7.776e+02 1.309e+02 4.200e+01
|            ( - 4.037e+02 1 0)
|            ( - 2.430e+02 1 0)))
|    ( QUESTION1 -1 7.665e+03 5.615e+02 3.096e+02
|        ( QUESTION3 -1 4.695e+03 3.453e+02 1.961e+02
|            ( QUESTION0_18_R 1 3.421e+03 2.154e+02 1.471e+02
|                ( - 3.095e+02 2 0)
|                ( - 2.896e+03 2 0))
|            ( - 9.286e+02 2 0 QUESTION5 -1 1.190e+02 4.900e+01))
|        ( QUESTION0_18_R 1 2.409e+03 2.409e+02 1.135e+02
|            ( - 6.456e+02 3 0 QUESTION0 -1 9.010e+01 3.760e+01)
|            ( - 1.522e+03 2 0))))
s>    ( QUESTION11 -1 1.413e+04 7.983e+02 5.449e+02
s>        ( QUESTION2_11_L -1 5.671e+03 3.801e+02 2.353e+02
s>            ( - 4.513e+03 1 0)
s>            ( QUESTION0_18_R 1 7.776e+02 1.309e+02 4.200e+01
s>                ( - 4.037e+02 1 0)
s>                ( - 2.430e+02 1 0)))
s>        ( QUESTION1 -1 7.665e+03 5.615e+02 3.096e+02
s>            ( QUESTION3 -1 4.695e+03 3.453e+02 1.961e+02
s>                ( QUESTION0_18_R 1 3.421e+03 2.154e+02 1.471e+02
s>                    ( - 3.095e+02 2 0)
s>                    ( - 2.896e+03 2 0))
s>                ( - 9.286e+02 2 0 QUESTION5 -1 1.190e+02 4.900e+01))
s>            ( QUESTION0_18_R 1 2.409e+03 2.409e+02 1.135e+02
s>                ( - 6.456e+02 3 0 QUESTION0 -1 9.010e+01 3.760e+01)
s>                ( - 1.522e+03 2 0))))INFO: dtree.c(1478): Final simple tree
|( SILENCE -1 1.206e+04 7.403e+02 4.821e+02
|    ( QUESTION0_18_R 1 4.965e+03 3.598e+02 2.214e+02
|        ( - 3.200e+03 1 0)
|        ( - 1.406e+03 2 0 QUESTION0_17_R 1 9.939e+01 7.619e+01))
|    ( QUESTION1 -1 6.357e+03 4.999e+02 2.607e+02
|        ( QUESTION0_18_R 1 3.598e+03 2.655e+02 1.577e+02
|            ( - 5.251e+02 2 0 QUESTION8 -1 1.032e+02 3.000e+01)
|            ( QUESTION8 -1 2.807e+03 1.111e+02 1.277e+02
|                ( - 6.274e+01 1 0)
|                ( - 2.633e+03 1 0)))
|        ( QUESTION0_18_R 1 2.260e+03 2.934e+02 1.030e+02
|            ( QUESTION11 -1 1.153e+03 1.354e+02 5.900e+01
|                ( - 8.761e+02 1 0)
|                ( - 1.418e+02 1 0))
|            ( - 8.128e+02 1 0))))
s>    ( SILENCE -1 1.206e+04 7.403e+02 4.821e+02
s>        ( QUESTION0_18_R 1 4.965e+03 3.598e+02 2.214e+02
s>            ( - 3.200e+03 1 0)
s>            ( - 1.406e+03 2 0 QUESTION0_17_R 1 9.939e+01 7.619e+01))
s>        ( QUESTION1 -1 6.357e+03 4.999e+02 2.607e+02
s>            ( QUESTION0_18_R 1 3.598e+03 2.655e+02 1.577e+02
s>                ( - 5.251e+02 2 0 QUESTION8 -1 1.032e+02 3.000e+01)
s>                ( QUESTION8 -1 2.807e+03 1.111e+02 1.277e+02
s>                    ( - 6.274e+01 1 0)
s>                    ( - 2.633e+03 1 0)))
s>            ( QUESTION0_18_R 1 2.260e+03 2.934e+02 1.030e+02
s>                ( QUESTION11 -1 1.153e+03 1.354e+02 5.900e+01
s>                    ( - 8.761e+02 1 0)
s>                    ( - 1.418e+02 1 0))
s>                ( - 8.128e+02 1 0))))INFO: dtree.c(1315): Comp split 5
INFO: dtree.c(1439): stop. leaf nodes are specific
INFO: dtree.c(1478): Final simple tree
|( QUESTION0_18_R 1 6.420e+03 2.947e+02 2.591e+02
|    ( - 3.847e+02 1 0)
|    ( - 5.741e+03 2 0))
s>    ( QUESTION0_18_R 1 6.420e+03 2.947e+02 2.591e+02
s>        ( - 3.847e+02 1 0)
s>        ( - 5.741e+03 2 0))INFO: dtree.c(1315): Comp split 6
INFO: dtree.c(1439): stop. leaf nodes are specific
INFO: dtree.c(1478): Final simple tree
|( QUESTION1 -1 6.827e+03 5.284e+02 2.776e+02
|    ( QUESTION0_18_R 1 3.421e+03 2.154e+02 1.471e+02
|        ( - 3.095e+02 2 0)
|        ( - 2.896e+03 2 0))
|    ( QUESTION0_18_R 1 2.877e+03 2.644e+02 1.305e+02
|        ( QUESTION0 -1 6.456e+02 9.010e+01 3.760e+01
|            ( - 8.980e+01 1 0)
|            ( - 4.657e+02 2 0))
|        ( QUESTION0 -1 1.967e+03 2.024e+02 9.292e+01
|            ( - 2.430e+02 1 0)
|            ( - 1.522e+03 2 0))))
s>    ( QUESTION1 -1 6.827e+03 5.284e+02 2.776e+02
s>        ( QUESTION0_18_R 1 3.421e+03 2.154e+02 1.471e+02
s>            ( - 3.095e+02 2 0)
s>            ( - 2.896e+03 2 0))
s>        ( QUESTION0_18_R 1 2.877e+03 2.644e+02 1.305e+02
s>            ( QUESTION0 -1 6.456e+02 9.010e+01 3.760e+01
s>                ( - 8.980e+01 1 0)
s>                ( - 4.657e+02 2 0))
s>            ( QUESTION0 -1 1.967e+03 2.024e+02 9.292e+01
s>                ( - 2.430e+02 1 0)
s>                ( - 1.522e+03 2 0))))INFO: dtree.c(1439): stop. leaf nodes are specific
INFO: dtree.c(1478): Final simple tree
|( QUESTION2_11_L -1 6.507e+03 4.648e+02 2.673e+02
|    ( - 4.513e+03 1 0)
|    ( QUESTION0_18_R 1 1.529e+03 1.967e+02 7.400e+01
|        ( - 4.037e+02 1 0)
|        ( QUESTION5 -1 9.286e+02 1.190e+02 4.900e+01
|            ( - 1.785e+02 1 0)
|            ( - 6.311e+02 1 0))))
s>    ( QUESTION2_11_L -1 6.507e+03 4.648e+02 2.673e+02
s>        ( - 4.513e+03 1 0)
s>        ( QUESTION0_18_R 1 1.529e+03 1.967e+02 7.400e+01
s>            ( - 4.037e+02 1 0)
s>            ( QUESTION5 -1 9.286e+02 1.190e+02 4.900e+01
s>                ( - 1.785e+02 1 0)
s>                ( - 6.311e+02 1 0))))INFO: dtree.c(1315): Comp split 7
INFO: dtree.c(1439): stop. leaf nodes are specific
INFO: dtree.c(1478): Final simple tree
|( QUESTION0_18_R 1 5.256e+03 3.648e+02 2.334e+02
|    ( SILENCE -1 3.485e+03 1.439e+02 1.572e+02
|        ( - 3.200e+03 1 0)
|        ( - 1.418e+02 1 0))
|    ( QUESTION0_17_R 1 1.406e+03 9.939e+01 7.619e+01
|        ( - 1.249e+03 1 0)
|        ( - 5.747e+01 1 0)))
s>    ( QUESTION0_18_R 1 5.256e+03 3.648e+02 2.334e+02
s>        ( SILENCE -1 3.485e+03 1.439e+02 1.572e+02
s>            ( - 3.200e+03 1 0)
s>            ( - 1.418e+02 1 0))
s>        ( QUESTION0_17_R 1 1.406e+03 9.939e+01 7.619e+01
s>            ( - 1.249e+03 1 0)
s>            ( - 5.747e+01 1 0)))INFO: dtree.c(1439): stop. leaf nodes are specific
INFO: dtree.c(1478): Final simple tree
|( QUESTION1 -1 6.051e+03 4.956e+02 2.487e+02
|    ( QUESTION0_18_R 1 3.598e+03 2.655e+02 1.577e+02
|        ( QUESTION8 -1 5.251e+02 1.032e+02 3.000e+01
|            ( - 2.226e+02 1 0)
|            ( - 1.993e+02 1 0))
|        ( QUESTION8 -1 2.807e+03 1.111e+02 1.277e+02
|            ( - 6.274e+01 1 0)
|            ( - 2.633e+03 1 0)))
|    ( QUESTION0_18_R 1 1.958e+03 2.688e+02 9.100e+01
|        ( - 8.761e+02 1 0)
|        ( - 8.128e+02 1 0)))
s>    ( QUESTION1 -1 6.051e+03 4.956e+02 2.487e+02
s>        ( QUESTION0_18_R 1 3.598e+03 2.655e+02 1.577e+02
s>            ( QUESTION8 -1 5.251e+02 1.032e+02 3.000e+01
s>                ( - 2.226e+02 1 0)
s>                ( - 1.993e+02 1 0))
s>            ( QUESTION8 -1 2.807e+03 1.111e+02 1.277e+02
s>                ( - 6.274e+01 1 0)
s>                ( - 2.633e+03 1 0)))
s>        ( QUESTION0_18_R 1 1.958e+03 2.688e+02 9.100e+01
s>            ( - 8.761e+02 1 0)
s>            ( - 8.128e+02 1 0)))INFO: dtree.c(1315): Comp split 8
INFO: dtree.c(1478): Final simple tree
|( QUESTION0_20_R 1 4.237e+03 2.630e+02 2.022e+02
|    ( QUESTION1 1 1.079e+03 9.871e+01 5.582e+01
|        ( - 1.167e+02 1 0)
|        ( - 8.636e+02 3 0))
|    ( QUESTION15 1 2.895e+03 2.211e+02 1.464e+02
|        ( QUESTION0_13_R 1 1.091e+03 1.303e+02 6.001e+01
|            ( - 2.226e+02 1 0)
|            ( - 7.377e+02 2 0 QUESTION0_0_R 1 7.581e+01 4.200e+01))
|        ( QUESTION0_14_R 1 1.583e+03 1.631e+02 8.634e+01
|            ( QUESTION0_19_R 1 6.850e+02 1.113e+02 3.939e+01
|                ( - 2.502e+02 1 0)
|                ( - 3.235e+02 4 0 QUESTION0_15_R 1 7.270e+01 2.100e+01))
|            ( QUESTION0_8_R 1 7.351e+02 7.819e+01 4.695e+01
|                ( - 4.188e+02 2 0)
|                ( - 2.381e+02 2 0 QUESTION0_0_R 1 4.909e+01 1.808e+01)))))
s>    ( QUESTION0_20_R 1 4.237e+03 2.630e+02 2.022e+02
s>        ( QUESTION1 1 1.079e+03 9.871e+01 5.582e+01
s>            ( - 1.167e+02 1 0)
s>            ( - 8.636e+02 3 0))
s>        ( QUESTION15 1 2.895e+03 2.211e+02 1.464e+02
s>            ( QUESTION0_13_R 1 1.091e+03 1.303e+02 6.001e+01
s>                ( - 2.226e+02 1 0)
s>                ( - 7.377e+02 2 0 QUESTION0_0_R 1 7.581e+01 4.200e+01))
s>            ( QUESTION0_14_R 1 1.583e+03 1.631e+02 8.634e+01
s>                ( QUESTION0_19_R 1 6.850e+02 1.113e+02 3.939e+01
s>                    ( - 2.502e+02 1 0)
s>                    ( - 3.235e+02 4 0 QUESTION0_15_R 1 7.270e+01 2.100e+01))
s>                ( QUESTION0_8_R 1 7.351e+02 7.819e+01 4.695e+01
s>                    ( - 4.188e+02 2 0)
s>                    ( - 2.381e+02 2 0 QUESTION0_0_R 1 4.909e+01 1.808e+01)))))INFO: dtree.c(1439): stop. leaf nodes are specific
INFO: dtree.c(1478): Final simple tree
|( WDBNDRY_E 0 2.161e+03 1.970e+02 1.241e+02
|    ( QUESTION0_0_R 1 2.117e+02 4.768e+01 1.589e+01
|        ( - 1.318e+02 1 0)
|        ( - 3.227e+01 1 0))
|    ( - 1.752e+03 1 0))
s>    ( WDBNDRY_E 0 2.161e+03 1.970e+02 1.241e+02
s>        ( QUESTION0_0_R 1 2.117e+02 4.768e+01 1.589e+01
s>            ( - 1.318e+02 1 0)
s>            ( - 3.227e+01 1 0))
s>        ( - 1.752e+03 1 0))INFO: dtree.c(1315): Comp split 9
INFO: dtree.c(1439): stop. leaf nodes are specific
INFO: dtree.c(1478): Final simple tree
|( QUESTION0_18_R 1 2.409e+03 2.409e+02 1.135e+02
|    ( QUESTION0 -1 6.456e+02 9.010e+01 3.760e+01
|        ( - 8.980e+01 1 0)
|        ( - 4.657e+02 2 0))
|    ( - 1.522e+03 2 0))
s>    ( QUESTION0_18_R 1 2.409e+03 2.409e+02 1.135e+02
s>        ( QUESTION0 -1 6.456e+02 9.010e+01 3.760e+01
s>            ( - 8.980e+01 1 0)
s>            ( - 4.657e+02 2 0))
s>        ( - 1.522e+03 2 0))INFO: dtree.c(1439): stop. leaf nodes are specific
INFO: dtree.c(1478): Final simple tree
|( QUESTION0_18_R 1 3.874e+03 2.186e+02 1.641e+02
|    ( - 3.095e+02 2 0)
|    ( QUESTION1 -1 3.346e+03 2.071e+02 1.441e+02
|        ( - 2.896e+03 2 0)
|        ( - 2.430e+02 1 0)))
s>    ( QUESTION0_18_R 1 3.874e+03 2.186e+02 1.641e+02
s>        ( - 3.095e+02 2 0)
s>        ( QUESTION1 -1 3.346e+03 2.071e+02 1.441e+02
s>            ( - 2.896e+03 2 0)
s>            ( - 2.430e+02 1 0)))INFO: dtree.c(1315): Comp split 10
INFO: dtree.c(1439): stop. leaf nodes are specific
INFO: dtree.c(1478): Final simple tree
|( QUESTION0_18_R 1 3.039e+03 1.831e+02 1.367e+02
|    ( - 2.226e+02 1 0)
|    ( - 2.633e+03 1 0))
s>    ( QUESTION0_18_R 1 3.039e+03 1.831e+02 1.367e+02
s>        ( - 2.226e+02 1 0)
s>        ( - 2.633e+03 1 0))INFO: dtree.c(1439): stop. leaf nodes are specific
INFO: dtree.c(1478): Final simple tree
|( QUESTION0_18_R 1 2.490e+03 3.053e+02 1.120e+02
|    ( QUESTION1 -1 1.213e+03 1.374e+02 6.100e+01
|        ( - 1.993e+02 1 0)
|        ( - 8.761e+02 1 0))
|    ( QUESTION1 -1 9.714e+02 9.594e+01 5.100e+01
|        ( - 6.274e+01 1 0)
|        ( - 8.128e+02 1 0)))
s>    ( QUESTION0_18_R 1 2.490e+03 3.053e+02 1.120e+02
s>        ( QUESTION1 -1 1.213e+03 1.374e+02 6.100e+01
s>            ( - 1.993e+02 1 0)
s>            ( - 8.761e+02 1 0))
s>        ( QUESTION1 -1 9.714e+02 9.594e+01 5.100e+01
s>            ( - 6.274e+01 1 0)
s>            ( - 8.128e+02 1 0)))INFO: dtree.c(1315): Comp split 11
INFO: dtree.c(1439): stop. leaf nodes are specific
INFO: dtree.c(1478): Final simple tree
|( QUESTION0_8_R 1 3.685e+03 3.295e+02 1.633e+02
|    ( QUESTION14 1 1.461e+03 1.815e+02 7.310e+01
|        ( - 1.059e+03 2 0)
|        ( - 2.206e+02 1 0))
|    ( QUESTION0_13_R 1 1.894e+03 2.119e+02 9.024e+01
|        ( - 1.046e+03 1 0)
|        ( QUESTION0_0_R 1 6.360e+02 9.283e+01 3.600e+01
|            ( - 1.080e+02 2 0)
|            ( - 4.352e+02 1 0))))
s>    ( QUESTION0_8_R 1 3.685e+03 3.295e+02 1.633e+02
s>        ( QUESTION14 1 1.461e+03 1.815e+02 7.310e+01
s>            ( - 1.059e+03 2 0)
s>            ( - 2.206e+02 1 0))
s>        ( QUESTION0_13_R 1 1.894e+03 2.119e+02 9.024e+01
s>            ( - 1.046e+03 1 0)
s>            ( QUESTION0_0_R 1 6.360e+02 9.283e+01 3.600e+01
s>                ( - 1.080e+02 2 0)
s>                ( - 4.352e+02 1 0))))INFO: dtree.c(1478): Final simple tree
|( QUESTION0_9_R 1 5.309e+03 3.257e+02 2.339e+02
|    ( QUESTION0_14_R 1 3.020e+03 2.448e+02 1.400e+02
|        ( QUESTION0_15_R 1 1.626e+03 1.520e+02 7.900e+01
|            ( - 4.770e+02 1 0)
|            ( QUESTION0_18_R 1 9.969e+02 1.087e+02 5.200e+01
|                ( - 1.308e+02 1 0)
|                ( - 7.574e+02 2 0 QUESTION0_17_R 1 6.380e+01 4.200e+01)))
|        ( QUESTION11 1 1.150e+03 1.349e+02 6.100e+01
|            ( - 5.870e+02 2 0)
|            ( - 4.278e+02 2 0 QUESTION0_10_R 1 6.061e+01 2.600e+01)))
|    ( SILENCE 1 1.963e+03 2.089e+02 9.390e+01
|        ( - 1.084e+03 1 0)
|        ( QUESTION0_2_R 1 6.701e+02 1.033e+02 3.702e+01
|            ( - 2.518e+02 2 0 QUESTION0_3_R 1 5.651e+01 1.700e+01)
|            ( - 3.150e+02 1 0))))
s>    ( QUESTION0_9_R 1 5.309e+03 3.257e+02 2.339e+02
s>        ( QUESTION0_14_R 1 3.020e+03 2.448e+02 1.400e+02
s>            ( QUESTION0_15_R 1 1.626e+03 1.520e+02 7.900e+01
s>                ( - 4.770e+02 1 0)
s>                ( QUESTION0_18_R 1 9.969e+02 1.087e+02 5.200e+01
s>                    ( - 1.308e+02 1 0)
s>                    ( - 7.574e+02 2 0 QUESTION0_17_R 1 6.380e+01 4.200e+01)))
s>            ( QUESTION11 1 1.150e+03 1.349e+02 6.100e+01
s>                ( - 5.870e+02 2 0)
s>                ( - 4.278e+02 2 0 QUESTION0_10_R 1 6.061e+01 2.600e+01)))
s>        ( SILENCE 1 1.963e+03 2.089e+02 9.390e+01
s>            ( - 1.084e+03 1 0)
s>            ( QUESTION0_2_R 1 6.701e+02 1.033e+02 3.702e+01
s>                ( - 2.518e+02 2 0 QUESTION0_3_R 1 5.651e+01 1.700e+01)
s>                ( - 3.150e+02 1 0))))INFO: dtree.c(1315): Comp split 12
INFO: dtree.c(1439): stop. leaf nodes are specific
INFO: dtree.c(1478): Final simple tree
|( QUESTION0_18_R 1 2.244e+03 2.949e+02 1.070e+02
|    ( - 1.154e+03 1 0)
|    ( - 7.946e+02 1 0))
s>    ( QUESTION0_18_R 1 2.244e+03 2.949e+02 1.070e+02
s>        ( - 1.154e+03 1 0)
s>        ( - 7.946e+02 1 0))INFO: dtree.c(1315): Comp split 13
INFO: dtree.c(1439): stop. leaf nodes are specific
INFO: dtree.c(1478): Final simple tree
|( QUESTION0_18_R 1 1.529e+03 1.967e+02 7.400e+01
|    ( - 4.037e+02 1 0)
|    ( QUESTION5 -1 9.286e+02 1.190e+02 4.900e+01
|        ( - 1.785e+02 1 0)
|        ( - 6.311e+02 1 0)))
s>    ( QUESTION0_18_R 1 1.529e+03 1.967e+02 7.400e+01
s>        ( - 4.037e+02 1 0)
s>        ( QUESTION5 -1 9.286e+02 1.190e+02 4.900e+01
s>            ( - 1.785e+02 1 0)
s>            ( - 6.311e+02 1 0)))INFO: dtree.c(1315): Comp split 14
INFO: dtree.c(1439): stop. leaf nodes are specific
INFO: dtree.c(1478): Final simple tree
|( SILENCE -1 1.521e+03 1.296e+02 8.219e+01
|    ( - 1.249e+03 1 0)
|    ( - 1.418e+02 1 0))
s>    ( SILENCE -1 1.521e+03 1.296e+02 8.219e+01
s>        ( - 1.249e+03 1 0)
s>        ( - 1.418e+02 1 0))INFO: dtree.c(1439): stop. leaf nodes are specific
INFO: dtree.c(1478): Final simple tree
|( QUESTION0_17_R 1 3.350e+03 9.306e+01 1.512e+02
|    ( - 3.200e+03 1 0)
|    ( - 5.747e+01 1 0))
s>    ( QUESTION0_17_R 1 3.350e+03 9.306e+01 1.512e+02
s>        ( - 3.200e+03 1 0)
s>        ( - 5.747e+01 1 0))INFO: dtree.c(1315): Comp split 15
INFO: dtree.c(1439): stop. leaf nodes are specific
INFO: dtree.c(1478): Final simple tree
|( QUESTION12 1 2.097e+03 2.025e+02 1.030e+02
|    ( QUESTION0_17_R 1 8.628e+02 8.522e+01 4.700e+01
|        ( - 6.596e+02 1 0)
|        ( QUESTION0_10_R 1 1.180e+02 3.975e+01 1.000e+01
|            ( - 3.399e+01 1 0)
|            ( - 4.429e+01 1 0)))
|    ( QUESTION0_10_R 1 1.031e+03 1.215e+02 5.600e+01
|        ( - 3.229e+02 1 0)
|        ( - 5.870e+02 2 0)))
s>    ( QUESTION12 1 2.097e+03 2.025e+02 1.030e+02
s>        ( QUESTION0_17_R 1 8.628e+02 8.522e+01 4.700e+01
s>            ( - 6.596e+02 1 0)
s>            ( QUESTION0_10_R 1 1.180e+02 3.975e+01 1.000e+01
s>                ( - 3.399e+01 1 0)
s>                ( - 4.429e+01 1 0)))
s>        ( QUESTION0_10_R 1 1.031e+03 1.215e+02 5.600e+01
s>            ( - 3.229e+02 1 0)
s>            ( - 5.870e+02 2 0)))INFO: dtree.c(1439): stop. leaf nodes are specific
INFO: dtree.c(1478): Final simple tree
|( SILENCE 1 2.862e+03 2.529e+02 1.309e+02
|    ( - 1.084e+03 1 0)
|    ( QUESTION2 1 1.525e+03 1.648e+02 7.402e+01
|        ( QUESTION0_0_R 1 5.871e+02 6.883e+01 3.300e+01
|            ( - 4.134e+01 1 0)
|            ( - 4.770e+02 1 0))
|        ( QUESTION0_4_R 1 7.727e+02 1.114e+02 4.102e+01
|            ( - 3.150e+02 1 0)
|            ( QUESTION0_0_R 1 3.463e+02 6.156e+01 2.100e+01
|                ( - 1.540e+02 1 0)
|                ( - 1.308e+02 1 0)))))
s>    ( SILENCE 1 2.862e+03 2.529e+02 1.309e+02
s>        ( - 1.084e+03 1 0)
s>        ( QUESTION2 1 1.525e+03 1.648e+02 7.402e+01
s>            ( QUESTION0_0_R 1 5.871e+02 6.883e+01 3.300e+01
s>                ( - 4.134e+01 1 0)
s>                ( - 4.770e+02 1 0))
s>            ( QUESTION0_4_R 1 7.727e+02 1.114e+02 4.102e+01
s>                ( - 3.150e+02 1 0)
s>                ( QUESTION0_0_R 1 3.463e+02 6.156e+01 2.100e+01
s>                    ( - 1.540e+02 1 0)
s>                    ( - 1.308e+02 1 0)))))INFO: dtree.c(1315): Comp split 16
INFO: dtree.c(1439): stop. leaf nodes are specific
INFO: dtree.c(1478): Final simple tree
|( QUESTION0_0_R 1 1.679e+03 1.847e+02 8.410e+01
|    ( - 1.059e+03 2 0)
|    ( - 4.352e+02 1 0))
s>    ( QUESTION0_0_R 1 1.679e+03 1.847e+02 8.410e+01
s>        ( - 1.059e+03 2 0)
s>        ( - 4.352e+02 1 0))INFO: dtree.c(1439): stop. leaf nodes are specific
INFO: dtree.c(1478): Final simple tree
|( QUESTION0_0_R 1 1.663e+03 1.993e+02 7.924e+01
|    ( QUESTION0_1_R 1 4.172e+02 8.861e+01 2.500e+01
|        ( - 1.080e+02 2 0)
|        ( - 2.206e+02 1 0))
|    ( - 1.046e+03 1 0))
s>    ( QUESTION0_0_R 1 1.663e+03 1.993e+02 7.924e+01
s>        ( QUESTION0_1_R 1 4.172e+02 8.861e+01 2.500e+01
s>            ( - 1.080e+02 2 0)
s>            ( - 2.206e+02 1 0))
s>        ( - 1.046e+03 1 0))INFO: dtree.c(1315): Comp split 17
INFO: dtree.c(1439): stop. leaf nodes are specific
INFO: dtree.c(1478): Final simple tree
|( QUESTION10 1 2.263e+03 2.113e+02 1.148e+02
|    ( QUESTION0_10_R 1 1.095e+03 1.096e+02 5.685e+01
|        ( QUESTION0_18_R 1 1.219e+02 3.744e+01 1.000e+01
|            ( - 5.342e+01 1 0)
|            ( - 3.105e+01 1 0))
|        ( - 8.636e+02 3 0))
|    ( QUESTION0_0_R 1 9.571e+02 1.093e+02 5.795e+01
|        ( QUESTION0_1_R 1 5.880e+02 5.711e+01 3.987e+01
|            ( - 1.121e+02 1 0)
|            ( - 4.188e+02 2 0))
|        ( QUESTION0_11_R 1 2.597e+02 5.391e+01 1.808e+01
|            ( - 7.692e+01 1 0)
|            ( - 1.289e+02 2 0))))
s>    ( QUESTION10 1 2.263e+03 2.113e+02 1.148e+02
s>        ( QUESTION0_10_R 1 1.095e+03 1.096e+02 5.685e+01
s>            ( QUESTION0_18_R 1 1.219e+02 3.744e+01 1.000e+01
s>                ( - 5.342e+01 1 0)
s>                ( - 3.105e+01 1 0))
s>            ( - 8.636e+02 3 0))
s>        ( QUESTION0_0_R 1 9.571e+02 1.093e+02 5.795e+01
s>            ( QUESTION0_1_R 1 5.880e+02 5.711e+01 3.987e+01
s>                ( - 1.121e+02 1 0)
s>                ( - 4.188e+02 2 0))
s>            ( QUESTION0_11_R 1 2.597e+02 5.391e+01 1.808e+01
s>                ( - 7.692e+01 1 0)
s>                ( - 1.289e+02 2 0))))INFO: dtree.c(1439): stop. leaf nodes are specific
INFO: dtree.c(1478): Final simple tree
|( QUESTION0_10_R 1 1.663e+03 1.640e+02 8.737e+01
|    ( QUESTION0_13_R 1 7.769e+02 1.006e+02 4.640e+01
|        ( - 2.226e+02 1 0)
|        ( QUESTION0_11_R 1 4.537e+02 6.700e+01 2.838e+01
|            ( - 1.365e+02 1 0)
|            ( - 2.502e+02 1 0)))
|    ( QUESTION0_0_R 1 7.223e+02 8.020e+01 4.097e+01
|        ( - 5.254e+02 1 0)
|        ( - 1.167e+02 1 0)))
s>    ( QUESTION0_10_R 1 1.663e+03 1.640e+02 8.737e+01
s>        ( QUESTION0_13_R 1 7.769e+02 1.006e+02 4.640e+01
s>            ( - 2.226e+02 1 0)
s>            ( QUESTION0_11_R 1 4.537e+02 6.700e+01 2.838e+01
s>                ( - 1.365e+02 1 0)
s>                ( - 2.502e+02 1 0)))
s>        ( QUESTION0_0_R 1 7.223e+02 8.020e+01 4.097e+01
s>            ( - 5.254e+02 1 0)
s>            ( - 1.167e+02 1 0)))INFO: dtree.c(1315): Comp split 18
INFO: dtree.c(1439): stop. leaf nodes are specific
INFO: dtree.c(1478): Final simple tree
|( QUESTION1 -1 9.714e+02 9.594e+01 5.100e+01
|    ( - 6.274e+01 1 0)
|    ( - 8.128e+02 1 0))
s>    ( QUESTION1 -1 9.714e+02 9.594e+01 5.100e+01
s>        ( - 6.274e+01 1 0)
s>        ( - 8.128e+02 1 0))INFO: dtree.c(1439): stop. leaf nodes are specific
INFO: dtree.c(1478): Final simple tree
|( QUESTION1 -1 1.213e+03 1.374e+02 6.100e+01
|    ( - 1.993e+02 1 0)
|    ( - 8.761e+02 1 0))
s>    ( QUESTION1 -1 1.213e+03 1.374e+02 6.100e+01
s>        ( - 1.993e+02 1 0)
s>        ( - 8.761e+02 1 0))INFO: dtree.c(1315): Comp split 19
INFO: dtree.c(1439): stop. leaf nodes are specific
INFO: dtree.c(1478): Final simple tree
|( QUESTION0_18_R 1 6.811e+02 1.286e+02 3.700e+01
|    ( - 3.095e+02 2 0)
|    ( - 2.430e+02 1 0))
s>    ( QUESTION0_18_R 1 6.811e+02 1.286e+02 3.700e+01
s>        ( - 3.095e+02 2 0)
s>        ( - 2.430e+02 1 0))INFO: dtree.c(1315): Comp split 20
INFO: dtree.c(1315): Comp split 21
INFO: dtree.c(1315): Comp split 22
INFO: dtree.c(1439): stop. leaf nodes are specific
INFO: dtree.c(1478): Final simple tree
|( QUESTION2 1 1.525e+03 1.648e+02 7.402e+01
|    ( QUESTION0_0_R 1 5.871e+02 6.883e+01 3.300e+01
|        ( - 4.134e+01 1 0)
|        ( - 4.770e+02 1 0))
|    ( QUESTION0_4_R 1 7.727e+02 1.114e+02 4.102e+01
|        ( - 3.150e+02 1 0)
|        ( QUESTION0_0_R 1 3.463e+02 6.156e+01 2.100e+01
|            ( - 1.540e+02 1 0)
|            ( - 1.308e+02 1 0))))
s>    ( QUESTION2 1 1.525e+03 1.648e+02 7.402e+01
s>        ( QUESTION0_0_R 1 5.871e+02 6.883e+01 3.300e+01
s>            ( - 4.134e+01 1 0)
s>            ( - 4.770e+02 1 0))
s>        ( QUESTION0_4_R 1 7.727e+02 1.114e+02 4.102e+01
s>            ( - 3.150e+02 1 0)
s>            ( QUESTION0_0_R 1 3.463e+02 6.156e+01 2.100e+01
s>                ( - 1.540e+02 1 0)
s>                ( - 1.308e+02 1 0))))INFO: dtree.c(1315): Comp split 23
INFO: dtree.c(1439): stop. leaf nodes are specific
INFO: dtree.c(1478): Final simple tree
|( QUESTION0 -1 6.456e+02 9.010e+01 3.760e+01
|    ( - 8.980e+01 1 0)
|    ( - 4.657e+02 2 0))
s>    ( QUESTION0 -1 6.456e+02 9.010e+01 3.760e+01
s>        ( - 8.980e+01 1 0)
s>        ( - 4.657e+02 2 0))INFO: dtree.c(1315): Comp split 24
INFO: dtree.c(1439): stop. leaf nodes are specific
INFO: dtree.c(1478): Final simple tree
|( QUESTION0_0_R 1 8.715e+02 1.040e+02 5.295e+01
|    ( QUESTION0_1_R 1 5.880e+02 5.711e+01 3.987e+01
|        ( - 1.121e+02 1 0)
|        ( - 4.188e+02 2 0))
|    ( QUESTION0_11_R 1 1.795e+02 4.917e+01 1.308e+01
|        ( - 7.692e+01 1 0)
|        ( - 5.342e+01 1 0)))
s>    ( QUESTION0_0_R 1 8.715e+02 1.040e+02 5.295e+01
s>        ( QUESTION0_1_R 1 5.880e+02 5.711e+01 3.987e+01
s>            ( - 1.121e+02 1 0)
s>            ( - 4.188e+02 2 0))
s>        ( QUESTION0_11_R 1 1.795e+02 4.917e+01 1.308e+01
s>            ( - 7.692e+01 1 0)
s>            ( - 5.342e+01 1 0)))INFO: dtree.c(1439): stop. leaf nodes are specific
INFO: dtree.c(1478): Final simple tree
|( QUESTION0_10_R 1 1.175e+03 1.135e+02 6.185e+01
|    ( QUESTION0_15_R 1 1.983e+02 3.836e+01 1.500e+01
|        ( - 1.289e+02 2 0)
|        ( - 3.105e+01 1 0))
|    ( - 8.636e+02 3 0))
s>    ( QUESTION0_10_R 1 1.175e+03 1.135e+02 6.185e+01
s>        ( QUESTION0_15_R 1 1.983e+02 3.836e+01 1.500e+01
s>            ( - 1.289e+02 2 0)
s>            ( - 3.105e+01 1 0))
s>        ( - 8.636e+02 3 0))INFO: dtree.c(1315): Comp split 25
INFO: dtree.c(1439): stop. leaf nodes are specific
INFO: dtree.c(1478): Final simple tree
|( QUESTION0_10_R 1 6.831e+02 6.208e+01 4.000e+01
|    ( - 3.399e+01 1 0)
|    ( - 5.870e+02 2 0))
s>    ( QUESTION0_10_R 1 6.831e+02 6.208e+01 4.000e+01
s>        ( - 3.399e+01 1 0)
s>        ( - 5.870e+02 2 0))INFO: dtree.c(1439): stop. leaf nodes are specific
INFO: dtree.c(1478): Final simple tree
|( QUESTION0_11_R 1 1.202e+03 1.169e+02 6.300e+01
|    ( - 3.229e+02 1 0)
|    ( QUESTION0_10_R 1 7.624e+02 5.855e+01 4.200e+01
|        ( - 6.596e+02 1 0)
|        ( - 4.429e+01 1 0)))
s>    ( QUESTION0_11_R 1 1.202e+03 1.169e+02 6.300e+01
s>        ( - 3.229e+02 1 0)
s>        ( QUESTION0_10_R 1 7.624e+02 5.855e+01 4.200e+01
s>            ( - 6.596e+02 1 0)
s>            ( - 4.429e+01 1 0)))INFO: dtree.c(1315): Comp split 26
INFO: dtree.c(1439): stop. leaf nodes are specific
INFO: dtree.c(1478): Final simple tree
|( QUESTION0_18_R 1 6.969e+02 1.147e+02 3.900e+01
|    ( - 4.037e+02 1 0)
|    ( - 1.785e+02 1 0))
s>    ( QUESTION0_18_R 1 6.969e+02 1.147e+02 3.900e+01
s>        ( - 4.037e+02 1 0)
s>        ( - 1.785e+02 1 0))INFO: dtree.c(1315): Comp split 27
INFO: dtree.c(1439): stop. leaf nodes are specific
INFO: dtree.c(1478): Final simple tree
|( QUESTION0_1_R 1 4.172e+02 8.861e+01 2.500e+01
|    ( - 1.080e+02 2 0)
|    ( - 2.206e+02 1 0))
s>    ( QUESTION0_1_R 1 4.172e+02 8.861e+01 2.500e+01
s>        ( - 1.080e+02 2 0)
s>        ( - 2.206e+02 1 0))INFO: dtree.c(1315): Comp split 28
INFO: dtree.c(1439): stop. leaf nodes are specific
INFO: dtree.c(1478): Final simple tree
|( QUESTION0_0_R 1 2.117e+02 4.768e+01 1.589e+01
|    ( - 1.318e+02 1 0)
|    ( - 3.227e+01 1 0))
s>    ( QUESTION0_0_R 1 2.117e+02 4.768e+01 1.589e+01
s>        ( - 1.318e+02 1 0)
s>        ( - 3.227e+01 1 0))INFO: dtree.c(1315): Comp split 29
INFO: dtree.c(1315): Comp split 30
INFO: dtree.c(1315): Comp split 31
INFO: dtree.c(1439): stop. leaf nodes are specific
INFO: dtree.c(1478): Final simple tree
|( QUESTION0_0_R 1 9.401e+02 9.795e+01 5.097e+01
|    ( - 5.254e+02 1 0)
|    ( QUESTION0_10_R 1 3.167e+02 6.356e+01 1.897e+01
|        ( - 1.365e+02 1 0)
|        ( - 1.167e+02 1 0)))
s>    ( QUESTION0_0_R 1 9.401e+02 9.795e+01 5.097e+01
s>        ( - 5.254e+02 1 0)
s>        ( QUESTION0_10_R 1 3.167e+02 6.356e+01 1.897e+01
s>            ( - 1.365e+02 1 0)
s>            ( - 1.167e+02 1 0)))INFO: dtree.c(1439): stop. leaf nodes are specific
INFO: dtree.c(1478): Final simple tree
|( QUESTION0_11_R 1 5.508e+02 7.798e+01 3.640e+01
|    ( - 2.226e+02 1 0)
|    ( - 2.502e+02 1 0))
s>    ( QUESTION0_11_R 1 5.508e+02 7.798e+01 3.640e+01
s>        ( - 2.226e+02 1 0)
s>        ( - 2.502e+02 1 0))INFO: dtree.c(1315): Comp split 32
INFO: dtree.c(1439): stop. leaf nodes are specific
INFO: dtree.c(1478): Final simple tree
|( QUESTION0_0_R 1 7.307e+02 9.971e+01 3.800e+01
|    ( - 1.540e+02 1 0)
|    ( - 4.770e+02 1 0))
s>    ( QUESTION0_0_R 1 7.307e+02 9.971e+01 3.800e+01
s>        ( - 1.540e+02 1 0)
s>        ( - 4.770e+02 1 0))INFO: dtree.c(1439): stop. leaf nodes are specific
INFO: dtree.c(1478): Final simple tree
|( QUESTION0_4_R 1 6.270e+02 9.174e+01 3.602e+01
|    ( - 3.150e+02 1 0)
|    ( QUESTION0_0_R 1 2.203e+02 4.817e+01 1.600e+01
|        ( - 4.134e+01 1 0)
|        ( - 1.308e+02 1 0)))
s>    ( QUESTION0_4_R 1 6.270e+02 9.174e+01 3.602e+01
s>        ( - 3.150e+02 1 0)
s>        ( QUESTION0_0_R 1 2.203e+02 4.817e+01 1.600e+01
s>            ( - 4.134e+01 1 0)
s>            ( - 1.308e+02 1 0)))INFO: dtree.c(1315): Comp split 33
INFO: dtree.c(1315): Comp split 34
INFO: dtree.c(1315): Comp split 35
INFO: dtree.c(1315): Comp split 36
INFO: dtree.c(1439): stop. leaf nodes are specific
INFO: dtree.c(1478): Final simple tree
|( QUESTION0_10_R 1 7.624e+02 5.855e+01 4.200e+01
|    ( - 6.596e+02 1 0)
|    ( - 4.429e+01 1 0))
s>    ( QUESTION0_10_R 1 7.624e+02 5.855e+01 4.200e+01
s>        ( - 6.596e+02 1 0)
s>        ( - 4.429e+01 1 0))INFO: dtree.c(1315): Comp split 37
INFO: dtree.c(1315): Comp split 38
INFO: dtree.c(1439): stop. leaf nodes are specific
INFO: dtree.c(1478): Final simple tree
|( QUESTION0_15_R 1 1.983e+02 3.836e+01 1.500e+01
|    ( - 1.289e+02 2 0)
|    ( - 3.105e+01 1 0))
s>    ( QUESTION0_15_R 1 1.983e+02 3.836e+01 1.500e+01
s>        ( - 1.289e+02 2 0)
s>        ( - 3.105e+01 1 0))INFO: dtree.c(1315): Comp split 39
INFO: dtree.c(1439): stop. leaf nodes are specific
INFO: dtree.c(1478): Final simple tree
|( QUESTION0_11_R 1 1.795e+02 4.917e+01 1.308e+01
|    ( - 7.692e+01 1 0)
|    ( - 5.342e+01 1 0))
s>    ( QUESTION0_11_R 1 1.795e+02 4.917e+01 1.308e+01
s>        ( - 7.692e+01 1 0)
s>        ( - 5.342e+01 1 0))INFO: dtree.c(1439): stop. leaf nodes are specific
INFO: dtree.c(1478): Final simple tree
|( QUESTION0_1_R 1 5.880e+02 5.711e+01 3.987e+01
|    ( - 1.121e+02 1 0)
|    ( - 4.188e+02 2 0))
s>    ( QUESTION0_1_R 1 5.880e+02 5.711e+01 3.987e+01
s>        ( - 1.121e+02 1 0)
s>        ( - 4.188e+02 2 0))INFO: dtree.c(1315): Comp split 40
INFO: dtree.c(1315): Comp split 41
INFO: dtree.c(1439): stop. leaf nodes are specific
INFO: dtree.c(1478): Final simple tree
|( QUESTION0_10_R 1 3.167e+02 6.356e+01 1.897e+01
|    ( - 1.365e+02 1 0)
|    ( - 1.167e+02 1 0))
s>    ( QUESTION0_10_R 1 3.167e+02 6.356e+01 1.897e+01
s>        ( - 1.365e+02 1 0)
s>        ( - 1.167e+02 1 0))INFO: dtree.c(1315): Comp split 42
INFO: dtree.c(1315): Comp split 43
INFO: dtree.c(1315): Comp split 44
INFO: dtree.c(1439): stop. leaf nodes are specific
INFO: dtree.c(1478): Final simple tree
|( QUESTION0_0_R 1 2.203e+02 4.817e+01 1.600e+01
|    ( - 4.134e+01 1 0)
|    ( - 1.308e+02 1 0))
s>    ( QUESTION0_0_R 1 2.203e+02 4.817e+01 1.600e+01
s>        ( - 4.134e+01 1 0)
s>        ( - 1.308e+02 1 0))INFO: dtree.c(1315): Comp split 45
INFO: dtree.c(1315): Comp split 46
INFO: dtree.c(1315): Comp split 47
INFO: dtree.c(1315): Comp split 48
INFO: dtree.c(1315): Comp split 49
INFO: dtree.c(1315): Comp split 50
INFO: dtree.c(1315): Comp split 51
INFO: dtree.c(1315): Comp split 52
INFO: dtree.c(1315): Comp split 53
INFO: dtree.c(1315): Comp split 54
INFO: dtree.c(1315): Comp split 55
INFO: dtree.c(1315): Comp split 56
INFO: dtree.c(1318): stop. leaf nodes are specific
Fri Nov  2 10:06:33 2018
