Current configuration:
[NAME]		[DEFLT]	[VALUE]
-allphones	no	no
-cntthresh	0.00001	1.000000e-05
-csplitmax	100	2000
-csplitmin	1	1
-csplitthr	8e-4	0.000000e+00
-example	no	no
-fullvar	no	no
-help		no	no
-meanfn			
-mixwfn			/home/sdv/Documents/SDV/SDVoice/an4/model_parameters/an4.cd_semi_untied/mixture_weights
-moddeffn		/home/sdv/Documents/SDV/SDVoice/an4/model_architecture/an4.untied.mdef
-mwfloor	1e-4	1.000000e-08
-phone			OW
-psetfn			/home/sdv/Documents/SDV/SDVoice/an4/model_architecture/an4.tree_questions
-ssplitmax	5	7
-ssplitmin	1	1
-ssplitthr	8e-4	0.000000e+00
-state			2
-stwt			1.0,0.05,0.0,
-treefn			/home/sdv/Documents/SDV/SDVoice/an4/trees/an4.unpruned/OW-2.dtree
-ts2cbfn	.semi.	.semi.
-varfloor	0.00001	1.000000e-05
-varfn			

INFO: main.c(223): Reading: /home/sdv/Documents/SDV/SDVoice/an4/model_architecture/an4.untied.mdef
INFO: model_def_io.c(573): Model definition info:
INFO: model_def_io.c(574): 1618 total models defined (34 base, 1584 tri)
INFO: model_def_io.c(575): 6472 total states
INFO: model_def_io.c(576): 4854 total tied states
INFO: model_def_io.c(577): 102 total tied CI states
INFO: model_def_io.c(578): 34 total tied transition matrices
INFO: model_def_io.c(579): 4 max state/model
INFO: model_def_io.c(580): 4 min state/model
INFO: main.c(242): Building trees for [OW AY AA s] through [OW V SIL s]
INFO: main.c(269): Covering states |[3225 3578]| == 354
INFO: main.c(275): Reading: /home/sdv/Documents/SDV/SDVoice/an4/model_parameters/an4.cd_semi_untied/mixture_weights
INFO: s3mixw_io.c(173): Read /home/sdv/Documents/SDV/SDVoice/an4/model_parameters/an4.cd_semi_untied/mixture_weights [354x4x256 array]
INFO: main.c(311): 118 of 118 models have observation count greater than 0.000010
INFO: main.c(95): nrm stwt: 0.000 0.048 0.952 
INFO: main.c(411): 118-class entropy: 3.487019e+04
INFO: main.c(549): Reading: /home/sdv/Documents/SDV/SDVoice/an4/model_architecture/an4.tree_questions
INFO: main.c(588): 176 total simple questions (168 phone; 8 word bndry)
INFO: main.c(590): 42 Left Only questions, and 42 Right Only questions
INFO: dtree.c(1478): Final simple tree
|( QUESTION13 1 5.906e+04 1.691e+03 2.249e+03
|    ( QUESTION16 1 2.759e+04 1.190e+03 1.085e+03
|        ( QUESTION1 -1 8.826e+03 6.242e+02 3.584e+02
|            ( - 4.079e+03 6 0 QUESTION2 -1 3.872e+02 1.763e+02)
|            ( - 4.123e+03 9 0 QUESTION13 -1 4.065e+02 1.821e+02))
|        ( QUESTION0_13_R 1 1.758e+04 7.503e+02 7.269e+02
|            ( - 1.111e+04 11 0 QUESTION13 -1 5.865e+02 4.692e+02)
|            ( - 5.717e+03 20 0 QUESTION14 1 4.066e+02 2.577e+02)))
|    ( SILENCE 1 2.978e+04 1.245e+03 1.163e+03
|        ( QUESTION2 -1 1.101e+04 6.220e+02 4.724e+02
|            ( - 3.046e+03 3 0 WDBNDRY_E 0 2.569e+02 1.473e+02)
|            ( - 7.339e+03 8 0 QUESTION1 -1 4.587e+02 3.250e+02))
|        ( QUESTION0_20_R 1 1.753e+04 8.787e+02 6.911e+02
|            ( - 8.217e+03 29 0 QUESTION13 -1 5.378e+02 3.402e+02)
|            ( - 8.431e+03 32 0 QUESTION0 -1 5.299e+02 3.509e+02))))
s>    ( QUESTION13 1 5.906e+04 1.691e+03 2.249e+03
s>        ( QUESTION16 1 2.759e+04 1.190e+03 1.085e+03
s>            ( QUESTION1 -1 8.826e+03 6.242e+02 3.584e+02
s>                ( - 4.079e+03 6 0 QUESTION2 -1 3.872e+02 1.763e+02)
s>                ( - 4.123e+03 9 0 QUESTION13 -1 4.065e+02 1.821e+02))
s>            ( QUESTION0_13_R 1 1.758e+04 7.503e+02 7.269e+02
s>                ( - 1.111e+04 11 0 QUESTION13 -1 5.865e+02 4.692e+02)
s>                ( - 5.717e+03 20 0 QUESTION14 1 4.066e+02 2.577e+02)))
s>        ( SILENCE 1 2.978e+04 1.245e+03 1.163e+03
s>            ( QUESTION2 -1 1.101e+04 6.220e+02 4.724e+02
s>                ( - 3.046e+03 3 0 WDBNDRY_E 0 2.569e+02 1.473e+02)
s>                ( - 7.339e+03 8 0 QUESTION1 -1 4.587e+02 3.250e+02))
s>            ( QUESTION0_20_R 1 1.753e+04 8.787e+02 6.911e+02
s>                ( - 8.217e+03 29 0 QUESTION13 -1 5.378e+02 3.402e+02)
s>                ( - 8.431e+03 32 0 QUESTION0 -1 5.299e+02 3.509e+02))))INFO: dtree.c(1315): Comp split 0
INFO: dtree.c(1478): Final simple tree
|( QUESTION0_11_R 1 2.706e+04 1.139e+03 1.078e+03
|    ( QUESTION13 -1 1.599e+04 6.669e+02 6.634e+02
|        ( - 5.831e+03 8 0 QUESTION0_12_R 1 3.453e+02 2.600e+02)
|        ( QUESTION0_12_R 1 9.489e+03 5.784e+02 4.034e+02
|            ( - 2.760e+03 9 0 QUESTION14 1 2.803e+02 1.328e+02)
|            ( QUESTION10 -1 6.151e+03 4.258e+02 2.706e+02
|                ( - 2.944e+03 3 0 QUESTION2_11_L -1 2.545e+02 1.403e+02)
|                ( - 2.781e+03 4 0 QUESTION2 -1 2.631e+02 1.303e+02))))
|    ( QUESTION2_9_L -1 9.933e+03 5.743e+02 4.144e+02
|        ( QUESTION7 -1 5.549e+03 4.219e+02 2.405e+02
|            ( - 1.576e+03 6 0 QUESTION0_16_R 1 2.248e+02 7.600e+01)
|            ( - 3.551e+03 17 0 QUESTION0 -1 2.990e+02 1.645e+02))
|        ( QUESTION0_16_R 1 3.810e+03 3.702e+02 1.739e+02
|            ( - 1.512e+03 7 0 QUESTION0 -1 2.214e+02 7.595e+01)
|            ( - 1.927e+03 9 0 QUESTION0_1_R 1 2.506e+02 9.797e+01))))
s>    ( QUESTION0_11_R 1 2.706e+04 1.139e+03 1.078e+03
s>        ( QUESTION13 -1 1.599e+04 6.669e+02 6.634e+02
s>            ( - 5.831e+03 8 0 QUESTION0_12_R 1 3.453e+02 2.600e+02)
s>            ( QUESTION0_12_R 1 9.489e+03 5.784e+02 4.034e+02
s>                ( - 2.760e+03 9 0 QUESTION14 1 2.803e+02 1.328e+02)
s>                ( QUESTION10 -1 6.151e+03 4.258e+02 2.706e+02
s>                    ( - 2.944e+03 3 0 QUESTION2_11_L -1 2.545e+02 1.403e+02)
s>                    ( - 2.781e+03 4 0 QUESTION2 -1 2.631e+02 1.303e+02))))
s>        ( QUESTION2_9_L -1 9.933e+03 5.743e+02 4.144e+02
s>            ( QUESTION7 -1 5.549e+03 4.219e+02 2.405e+02
s>                ( - 1.576e+03 6 0 QUESTION0_16_R 1 2.248e+02 7.600e+01)
s>                ( - 3.551e+03 17 0 QUESTION0 -1 2.990e+02 1.645e+02))
s>            ( QUESTION0_16_R 1 3.810e+03 3.702e+02 1.739e+02
s>                ( - 1.512e+03 7 0 QUESTION0 -1 2.214e+02 7.595e+01)
s>                ( - 1.927e+03 9 0 QUESTION0_1_R 1 2.506e+02 9.797e+01))))INFO: dtree.c(1478): Final simple tree
|( QUESTION0_0_R 1 3.016e+04 1.139e+03 1.171e+03
|    ( QUESTION1 -1 8.826e+03 6.242e+02 3.584e+02
|        ( - 4.079e+03 6 0 QUESTION2 -1 3.872e+02 1.763e+02)
|        ( - 4.123e+03 9 0 QUESTION13 -1 4.065e+02 1.821e+02))
|    ( SILENCE 1 2.019e+04 9.694e+02 8.126e+02
|        ( QUESTION2 -1 1.101e+04 6.220e+02 4.724e+02
|            ( - 3.046e+03 3 0 WDBNDRY_E 0 2.569e+02 1.473e+02)
|            ( QUESTION1 -1 7.339e+03 4.587e+02 3.250e+02
|                ( - 4.239e+03 2 0 WDBNDRY_E 0 2.626e+02 1.965e+02)
|                ( - 2.641e+03 6 0 WDBNDRY_E 0 2.573e+02 1.285e+02)))
|        ( QUESTION13 -1 8.217e+03 5.378e+02 3.402e+02
|            ( - 1.659e+03 4 0 QUESTION14 -1 1.463e+02 8.300e+01)
|            ( QUESTION2 -1 6.020e+03 4.397e+02 2.572e+02
|                ( - 3.769e+03 15 0 WDBNDRY_E 0 3.060e+02 1.692e+02)
|                ( - 1.811e+03 10 0 QUESTION1 -1 2.433e+02 8.803e+01)))))
s>    ( QUESTION0_0_R 1 3.016e+04 1.139e+03 1.171e+03
s>        ( QUESTION1 -1 8.826e+03 6.242e+02 3.584e+02
s>            ( - 4.079e+03 6 0 QUESTION2 -1 3.872e+02 1.763e+02)
s>            ( - 4.123e+03 9 0 QUESTION13 -1 4.065e+02 1.821e+02))
s>        ( SILENCE 1 2.019e+04 9.694e+02 8.126e+02
s>            ( QUESTION2 -1 1.101e+04 6.220e+02 4.724e+02
s>                ( - 3.046e+03 3 0 WDBNDRY_E 0 2.569e+02 1.473e+02)
s>                ( QUESTION1 -1 7.339e+03 4.587e+02 3.250e+02
s>                    ( - 4.239e+03 2 0 WDBNDRY_E 0 2.626e+02 1.965e+02)
s>                    ( - 2.641e+03 6 0 WDBNDRY_E 0 2.573e+02 1.285e+02)))
s>            ( QUESTION13 -1 8.217e+03 5.378e+02 3.402e+02
s>                ( - 1.659e+03 4 0 QUESTION14 -1 1.463e+02 8.300e+01)
s>                ( QUESTION2 -1 6.020e+03 4.397e+02 2.572e+02
s>                    ( - 3.769e+03 15 0 WDBNDRY_E 0 3.060e+02 1.692e+02)
s>                    ( - 1.811e+03 10 0 QUESTION1 -1 2.433e+02 8.803e+01)))))INFO: dtree.c(1315): Comp split 1
INFO: dtree.c(1478): Final simple tree
|( SILENCE 1 1.799e+04 9.598e+02 7.296e+02
|    ( QUESTION2 -1 1.101e+04 6.220e+02 4.724e+02
|        ( - 3.046e+03 3 0 WDBNDRY_E 0 2.569e+02 1.473e+02)
|        ( QUESTION1 -1 7.339e+03 4.587e+02 3.250e+02
|            ( WDBNDRY_E 0 4.239e+03 2.626e+02 1.965e+02
|                ( - 3.654e+03 1 0)
|                ( - 3.221e+02 1 0))
|            ( - 2.641e+03 6 0 WDBNDRY_E 0 2.573e+02 1.285e+02)))
|    ( QUESTION2 -1 6.020e+03 4.397e+02 2.572e+02
|        ( WDBNDRY_E 0 3.769e+03 3.060e+02 1.692e+02
|            ( - 8.346e+02 4 0 QUESTION1 1 1.229e+02 4.609e+01)
|            ( QUESTION11 1 2.629e+03 2.607e+02 1.231e+02
|                ( - 1.827e+03 6 0 QUESTION3 -1 2.173e+02 9.011e+01)
|                ( - 5.407e+02 5 0 QUESTION1 1 1.267e+02 3.300e+01)))
|        ( - 1.811e+03 10 0 QUESTION1 -1 2.433e+02 8.803e+01)))
s>    ( SILENCE 1 1.799e+04 9.598e+02 7.296e+02
s>        ( QUESTION2 -1 1.101e+04 6.220e+02 4.724e+02
s>            ( - 3.046e+03 3 0 WDBNDRY_E 0 2.569e+02 1.473e+02)
s>            ( QUESTION1 -1 7.339e+03 4.587e+02 3.250e+02
s>                ( WDBNDRY_E 0 4.239e+03 2.626e+02 1.965e+02
s>                    ( - 3.654e+03 1 0)
s>                    ( - 3.221e+02 1 0))
s>                ( - 2.641e+03 6 0 WDBNDRY_E 0 2.573e+02 1.285e+02)))
s>        ( QUESTION2 -1 6.020e+03 4.397e+02 2.572e+02
s>            ( WDBNDRY_E 0 3.769e+03 3.060e+02 1.692e+02
s>                ( - 8.346e+02 4 0 QUESTION1 1 1.229e+02 4.609e+01)
s>                ( QUESTION11 1 2.629e+03 2.607e+02 1.231e+02
s>                    ( - 1.827e+03 6 0 QUESTION3 -1 2.173e+02 9.011e+01)
s>                    ( - 5.407e+02 5 0 QUESTION1 1 1.267e+02 3.300e+01)))
s>            ( - 1.811e+03 10 0 QUESTION1 -1 2.433e+02 8.803e+01)))INFO: dtree.c(1478): Final simple tree
|( QUESTION1 -1 1.098e+04 6.356e+02 4.414e+02
|    ( QUESTION2 -1 4.079e+03 3.872e+02 1.763e+02
|        ( QUESTION0_1_R 1 2.382e+03 2.358e+02 1.110e+02
|            ( - 1.890e+03 3 0)
|            ( - 2.556e+02 1 0))
|        ( - 1.310e+03 2 0 QUESTION8 -1 1.660e+02 6.531e+01))
|    ( QUESTION0_1_R 1 6.263e+03 5.202e+02 2.651e+02
|        ( QUESTION13 -1 3.608e+03 3.868e+02 1.621e+02
|            ( QUESTION14 -1 1.934e+03 2.558e+02 9.510e+01
|                ( - 1.071e+03 2 0)
|                ( - 6.064e+02 3 0 QUESTION2_0_L -1 9.362e+01 3.679e+01))
|            ( - 1.287e+03 3 0 QUESTION11 -1 2.028e+02 6.697e+01))
|        ( QUESTION14 -1 2.135e+03 2.450e+02 1.030e+02
|            ( - 1.368e+03 3 0 QUESTION1 1 9.907e+01 7.100e+01)
|            ( - 5.215e+02 2 0 QUESTION0_0_R 1 8.881e+01 3.200e+01))))
s>    ( QUESTION1 -1 1.098e+04 6.356e+02 4.414e+02
s>        ( QUESTION2 -1 4.079e+03 3.872e+02 1.763e+02
s>            ( QUESTION0_1_R 1 2.382e+03 2.358e+02 1.110e+02
s>                ( - 1.890e+03 3 0)
s>                ( - 2.556e+02 1 0))
s>            ( - 1.310e+03 2 0 QUESTION8 -1 1.660e+02 6.531e+01))
s>        ( QUESTION0_1_R 1 6.263e+03 5.202e+02 2.651e+02
s>            ( QUESTION13 -1 3.608e+03 3.868e+02 1.621e+02
s>                ( QUESTION14 -1 1.934e+03 2.558e+02 9.510e+01
s>                    ( - 1.071e+03 2 0)
s>                    ( - 6.064e+02 3 0 QUESTION2_0_L -1 9.362e+01 3.679e+01))
s>                ( - 1.287e+03 3 0 QUESTION11 -1 2.028e+02 6.697e+01))
s>            ( QUESTION14 -1 2.135e+03 2.450e+02 1.030e+02
s>                ( - 1.368e+03 3 0 QUESTION1 1 9.907e+01 7.100e+01)
s>                ( - 5.215e+02 2 0 QUESTION0_0_R 1 8.881e+01 3.200e+01))))INFO: dtree.c(1315): Comp split 2
INFO: dtree.c(1478): Final simple tree
|( QUESTION2_9_L -1 9.933e+03 5.743e+02 4.144e+02
|    ( QUESTION7 -1 5.549e+03 4.219e+02 2.405e+02
|        ( QUESTION0_16_R 1 1.576e+03 2.248e+02 7.600e+01
|            ( - 9.680e+02 3 0 QUESTION8 -1 1.245e+02 5.200e+01)
|            ( - 3.832e+02 3 0 QUESTION0_0_R 1 7.402e+01 2.400e+01))
|        ( QUESTION0 -1 3.551e+03 2.990e+02 1.645e+02
|            ( - 1.373e+03 11 0 QUESTION1 -1 1.785e+02 7.035e+01)
|            ( - 1.880e+03 6 0 QUESTION0_15_R 1 1.494e+02 9.410e+01)))
|    ( QUESTION0_16_R 1 3.810e+03 3.702e+02 1.739e+02
|        ( QUESTION0 -1 1.512e+03 2.214e+02 7.595e+01
|            ( - 6.418e+02 5 0 QUESTION11 -1 1.012e+02 3.795e+01)
|            ( - 6.490e+02 2 0 QUESTION0_17_R 1 9.174e+01 3.800e+01))
|        ( QUESTION0_1_R 1 1.927e+03 2.506e+02 9.797e+01
|            ( - 3.913e+02 3 0 QUESTION0 -1 4.068e+01 2.500e+01)
|            ( - 1.285e+03 6 0 QUESTION13 -1 1.513e+02 7.297e+01))))
s>    ( QUESTION2_9_L -1 9.933e+03 5.743e+02 4.144e+02
s>        ( QUESTION7 -1 5.549e+03 4.219e+02 2.405e+02
s>            ( QUESTION0_16_R 1 1.576e+03 2.248e+02 7.600e+01
s>                ( - 9.680e+02 3 0 QUESTION8 -1 1.245e+02 5.200e+01)
s>                ( - 3.832e+02 3 0 QUESTION0_0_R 1 7.402e+01 2.400e+01))
s>            ( QUESTION0 -1 3.551e+03 2.990e+02 1.645e+02
s>                ( - 1.373e+03 11 0 QUESTION1 -1 1.785e+02 7.035e+01)
s>                ( - 1.880e+03 6 0 QUESTION0_15_R 1 1.494e+02 9.410e+01)))
s>        ( QUESTION0_16_R 1 3.810e+03 3.702e+02 1.739e+02
s>            ( QUESTION0 -1 1.512e+03 2.214e+02 7.595e+01
s>                ( - 6.418e+02 5 0 QUESTION11 -1 1.012e+02 3.795e+01)
s>                ( - 6.490e+02 2 0 QUESTION0_17_R 1 9.174e+01 3.800e+01))
s>            ( QUESTION0_1_R 1 1.927e+03 2.506e+02 9.797e+01
s>                ( - 3.913e+02 3 0 QUESTION0 -1 4.068e+01 2.500e+01)
s>                ( - 1.285e+03 6 0 QUESTION13 -1 1.513e+02 7.297e+01))))INFO: dtree.c(1478): Final simple tree
|( QUESTION13 -1 1.599e+04 6.669e+02 6.634e+02
|    ( QUESTION0_12_R 1 5.831e+03 3.453e+02 2.600e+02
|        ( - 1.111e+03 4 0 QUESTION14 1 1.731e+02 6.140e+01)
|        ( QUESTION14 -1 4.374e+03 2.617e+02 1.986e+02
|            ( - 3.443e+03 2 0)
|            ( - 6.699e+02 2 0)))
|    ( QUESTION0_12_R 1 9.489e+03 5.784e+02 4.034e+02
|        ( QUESTION14 1 2.760e+03 2.803e+02 1.328e+02
|            ( - 1.384e+03 7 0 QUESTION2 -1 1.702e+02 7.483e+01)
|            ( - 1.096e+03 2 0 SILENCE -1 1.729e+02 5.796e+01))
|        ( QUESTION10 -1 6.151e+03 4.258e+02 2.706e+02
|            ( - 2.944e+03 3 0 QUESTION2_11_L -1 2.545e+02 1.403e+02)
|            ( QUESTION2 -1 2.781e+03 2.631e+02 1.303e+02
|                ( - 1.687e+03 2 0)
|                ( - 8.309e+02 2 0 SILENCE -1 1.302e+02 4.500e+01)))))
s>    ( QUESTION13 -1 1.599e+04 6.669e+02 6.634e+02
s>        ( QUESTION0_12_R 1 5.831e+03 3.453e+02 2.600e+02
s>            ( - 1.111e+03 4 0 QUESTION14 1 1.731e+02 6.140e+01)
s>            ( QUESTION14 -1 4.374e+03 2.617e+02 1.986e+02
s>                ( - 3.443e+03 2 0)
s>                ( - 6.699e+02 2 0)))
s>        ( QUESTION0_12_R 1 9.489e+03 5.784e+02 4.034e+02
s>            ( QUESTION14 1 2.760e+03 2.803e+02 1.328e+02
s>                ( - 1.384e+03 7 0 QUESTION2 -1 1.702e+02 7.483e+01)
s>                ( - 1.096e+03 2 0 SILENCE -1 1.729e+02 5.796e+01))
s>            ( QUESTION10 -1 6.151e+03 4.258e+02 2.706e+02
s>                ( - 2.944e+03 3 0 QUESTION2_11_L -1 2.545e+02 1.403e+02)
s>                ( QUESTION2 -1 2.781e+03 2.631e+02 1.303e+02
s>                    ( - 1.687e+03 2 0)
s>                    ( - 8.309e+02 2 0 SILENCE -1 1.302e+02 4.500e+01)))))INFO: dtree.c(1315): Comp split 3
INFO: dtree.c(1478): Final simple tree
|( QUESTION2 -1 6.020e+03 4.397e+02 2.572e+02
|    ( WDBNDRY_E 0 3.769e+03 3.060e+02 1.692e+02
|        ( - 8.346e+02 4 0 QUESTION1 1 1.229e+02 4.609e+01)
|        ( QUESTION11 1 2.629e+03 2.607e+02 1.231e+02
|            ( QUESTION3 -1 1.827e+03 2.173e+02 9.011e+01
|                ( - 1.020e+03 4 0)
|                ( - 5.902e+02 2 0))
|            ( QUESTION1 1 5.407e+02 1.267e+02 3.300e+01
|                ( - 1.950e+02 3 0 QUESTION3 -1 4.705e+01 1.700e+01)
|                ( - 2.190e+02 2 0))))
|    ( QUESTION1 -1 1.811e+03 2.433e+02 8.803e+01
|        ( - 7.037e+02 4 0 QUESTION11 1 9.437e+01 4.103e+01)
|        ( QUESTION2_12_L -1 8.636e+02 1.384e+02 4.700e+01
|            ( - 2.982e+02 2 0)
|            ( - 4.269e+02 4 0 QUESTION12 -1 9.851e+01 2.700e+01))))
s>    ( QUESTION2 -1 6.020e+03 4.397e+02 2.572e+02
s>        ( WDBNDRY_E 0 3.769e+03 3.060e+02 1.692e+02
s>            ( - 8.346e+02 4 0 QUESTION1 1 1.229e+02 4.609e+01)
s>            ( QUESTION11 1 2.629e+03 2.607e+02 1.231e+02
s>                ( QUESTION3 -1 1.827e+03 2.173e+02 9.011e+01
s>                    ( - 1.020e+03 4 0)
s>                    ( - 5.902e+02 2 0))
s>                ( QUESTION1 1 5.407e+02 1.267e+02 3.300e+01
s>                    ( - 1.950e+02 3 0 QUESTION3 -1 4.705e+01 1.700e+01)
s>                    ( - 2.190e+02 2 0))))
s>        ( QUESTION1 -1 1.811e+03 2.433e+02 8.803e+01
s>            ( - 7.037e+02 4 0 QUESTION11 1 9.437e+01 4.103e+01)
s>            ( QUESTION2_12_L -1 8.636e+02 1.384e+02 4.700e+01
s>                ( - 2.982e+02 2 0)
s>                ( - 4.269e+02 4 0 QUESTION12 -1 9.851e+01 2.700e+01))))INFO: dtree.c(1478): Final simple tree
|( QUESTION2 -1 1.101e+04 6.220e+02 4.724e+02
|    ( WDBNDRY_E 0 3.046e+03 2.569e+02 1.473e+02
|        ( - 2.384e+03 1 0)
|        ( QUESTION3 -1 4.056e+02 7.904e+01 2.600e+01
|            ( - 4.870e+01 1 0)
|            ( - 2.778e+02 1 0)))
|    ( QUESTION1 -1 7.339e+03 4.587e+02 3.250e+02
|        ( WDBNDRY_E 0 4.239e+03 2.626e+02 1.965e+02
|            ( - 3.654e+03 1 0)
|            ( - 3.221e+02 1 0))
|        ( WDBNDRY_E 0 2.641e+03 2.573e+02 1.285e+02
|            ( - 1.569e+03 1 0)
|            ( QUESTION0 -1 8.149e+02 1.352e+02 4.500e+01
|                ( - 3.222e+02 2 0 QUESTION11 -1 7.745e+01 2.200e+01)
|                ( - 3.576e+02 3 0 QUESTION14 -1 7.046e+01 2.300e+01)))))
s>    ( QUESTION2 -1 1.101e+04 6.220e+02 4.724e+02
s>        ( WDBNDRY_E 0 3.046e+03 2.569e+02 1.473e+02
s>            ( - 2.384e+03 1 0)
s>            ( QUESTION3 -1 4.056e+02 7.904e+01 2.600e+01
s>                ( - 4.870e+01 1 0)
s>                ( - 2.778e+02 1 0)))
s>        ( QUESTION1 -1 7.339e+03 4.587e+02 3.250e+02
s>            ( WDBNDRY_E 0 4.239e+03 2.626e+02 1.965e+02
s>                ( - 3.654e+03 1 0)
s>                ( - 3.221e+02 1 0))
s>            ( WDBNDRY_E 0 2.641e+03 2.573e+02 1.285e+02
s>                ( - 1.569e+03 1 0)
s>                ( QUESTION0 -1 8.149e+02 1.352e+02 4.500e+01
s>                    ( - 3.222e+02 2 0 QUESTION11 -1 7.745e+01 2.200e+01)
s>                    ( - 3.576e+02 3 0 QUESTION14 -1 7.046e+01 2.300e+01)))))INFO: dtree.c(1315): Comp split 4
INFO: dtree.c(1478): Final simple tree
|( QUESTION2_7_L -1 7.595e+03 4.630e+02 3.285e+02
|    ( QUESTION2 -1 3.466e+03 2.817e+02 1.623e+02
|        ( QUESTION0_12_R 1 2.308e+03 1.863e+02 1.143e+02
|            ( - 4.350e+02 1 0)
|            ( - 1.687e+03 2 0))
|        ( QUESTION1 -1 8.758e+02 1.419e+02 4.800e+01
|            ( - 2.073e+02 1 0)
|            ( - 5.266e+02 1 0)))
|    ( QUESTION2_11_L -1 3.666e+03 3.181e+02 1.662e+02
|        ( - 1.962e+03 1 0)
|        ( QUESTION0_12_R 1 1.386e+03 2.063e+02 6.796e+01
|            ( - 4.884e+02 1 0)
|            ( SILENCE -1 6.918e+02 9.336e+01 3.900e+01
|                ( - 4.933e+02 1 0)
|                ( - 1.051e+02 1 0)))))
s>    ( QUESTION2_7_L -1 7.595e+03 4.630e+02 3.285e+02
s>        ( QUESTION2 -1 3.466e+03 2.817e+02 1.623e+02
s>            ( QUESTION0_12_R 1 2.308e+03 1.863e+02 1.143e+02
s>                ( - 4.350e+02 1 0)
s>                ( - 1.687e+03 2 0))
s>            ( QUESTION1 -1 8.758e+02 1.419e+02 4.800e+01
s>                ( - 2.073e+02 1 0)
s>                ( - 5.266e+02 1 0)))
s>        ( QUESTION2_11_L -1 3.666e+03 3.181e+02 1.662e+02
s>            ( - 1.962e+03 1 0)
s>            ( QUESTION0_12_R 1 1.386e+03 2.063e+02 6.796e+01
s>                ( - 4.884e+02 1 0)
s>                ( SILENCE -1 6.918e+02 9.336e+01 3.900e+01
s>                    ( - 4.933e+02 1 0)
s>                    ( - 1.051e+02 1 0)))))INFO: dtree.c(1478): Final simple tree
|( QUESTION14 -1 7.652e+03 5.075e+02 3.349e+02
|    ( QUESTION0_12_R 1 4.644e+03 3.078e+02 2.113e+02
|        ( QUESTION14 1 8.928e+02 1.608e+02 5.140e+01
|            ( - 4.919e+02 2 0)
|            ( - 2.401e+02 1 0))
|        ( - 3.443e+03 2 0))
|    ( QUESTION0 -1 2.501e+03 2.472e+02 1.235e+02
|        ( QUESTION2 -1 1.384e+03 1.702e+02 7.483e+01
|            ( - 4.377e+02 3 0 WDBNDRY_E 0 5.273e+01 2.900e+01)
|            ( QUESTION1 -1 7.758e+02 1.137e+02 4.583e+01
|                ( - 3.491e+02 2 0 QUESTION8 -1 6.168e+01 2.400e+01)
|                ( - 3.130e+02 2 0 QUESTION11 -1 7.152e+01 2.183e+01)))
|        ( QUESTION0_12_R 1 8.697e+02 8.516e+01 4.871e+01
|            ( - 1.147e+02 1 0)
|            ( - 6.699e+02 2 0))))
s>    ( QUESTION14 -1 7.652e+03 5.075e+02 3.349e+02
s>        ( QUESTION0_12_R 1 4.644e+03 3.078e+02 2.113e+02
s>            ( QUESTION14 1 8.928e+02 1.608e+02 5.140e+01
s>                ( - 4.919e+02 2 0)
s>                ( - 2.401e+02 1 0))
s>            ( - 3.443e+03 2 0))
s>        ( QUESTION0 -1 2.501e+03 2.472e+02 1.235e+02
s>            ( QUESTION2 -1 1.384e+03 1.702e+02 7.483e+01
s>                ( - 4.377e+02 3 0 WDBNDRY_E 0 5.273e+01 2.900e+01)
s>                ( QUESTION1 -1 7.758e+02 1.137e+02 4.583e+01
s>                    ( - 3.491e+02 2 0 QUESTION8 -1 6.168e+01 2.400e+01)
s>                    ( - 3.130e+02 2 0 QUESTION11 -1 7.152e+01 2.183e+01)))
s>            ( QUESTION0_12_R 1 8.697e+02 8.516e+01 4.871e+01
s>                ( - 1.147e+02 1 0)
s>                ( - 6.699e+02 2 0))))INFO: dtree.c(1315): Comp split 5
INFO: dtree.c(1478): Final simple tree
|( QUESTION2_9_L -1 4.897e+03 4.652e+02 2.141e+02
|    ( QUESTION10 -1 1.730e+03 2.176e+02 8.779e+01
|        ( QUESTION0_1_R 1 4.602e+02 8.759e+01 2.900e+01
|            ( - 8.429e+01 1 0)
|            ( - 2.883e+02 1 0))
|        ( QUESTION0_1_R 1 1.052e+03 1.526e+02 5.879e+01
|            ( - 4.141e+02 2 0)
|            ( - 4.854e+02 2 0 QUESTION0_0_R 1 8.547e+01 3.200e+01)))
|    ( QUESTION13 -1 2.702e+03 3.463e+02 1.263e+02
|        ( QUESTION14 -1 1.283e+03 1.128e+02 6.831e+01
|            ( - 1.071e+03 2 0)
|            ( - 9.874e+01 1 0))
|        ( SILENCE -1 1.073e+03 1.644e+02 5.797e+01
|            ( - 2.169e+02 1 0)
|            ( - 6.915e+02 1 0))))
s>    ( QUESTION2_9_L -1 4.897e+03 4.652e+02 2.141e+02
s>        ( QUESTION10 -1 1.730e+03 2.176e+02 8.779e+01
s>            ( QUESTION0_1_R 1 4.602e+02 8.759e+01 2.900e+01
s>                ( - 8.429e+01 1 0)
s>                ( - 2.883e+02 1 0))
s>            ( QUESTION0_1_R 1 1.052e+03 1.526e+02 5.879e+01
s>                ( - 4.141e+02 2 0)
s>                ( - 4.854e+02 2 0 QUESTION0_0_R 1 8.547e+01 3.200e+01)))
s>        ( QUESTION13 -1 2.702e+03 3.463e+02 1.263e+02
s>            ( QUESTION14 -1 1.283e+03 1.128e+02 6.831e+01
s>                ( - 1.071e+03 2 0)
s>                ( - 9.874e+01 1 0))
s>            ( SILENCE -1 1.073e+03 1.644e+02 5.797e+01
s>                ( - 2.169e+02 1 0)
s>                ( - 6.915e+02 1 0))))INFO: dtree.c(1439): stop. leaf nodes are specific
INFO: dtree.c(1478): Final simple tree
|( QUESTION7 -1 5.346e+03 4.307e+02 2.273e+02
|    ( QUESTION8 -1 1.310e+03 1.660e+02 6.531e+01
|        ( - 9.297e+02 1 0)
|        ( - 2.144e+02 1 0))
|    ( QUESTION0_0_R 1 3.605e+03 3.464e+02 1.620e+02
|        ( - 1.890e+03 3 0)
|        ( QUESTION1 1 1.368e+03 9.907e+01 7.100e+01
|            ( - 5.290e+01 1 0)
|            ( - 1.216e+03 2 0))))
s>    ( QUESTION7 -1 5.346e+03 4.307e+02 2.273e+02
s>        ( QUESTION8 -1 1.310e+03 1.660e+02 6.531e+01
s>            ( - 9.297e+02 1 0)
s>            ( - 2.144e+02 1 0))
s>        ( QUESTION0_0_R 1 3.605e+03 3.464e+02 1.620e+02
s>            ( - 1.890e+03 3 0)
s>            ( QUESTION1 1 1.368e+03 9.907e+01 7.100e+01
s>                ( - 5.290e+01 1 0)
s>                ( - 1.216e+03 2 0))))INFO: dtree.c(1315): Comp split 6
INFO: dtree.c(1439): stop. leaf nodes are specific
INFO: dtree.c(1478): Final simple tree
|( QUESTION7 -1 6.112e+03 4.159e+02 2.759e+02
|    ( - 3.654e+03 1 0)
|    ( WDBNDRY_E 0 2.042e+03 1.950e+02 1.035e+02
|        ( - 1.569e+03 1 0)
|        ( - 2.778e+02 1 0)))
s>    ( QUESTION7 -1 6.112e+03 4.159e+02 2.759e+02
s>        ( - 3.654e+03 1 0)
s>        ( WDBNDRY_E 0 2.042e+03 1.950e+02 1.035e+02
s>            ( - 1.569e+03 1 0)
s>            ( - 2.778e+02 1 0)))INFO: dtree.c(1439): stop. leaf nodes are specific
INFO: dtree.c(1478): Final simple tree
|( WDBNDRY_E 0 4.195e+03 3.712e+02 1.964e+02
|    ( - 2.384e+03 1 0)
|    ( QUESTION2_7_L -1 1.439e+03 1.954e+02 7.509e+01
|        ( QUESTION7 -1 7.961e+02 1.222e+02 4.709e+01
|            ( - 3.221e+02 1 0)
|            ( QUESTION0 -1 3.518e+02 6.844e+01 2.300e+01
|                ( - 4.870e+01 1 0)
|                ( - 2.347e+02 2 0)))
|        ( QUESTION11 -1 4.479e+02 9.535e+01 2.800e+01
|            ( - 1.395e+02 1 0)
|            ( QUESTION0 -1 2.130e+02 5.537e+01 1.600e+01
|                ( - 1.052e+02 1 0)
|                ( - 5.245e+01 1 0)))))
s>    ( WDBNDRY_E 0 4.195e+03 3.712e+02 1.964e+02
s>        ( - 2.384e+03 1 0)
s>        ( QUESTION2_7_L -1 1.439e+03 1.954e+02 7.509e+01
s>            ( QUESTION7 -1 7.961e+02 1.222e+02 4.709e+01
s>                ( - 3.221e+02 1 0)
s>                ( QUESTION0 -1 3.518e+02 6.844e+01 2.300e+01
s>                    ( - 4.870e+01 1 0)
s>                    ( - 2.347e+02 2 0)))
s>            ( QUESTION11 -1 4.479e+02 9.535e+01 2.800e+01
s>                ( - 1.395e+02 1 0)
s>                ( QUESTION0 -1 2.130e+02 5.537e+01 1.600e+01
s>                    ( - 1.052e+02 1 0)
s>                    ( - 5.245e+01 1 0)))))INFO: dtree.c(1315): Comp split 7
INFO: dtree.c(1478): Final simple tree
|( QUESTION2_9_L -1 6.151e+03 4.353e+02 2.754e+02
|    ( QUESTION0 -1 3.551e+03 2.990e+02 1.645e+02
|        ( QUESTION1 -1 1.373e+03 1.785e+02 7.035e+01
|            ( QUESTION0_16_R 1 6.550e+02 1.150e+02 3.835e+01
|                ( - 1.568e+02 3 0 WDBNDRY_E 0 3.437e+01 1.300e+01)
|                ( - 3.832e+02 3 0 QUESTION0_0_R 1 7.238e+01 2.535e+01))
|            ( - 5.391e+02 5 0 QUESTION0_15_R 1 1.010e+02 3.200e+01))
|        ( QUESTION0_15_R 1 1.880e+03 1.494e+02 9.410e+01
|            ( - 1.484e+03 3 0)
|            ( - 2.461e+02 3 0 QUESTION0_17_R 1 5.285e+01 1.700e+01)))
|    ( QUESTION0_16_R 1 2.164e+03 2.372e+02 1.109e+02
|        ( - 6.418e+02 5 0 QUESTION11 -1 1.012e+02 3.795e+01)
|        ( QUESTION13 -1 1.285e+03 1.513e+02 7.297e+01
|            ( - 8.867e+02 2 0 QUESTION0_0_R 1 9.514e+01 5.397e+01)
|            ( - 2.475e+02 4 0 WDBNDRY_S 0 7.367e+01 1.900e+01))))
s>    ( QUESTION2_9_L -1 6.151e+03 4.353e+02 2.754e+02
s>        ( QUESTION0 -1 3.551e+03 2.990e+02 1.645e+02
s>            ( QUESTION1 -1 1.373e+03 1.785e+02 7.035e+01
s>                ( QUESTION0_16_R 1 6.550e+02 1.150e+02 3.835e+01
s>                    ( - 1.568e+02 3 0 WDBNDRY_E 0 3.437e+01 1.300e+01)
s>                    ( - 3.832e+02 3 0 QUESTION0_0_R 1 7.238e+01 2.535e+01))
s>                ( - 5.391e+02 5 0 QUESTION0_15_R 1 1.010e+02 3.200e+01))
s>            ( QUESTION0_15_R 1 1.880e+03 1.494e+02 9.410e+01
s>                ( - 1.484e+03 3 0)
s>                ( - 2.461e+02 3 0 QUESTION0_17_R 1 5.285e+01 1.700e+01)))
s>        ( QUESTION0_16_R 1 2.164e+03 2.372e+02 1.109e+02
s>            ( - 6.418e+02 5 0 QUESTION11 -1 1.012e+02 3.795e+01)
s>            ( QUESTION13 -1 1.285e+03 1.513e+02 7.297e+01
s>                ( - 8.867e+02 2 0 QUESTION0_0_R 1 9.514e+01 5.397e+01)
s>                ( - 2.475e+02 4 0 WDBNDRY_S 0 7.367e+01 1.900e+01))))INFO: dtree.c(1478): Final simple tree
|( QUESTION0_17_R 1 3.137e+03 3.374e+02 1.390e+02
|    ( QUESTION0 -1 1.529e+03 2.006e+02 7.600e+01
|        ( QUESTION8 -1 8.587e+02 1.169e+02 4.700e+01
|            ( - 1.687e+02 1 0)
|            ( - 5.731e+02 1 0))
|        ( - 4.693e+02 1 0))
|    ( QUESTION0_0_R 1 1.271e+03 2.095e+02 6.300e+01
|        ( QUESTION0 -1 5.123e+02 8.926e+01 3.100e+01
|            ( - 8.569e+01 2 0 QUESTION1 -1 2.710e+01 8.000e+00)
|            ( - 3.374e+02 2 0))
|        ( QUESTION0_15_R 1 5.489e+02 1.124e+02 3.200e+01
|            ( QUESTION8 -1 2.638e+02 5.810e+01 1.800e+01
|                ( - 2.976e+01 1 0)
|                ( - 1.760e+02 1 0))
|            ( - 1.727e+02 2 0 QUESTION0 -1 4.421e+01 1.400e+01))))
s>    ( QUESTION0_17_R 1 3.137e+03 3.374e+02 1.390e+02
s>        ( QUESTION0 -1 1.529e+03 2.006e+02 7.600e+01
s>            ( QUESTION8 -1 8.587e+02 1.169e+02 4.700e+01
s>                ( - 1.687e+02 1 0)
s>                ( - 5.731e+02 1 0))
s>            ( - 4.693e+02 1 0))
s>        ( QUESTION0_0_R 1 1.271e+03 2.095e+02 6.300e+01
s>            ( QUESTION0 -1 5.123e+02 8.926e+01 3.100e+01
s>                ( - 8.569e+01 2 0 QUESTION1 -1 2.710e+01 8.000e+00)
s>                ( - 3.374e+02 2 0))
s>            ( QUESTION0_15_R 1 5.489e+02 1.124e+02 3.200e+01
s>                ( QUESTION8 -1 2.638e+02 5.810e+01 1.800e+01
s>                    ( - 2.976e+01 1 0)
s>                    ( - 1.760e+02 1 0))
s>                ( - 1.727e+02 2 0 QUESTION0 -1 4.421e+01 1.400e+01))))INFO: dtree.c(1315): Comp split 8
INFO: dtree.c(1478): Final simple tree
|( QUESTION0 -1 3.226e+03 2.976e+02 1.569e+02
|    ( QUESTION2 -1 1.384e+03 1.702e+02 7.483e+01
|        ( - 4.377e+02 3 0 WDBNDRY_E 0 5.273e+01 2.900e+01)
|        ( QUESTION1 -1 7.758e+02 1.137e+02 4.583e+01
|            ( QUESTION8 -1 3.491e+02 6.168e+01 2.400e+01
|                ( - 9.173e+01 1 0)
|                ( - 1.957e+02 1 0))
|            ( QUESTION11 -1 3.130e+02 7.152e+01 2.183e+01
|                ( - 1.037e+02 1 0)
|                ( - 1.378e+02 1 0))))
|    ( QUESTION14 -1 1.545e+03 1.832e+02 8.211e+01
|        ( - 4.919e+02 2 0)
|        ( QUESTION0_12_R 1 8.697e+02 8.516e+01 4.871e+01
|            ( - 1.147e+02 1 0)
|            ( - 6.699e+02 2 0))))
s>    ( QUESTION0 -1 3.226e+03 2.976e+02 1.569e+02
s>        ( QUESTION2 -1 1.384e+03 1.702e+02 7.483e+01
s>            ( - 4.377e+02 3 0 WDBNDRY_E 0 5.273e+01 2.900e+01)
s>            ( QUESTION1 -1 7.758e+02 1.137e+02 4.583e+01
s>                ( QUESTION8 -1 3.491e+02 6.168e+01 2.400e+01
s>                    ( - 9.173e+01 1 0)
s>                    ( - 1.957e+02 1 0))
s>                ( QUESTION11 -1 3.130e+02 7.152e+01 2.183e+01
s>                    ( - 1.037e+02 1 0)
s>                    ( - 1.378e+02 1 0))))
s>        ( QUESTION14 -1 1.545e+03 1.832e+02 8.211e+01
s>            ( - 4.919e+02 2 0)
s>            ( QUESTION0_12_R 1 8.697e+02 8.516e+01 4.871e+01
s>                ( - 1.147e+02 1 0)
s>                ( - 6.699e+02 2 0))))INFO: dtree.c(1439): stop. leaf nodes are specific
INFO: dtree.c(1478): Final simple tree
|( QUESTION0_12_R 1 3.912e+03 2.288e+02 1.779e+02
|    ( - 2.401e+02 1 0)
|    ( - 3.443e+03 2 0))
s>    ( QUESTION0_12_R 1 3.912e+03 2.288e+02 1.779e+02
s>        ( - 2.401e+02 1 0)
s>        ( - 3.443e+03 2 0))INFO: dtree.c(1315): Comp split 9
INFO: dtree.c(1439): stop. leaf nodes are specific
INFO: dtree.c(1478): Final simple tree
|( QUESTION3 -1 2.209e+03 2.262e+02 1.071e+02
|    ( QUESTION1 1 1.291e+03 1.456e+02 6.500e+01
|        ( - 1.250e+02 2 0)
|        ( - 1.020e+03 4 0))
|    ( QUESTION1 1 6.920e+02 7.892e+01 4.211e+01
|        ( - 2.287e+01 1 0)
|        ( - 5.902e+02 2 0)))
s>    ( QUESTION3 -1 2.209e+03 2.262e+02 1.071e+02
s>        ( QUESTION1 1 1.291e+03 1.456e+02 6.500e+01
s>            ( - 1.250e+02 2 0)
s>            ( - 1.020e+03 4 0))
s>        ( QUESTION1 1 6.920e+02 7.892e+01 4.211e+01
s>            ( - 2.287e+01 1 0)
s>            ( - 5.902e+02 2 0)))INFO: dtree.c(1478): Final simple tree
|( QUESTION1 -1 3.304e+03 2.957e+02 1.501e+02
|    ( QUESTION2 -1 2.145e+03 2.423e+02 1.031e+02
|        ( QUESTION11 1 1.199e+03 1.742e+02 6.209e+01
|            ( - 6.038e+02 3 0)
|            ( WDBNDRY_E 0 4.206e+02 9.373e+01 2.609e+01
|                ( - 1.078e+02 1 0)
|                ( - 2.190e+02 2 0)))
|        ( QUESTION11 1 7.037e+02 9.437e+01 4.103e+01
|            ( - 5.089e+02 2 0)
|            ( - 1.005e+02 2 0 QUESTION1 1 3.486e+01 1.000e+01)))
|    ( QUESTION2_12_L -1 8.636e+02 1.384e+02 4.700e+01
|        ( - 2.982e+02 2 0)
|        ( QUESTION12 -1 4.269e+02 9.851e+01 2.700e+01
|            ( - 1.244e+02 2 0 QUESTION11 1 4.482e+01 1.100e+01)
|            ( - 2.040e+02 2 0 SILENCE -1 6.030e+01 1.600e+01))))
s>    ( QUESTION1 -1 3.304e+03 2.957e+02 1.501e+02
s>        ( QUESTION2 -1 2.145e+03 2.423e+02 1.031e+02
s>            ( QUESTION11 1 1.199e+03 1.742e+02 6.209e+01
s>                ( - 6.038e+02 3 0)
s>                ( WDBNDRY_E 0 4.206e+02 9.373e+01 2.609e+01
s>                    ( - 1.078e+02 1 0)
s>                    ( - 2.190e+02 2 0)))
s>            ( QUESTION11 1 7.037e+02 9.437e+01 4.103e+01
s>                ( - 5.089e+02 2 0)
s>                ( - 1.005e+02 2 0 QUESTION1 1 3.486e+01 1.000e+01)))
s>        ( QUESTION2_12_L -1 8.636e+02 1.384e+02 4.700e+01
s>            ( - 2.982e+02 2 0)
s>            ( QUESTION12 -1 4.269e+02 9.851e+01 2.700e+01
s>                ( - 1.244e+02 2 0 QUESTION11 1 4.482e+01 1.100e+01)
s>                ( - 2.040e+02 2 0 SILENCE -1 6.030e+01 1.600e+01))))INFO: dtree.c(1315): Comp split 10
INFO: dtree.c(1439): stop. leaf nodes are specific
INFO: dtree.c(1478): Final simple tree
|( QUESTION2 -1 2.996e+03 2.623e+02 1.403e+02
|    ( - 1.687e+03 2 0)
|    ( SILENCE -1 1.047e+03 1.512e+02 5.500e+01
|        ( - 4.933e+02 1 0)
|        ( QUESTION1 -1 4.020e+02 8.968e+01 2.600e+01
|            ( - 2.073e+02 1 0)
|            ( - 1.051e+02 1 0))))
s>    ( QUESTION2 -1 2.996e+03 2.623e+02 1.403e+02
s>        ( - 1.687e+03 2 0)
s>        ( SILENCE -1 1.047e+03 1.512e+02 5.500e+01
s>            ( - 4.933e+02 1 0)
s>            ( QUESTION1 -1 4.020e+02 8.968e+01 2.600e+01
s>                ( - 2.073e+02 1 0)
s>                ( - 1.051e+02 1 0))))INFO: dtree.c(1439): stop. leaf nodes are specific
INFO: dtree.c(1478): Final simple tree
|( QUESTION2_7_L -1 4.112e+03 3.124e+02 1.882e+02
|    ( QUESTION0_12_R 1 1.106e+03 1.440e+02 6.100e+01
|        ( - 4.350e+02 1 0)
|        ( - 5.266e+02 1 0))
|    ( SILENCE -1 2.694e+03 2.435e+02 1.272e+02
|        ( - 4.884e+02 1 0)
|        ( - 1.962e+03 1 0)))
s>    ( QUESTION2_7_L -1 4.112e+03 3.124e+02 1.882e+02
s>        ( QUESTION0_12_R 1 1.106e+03 1.440e+02 6.100e+01
s>            ( - 4.350e+02 1 0)
s>            ( - 5.266e+02 1 0))
s>        ( SILENCE -1 2.694e+03 2.435e+02 1.272e+02
s>            ( - 4.884e+02 1 0)
s>            ( - 1.962e+03 1 0)))INFO: dtree.c(1315): Comp split 11
INFO: dtree.c(1439): stop. leaf nodes are specific
INFO: dtree.c(1478): Final simple tree
|( QUESTION0_1_R 1 1.739e+03 2.199e+02 8.879e+01
|    ( QUESTION2_0_L -1 6.064e+02 9.362e+01 3.679e+01
|        ( - 9.874e+01 1 0)
|        ( - 4.141e+02 2 0))
|    ( QUESTION10 -1 9.129e+02 1.391e+02 5.200e+01
|        ( - 2.883e+02 1 0)
|        ( QUESTION0_0_R 1 4.854e+02 8.547e+01 3.200e+01
|            ( - 2.556e+02 1 0)
|            ( - 1.444e+02 1 0))))
s>    ( QUESTION0_1_R 1 1.739e+03 2.199e+02 8.879e+01
s>        ( QUESTION2_0_L -1 6.064e+02 9.362e+01 3.679e+01
s>            ( - 9.874e+01 1 0)
s>            ( - 4.141e+02 2 0))
s>        ( QUESTION10 -1 9.129e+02 1.391e+02 5.200e+01
s>            ( - 2.883e+02 1 0)
s>            ( QUESTION0_0_R 1 4.854e+02 8.547e+01 3.200e+01
s>                ( - 2.556e+02 1 0)
s>                ( - 1.444e+02 1 0))))INFO: dtree.c(1439): stop. leaf nodes are specific
INFO: dtree.c(1478): Final simple tree
|( QUESTION2_7_L -1 2.679e+03 3.392e+02 1.253e+02
|    ( QUESTION0 -1 1.267e+03 1.111e+02 6.731e+01
|        ( - 8.429e+01 1 0)
|        ( - 1.071e+03 2 0))
|    ( SILENCE -1 1.073e+03 1.644e+02 5.797e+01
|        ( - 2.169e+02 1 0)
|        ( - 6.915e+02 1 0)))
s>    ( QUESTION2_7_L -1 2.679e+03 3.392e+02 1.253e+02
s>        ( QUESTION0 -1 1.267e+03 1.111e+02 6.731e+01
s>            ( - 8.429e+01 1 0)
s>            ( - 1.071e+03 2 0))
s>        ( SILENCE -1 1.073e+03 1.644e+02 5.797e+01
s>            ( - 2.169e+02 1 0)
s>            ( - 6.915e+02 1 0)))INFO: dtree.c(1315): Comp split 12
INFO: dtree.c(1478): Final simple tree
|( QUESTION0_16_R 1 2.477e+03 2.796e+02 1.239e+02
|    ( QUESTION11 -1 9.120e+02 1.453e+02 5.095e+01
|        ( QUESTION0_18_R 1 4.127e+02 7.402e+01 2.697e+01
|            ( - 6.748e+01 1 0)
|            ( - 2.712e+02 1 0))
|        ( QUESTION1 -1 3.540e+02 6.944e+01 2.398e+01
|            ( - 1.568e+02 3 0 WDBNDRY_E 0 3.437e+01 1.300e+01)
|            ( - 1.278e+02 3 0 QUESTION0_17_R 1 3.469e+01 1.098e+01)))
|    ( QUESTION13 -1 1.285e+03 1.513e+02 7.297e+01
|        ( QUESTION0_0_R 1 8.867e+02 9.514e+01 5.397e+01
|            ( - 3.576e+02 1 0)
|            ( - 4.339e+02 1 0))
|        ( WDBNDRY_S 0 2.475e+02 7.367e+01 1.900e+01
|            ( - 8.941e+01 2 0 SILENCE -1 3.357e+01 1.000e+01)
|            ( - 8.446e+01 2 0 QUESTION2_14_L -1 2.778e+01 9.000e+00))))
s>    ( QUESTION0_16_R 1 2.477e+03 2.796e+02 1.239e+02
s>        ( QUESTION11 -1 9.120e+02 1.453e+02 5.095e+01
s>            ( QUESTION0_18_R 1 4.127e+02 7.402e+01 2.697e+01
s>                ( - 6.748e+01 1 0)
s>                ( - 2.712e+02 1 0))
s>            ( QUESTION1 -1 3.540e+02 6.944e+01 2.398e+01
s>                ( - 1.568e+02 3 0 WDBNDRY_E 0 3.437e+01 1.300e+01)
s>                ( - 1.278e+02 3 0 QUESTION0_17_R 1 3.469e+01 1.098e+01)))
s>        ( QUESTION13 -1 1.285e+03 1.513e+02 7.297e+01
s>            ( QUESTION0_0_R 1 8.867e+02 9.514e+01 5.397e+01
s>                ( - 3.576e+02 1 0)
s>                ( - 4.339e+02 1 0))
s>            ( WDBNDRY_S 0 2.475e+02 7.367e+01 1.900e+01
s>                ( - 8.941e+01 2 0 SILENCE -1 3.357e+01 1.000e+01)
s>                ( - 8.446e+01 2 0 QUESTION2_14_L -1 2.778e+01 9.000e+00))))INFO: dtree.c(1478): Final simple tree
|( QUESTION0 -1 3.231e+03 2.796e+02 1.515e+02
|    ( QUESTION0_15_R 1 1.071e+03 1.587e+02 5.735e+01
|        ( QUESTION1 -1 4.373e+02 8.118e+01 2.800e+01
|            ( - 1.998e+02 2 0)
|            ( - 1.563e+02 2 0))
|        ( QUESTION1 -1 4.752e+02 8.239e+01 2.935e+01
|            ( - 1.110e+02 1 0)
|            ( QUESTION0_0_R 1 2.818e+02 6.346e+01 1.900e+01
|                ( - 1.548e+02 2 0)
|                ( - 6.361e+01 1 0))))
|    ( QUESTION0_15_R 1 1.880e+03 1.494e+02 9.410e+01
|        ( - 1.484e+03 3 0)
|        ( QUESTION0_17_R 1 2.461e+02 5.285e+01 1.700e+01
|            ( - 3.428e+01 1 0)
|            ( - 1.590e+02 2 0 QUESTION0_0_R 1 3.715e+01 1.300e+01))))
s>    ( QUESTION0 -1 3.231e+03 2.796e+02 1.515e+02
s>        ( QUESTION0_15_R 1 1.071e+03 1.587e+02 5.735e+01
s>            ( QUESTION1 -1 4.373e+02 8.118e+01 2.800e+01
s>                ( - 1.998e+02 2 0)
s>                ( - 1.563e+02 2 0))
s>            ( QUESTION1 -1 4.752e+02 8.239e+01 2.935e+01
s>                ( - 1.110e+02 1 0)
s>                ( QUESTION0_0_R 1 2.818e+02 6.346e+01 1.900e+01
s>                    ( - 1.548e+02 2 0)
s>                    ( - 6.361e+01 1 0))))
s>        ( QUESTION0_15_R 1 1.880e+03 1.494e+02 9.410e+01
s>            ( - 1.484e+03 3 0)
s>            ( QUESTION0_17_R 1 2.461e+02 5.285e+01 1.700e+01
s>                ( - 3.428e+01 1 0)
s>                ( - 1.590e+02 2 0 QUESTION0_0_R 1 3.715e+01 1.300e+01))))INFO: dtree.c(1315): Comp split 13
INFO: dtree.c(1439): stop. leaf nodes are specific
INFO: dtree.c(1478): Final simple tree
|( QUESTION10 1 1.755e+03 2.006e+02 8.600e+01
|    ( - 1.216e+03 2 0)
|    ( QUESTION0_0_R 1 3.375e+02 7.015e+01 2.200e+01
|        ( - 2.144e+02 1 0)
|        ( - 5.290e+01 1 0)))
s>    ( QUESTION10 1 1.755e+03 2.006e+02 8.600e+01
s>        ( - 1.216e+03 2 0)
s>        ( QUESTION0_0_R 1 3.375e+02 7.015e+01 2.200e+01
s>            ( - 2.144e+02 1 0)
s>            ( - 5.290e+01 1 0)))INFO: dtree.c(1439): stop. leaf nodes are specific
INFO: dtree.c(1478): Final simple tree
|( QUESTION2 -1 3.149e+03 3.289e+02 1.413e+02
|    ( - 1.890e+03 3 0)
|    ( - 9.297e+02 1 0))
s>    ( QUESTION2 -1 3.149e+03 3.289e+02 1.413e+02
s>        ( - 1.890e+03 3 0)
s>        ( - 9.297e+02 1 0))INFO: dtree.c(1315): Comp split 14
INFO: dtree.c(1439): stop. leaf nodes are specific
INFO: dtree.c(1478): Final simple tree
|( WDBNDRY_E 0 2.042e+03 1.950e+02 1.035e+02
|    ( - 1.569e+03 1 0)
|    ( - 2.778e+02 1 0))
s>    ( WDBNDRY_E 0 2.042e+03 1.950e+02 1.035e+02
s>        ( - 1.569e+03 1 0)
s>        ( - 2.778e+02 1 0))INFO: dtree.c(1315): Comp split 15
INFO: dtree.c(1439): stop. leaf nodes are specific
INFO: dtree.c(1478): Final simple tree
|( QUESTION2_7_L -1 1.439e+03 1.954e+02 7.509e+01
|    ( QUESTION7 -1 7.961e+02 1.222e+02 4.709e+01
|        ( - 3.221e+02 1 0)
|        ( QUESTION0 -1 3.518e+02 6.844e+01 2.300e+01
|            ( - 4.870e+01 1 0)
|            ( - 2.347e+02 2 0)))
|    ( QUESTION11 -1 4.479e+02 9.535e+01 2.800e+01
|        ( - 1.395e+02 1 0)
|        ( QUESTION0 -1 2.130e+02 5.537e+01 1.600e+01
|            ( - 1.052e+02 1 0)
|            ( - 5.245e+01 1 0))))
s>    ( QUESTION2_7_L -1 1.439e+03 1.954e+02 7.509e+01
s>        ( QUESTION7 -1 7.961e+02 1.222e+02 4.709e+01
s>            ( - 3.221e+02 1 0)
s>            ( QUESTION0 -1 3.518e+02 6.844e+01 2.300e+01
s>                ( - 4.870e+01 1 0)
s>                ( - 2.347e+02 2 0)))
s>        ( QUESTION11 -1 4.479e+02 9.535e+01 2.800e+01
s>            ( - 1.395e+02 1 0)
s>            ( QUESTION0 -1 2.130e+02 5.537e+01 1.600e+01
s>                ( - 1.052e+02 1 0)
s>                ( - 5.245e+01 1 0))))INFO: dtree.c(1315): Comp split 16
INFO: dtree.c(1439): stop. leaf nodes are specific
INFO: dtree.c(1478): Final simple tree
|( QUESTION0_0_R 1 1.396e+03 2.003e+02 7.000e+01
|    ( - 3.374e+02 2 0)
|    ( QUESTION8 -1 8.587e+02 1.169e+02 4.700e+01
|        ( - 1.687e+02 1 0)
|        ( - 5.731e+02 1 0)))
s>    ( QUESTION0_0_R 1 1.396e+03 2.003e+02 7.000e+01
s>        ( - 3.374e+02 2 0)
s>        ( QUESTION8 -1 8.587e+02 1.169e+02 4.700e+01
s>            ( - 1.687e+02 1 0)
s>            ( - 5.731e+02 1 0)))INFO: dtree.c(1439): stop. leaf nodes are specific
INFO: dtree.c(1478): Final simple tree
|( QUESTION0_16_R 1 1.390e+03 1.977e+02 6.900e+01
|    ( QUESTION0_17_R 1 7.539e+02 1.119e+02 4.300e+01
|        ( - 4.693e+02 1 0)
|        ( QUESTION0 -1 1.727e+02 4.421e+01 1.400e+01
|            ( - 4.051e+01 1 0)
|            ( - 8.795e+01 1 0)))
|    ( QUESTION0_0_R 1 4.386e+02 8.914e+01 2.600e+01
|        ( QUESTION1 -1 8.569e+01 2.710e+01 8.000e+00
|            ( - 4.532e+01 1 0)
|            ( - 1.327e+01 1 0))
|        ( QUESTION8 -1 2.638e+02 5.810e+01 1.800e+01
|            ( - 2.976e+01 1 0)
|            ( - 1.760e+02 1 0))))
s>    ( QUESTION0_16_R 1 1.390e+03 1.977e+02 6.900e+01
s>        ( QUESTION0_17_R 1 7.539e+02 1.119e+02 4.300e+01
s>            ( - 4.693e+02 1 0)
s>            ( QUESTION0 -1 1.727e+02 4.421e+01 1.400e+01
s>                ( - 4.051e+01 1 0)
s>                ( - 8.795e+01 1 0)))
s>        ( QUESTION0_0_R 1 4.386e+02 8.914e+01 2.600e+01
s>            ( QUESTION1 -1 8.569e+01 2.710e+01 8.000e+00
s>                ( - 4.532e+01 1 0)
s>                ( - 1.327e+01 1 0))
s>            ( QUESTION8 -1 2.638e+02 5.810e+01 1.800e+01
s>                ( - 2.976e+01 1 0)
s>                ( - 1.760e+02 1 0))))INFO: dtree.c(1315): Comp split 17
INFO: dtree.c(1439): stop. leaf nodes are specific
INFO: dtree.c(1478): Final simple tree
|( QUESTION7 -1 1.283e+03 1.772e+02 6.712e+01
|    ( QUESTION11 1 7.037e+02 9.437e+01 4.103e+01
|        ( - 5.089e+02 2 0)
|        ( QUESTION1 1 1.005e+02 3.486e+01 1.000e+01
|            ( - 4.204e+01 1 0)
|            ( - 2.355e+01 1 0)))
|    ( SILENCE -1 4.022e+02 9.350e+01 2.609e+01
|        ( - 8.395e+01 1 0)
|        ( WDBNDRY_E 0 2.247e+02 5.716e+01 1.709e+01
|            ( - 1.078e+02 1 0)
|            ( - 5.975e+01 1 0))))
s>    ( QUESTION7 -1 1.283e+03 1.772e+02 6.712e+01
s>        ( QUESTION11 1 7.037e+02 9.437e+01 4.103e+01
s>            ( - 5.089e+02 2 0)
s>            ( QUESTION1 1 1.005e+02 3.486e+01 1.000e+01
s>                ( - 4.204e+01 1 0)
s>                ( - 2.355e+01 1 0)))
s>        ( SILENCE -1 4.022e+02 9.350e+01 2.609e+01
s>            ( - 8.395e+01 1 0)
s>            ( WDBNDRY_E 0 2.247e+02 5.716e+01 1.709e+01
s>                ( - 1.078e+02 1 0)
s>                ( - 5.975e+01 1 0))))INFO: dtree.c(1439): stop. leaf nodes are specific
INFO: dtree.c(1478): Final simple tree
|( WDBNDRY_E 0 1.675e+03 2.130e+02 8.300e+01
|    ( - 6.038e+02 3 0)
|    ( QUESTION11 -1 8.579e+02 1.413e+02 4.700e+01
|        ( - 2.982e+02 2 0)
|        ( QUESTION1 -1 4.184e+02 7.497e+01 2.700e+01
|            ( - 2.190e+02 2 0)
|            ( QUESTION11 1 1.244e+02 4.482e+01 1.100e+01
|                ( - 4.590e+01 1 0)
|                ( - 3.371e+01 1 0)))))
s>    ( WDBNDRY_E 0 1.675e+03 2.130e+02 8.300e+01
s>        ( - 6.038e+02 3 0)
s>        ( QUESTION11 -1 8.579e+02 1.413e+02 4.700e+01
s>            ( - 2.982e+02 2 0)
s>            ( QUESTION1 -1 4.184e+02 7.497e+01 2.700e+01
s>                ( - 2.190e+02 2 0)
s>                ( QUESTION11 1 1.244e+02 4.482e+01 1.100e+01
s>                    ( - 4.590e+01 1 0)
s>                    ( - 3.371e+01 1 0)))))INFO: dtree.c(1315): Comp split 18
INFO: dtree.c(1439): stop. leaf nodes are specific
INFO: dtree.c(1478): Final simple tree
|( SILENCE -1 1.073e+03 1.644e+02 5.797e+01
|    ( - 2.169e+02 1 0)
|    ( - 6.915e+02 1 0))
s>    ( SILENCE -1 1.073e+03 1.644e+02 5.797e+01
s>        ( - 2.169e+02 1 0)
s>        ( - 6.915e+02 1 0))INFO: dtree.c(1439): stop. leaf nodes are specific
INFO: dtree.c(1478): Final simple tree
|( QUESTION0 -1 1.267e+03 1.111e+02 6.731e+01
|    ( - 8.429e+01 1 0)
|    ( - 1.071e+03 2 0))
s>    ( QUESTION0 -1 1.267e+03 1.111e+02 6.731e+01
s>        ( - 8.429e+01 1 0)
s>        ( - 1.071e+03 2 0))INFO: dtree.c(1315): Comp split 19
INFO: dtree.c(1315): Comp split 20
INFO: dtree.c(1439): stop. leaf nodes are specific
INFO: dtree.c(1478): Final simple tree
|( SILENCE -1 2.694e+03 2.435e+02 1.272e+02
|    ( - 4.884e+02 1 0)
|    ( - 1.962e+03 1 0))
s>    ( SILENCE -1 2.694e+03 2.435e+02 1.272e+02
s>        ( - 4.884e+02 1 0)
s>        ( - 1.962e+03 1 0))INFO: dtree.c(1439): stop. leaf nodes are specific
INFO: dtree.c(1478): Final simple tree
|( QUESTION0_12_R 1 1.106e+03 1.440e+02 6.100e+01
|    ( - 4.350e+02 1 0)
|    ( - 5.266e+02 1 0))
s>    ( QUESTION0_12_R 1 1.106e+03 1.440e+02 6.100e+01
s>        ( - 4.350e+02 1 0)
s>        ( - 5.266e+02 1 0))INFO: dtree.c(1315): Comp split 21
INFO: dtree.c(1439): stop. leaf nodes are specific
INFO: dtree.c(1478): Final simple tree
|( QUESTION0_15_R 1 1.919e+03 1.500e+02 9.710e+01
|    ( - 1.484e+03 3 0)
|    ( QUESTION0_17_R 1 2.843e+02 6.170e+01 2.000e+01
|        ( - 6.361e+01 1 0)
|        ( QUESTION0_0_R 1 1.590e+02 3.715e+01 1.300e+01
|            ( - 5.295e+01 1 0)
|            ( - 6.887e+01 1 0))))
s>    ( QUESTION0_15_R 1 1.919e+03 1.500e+02 9.710e+01
s>        ( - 1.484e+03 3 0)
s>        ( QUESTION0_17_R 1 2.843e+02 6.170e+01 2.000e+01
s>            ( - 6.361e+01 1 0)
s>            ( QUESTION0_0_R 1 1.590e+02 3.715e+01 1.300e+01
s>                ( - 5.295e+01 1 0)
s>                ( - 6.887e+01 1 0))))INFO: dtree.c(1439): stop. leaf nodes are specific
INFO: dtree.c(1478): Final simple tree
|( QUESTION0_0_R 1 1.006e+03 1.520e+02 5.435e+01
|    ( QUESTION1 -1 3.325e+02 6.668e+01 2.235e+01
|        ( - 1.110e+02 1 0)
|        ( - 1.548e+02 2 0))
|    ( QUESTION10 -1 5.213e+02 9.025e+01 3.200e+01
|        ( - 1.563e+02 2 0)
|        ( QUESTION0_15_R 1 2.747e+02 4.059e+01 1.900e+01
|            ( - 1.998e+02 2 0)
|            ( - 3.428e+01 1 0))))
s>    ( QUESTION0_0_R 1 1.006e+03 1.520e+02 5.435e+01
s>        ( QUESTION1 -1 3.325e+02 6.668e+01 2.235e+01
s>            ( - 1.110e+02 1 0)
s>            ( - 1.548e+02 2 0))
s>        ( QUESTION10 -1 5.213e+02 9.025e+01 3.200e+01
s>            ( - 1.563e+02 2 0)
s>            ( QUESTION0_15_R 1 2.747e+02 4.059e+01 1.900e+01
s>                ( - 1.998e+02 2 0)
s>                ( - 3.428e+01 1 0))))INFO: dtree.c(1315): Comp split 22
INFO: dtree.c(1439): stop. leaf nodes are specific
INFO: dtree.c(1478): Final simple tree
|( QUESTION0_12_R 1 1.313e+03 1.588e+02 6.955e+01
|    ( QUESTION10 -1 4.840e+02 8.820e+01 3.083e+01
|        ( - 1.378e+02 1 0)
|        ( QUESTION0 -1 2.580e+02 5.165e+01 1.900e+01
|            ( - 9.173e+01 1 0)
|            ( - 1.147e+02 1 0)))
|    ( - 6.699e+02 2 0))
s>    ( QUESTION0_12_R 1 1.313e+03 1.588e+02 6.955e+01
s>        ( QUESTION10 -1 4.840e+02 8.820e+01 3.083e+01
s>            ( - 1.378e+02 1 0)
s>            ( QUESTION0 -1 2.580e+02 5.165e+01 1.900e+01
s>                ( - 9.173e+01 1 0)
s>                ( - 1.147e+02 1 0)))
s>        ( - 6.699e+02 2 0))INFO: dtree.c(1439): stop. leaf nodes are specific
INFO: dtree.c(1478): Final simple tree
|( QUESTION0 -1 1.610e+03 1.880e+02 8.740e+01
|    ( QUESTION2 -1 9.301e+02 1.290e+02 5.400e+01
|        ( WDBNDRY_E 0 4.377e+02 5.273e+01 2.900e+01
|            ( - 3.572e+01 1 0)
|            ( - 3.493e+02 2 0))
|        ( QUESTION1 -1 3.634e+02 6.407e+01 2.500e+01
|            ( - 1.957e+02 1 0)
|            ( - 1.037e+02 1 0)))
|    ( - 4.919e+02 2 0))
s>    ( QUESTION0 -1 1.610e+03 1.880e+02 8.740e+01
s>        ( QUESTION2 -1 9.301e+02 1.290e+02 5.400e+01
s>            ( WDBNDRY_E 0 4.377e+02 5.273e+01 2.900e+01
s>                ( - 3.572e+01 1 0)
s>                ( - 3.493e+02 2 0))
s>            ( QUESTION1 -1 3.634e+02 6.407e+01 2.500e+01
s>                ( - 1.957e+02 1 0)
s>                ( - 1.037e+02 1 0)))
s>        ( - 4.919e+02 2 0))INFO: dtree.c(1315): Comp split 23
INFO: dtree.c(1439): stop. leaf nodes are specific
INFO: dtree.c(1478): Final simple tree
|( QUESTION0_16_R 1 1.295e+03 1.371e+02 7.397e+01
|    ( - 2.712e+02 1 0)
|    ( QUESTION0_0_R 1 8.867e+02 9.514e+01 5.397e+01
|        ( - 3.576e+02 1 0)
|        ( - 4.339e+02 1 0)))
s>    ( QUESTION0_16_R 1 1.295e+03 1.371e+02 7.397e+01
s>        ( - 2.712e+02 1 0)
s>        ( QUESTION0_0_R 1 8.867e+02 9.514e+01 5.397e+01
s>            ( - 3.576e+02 1 0)
s>            ( - 4.339e+02 1 0)))INFO: dtree.c(1478): Final simple tree
|( QUESTION0_16_R 1 8.867e+02 1.474e+02 4.995e+01
|    ( QUESTION12 -1 4.918e+02 8.314e+01 3.095e+01
|        ( QUESTION0_17_R 1 1.278e+02 3.469e+01 1.098e+01
|            ( - 4.464e+01 2 0 QUESTION0_18_R 1 1.548e+01 4.981e+00)
|            ( - 4.848e+01 1 0))
|        ( QUESTION0_18_R 1 2.808e+02 5.658e+01 1.997e+01
|            ( - 6.748e+01 1 0)
|            ( WDBNDRY_E 0 1.568e+02 3.437e+01 1.300e+01
|                ( - 1.702e+01 1 0)
|                ( - 1.054e+02 2 0))))
|    ( WDBNDRY_S 0 2.475e+02 7.367e+01 1.900e+01
|        ( SILENCE -1 8.941e+01 3.357e+01 1.000e+01
|            ( - 1.577e+01 1 0)
|            ( - 4.007e+01 1 0))
|        ( - 8.446e+01 2 0 QUESTION2_14_L -1 2.778e+01 9.000e+00)))
s>    ( QUESTION0_16_R 1 8.867e+02 1.474e+02 4.995e+01
s>        ( QUESTION12 -1 4.918e+02 8.314e+01 3.095e+01
s>            ( QUESTION0_17_R 1 1.278e+02 3.469e+01 1.098e+01
s>                ( - 4.464e+01 2 0 QUESTION0_18_R 1 1.548e+01 4.981e+00)
s>                ( - 4.848e+01 1 0))
s>            ( QUESTION0_18_R 1 2.808e+02 5.658e+01 1.997e+01
s>                ( - 6.748e+01 1 0)
s>                ( WDBNDRY_E 0 1.568e+02 3.437e+01 1.300e+01
s>                    ( - 1.702e+01 1 0)
s>                    ( - 1.054e+02 2 0))))
s>        ( WDBNDRY_S 0 2.475e+02 7.367e+01 1.900e+01
s>            ( SILENCE -1 8.941e+01 3.357e+01 1.000e+01
s>                ( - 1.577e+01 1 0)
s>                ( - 4.007e+01 1 0))
s>            ( - 8.446e+01 2 0 QUESTION2_14_L -1 2.778e+01 9.000e+00)))INFO: dtree.c(1315): Comp split 24
INFO: dtree.c(1439): stop. leaf nodes are specific
INFO: dtree.c(1478): Final simple tree
|( SILENCE -1 8.309e+02 1.302e+02 4.500e+01
|    ( - 4.933e+02 1 0)
|    ( - 2.073e+02 1 0))
s>    ( SILENCE -1 8.309e+02 1.302e+02 4.500e+01
s>        ( - 4.933e+02 1 0)
s>        ( - 2.073e+02 1 0))INFO: dtree.c(1439): stop. leaf nodes are specific
INFO: dtree.c(1478): Final simple tree
|( QUESTION1 -1 1.891e+03 9.917e+01 9.531e+01
|    ( - 1.687e+03 2 0)
|    ( - 1.051e+02 1 0))
s>    ( QUESTION1 -1 1.891e+03 9.917e+01 9.531e+01
s>        ( - 1.687e+03 2 0)
s>        ( - 1.051e+02 1 0))INFO: dtree.c(1315): Comp split 25
INFO: dtree.c(1439): stop. leaf nodes are specific
INFO: dtree.c(1478): Final simple tree
|( QUESTION1 1 9.305e+02 1.453e+02 5.411e+01
|    ( QUESTION3 -1 1.950e+02 4.705e+01 1.700e+01
|        ( - 1.250e+02 2 0)
|        ( - 2.287e+01 1 0))
|    ( - 5.902e+02 2 0))
s>    ( QUESTION1 1 9.305e+02 1.453e+02 5.411e+01
s>        ( QUESTION3 -1 1.950e+02 4.705e+01 1.700e+01
s>            ( - 1.250e+02 2 0)
s>            ( - 2.287e+01 1 0))
s>        ( - 5.902e+02 2 0))INFO: dtree.c(1315): Comp split 26
INFO: dtree.c(1315): Comp split 27
INFO: dtree.c(1315): Comp split 28
INFO: dtree.c(1439): stop. leaf nodes are specific
INFO: dtree.c(1478): Final simple tree
|( QUESTION10 -1 9.129e+02 1.391e+02 5.200e+01
|    ( - 2.883e+02 1 0)
|    ( QUESTION0_0_R 1 4.854e+02 8.547e+01 3.200e+01
|        ( - 2.556e+02 1 0)
|        ( - 1.444e+02 1 0)))
s>    ( QUESTION10 -1 9.129e+02 1.391e+02 5.200e+01
s>        ( - 2.883e+02 1 0)
s>        ( QUESTION0_0_R 1 4.854e+02 8.547e+01 3.200e+01
s>            ( - 2.556e+02 1 0)
s>            ( - 1.444e+02 1 0)))INFO: dtree.c(1439): stop. leaf nodes are specific
INFO: dtree.c(1478): Final simple tree
|( QUESTION2_0_L -1 6.064e+02 9.362e+01 3.679e+01
|    ( - 9.874e+01 1 0)
|    ( - 4.141e+02 2 0))
s>    ( QUESTION2_0_L -1 6.064e+02 9.362e+01 3.679e+01
s>        ( - 9.874e+01 1 0)
s>        ( - 4.141e+02 2 0))INFO: dtree.c(1315): Comp split 29
INFO: dtree.c(1439): stop. leaf nodes are specific
INFO: dtree.c(1478): Final simple tree
|( WDBNDRY_E 0 7.065e+02 6.900e+01 4.100e+01
|    ( - 6.038e+02 3 0)
|    ( - 3.371e+01 1 0))
s>    ( WDBNDRY_E 0 7.065e+02 6.900e+01 4.100e+01
s>        ( - 6.038e+02 3 0)
s>        ( - 3.371e+01 1 0))INFO: dtree.c(1439): stop. leaf nodes are specific
INFO: dtree.c(1478): Final simple tree
|( QUESTION11 -1 7.522e+02 1.303e+02 4.200e+01
|    ( - 2.982e+02 2 0)
|    ( QUESTION1 -1 3.237e+02 5.877e+01 2.200e+01
|        ( - 2.190e+02 2 0)
|        ( - 4.590e+01 1 0)))
s>    ( QUESTION11 -1 7.522e+02 1.303e+02 4.200e+01
s>        ( - 2.982e+02 2 0)
s>        ( QUESTION1 -1 3.237e+02 5.877e+01 2.200e+01
s>            ( - 2.190e+02 2 0)
s>            ( - 4.590e+01 1 0)))INFO: dtree.c(1315): Comp split 30
INFO: dtree.c(1439): stop. leaf nodes are specific
INFO: dtree.c(1478): Final simple tree
|( QUESTION11 -1 5.670e+02 1.121e+02 3.400e+01
|    ( - 1.395e+02 1 0)
|    ( QUESTION10 -1 3.154e+02 7.363e+01 2.200e+01
|        ( - 1.052e+02 1 0)
|        ( QUESTION0 -1 1.366e+02 3.543e+01 1.200e+01
|            ( - 4.870e+01 1 0)
|            ( - 5.245e+01 1 0))))
s>    ( QUESTION11 -1 5.670e+02 1.121e+02 3.400e+01
s>        ( - 1.395e+02 1 0)
s>        ( QUESTION10 -1 3.154e+02 7.363e+01 2.200e+01
s>            ( - 1.052e+02 1 0)
s>            ( QUESTION0 -1 1.366e+02 3.543e+01 1.200e+01
s>                ( - 4.870e+01 1 0)
s>                ( - 5.245e+01 1 0))))INFO: dtree.c(1439): stop. leaf nodes are specific
INFO: dtree.c(1478): Final simple tree
|( QUESTION0 -1 6.603e+02 1.035e+02 4.109e+01
|    ( - 3.221e+02 1 0)
|    ( - 2.347e+02 2 0))
s>    ( QUESTION0 -1 6.603e+02 1.035e+02 4.109e+01
s>        ( - 3.221e+02 1 0)
s>        ( - 2.347e+02 2 0))INFO: dtree.c(1315): Comp split 31
INFO: dtree.c(1439): stop. leaf nodes are specific
INFO: dtree.c(1478): Final simple tree
|( QUESTION0_15_R 1 4.578e+02 1.001e+02 2.900e+01
|    ( - 1.760e+02 1 0)
|    ( QUESTION0_0_R 1 1.818e+02 4.848e+01 1.500e+01
|        ( - 4.532e+01 1 0)
|        ( - 8.795e+01 1 0)))
s>    ( QUESTION0_15_R 1 4.578e+02 1.001e+02 2.900e+01
s>        ( - 1.760e+02 1 0)
s>        ( QUESTION0_0_R 1 1.818e+02 4.848e+01 1.500e+01
s>            ( - 4.532e+01 1 0)
s>            ( - 8.795e+01 1 0)))INFO: dtree.c(1439): stop. leaf nodes are specific
INFO: dtree.c(1478): Final simple tree
|( QUESTION0_17_R 1 7.233e+02 1.033e+02 4.000e+01
|    ( - 4.693e+02 1 0)
|    ( QUESTION0_16_R 1 1.507e+02 4.363e+01 1.100e+01
|        ( - 4.051e+01 1 0)
|        ( QUESTION0_0_R 1 6.657e+01 2.354e+01 6.000e+00
|            ( - 1.327e+01 1 0)
|            ( - 2.976e+01 1 0))))
s>    ( QUESTION0_17_R 1 7.233e+02 1.033e+02 4.000e+01
s>        ( - 4.693e+02 1 0)
s>        ( QUESTION0_16_R 1 1.507e+02 4.363e+01 1.100e+01
s>            ( - 4.051e+01 1 0)
s>            ( QUESTION0_0_R 1 6.657e+01 2.354e+01 6.000e+00
s>                ( - 1.327e+01 1 0)
s>                ( - 2.976e+01 1 0))))INFO: dtree.c(1315): Comp split 32
INFO: dtree.c(1439): stop. leaf nodes are specific
INFO: dtree.c(1478): Final simple tree
|( QUESTION0_0_R 1 3.375e+02 7.015e+01 2.200e+01
|    ( - 2.144e+02 1 0)
|    ( - 5.290e+01 1 0))
s>    ( QUESTION0_0_R 1 3.375e+02 7.015e+01 2.200e+01
s>        ( - 2.144e+02 1 0)
s>        ( - 5.290e+01 1 0))INFO: dtree.c(1315): Comp split 33
INFO: dtree.c(1439): stop. leaf nodes are specific
INFO: dtree.c(1478): Final simple tree
|( QUESTION8 -1 8.587e+02 1.169e+02 4.700e+01
|    ( - 1.687e+02 1 0)
|    ( - 5.731e+02 1 0))
s>    ( QUESTION8 -1 8.587e+02 1.169e+02 4.700e+01
s>        ( - 1.687e+02 1 0)
s>        ( - 5.731e+02 1 0))INFO: dtree.c(1315): Comp split 34
INFO: dtree.c(1315): Comp split 35
INFO: dtree.c(1439): stop. leaf nodes are specific
INFO: dtree.c(1478): Final simple tree
|( QUESTION2 -1 9.301e+02 1.290e+02 5.400e+01
|    ( WDBNDRY_E 0 4.377e+02 5.273e+01 2.900e+01
|        ( - 3.572e+01 1 0)
|        ( - 3.493e+02 2 0))
|    ( QUESTION1 -1 3.634e+02 6.407e+01 2.500e+01
|        ( - 1.957e+02 1 0)
|        ( - 1.037e+02 1 0)))
s>    ( QUESTION2 -1 9.301e+02 1.290e+02 5.400e+01
s>        ( WDBNDRY_E 0 4.377e+02 5.273e+01 2.900e+01
s>            ( - 3.572e+01 1 0)
s>            ( - 3.493e+02 2 0))
s>        ( QUESTION1 -1 3.634e+02 6.407e+01 2.500e+01
s>            ( - 1.957e+02 1 0)
s>            ( - 1.037e+02 1 0)))INFO: dtree.c(1315): Comp split 36
INFO: dtree.c(1439): stop. leaf nodes are specific
INFO: dtree.c(1478): Final simple tree
|( QUESTION1 1 3.973e+02 8.564e+01 2.709e+01
|    ( WDBNDRY_E 0 1.911e+02 4.124e+01 1.609e+01
|        ( - 1.078e+02 1 0)
|        ( - 4.204e+01 1 0))
|    ( QUESTION1 -1 1.206e+02 3.730e+01 1.100e+01
|        ( - 2.355e+01 1 0)
|        ( - 5.975e+01 1 0)))
s>    ( QUESTION1 1 3.973e+02 8.564e+01 2.709e+01
s>        ( WDBNDRY_E 0 1.911e+02 4.124e+01 1.609e+01
s>            ( - 1.078e+02 1 0)
s>            ( - 4.204e+01 1 0))
s>        ( QUESTION1 -1 1.206e+02 3.730e+01 1.100e+01
s>            ( - 2.355e+01 1 0)
s>            ( - 5.975e+01 1 0)))INFO: dtree.c(1439): stop. leaf nodes are specific
INFO: dtree.c(1478): Final simple tree
|( SILENCE -1 6.994e+02 1.065e+02 4.003e+01
|    ( - 8.395e+01 1 0)
|    ( - 5.089e+02 2 0))
s>    ( SILENCE -1 6.994e+02 1.065e+02 4.003e+01
s>        ( - 8.395e+01 1 0)
s>        ( - 5.089e+02 2 0))INFO: dtree.c(1315): Comp split 37
INFO: dtree.c(1315): Comp split 38
INFO: dtree.c(1439): stop. leaf nodes are specific
INFO: dtree.c(1478): Final simple tree
|( QUESTION10 -1 4.840e+02 8.820e+01 3.083e+01
|    ( - 1.378e+02 1 0)
|    ( QUESTION0 -1 2.580e+02 5.165e+01 1.900e+01
|        ( - 9.173e+01 1 0)
|        ( - 1.147e+02 1 0)))
s>    ( QUESTION10 -1 4.840e+02 8.820e+01 3.083e+01
s>        ( - 1.378e+02 1 0)
s>        ( QUESTION0 -1 2.580e+02 5.165e+01 1.900e+01
s>            ( - 9.173e+01 1 0)
s>            ( - 1.147e+02 1 0)))INFO: dtree.c(1315): Comp split 39
INFO: dtree.c(1439): stop. leaf nodes are specific
INFO: dtree.c(1478): Final simple tree
|( WDBNDRY_I 0 2.404e+02 6.725e+01 1.800e+01
|    ( QUESTION2_14_L -1 8.446e+01 2.778e+01 9.000e+00
|        ( - 6.525e+00 1 0)
|        ( - 5.016e+01 1 0))
|    ( WDBNDRY_E 0 8.867e+01 3.158e+01 9.000e+00
|        ( - 1.702e+01 1 0)
|        ( - 4.007e+01 1 0)))
s>    ( WDBNDRY_I 0 2.404e+02 6.725e+01 1.800e+01
s>        ( QUESTION2_14_L -1 8.446e+01 2.778e+01 9.000e+00
s>            ( - 6.525e+00 1 0)
s>            ( - 5.016e+01 1 0))
s>        ( WDBNDRY_E 0 8.867e+01 3.158e+01 9.000e+00
s>            ( - 1.702e+01 1 0)
s>            ( - 4.007e+01 1 0)))INFO: dtree.c(1439): stop. leaf nodes are specific
INFO: dtree.c(1478): Final simple tree
|( QUESTION12 -1 4.905e+02 8.203e+01 3.195e+01
|    ( QUESTION0_17_R 1 1.278e+02 3.469e+01 1.098e+01
|        ( QUESTION0_18_R 1 4.464e+01 1.548e+01 4.981e+00
|            ( - 2.211e+00 1 0)
|            ( - 2.694e+01 1 0))
|        ( - 4.848e+01 1 0))
|    ( QUESTION1 -1 2.806e+02 5.669e+01 2.097e+01
|        ( - 1.054e+02 2 0)
|        ( SILENCE -1 1.186e+02 3.531e+01 1.097e+01
|            ( - 1.577e+01 1 0)
|            ( - 6.748e+01 1 0))))
s>    ( QUESTION12 -1 4.905e+02 8.203e+01 3.195e+01
s>        ( QUESTION0_17_R 1 1.278e+02 3.469e+01 1.098e+01
s>            ( QUESTION0_18_R 1 4.464e+01 1.548e+01 4.981e+00
s>                ( - 2.211e+00 1 0)
s>                ( - 2.694e+01 1 0))
s>            ( - 4.848e+01 1 0))
s>        ( QUESTION1 -1 2.806e+02 5.669e+01 2.097e+01
s>            ( - 1.054e+02 2 0)
s>            ( SILENCE -1 1.186e+02 3.531e+01 1.097e+01
s>                ( - 1.577e+01 1 0)
s>                ( - 6.748e+01 1 0))))INFO: dtree.c(1315): Comp split 40
INFO: dtree.c(1439): stop. leaf nodes are specific
INFO: dtree.c(1478): Final simple tree
|( QUESTION10 -1 5.213e+02 9.025e+01 3.200e+01
|    ( - 1.563e+02 2 0)
|    ( QUESTION0_15_R 1 2.747e+02 4.059e+01 1.900e+01
|        ( - 1.998e+02 2 0)
|        ( - 3.428e+01 1 0)))
s>    ( QUESTION10 -1 5.213e+02 9.025e+01 3.200e+01
s>        ( - 1.563e+02 2 0)
s>        ( QUESTION0_15_R 1 2.747e+02 4.059e+01 1.900e+01
s>            ( - 1.998e+02 2 0)
s>            ( - 3.428e+01 1 0)))INFO: dtree.c(1439): stop. leaf nodes are specific
INFO: dtree.c(1478): Final simple tree
|( QUESTION1 -1 3.325e+02 6.668e+01 2.235e+01
|    ( - 1.110e+02 1 0)
|    ( - 1.548e+02 2 0))
s>    ( QUESTION1 -1 3.325e+02 6.668e+01 2.235e+01
s>        ( - 1.110e+02 1 0)
s>        ( - 1.548e+02 2 0))INFO: dtree.c(1315): Comp split 41
INFO: dtree.c(1439): stop. leaf nodes are specific
INFO: dtree.c(1478): Final simple tree
|( QUESTION0_17_R 1 2.843e+02 6.170e+01 2.000e+01
|    ( - 6.361e+01 1 0)
|    ( QUESTION0_0_R 1 1.590e+02 3.715e+01 1.300e+01
|        ( - 5.295e+01 1 0)
|        ( - 6.887e+01 1 0)))
s>    ( QUESTION0_17_R 1 2.843e+02 6.170e+01 2.000e+01
s>        ( - 6.361e+01 1 0)
s>        ( QUESTION0_0_R 1 1.590e+02 3.715e+01 1.300e+01
s>            ( - 5.295e+01 1 0)
s>            ( - 6.887e+01 1 0)))INFO: dtree.c(1315): Comp split 42
INFO: dtree.c(1439): stop. leaf nodes are specific
INFO: dtree.c(1478): Final simple tree
|( QUESTION3 -1 1.950e+02 4.705e+01 1.700e+01
|    ( - 1.250e+02 2 0)
|    ( - 2.287e+01 1 0))
s>    ( QUESTION3 -1 1.950e+02 4.705e+01 1.700e+01
s>        ( - 1.250e+02 2 0)
s>        ( - 2.287e+01 1 0))INFO: dtree.c(1315): Comp split 43
INFO: dtree.c(1315): Comp split 44
INFO: dtree.c(1439): stop. leaf nodes are specific
INFO: dtree.c(1478): Final simple tree
|( QUESTION1 -1 4.387e+02 6.990e+01 3.000e+01
|    ( WDBNDRY_E 0 2.651e+02 3.372e+01 2.000e+01
|        ( - 3.572e+01 1 0)
|        ( - 1.957e+02 1 0))
|    ( - 1.037e+02 1 0))
s>    ( QUESTION1 -1 4.387e+02 6.990e+01 3.000e+01
s>        ( WDBNDRY_E 0 2.651e+02 3.372e+01 2.000e+01
s>            ( - 3.572e+01 1 0)
s>            ( - 1.957e+02 1 0))
s>        ( - 1.037e+02 1 0))INFO: dtree.c(1315): Comp split 45
INFO: dtree.c(1439): stop. leaf nodes are specific
INFO: dtree.c(1478): Final simple tree
|( QUESTION0_0_R 1 4.854e+02 8.547e+01 3.200e+01
|    ( - 2.556e+02 1 0)
|    ( - 1.444e+02 1 0))
s>    ( QUESTION0_0_R 1 4.854e+02 8.547e+01 3.200e+01
s>        ( - 2.556e+02 1 0)
s>        ( - 1.444e+02 1 0))INFO: dtree.c(1315): Comp split 46
INFO: dtree.c(1439): stop. leaf nodes are specific
INFO: dtree.c(1478): Final simple tree
|( QUESTION0_0_R 1 8.867e+02 9.514e+01 5.397e+01
|    ( - 3.576e+02 1 0)
|    ( - 4.339e+02 1 0))
s>    ( QUESTION0_0_R 1 8.867e+02 9.514e+01 5.397e+01
s>        ( - 3.576e+02 1 0)
s>        ( - 4.339e+02 1 0))INFO: dtree.c(1315): Comp split 47
INFO: dtree.c(1439): stop. leaf nodes are specific
INFO: dtree.c(1478): Final simple tree
|( QUESTION1 -1 3.237e+02 5.877e+01 2.200e+01
|    ( - 2.190e+02 2 0)
|    ( - 4.590e+01 1 0))
s>    ( QUESTION1 -1 3.237e+02 5.877e+01 2.200e+01
s>        ( - 2.190e+02 2 0)
s>        ( - 4.590e+01 1 0))INFO: dtree.c(1315): Comp split 48
INFO: dtree.c(1315): Comp split 49
INFO: dtree.c(1315): Comp split 50
INFO: dtree.c(1439): stop. leaf nodes are specific
INFO: dtree.c(1478): Final simple tree
|( QUESTION10 -1 3.154e+02 7.363e+01 2.200e+01
|    ( - 1.052e+02 1 0)
|    ( QUESTION0 -1 1.366e+02 3.543e+01 1.200e+01
|        ( - 4.870e+01 1 0)
|        ( - 5.245e+01 1 0)))
s>    ( QUESTION10 -1 3.154e+02 7.363e+01 2.200e+01
s>        ( - 1.052e+02 1 0)
s>        ( QUESTION0 -1 1.366e+02 3.543e+01 1.200e+01
s>            ( - 4.870e+01 1 0)
s>            ( - 5.245e+01 1 0)))INFO: dtree.c(1315): Comp split 51
INFO: dtree.c(1315): Comp split 52
INFO: dtree.c(1315): Comp split 53
INFO: dtree.c(1315): Comp split 54
INFO: dtree.c(1439): stop. leaf nodes are specific
INFO: dtree.c(1478): Final simple tree
|( QUESTION0_16_R 1 1.507e+02 4.363e+01 1.100e+01
|    ( - 4.051e+01 1 0)
|    ( QUESTION0_0_R 1 6.657e+01 2.354e+01 6.000e+00
|        ( - 1.327e+01 1 0)
|        ( - 2.976e+01 1 0)))
s>    ( QUESTION0_16_R 1 1.507e+02 4.363e+01 1.100e+01
s>        ( - 4.051e+01 1 0)
s>        ( QUESTION0_0_R 1 6.657e+01 2.354e+01 6.000e+00
s>            ( - 1.327e+01 1 0)
s>            ( - 2.976e+01 1 0)))INFO: dtree.c(1315): Comp split 55
INFO: dtree.c(1439): stop. leaf nodes are specific
INFO: dtree.c(1478): Final simple tree
|( QUESTION0_0_R 1 1.818e+02 4.848e+01 1.500e+01
|    ( - 4.532e+01 1 0)
|    ( - 8.795e+01 1 0))
s>    ( QUESTION0_0_R 1 1.818e+02 4.848e+01 1.500e+01
s>        ( - 4.532e+01 1 0)
s>        ( - 8.795e+01 1 0))INFO: dtree.c(1315): Comp split 56
INFO: dtree.c(1315): Comp split 57
INFO: dtree.c(1315): Comp split 58
INFO: dtree.c(1315): Comp split 59
INFO: dtree.c(1439): stop. leaf nodes are specific
INFO: dtree.c(1478): Final simple tree
|( QUESTION0_15_R 1 2.747e+02 4.059e+01 1.900e+01
|    ( - 1.998e+02 2 0)
|    ( - 3.428e+01 1 0))
s>    ( QUESTION0_15_R 1 2.747e+02 4.059e+01 1.900e+01
s>        ( - 1.998e+02 2 0)
s>        ( - 3.428e+01 1 0))INFO: dtree.c(1315): Comp split 60
INFO: dtree.c(1439): stop. leaf nodes are specific
INFO: dtree.c(1478): Final simple tree
|( QUESTION0 -1 2.580e+02 5.165e+01 1.900e+01
|    ( - 9.173e+01 1 0)
|    ( - 1.147e+02 1 0))
s>    ( QUESTION0 -1 2.580e+02 5.165e+01 1.900e+01
s>        ( - 9.173e+01 1 0)
s>        ( - 1.147e+02 1 0))INFO: dtree.c(1315): Comp split 61
INFO: dtree.c(1439): stop. leaf nodes are specific
INFO: dtree.c(1478): Final simple tree
|( QUESTION0_17_R 1 1.828e+02 4.522e+01 1.498e+01
|    ( QUESTION0_18_R 1 4.464e+01 1.548e+01 4.981e+00
|        ( - 2.211e+00 1 0)
|        ( - 2.694e+01 1 0))
|    ( SILENCE -1 9.293e+01 2.867e+01 1.000e+01
|        ( - 1.577e+01 1 0)
|        ( - 4.848e+01 1 0)))
s>    ( QUESTION0_17_R 1 1.828e+02 4.522e+01 1.498e+01
s>        ( QUESTION0_18_R 1 4.464e+01 1.548e+01 4.981e+00
s>            ( - 2.211e+00 1 0)
s>            ( - 2.694e+01 1 0))
s>        ( SILENCE -1 9.293e+01 2.867e+01 1.000e+01
s>            ( - 1.577e+01 1 0)
s>            ( - 4.848e+01 1 0)))INFO: dtree.c(1439): stop. leaf nodes are specific
INFO: dtree.c(1478): Final simple tree
|( QUESTION0_18_R 1 2.210e+02 4.809e+01 1.697e+01
|    ( - 6.748e+01 1 0)
|    ( - 1.054e+02 2 0))
s>    ( QUESTION0_18_R 1 2.210e+02 4.809e+01 1.697e+01
s>        ( - 6.748e+01 1 0)
s>        ( - 1.054e+02 2 0))INFO: dtree.c(1315): Comp split 62
INFO: dtree.c(1439): stop. leaf nodes are specific
INFO: dtree.c(1478): Final simple tree
|( QUESTION1 -1 1.206e+02 3.730e+01 1.100e+01
|    ( - 2.355e+01 1 0)
|    ( - 5.975e+01 1 0))
s>    ( QUESTION1 -1 1.206e+02 3.730e+01 1.100e+01
s>        ( - 2.355e+01 1 0)
s>        ( - 5.975e+01 1 0))INFO: dtree.c(1439): stop. leaf nodes are specific
INFO: dtree.c(1478): Final simple tree
|( WDBNDRY_E 0 1.911e+02 4.124e+01 1.609e+01
|    ( - 1.078e+02 1 0)
|    ( - 4.204e+01 1 0))
s>    ( WDBNDRY_E 0 1.911e+02 4.124e+01 1.609e+01
s>        ( - 1.078e+02 1 0)
s>        ( - 4.204e+01 1 0))INFO: dtree.c(1315): Comp split 63
INFO: dtree.c(1315): Comp split 64
INFO: dtree.c(1439): stop. leaf nodes are specific
INFO: dtree.c(1478): Final simple tree
|( QUESTION0 -1 1.366e+02 3.543e+01 1.200e+01
|    ( - 4.870e+01 1 0)
|    ( - 5.245e+01 1 0))
s>    ( QUESTION0 -1 1.366e+02 3.543e+01 1.200e+01
s>        ( - 4.870e+01 1 0)
s>        ( - 5.245e+01 1 0))INFO: dtree.c(1315): Comp split 65
INFO: dtree.c(1315): Comp split 66
INFO: dtree.c(1439): stop. leaf nodes are specific
INFO: dtree.c(1478): Final simple tree
|( WDBNDRY_E 0 2.651e+02 3.372e+01 2.000e+01
|    ( - 3.572e+01 1 0)
|    ( - 1.957e+02 1 0))
s>    ( WDBNDRY_E 0 2.651e+02 3.372e+01 2.000e+01
s>        ( - 3.572e+01 1 0)
s>        ( - 1.957e+02 1 0))INFO: dtree.c(1315): Comp split 67
INFO: dtree.c(1315): Comp split 68
INFO: dtree.c(1439): stop. leaf nodes are specific
INFO: dtree.c(1478): Final simple tree
|( WDBNDRY_E 0 9.970e+01 3.252e+01 1.000e+01
|    ( - 1.702e+01 1 0)
|    ( - 5.016e+01 1 0))
s>    ( WDBNDRY_E 0 9.970e+01 3.252e+01 1.000e+01
s>        ( - 1.702e+01 1 0)
s>        ( - 5.016e+01 1 0))INFO: dtree.c(1439): stop. leaf nodes are specific
INFO: dtree.c(1478): Final simple tree
|( WDBNDRY_S 0 7.332e+01 2.672e+01 8.000e+00
|    ( - 4.007e+01 1 0)
|    ( - 6.525e+00 1 0))
s>    ( WDBNDRY_S 0 7.332e+01 2.672e+01 8.000e+00
s>        ( - 4.007e+01 1 0)
s>        ( - 6.525e+00 1 0))INFO: dtree.c(1315): Comp split 69
INFO: dtree.c(1315): Comp split 70
INFO: dtree.c(1439): stop. leaf nodes are specific
INFO: dtree.c(1478): Final simple tree
|( QUESTION0_0_R 1 1.590e+02 3.715e+01 1.300e+01
|    ( - 5.295e+01 1 0)
|    ( - 6.887e+01 1 0))
s>    ( QUESTION0_0_R 1 1.590e+02 3.715e+01 1.300e+01
s>        ( - 5.295e+01 1 0)
s>        ( - 6.887e+01 1 0))INFO: dtree.c(1315): Comp split 71
INFO: dtree.c(1315): Comp split 72
INFO: dtree.c(1315): Comp split 73
INFO: dtree.c(1315): Comp split 74
INFO: dtree.c(1315): Comp split 75
INFO: dtree.c(1315): Comp split 76
INFO: dtree.c(1439): stop. leaf nodes are specific
INFO: dtree.c(1478): Final simple tree
|( SILENCE -1 7.105e+01 2.833e+01 7.981e+00
|    ( - 1.577e+01 1 0)
|    ( - 2.694e+01 1 0))
s>    ( SILENCE -1 7.105e+01 2.833e+01 7.981e+00
s>        ( - 1.577e+01 1 0)
s>        ( - 2.694e+01 1 0))INFO: dtree.c(1439): stop. leaf nodes are specific
INFO: dtree.c(1478): Final simple tree
|( QUESTION0_17_R 1 6.638e+01 1.569e+01 7.000e+00
|    ( - 2.211e+00 1 0)
|    ( - 4.848e+01 1 0))
s>    ( QUESTION0_17_R 1 6.638e+01 1.569e+01 7.000e+00
s>        ( - 2.211e+00 1 0)
s>        ( - 4.848e+01 1 0))INFO: dtree.c(1315): Comp split 77
INFO: dtree.c(1439): stop. leaf nodes are specific
INFO: dtree.c(1478): Final simple tree
|( QUESTION0_0_R 1 6.657e+01 2.354e+01 6.000e+00
|    ( - 1.327e+01 1 0)
|    ( - 2.976e+01 1 0))
s>    ( QUESTION0_0_R 1 6.657e+01 2.354e+01 6.000e+00
s>        ( - 1.327e+01 1 0)
s>        ( - 2.976e+01 1 0))INFO: dtree.c(1315): Comp split 78
INFO: dtree.c(1315): Comp split 79
INFO: dtree.c(1315): Comp split 80
INFO: dtree.c(1315): Comp split 81
INFO: dtree.c(1315): Comp split 82
INFO: dtree.c(1315): Comp split 83
INFO: dtree.c(1315): Comp split 84
INFO: dtree.c(1315): Comp split 85
INFO: dtree.c(1315): Comp split 86
INFO: dtree.c(1315): Comp split 87
INFO: dtree.c(1315): Comp split 88
INFO: dtree.c(1315): Comp split 89
INFO: dtree.c(1318): stop. leaf nodes are specific
Fri Nov  2 10:07:30 2018
