Current configuration:
[NAME]		[DEFLT]	[VALUE]
-allphones	no	no
-cntthresh	0.00001	1.000000e-05
-csplitmax	100	2000
-csplitmin	1	1
-csplitthr	8e-4	0.000000e+00
-example	no	no
-fullvar	no	no
-help		no	no
-meanfn			
-mixwfn			/home/sdv/Documents/SDV/SDVoice/an4/model_parameters/an4.cd_semi_untied/mixture_weights
-moddeffn		/home/sdv/Documents/SDV/SDVoice/an4/model_architecture/an4.untied.mdef
-mwfloor	1e-4	1.000000e-08
-phone			F
-psetfn			/home/sdv/Documents/SDV/SDVoice/an4/model_architecture/an4.tree_questions
-ssplitmax	5	7
-ssplitmin	1	1
-ssplitthr	8e-4	0.000000e+00
-state			0
-stwt			1.0,0.05,0.0,
-treefn			/home/sdv/Documents/SDV/SDVoice/an4/trees/an4.unpruned/F-0.dtree
-ts2cbfn	.semi.	.semi.
-varfloor	0.00001	1.000000e-05
-varfn			

INFO: main.c(223): Reading: /home/sdv/Documents/SDV/SDVoice/an4/model_architecture/an4.untied.mdef
INFO: model_def_io.c(573): Model definition info:
INFO: model_def_io.c(574): 1618 total models defined (34 base, 1584 tri)
INFO: model_def_io.c(575): 6472 total states
INFO: model_def_io.c(576): 4854 total tied states
INFO: model_def_io.c(577): 102 total tied CI states
INFO: model_def_io.c(578): 34 total tied transition matrices
INFO: model_def_io.c(579): 4 max state/model
INFO: model_def_io.c(580): 4 min state/model
INFO: main.c(242): Building trees for [F AE SIL e] through [F V IH b]
INFO: main.c(269): Covering states |[1536 1739]| == 204
INFO: main.c(275): Reading: /home/sdv/Documents/SDV/SDVoice/an4/model_parameters/an4.cd_semi_untied/mixture_weights
INFO: s3mixw_io.c(173): Read /home/sdv/Documents/SDV/SDVoice/an4/model_parameters/an4.cd_semi_untied/mixture_weights [204x4x256 array]
INFO: main.c(311): 68 of 68 models have observation count greater than 0.000010
INFO: main.c(95): nrm stwt: 0.952 0.048 0.000 
INFO: main.c(411): 68-class entropy: 5.798193e+04
INFO: main.c(549): Reading: /home/sdv/Documents/SDV/SDVoice/an4/model_architecture/an4.tree_questions
INFO: main.c(588): 176 total simple questions (168 phone; 8 word bndry)
INFO: main.c(590): 42 Left Only questions, and 42 Right Only questions
INFO: dtree.c(1478): Final simple tree
|( WDBNDRY_B 0 8.096e+04 2.271e+03 3.025e+03
|    ( QUESTION2_7_L -1 6.727e+04 1.580e+03 2.550e+03
|        ( QUESTION14 -1 4.322e+04 1.232e+03 1.662e+03
|            ( - 1.129e+04 6 0 QUESTION0_8_R 1 5.772e+02 4.586e+02)
|            ( QUESTION7 -1 3.070e+04 1.077e+03 1.204e+03
|                ( - 1.172e+04 6 0 QUESTION8 -1 5.503e+02 4.910e+02)
|                ( QUESTION17 -1 1.791e+04 7.809e+02 7.128e+02
|                    ( - 4.586e+03 4 0 QUESTION0_8_R 1 3.983e+02 2.028e+02)
|                    ( - 1.254e+04 11 0 QUESTION0_1_R 1 6.533e+02 5.100e+02))))
|        ( SILENCE -1 2.247e+04 1.211e+03 8.879e+02
|            ( - 6.095e+03 4 0 QUESTION0_8_R 1 4.046e+02 2.825e+02)
|            ( QUESTION2_11_L -1 1.517e+04 6.738e+02 6.054e+02
|                ( - 8.580e+03 4 0 QUESTION0_1_R 1 5.341e+02 3.499e+02)
|                ( - 5.913e+03 9 0 QUESTION1 -1 4.843e+02 2.555e+02))))
|    ( - 1.142e+04 24 0 WDBNDRY_E 0 6.551e+02 4.752e+02))
s>    ( WDBNDRY_B 0 8.096e+04 2.271e+03 3.025e+03
s>        ( QUESTION2_7_L -1 6.727e+04 1.580e+03 2.550e+03
s>            ( QUESTION14 -1 4.322e+04 1.232e+03 1.662e+03
s>                ( - 1.129e+04 6 0 QUESTION0_8_R 1 5.772e+02 4.586e+02)
s>                ( QUESTION7 -1 3.070e+04 1.077e+03 1.204e+03
s>                    ( - 1.172e+04 6 0 QUESTION8 -1 5.503e+02 4.910e+02)
s>                    ( QUESTION17 -1 1.791e+04 7.809e+02 7.128e+02
s>                        ( - 4.586e+03 4 0 QUESTION0_8_R 1 3.983e+02 2.028e+02)
s>                        ( - 1.254e+04 11 0 QUESTION0_1_R 1 6.533e+02 5.100e+02))))
s>            ( SILENCE -1 2.247e+04 1.211e+03 8.879e+02
s>                ( - 6.095e+03 4 0 QUESTION0_8_R 1 4.046e+02 2.825e+02)
s>                ( QUESTION2_11_L -1 1.517e+04 6.738e+02 6.054e+02
s>                    ( - 8.580e+03 4 0 QUESTION0_1_R 1 5.341e+02 3.499e+02)
s>                    ( - 5.913e+03 9 0 QUESTION1 -1 4.843e+02 2.555e+02))))
s>        ( - 1.142e+04 24 0 WDBNDRY_E 0 6.551e+02 4.752e+02))INFO: dtree.c(1315): Comp split 0
INFO: dtree.c(1478): Final simple tree
|( QUESTION2_7_L -1 6.727e+04 1.580e+03 2.550e+03
|    ( QUESTION14 -1 4.322e+04 1.232e+03 1.662e+03
|        ( - 1.129e+04 6 0 QUESTION0_8_R 1 5.772e+02 4.586e+02)
|        ( QUESTION7 -1 3.070e+04 1.077e+03 1.204e+03
|            ( - 1.172e+04 6 0 QUESTION8 -1 5.503e+02 4.910e+02)
|            ( QUESTION17 -1 1.791e+04 7.809e+02 7.128e+02
|                ( - 4.586e+03 4 0 QUESTION0_8_R 1 3.983e+02 2.028e+02)
|                ( QUESTION0_1_R 1 1.254e+04 6.533e+02 5.100e+02
|                    ( - 4.024e+03 3 0 QUESTION0 -1 3.356e+02 1.786e+02)
|                    ( - 7.861e+03 8 0 QUESTION1 -1 4.984e+02 3.314e+02)))))
|    ( SILENCE -1 2.247e+04 1.211e+03 8.879e+02
|        ( - 6.095e+03 4 0 QUESTION0_8_R 1 4.046e+02 2.825e+02)
|        ( QUESTION2_11_L -1 1.517e+04 6.738e+02 6.054e+02
|            ( - 8.580e+03 4 0 QUESTION0_1_R 1 5.341e+02 3.499e+02)
|            ( - 5.913e+03 9 0 QUESTION1 -1 4.843e+02 2.555e+02))))
s>    ( QUESTION2_7_L -1 6.727e+04 1.580e+03 2.550e+03
s>        ( QUESTION14 -1 4.322e+04 1.232e+03 1.662e+03
s>            ( - 1.129e+04 6 0 QUESTION0_8_R 1 5.772e+02 4.586e+02)
s>            ( QUESTION7 -1 3.070e+04 1.077e+03 1.204e+03
s>                ( - 1.172e+04 6 0 QUESTION8 -1 5.503e+02 4.910e+02)
s>                ( QUESTION17 -1 1.791e+04 7.809e+02 7.128e+02
s>                    ( - 4.586e+03 4 0 QUESTION0_8_R 1 3.983e+02 2.028e+02)
s>                    ( QUESTION0_1_R 1 1.254e+04 6.533e+02 5.100e+02
s>                        ( - 4.024e+03 3 0 QUESTION0 -1 3.356e+02 1.786e+02)
s>                        ( - 7.861e+03 8 0 QUESTION1 -1 4.984e+02 3.314e+02)))))
s>        ( SILENCE -1 2.247e+04 1.211e+03 8.879e+02
s>            ( - 6.095e+03 4 0 QUESTION0_8_R 1 4.046e+02 2.825e+02)
s>            ( QUESTION2_11_L -1 1.517e+04 6.738e+02 6.054e+02
s>                ( - 8.580e+03 4 0 QUESTION0_1_R 1 5.341e+02 3.499e+02)
s>                ( - 5.913e+03 9 0 QUESTION1 -1 4.843e+02 2.555e+02))))INFO: dtree.c(1478): Final simple tree
|( WDBNDRY_E 0 1.142e+04 6.551e+02 4.752e+02
|    ( QUESTION0_9_R 1 8.168e+03 5.041e+02 3.447e+02
|        ( QUESTION10 1 3.620e+03 2.992e+02 1.675e+02
|            ( QUESTION0_17_R 1 1.922e+03 2.011e+02 9.498e+01
|                ( - 9.026e+02 2 0 QUESTION0_18_R 1 1.172e+02 4.998e+01)
|                ( - 8.182e+02 5 0 QUESTION11 1 1.270e+02 4.500e+01))
|            ( - 1.399e+03 5 0 QUESTION0_13_R 1 1.255e+02 7.250e+01))
|        ( QUESTION0_5_R 1 4.043e+03 3.783e+02 1.772e+02
|            ( - 1.456e+03 2 0)
|            ( QUESTION0_1_R 1 2.209e+03 2.264e+02 1.070e+02
|                ( - 6.318e+02 2 0 QUESTION0_2_R 1 5.463e+01 3.800e+01)
|                ( - 1.351e+03 4 0 SILENCE 1 1.619e+02 6.900e+01))))
|    ( QUESTION0_10_R 1 2.593e+03 1.700e+02 1.305e+02
|        ( - 2.234e+03 1 0)
|        ( - 1.889e+02 3 0 QUESTION2_8_L -1 5.189e+01 1.400e+01)))
s>    ( WDBNDRY_E 0 1.142e+04 6.551e+02 4.752e+02
s>        ( QUESTION0_9_R 1 8.168e+03 5.041e+02 3.447e+02
s>            ( QUESTION10 1 3.620e+03 2.992e+02 1.675e+02
s>                ( QUESTION0_17_R 1 1.922e+03 2.011e+02 9.498e+01
s>                    ( - 9.026e+02 2 0 QUESTION0_18_R 1 1.172e+02 4.998e+01)
s>                    ( - 8.182e+02 5 0 QUESTION11 1 1.270e+02 4.500e+01))
s>                ( - 1.399e+03 5 0 QUESTION0_13_R 1 1.255e+02 7.250e+01))
s>            ( QUESTION0_5_R 1 4.043e+03 3.783e+02 1.772e+02
s>                ( - 1.456e+03 2 0)
s>                ( QUESTION0_1_R 1 2.209e+03 2.264e+02 1.070e+02
s>                    ( - 6.318e+02 2 0 QUESTION0_2_R 1 5.463e+01 3.800e+01)
s>                    ( - 1.351e+03 4 0 SILENCE 1 1.619e+02 6.900e+01))))
s>        ( QUESTION0_10_R 1 2.593e+03 1.700e+02 1.305e+02
s>            ( - 2.234e+03 1 0)
s>            ( - 1.889e+02 3 0 QUESTION2_8_L -1 5.189e+01 1.400e+01)))INFO: dtree.c(1315): Comp split 1
INFO: dtree.c(1478): Final simple tree
|( SILENCE -1 2.788e+04 1.268e+03 1.091e+03
|    ( QUESTION0_8_R 1 6.095e+03 4.046e+02 2.825e+02
|        ( - 3.902e+03 1 0)
|        ( - 1.788e+03 3 0 QUESTION0_0_R 1 1.992e+02 9.352e+01))
|    ( QUESTION10 -1 2.051e+04 7.942e+02 8.082e+02
|        ( QUESTION11 -1 1.001e+04 6.001e+02 4.059e+02
|            ( - 3.687e+03 3 0 QUESTION0_1_R 1 3.529e+02 1.649e+02)
|            ( QUESTION0_1_R 1 5.725e+03 4.059e+02 2.410e+02
|                ( - 1.149e+03 1 0)
|                ( - 4.170e+03 1 0)))
|        ( QUESTION17 -1 9.708e+03 6.285e+02 4.023e+02
|            ( - 4.586e+03 4 0 QUESTION0_8_R 1 3.983e+02 2.028e+02)
|            ( QUESTION0_1_R 1 4.494e+03 4.150e+02 1.995e+02
|                ( - 1.631e+03 2 0 QUESTION0 -1 2.334e+02 8.561e+01)
|                ( - 2.448e+03 6 0 QUESTION0_0_R 1 2.487e+02 1.139e+02)))))
s>    ( SILENCE -1 2.788e+04 1.268e+03 1.091e+03
s>        ( QUESTION0_8_R 1 6.095e+03 4.046e+02 2.825e+02
s>            ( - 3.902e+03 1 0)
s>            ( - 1.788e+03 3 0 QUESTION0_0_R 1 1.992e+02 9.352e+01))
s>        ( QUESTION10 -1 2.051e+04 7.942e+02 8.082e+02
s>            ( QUESTION11 -1 1.001e+04 6.001e+02 4.059e+02
s>                ( - 3.687e+03 3 0 QUESTION0_1_R 1 3.529e+02 1.649e+02)
s>                ( QUESTION0_1_R 1 5.725e+03 4.059e+02 2.410e+02
s>                    ( - 1.149e+03 1 0)
s>                    ( - 4.170e+03 1 0)))
s>            ( QUESTION17 -1 9.708e+03 6.285e+02 4.023e+02
s>                ( - 4.586e+03 4 0 QUESTION0_8_R 1 3.983e+02 2.028e+02)
s>                ( QUESTION0_1_R 1 4.494e+03 4.150e+02 1.995e+02
s>                    ( - 1.631e+03 2 0 QUESTION0 -1 2.334e+02 8.561e+01)
s>                    ( - 2.448e+03 6 0 QUESTION0_0_R 1 2.487e+02 1.139e+02)))))INFO: dtree.c(1478): Final simple tree
|( QUESTION14 -1 3.773e+04 1.207e+03 1.460e+03
|    ( QUESTION0_8_R 1 1.129e+04 5.772e+02 4.586e+02
|        ( - 5.425e+03 2 0)
|        ( - 5.283e+03 4 0 QUESTION0_0_R 1 3.663e+02 2.298e+02))
|    ( QUESTION7 -1 2.524e+04 9.850e+02 1.001e+03
|        ( QUESTION8 -1 1.172e+04 5.503e+02 4.910e+02
|            ( - 1.150e+03 2 0 QUESTION0_0_R 1 1.423e+02 6.101e+01)
|            ( QUESTION0_1_R 1 1.002e+04 4.713e+02 4.300e+02
|                ( - 6.431e+03 1 0)
|                ( - 3.114e+03 3 0 QUESTION0_0_R 1 2.731e+02 1.482e+02)))
|        ( QUESTION0_1_R 1 1.254e+04 6.533e+02 5.100e+02
|            ( - 4.024e+03 3 0 QUESTION0 -1 3.356e+02 1.786e+02)
|            ( QUESTION1 -1 7.861e+03 4.984e+02 3.314e+02
|                ( - 5.634e+03 4 0 QUESTION0_0_R 1 3.238e+02 2.457e+02)
|                ( - 1.729e+03 4 0 QUESTION0 -1 1.133e+02 8.570e+01)))))
s>    ( QUESTION14 -1 3.773e+04 1.207e+03 1.460e+03
s>        ( QUESTION0_8_R 1 1.129e+04 5.772e+02 4.586e+02
s>            ( - 5.425e+03 2 0)
s>            ( - 5.283e+03 4 0 QUESTION0_0_R 1 3.663e+02 2.298e+02))
s>        ( QUESTION7 -1 2.524e+04 9.850e+02 1.001e+03
s>            ( QUESTION8 -1 1.172e+04 5.503e+02 4.910e+02
s>                ( - 1.150e+03 2 0 QUESTION0_0_R 1 1.423e+02 6.101e+01)
s>                ( QUESTION0_1_R 1 1.002e+04 4.713e+02 4.300e+02
s>                    ( - 6.431e+03 1 0)
s>                    ( - 3.114e+03 3 0 QUESTION0_0_R 1 2.731e+02 1.482e+02)))
s>            ( QUESTION0_1_R 1 1.254e+04 6.533e+02 5.100e+02
s>                ( - 4.024e+03 3 0 QUESTION0 -1 3.356e+02 1.786e+02)
s>                ( QUESTION1 -1 7.861e+03 4.984e+02 3.314e+02
s>                    ( - 5.634e+03 4 0 QUESTION0_0_R 1 3.238e+02 2.457e+02)
s>                    ( - 1.729e+03 4 0 QUESTION0 -1 1.133e+02 8.570e+01)))))INFO: dtree.c(1315): Comp split 2
INFO: dtree.c(1478): Final simple tree
|( QUESTION10 -1 2.051e+04 7.942e+02 8.082e+02
|    ( QUESTION11 -1 1.001e+04 6.001e+02 4.059e+02
|        ( QUESTION0_1_R 1 3.687e+03 3.529e+02 1.649e+02
|            ( - 2.379e+03 2 0 QUESTION2_11_L -1 2.648e+02 1.140e+02)
|            ( - 9.554e+02 1 0))
|        ( QUESTION0_1_R 1 5.725e+03 4.059e+02 2.410e+02
|            ( - 1.149e+03 1 0)
|            ( - 4.170e+03 1 0)))
|    ( QUESTION17 -1 9.708e+03 6.285e+02 4.023e+02
|        ( QUESTION0_8_R 1 4.586e+03 3.983e+02 2.028e+02
|            ( - 1.819e+03 1 0)
|            ( - 2.369e+03 3 0 QUESTION0_0_R 1 2.771e+02 1.148e+02))
|        ( QUESTION0_1_R 1 4.494e+03 4.150e+02 1.995e+02
|            ( - 1.631e+03 2 0 QUESTION0 -1 2.334e+02 8.561e+01)
|            ( - 2.448e+03 6 0 QUESTION0_0_R 1 2.487e+02 1.139e+02))))
s>    ( QUESTION10 -1 2.051e+04 7.942e+02 8.082e+02
s>        ( QUESTION11 -1 1.001e+04 6.001e+02 4.059e+02
s>            ( QUESTION0_1_R 1 3.687e+03 3.529e+02 1.649e+02
s>                ( - 2.379e+03 2 0 QUESTION2_11_L -1 2.648e+02 1.140e+02)
s>                ( - 9.554e+02 1 0))
s>            ( QUESTION0_1_R 1 5.725e+03 4.059e+02 2.410e+02
s>                ( - 1.149e+03 1 0)
s>                ( - 4.170e+03 1 0)))
s>        ( QUESTION17 -1 9.708e+03 6.285e+02 4.023e+02
s>            ( QUESTION0_8_R 1 4.586e+03 3.983e+02 2.028e+02
s>                ( - 1.819e+03 1 0)
s>                ( - 2.369e+03 3 0 QUESTION0_0_R 1 2.771e+02 1.148e+02))
s>            ( QUESTION0_1_R 1 4.494e+03 4.150e+02 1.995e+02
s>                ( - 1.631e+03 2 0 QUESTION0 -1 2.334e+02 8.561e+01)
s>                ( - 2.448e+03 6 0 QUESTION0_0_R 1 2.487e+02 1.139e+02))))INFO: dtree.c(1439): stop. leaf nodes are specific
INFO: dtree.c(1478): Final simple tree
|( QUESTION0_8_R 1 6.095e+03 4.046e+02 2.825e+02
|    ( - 3.902e+03 1 0)
|    ( QUESTION0_0_R 1 1.788e+03 1.992e+02 9.352e+01
|        ( - 1.110e+03 1 0)
|        ( QUESTION0_10_R 1 4.795e+02 6.529e+01 3.126e+01
|            ( - 3.571e+01 1 0)
|            ( - 3.785e+02 1 0))))
s>    ( QUESTION0_8_R 1 6.095e+03 4.046e+02 2.825e+02
s>        ( - 3.902e+03 1 0)
s>        ( QUESTION0_0_R 1 1.788e+03 1.992e+02 9.352e+01
s>            ( - 1.110e+03 1 0)
s>            ( QUESTION0_10_R 1 4.795e+02 6.529e+01 3.126e+01
s>                ( - 3.571e+01 1 0)
s>                ( - 3.785e+02 1 0))))INFO: dtree.c(1315): Comp split 3
INFO: dtree.c(1439): stop. leaf nodes are specific
INFO: dtree.c(1478): Final simple tree
|( QUESTION0_1_R 1 1.002e+04 4.713e+02 4.300e+02
|    ( - 6.431e+03 1 0)
|    ( QUESTION0_0_R 1 3.114e+03 2.731e+02 1.482e+02
|        ( - 1.959e+03 1 0)
|        ( QUESTION0_10_R 1 8.816e+02 8.960e+01 4.796e+01
|            ( - 5.556e+01 1 0)
|            ( - 7.365e+02 1 0))))
s>    ( QUESTION0_1_R 1 1.002e+04 4.713e+02 4.300e+02
s>        ( - 6.431e+03 1 0)
s>        ( QUESTION0_0_R 1 3.114e+03 2.731e+02 1.482e+02
s>            ( - 1.959e+03 1 0)
s>            ( QUESTION0_10_R 1 8.816e+02 8.960e+01 4.796e+01
s>                ( - 5.556e+01 1 0)
s>                ( - 7.365e+02 1 0))))INFO: dtree.c(1478): Final simple tree
|( QUESTION14 -1 2.650e+04 1.102e+03 1.030e+03
|    ( QUESTION0_8_R 1 1.129e+04 5.772e+02 4.586e+02
|        ( - 5.425e+03 2 0)
|        ( QUESTION0_0_R 1 5.283e+03 3.663e+02 2.298e+02
|            ( - 4.097e+03 2 0)
|            ( - 8.202e+02 2 0 QUESTION0_10_R 1 2.718e+01 4.600e+01)))
|    ( QUESTION0_1_R 1 1.411e+04 6.560e+02 5.710e+02
|        ( QUESTION0 -1 4.024e+03 3.356e+02 1.786e+02
|            ( - 2.939e+03 2 0)
|            ( - 7.499e+02 1 0))
|        ( QUESTION2 -1 9.432e+03 6.086e+02 3.924e+02
|            ( QUESTION0_0_R 1 5.634e+03 3.238e+02 2.457e+02
|                ( - 4.765e+03 2 0)
|                ( - 5.456e+02 2 0))
|            ( - 3.189e+03 6 0 QUESTION1 -1 3.106e+02 1.467e+02))))
s>    ( QUESTION14 -1 2.650e+04 1.102e+03 1.030e+03
s>        ( QUESTION0_8_R 1 1.129e+04 5.772e+02 4.586e+02
s>            ( - 5.425e+03 2 0)
s>            ( QUESTION0_0_R 1 5.283e+03 3.663e+02 2.298e+02
s>                ( - 4.097e+03 2 0)
s>                ( - 8.202e+02 2 0 QUESTION0_10_R 1 2.718e+01 4.600e+01)))
s>        ( QUESTION0_1_R 1 1.411e+04 6.560e+02 5.710e+02
s>            ( QUESTION0 -1 4.024e+03 3.356e+02 1.786e+02
s>                ( - 2.939e+03 2 0)
s>                ( - 7.499e+02 1 0))
s>            ( QUESTION2 -1 9.432e+03 6.086e+02 3.924e+02
s>                ( QUESTION0_0_R 1 5.634e+03 3.238e+02 2.457e+02
s>                    ( - 4.765e+03 2 0)
s>                    ( - 5.456e+02 2 0))
s>                ( - 3.189e+03 6 0 QUESTION1 -1 3.106e+02 1.467e+02))))INFO: dtree.c(1315): Comp split 4
INFO: dtree.c(1478): Final simple tree
|( QUESTION0_1_R 1 1.411e+04 6.560e+02 5.710e+02
|    ( QUESTION0 -1 4.024e+03 3.356e+02 1.786e+02
|        ( - 2.939e+03 2 0)
|        ( - 7.499e+02 1 0))
|    ( QUESTION2 -1 9.432e+03 6.086e+02 3.924e+02
|        ( QUESTION0_0_R 1 5.634e+03 3.238e+02 2.457e+02
|            ( - 4.765e+03 2 0)
|            ( - 5.456e+02 2 0))
|        ( QUESTION1 -1 3.189e+03 3.106e+02 1.467e+02
|            ( QUESTION0_0_R 1 1.150e+03 1.423e+02 6.101e+01
|                ( - 7.768e+02 1 0)
|                ( - 2.311e+02 1 0))
|            ( QUESTION0 -1 1.729e+03 1.133e+02 8.570e+01
|                ( - 9.282e+01 2 0 QUESTION0_0_R 1 3.260e+01 9.000e+00)
|                ( - 1.522e+03 2 0 QUESTION0_0_R 1 6.603e+01 7.670e+01)))))
s>    ( QUESTION0_1_R 1 1.411e+04 6.560e+02 5.710e+02
s>        ( QUESTION0 -1 4.024e+03 3.356e+02 1.786e+02
s>            ( - 2.939e+03 2 0)
s>            ( - 7.499e+02 1 0))
s>        ( QUESTION2 -1 9.432e+03 6.086e+02 3.924e+02
s>            ( QUESTION0_0_R 1 5.634e+03 3.238e+02 2.457e+02
s>                ( - 4.765e+03 2 0)
s>                ( - 5.456e+02 2 0))
s>            ( QUESTION1 -1 3.189e+03 3.106e+02 1.467e+02
s>                ( QUESTION0_0_R 1 1.150e+03 1.423e+02 6.101e+01
s>                    ( - 7.768e+02 1 0)
s>                    ( - 2.311e+02 1 0))
s>                ( QUESTION0 -1 1.729e+03 1.133e+02 8.570e+01
s>                    ( - 9.282e+01 2 0 QUESTION0_0_R 1 3.260e+01 9.000e+00)
s>                    ( - 1.522e+03 2 0 QUESTION0_0_R 1 6.603e+01 7.670e+01)))))INFO: dtree.c(1439): stop. leaf nodes are specific
INFO: dtree.c(1478): Final simple tree
|( QUESTION0_8_R 1 1.129e+04 5.772e+02 4.586e+02
|    ( - 5.425e+03 2 0)
|    ( QUESTION0_0_R 1 5.283e+03 3.663e+02 2.298e+02
|        ( - 4.097e+03 2 0)
|        ( QUESTION0_10_R 1 8.202e+02 2.718e+01 4.600e+01
|            ( - 1.048e+00 1 0)
|            ( - 7.920e+02 1 0))))
s>    ( QUESTION0_8_R 1 1.129e+04 5.772e+02 4.586e+02
s>        ( - 5.425e+03 2 0)
s>        ( QUESTION0_0_R 1 5.283e+03 3.663e+02 2.298e+02
s>            ( - 4.097e+03 2 0)
s>            ( QUESTION0_10_R 1 8.202e+02 2.718e+01 4.600e+01
s>                ( - 1.048e+00 1 0)
s>                ( - 7.920e+02 1 0))))INFO: dtree.c(1315): Comp split 5
INFO: dtree.c(1478): Final simple tree
|( QUESTION17 -1 9.165e+03 5.886e+02 3.739e+02
|    ( QUESTION0_8_R 1 4.586e+03 3.983e+02 2.028e+02
|        ( - 1.819e+03 1 0)
|        ( QUESTION0_0_R 1 2.369e+03 2.771e+02 1.148e+02
|            ( - 1.239e+03 1 0)
|            ( - 8.522e+02 2 0 QUESTION0_10_R 1 6.430e+01 4.695e+01)))
|    ( QUESTION1 -1 3.991e+03 4.120e+02 1.712e+02
|        ( QUESTION0_0_R 1 2.119e+03 2.296e+02 1.010e+02
|            ( QUESTION5 -1 1.344e+03 1.394e+02 6.701e+01
|                ( - 1.513e+02 1 0)
|                ( - 1.054e+03 1 0))
|            ( - 5.449e+02 2 0 QUESTION5 -1 5.193e+01 3.400e+01))
|        ( QUESTION0_1_R 1 1.460e+03 1.586e+02 7.015e+01
|            ( - 1.149e+03 1 0)
|            ( - 1.521e+02 2 0 QUESTION0_0_R 1 4.488e+01 1.289e+01))))
s>    ( QUESTION17 -1 9.165e+03 5.886e+02 3.739e+02
s>        ( QUESTION0_8_R 1 4.586e+03 3.983e+02 2.028e+02
s>            ( - 1.819e+03 1 0)
s>            ( QUESTION0_0_R 1 2.369e+03 2.771e+02 1.148e+02
s>                ( - 1.239e+03 1 0)
s>                ( - 8.522e+02 2 0 QUESTION0_10_R 1 6.430e+01 4.695e+01)))
s>        ( QUESTION1 -1 3.991e+03 4.120e+02 1.712e+02
s>            ( QUESTION0_0_R 1 2.119e+03 2.296e+02 1.010e+02
s>                ( QUESTION5 -1 1.344e+03 1.394e+02 6.701e+01
s>                    ( - 1.513e+02 1 0)
s>                    ( - 1.054e+03 1 0))
s>                ( - 5.449e+02 2 0 QUESTION5 -1 5.193e+01 3.400e+01))
s>            ( QUESTION0_1_R 1 1.460e+03 1.586e+02 7.015e+01
s>                ( - 1.149e+03 1 0)
s>                ( - 1.521e+02 2 0 QUESTION0_0_R 1 4.488e+01 1.289e+01))))INFO: dtree.c(1439): stop. leaf nodes are specific
INFO: dtree.c(1478): Final simple tree
|( QUESTION12 -1 1.053e+04 5.878e+02 4.342e+02
|    ( - 4.170e+03 1 0)
|    ( QUESTION10 -1 5.776e+03 4.585e+02 2.505e+02
|        ( QUESTION0_1_R 1 3.687e+03 3.529e+02 1.649e+02
|            ( QUESTION2_11_L -1 2.379e+03 2.648e+02 1.140e+02
|                ( - 1.081e+03 1 0)
|                ( - 1.033e+03 1 0))
|            ( - 9.554e+02 1 0))
|        ( QUESTION0 -1 1.631e+03 2.334e+02 8.561e+01
|            ( - 7.414e+02 1 0)
|            ( - 6.558e+02 1 0))))
s>    ( QUESTION12 -1 1.053e+04 5.878e+02 4.342e+02
s>        ( - 4.170e+03 1 0)
s>        ( QUESTION10 -1 5.776e+03 4.585e+02 2.505e+02
s>            ( QUESTION0_1_R 1 3.687e+03 3.529e+02 1.649e+02
s>                ( QUESTION2_11_L -1 2.379e+03 2.648e+02 1.140e+02
s>                    ( - 1.081e+03 1 0)
s>                    ( - 1.033e+03 1 0))
s>                ( - 9.554e+02 1 0))
s>            ( QUESTION0 -1 1.631e+03 2.334e+02 8.561e+01
s>                ( - 7.414e+02 1 0)
s>                ( - 6.558e+02 1 0))))INFO: dtree.c(1315): Comp split 6
INFO: dtree.c(1439): stop. leaf nodes are specific
INFO: dtree.c(1478): Final simple tree
|( QUESTION0_1_R 1 6.645e+03 5.169e+02 2.823e+02
|    ( - 2.939e+03 2 0)
|    ( QUESTION1 -1 3.189e+03 3.106e+02 1.467e+02
|        ( QUESTION0_0_R 1 1.150e+03 1.423e+02 6.101e+01
|            ( - 7.768e+02 1 0)
|            ( - 2.311e+02 1 0))
|        ( QUESTION0 -1 1.729e+03 1.133e+02 8.570e+01
|            ( QUESTION0_0_R 1 9.282e+01 3.260e+01 9.000e+00
|                ( - 3.327e+01 1 0)
|                ( - 2.695e+01 1 0))
|            ( QUESTION0_0_R 1 1.522e+03 6.603e+01 7.670e+01
|                ( - 1.444e+03 1 0)
|                ( - 1.206e+01 1 0)))))
s>    ( QUESTION0_1_R 1 6.645e+03 5.169e+02 2.823e+02
s>        ( - 2.939e+03 2 0)
s>        ( QUESTION1 -1 3.189e+03 3.106e+02 1.467e+02
s>            ( QUESTION0_0_R 1 1.150e+03 1.423e+02 6.101e+01
s>                ( - 7.768e+02 1 0)
s>                ( - 2.311e+02 1 0))
s>            ( QUESTION0 -1 1.729e+03 1.133e+02 8.570e+01
s>                ( QUESTION0_0_R 1 9.282e+01 3.260e+01 9.000e+00
s>                    ( - 3.327e+01 1 0)
s>                    ( - 2.695e+01 1 0))
s>                ( QUESTION0_0_R 1 1.522e+03 6.603e+01 7.670e+01
s>                    ( - 1.444e+03 1 0)
s>                    ( - 1.206e+01 1 0)))))INFO: dtree.c(1439): stop. leaf nodes are specific
INFO: dtree.c(1478): Final simple tree
|( QUESTION0_8_R 1 6.765e+03 4.596e+02 2.887e+02
|    ( - 4.765e+03 2 0)
|    ( QUESTION0_0_R 1 1.540e+03 2.449e+02 7.601e+01
|        ( - 7.499e+02 1 0)
|        ( - 5.456e+02 2 0)))
s>    ( QUESTION0_8_R 1 6.765e+03 4.596e+02 2.887e+02
s>        ( - 4.765e+03 2 0)
s>        ( QUESTION0_0_R 1 1.540e+03 2.449e+02 7.601e+01
s>            ( - 7.499e+02 1 0)
s>            ( - 5.456e+02 2 0)))INFO: dtree.c(1315): Comp split 7
INFO: dtree.c(1439): stop. leaf nodes are specific
INFO: dtree.c(1478): Final simple tree
|( WDBNDRY_E 0 3.979e+03 3.939e+02 1.855e+02
|    ( SILENCE 1 1.351e+03 1.619e+02 6.900e+01
|        ( QUESTION0 -1 3.132e+02 6.215e+01 2.100e+01
|            ( - 1.838e+02 1 0)
|            ( - 6.724e+01 1 0))
|        ( QUESTION14 1 8.760e+02 8.100e+01 4.800e+01
|            ( - 7.185e+02 1 0)
|            ( - 7.654e+01 1 0)))
|    ( - 2.234e+03 1 0))
s>    ( WDBNDRY_E 0 3.979e+03 3.939e+02 1.855e+02
s>        ( SILENCE 1 1.351e+03 1.619e+02 6.900e+01
s>            ( QUESTION0 -1 3.132e+02 6.215e+01 2.100e+01
s>                ( - 1.838e+02 1 0)
s>                ( - 6.724e+01 1 0))
s>            ( QUESTION14 1 8.760e+02 8.100e+01 4.800e+01
s>                ( - 7.185e+02 1 0)
s>                ( - 7.654e+01 1 0)))
s>        ( - 2.234e+03 1 0))INFO: dtree.c(1478): Final simple tree
|( QUESTION0_4_R 1 6.761e+03 4.654e+02 2.897e+02
|    ( QUESTION0_5_R 1 2.220e+03 2.273e+02 1.032e+02
|        ( - 1.456e+03 2 0)
|        ( - 5.368e+02 1 0))
|    ( QUESTION10 1 4.076e+03 3.084e+02 1.865e+02
|        ( QUESTION0_17_R 1 2.231e+03 2.162e+02 1.080e+02
|            ( QUESTION0_18_R 1 9.026e+02 1.172e+02 4.998e+01
|                ( - 2.036e+02 1 0)
|                ( - 5.818e+02 1 0))
|            ( QUESTION11 1 1.112e+03 1.605e+02 5.800e+01
|                ( - 4.299e+02 3 0)
|                ( - 5.220e+02 4 0 WDBNDRY_E 0 9.240e+01 3.100e+01)))
|        ( QUESTION15 1 1.537e+03 1.308e+02 7.850e+01
|            ( - 8.795e+02 2 0 QUESTION0_12_R 1 6.328e+01 4.750e+01)
|            ( - 5.263e+02 5 0 QUESTION0 1 8.106e+01 3.100e+01))))
s>    ( QUESTION0_4_R 1 6.761e+03 4.654e+02 2.897e+02
s>        ( QUESTION0_5_R 1 2.220e+03 2.273e+02 1.032e+02
s>            ( - 1.456e+03 2 0)
s>            ( - 5.368e+02 1 0))
s>        ( QUESTION10 1 4.076e+03 3.084e+02 1.865e+02
s>            ( QUESTION0_17_R 1 2.231e+03 2.162e+02 1.080e+02
s>                ( QUESTION0_18_R 1 9.026e+02 1.172e+02 4.998e+01
s>                    ( - 2.036e+02 1 0)
s>                    ( - 5.818e+02 1 0))
s>                ( QUESTION11 1 1.112e+03 1.605e+02 5.800e+01
s>                    ( - 4.299e+02 3 0)
s>                    ( - 5.220e+02 4 0 WDBNDRY_E 0 9.240e+01 3.100e+01)))
s>            ( QUESTION15 1 1.537e+03 1.308e+02 7.850e+01
s>                ( - 8.795e+02 2 0 QUESTION0_12_R 1 6.328e+01 4.750e+01)
s>                ( - 5.263e+02 5 0 QUESTION0 1 8.106e+01 3.100e+01))))INFO: dtree.c(1315): Comp split 8
INFO: dtree.c(1439): stop. leaf nodes are specific
INFO: dtree.c(1478): Final simple tree
|( QUESTION0_8_R 1 4.890e+03 4.155e+02 2.148e+02
|    ( QUESTION0 -1 2.106e+03 1.358e+02 9.996e+01
|        ( - 1.513e+02 1 0)
|        ( - 1.819e+03 1 0))
|    ( QUESTION0_0_R 1 2.369e+03 2.771e+02 1.148e+02
|        ( - 1.239e+03 1 0)
|        ( QUESTION0_10_R 1 8.522e+02 6.430e+01 4.695e+01
|            ( - 2.297e+01 1 0)
|            ( - 7.649e+02 1 0))))
s>    ( QUESTION0_8_R 1 4.890e+03 4.155e+02 2.148e+02
s>        ( QUESTION0 -1 2.106e+03 1.358e+02 9.996e+01
s>            ( - 1.513e+02 1 0)
s>            ( - 1.819e+03 1 0))
s>        ( QUESTION0_0_R 1 2.369e+03 2.771e+02 1.148e+02
s>            ( - 1.239e+03 1 0)
s>            ( QUESTION0_10_R 1 8.522e+02 6.430e+01 4.695e+01
s>                ( - 2.297e+01 1 0)
s>                ( - 7.649e+02 1 0))))INFO: dtree.c(1439): stop. leaf nodes are specific
INFO: dtree.c(1478): Final simple tree
|( QUESTION1 -1 3.673e+03 3.891e+02 1.592e+02
|    ( QUESTION0_0_R 1 1.824e+03 2.255e+02 8.901e+01
|        ( - 1.054e+03 1 0)
|        ( QUESTION5 -1 5.449e+02 5.193e+01 3.400e+01
|            ( - 1.240e+01 1 0)
|            ( - 4.805e+02 1 0)))
|    ( QUESTION0_1_R 1 1.460e+03 1.586e+02 7.015e+01
|        ( - 1.149e+03 1 0)
|        ( QUESTION0_0_R 1 1.521e+02 4.488e+01 1.289e+01
|            ( - 8.669e+01 1 0)
|            ( - 2.053e+01 1 0))))
s>    ( QUESTION1 -1 3.673e+03 3.891e+02 1.592e+02
s>        ( QUESTION0_0_R 1 1.824e+03 2.255e+02 8.901e+01
s>            ( - 1.054e+03 1 0)
s>            ( QUESTION5 -1 5.449e+02 5.193e+01 3.400e+01
s>                ( - 1.240e+01 1 0)
s>                ( - 4.805e+02 1 0)))
s>        ( QUESTION0_1_R 1 1.460e+03 1.586e+02 7.015e+01
s>            ( - 1.149e+03 1 0)
s>            ( QUESTION0_0_R 1 1.521e+02 4.488e+01 1.289e+01
s>                ( - 8.669e+01 1 0)
s>                ( - 2.053e+01 1 0))))INFO: dtree.c(1315): Comp split 9
INFO: dtree.c(1439): stop. leaf nodes are specific
INFO: dtree.c(1478): Final simple tree
|( QUESTION2_11_L -1 4.752e+03 3.846e+02 2.085e+02
|    ( QUESTION0_1_R 1 2.334e+03 2.981e+02 1.089e+02
|        ( - 1.081e+03 1 0)
|        ( - 9.554e+02 1 0))
|    ( QUESTION1 -1 2.033e+03 2.587e+02 9.959e+01
|        ( - 7.414e+02 1 0)
|        ( - 1.033e+03 1 0)))
s>    ( QUESTION2_11_L -1 4.752e+03 3.846e+02 2.085e+02
s>        ( QUESTION0_1_R 1 2.334e+03 2.981e+02 1.089e+02
s>            ( - 1.081e+03 1 0)
s>            ( - 9.554e+02 1 0))
s>        ( QUESTION1 -1 2.033e+03 2.587e+02 9.959e+01
s>            ( - 7.414e+02 1 0)
s>            ( - 1.033e+03 1 0)))INFO: dtree.c(1439): stop. leaf nodes are specific
INFO: dtree.c(1478): Final simple tree
|( QUESTION0_1_R 1 5.186e+03 3.599e+02 2.258e+02
|    ( - 6.558e+02 1 0)
|    ( - 4.170e+03 1 0))
s>    ( QUESTION0_1_R 1 5.186e+03 3.599e+02 2.258e+02
s>        ( - 6.558e+02 1 0)
s>        ( - 4.170e+03 1 0))INFO: dtree.c(1315): Comp split 10
INFO: dtree.c(1439): stop. leaf nodes are specific
INFO: dtree.c(1478): Final simple tree
|( QUESTION0_0_R 1 5.283e+03 3.663e+02 2.298e+02
|    ( - 4.097e+03 2 0)
|    ( QUESTION0_10_R 1 8.202e+02 2.718e+01 4.600e+01
|        ( - 1.048e+00 1 0)
|        ( - 7.920e+02 1 0)))
s>    ( QUESTION0_0_R 1 5.283e+03 3.663e+02 2.298e+02
s>        ( - 4.097e+03 2 0)
s>        ( QUESTION0_10_R 1 8.202e+02 2.718e+01 4.600e+01
s>            ( - 1.048e+00 1 0)
s>            ( - 7.920e+02 1 0)))INFO: dtree.c(1315): Comp split 11
INFO: dtree.c(1439): stop. leaf nodes are specific
INFO: dtree.c(1478): Final simple tree
|( QUESTION1 -1 3.189e+03 3.106e+02 1.467e+02
|    ( QUESTION0_0_R 1 1.150e+03 1.423e+02 6.101e+01
|        ( - 7.768e+02 1 0)
|        ( - 2.311e+02 1 0))
|    ( QUESTION0 -1 1.729e+03 1.133e+02 8.570e+01
|        ( QUESTION0_0_R 1 9.282e+01 3.260e+01 9.000e+00
|            ( - 3.327e+01 1 0)
|            ( - 2.695e+01 1 0))
|        ( QUESTION0_0_R 1 1.522e+03 6.603e+01 7.670e+01
|            ( - 1.444e+03 1 0)
|            ( - 1.206e+01 1 0))))
s>    ( QUESTION1 -1 3.189e+03 3.106e+02 1.467e+02
s>        ( QUESTION0_0_R 1 1.150e+03 1.423e+02 6.101e+01
s>            ( - 7.768e+02 1 0)
s>            ( - 2.311e+02 1 0))
s>        ( QUESTION0 -1 1.729e+03 1.133e+02 8.570e+01
s>            ( QUESTION0_0_R 1 9.282e+01 3.260e+01 9.000e+00
s>                ( - 3.327e+01 1 0)
s>                ( - 2.695e+01 1 0))
s>            ( QUESTION0_0_R 1 1.522e+03 6.603e+01 7.670e+01
s>                ( - 1.444e+03 1 0)
s>                ( - 1.206e+01 1 0))))INFO: dtree.c(1315): Comp split 12
INFO: dtree.c(1439): stop. leaf nodes are specific
INFO: dtree.c(1478): Final simple tree
|( QUESTION0_0_R 1 3.114e+03 2.731e+02 1.482e+02
|    ( - 1.959e+03 1 0)
|    ( QUESTION0_10_R 1 8.816e+02 8.960e+01 4.796e+01
|        ( - 5.556e+01 1 0)
|        ( - 7.365e+02 1 0)))
s>    ( QUESTION0_0_R 1 3.114e+03 2.731e+02 1.482e+02
s>        ( - 1.959e+03 1 0)
s>        ( QUESTION0_10_R 1 8.816e+02 8.960e+01 4.796e+01
s>            ( - 5.556e+01 1 0)
s>            ( - 7.365e+02 1 0)))INFO: dtree.c(1315): Comp split 13
INFO: dtree.c(1439): stop. leaf nodes are specific
INFO: dtree.c(1478): Final simple tree
|( QUESTION0_5_R 1 2.874e+03 3.044e+02 1.302e+02
|    ( - 1.456e+03 2 0)
|    ( QUESTION0_0_R 1 1.114e+03 1.474e+02 6.000e+01
|        ( - 5.368e+02 1 0)
|        ( - 4.299e+02 3 0)))
s>    ( QUESTION0_5_R 1 2.874e+03 3.044e+02 1.302e+02
s>        ( - 1.456e+03 2 0)
s>        ( QUESTION0_0_R 1 1.114e+03 1.474e+02 6.000e+01
s>            ( - 5.368e+02 1 0)
s>            ( - 4.299e+02 3 0)))INFO: dtree.c(1478): Final simple tree
|( QUESTION10 1 3.419e+03 2.733e+02 1.595e+02
|    ( QUESTION0_17_R 1 1.609e+03 1.843e+02 8.098e+01
|        ( QUESTION0_18_R 1 9.026e+02 1.172e+02 4.998e+01
|            ( - 2.036e+02 1 0)
|            ( - 5.818e+02 1 0))
|        ( WDBNDRY_E 0 5.220e+02 9.240e+01 3.100e+01
|            ( - 2.613e+02 2 0 QUESTION0_10_R 1 4.559e+01 1.800e+01)
|            ( - 1.683e+02 2 0 QUESTION16 -1 4.784e+01 1.300e+01)))
|    ( QUESTION15 1 1.537e+03 1.308e+02 7.850e+01
|        ( QUESTION0_12_R 1 8.795e+02 6.328e+01 4.750e+01
|            ( - 4.102e+01 1 0)
|            ( - 7.752e+02 1 0))
|        ( QUESTION0 1 5.263e+02 8.106e+01 3.100e+01
|            ( - 2.637e+02 3 0 QUESTION0_0_R 1 4.875e+01 1.800e+01)
|            ( - 1.816e+02 2 0 WDBNDRY_E 0 2.048e+01 1.300e+01))))
s>    ( QUESTION10 1 3.419e+03 2.733e+02 1.595e+02
s>        ( QUESTION0_17_R 1 1.609e+03 1.843e+02 8.098e+01
s>            ( QUESTION0_18_R 1 9.026e+02 1.172e+02 4.998e+01
s>                ( - 2.036e+02 1 0)
s>                ( - 5.818e+02 1 0))
s>            ( WDBNDRY_E 0 5.220e+02 9.240e+01 3.100e+01
s>                ( - 2.613e+02 2 0 QUESTION0_10_R 1 4.559e+01 1.800e+01)
s>                ( - 1.683e+02 2 0 QUESTION16 -1 4.784e+01 1.300e+01)))
s>        ( QUESTION15 1 1.537e+03 1.308e+02 7.850e+01
s>            ( QUESTION0_12_R 1 8.795e+02 6.328e+01 4.750e+01
s>                ( - 4.102e+01 1 0)
s>                ( - 7.752e+02 1 0))
s>            ( QUESTION0 1 5.263e+02 8.106e+01 3.100e+01
s>                ( - 2.637e+02 3 0 QUESTION0_0_R 1 4.875e+01 1.800e+01)
s>                ( - 1.816e+02 2 0 WDBNDRY_E 0 2.048e+01 1.300e+01))))INFO: dtree.c(1315): Comp split 14
INFO: dtree.c(1439): stop. leaf nodes are specific
INFO: dtree.c(1478): Final simple tree
|( QUESTION0_0_R 1 1.540e+03 2.449e+02 7.601e+01
|    ( - 7.499e+02 1 0)
|    ( - 5.456e+02 2 0))
s>    ( QUESTION0_0_R 1 1.540e+03 2.449e+02 7.601e+01
s>        ( - 7.499e+02 1 0)
s>        ( - 5.456e+02 2 0))INFO: dtree.c(1315): Comp split 15
INFO: dtree.c(1439): stop. leaf nodes are specific
INFO: dtree.c(1478): Final simple tree
|( QUESTION0_1_R 1 1.936e+03 2.394e+02 9.445e+01
|    ( - 7.414e+02 1 0)
|    ( - 9.554e+02 1 0))
s>    ( QUESTION0_1_R 1 1.936e+03 2.394e+02 9.445e+01
s>        ( - 7.414e+02 1 0)
s>        ( - 9.554e+02 1 0))INFO: dtree.c(1439): stop. leaf nodes are specific
INFO: dtree.c(1478): Final simple tree
|( QUESTION2_11_L -1 2.379e+03 2.648e+02 1.140e+02
|    ( - 1.081e+03 1 0)
|    ( - 1.033e+03 1 0))
s>    ( QUESTION2_11_L -1 2.379e+03 2.648e+02 1.140e+02
s>        ( - 1.081e+03 1 0)
s>        ( - 1.033e+03 1 0))INFO: dtree.c(1315): Comp split 16
INFO: dtree.c(1439): stop. leaf nodes are specific
INFO: dtree.c(1478): Final simple tree
|( QUESTION0 -1 2.211e+03 1.386e+02 1.039e+02
|    ( - 1.513e+02 1 0)
|    ( QUESTION0_0_R 1 1.921e+03 7.890e+01 9.191e+01
|        ( - 1.819e+03 1 0)
|        ( - 2.297e+01 1 0)))
s>    ( QUESTION0 -1 2.211e+03 1.386e+02 1.039e+02
s>        ( - 1.513e+02 1 0)
s>        ( QUESTION0_0_R 1 1.921e+03 7.890e+01 9.191e+01
s>            ( - 1.819e+03 1 0)
s>            ( - 2.297e+01 1 0)))INFO: dtree.c(1439): stop. leaf nodes are specific
INFO: dtree.c(1478): Final simple tree
|( QUESTION0_0_R 1 2.262e+03 2.580e+02 1.108e+02
|    ( - 1.239e+03 1 0)
|    ( - 7.649e+02 1 0))
s>    ( QUESTION0_0_R 1 2.262e+03 2.580e+02 1.108e+02
s>        ( - 1.239e+03 1 0)
s>        ( - 7.649e+02 1 0))INFO: dtree.c(1315): Comp split 17
INFO: dtree.c(1439): stop. leaf nodes are specific
INFO: dtree.c(1478): Final simple tree
|( QUESTION0_0_R 1 1.788e+03 1.992e+02 9.352e+01
|    ( - 1.110e+03 1 0)
|    ( QUESTION0_10_R 1 4.795e+02 6.529e+01 3.126e+01
|        ( - 3.571e+01 1 0)
|        ( - 3.785e+02 1 0)))
s>    ( QUESTION0_0_R 1 1.788e+03 1.992e+02 9.352e+01
s>        ( - 1.110e+03 1 0)
s>        ( QUESTION0_10_R 1 4.795e+02 6.529e+01 3.126e+01
s>            ( - 3.571e+01 1 0)
s>            ( - 3.785e+02 1 0)))INFO: dtree.c(1315): Comp split 18
INFO: dtree.c(1439): stop. leaf nodes are specific
INFO: dtree.c(1478): Final simple tree
|( SILENCE 1 1.351e+03 1.619e+02 6.900e+01
|    ( QUESTION0 -1 3.132e+02 6.215e+01 2.100e+01
|        ( - 1.838e+02 1 0)
|        ( - 6.724e+01 1 0))
|    ( QUESTION14 1 8.760e+02 8.100e+01 4.800e+01
|        ( - 7.185e+02 1 0)
|        ( - 7.654e+01 1 0)))
s>    ( SILENCE 1 1.351e+03 1.619e+02 6.900e+01
s>        ( QUESTION0 -1 3.132e+02 6.215e+01 2.100e+01
s>            ( - 1.838e+02 1 0)
s>            ( - 6.724e+01 1 0))
s>        ( QUESTION14 1 8.760e+02 8.100e+01 4.800e+01
s>            ( - 7.185e+02 1 0)
s>            ( - 7.654e+01 1 0)))INFO: dtree.c(1315): Comp split 19
INFO: dtree.c(1439): stop. leaf nodes are specific
INFO: dtree.c(1478): Final simple tree
|( QUESTION0_0_R 1 1.919e+03 2.365e+02 9.291e+01
|    ( - 1.054e+03 1 0)
|    ( QUESTION2_17_L -1 6.288e+02 9.244e+01 3.789e+01
|        ( - 4.805e+02 1 0)
|        ( QUESTION0 -1 5.582e+01 2.289e+01 6.895e+00
|            ( - 1.240e+01 1 0)
|            ( - 2.053e+01 1 0))))
s>    ( QUESTION0_0_R 1 1.919e+03 2.365e+02 9.291e+01
s>        ( - 1.054e+03 1 0)
s>        ( QUESTION2_17_L -1 6.288e+02 9.244e+01 3.789e+01
s>            ( - 4.805e+02 1 0)
s>            ( QUESTION0 -1 5.582e+01 2.289e+01 6.895e+00
s>                ( - 1.240e+01 1 0)
s>                ( - 2.053e+01 1 0))))INFO: dtree.c(1439): stop. leaf nodes are specific
INFO: dtree.c(1478): Final simple tree
|( QUESTION0_1_R 1 1.361e+03 1.248e+02 6.626e+01
|    ( - 1.149e+03 1 0)
|    ( - 8.669e+01 1 0))
s>    ( QUESTION0_1_R 1 1.361e+03 1.248e+02 6.626e+01
s>        ( - 1.149e+03 1 0)
s>        ( - 8.669e+01 1 0))INFO: dtree.c(1315): Comp split 20
INFO: dtree.c(1439): stop. leaf nodes are specific
INFO: dtree.c(1478): Final simple tree
|( QUESTION0_10_R 1 8.202e+02 2.718e+01 4.600e+01
|    ( - 1.048e+00 1 0)
|    ( - 7.920e+02 1 0))
s>    ( QUESTION0_10_R 1 8.202e+02 2.718e+01 4.600e+01
s>        ( - 1.048e+00 1 0)
s>        ( - 7.920e+02 1 0))INFO: dtree.c(1315): Comp split 21
INFO: dtree.c(1315): Comp split 22
INFO: dtree.c(1439): stop. leaf nodes are specific
INFO: dtree.c(1478): Final simple tree
|( QUESTION0 -1 1.563e+03 8.574e+01 7.870e+01
|    ( - 3.327e+01 1 0)
|    ( - 1.444e+03 1 0))
s>    ( QUESTION0 -1 1.563e+03 8.574e+01 7.870e+01
s>        ( - 3.327e+01 1 0)
s>        ( - 1.444e+03 1 0))INFO: dtree.c(1439): stop. leaf nodes are specific
INFO: dtree.c(1478): Final simple tree
|( QUESTION0_0_R 1 1.315e+03 1.664e+02 6.801e+01
|    ( - 7.768e+02 1 0)
|    ( QUESTION1 -1 3.714e+02 7.870e+01 2.501e+01
|        ( - 2.311e+02 1 0)
|        ( QUESTION0 -1 6.152e+01 2.251e+01 7.000e+00
|            ( - 2.695e+01 1 0)
|            ( - 1.206e+01 1 0))))
s>    ( QUESTION0_0_R 1 1.315e+03 1.664e+02 6.801e+01
s>        ( - 7.768e+02 1 0)
s>        ( QUESTION1 -1 3.714e+02 7.870e+01 2.501e+01
s>            ( - 2.311e+02 1 0)
s>            ( QUESTION0 -1 6.152e+01 2.251e+01 7.000e+00
s>                ( - 2.695e+01 1 0)
s>                ( - 1.206e+01 1 0))))INFO: dtree.c(1315): Comp split 23
INFO: dtree.c(1439): stop. leaf nodes are specific
INFO: dtree.c(1478): Final simple tree
|( QUESTION0_0_R 1 1.114e+03 1.474e+02 6.000e+01
|    ( - 5.368e+02 1 0)
|    ( - 4.299e+02 3 0))
s>    ( QUESTION0_0_R 1 1.114e+03 1.474e+02 6.000e+01
s>        ( - 5.368e+02 1 0)
s>        ( - 4.299e+02 3 0))INFO: dtree.c(1315): Comp split 24
INFO: dtree.c(1439): stop. leaf nodes are specific
INFO: dtree.c(1478): Final simple tree
|( QUESTION0_11_R 1 1.878e+03 1.647e+02 9.450e+01
|    ( QUESTION0_12_R 1 1.131e+03 1.048e+02 5.950e+01
|        ( QUESTION14 1 2.507e+02 4.856e+01 1.700e+01
|            ( - 1.611e+02 1 0)
|            ( - 4.102e+01 1 0))
|        ( - 7.752e+02 1 0))
|    ( QUESTION1 1 5.824e+02 9.521e+01 3.500e+01
|        ( QUESTION0_0_R 1 2.637e+02 4.875e+01 1.800e+01
|            ( - 4.033e+01 1 0)
|            ( - 1.746e+02 2 0))
|        ( WDBNDRY_E 0 2.235e+02 1.997e+01 1.700e+01
|            ( - 2.036e+02 1 0)
|            ( - 0.000e+00 1 0))))
s>    ( QUESTION0_11_R 1 1.878e+03 1.647e+02 9.450e+01
s>        ( QUESTION0_12_R 1 1.131e+03 1.048e+02 5.950e+01
s>            ( QUESTION14 1 2.507e+02 4.856e+01 1.700e+01
s>                ( - 1.611e+02 1 0)
s>                ( - 4.102e+01 1 0))
s>            ( - 7.752e+02 1 0))
s>        ( QUESTION1 1 5.824e+02 9.521e+01 3.500e+01
s>            ( QUESTION0_0_R 1 2.637e+02 4.875e+01 1.800e+01
s>                ( - 4.033e+01 1 0)
s>                ( - 1.746e+02 2 0))
s>            ( WDBNDRY_E 0 2.235e+02 1.997e+01 1.700e+01
s>                ( - 2.036e+02 1 0)
s>                ( - 0.000e+00 1 0))))INFO: dtree.c(1439): stop. leaf nodes are specific
INFO: dtree.c(1478): Final simple tree
|( QUESTION0_17_R 1 1.261e+03 1.576e+02 6.498e+01
|    ( - 5.818e+02 1 0)
|    ( WDBNDRY_E 0 5.220e+02 9.240e+01 3.100e+01
|        ( QUESTION0_10_R 1 2.613e+02 4.559e+01 1.800e+01
|            ( - 1.846e+02 1 0)
|            ( - 3.111e+01 1 0))
|        ( QUESTION16 -1 1.683e+02 4.784e+01 1.300e+01
|            ( - 5.283e+01 1 0)
|            ( - 6.759e+01 1 0))))
s>    ( QUESTION0_17_R 1 1.261e+03 1.576e+02 6.498e+01
s>        ( - 5.818e+02 1 0)
s>        ( WDBNDRY_E 0 5.220e+02 9.240e+01 3.100e+01
s>            ( QUESTION0_10_R 1 2.613e+02 4.559e+01 1.800e+01
s>                ( - 1.846e+02 1 0)
s>                ( - 3.111e+01 1 0))
s>            ( QUESTION16 -1 1.683e+02 4.784e+01 1.300e+01
s>                ( - 5.283e+01 1 0)
s>                ( - 6.759e+01 1 0))))INFO: dtree.c(1315): Comp split 25
INFO: dtree.c(1439): stop. leaf nodes are specific
INFO: dtree.c(1478): Final simple tree
|( QUESTION0_10_R 1 8.816e+02 8.960e+01 4.796e+01
|    ( - 5.556e+01 1 0)
|    ( - 7.365e+02 1 0))
s>    ( QUESTION0_10_R 1 8.816e+02 8.960e+01 4.796e+01
s>        ( - 5.556e+01 1 0)
s>        ( - 7.365e+02 1 0))INFO: dtree.c(1315): Comp split 26
INFO: dtree.c(1315): Comp split 27
INFO: dtree.c(1315): Comp split 28
INFO: dtree.c(1315): Comp split 29
INFO: dtree.c(1439): stop. leaf nodes are specific
INFO: dtree.c(1478): Final simple tree
|( QUESTION0 -1 5.662e+02 6.513e+01 3.489e+01
|    ( - 4.805e+02 1 0)
|    ( - 2.053e+01 1 0))
s>    ( QUESTION0 -1 5.662e+02 6.513e+01 3.489e+01
s>        ( - 4.805e+02 1 0)
s>        ( - 2.053e+01 1 0))INFO: dtree.c(1439): stop. leaf nodes are specific
INFO: dtree.c(1478): Final simple tree
|( QUESTION0_0_R 1 1.111e+03 4.478e+01 5.801e+01
|    ( - 1.054e+03 1 0)
|    ( - 1.240e+01 1 0))
s>    ( QUESTION0_0_R 1 1.111e+03 4.478e+01 5.801e+01
s>        ( - 1.054e+03 1 0)
s>        ( - 1.240e+01 1 0))INFO: dtree.c(1315): Comp split 30
INFO: dtree.c(1315): Comp split 31
INFO: dtree.c(1439): stop. leaf nodes are specific
INFO: dtree.c(1478): Final simple tree
|( QUESTION0_10_R 1 4.795e+02 6.529e+01 3.126e+01
|    ( - 3.571e+01 1 0)
|    ( - 3.785e+02 1 0))
s>    ( QUESTION0_10_R 1 4.795e+02 6.529e+01 3.126e+01
s>        ( - 3.571e+01 1 0)
s>        ( - 3.785e+02 1 0))INFO: dtree.c(1315): Comp split 32
INFO: dtree.c(1439): stop. leaf nodes are specific
INFO: dtree.c(1478): Final simple tree
|( QUESTION1 -1 3.714e+02 7.870e+01 2.501e+01
|    ( - 2.311e+02 1 0)
|    ( QUESTION0 -1 6.152e+01 2.251e+01 7.000e+00
|        ( - 2.695e+01 1 0)
|        ( - 1.206e+01 1 0)))
s>    ( QUESTION1 -1 3.714e+02 7.870e+01 2.501e+01
s>        ( - 2.311e+02 1 0)
s>        ( QUESTION0 -1 6.152e+01 2.251e+01 7.000e+00
s>            ( - 2.695e+01 1 0)
s>            ( - 1.206e+01 1 0)))INFO: dtree.c(1315): Comp split 33
INFO: dtree.c(1439): stop. leaf nodes are specific
INFO: dtree.c(1478): Final simple tree
|( QUESTION0_0_R 1 2.259e+02 5.161e+01 1.595e+01
|    ( - 1.513e+02 1 0)
|    ( - 2.297e+01 1 0))
s>    ( QUESTION0_0_R 1 2.259e+02 5.161e+01 1.595e+01
s>        ( - 1.513e+02 1 0)
s>        ( - 2.297e+01 1 0))INFO: dtree.c(1315): Comp split 34
INFO: dtree.c(1439): stop. leaf nodes are specific
INFO: dtree.c(1478): Final simple tree
|( QUESTION0_10_R 1 3.821e+02 7.638e+01 2.400e+01
|    ( - 1.846e+02 1 0)
|    ( WDBNDRY_E 0 1.211e+02 3.716e+01 1.000e+01
|        ( - 3.111e+01 1 0)
|        ( - 5.283e+01 1 0)))
s>    ( QUESTION0_10_R 1 3.821e+02 7.638e+01 2.400e+01
s>        ( - 1.846e+02 1 0)
s>        ( WDBNDRY_E 0 1.211e+02 3.716e+01 1.000e+01
s>            ( - 3.111e+01 1 0)
s>            ( - 5.283e+01 1 0)))INFO: dtree.c(1439): stop. leaf nodes are specific
INFO: dtree.c(1478): Final simple tree
|( WDBNDRY_E 0 7.144e+02 6.495e+01 4.098e+01
|    ( - 5.818e+02 1 0)
|    ( - 6.759e+01 1 0))
s>    ( WDBNDRY_E 0 7.144e+02 6.495e+01 4.098e+01
s>        ( - 5.818e+02 1 0)
s>        ( - 6.759e+01 1 0))INFO: dtree.c(1315): Comp split 35
INFO: dtree.c(1439): stop. leaf nodes are specific
INFO: dtree.c(1478): Final simple tree
|( QUESTION1 1 5.824e+02 9.521e+01 3.500e+01
|    ( QUESTION0_0_R 1 2.637e+02 4.875e+01 1.800e+01
|        ( - 4.033e+01 1 0)
|        ( - 1.746e+02 2 0))
|    ( WDBNDRY_E 0 2.235e+02 1.997e+01 1.700e+01
|        ( - 2.036e+02 1 0)
|        ( - 0.000e+00 1 0)))
s>    ( QUESTION1 1 5.824e+02 9.521e+01 3.500e+01
s>        ( QUESTION0_0_R 1 2.637e+02 4.875e+01 1.800e+01
s>            ( - 4.033e+01 1 0)
s>            ( - 1.746e+02 2 0))
s>        ( WDBNDRY_E 0 2.235e+02 1.997e+01 1.700e+01
s>            ( - 2.036e+02 1 0)
s>            ( - 0.000e+00 1 0)))INFO: dtree.c(1439): stop. leaf nodes are specific
INFO: dtree.c(1478): Final simple tree
|( QUESTION0_12_R 1 1.131e+03 1.048e+02 5.950e+01
|    ( QUESTION14 1 2.507e+02 4.856e+01 1.700e+01
|        ( - 1.611e+02 1 0)
|        ( - 4.102e+01 1 0))
|    ( - 7.752e+02 1 0))
s>    ( QUESTION0_12_R 1 1.131e+03 1.048e+02 5.950e+01
s>        ( QUESTION14 1 2.507e+02 4.856e+01 1.700e+01
s>            ( - 1.611e+02 1 0)
s>            ( - 4.102e+01 1 0))
s>        ( - 7.752e+02 1 0))INFO: dtree.c(1315): Comp split 36
INFO: dtree.c(1439): stop. leaf nodes are specific
INFO: dtree.c(1478): Final simple tree
|( QUESTION14 1 8.760e+02 8.100e+01 4.800e+01
|    ( - 7.185e+02 1 0)
|    ( - 7.654e+01 1 0))
s>    ( QUESTION14 1 8.760e+02 8.100e+01 4.800e+01
s>        ( - 7.185e+02 1 0)
s>        ( - 7.654e+01 1 0))INFO: dtree.c(1439): stop. leaf nodes are specific
INFO: dtree.c(1478): Final simple tree
|( QUESTION0 -1 3.132e+02 6.215e+01 2.100e+01
|    ( - 1.838e+02 1 0)
|    ( - 6.724e+01 1 0))
s>    ( QUESTION0 -1 3.132e+02 6.215e+01 2.100e+01
s>        ( - 1.838e+02 1 0)
s>        ( - 6.724e+01 1 0))INFO: dtree.c(1315): Comp split 37
INFO: dtree.c(1315): Comp split 38
INFO: dtree.c(1315): Comp split 39
INFO: dtree.c(1439): stop. leaf nodes are specific
INFO: dtree.c(1478): Final simple tree
|( QUESTION14 1 2.507e+02 4.856e+01 1.700e+01
|    ( - 1.611e+02 1 0)
|    ( - 4.102e+01 1 0))
s>    ( QUESTION14 1 2.507e+02 4.856e+01 1.700e+01
s>        ( - 1.611e+02 1 0)
s>        ( - 4.102e+01 1 0))INFO: dtree.c(1315): Comp split 40
INFO: dtree.c(1439): stop. leaf nodes are specific
INFO: dtree.c(1478): Final simple tree
|( WDBNDRY_E 0 2.235e+02 1.997e+01 1.700e+01
|    ( - 2.036e+02 1 0)
|    ( - 0.000e+00 1 0))
s>    ( WDBNDRY_E 0 2.235e+02 1.997e+01 1.700e+01
s>        ( - 2.036e+02 1 0)
s>        ( - 0.000e+00 1 0))INFO: dtree.c(1439): stop. leaf nodes are specific
INFO: dtree.c(1478): Final simple tree
|( QUESTION0_0_R 1 2.637e+02 4.875e+01 1.800e+01
|    ( - 4.033e+01 1 0)
|    ( - 1.746e+02 2 0))
s>    ( QUESTION0_0_R 1 2.637e+02 4.875e+01 1.800e+01
s>        ( - 4.033e+01 1 0)
s>        ( - 1.746e+02 2 0))INFO: dtree.c(1315): Comp split 41
INFO: dtree.c(1315): Comp split 42
INFO: dtree.c(1315): Comp split 43
INFO: dtree.c(1315): Comp split 44
INFO: dtree.c(1439): stop. leaf nodes are specific
INFO: dtree.c(1478): Final simple tree
|( QUESTION0 -1 6.152e+01 2.251e+01 7.000e+00
|    ( - 2.695e+01 1 0)
|    ( - 1.206e+01 1 0))
s>    ( QUESTION0 -1 6.152e+01 2.251e+01 7.000e+00
s>        ( - 2.695e+01 1 0)
s>        ( - 1.206e+01 1 0))INFO: dtree.c(1315): Comp split 45
INFO: dtree.c(1439): stop. leaf nodes are specific
INFO: dtree.c(1478): Final simple tree
|( WDBNDRY_E 0 1.211e+02 3.716e+01 1.000e+01
|    ( - 3.111e+01 1 0)
|    ( - 5.283e+01 1 0))
s>    ( WDBNDRY_E 0 1.211e+02 3.716e+01 1.000e+01
s>        ( - 3.111e+01 1 0)
s>        ( - 5.283e+01 1 0))INFO: dtree.c(1315): Comp split 46
INFO: dtree.c(1315): Comp split 47
INFO: dtree.c(1315): Comp split 48
INFO: dtree.c(1315): Comp split 49
INFO: dtree.c(1315): Comp split 50
INFO: dtree.c(1315): Comp split 51
INFO: dtree.c(1315): Comp split 52
INFO: dtree.c(1315): Comp split 53
INFO: dtree.c(1315): Comp split 54
INFO: dtree.c(1315): Comp split 55
INFO: dtree.c(1315): Comp split 56
INFO: dtree.c(1315): Comp split 57
INFO: dtree.c(1315): Comp split 58
INFO: dtree.c(1318): stop. leaf nodes are specific
Fri Nov  2 10:06:38 2018
