Current configuration:
[NAME]		[DEFLT]	[VALUE]
-allphones	no	no
-cntthresh	0.00001	1.000000e-05
-csplitmax	100	2000
-csplitmin	1	1
-csplitthr	8e-4	0.000000e+00
-example	no	no
-fullvar	no	no
-help		no	no
-meanfn			
-mixwfn			/home/sdv/Documents/SDV/SDVoice/an4/model_parameters/an4.cd_semi_untied/mixture_weights
-moddeffn		/home/sdv/Documents/SDV/SDVoice/an4/model_architecture/an4.untied.mdef
-mwfloor	1e-4	1.000000e-08
-phone			EH
-psetfn			/home/sdv/Documents/SDV/SDVoice/an4/model_architecture/an4.tree_questions
-ssplitmax	5	7
-ssplitmin	1	1
-ssplitthr	8e-4	0.000000e+00
-state			2
-stwt			1.0,0.05,0.0,
-treefn			/home/sdv/Documents/SDV/SDVoice/an4/trees/an4.unpruned/EH-2.dtree
-ts2cbfn	.semi.	.semi.
-varfloor	0.00001	1.000000e-05
-varfn			

INFO: main.c(223): Reading: /home/sdv/Documents/SDV/SDVoice/an4/model_architecture/an4.untied.mdef
INFO: model_def_io.c(573): Model definition info:
INFO: model_def_io.c(574): 1618 total models defined (34 base, 1584 tri)
INFO: model_def_io.c(575): 6472 total states
INFO: model_def_io.c(576): 4854 total tied states
INFO: model_def_io.c(577): 102 total tied CI states
INFO: model_def_io.c(578): 34 total tied transition matrices
INFO: model_def_io.c(579): 4 max state/model
INFO: model_def_io.c(580): 4 min state/model
INFO: main.c(242): Building trees for [EH AH F b] through [EH Y S i]
INFO: main.c(269): Covering states |[978 1271]| == 294
INFO: main.c(275): Reading: /home/sdv/Documents/SDV/SDVoice/an4/model_parameters/an4.cd_semi_untied/mixture_weights
INFO: s3mixw_io.c(173): Read /home/sdv/Documents/SDV/SDVoice/an4/model_parameters/an4.cd_semi_untied/mixture_weights [294x4x256 array]
INFO: main.c(311): 98 of 98 models have observation count greater than 0.000010
INFO: main.c(95): nrm stwt: 0.000 0.048 0.952 
INFO: main.c(411): 98-class entropy: 9.297733e+04
INFO: main.c(549): Reading: /home/sdv/Documents/SDV/SDVoice/an4/model_architecture/an4.tree_questions
INFO: main.c(588): 176 total simple questions (168 phone; 8 word bndry)
INFO: main.c(590): 42 Left Only questions, and 42 Right Only questions
INFO: dtree.c(1478): Final simple tree
|( QUESTION7 1 1.248e+05 3.216e+03 5.253e+03
|    ( SILENCE -1 4.552e+04 1.539e+03 1.995e+03
|        ( - 1.068e+04 2 0 QUESTION0_3_R 1 7.321e+02 5.159e+02)
|        ( QUESTION0_3_R 1 3.331e+04 8.360e+02 1.479e+03
|            ( - 6.135e+03 15 0 QUESTION15 -1 3.628e+02 2.949e+02)
|            ( - 2.634e+04 15 0 WDBNDRY_B 0 7.321e+02 1.184e+03)))
|    ( QUESTION0_0_R 1 7.606e+04 2.491e+03 3.258e+03
|        ( QUESTION0_2_R 1 2.690e+04 2.075e+03 1.215e+03
|            ( - 1.181e+04 2 0 QUESTION0 -1 1.571e+02 5.982e+02)
|            ( - 1.301e+04 18 0 QUESTION16 -1 5.818e+02 6.172e+02))
|        ( QUESTION0_10_R 1 4.667e+04 1.043e+03 2.042e+03
|            ( - 4.719e+03 15 0 QUESTION2_7_L -1 3.781e+02 2.232e+02)
|            ( QUESTION2_6_L -1 4.091e+04 9.012e+02 1.819e+03
|                ( - 2.633e+04 24 0 QUESTION14 -1 5.947e+02 1.189e+03)
|                ( - 1.368e+04 7 0 QUESTION15 -1 6.480e+02 6.299e+02)))))
s>    ( QUESTION7 1 1.248e+05 3.216e+03 5.253e+03
s>        ( SILENCE -1 4.552e+04 1.539e+03 1.995e+03
s>            ( - 1.068e+04 2 0 QUESTION0_3_R 1 7.321e+02 5.159e+02)
s>            ( QUESTION0_3_R 1 3.331e+04 8.360e+02 1.479e+03
s>                ( - 6.135e+03 15 0 QUESTION15 -1 3.628e+02 2.949e+02)
s>                ( - 2.634e+04 15 0 WDBNDRY_B 0 7.321e+02 1.184e+03)))
s>        ( QUESTION0_0_R 1 7.606e+04 2.491e+03 3.258e+03
s>            ( QUESTION0_2_R 1 2.690e+04 2.075e+03 1.215e+03
s>                ( - 1.181e+04 2 0 QUESTION0 -1 1.571e+02 5.982e+02)
s>                ( - 1.301e+04 18 0 QUESTION16 -1 5.818e+02 6.172e+02))
s>            ( QUESTION0_10_R 1 4.667e+04 1.043e+03 2.042e+03
s>                ( - 4.719e+03 15 0 QUESTION2_7_L -1 3.781e+02 2.232e+02)
s>                ( QUESTION2_6_L -1 4.091e+04 9.012e+02 1.819e+03
s>                    ( - 2.633e+04 24 0 QUESTION14 -1 5.947e+02 1.189e+03)
s>                    ( - 1.368e+04 7 0 QUESTION15 -1 6.480e+02 6.299e+02)))))INFO: dtree.c(1315): Comp split 0
INFO: dtree.c(1478): Final simple tree
|( QUESTION0_0_R 1 6.071e+04 2.230e+03 2.640e+03
|    ( - 1.181e+04 2 0 QUESTION0 -1 1.571e+02 5.982e+02)
|    ( QUESTION0_10_R 1 4.667e+04 1.043e+03 2.042e+03
|        ( - 4.719e+03 15 0 QUESTION2_7_L -1 3.781e+02 2.232e+02)
|        ( QUESTION2_6_L -1 4.091e+04 9.012e+02 1.819e+03
|            ( QUESTION14 -1 2.633e+04 5.947e+02 1.189e+03
|                ( - 1.530e+04 4 0)
|                ( QUESTION1 -1 1.044e+04 4.824e+02 4.766e+02
|                    ( - 3.937e+03 8 0 QUESTION2 -1 3.032e+02 1.910e+02)
|                    ( - 6.017e+03 12 0 QUESTION0 -1 3.582e+02 2.856e+02)))
|            ( QUESTION15 -1 1.368e+04 6.480e+02 6.299e+02
|                ( - 4.201e+03 4 0 QUESTION16 -1 3.491e+02 2.046e+02)
|                ( WDBNDRY_B 0 8.826e+03 4.324e+02 4.253e+02
|                    ( - 6.118e+03 2 0)
|                    ( - 2.276e+03 1 0))))))
s>    ( QUESTION0_0_R 1 6.071e+04 2.230e+03 2.640e+03
s>        ( - 1.181e+04 2 0 QUESTION0 -1 1.571e+02 5.982e+02)
s>        ( QUESTION0_10_R 1 4.667e+04 1.043e+03 2.042e+03
s>            ( - 4.719e+03 15 0 QUESTION2_7_L -1 3.781e+02 2.232e+02)
s>            ( QUESTION2_6_L -1 4.091e+04 9.012e+02 1.819e+03
s>                ( QUESTION14 -1 2.633e+04 5.947e+02 1.189e+03
s>                    ( - 1.530e+04 4 0)
s>                    ( QUESTION1 -1 1.044e+04 4.824e+02 4.766e+02
s>                        ( - 3.937e+03 8 0 QUESTION2 -1 3.032e+02 1.910e+02)
s>                        ( - 6.017e+03 12 0 QUESTION0 -1 3.582e+02 2.856e+02)))
s>                ( QUESTION15 -1 1.368e+04 6.480e+02 6.299e+02
s>                    ( - 4.201e+03 4 0 QUESTION16 -1 3.491e+02 2.046e+02)
s>                    ( WDBNDRY_B 0 8.826e+03 4.324e+02 4.253e+02
s>                        ( - 6.118e+03 2 0)
s>                        ( - 2.276e+03 1 0))))))INFO: dtree.c(1478): Final simple tree
|( QUESTION0_2_R 1 6.062e+04 2.089e+03 2.613e+03
|    ( SILENCE -1 4.552e+04 1.539e+03 1.995e+03
|        ( QUESTION0_3_R 1 1.068e+04 7.321e+02 5.159e+02
|            ( - 2.839e+03 1 0)
|            ( - 7.105e+03 1 0))
|        ( QUESTION0_3_R 1 3.331e+04 8.360e+02 1.479e+03
|            ( - 6.135e+03 15 0 QUESTION15 -1 3.628e+02 2.949e+02)
|            ( WDBNDRY_B 0 2.634e+04 7.321e+02 1.184e+03
|                ( QUESTION14 -1 2.308e+04 5.902e+02 1.058e+03
|                    ( - 5.499e+03 2 0)
|                    ( - 1.699e+04 11 0 QUESTION2_0_L -1 5.241e+02 7.864e+02))
|                ( - 2.521e+03 2 0 QUESTION0 -1 3.663e+02 1.263e+02))))
|    ( QUESTION16 -1 1.301e+04 5.818e+02 6.172e+02
|        ( - 3.667e+03 5 0 QUESTION2_0_L -1 2.738e+02 1.889e+02)
|        ( - 8.762e+03 13 0 QUESTION13 -1 4.779e+02 4.283e+02)))
s>    ( QUESTION0_2_R 1 6.062e+04 2.089e+03 2.613e+03
s>        ( SILENCE -1 4.552e+04 1.539e+03 1.995e+03
s>            ( QUESTION0_3_R 1 1.068e+04 7.321e+02 5.159e+02
s>                ( - 2.839e+03 1 0)
s>                ( - 7.105e+03 1 0))
s>            ( QUESTION0_3_R 1 3.331e+04 8.360e+02 1.479e+03
s>                ( - 6.135e+03 15 0 QUESTION15 -1 3.628e+02 2.949e+02)
s>                ( WDBNDRY_B 0 2.634e+04 7.321e+02 1.184e+03
s>                    ( QUESTION14 -1 2.308e+04 5.902e+02 1.058e+03
s>                        ( - 5.499e+03 2 0)
s>                        ( - 1.699e+04 11 0 QUESTION2_0_L -1 5.241e+02 7.864e+02))
s>                    ( - 2.521e+03 2 0 QUESTION0 -1 3.663e+02 1.263e+02))))
s>        ( QUESTION16 -1 1.301e+04 5.818e+02 6.172e+02
s>            ( - 3.667e+03 5 0 QUESTION2_0_L -1 2.738e+02 1.889e+02)
s>            ( - 8.762e+03 13 0 QUESTION13 -1 4.779e+02 4.283e+02)))INFO: dtree.c(1315): Comp split 1
INFO: dtree.c(1478): Final simple tree
|( QUESTION0_10_R 1 4.667e+04 1.043e+03 2.042e+03
|    ( QUESTION2_7_L -1 4.719e+03 3.781e+02 2.232e+02
|        ( - 2.509e+03 7 0 QUESTION14 -1 2.653e+02 1.262e+02)
|        ( - 1.832e+03 8 0 QUESTION2_11_L -1 2.157e+02 9.700e+01))
|    ( QUESTION2_6_L -1 4.091e+04 9.012e+02 1.819e+03
|        ( QUESTION14 -1 2.633e+04 5.947e+02 1.189e+03
|            ( - 1.530e+04 4 0)
|            ( QUESTION1 -1 1.044e+04 4.824e+02 4.766e+02
|                ( - 3.937e+03 8 0 QUESTION2 -1 3.032e+02 1.910e+02)
|                ( - 6.017e+03 12 0 QUESTION0 -1 3.582e+02 2.856e+02)))
|        ( QUESTION15 -1 1.368e+04 6.480e+02 6.299e+02
|            ( - 4.201e+03 4 0 QUESTION16 -1 3.491e+02 2.046e+02)
|            ( WDBNDRY_B 0 8.826e+03 4.324e+02 4.253e+02
|                ( - 6.118e+03 2 0)
|                ( - 2.276e+03 1 0)))))
s>    ( QUESTION0_10_R 1 4.667e+04 1.043e+03 2.042e+03
s>        ( QUESTION2_7_L -1 4.719e+03 3.781e+02 2.232e+02
s>            ( - 2.509e+03 7 0 QUESTION14 -1 2.653e+02 1.262e+02)
s>            ( - 1.832e+03 8 0 QUESTION2_11_L -1 2.157e+02 9.700e+01))
s>        ( QUESTION2_6_L -1 4.091e+04 9.012e+02 1.819e+03
s>            ( QUESTION14 -1 2.633e+04 5.947e+02 1.189e+03
s>                ( - 1.530e+04 4 0)
s>                ( QUESTION1 -1 1.044e+04 4.824e+02 4.766e+02
s>                    ( - 3.937e+03 8 0 QUESTION2 -1 3.032e+02 1.910e+02)
s>                    ( - 6.017e+03 12 0 QUESTION0 -1 3.582e+02 2.856e+02)))
s>            ( QUESTION15 -1 1.368e+04 6.480e+02 6.299e+02
s>                ( - 4.201e+03 4 0 QUESTION16 -1 3.491e+02 2.046e+02)
s>                ( WDBNDRY_B 0 8.826e+03 4.324e+02 4.253e+02
s>                    ( - 6.118e+03 2 0)
s>                    ( - 2.276e+03 1 0)))))INFO: dtree.c(1439): stop. leaf nodes are specific
INFO: dtree.c(1478): Final simple tree
|( QUESTION0 -1 1.181e+04 1.571e+02 5.982e+02
|    ( - 1.152e+04 1 0)
|    ( - 1.297e+02 1 0))
s>    ( QUESTION0 -1 1.181e+04 1.571e+02 5.982e+02
s>        ( - 1.152e+04 1 0)
s>        ( - 1.297e+02 1 0))INFO: dtree.c(1315): Comp split 2
INFO: dtree.c(1478): Final simple tree
|( SILENCE -1 3.504e+04 1.598e+03 1.545e+03
|    ( - 7.105e+03 1 0)
|    ( WDBNDRY_B 0 2.634e+04 7.321e+02 1.184e+03
|        ( QUESTION14 -1 2.308e+04 5.902e+02 1.058e+03
|            ( - 5.499e+03 2 0)
|            ( QUESTION2_0_L -1 1.699e+04 5.241e+02 7.864e+02
|                ( QUESTION16 -1 6.952e+03 3.629e+02 3.338e+02
|                    ( - 3.115e+03 1 0)
|                    ( - 3.475e+03 1 0))
|                ( QUESTION0 -1 9.518e+03 3.832e+02 4.527e+02
|                    ( - 5.652e+03 7 0 QUESTION7 -1 3.381e+02 2.766e+02)
|                    ( - 3.483e+03 2 0))))
|        ( QUESTION0 -1 2.521e+03 3.663e+02 1.263e+02
|            ( - 1.415e+03 1 0)
|            ( - 7.391e+02 1 0))))
s>    ( SILENCE -1 3.504e+04 1.598e+03 1.545e+03
s>        ( - 7.105e+03 1 0)
s>        ( WDBNDRY_B 0 2.634e+04 7.321e+02 1.184e+03
s>            ( QUESTION14 -1 2.308e+04 5.902e+02 1.058e+03
s>                ( - 5.499e+03 2 0)
s>                ( QUESTION2_0_L -1 1.699e+04 5.241e+02 7.864e+02
s>                    ( QUESTION16 -1 6.952e+03 3.629e+02 3.338e+02
s>                        ( - 3.115e+03 1 0)
s>                        ( - 3.475e+03 1 0))
s>                    ( QUESTION0 -1 9.518e+03 3.832e+02 4.527e+02
s>                        ( - 5.652e+03 7 0 QUESTION7 -1 3.381e+02 2.766e+02)
s>                        ( - 3.483e+03 2 0))))
s>            ( QUESTION0 -1 2.521e+03 3.663e+02 1.263e+02
s>                ( - 1.415e+03 1 0)
s>                ( - 7.391e+02 1 0))))INFO: dtree.c(1478): Final simple tree
|( QUESTION0_4_R 1 2.340e+04 9.716e+02 1.068e+03
|    ( QUESTION16 -1 1.262e+04 5.674e+02 6.022e+02
|        ( QUESTION2_0_L -1 3.572e+03 2.702e+02 1.849e+02
|            ( - 1.198e+03 2 0 WDBNDRY_B 0 1.845e+02 6.926e+01)
|            ( - 2.104e+03 2 0))
|        ( QUESTION13 -1 8.479e+03 4.639e+02 4.173e+02
|            ( QUESTION14 -1 5.034e+03 2.756e+02 2.610e+02
|                ( - 3.906e+03 2 0)
|                ( - 8.527e+02 1 0))
|            ( - 2.981e+03 8 0 QUESTION2 -1 2.701e+02 1.563e+02)))
|    ( SILENCE -1 9.808e+03 4.580e+02 4.655e+02
|        ( - 2.901e+03 2 0 QUESTION0_1_R 1 5.642e+01 1.575e+02)
|        ( QUESTION15 -1 6.449e+03 3.747e+02 3.079e+02
|            ( - 2.558e+03 5 0 QUESTION16 -1 2.281e+02 1.337e+02)
|            ( - 3.516e+03 12 0 QUESTION0 -1 2.682e+02 1.743e+02))))
s>    ( QUESTION0_4_R 1 2.340e+04 9.716e+02 1.068e+03
s>        ( QUESTION16 -1 1.262e+04 5.674e+02 6.022e+02
s>            ( QUESTION2_0_L -1 3.572e+03 2.702e+02 1.849e+02
s>                ( - 1.198e+03 2 0 WDBNDRY_B 0 1.845e+02 6.926e+01)
s>                ( - 2.104e+03 2 0))
s>            ( QUESTION13 -1 8.479e+03 4.639e+02 4.173e+02
s>                ( QUESTION14 -1 5.034e+03 2.756e+02 2.610e+02
s>                    ( - 3.906e+03 2 0)
s>                    ( - 8.527e+02 1 0))
s>                ( - 2.981e+03 8 0 QUESTION2 -1 2.701e+02 1.563e+02)))
s>        ( SILENCE -1 9.808e+03 4.580e+02 4.655e+02
s>            ( - 2.901e+03 2 0 QUESTION0_1_R 1 5.642e+01 1.575e+02)
s>            ( QUESTION15 -1 6.449e+03 3.747e+02 3.079e+02
s>                ( - 2.558e+03 5 0 QUESTION16 -1 2.281e+02 1.337e+02)
s>                ( - 3.516e+03 12 0 QUESTION0 -1 2.682e+02 1.743e+02))))INFO: dtree.c(1315): Comp split 3
INFO: dtree.c(1478): Final simple tree
|( QUESTION14 -1 2.489e+04 5.835e+02 1.139e+03
|    ( - 5.499e+03 2 0)
|    ( QUESTION2_0_L -1 1.881e+04 5.386e+02 8.671e+02
|        ( QUESTION16 -1 6.952e+03 3.629e+02 3.338e+02
|            ( - 3.115e+03 1 0)
|            ( - 3.475e+03 1 0))
|        ( QUESTION2_7_L -1 1.132e+04 4.264e+02 5.334e+02
|            ( QUESTION2 -1 8.556e+03 3.776e+02 4.097e+02
|                ( - 1.969e+03 2 0)
|                ( QUESTION0 -1 6.210e+03 3.227e+02 3.040e+02
|                    ( QUESTION1 -1 2.405e+03 2.321e+02 1.279e+02
|                        ( - 1.643e+03 2 0 QUESTION8 -1 1.796e+02 9.200e+01)
|                        ( - 5.296e+02 1 0))
|                    ( - 3.483e+03 2 0)))
|            ( - 2.339e+03 3 0 WDBNDRY_B 0 2.301e+02 1.237e+02))))
s>    ( QUESTION14 -1 2.489e+04 5.835e+02 1.139e+03
s>        ( - 5.499e+03 2 0)
s>        ( QUESTION2_0_L -1 1.881e+04 5.386e+02 8.671e+02
s>            ( QUESTION16 -1 6.952e+03 3.629e+02 3.338e+02
s>                ( - 3.115e+03 1 0)
s>                ( - 3.475e+03 1 0))
s>            ( QUESTION2_7_L -1 1.132e+04 4.264e+02 5.334e+02
s>                ( QUESTION2 -1 8.556e+03 3.776e+02 4.097e+02
s>                    ( - 1.969e+03 2 0)
s>                    ( QUESTION0 -1 6.210e+03 3.227e+02 3.040e+02
s>                        ( QUESTION1 -1 2.405e+03 2.321e+02 1.279e+02
s>                            ( - 1.643e+03 2 0 QUESTION8 -1 1.796e+02 9.200e+01)
s>                            ( - 5.296e+02 1 0))
s>                        ( - 3.483e+03 2 0)))
s>                ( - 2.339e+03 3 0 WDBNDRY_B 0 2.301e+02 1.237e+02))))INFO: dtree.c(1439): stop. leaf nodes are specific
INFO: dtree.c(1478): Final simple tree
|( WDBNDRY_B 0 8.380e+03 5.361e+02 4.060e+02
|    ( - 7.105e+03 1 0)
|    ( - 7.391e+02 1 0))
s>    ( WDBNDRY_B 0 8.380e+03 5.361e+02 4.060e+02
s>        ( - 7.105e+03 1 0)
s>        ( - 7.391e+02 1 0))INFO: dtree.c(1315): Comp split 4
INFO: dtree.c(1478): Final simple tree
|( QUESTION14 -1 3.106e+04 6.230e+02 1.394e+03
|    ( - 1.530e+04 4 0)
|    ( QUESTION2_7_L -1 1.514e+04 5.258e+02 6.812e+02
|        ( QUESTION2 -1 6.664e+03 4.144e+02 3.100e+02
|            ( - 2.407e+03 4 0)
|            ( QUESTION0 -1 3.842e+03 3.026e+02 1.870e+02
|                ( - 1.732e+03 5 0 QUESTION1 -1 1.837e+02 9.095e+01)
|                ( - 1.808e+03 4 0)))
|        ( QUESTION17 -1 7.946e+03 4.078e+02 3.713e+02
|            ( - 1.979e+03 2 0)
|            ( QUESTION11 -1 5.560e+03 3.494e+02 2.647e+02
|                ( - 2.468e+03 4 0 QUESTION2_11_L -1 2.138e+02 1.296e+02)
|                ( QUESTION0 -1 2.743e+03 2.604e+02 1.351e+02
|                    ( - 6.089e+02 3 0 QUESTION2_11_L -1 4.619e+01 3.700e+01)
|                    ( - 1.873e+03 2 0))))))
s>    ( QUESTION14 -1 3.106e+04 6.230e+02 1.394e+03
s>        ( - 1.530e+04 4 0)
s>        ( QUESTION2_7_L -1 1.514e+04 5.258e+02 6.812e+02
s>            ( QUESTION2 -1 6.664e+03 4.144e+02 3.100e+02
s>                ( - 2.407e+03 4 0)
s>                ( QUESTION0 -1 3.842e+03 3.026e+02 1.870e+02
s>                    ( - 1.732e+03 5 0 QUESTION1 -1 1.837e+02 9.095e+01)
s>                    ( - 1.808e+03 4 0)))
s>            ( QUESTION17 -1 7.946e+03 4.078e+02 3.713e+02
s>                ( - 1.979e+03 2 0)
s>                ( QUESTION11 -1 5.560e+03 3.494e+02 2.647e+02
s>                    ( - 2.468e+03 4 0 QUESTION2_11_L -1 2.138e+02 1.296e+02)
s>                    ( QUESTION0 -1 2.743e+03 2.604e+02 1.351e+02
s>                        ( - 6.089e+02 3 0 QUESTION2_11_L -1 4.619e+01 3.700e+01)
s>                        ( - 1.873e+03 2 0))))))INFO: dtree.c(1478): Final simple tree
|( QUESTION0_10_R 1 1.437e+04 8.235e+02 6.485e+02
|    ( QUESTION2_7_L -1 4.719e+03 3.781e+02 2.232e+02
|        ( QUESTION14 -1 2.509e+03 2.653e+02 1.262e+02
|            ( - 1.365e+03 2 0)
|            ( QUESTION2 -1 8.792e+02 1.609e+02 5.400e+01
|                ( - 2.389e+02 1 0)
|                ( - 4.795e+02 4 0 QUESTION1 -1 9.616e+01 3.400e+01)))
|        ( QUESTION2_11_L -1 1.832e+03 2.157e+02 9.700e+01
|            ( - 5.931e+02 4 0 WDBNDRY_B 0 9.637e+01 3.900e+01)
|            ( QUESTION0 -1 1.023e+03 1.641e+02 5.800e+01
|                ( - 4.155e+02 2 0 WDBNDRY_B 0 8.282e+01 2.800e+01)
|                ( - 4.433e+02 2 0 SILENCE -1 6.018e+01 3.000e+01))))
|    ( WDBNDRY_B 0 8.826e+03 4.324e+02 4.253e+02
|        ( - 6.118e+03 2 0)
|        ( - 2.276e+03 1 0)))
s>    ( QUESTION0_10_R 1 1.437e+04 8.235e+02 6.485e+02
s>        ( QUESTION2_7_L -1 4.719e+03 3.781e+02 2.232e+02
s>            ( QUESTION14 -1 2.509e+03 2.653e+02 1.262e+02
s>                ( - 1.365e+03 2 0)
s>                ( QUESTION2 -1 8.792e+02 1.609e+02 5.400e+01
s>                    ( - 2.389e+02 1 0)
s>                    ( - 4.795e+02 4 0 QUESTION1 -1 9.616e+01 3.400e+01)))
s>            ( QUESTION2_11_L -1 1.832e+03 2.157e+02 9.700e+01
s>                ( - 5.931e+02 4 0 WDBNDRY_B 0 9.637e+01 3.900e+01)
s>                ( QUESTION0 -1 1.023e+03 1.641e+02 5.800e+01
s>                    ( - 4.155e+02 2 0 WDBNDRY_B 0 8.282e+01 2.800e+01)
s>                    ( - 4.433e+02 2 0 SILENCE -1 6.018e+01 3.000e+01))))
s>        ( WDBNDRY_B 0 8.826e+03 4.324e+02 4.253e+02
s>            ( - 6.118e+03 2 0)
s>            ( - 2.276e+03 1 0)))INFO: dtree.c(1315): Comp split 5
INFO: dtree.c(1478): Final simple tree
|( QUESTION16 -1 1.262e+04 5.674e+02 6.022e+02
|    ( QUESTION2_0_L -1 3.572e+03 2.702e+02 1.849e+02
|        ( WDBNDRY_B 0 1.198e+03 1.845e+02 6.926e+01
|            ( - 7.834e+02 1 0)
|            ( - 2.302e+02 1 0))
|        ( - 2.104e+03 2 0))
|    ( QUESTION13 -1 8.479e+03 4.639e+02 4.173e+02
|        ( QUESTION14 -1 5.034e+03 2.756e+02 2.610e+02
|            ( - 3.906e+03 2 0)
|            ( - 8.527e+02 1 0))
|        ( QUESTION2 -1 2.981e+03 2.701e+02 1.563e+02
|            ( - 9.619e+02 2 0)
|            ( WDBNDRY_B 0 1.749e+03 2.044e+02 1.019e+02
|                ( - 1.196e+03 5 0 SILENCE -1 1.379e+02 7.398e+01)
|                ( - 3.486e+02 1 0)))))
s>    ( QUESTION16 -1 1.262e+04 5.674e+02 6.022e+02
s>        ( QUESTION2_0_L -1 3.572e+03 2.702e+02 1.849e+02
s>            ( WDBNDRY_B 0 1.198e+03 1.845e+02 6.926e+01
s>                ( - 7.834e+02 1 0)
s>                ( - 2.302e+02 1 0))
s>            ( - 2.104e+03 2 0))
s>        ( QUESTION13 -1 8.479e+03 4.639e+02 4.173e+02
s>            ( QUESTION14 -1 5.034e+03 2.756e+02 2.610e+02
s>                ( - 3.906e+03 2 0)
s>                ( - 8.527e+02 1 0))
s>            ( QUESTION2 -1 2.981e+03 2.701e+02 1.563e+02
s>                ( - 9.619e+02 2 0)
s>                ( WDBNDRY_B 0 1.749e+03 2.044e+02 1.019e+02
s>                    ( - 1.196e+03 5 0 SILENCE -1 1.379e+02 7.398e+01)
s>                    ( - 3.486e+02 1 0)))))INFO: dtree.c(1478): Final simple tree
|( SILENCE -1 9.808e+03 4.580e+02 4.655e+02
|    ( - 2.901e+03 2 0 QUESTION0_1_R 1 5.642e+01 1.575e+02)
|    ( QUESTION15 -1 6.449e+03 3.747e+02 3.079e+02
|        ( QUESTION16 -1 2.558e+03 2.281e+02 1.337e+02
|            ( QUESTION2_2_L -1 1.215e+03 1.680e+02 6.787e+01
|                ( - 4.216e+02 1 0)
|                ( - 6.256e+02 3 0 WDBNDRY_B 0 5.498e+01 3.987e+01))
|            ( - 1.115e+03 1 0))
|        ( QUESTION0 -1 3.516e+03 2.682e+02 1.743e+02
|            ( QUESTION2_11_L -1 2.067e+03 2.230e+02 1.080e+02
|                ( QUESTION11 -1 8.013e+02 1.199e+02 4.697e+01
|                    ( - 3.219e+02 2 0 WDBNDRY_B 0 3.819e+01 2.300e+01)
|                    ( - 3.595e+02 2 0 WDBNDRY_B 0 7.296e+01 2.397e+01))
|                ( - 1.043e+03 6 0 QUESTION7 -1 1.171e+02 6.100e+01))
|            ( - 1.180e+03 2 0))))
s>    ( SILENCE -1 9.808e+03 4.580e+02 4.655e+02
s>        ( - 2.901e+03 2 0 QUESTION0_1_R 1 5.642e+01 1.575e+02)
s>        ( QUESTION15 -1 6.449e+03 3.747e+02 3.079e+02
s>            ( QUESTION16 -1 2.558e+03 2.281e+02 1.337e+02
s>                ( QUESTION2_2_L -1 1.215e+03 1.680e+02 6.787e+01
s>                    ( - 4.216e+02 1 0)
s>                    ( - 6.256e+02 3 0 WDBNDRY_B 0 5.498e+01 3.987e+01))
s>                ( - 1.115e+03 1 0))
s>            ( QUESTION0 -1 3.516e+03 2.682e+02 1.743e+02
s>                ( QUESTION2_11_L -1 2.067e+03 2.230e+02 1.080e+02
s>                    ( QUESTION11 -1 8.013e+02 1.199e+02 4.697e+01
s>                        ( - 3.219e+02 2 0 WDBNDRY_B 0 3.819e+01 2.300e+01)
s>                        ( - 3.595e+02 2 0 WDBNDRY_B 0 7.296e+01 2.397e+01))
s>                    ( - 1.043e+03 6 0 QUESTION7 -1 1.171e+02 6.100e+01))
s>                ( - 1.180e+03 2 0))))INFO: dtree.c(1315): Comp split 6
INFO: dtree.c(1478): Final simple tree
|( QUESTION2_7_L -1 4.719e+03 3.781e+02 2.232e+02
|    ( QUESTION14 -1 2.509e+03 2.653e+02 1.262e+02
|        ( - 1.365e+03 2 0)
|        ( QUESTION2 -1 8.792e+02 1.609e+02 5.400e+01
|            ( - 2.389e+02 1 0)
|            ( QUESTION1 -1 4.795e+02 9.616e+01 3.400e+01
|                ( - 2.407e+02 2 0 QUESTION8 -1 3.549e+01 2.000e+01)
|                ( - 1.427e+02 2 0 QUESTION0 -1 3.691e+01 1.400e+01))))
|    ( QUESTION2_11_L -1 1.832e+03 2.157e+02 9.700e+01
|        ( WDBNDRY_B 0 5.931e+02 9.637e+01 3.900e+01
|            ( - 2.971e+02 2 0 QUESTION11 -1 2.851e+01 2.200e+01)
|            ( - 1.996e+02 2 0))
|        ( QUESTION0 -1 1.023e+03 1.641e+02 5.800e+01
|            ( - 4.155e+02 2 0 WDBNDRY_B 0 8.282e+01 2.800e+01)
|            ( - 4.433e+02 2 0 SILENCE -1 6.018e+01 3.000e+01))))
s>    ( QUESTION2_7_L -1 4.719e+03 3.781e+02 2.232e+02
s>        ( QUESTION14 -1 2.509e+03 2.653e+02 1.262e+02
s>            ( - 1.365e+03 2 0)
s>            ( QUESTION2 -1 8.792e+02 1.609e+02 5.400e+01
s>                ( - 2.389e+02 1 0)
s>                ( QUESTION1 -1 4.795e+02 9.616e+01 3.400e+01
s>                    ( - 2.407e+02 2 0 QUESTION8 -1 3.549e+01 2.000e+01)
s>                    ( - 1.427e+02 2 0 QUESTION0 -1 3.691e+01 1.400e+01))))
s>        ( QUESTION2_11_L -1 1.832e+03 2.157e+02 9.700e+01
s>            ( WDBNDRY_B 0 5.931e+02 9.637e+01 3.900e+01
s>                ( - 2.971e+02 2 0 QUESTION11 -1 2.851e+01 2.200e+01)
s>                ( - 1.996e+02 2 0))
s>            ( QUESTION0 -1 1.023e+03 1.641e+02 5.800e+01
s>                ( - 4.155e+02 2 0 WDBNDRY_B 0 8.282e+01 2.800e+01)
s>                ( - 4.433e+02 2 0 SILENCE -1 6.018e+01 3.000e+01))))INFO: dtree.c(1439): stop. leaf nodes are specific
INFO: dtree.c(1478): Final simple tree
|( WDBNDRY_B 0 8.826e+03 4.324e+02 4.253e+02
|    ( - 6.118e+03 2 0)
|    ( - 2.276e+03 1 0))
s>    ( WDBNDRY_B 0 8.826e+03 4.324e+02 4.253e+02
s>        ( - 6.118e+03 2 0)
s>        ( - 2.276e+03 1 0))INFO: dtree.c(1315): Comp split 7
INFO: dtree.c(1478): Final simple tree
|( QUESTION1 -1 1.269e+04 4.970e+02 5.747e+02
|    ( QUESTION2 -1 3.937e+03 3.032e+02 1.910e+02
|        ( - 2.407e+03 4 0)
|        ( QUESTION8 -1 1.227e+03 1.700e+02 6.795e+01
|            ( - 3.283e+02 2 0)
|            ( - 7.285e+02 2 0)))
|    ( QUESTION0 -1 8.259e+03 4.092e+02 3.837e+02
|        ( QUESTION2_12_L -1 3.851e+03 3.519e+02 1.896e+02
|            ( - 1.879e+03 2 0)
|            ( QUESTION2_16_L -1 1.620e+03 1.837e+02 8.643e+01
|                ( - 4.458e+02 3 0 QUESTION11 -1 4.928e+01 3.043e+01)
|                ( - 9.910e+02 3 0 QUESTION2_7_L -1 1.278e+02 5.600e+01)))
|        ( QUESTION2_0_L -1 3.999e+03 3.179e+02 1.941e+02
|            ( - 1.873e+03 2 0)
|            ( - 1.808e+03 4 0))))
s>    ( QUESTION1 -1 1.269e+04 4.970e+02 5.747e+02
s>        ( QUESTION2 -1 3.937e+03 3.032e+02 1.910e+02
s>            ( - 2.407e+03 4 0)
s>            ( QUESTION8 -1 1.227e+03 1.700e+02 6.795e+01
s>                ( - 3.283e+02 2 0)
s>                ( - 7.285e+02 2 0)))
s>        ( QUESTION0 -1 8.259e+03 4.092e+02 3.837e+02
s>            ( QUESTION2_12_L -1 3.851e+03 3.519e+02 1.896e+02
s>                ( - 1.879e+03 2 0)
s>                ( QUESTION2_16_L -1 1.620e+03 1.837e+02 8.643e+01
s>                    ( - 4.458e+02 3 0 QUESTION11 -1 4.928e+01 3.043e+01)
s>                    ( - 9.910e+02 3 0 QUESTION2_7_L -1 1.278e+02 5.600e+01)))
s>            ( QUESTION2_0_L -1 3.999e+03 3.179e+02 1.941e+02
s>                ( - 1.873e+03 2 0)
s>                ( - 1.808e+03 4 0))))INFO: dtree.c(1439): stop. leaf nodes are specific
INFO: dtree.c(1478): Final simple tree
|( QUESTION14 -1 1.772e+04 4.418e+02 8.191e+02
|    ( - 1.530e+04 4 0)
|    ( - 1.979e+03 2 0))
s>    ( QUESTION14 -1 1.772e+04 4.418e+02 8.191e+02
s>        ( - 1.530e+04 4 0)
s>        ( - 1.979e+03 2 0))INFO: dtree.c(1315): Comp split 8
INFO: dtree.c(1439): stop. leaf nodes are specific
INFO: dtree.c(1478): Final simple tree
|( QUESTION2_0_L -1 1.602e+04 5.124e+02 7.434e+02
|    ( QUESTION16 -1 6.952e+03 3.629e+02 3.338e+02
|        ( - 3.115e+03 1 0)
|        ( - 3.475e+03 1 0))
|    ( QUESTION2 -1 8.556e+03 3.776e+02 4.097e+02
|        ( - 1.969e+03 2 0)
|        ( QUESTION0 -1 6.210e+03 3.227e+02 3.040e+02
|            ( QUESTION1 -1 2.405e+03 2.321e+02 1.279e+02
|                ( QUESTION8 -1 1.643e+03 1.796e+02 9.200e+01
|                    ( - 3.573e+02 1 0)
|                    ( - 1.106e+03 1 0))
|                ( - 5.296e+02 1 0))
|            ( - 3.483e+03 2 0))))
s>    ( QUESTION2_0_L -1 1.602e+04 5.124e+02 7.434e+02
s>        ( QUESTION16 -1 6.952e+03 3.629e+02 3.338e+02
s>            ( - 3.115e+03 1 0)
s>            ( - 3.475e+03 1 0))
s>        ( QUESTION2 -1 8.556e+03 3.776e+02 4.097e+02
s>            ( - 1.969e+03 2 0)
s>            ( QUESTION0 -1 6.210e+03 3.227e+02 3.040e+02
s>                ( QUESTION1 -1 2.405e+03 2.321e+02 1.279e+02
s>                    ( QUESTION8 -1 1.643e+03 1.796e+02 9.200e+01
s>                        ( - 3.573e+02 1 0)
s>                        ( - 1.106e+03 1 0))
s>                    ( - 5.296e+02 1 0))
s>                ( - 3.483e+03 2 0))))INFO: dtree.c(1439): stop. leaf nodes are specific
INFO: dtree.c(1478): Final simple tree
|( QUESTION0 -1 8.250e+03 4.127e+02 3.955e+02
|    ( WDBNDRY_B 0 2.339e+03 2.301e+02 1.237e+02
|        ( QUESTION11 -1 6.936e+02 1.291e+02 4.300e+01
|            ( - 2.783e+02 1 0)
|            ( - 2.861e+02 1 0))
|        ( - 1.415e+03 1 0))
|    ( - 5.499e+03 2 0))
s>    ( QUESTION0 -1 8.250e+03 4.127e+02 3.955e+02
s>        ( WDBNDRY_B 0 2.339e+03 2.301e+02 1.237e+02
s>            ( QUESTION11 -1 6.936e+02 1.291e+02 4.300e+01
s>                ( - 2.783e+02 1 0)
s>                ( - 2.861e+02 1 0))
s>            ( - 1.415e+03 1 0))
s>        ( - 5.499e+03 2 0))INFO: dtree.c(1315): Comp split 9
INFO: dtree.c(1478): Final simple tree
|( QUESTION13 -1 7.222e+03 4.392e+02 3.629e+02
|    ( QUESTION14 -1 5.034e+03 2.756e+02 2.610e+02
|        ( - 3.906e+03 2 0)
|        ( - 8.527e+02 1 0))
|    ( WDBNDRY_B 0 1.749e+03 2.044e+02 1.019e+02
|        ( SILENCE -1 1.196e+03 1.379e+02 7.398e+01
|            ( - 6.614e+02 1 0)
|            ( QUESTION12 -1 3.963e+02 8.409e+01 2.800e+01
|                ( QUESTION2_7_L -1 1.112e+02 3.845e+01 9.997e+00
|                    ( - 3.576e+01 1 0)
|                    ( - 3.701e+01 1 0))
|                ( QUESTION1 -1 2.009e+02 4.436e+01 1.800e+01
|                    ( - 4.289e+01 1 0)
|                    ( - 1.137e+02 1 0))))
|        ( - 3.486e+02 1 0)))
s>    ( QUESTION13 -1 7.222e+03 4.392e+02 3.629e+02
s>        ( QUESTION14 -1 5.034e+03 2.756e+02 2.610e+02
s>            ( - 3.906e+03 2 0)
s>            ( - 8.527e+02 1 0))
s>        ( WDBNDRY_B 0 1.749e+03 2.044e+02 1.019e+02
s>            ( SILENCE -1 1.196e+03 1.379e+02 7.398e+01
s>                ( - 6.614e+02 1 0)
s>                ( QUESTION12 -1 3.963e+02 8.409e+01 2.800e+01
s>                    ( QUESTION2_7_L -1 1.112e+02 3.845e+01 9.997e+00
s>                        ( - 3.576e+01 1 0)
s>                        ( - 3.701e+01 1 0))
s>                    ( QUESTION1 -1 2.009e+02 4.436e+01 1.800e+01
s>                        ( - 4.289e+01 1 0)
s>                        ( - 1.137e+02 1 0))))
s>            ( - 3.486e+02 1 0)))INFO: dtree.c(1439): stop. leaf nodes are specific
INFO: dtree.c(1478): Final simple tree
|( QUESTION2_0_L -1 4.803e+03 2.930e+02 2.393e+02
|    ( WDBNDRY_B 0 1.198e+03 1.845e+02 6.926e+01
|        ( - 7.834e+02 1 0)
|        ( - 2.302e+02 1 0))
|    ( QUESTION0 -1 3.311e+03 2.459e+02 1.700e+02
|        ( - 9.619e+02 2 0)
|        ( - 2.104e+03 2 0)))
s>    ( QUESTION2_0_L -1 4.803e+03 2.930e+02 2.393e+02
s>        ( WDBNDRY_B 0 1.198e+03 1.845e+02 6.926e+01
s>            ( - 7.834e+02 1 0)
s>            ( - 2.302e+02 1 0))
s>        ( QUESTION0 -1 3.311e+03 2.459e+02 1.700e+02
s>            ( - 9.619e+02 2 0)
s>            ( - 2.104e+03 2 0)))INFO: dtree.c(1315): Comp split 10
INFO: dtree.c(1439): stop. leaf nodes are specific
INFO: dtree.c(1478): Final simple tree
|( QUESTION17 -1 8.320e+03 3.908e+02 3.967e+02
|    ( - 3.475e+03 1 0)
|    ( QUESTION0 -1 4.454e+03 2.835e+02 2.255e+02
|        ( QUESTION1 -1 1.056e+03 1.690e+02 6.294e+01
|            ( - 3.573e+02 1 0)
|            ( - 5.296e+02 1 0))
|        ( - 3.115e+03 1 0)))
s>    ( QUESTION17 -1 8.320e+03 3.908e+02 3.967e+02
s>        ( - 3.475e+03 1 0)
s>        ( QUESTION0 -1 4.454e+03 2.835e+02 2.255e+02
s>            ( QUESTION1 -1 1.056e+03 1.690e+02 6.294e+01
s>                ( - 3.573e+02 1 0)
s>                ( - 5.296e+02 1 0))
s>            ( - 3.115e+03 1 0)))INFO: dtree.c(1439): stop. leaf nodes are specific
INFO: dtree.c(1478): Final simple tree
|( QUESTION2 -1 7.163e+03 3.542e+02 3.467e+02
|    ( - 1.969e+03 2 0)
|    ( QUESTION0 -1 4.840e+03 2.512e+02 2.411e+02
|        ( - 1.106e+03 1 0)
|        ( - 3.483e+03 2 0)))
s>    ( QUESTION2 -1 7.163e+03 3.542e+02 3.467e+02
s>        ( - 1.969e+03 2 0)
s>        ( QUESTION0 -1 4.840e+03 2.512e+02 2.411e+02
s>            ( - 1.106e+03 1 0)
s>            ( - 3.483e+03 2 0)))INFO: dtree.c(1315): Comp split 11
INFO: dtree.c(1315): Comp split 12
INFO: dtree.c(1439): stop. leaf nodes are specific
INFO: dtree.c(1478): Final simple tree
|( QUESTION2_7_L -1 7.247e+03 4.331e+02 3.412e+02
|    ( QUESTION0 -1 2.765e+03 2.291e+02 1.400e+02
|        ( - 7.285e+02 2 0)
|        ( - 1.808e+03 4 0))
|    ( QUESTION0 -1 4.049e+03 2.972e+02 2.013e+02
|        ( - 1.879e+03 2 0)
|        ( - 1.873e+03 2 0)))
s>    ( QUESTION2_7_L -1 7.247e+03 4.331e+02 3.412e+02
s>        ( QUESTION0 -1 2.765e+03 2.291e+02 1.400e+02
s>            ( - 7.285e+02 2 0)
s>            ( - 1.808e+03 4 0))
s>        ( QUESTION0 -1 4.049e+03 2.972e+02 2.013e+02
s>            ( - 1.879e+03 2 0)
s>            ( - 1.873e+03 2 0)))INFO: dtree.c(1439): stop. leaf nodes are specific
INFO: dtree.c(1478): Final simple tree
|( QUESTION2 -1 4.914e+03 3.840e+02 2.334e+02
|    ( - 2.407e+03 4 0)
|    ( QUESTION12 -1 2.123e+03 2.218e+02 1.104e+02
|        ( QUESTION2_7_L -1 1.065e+03 1.346e+02 6.000e+01
|            ( - 3.218e+02 1 0)
|            ( QUESTION2_11_L -1 6.089e+02 4.619e+01 3.700e+01
|                ( - 5.414e+02 2 0)
|                ( - 2.134e+01 1 0)))
|        ( QUESTION1 -1 8.360e+02 1.326e+02 5.043e+01
|            ( - 3.283e+02 2 0)
|            ( - 3.752e+02 2 0))))
s>    ( QUESTION2 -1 4.914e+03 3.840e+02 2.334e+02
s>        ( - 2.407e+03 4 0)
s>        ( QUESTION12 -1 2.123e+03 2.218e+02 1.104e+02
s>            ( QUESTION2_7_L -1 1.065e+03 1.346e+02 6.000e+01
s>                ( - 3.218e+02 1 0)
s>                ( QUESTION2_11_L -1 6.089e+02 4.619e+01 3.700e+01
s>                    ( - 5.414e+02 2 0)
s>                    ( - 2.134e+01 1 0)))
s>            ( QUESTION1 -1 8.360e+02 1.326e+02 5.043e+01
s>                ( - 3.283e+02 2 0)
s>                ( - 3.752e+02 2 0))))INFO: dtree.c(1315): Comp split 13
INFO: dtree.c(1478): Final simple tree
|( QUESTION0 -1 4.152e+03 2.908e+02 2.023e+02
|    ( QUESTION2_11_L -1 2.067e+03 2.230e+02 1.080e+02
|        ( QUESTION11 -1 8.013e+02 1.199e+02 4.697e+01
|            ( - 3.219e+02 2 0 WDBNDRY_B 0 3.819e+01 2.300e+01)
|            ( - 3.595e+02 2 0 WDBNDRY_B 0 7.296e+01 2.397e+01))
|        ( QUESTION7 -1 1.043e+03 1.171e+02 6.100e+01
|            ( - 2.427e+02 2 0 QUESTION8 -1 4.624e+01 1.800e+01)
|            ( WDBNDRY_B 0 6.832e+02 9.596e+01 4.300e+01
|                ( QUESTION3 -1 5.054e+02 8.394e+01 3.400e+01
|                    ( - 2.707e+02 1 0)
|                    ( - 1.507e+02 2 0 QUESTION1 -1 3.257e+01 1.300e+01))
|                ( - 8.184e+01 1 0))))
|    ( QUESTION14 -1 1.794e+03 1.915e+02 9.428e+01
|        ( - 1.180e+03 2 0)
|        ( - 4.216e+02 1 0)))
s>    ( QUESTION0 -1 4.152e+03 2.908e+02 2.023e+02
s>        ( QUESTION2_11_L -1 2.067e+03 2.230e+02 1.080e+02
s>            ( QUESTION11 -1 8.013e+02 1.199e+02 4.697e+01
s>                ( - 3.219e+02 2 0 WDBNDRY_B 0 3.819e+01 2.300e+01)
s>                ( - 3.595e+02 2 0 WDBNDRY_B 0 7.296e+01 2.397e+01))
s>            ( QUESTION7 -1 1.043e+03 1.171e+02 6.100e+01
s>                ( - 2.427e+02 2 0 QUESTION8 -1 4.624e+01 1.800e+01)
s>                ( WDBNDRY_B 0 6.832e+02 9.596e+01 4.300e+01
s>                    ( QUESTION3 -1 5.054e+02 8.394e+01 3.400e+01
s>                        ( - 2.707e+02 1 0)
s>                        ( - 1.507e+02 2 0 QUESTION1 -1 3.257e+01 1.300e+01))
s>                    ( - 8.184e+01 1 0))))
s>        ( QUESTION14 -1 1.794e+03 1.915e+02 9.428e+01
s>            ( - 1.180e+03 2 0)
s>            ( - 4.216e+02 1 0)))INFO: dtree.c(1439): stop. leaf nodes are specific
INFO: dtree.c(1478): Final simple tree
|( SILENCE -1 5.174e+03 3.488e+02 2.632e+02
|    ( QUESTION0_1_R 1 2.901e+03 5.642e+01 1.575e+02
|        ( - 2.839e+03 1 0)
|        ( - 6.000e+00 1 0))
|    ( QUESTION16 -1 1.924e+03 1.841e+02 1.057e+02
|        ( WDBNDRY_B 0 6.256e+02 5.498e+01 3.987e+01
|            ( - 5.499e+02 2 0)
|            ( - 2.077e+01 1 0))
|        ( - 1.115e+03 1 0)))
s>    ( SILENCE -1 5.174e+03 3.488e+02 2.632e+02
s>        ( QUESTION0_1_R 1 2.901e+03 5.642e+01 1.575e+02
s>            ( - 2.839e+03 1 0)
s>            ( - 6.000e+00 1 0))
s>        ( QUESTION16 -1 1.924e+03 1.841e+02 1.057e+02
s>            ( WDBNDRY_B 0 6.256e+02 5.498e+01 3.987e+01
s>                ( - 5.499e+02 2 0)
s>                ( - 2.077e+01 1 0))
s>            ( - 1.115e+03 1 0)))INFO: dtree.c(1315): Comp split 14
INFO: dtree.c(1439): stop. leaf nodes are specific
INFO: dtree.c(1478): Final simple tree
|( QUESTION15 -1 5.124e+03 2.758e+02 2.660e+02
|    ( - 8.527e+02 1 0)
|    ( QUESTION0 -1 3.996e+03 5.379e+01 2.159e+02
|        ( - 3.576e+01 1 0)
|        ( - 3.906e+03 2 0)))
s>    ( QUESTION15 -1 5.124e+03 2.758e+02 2.660e+02
s>        ( - 8.527e+02 1 0)
s>        ( QUESTION0 -1 3.996e+03 5.379e+01 2.159e+02
s>            ( - 3.576e+01 1 0)
s>            ( - 3.906e+03 2 0)))INFO: dtree.c(1439): stop. leaf nodes are specific
INFO: dtree.c(1478): Final simple tree
|( WDBNDRY_B 0 1.645e+03 2.145e+02 9.689e+01
|    ( SILENCE -1 1.082e+03 1.218e+02 6.898e+01
|        ( - 6.614e+02 1 0)
|        ( QUESTION11 -1 2.989e+02 6.994e+01 2.300e+01
|            ( - 1.137e+02 1 0)
|            ( QUESTION1 -1 1.152e+02 3.534e+01 1.100e+01
|                ( - 4.289e+01 1 0)
|                ( - 3.701e+01 1 0))))
|    ( - 3.486e+02 1 0))
s>    ( WDBNDRY_B 0 1.645e+03 2.145e+02 9.689e+01
s>        ( SILENCE -1 1.082e+03 1.218e+02 6.898e+01
s>            ( - 6.614e+02 1 0)
s>            ( QUESTION11 -1 2.989e+02 6.994e+01 2.300e+01
s>                ( - 1.137e+02 1 0)
s>                ( QUESTION1 -1 1.152e+02 3.534e+01 1.100e+01
s>                    ( - 4.289e+01 1 0)
s>                    ( - 3.701e+01 1 0))))
s>        ( - 3.486e+02 1 0))INFO: dtree.c(1315): Comp split 15
INFO: dtree.c(1315): Comp split 16
INFO: dtree.c(1439): stop. leaf nodes are specific
INFO: dtree.c(1478): Final simple tree
|( QUESTION0 -1 4.049e+03 2.972e+02 2.013e+02
|    ( - 1.879e+03 2 0)
|    ( - 1.873e+03 2 0))
s>    ( QUESTION0 -1 4.049e+03 2.972e+02 2.013e+02
s>        ( - 1.879e+03 2 0)
s>        ( - 1.873e+03 2 0))INFO: dtree.c(1439): stop. leaf nodes are specific
INFO: dtree.c(1478): Final simple tree
|( QUESTION0 -1 2.765e+03 2.291e+02 1.400e+02
|    ( - 7.285e+02 2 0)
|    ( - 1.808e+03 4 0))
s>    ( QUESTION0 -1 2.765e+03 2.291e+02 1.400e+02
s>        ( - 7.285e+02 2 0)
s>        ( - 1.808e+03 4 0))INFO: dtree.c(1315): Comp split 17
INFO: dtree.c(1315): Comp split 18
INFO: dtree.c(1439): stop. leaf nodes are specific
INFO: dtree.c(1478): Final simple tree
|( WDBNDRY_B 0 2.339e+03 2.301e+02 1.237e+02
|    ( QUESTION11 -1 6.936e+02 1.291e+02 4.300e+01
|        ( - 2.783e+02 1 0)
|        ( - 2.861e+02 1 0))
|    ( - 1.415e+03 1 0))
s>    ( WDBNDRY_B 0 2.339e+03 2.301e+02 1.237e+02
s>        ( QUESTION11 -1 6.936e+02 1.291e+02 4.300e+01
s>            ( - 2.783e+02 1 0)
s>            ( - 2.861e+02 1 0))
s>        ( - 1.415e+03 1 0))INFO: dtree.c(1315): Comp split 19
INFO: dtree.c(1439): stop. leaf nodes are specific
INFO: dtree.c(1478): Final simple tree
|( QUESTION0 -1 3.669e+03 1.971e+02 1.896e+02
|    ( - 3.573e+02 1 0)
|    ( - 3.115e+03 1 0))
s>    ( QUESTION0 -1 3.669e+03 1.971e+02 1.896e+02
s>        ( - 3.573e+02 1 0)
s>        ( - 3.115e+03 1 0))INFO: dtree.c(1439): stop. leaf nodes are specific
INFO: dtree.c(1478): Final simple tree
|( QUESTION0 -1 4.254e+03 2.503e+02 2.071e+02
|    ( - 5.296e+02 1 0)
|    ( - 3.475e+03 1 0))
s>    ( QUESTION0 -1 4.254e+03 2.503e+02 2.071e+02
s>        ( - 5.296e+02 1 0)
s>        ( - 3.475e+03 1 0))INFO: dtree.c(1315): Comp split 20
INFO: dtree.c(1478): Final simple tree
|( QUESTION0 -1 2.120e+03 2.403e+02 1.110e+02
|    ( QUESTION2_11_L -1 1.234e+03 1.718e+02 7.000e+01
|        ( WDBNDRY_B 0 5.931e+02 9.637e+01 3.900e+01
|            ( - 2.971e+02 2 0 QUESTION11 -1 2.851e+01 2.200e+01)
|            ( - 1.996e+02 2 0))
|        ( WDBNDRY_B 0 4.690e+02 7.974e+01 3.100e+01
|            ( QUESTION11 -1 3.148e+02 4.288e+01 2.300e+01
|                ( - 2.581e+02 1 0)
|                ( - 1.377e+01 1 0))
|            ( - 7.449e+01 1 0)))
|    ( SILENCE -1 6.462e+02 1.135e+02 4.100e+01
|        ( - 3.456e+02 1 0)
|        ( QUESTION16 -1 1.871e+02 5.754e+01 1.700e+01
|            ( - 9.197e+01 1 0)
|            ( - 3.757e+01 1 0))))
s>    ( QUESTION0 -1 2.120e+03 2.403e+02 1.110e+02
s>        ( QUESTION2_11_L -1 1.234e+03 1.718e+02 7.000e+01
s>            ( WDBNDRY_B 0 5.931e+02 9.637e+01 3.900e+01
s>                ( - 2.971e+02 2 0 QUESTION11 -1 2.851e+01 2.200e+01)
s>                ( - 1.996e+02 2 0))
s>            ( WDBNDRY_B 0 4.690e+02 7.974e+01 3.100e+01
s>                ( QUESTION11 -1 3.148e+02 4.288e+01 2.300e+01
s>                    ( - 2.581e+02 1 0)
s>                    ( - 1.377e+01 1 0))
s>                ( - 7.449e+01 1 0)))
s>        ( SILENCE -1 6.462e+02 1.135e+02 4.100e+01
s>            ( - 3.456e+02 1 0)
s>            ( QUESTION16 -1 1.871e+02 5.754e+01 1.700e+01
s>                ( - 9.197e+01 1 0)
s>                ( - 3.757e+01 1 0))))INFO: dtree.c(1439): stop. leaf nodes are specific
INFO: dtree.c(1478): Final simple tree
|( QUESTION0 -1 2.209e+03 2.377e+02 1.122e+02
|    ( QUESTION2 -1 6.065e+02 1.269e+02 4.000e+01
|        ( - 2.389e+02 1 0)
|        ( QUESTION8 -1 2.407e+02 3.549e+01 2.000e+01
|            ( - 7.123e+00 1 0)
|            ( - 1.981e+02 1 0)))
|    ( - 1.365e+03 2 0))
s>    ( QUESTION0 -1 2.209e+03 2.377e+02 1.122e+02
s>        ( QUESTION2 -1 6.065e+02 1.269e+02 4.000e+01
s>            ( - 2.389e+02 1 0)
s>            ( QUESTION8 -1 2.407e+02 3.549e+01 2.000e+01
s>                ( - 7.123e+00 1 0)
s>                ( - 1.981e+02 1 0)))
s>        ( - 1.365e+03 2 0))INFO: dtree.c(1315): Comp split 21
INFO: dtree.c(1439): stop. leaf nodes are specific
INFO: dtree.c(1478): Final simple tree
|( QUESTION12 -1 2.123e+03 2.218e+02 1.104e+02
|    ( QUESTION2_7_L -1 1.065e+03 1.346e+02 6.000e+01
|        ( - 3.218e+02 1 0)
|        ( QUESTION2_11_L -1 6.089e+02 4.619e+01 3.700e+01
|            ( - 5.414e+02 2 0)
|            ( - 2.134e+01 1 0)))
|    ( QUESTION1 -1 8.360e+02 1.326e+02 5.043e+01
|        ( - 3.283e+02 2 0)
|        ( - 3.752e+02 2 0)))
s>    ( QUESTION12 -1 2.123e+03 2.218e+02 1.104e+02
s>        ( QUESTION2_7_L -1 1.065e+03 1.346e+02 6.000e+01
s>            ( - 3.218e+02 1 0)
s>            ( QUESTION2_11_L -1 6.089e+02 4.619e+01 3.700e+01
s>                ( - 5.414e+02 2 0)
s>                ( - 2.134e+01 1 0)))
s>        ( QUESTION1 -1 8.360e+02 1.326e+02 5.043e+01
s>            ( - 3.283e+02 2 0)
s>            ( - 3.752e+02 2 0)))INFO: dtree.c(1315): Comp split 22
INFO: dtree.c(1439): stop. leaf nodes are specific
INFO: dtree.c(1478): Final simple tree
|( QUESTION0 -1 4.840e+03 2.512e+02 2.411e+02
|    ( - 1.106e+03 1 0)
|    ( - 3.483e+03 2 0))
s>    ( QUESTION0 -1 4.840e+03 2.512e+02 2.411e+02
s>        ( - 1.106e+03 1 0)
s>        ( - 3.483e+03 2 0))INFO: dtree.c(1315): Comp split 23
INFO: dtree.c(1439): stop. leaf nodes are specific
INFO: dtree.c(1478): Final simple tree
|( QUESTION17 -1 1.985e+03 1.941e+02 1.077e+02
|    ( - 1.115e+03 1 0)
|    ( QUESTION0_1_R 1 6.758e+02 7.761e+01 4.187e+01
|        ( - 5.499e+02 2 0)
|        ( WDBNDRY_B 0 4.837e+01 2.160e+01 6.036e+00
|            ( - 6.000e+00 1 0)
|            ( - 2.077e+01 1 0))))
s>    ( QUESTION17 -1 1.985e+03 1.941e+02 1.077e+02
s>        ( - 1.115e+03 1 0)
s>        ( QUESTION0_1_R 1 6.758e+02 7.761e+01 4.187e+01
s>            ( - 5.499e+02 2 0)
s>            ( WDBNDRY_B 0 4.837e+01 2.160e+01 6.036e+00
s>                ( - 6.000e+00 1 0)
s>                ( - 2.077e+01 1 0))))INFO: dtree.c(1315): Comp split 24
INFO: dtree.c(1439): stop. leaf nodes are specific
INFO: dtree.c(1478): Final simple tree
|( WDBNDRY_B 0 1.381e+03 1.891e+02 7.183e+01
|    ( - 9.619e+02 2 0)
|    ( - 2.302e+02 1 0))
s>    ( WDBNDRY_B 0 1.381e+03 1.891e+02 7.183e+01
s>        ( - 9.619e+02 2 0)
s>        ( - 2.302e+02 1 0))INFO: dtree.c(1439): stop. leaf nodes are specific
INFO: dtree.c(1478): Final simple tree
|( QUESTION2_0_L -1 3.101e+03 2.134e+02 1.674e+02
|    ( - 7.834e+02 1 0)
|    ( - 2.104e+03 2 0))
s>    ( QUESTION2_0_L -1 3.101e+03 2.134e+02 1.674e+02
s>        ( - 7.834e+02 1 0)
s>        ( - 2.104e+03 2 0))INFO: dtree.c(1315): Comp split 25
INFO: dtree.c(1439): stop. leaf nodes are specific
INFO: dtree.c(1478): Final simple tree
|( QUESTION14 -1 1.987e+03 2.187e+02 1.033e+02
|    ( - 1.180e+03 2 0)
|    ( WDBNDRY_B 0 5.880e+02 8.454e+01 3.700e+01
|        ( - 4.216e+02 1 0)
|        ( - 8.184e+01 1 0)))
s>    ( QUESTION14 -1 1.987e+03 2.187e+02 1.033e+02
s>        ( - 1.180e+03 2 0)
s>        ( WDBNDRY_B 0 5.880e+02 8.454e+01 3.700e+01
s>            ( - 4.216e+02 1 0)
s>            ( - 8.184e+01 1 0)))INFO: dtree.c(1478): Final simple tree
|( QUESTION2_11_L -1 1.862e+03 2.043e+02 9.897e+01
|    ( QUESTION11 -1 8.013e+02 1.199e+02 4.697e+01
|        ( WDBNDRY_B 0 3.219e+02 3.819e+01 2.300e+01
|            ( - 2.768e+02 1 0)
|            ( - 6.916e+00 1 0))
|        ( WDBNDRY_B 0 3.595e+02 7.296e+01 2.397e+01
|            ( - 2.017e+02 1 0)
|            ( - 8.482e+01 1 0)))
|    ( QUESTION7 -1 8.562e+02 1.082e+02 5.200e+01
|        ( QUESTION8 -1 2.427e+02 4.624e+01 1.800e+01
|            ( - 1.591e+02 1 0)
|            ( - 3.734e+01 1 0))
|        ( QUESTION3 -1 5.054e+02 8.394e+01 3.400e+01
|            ( - 2.707e+02 1 0)
|            ( - 1.507e+02 2 0 QUESTION1 -1 3.257e+01 1.300e+01))))
s>    ( QUESTION2_11_L -1 1.862e+03 2.043e+02 9.897e+01
s>        ( QUESTION11 -1 8.013e+02 1.199e+02 4.697e+01
s>            ( WDBNDRY_B 0 3.219e+02 3.819e+01 2.300e+01
s>                ( - 2.768e+02 1 0)
s>                ( - 6.916e+00 1 0))
s>            ( WDBNDRY_B 0 3.595e+02 7.296e+01 2.397e+01
s>                ( - 2.017e+02 1 0)
s>                ( - 8.482e+01 1 0)))
s>        ( QUESTION7 -1 8.562e+02 1.082e+02 5.200e+01
s>            ( QUESTION8 -1 2.427e+02 4.624e+01 1.800e+01
s>                ( - 1.591e+02 1 0)
s>                ( - 3.734e+01 1 0))
s>            ( QUESTION3 -1 5.054e+02 8.394e+01 3.400e+01
s>                ( - 2.707e+02 1 0)
s>                ( - 1.507e+02 2 0 QUESTION1 -1 3.257e+01 1.300e+01))))INFO: dtree.c(1315): Comp split 26
INFO: dtree.c(1315): Comp split 27
INFO: dtree.c(1439): stop. leaf nodes are specific
INFO: dtree.c(1478): Final simple tree
|( QUESTION0 -1 3.996e+03 5.379e+01 2.159e+02
|    ( - 3.576e+01 1 0)
|    ( - 3.906e+03 2 0))
s>    ( QUESTION0 -1 3.996e+03 5.379e+01 2.159e+02
s>        ( - 3.576e+01 1 0)
s>        ( - 3.906e+03 2 0))INFO: dtree.c(1315): Comp split 28
INFO: dtree.c(1439): stop. leaf nodes are specific
INFO: dtree.c(1478): Final simple tree
|( QUESTION11 -1 9.072e+02 1.518e+02 5.300e+01
|    ( - 2.581e+02 1 0)
|    ( SILENCE -1 4.973e+02 7.335e+01 3.300e+01
|        ( - 3.456e+02 1 0)
|        ( QUESTION0 -1 7.839e+01 2.705e+01 9.000e+00
|            ( - 1.377e+01 1 0)
|            ( - 3.757e+01 1 0))))
s>    ( QUESTION11 -1 9.072e+02 1.518e+02 5.300e+01
s>        ( - 2.581e+02 1 0)
s>        ( SILENCE -1 4.973e+02 7.335e+01 3.300e+01
s>            ( - 3.456e+02 1 0)
s>            ( QUESTION0 -1 7.839e+01 2.705e+01 9.000e+00
s>                ( - 1.377e+01 1 0)
s>                ( - 3.757e+01 1 0))))INFO: dtree.c(1439): stop. leaf nodes are specific
INFO: dtree.c(1478): Final simple tree
|( WDBNDRY_B 0 9.452e+02 1.438e+02 5.800e+01
|    ( QUESTION0 -1 4.668e+02 7.776e+01 3.300e+01
|        ( QUESTION11 -1 2.971e+02 2.851e+01 2.200e+01
|            ( - 2.545e+02 1 0)
|            ( - 1.410e+01 1 0))
|        ( - 9.197e+01 1 0))
|    ( QUESTION0_15_R 1 3.346e+02 6.048e+01 2.500e+01
|        ( - 7.449e+01 1 0)
|        ( - 1.996e+02 2 0)))
s>    ( WDBNDRY_B 0 9.452e+02 1.438e+02 5.800e+01
s>        ( QUESTION0 -1 4.668e+02 7.776e+01 3.300e+01
s>            ( QUESTION11 -1 2.971e+02 2.851e+01 2.200e+01
s>                ( - 2.545e+02 1 0)
s>                ( - 1.410e+01 1 0))
s>            ( - 9.197e+01 1 0))
s>        ( QUESTION0_15_R 1 3.346e+02 6.048e+01 2.500e+01
s>            ( - 7.449e+01 1 0)
s>            ( - 1.996e+02 2 0)))INFO: dtree.c(1315): Comp split 29
INFO: dtree.c(1315): Comp split 30
INFO: dtree.c(1315): Comp split 31
INFO: dtree.c(1439): stop. leaf nodes are specific
INFO: dtree.c(1478): Final simple tree
|( QUESTION0 -1 1.411e+03 3.908e+01 7.421e+01
|    ( - 7.123e+00 1 0)
|    ( - 1.365e+03 2 0))
s>    ( QUESTION0 -1 1.411e+03 3.908e+01 7.421e+01
s>        ( - 7.123e+00 1 0)
s>        ( - 1.365e+03 2 0))INFO: dtree.c(1439): stop. leaf nodes are specific
INFO: dtree.c(1478): Final simple tree
|( QUESTION2 -1 5.596e+02 1.226e+02 3.800e+01
|    ( - 2.389e+02 1 0)
|    ( - 1.981e+02 1 0))
s>    ( QUESTION2 -1 5.596e+02 1.226e+02 3.800e+01
s>        ( - 2.389e+02 1 0)
s>        ( - 1.981e+02 1 0))INFO: dtree.c(1315): Comp split 32
INFO: dtree.c(1439): stop. leaf nodes are specific
INFO: dtree.c(1478): Final simple tree
|( QUESTION11 -1 6.936e+02 1.291e+02 4.300e+01
|    ( - 2.783e+02 1 0)
|    ( - 2.861e+02 1 0))
s>    ( QUESTION11 -1 6.936e+02 1.291e+02 4.300e+01
s>        ( - 2.783e+02 1 0)
s>        ( - 2.861e+02 1 0))INFO: dtree.c(1315): Comp split 33
INFO: dtree.c(1315): Comp split 34
INFO: dtree.c(1439): stop. leaf nodes are specific
INFO: dtree.c(1478): Final simple tree
|( QUESTION2_7_L -1 1.065e+03 1.346e+02 6.000e+01
|    ( - 3.218e+02 1 0)
|    ( QUESTION2_11_L -1 6.089e+02 4.619e+01 3.700e+01
|        ( - 5.414e+02 2 0)
|        ( - 2.134e+01 1 0)))
s>    ( QUESTION2_7_L -1 1.065e+03 1.346e+02 6.000e+01
s>        ( - 3.218e+02 1 0)
s>        ( QUESTION2_11_L -1 6.089e+02 4.619e+01 3.700e+01
s>            ( - 5.414e+02 2 0)
s>            ( - 2.134e+01 1 0)))INFO: dtree.c(1439): stop. leaf nodes are specific
INFO: dtree.c(1478): Final simple tree
|( QUESTION1 -1 8.360e+02 1.326e+02 5.043e+01
|    ( - 3.283e+02 2 0)
|    ( - 3.752e+02 2 0))
s>    ( QUESTION1 -1 8.360e+02 1.326e+02 5.043e+01
s>        ( - 3.283e+02 2 0)
s>        ( - 3.752e+02 2 0))INFO: dtree.c(1315): Comp split 35
INFO: dtree.c(1439): stop. leaf nodes are specific
INFO: dtree.c(1478): Final simple tree
|( SILENCE -1 8.614e+02 8.471e+01 5.698e+01
|    ( - 6.614e+02 1 0)
|    ( QUESTION1 -1 1.152e+02 3.534e+01 1.100e+01
|        ( - 4.289e+01 1 0)
|        ( - 3.701e+01 1 0)))
s>    ( SILENCE -1 8.614e+02 8.471e+01 5.698e+01
s>        ( - 6.614e+02 1 0)
s>        ( QUESTION1 -1 1.152e+02 3.534e+01 1.100e+01
s>            ( - 4.289e+01 1 0)
s>            ( - 3.701e+01 1 0)))INFO: dtree.c(1439): stop. leaf nodes are specific
INFO: dtree.c(1478): Final simple tree
|( WDBNDRY_B 0 5.650e+02 1.027e+02 3.990e+01
|    ( - 1.137e+02 1 0)
|    ( - 3.486e+02 1 0))
s>    ( WDBNDRY_B 0 5.650e+02 1.027e+02 3.990e+01
s>        ( - 1.137e+02 1 0)
s>        ( - 3.486e+02 1 0))INFO: dtree.c(1315): Comp split 36
INFO: dtree.c(1439): stop. leaf nodes are specific
INFO: dtree.c(1478): Final simple tree
|( WDBNDRY_B 0 5.880e+02 8.454e+01 3.700e+01
|    ( - 4.216e+02 1 0)
|    ( - 8.184e+01 1 0))
s>    ( WDBNDRY_B 0 5.880e+02 8.454e+01 3.700e+01
s>        ( - 4.216e+02 1 0)
s>        ( - 8.184e+01 1 0))INFO: dtree.c(1315): Comp split 37
INFO: dtree.c(1315): Comp split 38
INFO: dtree.c(1439): stop. leaf nodes are specific
INFO: dtree.c(1478): Final simple tree
|( QUESTION7 -1 8.562e+02 1.082e+02 5.200e+01
|    ( QUESTION8 -1 2.427e+02 4.624e+01 1.800e+01
|        ( - 1.591e+02 1 0)
|        ( - 3.734e+01 1 0))
|    ( QUESTION3 -1 5.054e+02 8.394e+01 3.400e+01
|        ( - 2.707e+02 1 0)
|        ( QUESTION1 -1 1.507e+02 3.257e+01 1.300e+01
|            ( - 4.620e+00 1 0)
|            ( - 1.135e+02 1 0))))
s>    ( QUESTION7 -1 8.562e+02 1.082e+02 5.200e+01
s>        ( QUESTION8 -1 2.427e+02 4.624e+01 1.800e+01
s>            ( - 1.591e+02 1 0)
s>            ( - 3.734e+01 1 0))
s>        ( QUESTION3 -1 5.054e+02 8.394e+01 3.400e+01
s>            ( - 2.707e+02 1 0)
s>            ( QUESTION1 -1 1.507e+02 3.257e+01 1.300e+01
s>                ( - 4.620e+00 1 0)
s>                ( - 1.135e+02 1 0))))INFO: dtree.c(1439): stop. leaf nodes are specific
INFO: dtree.c(1478): Final simple tree
|( QUESTION11 -1 8.013e+02 1.199e+02 4.697e+01
|    ( WDBNDRY_B 0 3.219e+02 3.819e+01 2.300e+01
|        ( - 2.768e+02 1 0)
|        ( - 6.916e+00 1 0))
|    ( WDBNDRY_B 0 3.595e+02 7.296e+01 2.397e+01
|        ( - 2.017e+02 1 0)
|        ( - 8.482e+01 1 0)))
s>    ( QUESTION11 -1 8.013e+02 1.199e+02 4.697e+01
s>        ( WDBNDRY_B 0 3.219e+02 3.819e+01 2.300e+01
s>            ( - 2.768e+02 1 0)
s>            ( - 6.916e+00 1 0))
s>        ( WDBNDRY_B 0 3.595e+02 7.296e+01 2.397e+01
s>            ( - 2.017e+02 1 0)
s>            ( - 8.482e+01 1 0)))INFO: dtree.c(1315): Comp split 39
INFO: dtree.c(1315): Comp split 40
INFO: dtree.c(1439): stop. leaf nodes are specific
INFO: dtree.c(1478): Final simple tree
|( QUESTION0_1_R 1 6.758e+02 7.761e+01 4.187e+01
|    ( - 5.499e+02 2 0)
|    ( WDBNDRY_B 0 4.837e+01 2.160e+01 6.036e+00
|        ( - 6.000e+00 1 0)
|        ( - 2.077e+01 1 0)))
s>    ( QUESTION0_1_R 1 6.758e+02 7.761e+01 4.187e+01
s>        ( - 5.499e+02 2 0)
s>        ( WDBNDRY_B 0 4.837e+01 2.160e+01 6.036e+00
s>            ( - 6.000e+00 1 0)
s>            ( - 2.077e+01 1 0)))INFO: dtree.c(1315): Comp split 41
INFO: dtree.c(1315): Comp split 42
INFO: dtree.c(1315): Comp split 43
INFO: dtree.c(1439): stop. leaf nodes are specific
INFO: dtree.c(1478): Final simple tree
|( SILENCE -1 4.973e+02 7.335e+01 3.300e+01
|    ( - 3.456e+02 1 0)
|    ( QUESTION0 -1 7.839e+01 2.705e+01 9.000e+00
|        ( - 1.377e+01 1 0)
|        ( - 3.757e+01 1 0)))
s>    ( SILENCE -1 4.973e+02 7.335e+01 3.300e+01
s>        ( - 3.456e+02 1 0)
s>        ( QUESTION0 -1 7.839e+01 2.705e+01 9.000e+00
s>            ( - 1.377e+01 1 0)
s>            ( - 3.757e+01 1 0)))INFO: dtree.c(1315): Comp split 44
INFO: dtree.c(1439): stop. leaf nodes are specific
INFO: dtree.c(1478): Final simple tree
|( QUESTION0 -1 4.668e+02 7.776e+01 3.300e+01
|    ( QUESTION11 -1 2.971e+02 2.851e+01 2.200e+01
|        ( - 2.545e+02 1 0)
|        ( - 1.410e+01 1 0))
|    ( - 9.197e+01 1 0))
s>    ( QUESTION0 -1 4.668e+02 7.776e+01 3.300e+01
s>        ( QUESTION11 -1 2.971e+02 2.851e+01 2.200e+01
s>            ( - 2.545e+02 1 0)
s>            ( - 1.410e+01 1 0))
s>        ( - 9.197e+01 1 0))INFO: dtree.c(1439): stop. leaf nodes are specific
INFO: dtree.c(1478): Final simple tree
|( QUESTION0_15_R 1 3.346e+02 6.048e+01 2.500e+01
|    ( - 7.449e+01 1 0)
|    ( - 1.996e+02 2 0))
s>    ( QUESTION0_15_R 1 3.346e+02 6.048e+01 2.500e+01
s>        ( - 7.449e+01 1 0)
s>        ( - 1.996e+02 2 0))INFO: dtree.c(1315): Comp split 45
INFO: dtree.c(1439): stop. leaf nodes are specific
INFO: dtree.c(1478): Final simple tree
|( QUESTION2_11_L -1 6.089e+02 4.619e+01 3.700e+01
|    ( - 5.414e+02 2 0)
|    ( - 2.134e+01 1 0))
s>    ( QUESTION2_11_L -1 6.089e+02 4.619e+01 3.700e+01
s>        ( - 5.414e+02 2 0)
s>        ( - 2.134e+01 1 0))INFO: dtree.c(1315): Comp split 46
INFO: dtree.c(1315): Comp split 47
INFO: dtree.c(1315): Comp split 48
INFO: dtree.c(1439): stop. leaf nodes are specific
INFO: dtree.c(1478): Final simple tree
|( WDBNDRY_B 0 4.007e+02 8.157e+01 2.597e+01
|    ( - 2.017e+02 1 0)
|    ( QUESTION11 -1 1.174e+02 2.567e+01 9.965e+00
|        ( - 6.916e+00 1 0)
|        ( - 8.482e+01 1 0)))
s>    ( WDBNDRY_B 0 4.007e+02 8.157e+01 2.597e+01
s>        ( - 2.017e+02 1 0)
s>        ( QUESTION11 -1 1.174e+02 2.567e+01 9.965e+00
s>            ( - 6.916e+00 1 0)
s>            ( - 8.482e+01 1 0)))INFO: dtree.c(1315): Comp split 49
INFO: dtree.c(1315): Comp split 50
INFO: dtree.c(1439): stop. leaf nodes are specific
INFO: dtree.c(1478): Final simple tree
|( QUESTION2 -1 1.935e+02 2.974e+01 1.500e+01
|    ( - 4.620e+00 1 0)
|    ( - 1.591e+02 1 0))
s>    ( QUESTION2 -1 1.935e+02 2.974e+01 1.500e+01
s>        ( - 4.620e+00 1 0)
s>        ( - 1.591e+02 1 0))INFO: dtree.c(1439): stop. leaf nodes are specific
INFO: dtree.c(1478): Final simple tree
|( QUESTION2 -1 5.463e+02 8.215e+01 3.700e+01
|    ( - 2.707e+02 1 0)
|    ( QUESTION1 -1 1.934e+02 4.258e+01 1.600e+01
|        ( - 3.734e+01 1 0)
|        ( - 1.135e+02 1 0)))
s>    ( QUESTION2 -1 5.463e+02 8.215e+01 3.700e+01
s>        ( - 2.707e+02 1 0)
s>        ( QUESTION1 -1 1.934e+02 4.258e+01 1.600e+01
s>            ( - 3.734e+01 1 0)
s>            ( - 1.135e+02 1 0)))INFO: dtree.c(1315): Comp split 51
INFO: dtree.c(1315): Comp split 52
INFO: dtree.c(1439): stop. leaf nodes are specific
INFO: dtree.c(1478): Final simple tree
|( QUESTION1 -1 1.152e+02 3.534e+01 1.100e+01
|    ( - 4.289e+01 1 0)
|    ( - 3.701e+01 1 0))
s>    ( QUESTION1 -1 1.152e+02 3.534e+01 1.100e+01
s>        ( - 4.289e+01 1 0)
s>        ( - 3.701e+01 1 0))INFO: dtree.c(1315): Comp split 53
INFO: dtree.c(1315): Comp split 54
INFO: dtree.c(1439): stop. leaf nodes are specific
INFO: dtree.c(1478): Final simple tree
|( QUESTION1 -1 1.934e+02 4.258e+01 1.600e+01
|    ( - 3.734e+01 1 0)
|    ( - 1.135e+02 1 0))
s>    ( QUESTION1 -1 1.934e+02 4.258e+01 1.600e+01
s>        ( - 3.734e+01 1 0)
s>        ( - 1.135e+02 1 0))INFO: dtree.c(1315): Comp split 55
INFO: dtree.c(1439): stop. leaf nodes are specific
INFO: dtree.c(1478): Final simple tree
|( QUESTION11 -1 1.174e+02 2.567e+01 9.965e+00
|    ( - 6.916e+00 1 0)
|    ( - 8.482e+01 1 0))
s>    ( QUESTION11 -1 1.174e+02 2.567e+01 9.965e+00
s>        ( - 6.916e+00 1 0)
s>        ( - 8.482e+01 1 0))INFO: dtree.c(1315): Comp split 56
INFO: dtree.c(1439): stop. leaf nodes are specific
INFO: dtree.c(1478): Final simple tree
|( QUESTION11 -1 2.971e+02 2.851e+01 2.200e+01
|    ( - 2.545e+02 1 0)
|    ( - 1.410e+01 1 0))
s>    ( QUESTION11 -1 2.971e+02 2.851e+01 2.200e+01
s>        ( - 2.545e+02 1 0)
s>        ( - 1.410e+01 1 0))INFO: dtree.c(1315): Comp split 57
INFO: dtree.c(1439): stop. leaf nodes are specific
INFO: dtree.c(1478): Final simple tree
|( WDBNDRY_B 0 4.837e+01 2.160e+01 6.036e+00
|    ( - 6.000e+00 1 0)
|    ( - 2.077e+01 1 0))
s>    ( WDBNDRY_B 0 4.837e+01 2.160e+01 6.036e+00
s>        ( - 6.000e+00 1 0)
s>        ( - 2.077e+01 1 0))INFO: dtree.c(1315): Comp split 58
INFO: dtree.c(1439): stop. leaf nodes are specific
INFO: dtree.c(1478): Final simple tree
|( QUESTION0 -1 7.839e+01 2.705e+01 9.000e+00
|    ( - 1.377e+01 1 0)
|    ( - 3.757e+01 1 0))
s>    ( QUESTION0 -1 7.839e+01 2.705e+01 9.000e+00
s>        ( - 1.377e+01 1 0)
s>        ( - 3.757e+01 1 0))INFO: dtree.c(1315): Comp split 59
INFO: dtree.c(1315): Comp split 60
INFO: dtree.c(1315): Comp split 61
INFO: dtree.c(1315): Comp split 62
INFO: dtree.c(1315): Comp split 63
INFO: dtree.c(1315): Comp split 64
INFO: dtree.c(1315): Comp split 65
INFO: dtree.c(1315): Comp split 66
INFO: dtree.c(1315): Comp split 67
INFO: dtree.c(1315): Comp split 68
INFO: dtree.c(1315): Comp split 69
INFO: dtree.c(1315): Comp split 70
INFO: dtree.c(1318): stop. leaf nodes are specific
Fri Nov  2 10:06:30 2018
