Current configuration:
[NAME]		[DEFLT]	[VALUE]
-allphones	no	no
-cntthresh	0.00001	1.000000e-05
-csplitmax	100	2000
-csplitmin	1	1
-csplitthr	8e-4	0.000000e+00
-example	no	no
-fullvar	no	no
-help		no	no
-meanfn			
-mixwfn			/home/sdv/Documents/SDV/SDVoice/an4/model_parameters/an4.cd_semi_untied/mixture_weights
-moddeffn		/home/sdv/Documents/SDV/SDVoice/an4/model_architecture/an4.untied.mdef
-mwfloor	1e-4	1.000000e-08
-phone			M
-psetfn			/home/sdv/Documents/SDV/SDVoice/an4/model_architecture/an4.tree_questions
-ssplitmax	5	7
-ssplitmin	1	1
-ssplitthr	8e-4	0.000000e+00
-state			2
-stwt			1.0,0.05,0.0,
-treefn			/home/sdv/Documents/SDV/SDVoice/an4/trees/an4.unpruned/M-2.dtree
-ts2cbfn	.semi.	.semi.
-varfloor	0.00001	1.000000e-05
-varfn			

INFO: main.c(223): Reading: /home/sdv/Documents/SDV/SDVoice/an4/model_architecture/an4.untied.mdef
INFO: model_def_io.c(573): Model definition info:
INFO: model_def_io.c(574): 1618 total models defined (34 base, 1584 tri)
INFO: model_def_io.c(575): 6472 total states
INFO: model_def_io.c(576): 4854 total tied states
INFO: model_def_io.c(577): 102 total tied CI states
INFO: model_def_io.c(578): 34 total tied transition matrices
INFO: model_def_io.c(579): 4 max state/model
INFO: model_def_io.c(580): 4 min state/model
INFO: main.c(242): Building trees for [M EH AH e] through [M SIL EY b]
INFO: main.c(269): Covering states |[2904 2972]| == 69
INFO: main.c(275): Reading: /home/sdv/Documents/SDV/SDVoice/an4/model_parameters/an4.cd_semi_untied/mixture_weights
INFO: s3mixw_io.c(173): Read /home/sdv/Documents/SDV/SDVoice/an4/model_parameters/an4.cd_semi_untied/mixture_weights [69x4x256 array]
INFO: main.c(311): 23 of 23 models have observation count greater than 0.000010
INFO: main.c(95): nrm stwt: 0.000 0.048 0.952 
INFO: main.c(411): 23-class entropy: 1.304147e+04
INFO: main.c(549): Reading: /home/sdv/Documents/SDV/SDVoice/an4/model_architecture/an4.tree_questions
INFO: main.c(588): 176 total simple questions (168 phone; 8 word bndry)
INFO: main.c(590): 42 Left Only questions, and 42 Right Only questions
INFO: dtree.c(1478): Final simple tree
|( QUESTION13 1 1.919e+04 1.058e+03 7.033e+02
|    ( QUESTION0_0_R 1 1.196e+04 7.462e+02 4.506e+02
|        ( QUESTION14 1 6.390e+03 5.863e+02 2.520e+02
|            ( - 2.369e+03 2 0)
|            ( QUESTION0_5_R 1 3.435e+03 3.365e+02 1.470e+02
|                ( - 2.276e+03 2 0 WDBNDRY_B 0 1.067e+02 1.030e+02)
|                ( - 8.230e+02 2 0 QUESTION0_1_R 1 1.634e+02 4.400e+01)))
|        ( QUESTION19 1 4.822e+03 4.047e+02 1.986e+02
|            ( - 2.887e+03 1 0)
|            ( - 1.530e+03 4 0 QUESTION0_12_R 1 2.054e+02 7.162e+01)))
|    ( QUESTION0_10_R 1 6.176e+03 5.716e+02 2.527e+02
|        ( QUESTION0_19_R 1 2.748e+03 3.601e+02 1.208e+02
|            ( - 1.387e+03 2 0)
|            ( - 1.000e+03 5 0 QUESTION0_15_R 1 1.657e+02 5.176e+01))
|        ( - 2.856e+03 5 0 QUESTION11 1 3.011e+02 1.320e+02)))
s>    ( QUESTION13 1 1.919e+04 1.058e+03 7.033e+02
s>        ( QUESTION0_0_R 1 1.196e+04 7.462e+02 4.506e+02
s>            ( QUESTION14 1 6.390e+03 5.863e+02 2.520e+02
s>                ( - 2.369e+03 2 0)
s>                ( QUESTION0_5_R 1 3.435e+03 3.365e+02 1.470e+02
s>                    ( - 2.276e+03 2 0 WDBNDRY_B 0 1.067e+02 1.030e+02)
s>                    ( - 8.230e+02 2 0 QUESTION0_1_R 1 1.634e+02 4.400e+01)))
s>            ( QUESTION19 1 4.822e+03 4.047e+02 1.986e+02
s>                ( - 2.887e+03 1 0)
s>                ( - 1.530e+03 4 0 QUESTION0_12_R 1 2.054e+02 7.162e+01)))
s>        ( QUESTION0_10_R 1 6.176e+03 5.716e+02 2.527e+02
s>            ( QUESTION0_19_R 1 2.748e+03 3.601e+02 1.208e+02
s>                ( - 1.387e+03 2 0)
s>                ( - 1.000e+03 5 0 QUESTION0_15_R 1 1.657e+02 5.176e+01))
s>            ( - 2.856e+03 5 0 QUESTION11 1 3.011e+02 1.320e+02)))INFO: dtree.c(1315): Comp split 0
INFO: dtree.c(1478): Final simple tree
|( QUESTION0_0_R 1 1.196e+04 7.462e+02 4.506e+02
|    ( QUESTION14 1 6.390e+03 5.863e+02 2.520e+02
|        ( - 2.369e+03 2 0)
|        ( QUESTION0_5_R 1 3.435e+03 3.365e+02 1.470e+02
|            ( WDBNDRY_B 0 2.276e+03 1.067e+02 1.030e+02
|                ( - 4.499e+01 1 0)
|                ( - 2.124e+03 1 0))
|            ( QUESTION0_1_R 1 8.230e+02 1.634e+02 4.400e+01
|                ( - 3.799e+02 1 0)
|                ( - 2.796e+02 1 0))))
|    ( QUESTION19 1 4.822e+03 4.047e+02 1.986e+02
|        ( - 2.887e+03 1 0)
|        ( QUESTION0_12_R 1 1.530e+03 2.054e+02 7.162e+01
|            ( - 4.024e+02 3 0 WDBNDRY_B 0 7.099e+01 2.452e+01)
|            ( - 9.222e+02 1 0))))
s>    ( QUESTION0_0_R 1 1.196e+04 7.462e+02 4.506e+02
s>        ( QUESTION14 1 6.390e+03 5.863e+02 2.520e+02
s>            ( - 2.369e+03 2 0)
s>            ( QUESTION0_5_R 1 3.435e+03 3.365e+02 1.470e+02
s>                ( WDBNDRY_B 0 2.276e+03 1.067e+02 1.030e+02
s>                    ( - 4.499e+01 1 0)
s>                    ( - 2.124e+03 1 0))
s>                ( QUESTION0_1_R 1 8.230e+02 1.634e+02 4.400e+01
s>                    ( - 3.799e+02 1 0)
s>                    ( - 2.796e+02 1 0))))
s>        ( QUESTION19 1 4.822e+03 4.047e+02 1.986e+02
s>            ( - 2.887e+03 1 0)
s>            ( QUESTION0_12_R 1 1.530e+03 2.054e+02 7.162e+01
s>                ( - 4.024e+02 3 0 WDBNDRY_B 0 7.099e+01 2.452e+01)
s>                ( - 9.222e+02 1 0))))INFO: dtree.c(1478): Final simple tree
|( QUESTION0_10_R 1 6.176e+03 5.716e+02 2.527e+02
|    ( QUESTION0_19_R 1 2.748e+03 3.601e+02 1.208e+02
|        ( - 1.387e+03 2 0)
|        ( QUESTION0_15_R 1 1.000e+03 1.657e+02 5.176e+01
|            ( WDBNDRY_E 0 4.133e+02 9.211e+01 2.676e+01
|                ( - 2.337e+02 2 0)
|                ( - 8.752e+01 1 0))
|            ( QUESTION0_18_R 1 4.210e+02 9.524e+01 2.500e+01
|                ( - 1.127e+02 1 0)
|                ( - 2.131e+02 1 0))))
|    ( QUESTION11 1 2.856e+03 3.011e+02 1.320e+02
|        ( - 1.731e+03 2 0)
|        ( SILENCE 1 8.244e+02 1.415e+02 4.396e+01
|            ( - 4.648e+02 1 0)
|            ( - 2.181e+02 2 0 QUESTION0_0_R 1 5.219e+01 1.500e+01))))
s>    ( QUESTION0_10_R 1 6.176e+03 5.716e+02 2.527e+02
s>        ( QUESTION0_19_R 1 2.748e+03 3.601e+02 1.208e+02
s>            ( - 1.387e+03 2 0)
s>            ( QUESTION0_15_R 1 1.000e+03 1.657e+02 5.176e+01
s>                ( WDBNDRY_E 0 4.133e+02 9.211e+01 2.676e+01
s>                    ( - 2.337e+02 2 0)
s>                    ( - 8.752e+01 1 0))
s>                ( QUESTION0_18_R 1 4.210e+02 9.524e+01 2.500e+01
s>                    ( - 1.127e+02 1 0)
s>                    ( - 2.131e+02 1 0))))
s>        ( QUESTION11 1 2.856e+03 3.011e+02 1.320e+02
s>            ( - 1.731e+03 2 0)
s>            ( SILENCE 1 8.244e+02 1.415e+02 4.396e+01
s>                ( - 4.648e+02 1 0)
s>                ( - 2.181e+02 2 0 QUESTION0_0_R 1 5.219e+01 1.500e+01))))INFO: dtree.c(1315): Comp split 1
INFO: dtree.c(1439): stop. leaf nodes are specific
INFO: dtree.c(1478): Final simple tree
|( QUESTION19 1 5.501e+03 4.508e+02 2.236e+02
|    ( - 2.887e+03 1 0)
|    ( QUESTION0_13_R 1 2.163e+03 2.989e+02 9.662e+01
|        ( - 9.222e+02 1 0)
|        ( QUESTION0_0_R 1 9.421e+02 1.598e+02 4.952e+01
|            ( - 3.799e+02 1 0)
|            ( WDBNDRY_B 0 4.024e+02 7.099e+01 2.452e+01
|                ( SILENCE -1 3.629e+01 1.718e+01 5.000e+00
|                    ( - 1.502e+01 1 0)
|                    ( - 4.095e+00 1 0))
|                ( - 2.951e+02 1 0)))))
s>    ( QUESTION19 1 5.501e+03 4.508e+02 2.236e+02
s>        ( - 2.887e+03 1 0)
s>        ( QUESTION0_13_R 1 2.163e+03 2.989e+02 9.662e+01
s>            ( - 9.222e+02 1 0)
s>            ( QUESTION0_0_R 1 9.421e+02 1.598e+02 4.952e+01
s>                ( - 3.799e+02 1 0)
s>                ( WDBNDRY_B 0 4.024e+02 7.099e+01 2.452e+01
s>                    ( SILENCE -1 3.629e+01 1.718e+01 5.000e+00
s>                        ( - 1.502e+01 1 0)
s>                        ( - 4.095e+00 1 0))
s>                    ( - 2.951e+02 1 0)))))INFO: dtree.c(1439): stop. leaf nodes are specific
INFO: dtree.c(1478): Final simple tree
|( QUESTION14 1 5.697e+03 5.545e+02 2.270e+02
|    ( - 2.369e+03 2 0)
|    ( QUESTION0_1_R 1 2.774e+03 2.184e+02 1.220e+02
|        ( WDBNDRY_B 0 2.276e+03 1.067e+02 1.030e+02
|            ( - 4.499e+01 1 0)
|            ( - 2.124e+03 1 0))
|        ( - 2.796e+02 1 0)))
s>    ( QUESTION14 1 5.697e+03 5.545e+02 2.270e+02
s>        ( - 2.369e+03 2 0)
s>        ( QUESTION0_1_R 1 2.774e+03 2.184e+02 1.220e+02
s>            ( WDBNDRY_B 0 2.276e+03 1.067e+02 1.030e+02
s>                ( - 4.499e+01 1 0)
s>                ( - 2.124e+03 1 0))
s>            ( - 2.796e+02 1 0)))INFO: dtree.c(1315): Comp split 2
INFO: dtree.c(1439): stop. leaf nodes are specific
INFO: dtree.c(1478): Final simple tree
|( QUESTION0_19_R 1 2.748e+03 3.601e+02 1.208e+02
|    ( - 1.387e+03 2 0)
|    ( QUESTION0_15_R 1 1.000e+03 1.657e+02 5.176e+01
|        ( WDBNDRY_E 0 4.133e+02 9.211e+01 2.676e+01
|            ( - 2.337e+02 2 0)
|            ( - 8.752e+01 1 0))
|        ( QUESTION0_18_R 1 4.210e+02 9.524e+01 2.500e+01
|            ( - 1.127e+02 1 0)
|            ( - 2.131e+02 1 0))))
s>    ( QUESTION0_19_R 1 2.748e+03 3.601e+02 1.208e+02
s>        ( - 1.387e+03 2 0)
s>        ( QUESTION0_15_R 1 1.000e+03 1.657e+02 5.176e+01
s>            ( WDBNDRY_E 0 4.133e+02 9.211e+01 2.676e+01
s>                ( - 2.337e+02 2 0)
s>                ( - 8.752e+01 1 0))
s>            ( QUESTION0_18_R 1 4.210e+02 9.524e+01 2.500e+01
s>                ( - 1.127e+02 1 0)
s>                ( - 2.131e+02 1 0))))INFO: dtree.c(1439): stop. leaf nodes are specific
INFO: dtree.c(1478): Final simple tree
|( QUESTION11 1 2.856e+03 3.011e+02 1.320e+02
|    ( - 1.731e+03 2 0)
|    ( SILENCE 1 8.244e+02 1.415e+02 4.396e+01
|        ( - 4.648e+02 1 0)
|        ( QUESTION0_0_R 1 2.181e+02 5.219e+01 1.500e+01
|            ( - 9.111e+01 1 0)
|            ( - 7.479e+01 1 0))))
s>    ( QUESTION11 1 2.856e+03 3.011e+02 1.320e+02
s>        ( - 1.731e+03 2 0)
s>        ( SILENCE 1 8.244e+02 1.415e+02 4.396e+01
s>            ( - 4.648e+02 1 0)
s>            ( QUESTION0_0_R 1 2.181e+02 5.219e+01 1.500e+01
s>                ( - 9.111e+01 1 0)
s>                ( - 7.479e+01 1 0))))INFO: dtree.c(1315): Comp split 3
INFO: dtree.c(1439): stop. leaf nodes are specific
INFO: dtree.c(1478): Final simple tree
|( QUESTION0_1_R 1 2.618e+03 2.146e+02 1.170e+02
|    ( - 2.124e+03 1 0)
|    ( - 2.796e+02 1 0))
s>    ( QUESTION0_1_R 1 2.618e+03 2.146e+02 1.170e+02
s>        ( - 2.124e+03 1 0)
s>        ( - 2.796e+02 1 0))INFO: dtree.c(1439): stop. leaf nodes are specific
INFO: dtree.c(1478): Final simple tree
|( WDBNDRY_B 0 2.513e+03 9.885e+01 1.100e+02
|    ( - 4.499e+01 1 0)
|    ( - 2.369e+03 2 0))
s>    ( WDBNDRY_B 0 2.513e+03 9.885e+01 1.100e+02
s>        ( - 4.499e+01 1 0)
s>        ( - 2.369e+03 2 0))INFO: dtree.c(1315): Comp split 4
INFO: dtree.c(1439): stop. leaf nodes are specific
INFO: dtree.c(1478): Final simple tree
|( QUESTION0_13_R 1 2.163e+03 2.989e+02 9.662e+01
|    ( - 9.222e+02 1 0)
|    ( QUESTION0_0_R 1 9.421e+02 1.598e+02 4.952e+01
|        ( - 3.799e+02 1 0)
|        ( WDBNDRY_B 0 4.024e+02 7.099e+01 2.452e+01
|            ( SILENCE -1 3.629e+01 1.718e+01 5.000e+00
|                ( - 1.502e+01 1 0)
|                ( - 4.095e+00 1 0))
|            ( - 2.951e+02 1 0))))
s>    ( QUESTION0_13_R 1 2.163e+03 2.989e+02 9.662e+01
s>        ( - 9.222e+02 1 0)
s>        ( QUESTION0_0_R 1 9.421e+02 1.598e+02 4.952e+01
s>            ( - 3.799e+02 1 0)
s>            ( WDBNDRY_B 0 4.024e+02 7.099e+01 2.452e+01
s>                ( SILENCE -1 3.629e+01 1.718e+01 5.000e+00
s>                    ( - 1.502e+01 1 0)
s>                    ( - 4.095e+00 1 0))
s>                ( - 2.951e+02 1 0))))INFO: dtree.c(1315): Comp split 5
INFO: dtree.c(1439): stop. leaf nodes are specific
INFO: dtree.c(1478): Final simple tree
|( QUESTION0_15_R 1 1.000e+03 1.657e+02 5.176e+01
|    ( WDBNDRY_E 0 4.133e+02 9.211e+01 2.676e+01
|        ( - 2.337e+02 2 0)
|        ( - 8.752e+01 1 0))
|    ( QUESTION0_18_R 1 4.210e+02 9.524e+01 2.500e+01
|        ( - 1.127e+02 1 0)
|        ( - 2.131e+02 1 0)))
s>    ( QUESTION0_15_R 1 1.000e+03 1.657e+02 5.176e+01
s>        ( WDBNDRY_E 0 4.133e+02 9.211e+01 2.676e+01
s>            ( - 2.337e+02 2 0)
s>            ( - 8.752e+01 1 0))
s>        ( QUESTION0_18_R 1 4.210e+02 9.524e+01 2.500e+01
s>            ( - 1.127e+02 1 0)
s>            ( - 2.131e+02 1 0)))INFO: dtree.c(1315): Comp split 6
INFO: dtree.c(1439): stop. leaf nodes are specific
INFO: dtree.c(1478): Final simple tree
|( WDBNDRY_B 0 9.966e+02 5.934e+01 5.010e+01
|    ( - 1.502e+01 1 0)
|    ( - 9.222e+02 1 0))
s>    ( WDBNDRY_B 0 9.966e+02 5.934e+01 5.010e+01
s>        ( - 1.502e+01 1 0)
s>        ( - 9.222e+02 1 0))INFO: dtree.c(1439): stop. leaf nodes are specific
INFO: dtree.c(1478): Final simple tree
|( QUESTION0_0_R 1 8.643e+02 1.488e+02 4.652e+01
|    ( - 3.799e+02 1 0)
|    ( WDBNDRY_B 0 3.355e+02 3.632e+01 2.152e+01
|        ( - 4.095e+00 1 0)
|        ( - 2.951e+02 1 0)))
s>    ( QUESTION0_0_R 1 8.643e+02 1.488e+02 4.652e+01
s>        ( - 3.799e+02 1 0)
s>        ( WDBNDRY_B 0 3.355e+02 3.632e+01 2.152e+01
s>            ( - 4.095e+00 1 0)
s>            ( - 2.951e+02 1 0)))INFO: dtree.c(1315): Comp split 7
INFO: dtree.c(1439): stop. leaf nodes are specific
INFO: dtree.c(1478): Final simple tree
|( SILENCE 1 8.244e+02 1.415e+02 4.396e+01
|    ( - 4.648e+02 1 0)
|    ( QUESTION0_0_R 1 2.181e+02 5.219e+01 1.500e+01
|        ( - 9.111e+01 1 0)
|        ( - 7.479e+01 1 0)))
s>    ( SILENCE 1 8.244e+02 1.415e+02 4.396e+01
s>        ( - 4.648e+02 1 0)
s>        ( QUESTION0_0_R 1 2.181e+02 5.219e+01 1.500e+01
s>            ( - 9.111e+01 1 0)
s>            ( - 7.479e+01 1 0)))INFO: dtree.c(1315): Comp split 8
INFO: dtree.c(1315): Comp split 9
INFO: dtree.c(1439): stop. leaf nodes are specific
INFO: dtree.c(1478): Final simple tree
|( WDBNDRY_E 0 2.646e+02 6.445e+01 1.776e+01
|    ( - 1.127e+02 1 0)
|    ( - 8.752e+01 1 0))
s>    ( WDBNDRY_E 0 2.646e+02 6.445e+01 1.776e+01
s>        ( - 1.127e+02 1 0)
s>        ( - 8.752e+01 1 0))INFO: dtree.c(1439): stop. leaf nodes are specific
INFO: dtree.c(1478): Final simple tree
|( QUESTION0_15_R 1 5.627e+02 1.159e+02 3.400e+01
|    ( - 2.337e+02 2 0)
|    ( - 2.131e+02 1 0))
s>    ( QUESTION0_15_R 1 5.627e+02 1.159e+02 3.400e+01
s>        ( - 2.337e+02 2 0)
s>        ( - 2.131e+02 1 0))INFO: dtree.c(1315): Comp split 10
INFO: dtree.c(1439): stop. leaf nodes are specific
INFO: dtree.c(1478): Final simple tree
|( WDBNDRY_B 0 3.355e+02 3.632e+01 2.152e+01
|    ( - 4.095e+00 1 0)
|    ( - 2.951e+02 1 0))
s>    ( WDBNDRY_B 0 3.355e+02 3.632e+01 2.152e+01
s>        ( - 4.095e+00 1 0)
s>        ( - 2.951e+02 1 0))INFO: dtree.c(1315): Comp split 11
INFO: dtree.c(1439): stop. leaf nodes are specific
INFO: dtree.c(1478): Final simple tree
|( QUESTION0_0_R 1 2.181e+02 5.219e+01 1.500e+01
|    ( - 9.111e+01 1 0)
|    ( - 7.479e+01 1 0))
s>    ( QUESTION0_0_R 1 2.181e+02 5.219e+01 1.500e+01
s>        ( - 9.111e+01 1 0)
s>        ( - 7.479e+01 1 0))INFO: dtree.c(1315): Comp split 12
INFO: dtree.c(1315): Comp split 13
INFO: dtree.c(1315): Comp split 14
INFO: dtree.c(1315): Comp split 15
INFO: dtree.c(1315): Comp split 16
INFO: dtree.c(1315): Comp split 17
INFO: dtree.c(1315): Comp split 18
INFO: dtree.c(1318): stop. leaf nodes are specific
Fri Nov  2 10:07:14 2018
