Current configuration:
[NAME]		[DEFLT]	[VALUE]
-allphones	no	no
-cntthresh	0.00001	1.000000e-05
-csplitmax	100	2000
-csplitmin	1	1
-csplitthr	8e-4	0.000000e+00
-example	no	no
-fullvar	no	no
-help		no	no
-meanfn			
-mixwfn			/home/sdv/Documents/SDV/SDVoice/an4/model_parameters/an4.cd_semi_untied/mixture_weights
-moddeffn		/home/sdv/Documents/SDV/SDVoice/an4/model_architecture/an4.untied.mdef
-mwfloor	1e-4	1.000000e-08
-phone			CH
-psetfn			/home/sdv/Documents/SDV/SDVoice/an4/model_architecture/an4.tree_questions
-ssplitmax	5	7
-ssplitmin	1	1
-ssplitthr	8e-4	0.000000e+00
-state			2
-stwt			1.0,0.05,0.0,
-treefn			/home/sdv/Documents/SDV/SDVoice/an4/trees/an4.unpruned/CH-2.dtree
-ts2cbfn	.semi.	.semi.
-varfloor	0.00001	1.000000e-05
-varfn			

INFO: main.c(223): Reading: /home/sdv/Documents/SDV/SDVoice/an4/model_architecture/an4.untied.mdef
INFO: model_def_io.c(573): Model definition info:
INFO: model_def_io.c(574): 1618 total models defined (34 base, 1584 tri)
INFO: model_def_io.c(575): 6472 total states
INFO: model_def_io.c(576): 4854 total tied states
INFO: model_def_io.c(577): 102 total tied CI states
INFO: model_def_io.c(578): 34 total tied transition matrices
INFO: model_def_io.c(579): 4 max state/model
INFO: model_def_io.c(580): 4 min state/model
INFO: main.c(242): Building trees for [CH EY AA e] through [CH R TH e]
INFO: main.c(269): Covering states |[789 860]| == 72
INFO: main.c(275): Reading: /home/sdv/Documents/SDV/SDVoice/an4/model_parameters/an4.cd_semi_untied/mixture_weights
INFO: s3mixw_io.c(173): Read /home/sdv/Documents/SDV/SDVoice/an4/model_parameters/an4.cd_semi_untied/mixture_weights [72x4x256 array]
INFO: main.c(311): 24 of 24 models have observation count greater than 0.000010
INFO: main.c(95): nrm stwt: 0.000 0.048 0.952 
INFO: main.c(411): 24-class entropy: 2.323149e+04
INFO: main.c(549): Reading: /home/sdv/Documents/SDV/SDVoice/an4/model_architecture/an4.tree_questions
INFO: main.c(588): 176 total simple questions (168 phone; 8 word bndry)
INFO: main.c(590): 42 Left Only questions, and 42 Right Only questions
INFO: dtree.c(1478): Final simple tree
|( SILENCE 1 3.019e+04 1.434e+03 1.132e+03
|    ( - 1.027e+04 1 0)
|    ( QUESTION15 1 1.849e+04 8.571e+02 6.871e+02
|        ( QUESTION0_0_R 1 1.086e+04 6.456e+02 4.181e+02
|            ( QUESTION0_5_R 1 4.868e+03 4.831e+02 1.992e+02
|                ( - 2.570e+03 2 0)
|                ( - 1.815e+03 2 0 QUESTION0_1_R 1 2.587e+02 8.500e+01))
|            ( QUESTION0_12_R 1 5.342e+03 3.471e+02 2.189e+02
|                ( - 4.284e+03 1 0)
|                ( - 7.112e+02 1 0)))
|        ( QUESTION0_20_R 1 6.776e+03 6.118e+02 2.690e+02
|            ( - 2.047e+03 6 0 QUESTION11 1 2.655e+02 9.500e+01)
|            ( QUESTION0_14_R 1 4.117e+03 4.235e+02 1.740e+02
|                ( - 1.691e+03 7 0 QUESTION0_17_R 1 2.115e+02 8.100e+01)
|                ( - 2.003e+03 4 0 QUESTION0_1_R 1 2.545e+02 9.300e+01)))))
s>    ( SILENCE 1 3.019e+04 1.434e+03 1.132e+03
s>        ( - 1.027e+04 1 0)
s>        ( QUESTION15 1 1.849e+04 8.571e+02 6.871e+02
s>            ( QUESTION0_0_R 1 1.086e+04 6.456e+02 4.181e+02
s>                ( QUESTION0_5_R 1 4.868e+03 4.831e+02 1.992e+02
s>                    ( - 2.570e+03 2 0)
s>                    ( - 1.815e+03 2 0 QUESTION0_1_R 1 2.587e+02 8.500e+01))
s>                ( QUESTION0_12_R 1 5.342e+03 3.471e+02 2.189e+02
s>                    ( - 4.284e+03 1 0)
s>                    ( - 7.112e+02 1 0)))
s>            ( QUESTION0_20_R 1 6.776e+03 6.118e+02 2.690e+02
s>                ( - 2.047e+03 6 0 QUESTION11 1 2.655e+02 9.500e+01)
s>                ( QUESTION0_14_R 1 4.117e+03 4.235e+02 1.740e+02
s>                    ( - 1.691e+03 7 0 QUESTION0_17_R 1 2.115e+02 8.100e+01)
s>                    ( - 2.003e+03 4 0 QUESTION0_1_R 1 2.545e+02 9.300e+01)))))INFO: dtree.c(1315): Comp split 0
INFO: dtree.c(1478): Final simple tree
|( QUESTION17 1 1.570e+04 7.436e+02 5.921e+02
|    ( QUESTION0_12_R 1 5.342e+03 3.471e+02 2.189e+02
|        ( - 4.284e+03 1 0)
|        ( - 7.112e+02 1 0))
|    ( QUESTION15 1 9.619e+03 6.330e+02 3.732e+02
|        ( QUESTION0_5_R 1 4.868e+03 4.831e+02 1.992e+02
|            ( - 2.570e+03 2 0)
|            ( QUESTION0_1_R 1 1.815e+03 2.587e+02 8.500e+01
|                ( - 8.811e+02 1 0)
|                ( - 6.757e+02 1 0)))
|        ( QUESTION0_14_R 1 4.117e+03 4.235e+02 1.740e+02
|            ( - 1.691e+03 7 0 QUESTION0_17_R 1 2.115e+02 8.100e+01)
|            ( QUESTION0_1_R 1 2.003e+03 2.545e+02 9.300e+01
|                ( - 4.114e+02 1 0)
|                ( - 1.337e+03 3 0 QUESTION0_0_R 1 3.505e+01 6.600e+01)))))
s>    ( QUESTION17 1 1.570e+04 7.436e+02 5.921e+02
s>        ( QUESTION0_12_R 1 5.342e+03 3.471e+02 2.189e+02
s>            ( - 4.284e+03 1 0)
s>            ( - 7.112e+02 1 0))
s>        ( QUESTION15 1 9.619e+03 6.330e+02 3.732e+02
s>            ( QUESTION0_5_R 1 4.868e+03 4.831e+02 1.992e+02
s>                ( - 2.570e+03 2 0)
s>                ( QUESTION0_1_R 1 1.815e+03 2.587e+02 8.500e+01
s>                    ( - 8.811e+02 1 0)
s>                    ( - 6.757e+02 1 0)))
s>            ( QUESTION0_14_R 1 4.117e+03 4.235e+02 1.740e+02
s>                ( - 1.691e+03 7 0 QUESTION0_17_R 1 2.115e+02 8.100e+01)
s>                ( QUESTION0_1_R 1 2.003e+03 2.545e+02 9.300e+01
s>                    ( - 4.114e+02 1 0)
s>                    ( - 1.337e+03 3 0 QUESTION0_0_R 1 3.505e+01 6.600e+01)))))INFO: dtree.c(1439): stop. leaf nodes are specific
INFO: dtree.c(1478): Final simple tree
|( SILENCE 1 1.296e+04 6.439e+02 5.399e+02
|    ( - 1.027e+04 1 0)
|    ( QUESTION11 1 2.047e+03 2.655e+02 9.500e+01
|        ( - 1.200e+03 3 0)
|        ( QUESTION1 1 5.807e+02 1.101e+02 3.400e+01
|            ( - 2.899e+02 1 0)
|            ( QUESTION0 -1 1.807e+02 4.041e+01 1.400e+01
|                ( - 1.815e+01 1 0)
|                ( - 1.221e+02 1 0)))))
s>    ( SILENCE 1 1.296e+04 6.439e+02 5.399e+02
s>        ( - 1.027e+04 1 0)
s>        ( QUESTION11 1 2.047e+03 2.655e+02 9.500e+01
s>            ( - 1.200e+03 3 0)
s>            ( QUESTION1 1 5.807e+02 1.101e+02 3.400e+01
s>                ( - 2.899e+02 1 0)
s>                ( QUESTION0 -1 1.807e+02 4.041e+01 1.400e+01
s>                    ( - 1.815e+01 1 0)
s>                    ( - 1.221e+02 1 0)))))INFO: dtree.c(1315): Comp split 1
INFO: dtree.c(1439): stop. leaf nodes are specific
INFO: dtree.c(1478): Final simple tree
|( QUESTION19 1 8.457e+03 5.757e+02 3.319e+02
|    ( - 4.284e+03 1 0)
|    ( QUESTION14 1 3.597e+03 4.062e+02 1.531e+02
|        ( QUESTION0_0_R 1 1.337e+03 3.505e+01 6.600e+01
|            ( - 1.292e+03 2 0)
|            ( - 9.608e+00 1 0))
|        ( QUESTION0_0_R 1 1.854e+03 2.621e+02 8.712e+01
|            ( - 8.811e+02 1 0)
|            ( - 7.112e+02 1 0))))
s>    ( QUESTION19 1 8.457e+03 5.757e+02 3.319e+02
s>        ( - 4.284e+03 1 0)
s>        ( QUESTION14 1 3.597e+03 4.062e+02 1.531e+02
s>            ( QUESTION0_0_R 1 1.337e+03 3.505e+01 6.600e+01
s>                ( - 1.292e+03 2 0)
s>                ( - 9.608e+00 1 0))
s>            ( QUESTION0_0_R 1 1.854e+03 2.621e+02 8.712e+01
s>                ( - 8.811e+02 1 0)
s>                ( - 7.112e+02 1 0))))INFO: dtree.c(1478): Final simple tree
|( QUESTION0 1 6.417e+03 4.870e+02 2.602e+02
|    ( QUESTION0_16_R 1 2.365e+03 2.795e+02 1.080e+02
|        ( QUESTION0_17_R 1 1.010e+03 1.420e+02 5.100e+01
|            ( QUESTION0_18_R 1 5.804e+02 9.540e+01 3.200e+01
|                ( - 9.376e+01 1 0)
|                ( QUESTION0 -1 3.912e+02 5.878e+01 2.300e+01
|                    ( - 4.153e+01 1 0)
|                    ( - 2.909e+02 1 0)))
|            ( - 2.872e+02 2 0))
|        ( QUESTION0_0_R 1 1.076e+03 1.710e+02 5.700e+01
|            ( - 4.114e+02 1 0)
|            ( - 4.932e+02 2 0)))
|    ( QUESTION0_1_R 1 3.565e+03 3.195e+02 1.522e+02
|        ( - 2.570e+03 2 0)
|        ( - 6.757e+02 1 0)))
s>    ( QUESTION0 1 6.417e+03 4.870e+02 2.602e+02
s>        ( QUESTION0_16_R 1 2.365e+03 2.795e+02 1.080e+02
s>            ( QUESTION0_17_R 1 1.010e+03 1.420e+02 5.100e+01
s>                ( QUESTION0_18_R 1 5.804e+02 9.540e+01 3.200e+01
s>                    ( - 9.376e+01 1 0)
s>                    ( QUESTION0 -1 3.912e+02 5.878e+01 2.300e+01
s>                        ( - 4.153e+01 1 0)
s>                        ( - 2.909e+02 1 0)))
s>                ( - 2.872e+02 2 0))
s>            ( QUESTION0_0_R 1 1.076e+03 1.710e+02 5.700e+01
s>                ( - 4.114e+02 1 0)
s>                ( - 4.932e+02 2 0)))
s>        ( QUESTION0_1_R 1 3.565e+03 3.195e+02 1.522e+02
s>            ( - 2.570e+03 2 0)
s>            ( - 6.757e+02 1 0)))INFO: dtree.c(1315): Comp split 2
INFO: dtree.c(1439): stop. leaf nodes are specific
INFO: dtree.c(1478): Final simple tree
|( QUESTION11 1 2.047e+03 2.655e+02 9.500e+01
|    ( - 1.200e+03 3 0)
|    ( QUESTION1 1 5.807e+02 1.101e+02 3.400e+01
|        ( - 2.899e+02 1 0)
|        ( QUESTION0 -1 1.807e+02 4.041e+01 1.400e+01
|            ( - 1.815e+01 1 0)
|            ( - 1.221e+02 1 0))))
s>    ( QUESTION11 1 2.047e+03 2.655e+02 9.500e+01
s>        ( - 1.200e+03 3 0)
s>        ( QUESTION1 1 5.807e+02 1.101e+02 3.400e+01
s>            ( - 2.899e+02 1 0)
s>            ( QUESTION0 -1 1.807e+02 4.041e+01 1.400e+01
s>                ( - 1.815e+01 1 0)
s>                ( - 1.221e+02 1 0))))INFO: dtree.c(1315): Comp split 3
INFO: dtree.c(1439): stop. leaf nodes are specific
INFO: dtree.c(1478): Final simple tree
|( QUESTION14 1 3.597e+03 4.062e+02 1.531e+02
|    ( QUESTION0_0_R 1 1.337e+03 3.505e+01 6.600e+01
|        ( - 1.292e+03 2 0)
|        ( - 9.608e+00 1 0))
|    ( QUESTION0_0_R 1 1.854e+03 2.621e+02 8.712e+01
|        ( - 8.811e+02 1 0)
|        ( - 7.112e+02 1 0)))
s>    ( QUESTION14 1 3.597e+03 4.062e+02 1.531e+02
s>        ( QUESTION0_0_R 1 1.337e+03 3.505e+01 6.600e+01
s>            ( - 1.292e+03 2 0)
s>            ( - 9.608e+00 1 0))
s>        ( QUESTION0_0_R 1 1.854e+03 2.621e+02 8.712e+01
s>            ( - 8.811e+02 1 0)
s>            ( - 7.112e+02 1 0)))INFO: dtree.c(1315): Comp split 4
INFO: dtree.c(1439): stop. leaf nodes are specific
INFO: dtree.c(1478): Final simple tree
|( QUESTION0_0_R 1 3.202e+03 2.413e+02 1.372e+02
|    ( - 2.570e+03 2 0)
|    ( QUESTION0 -1 3.912e+02 5.878e+01 2.300e+01
|        ( - 4.153e+01 1 0)
|        ( - 2.909e+02 1 0)))
s>    ( QUESTION0_0_R 1 3.202e+03 2.413e+02 1.372e+02
s>        ( - 2.570e+03 2 0)
s>        ( QUESTION0 -1 3.912e+02 5.878e+01 2.300e+01
s>            ( - 4.153e+01 1 0)
s>            ( - 2.909e+02 1 0)))INFO: dtree.c(1439): stop. leaf nodes are specific
INFO: dtree.c(1478): Final simple tree
|( QUESTION0_0_R 1 2.699e+03 3.185e+02 1.230e+02
|    ( QUESTION0_1_R 1 1.289e+03 2.020e+02 6.500e+01
|        ( - 4.114e+02 1 0)
|        ( - 6.757e+02 1 0))
|    ( QUESTION0_15_R 1 1.092e+03 1.441e+02 5.800e+01
|        ( - 4.932e+02 2 0)
|        ( QUESTION0_17_R 1 4.544e+02 7.345e+01 2.800e+01
|            ( - 9.376e+01 1 0)
|            ( - 2.872e+02 2 0))))
s>    ( QUESTION0_0_R 1 2.699e+03 3.185e+02 1.230e+02
s>        ( QUESTION0_1_R 1 1.289e+03 2.020e+02 6.500e+01
s>            ( - 4.114e+02 1 0)
s>            ( - 6.757e+02 1 0))
s>        ( QUESTION0_15_R 1 1.092e+03 1.441e+02 5.800e+01
s>            ( - 4.932e+02 2 0)
s>            ( QUESTION0_17_R 1 4.544e+02 7.345e+01 2.800e+01
s>                ( - 9.376e+01 1 0)
s>                ( - 2.872e+02 2 0))))INFO: dtree.c(1315): Comp split 5
INFO: dtree.c(1439): stop. leaf nodes are specific
INFO: dtree.c(1478): Final simple tree
|( QUESTION0_0_R 1 1.854e+03 2.621e+02 8.712e+01
|    ( - 8.811e+02 1 0)
|    ( - 7.112e+02 1 0))
s>    ( QUESTION0_0_R 1 1.854e+03 2.621e+02 8.712e+01
s>        ( - 8.811e+02 1 0)
s>        ( - 7.112e+02 1 0))INFO: dtree.c(1439): stop. leaf nodes are specific
INFO: dtree.c(1478): Final simple tree
|( QUESTION0_0_R 1 1.337e+03 3.505e+01 6.600e+01
|    ( - 1.292e+03 2 0)
|    ( - 9.608e+00 1 0))
s>    ( QUESTION0_0_R 1 1.337e+03 3.505e+01 6.600e+01
s>        ( - 1.292e+03 2 0)
s>        ( - 9.608e+00 1 0))INFO: dtree.c(1315): Comp split 6
INFO: dtree.c(1439): stop. leaf nodes are specific
INFO: dtree.c(1478): Final simple tree
|( QUESTION0_15_R 1 1.092e+03 1.441e+02 5.800e+01
|    ( - 4.932e+02 2 0)
|    ( QUESTION0_17_R 1 4.544e+02 7.345e+01 2.800e+01
|        ( - 9.376e+01 1 0)
|        ( - 2.872e+02 2 0)))
s>    ( QUESTION0_15_R 1 1.092e+03 1.441e+02 5.800e+01
s>        ( - 4.932e+02 2 0)
s>        ( QUESTION0_17_R 1 4.544e+02 7.345e+01 2.800e+01
s>            ( - 9.376e+01 1 0)
s>            ( - 2.872e+02 2 0)))INFO: dtree.c(1439): stop. leaf nodes are specific
INFO: dtree.c(1478): Final simple tree
|( QUESTION0_1_R 1 1.289e+03 2.020e+02 6.500e+01
|    ( - 4.114e+02 1 0)
|    ( - 6.757e+02 1 0))
s>    ( QUESTION0_1_R 1 1.289e+03 2.020e+02 6.500e+01
s>        ( - 4.114e+02 1 0)
s>        ( - 6.757e+02 1 0))INFO: dtree.c(1315): Comp split 7
INFO: dtree.c(1439): stop. leaf nodes are specific
INFO: dtree.c(1478): Final simple tree
|( QUESTION1 1 5.807e+02 1.101e+02 3.400e+01
|    ( - 2.899e+02 1 0)
|    ( QUESTION0 -1 1.807e+02 4.041e+01 1.400e+01
|        ( - 1.815e+01 1 0)
|        ( - 1.221e+02 1 0)))
s>    ( QUESTION1 1 5.807e+02 1.101e+02 3.400e+01
s>        ( - 2.899e+02 1 0)
s>        ( QUESTION0 -1 1.807e+02 4.041e+01 1.400e+01
s>            ( - 1.815e+01 1 0)
s>            ( - 1.221e+02 1 0)))INFO: dtree.c(1315): Comp split 8
INFO: dtree.c(1315): Comp split 9
INFO: dtree.c(1439): stop. leaf nodes are specific
INFO: dtree.c(1478): Final simple tree
|( QUESTION0 -1 3.912e+02 5.878e+01 2.300e+01
|    ( - 4.153e+01 1 0)
|    ( - 2.909e+02 1 0))
s>    ( QUESTION0 -1 3.912e+02 5.878e+01 2.300e+01
s>        ( - 4.153e+01 1 0)
s>        ( - 2.909e+02 1 0))INFO: dtree.c(1315): Comp split 10
INFO: dtree.c(1315): Comp split 11
INFO: dtree.c(1439): stop. leaf nodes are specific
INFO: dtree.c(1478): Final simple tree
|( QUESTION0_17_R 1 4.544e+02 7.345e+01 2.800e+01
|    ( - 9.376e+01 1 0)
|    ( - 2.872e+02 2 0))
s>    ( QUESTION0_17_R 1 4.544e+02 7.345e+01 2.800e+01
s>        ( - 9.376e+01 1 0)
s>        ( - 2.872e+02 2 0))INFO: dtree.c(1315): Comp split 12
INFO: dtree.c(1439): stop. leaf nodes are specific
INFO: dtree.c(1478): Final simple tree
|( QUESTION0 -1 1.807e+02 4.041e+01 1.400e+01
|    ( - 1.815e+01 1 0)
|    ( - 1.221e+02 1 0))
s>    ( QUESTION0 -1 1.807e+02 4.041e+01 1.400e+01
s>        ( - 1.815e+01 1 0)
s>        ( - 1.221e+02 1 0))INFO: dtree.c(1315): Comp split 13
INFO: dtree.c(1315): Comp split 14
INFO: dtree.c(1315): Comp split 15
INFO: dtree.c(1315): Comp split 16
INFO: dtree.c(1315): Comp split 17
INFO: dtree.c(1318): stop. leaf nodes are specific
Fri Nov  2 10:06:19 2018
