Current configuration:
[NAME]		[DEFLT]	[VALUE]
-allphones	no	no
-cntthresh	0.00001	1.000000e-05
-csplitmax	100	2000
-csplitmin	1	1
-csplitthr	8e-4	0.000000e+00
-example	no	no
-fullvar	no	no
-help		no	no
-meanfn			
-mixwfn			/home/sdv/Documents/SDV/SDVoice/an4/model_parameters/an4.cd_semi_untied/mixture_weights
-moddeffn		/home/sdv/Documents/SDV/SDVoice/an4/model_architecture/an4.untied.mdef
-mwfloor	1e-4	1.000000e-08
-phone			M
-psetfn			/home/sdv/Documents/SDV/SDVoice/an4/model_architecture/an4.tree_questions
-ssplitmax	5	7
-ssplitmin	1	1
-ssplitthr	8e-4	0.000000e+00
-state			0
-stwt			1.0,0.05,0.0,
-treefn			/home/sdv/Documents/SDV/SDVoice/an4/trees/an4.unpruned/M-0.dtree
-ts2cbfn	.semi.	.semi.
-varfloor	0.00001	1.000000e-05
-varfn			

INFO: main.c(223): Reading: /home/sdv/Documents/SDV/SDVoice/an4/model_architecture/an4.untied.mdef
INFO: model_def_io.c(573): Model definition info:
INFO: model_def_io.c(574): 1618 total models defined (34 base, 1584 tri)
INFO: model_def_io.c(575): 6472 total states
INFO: model_def_io.c(576): 4854 total tied states
INFO: model_def_io.c(577): 102 total tied CI states
INFO: model_def_io.c(578): 34 total tied transition matrices
INFO: model_def_io.c(579): 4 max state/model
INFO: model_def_io.c(580): 4 min state/model
INFO: main.c(242): Building trees for [M EH AH e] through [M SIL EY b]
INFO: main.c(269): Covering states |[2904 2972]| == 69
INFO: main.c(275): Reading: /home/sdv/Documents/SDV/SDVoice/an4/model_parameters/an4.cd_semi_untied/mixture_weights
INFO: s3mixw_io.c(173): Read /home/sdv/Documents/SDV/SDVoice/an4/model_parameters/an4.cd_semi_untied/mixture_weights [69x4x256 array]
INFO: main.c(311): 23 of 23 models have observation count greater than 0.000010
INFO: main.c(95): nrm stwt: 0.952 0.048 0.000 
INFO: main.c(411): 23-class entropy: 6.139166e+03
INFO: main.c(549): Reading: /home/sdv/Documents/SDV/SDVoice/an4/model_architecture/an4.tree_questions
INFO: main.c(588): 176 total simple questions (168 phone; 8 word bndry)
INFO: main.c(590): 42 Left Only questions, and 42 Right Only questions
INFO: dtree.c(1478): Final simple tree
|( QUESTION15 1 9.220e+03 4.651e+02 4.065e+02
|    ( QUESTION0_12_R 1 3.903e+03 2.716e+02 1.871e+02
|        ( - 1.531e+03 1 0)
|        ( QUESTION0_5_R 1 2.101e+03 1.860e+02 1.058e+02
|            ( - 7.852e+02 2 0 WDBNDRY_B 0 6.242e+01 4.534e+01)
|            ( - 1.130e+03 3 0 QUESTION0_0_R 1 1.234e+02 6.045e+01)))
|    ( QUESTION13 1 4.851e+03 3.933e+02 2.194e+02
|        ( QUESTION0_0_R 1 1.576e+03 1.633e+02 7.796e+01
|            ( - 1.188e+03 2 0)
|            ( - 2.250e+02 3 0 WDBNDRY_B 0 5.720e+01 1.500e+01))
|        ( QUESTION0_10_R 1 2.882e+03 2.353e+02 1.414e+02
|            ( QUESTION0_15_R 1 1.716e+03 1.585e+02 9.127e+01
|                ( - 5.882e+02 3 0 WDBNDRY_E 0 9.883e+01 3.804e+01)
|                ( - 9.688e+02 4 0 QUESTION0_17_R 1 1.123e+02 5.323e+01))
|            ( - 9.309e+02 5 0 QUESTION0_9_R 1 1.305e+02 5.016e+01))))
s>    ( QUESTION15 1 9.220e+03 4.651e+02 4.065e+02
s>        ( QUESTION0_12_R 1 3.903e+03 2.716e+02 1.871e+02
s>            ( - 1.531e+03 1 0)
s>            ( QUESTION0_5_R 1 2.101e+03 1.860e+02 1.058e+02
s>                ( - 7.852e+02 2 0 WDBNDRY_B 0 6.242e+01 4.534e+01)
s>                ( - 1.130e+03 3 0 QUESTION0_0_R 1 1.234e+02 6.045e+01)))
s>        ( QUESTION13 1 4.851e+03 3.933e+02 2.194e+02
s>            ( QUESTION0_0_R 1 1.576e+03 1.633e+02 7.796e+01
s>                ( - 1.188e+03 2 0)
s>                ( - 2.250e+02 3 0 WDBNDRY_B 0 5.720e+01 1.500e+01))
s>            ( QUESTION0_10_R 1 2.882e+03 2.353e+02 1.414e+02
s>                ( QUESTION0_15_R 1 1.716e+03 1.585e+02 9.127e+01
s>                    ( - 5.882e+02 3 0 WDBNDRY_E 0 9.883e+01 3.804e+01)
s>                    ( - 9.688e+02 4 0 QUESTION0_17_R 1 1.123e+02 5.323e+01))
s>                ( - 9.309e+02 5 0 QUESTION0_9_R 1 1.305e+02 5.016e+01))))INFO: dtree.c(1315): Comp split 0
INFO: dtree.c(1478): Final simple tree
|( QUESTION0_14_R 1 5.287e+03 3.076e+02 2.472e+02
|    ( QUESTION0_15_R 1 1.716e+03 1.585e+02 9.127e+01
|        ( - 5.882e+02 3 0 WDBNDRY_E 0 9.883e+01 3.804e+01)
|        ( QUESTION0_17_R 1 9.688e+02 1.123e+02 5.323e+01
|            ( - 4.399e+02 2 0 QUESTION0_18_R 1 9.222e+01 2.800e+01)
|            ( - 4.166e+02 2 0)))
|    ( QUESTION13 1 3.264e+03 2.320e+02 1.559e+02
|        ( QUESTION0_5_R 1 2.101e+03 1.860e+02 1.058e+02
|            ( - 7.852e+02 2 0 WDBNDRY_B 0 6.242e+01 4.534e+01)
|            ( QUESTION0_0_R 1 1.130e+03 1.234e+02 6.045e+01
|                ( - 4.756e+02 2 0 QUESTION0_1_R 1 8.441e+01 2.945e+01)
|                ( - 5.311e+02 1 0)))
|        ( QUESTION0_9_R 1 9.309e+02 1.305e+02 5.016e+01
|            ( - 4.161e+02 3 0 QUESTION11 1 5.146e+01 2.600e+01)
|            ( - 3.843e+02 2 0 SILENCE 1 7.246e+01 2.416e+01))))
s>    ( QUESTION0_14_R 1 5.287e+03 3.076e+02 2.472e+02
s>        ( QUESTION0_15_R 1 1.716e+03 1.585e+02 9.127e+01
s>            ( - 5.882e+02 3 0 WDBNDRY_E 0 9.883e+01 3.804e+01)
s>            ( QUESTION0_17_R 1 9.688e+02 1.123e+02 5.323e+01
s>                ( - 4.399e+02 2 0 QUESTION0_18_R 1 9.222e+01 2.800e+01)
s>                ( - 4.166e+02 2 0)))
s>        ( QUESTION13 1 3.264e+03 2.320e+02 1.559e+02
s>            ( QUESTION0_5_R 1 2.101e+03 1.860e+02 1.058e+02
s>                ( - 7.852e+02 2 0 WDBNDRY_B 0 6.242e+01 4.534e+01)
s>                ( QUESTION0_0_R 1 1.130e+03 1.234e+02 6.045e+01
s>                    ( - 4.756e+02 2 0 QUESTION0_1_R 1 8.441e+01 2.945e+01)
s>                    ( - 5.311e+02 1 0)))
s>            ( QUESTION0_9_R 1 9.309e+02 1.305e+02 5.016e+01
s>                ( - 4.161e+02 3 0 QUESTION11 1 5.146e+01 2.600e+01)
s>                ( - 3.843e+02 2 0 SILENCE 1 7.246e+01 2.416e+01))))INFO: dtree.c(1439): stop. leaf nodes are specific
INFO: dtree.c(1478): Final simple tree
|( QUESTION14 1 3.428e+03 3.218e+02 1.593e+02
|    ( QUESTION0_0_R 1 1.576e+03 1.633e+02 7.796e+01
|        ( - 1.188e+03 2 0)
|        ( WDBNDRY_B 0 2.250e+02 5.720e+01 1.500e+01
|            ( SILENCE -1 4.201e+01 1.506e+01 5.000e+00
|                ( - 2.666e+01 1 0)
|                ( - 2.858e-01 1 0))
|            ( - 1.258e+02 1 0)))
|    ( - 1.531e+03 1 0))
s>    ( QUESTION14 1 3.428e+03 3.218e+02 1.593e+02
s>        ( QUESTION0_0_R 1 1.576e+03 1.633e+02 7.796e+01
s>            ( - 1.188e+03 2 0)
s>            ( WDBNDRY_B 0 2.250e+02 5.720e+01 1.500e+01
s>                ( SILENCE -1 4.201e+01 1.506e+01 5.000e+00
s>                    ( - 2.666e+01 1 0)
s>                    ( - 2.858e-01 1 0))
s>                ( - 1.258e+02 1 0)))
s>        ( - 1.531e+03 1 0))INFO: dtree.c(1315): Comp split 1
INFO: dtree.c(1439): stop. leaf nodes are specific
INFO: dtree.c(1478): Final simple tree
|( WDBNDRY_B 0 1.321e+03 9.102e+01 6.796e+01
|    ( SILENCE -1 4.201e+01 1.506e+01 5.000e+00
|        ( - 2.666e+01 1 0)
|        ( - 2.858e-01 1 0))
|    ( - 1.188e+03 2 0))
s>    ( WDBNDRY_B 0 1.321e+03 9.102e+01 6.796e+01
s>        ( SILENCE -1 4.201e+01 1.506e+01 5.000e+00
s>            ( - 2.666e+01 1 0)
s>            ( - 2.858e-01 1 0))
s>        ( - 1.188e+03 2 0))INFO: dtree.c(1439): stop. leaf nodes are specific
INFO: dtree.c(1478): Final simple tree
|( QUESTION14 1 1.778e+03 1.220e+02 9.130e+01
|    ( - 1.258e+02 1 0)
|    ( - 1.531e+03 1 0))
s>    ( QUESTION14 1 1.778e+03 1.220e+02 9.130e+01
s>        ( - 1.258e+02 1 0)
s>        ( - 1.531e+03 1 0))INFO: dtree.c(1315): Comp split 2
INFO: dtree.c(1478): Final simple tree
|( QUESTION0_10_R 1 2.928e+03 2.151e+02 1.467e+02
|    ( QUESTION0_15_R 1 1.716e+03 1.585e+02 9.127e+01
|        ( WDBNDRY_E 0 5.882e+02 9.883e+01 3.804e+01
|            ( - 2.292e+02 2 0)
|            ( - 2.601e+02 1 0))
|        ( QUESTION0_17_R 1 9.688e+02 1.123e+02 5.323e+01
|            ( QUESTION0_18_R 1 4.399e+02 9.222e+01 2.800e+01
|                ( - 1.744e+02 1 0)
|                ( - 1.733e+02 1 0))
|            ( - 4.166e+02 2 0)))
|    ( QUESTION11 1 9.970e+02 1.082e+02 5.545e+01
|        ( - 3.251e+02 2 0)
|        ( QUESTION0_8_R 1 5.638e+02 8.903e+01 3.445e+01
|            ( - 1.139e+02 1 0)
|            ( - 3.608e+02 2 0 QUESTION0_0_R 1 4.388e+01 2.545e+01))))
s>    ( QUESTION0_10_R 1 2.928e+03 2.151e+02 1.467e+02
s>        ( QUESTION0_15_R 1 1.716e+03 1.585e+02 9.127e+01
s>            ( WDBNDRY_E 0 5.882e+02 9.883e+01 3.804e+01
s>                ( - 2.292e+02 2 0)
s>                ( - 2.601e+02 1 0))
s>            ( QUESTION0_17_R 1 9.688e+02 1.123e+02 5.323e+01
s>                ( QUESTION0_18_R 1 4.399e+02 9.222e+01 2.800e+01
s>                    ( - 1.744e+02 1 0)
s>                    ( - 1.733e+02 1 0))
s>                ( - 4.166e+02 2 0)))
s>        ( QUESTION11 1 9.970e+02 1.082e+02 5.545e+01
s>            ( - 3.251e+02 2 0)
s>            ( QUESTION0_8_R 1 5.638e+02 8.903e+01 3.445e+01
s>                ( - 1.139e+02 1 0)
s>                ( - 3.608e+02 2 0 QUESTION0_0_R 1 4.388e+01 2.545e+01))))INFO: dtree.c(1439): stop. leaf nodes are specific
INFO: dtree.c(1478): Final simple tree
|( QUESTION0_0_R 1 2.036e+03 1.920e+02 1.005e+02
|    ( QUESTION0_2_R 1 9.662e+02 9.678e+01 5.334e+01
|        ( - 8.421e+01 1 0)
|        ( WDBNDRY_B 0 7.852e+02 6.242e+01 4.534e+01
|            ( - 2.078e+01 1 0)
|            ( - 7.020e+02 1 0)))
|    ( SILENCE 1 8.783e+02 1.196e+02 4.716e+01
|        ( - 2.276e+02 1 0)
|        ( - 5.311e+02 1 0)))
s>    ( QUESTION0_0_R 1 2.036e+03 1.920e+02 1.005e+02
s>        ( QUESTION0_2_R 1 9.662e+02 9.678e+01 5.334e+01
s>            ( - 8.421e+01 1 0)
s>            ( WDBNDRY_B 0 7.852e+02 6.242e+01 4.534e+01
s>                ( - 2.078e+01 1 0)
s>                ( - 7.020e+02 1 0)))
s>        ( SILENCE 1 8.783e+02 1.196e+02 4.716e+01
s>            ( - 2.276e+02 1 0)
s>            ( - 5.311e+02 1 0)))INFO: dtree.c(1315): Comp split 3
INFO: dtree.c(1439): stop. leaf nodes are specific
INFO: dtree.c(1478): Final simple tree
|( WDBNDRY_E 0 1.072e+03 1.277e+02 6.104e+01
|    ( QUESTION0_0_R 1 6.844e+02 9.880e+01 4.000e+01
|        ( - 1.139e+02 1 0)
|        ( QUESTION0_15_R 1 4.716e+02 6.915e+01 3.100e+01
|            ( - 2.292e+02 2 0)
|            ( - 1.733e+02 1 0)))
|    ( - 2.601e+02 1 0))
s>    ( WDBNDRY_E 0 1.072e+03 1.277e+02 6.104e+01
s>        ( QUESTION0_0_R 1 6.844e+02 9.880e+01 4.000e+01
s>            ( - 1.139e+02 1 0)
s>            ( QUESTION0_15_R 1 4.716e+02 6.915e+01 3.100e+01
s>                ( - 2.292e+02 2 0)
s>                ( - 1.733e+02 1 0)))
s>        ( - 2.601e+02 1 0))INFO: dtree.c(1439): stop. leaf nodes are specific
INFO: dtree.c(1478): Final simple tree
|( QUESTION0_10_R 1 1.621e+03 1.547e+02 8.568e+01
|    ( QUESTION0_17_R 1 6.833e+02 9.225e+01 3.923e+01
|        ( - 1.744e+02 1 0)
|        ( - 4.166e+02 2 0))
|    ( QUESTION11 1 7.828e+02 9.693e+01 4.645e+01
|        ( - 3.251e+02 2 0)
|        ( QUESTION0_0_R 1 3.608e+02 4.388e+01 2.545e+01
|            ( - 2.773e+02 1 0)
|            ( - 3.963e+01 1 0))))
s>    ( QUESTION0_10_R 1 1.621e+03 1.547e+02 8.568e+01
s>        ( QUESTION0_17_R 1 6.833e+02 9.225e+01 3.923e+01
s>            ( - 1.744e+02 1 0)
s>            ( - 4.166e+02 2 0))
s>        ( QUESTION11 1 7.828e+02 9.693e+01 4.645e+01
s>            ( - 3.251e+02 2 0)
s>            ( QUESTION0_0_R 1 3.608e+02 4.388e+01 2.545e+01
s>                ( - 2.773e+02 1 0)
s>                ( - 3.963e+01 1 0))))INFO: dtree.c(1315): Comp split 4
INFO: dtree.c(1439): stop. leaf nodes are specific
INFO: dtree.c(1478): Final simple tree
|( QUESTION0_0_R 1 1.373e+03 1.401e+02 7.334e+01
|    ( - 7.020e+02 1 0)
|    ( - 5.311e+02 1 0))
s>    ( QUESTION0_0_R 1 1.373e+03 1.401e+02 7.334e+01
s>        ( - 7.020e+02 1 0)
s>        ( - 5.311e+02 1 0))INFO: dtree.c(1439): stop. leaf nodes are specific
INFO: dtree.c(1478): Final simple tree
|( SILENCE 1 4.604e+02 8.900e+01 2.716e+01
|    ( - 2.276e+02 1 0)
|    ( WDBNDRY_B 0 1.438e+02 3.880e+01 1.100e+01
|        ( - 2.078e+01 1 0)
|        ( - 8.421e+01 1 0)))
s>    ( SILENCE 1 4.604e+02 8.900e+01 2.716e+01
s>        ( - 2.276e+02 1 0)
s>        ( WDBNDRY_B 0 1.438e+02 3.880e+01 1.100e+01
s>            ( - 2.078e+01 1 0)
s>            ( - 8.421e+01 1 0)))INFO: dtree.c(1315): Comp split 5
INFO: dtree.c(1439): stop. leaf nodes are specific
INFO: dtree.c(1478): Final simple tree
|( QUESTION11 1 7.828e+02 9.693e+01 4.645e+01
|    ( - 3.251e+02 2 0)
|    ( QUESTION0_0_R 1 3.608e+02 4.388e+01 2.545e+01
|        ( - 2.773e+02 1 0)
|        ( - 3.963e+01 1 0)))
s>    ( QUESTION11 1 7.828e+02 9.693e+01 4.645e+01
s>        ( - 3.251e+02 2 0)
s>        ( QUESTION0_0_R 1 3.608e+02 4.388e+01 2.545e+01
s>            ( - 2.773e+02 1 0)
s>            ( - 3.963e+01 1 0)))INFO: dtree.c(1439): stop. leaf nodes are specific
INFO: dtree.c(1478): Final simple tree
|( QUESTION0_17_R 1 6.833e+02 9.225e+01 3.923e+01
|    ( - 1.744e+02 1 0)
|    ( - 4.166e+02 2 0))
s>    ( QUESTION0_17_R 1 6.833e+02 9.225e+01 3.923e+01
s>        ( - 1.744e+02 1 0)
s>        ( - 4.166e+02 2 0))INFO: dtree.c(1315): Comp split 6
INFO: dtree.c(1439): stop. leaf nodes are specific
INFO: dtree.c(1478): Final simple tree
|( QUESTION0_15_R 1 4.716e+02 6.915e+01 3.100e+01
|    ( - 2.292e+02 2 0)
|    ( - 1.733e+02 1 0))
s>    ( QUESTION0_15_R 1 4.716e+02 6.915e+01 3.100e+01
s>        ( - 2.292e+02 2 0)
s>        ( - 1.733e+02 1 0))INFO: dtree.c(1439): stop. leaf nodes are specific
INFO: dtree.c(1478): Final simple tree
|( WDBNDRY_E 0 4.597e+02 8.566e+01 3.004e+01
|    ( - 1.139e+02 1 0)
|    ( - 2.601e+02 1 0))
s>    ( WDBNDRY_E 0 4.597e+02 8.566e+01 3.004e+01
s>        ( - 1.139e+02 1 0)
s>        ( - 2.601e+02 1 0))INFO: dtree.c(1315): Comp split 7
INFO: dtree.c(1315): Comp split 8
INFO: dtree.c(1315): Comp split 9
INFO: dtree.c(1439): stop. leaf nodes are specific
INFO: dtree.c(1478): Final simple tree
|( QUESTION0_0_R 1 3.608e+02 4.388e+01 2.545e+01
|    ( - 2.773e+02 1 0)
|    ( - 3.963e+01 1 0))
s>    ( QUESTION0_0_R 1 3.608e+02 4.388e+01 2.545e+01
s>        ( - 2.773e+02 1 0)
s>        ( - 3.963e+01 1 0))INFO: dtree.c(1315): Comp split 10
INFO: dtree.c(1315): Comp split 11
INFO: dtree.c(1439): stop. leaf nodes are specific
INFO: dtree.c(1478): Final simple tree
|( SILENCE -1 4.201e+01 1.506e+01 5.000e+00
|    ( - 2.666e+01 1 0)
|    ( - 2.858e-01 1 0))
s>    ( SILENCE -1 4.201e+01 1.506e+01 5.000e+00
s>        ( - 2.666e+01 1 0)
s>        ( - 2.858e-01 1 0))INFO: dtree.c(1315): Comp split 12
INFO: dtree.c(1439): stop. leaf nodes are specific
INFO: dtree.c(1478): Final simple tree
|( WDBNDRY_B 0 1.438e+02 3.880e+01 1.100e+01
|    ( - 2.078e+01 1 0)
|    ( - 8.421e+01 1 0))
s>    ( WDBNDRY_B 0 1.438e+02 3.880e+01 1.100e+01
s>        ( - 2.078e+01 1 0)
s>        ( - 8.421e+01 1 0))INFO: dtree.c(1315): Comp split 13
INFO: dtree.c(1315): Comp split 14
INFO: dtree.c(1315): Comp split 15
INFO: dtree.c(1315): Comp split 16
INFO: dtree.c(1315): Comp split 17
INFO: dtree.c(1315): Comp split 18
INFO: dtree.c(1318): stop. leaf nodes are specific
Fri Nov  2 10:07:13 2018
