Current configuration:
[NAME]		[DEFLT]	[VALUE]
-allphones	no	no
-cntthresh	0.00001	1.000000e-05
-csplitmax	100	2000
-csplitmin	1	1
-csplitthr	8e-4	0.000000e+00
-example	no	no
-fullvar	no	no
-help		no	no
-meanfn			
-mixwfn			/home/sdv/Documents/SDV/SDVoice/an4/model_parameters/an4.cd_semi_untied/mixture_weights
-moddeffn		/home/sdv/Documents/SDV/SDVoice/an4/model_architecture/an4.untied.mdef
-mwfloor	1e-4	1.000000e-08
-phone			S
-psetfn			/home/sdv/Documents/SDV/SDVoice/an4/model_architecture/an4.tree_questions
-ssplitmax	5	7
-ssplitmin	1	1
-ssplitthr	8e-4	0.000000e+00
-state			0
-stwt			1.0,0.05,0.0,
-treefn			/home/sdv/Documents/SDV/SDVoice/an4/trees/an4.unpruned/S-0.dtree
-ts2cbfn	.semi.	.semi.
-varfloor	0.00001	1.000000e-05
-varfn			

INFO: main.c(223): Reading: /home/sdv/Documents/SDV/SDVoice/an4/model_architecture/an4.untied.mdef
INFO: model_def_io.c(573): Model definition info:
INFO: model_def_io.c(574): 1618 total models defined (34 base, 1584 tri)
INFO: model_def_io.c(575): 6472 total states
INFO: model_def_io.c(576): 4854 total tied states
INFO: model_def_io.c(577): 102 total tied CI states
INFO: model_def_io.c(578): 34 total tied transition matrices
INFO: model_def_io.c(579): 4 max state/model
INFO: model_def_io.c(580): 4 min state/model
INFO: main.c(242): Building trees for [S AA T i] through [S V IH b]
INFO: main.c(269): Covering states |[3759 4079]| == 321
INFO: main.c(275): Reading: /home/sdv/Documents/SDV/SDVoice/an4/model_parameters/an4.cd_semi_untied/mixture_weights
INFO: s3mixw_io.c(173): Read /home/sdv/Documents/SDV/SDVoice/an4/model_parameters/an4.cd_semi_untied/mixture_weights [321x4x256 array]
INFO: main.c(311): 107 of 107 models have observation count greater than 0.000010
INFO: main.c(95): nrm stwt: 0.952 0.048 0.000 
INFO: main.c(411): 107-class entropy: 8.129875e+04
INFO: main.c(549): Reading: /home/sdv/Documents/SDV/SDVoice/an4/model_architecture/an4.tree_questions
INFO: main.c(588): 176 total simple questions (168 phone; 8 word bndry)
INFO: main.c(590): 42 Left Only questions, and 42 Right Only questions
INFO: dtree.c(1478): Final simple tree
|( QUESTION18 -1 1.121e+05 3.683e+03 4.384e+03
|    ( - 2.462e+04 19 0 SILENCE 1 6.872e+02 1.071e+03)
|    ( QUESTION2_14_L -1 8.383e+04 2.703e+03 3.314e+03
|        ( - 1.126e+04 23 0 WDBNDRY_E 0 5.709e+02 5.113e+02)
|        ( SILENCE -1 6.987e+04 2.085e+03 2.802e+03
|            ( - 1.183e+04 4 0 QUESTION0_14_R 1 6.206e+02 5.269e+02)
|            ( QUESTION2_8_L -1 5.595e+04 1.366e+03 2.276e+03
|                ( - 1.470e+04 22 0 QUESTION0_13_R 1 5.194e+02 6.500e+02)
|                ( QUESTION7 -1 3.988e+04 1.009e+03 1.626e+03
|                    ( - 1.067e+04 5 0 QUESTION0_20_R 1 3.962e+02 4.797e+02)
|                    ( QUESTION10 -1 2.821e+04 9.540e+02 1.146e+03
|                        ( - 5.001e+03 10 0 QUESTION11 -1 4.652e+02 2.160e+02)
|                        ( QUESTION2_7_L -1 2.225e+04 7.607e+02 9.298e+02
|                            ( - 1.543e+04 14 0 QUESTION16 -1 6.369e+02 6.624e+02)
|                            ( - 6.063e+03 10 0 QUESTION0_0_R 1 4.480e+02 2.675e+02))))))))
s>    ( QUESTION18 -1 1.121e+05 3.683e+03 4.384e+03
s>        ( - 2.462e+04 19 0 SILENCE 1 6.872e+02 1.071e+03)
s>        ( QUESTION2_14_L -1 8.383e+04 2.703e+03 3.314e+03
s>            ( - 1.126e+04 23 0 WDBNDRY_E 0 5.709e+02 5.113e+02)
s>            ( SILENCE -1 6.987e+04 2.085e+03 2.802e+03
s>                ( - 1.183e+04 4 0 QUESTION0_14_R 1 6.206e+02 5.269e+02)
s>                ( QUESTION2_8_L -1 5.595e+04 1.366e+03 2.276e+03
s>                    ( - 1.470e+04 22 0 QUESTION0_13_R 1 5.194e+02 6.500e+02)
s>                    ( QUESTION7 -1 3.988e+04 1.009e+03 1.626e+03
s>                        ( - 1.067e+04 5 0 QUESTION0_20_R 1 3.962e+02 4.797e+02)
s>                        ( QUESTION10 -1 2.821e+04 9.540e+02 1.146e+03
s>                            ( - 5.001e+03 10 0 QUESTION11 -1 4.652e+02 2.160e+02)
s>                            ( QUESTION2_7_L -1 2.225e+04 7.607e+02 9.298e+02
s>                                ( - 1.543e+04 14 0 QUESTION16 -1 6.369e+02 6.624e+02)
s>                                ( - 6.063e+03 10 0 QUESTION0_0_R 1 4.480e+02 2.675e+02))))))))INFO: dtree.c(1315): Comp split 0
INFO: dtree.c(1478): Final simple tree
|( SILENCE -1 6.987e+04 2.085e+03 2.802e+03
|    ( QUESTION0_14_R 1 1.183e+04 6.206e+02 5.269e+02
|        ( - 3.208e+03 1 0)
|        ( - 8.007e+03 3 0 QUESTION0_20_R 1 3.601e+02 3.686e+02))
|    ( QUESTION2_8_L -1 5.595e+04 1.366e+03 2.276e+03
|        ( - 1.470e+04 22 0 QUESTION0_13_R 1 5.194e+02 6.500e+02)
|        ( QUESTION7 -1 3.988e+04 1.009e+03 1.626e+03
|            ( - 1.067e+04 5 0 QUESTION0_20_R 1 3.962e+02 4.797e+02)
|            ( QUESTION10 -1 2.821e+04 9.540e+02 1.146e+03
|                ( - 5.001e+03 10 0 QUESTION11 -1 4.652e+02 2.160e+02)
|                ( QUESTION2_7_L -1 2.225e+04 7.607e+02 9.298e+02
|                    ( QUESTION16 -1 1.543e+04 6.369e+02 6.624e+02
|                        ( - 3.813e+03 5 0 QUESTION0_20_R 1 2.769e+02 1.868e+02)
|                        ( - 1.098e+04 9 0 QUESTION0 -1 4.944e+02 4.755e+02))
|                    ( - 6.063e+03 10 0 QUESTION0_0_R 1 4.480e+02 2.675e+02))))))
s>    ( SILENCE -1 6.987e+04 2.085e+03 2.802e+03
s>        ( QUESTION0_14_R 1 1.183e+04 6.206e+02 5.269e+02
s>            ( - 3.208e+03 1 0)
s>            ( - 8.007e+03 3 0 QUESTION0_20_R 1 3.601e+02 3.686e+02))
s>        ( QUESTION2_8_L -1 5.595e+04 1.366e+03 2.276e+03
s>            ( - 1.470e+04 22 0 QUESTION0_13_R 1 5.194e+02 6.500e+02)
s>            ( QUESTION7 -1 3.988e+04 1.009e+03 1.626e+03
s>                ( - 1.067e+04 5 0 QUESTION0_20_R 1 3.962e+02 4.797e+02)
s>                ( QUESTION10 -1 2.821e+04 9.540e+02 1.146e+03
s>                    ( - 5.001e+03 10 0 QUESTION11 -1 4.652e+02 2.160e+02)
s>                    ( QUESTION2_7_L -1 2.225e+04 7.607e+02 9.298e+02
s>                        ( QUESTION16 -1 1.543e+04 6.369e+02 6.624e+02
s>                            ( - 3.813e+03 5 0 QUESTION0_20_R 1 2.769e+02 1.868e+02)
s>                            ( - 1.098e+04 9 0 QUESTION0 -1 4.944e+02 4.755e+02))
s>                        ( - 6.063e+03 10 0 QUESTION0_0_R 1 4.480e+02 2.675e+02))))))INFO: dtree.c(1478): Final simple tree
|( QUESTION0 -1 3.848e+04 2.602e+03 1.582e+03
|    ( WDBNDRY_E 0 1.126e+04 5.709e+02 5.113e+02
|        ( SILENCE 1 8.365e+03 3.687e+02 3.883e+02
|            ( - 2.931e+03 1 0)
|            ( - 5.065e+03 20 0 QUESTION0_20_R 1 2.689e+02 2.494e+02))
|        ( - 2.322e+03 2 0 QUESTION0_10_R 1 4.973e+01 1.230e+02))
|    ( SILENCE 1 2.462e+04 6.872e+02 1.071e+03
|        ( - 6.251e+03 1 0)
|        ( QUESTION0_14_R 1 1.768e+04 4.968e+02 8.005e+02
|            ( QUESTION0_15_R 1 1.034e+04 3.939e+02 4.778e+02
|                ( - 6.708e+03 2 0)
|                ( - 3.239e+03 4 0 QUESTION0_17_R 1 2.641e+02 1.606e+02))
|            ( QUESTION0_0_R 1 6.844e+03 3.949e+02 3.227e+02
|                ( - 3.249e+03 5 0 QUESTION0_5_R 1 2.741e+02 1.627e+02)
|                ( - 3.200e+03 7 0 QUESTION0_13_R 1 2.406e+02 1.601e+02)))))
s>    ( QUESTION0 -1 3.848e+04 2.602e+03 1.582e+03
s>        ( WDBNDRY_E 0 1.126e+04 5.709e+02 5.113e+02
s>            ( SILENCE 1 8.365e+03 3.687e+02 3.883e+02
s>                ( - 2.931e+03 1 0)
s>                ( - 5.065e+03 20 0 QUESTION0_20_R 1 2.689e+02 2.494e+02))
s>            ( - 2.322e+03 2 0 QUESTION0_10_R 1 4.973e+01 1.230e+02))
s>        ( SILENCE 1 2.462e+04 6.872e+02 1.071e+03
s>            ( - 6.251e+03 1 0)
s>            ( QUESTION0_14_R 1 1.768e+04 4.968e+02 8.005e+02
s>                ( QUESTION0_15_R 1 1.034e+04 3.939e+02 4.778e+02
s>                    ( - 6.708e+03 2 0)
s>                    ( - 3.239e+03 4 0 QUESTION0_17_R 1 2.641e+02 1.606e+02))
s>                ( QUESTION0_0_R 1 6.844e+03 3.949e+02 3.227e+02
s>                    ( - 3.249e+03 5 0 QUESTION0_5_R 1 2.741e+02 1.627e+02)
s>                    ( - 3.200e+03 7 0 QUESTION0_13_R 1 2.406e+02 1.601e+02)))))INFO: dtree.c(1315): Comp split 1
INFO: dtree.c(1478): Final simple tree
|( SILENCE 1 2.462e+04 6.872e+02 1.071e+03
|    ( - 6.251e+03 1 0)
|    ( QUESTION0_14_R 1 1.768e+04 4.968e+02 8.005e+02
|        ( QUESTION0_15_R 1 1.034e+04 3.939e+02 4.778e+02
|            ( - 6.708e+03 2 0)
|            ( QUESTION0_17_R 1 3.239e+03 2.641e+02 1.606e+02
|                ( - 1.687e+03 2 0 QUESTION0_18_R 1 1.083e+02 9.536e+01)
|                ( - 1.288e+03 2 0)))
|        ( QUESTION0_0_R 1 6.844e+03 3.949e+02 3.227e+02
|            ( QUESTION0_5_R 1 3.249e+03 2.741e+02 1.627e+02
|                ( - 1.334e+03 1 0)
|                ( - 1.641e+03 4 0 QUESTION0_1_R 1 1.286e+02 9.098e+01))
|            ( QUESTION0_13_R 1 3.200e+03 2.406e+02 1.601e+02
|                ( - 1.313e+03 1 0)
|                ( - 1.647e+03 6 0 QUESTION10 1 1.772e+02 8.714e+01)))))
s>    ( SILENCE 1 2.462e+04 6.872e+02 1.071e+03
s>        ( - 6.251e+03 1 0)
s>        ( QUESTION0_14_R 1 1.768e+04 4.968e+02 8.005e+02
s>            ( QUESTION0_15_R 1 1.034e+04 3.939e+02 4.778e+02
s>                ( - 6.708e+03 2 0)
s>                ( QUESTION0_17_R 1 3.239e+03 2.641e+02 1.606e+02
s>                    ( - 1.687e+03 2 0 QUESTION0_18_R 1 1.083e+02 9.536e+01)
s>                    ( - 1.288e+03 2 0)))
s>            ( QUESTION0_0_R 1 6.844e+03 3.949e+02 3.227e+02
s>                ( QUESTION0_5_R 1 3.249e+03 2.741e+02 1.627e+02
s>                    ( - 1.334e+03 1 0)
s>                    ( - 1.641e+03 4 0 QUESTION0_1_R 1 1.286e+02 9.098e+01))
s>                ( QUESTION0_13_R 1 3.200e+03 2.406e+02 1.601e+02
s>                    ( - 1.313e+03 1 0)
s>                    ( - 1.647e+03 6 0 QUESTION10 1 1.772e+02 8.714e+01)))))INFO: dtree.c(1478): Final simple tree
|( WDBNDRY_E 0 1.126e+04 5.709e+02 5.113e+02
|    ( SILENCE 1 8.365e+03 3.687e+02 3.883e+02
|        ( - 2.931e+03 1 0)
|        ( QUESTION0_20_R 1 5.065e+03 2.689e+02 2.494e+02
|            ( QUESTION11 1 2.358e+03 1.757e+02 1.260e+02
|                ( - 1.449e+03 3 0)
|                ( - 7.330e+02 2 0 QUESTION1 1 9.175e+01 4.314e+01))
|            ( QUESTION14 1 2.438e+03 2.032e+02 1.235e+02
|                ( - 8.501e+02 2 0 QUESTION0_0_R 1 4.791e+01 4.879e+01)
|                ( QUESTION0_17_R 1 1.385e+03 1.416e+02 7.467e+01
|                    ( - 4.434e+02 2 0 QUESTION0_18_R 1 3.915e+01 2.968e+01)
|                    ( QUESTION0 1 8.002e+02 1.115e+02 4.499e+01
|                        ( - 3.188e+02 6 0 QUESTION7 1 5.515e+01 2.199e+01)
|                        ( - 3.699e+02 5 0 QUESTION0_5_R 1 7.394e+01 2.300e+01))))))
|    ( - 2.322e+03 2 0 QUESTION0_10_R 1 4.973e+01 1.230e+02))
s>    ( WDBNDRY_E 0 1.126e+04 5.709e+02 5.113e+02
s>        ( SILENCE 1 8.365e+03 3.687e+02 3.883e+02
s>            ( - 2.931e+03 1 0)
s>            ( QUESTION0_20_R 1 5.065e+03 2.689e+02 2.494e+02
s>                ( QUESTION11 1 2.358e+03 1.757e+02 1.260e+02
s>                    ( - 1.449e+03 3 0)
s>                    ( - 7.330e+02 2 0 QUESTION1 1 9.175e+01 4.314e+01))
s>                ( QUESTION14 1 2.438e+03 2.032e+02 1.235e+02
s>                    ( - 8.501e+02 2 0 QUESTION0_0_R 1 4.791e+01 4.879e+01)
s>                    ( QUESTION0_17_R 1 1.385e+03 1.416e+02 7.467e+01
s>                        ( - 4.434e+02 2 0 QUESTION0_18_R 1 3.915e+01 2.968e+01)
s>                        ( QUESTION0 1 8.002e+02 1.115e+02 4.499e+01
s>                            ( - 3.188e+02 6 0 QUESTION7 1 5.515e+01 2.199e+01)
s>                            ( - 3.699e+02 5 0 QUESTION0_5_R 1 7.394e+01 2.300e+01))))))
s>        ( - 2.322e+03 2 0 QUESTION0_10_R 1 4.973e+01 1.230e+02))INFO: dtree.c(1315): Comp split 2
INFO: dtree.c(1478): Final simple tree
|( SILENCE -1 1.768e+04 8.445e+02 7.430e+02
|    ( QUESTION0_14_R 1 1.183e+04 6.206e+02 5.269e+02
|        ( - 3.208e+03 1 0)
|        ( QUESTION0_20_R 1 8.007e+03 3.601e+02 3.686e+02
|            ( - 3.137e+03 1 0)
|            ( QUESTION0_0_R 1 4.510e+03 3.108e+02 2.153e+02
|                ( - 2.234e+03 1 0)
|                ( - 1.965e+03 1 0))))
|    ( QUESTION11 -1 5.001e+03 4.652e+02 2.160e+02
|        ( QUESTION0_10_R 1 2.738e+03 2.651e+02 1.278e+02
|            ( - 1.108e+03 1 0)
|            ( - 1.365e+03 3 0 QUESTION0_0_R 1 1.834e+02 6.888e+01))
|        ( QUESTION2_11_L -1 1.798e+03 1.938e+02 8.823e+01
|            ( - 1.261e+03 3 0 QUESTION0_20_R 1 1.366e+02 6.623e+01)
|            ( - 3.430e+02 3 0 QUESTION0_10_R 1 7.419e+01 2.200e+01))))
s>    ( SILENCE -1 1.768e+04 8.445e+02 7.430e+02
s>        ( QUESTION0_14_R 1 1.183e+04 6.206e+02 5.269e+02
s>            ( - 3.208e+03 1 0)
s>            ( QUESTION0_20_R 1 8.007e+03 3.601e+02 3.686e+02
s>                ( - 3.137e+03 1 0)
s>                ( QUESTION0_0_R 1 4.510e+03 3.108e+02 2.153e+02
s>                    ( - 2.234e+03 1 0)
s>                    ( - 1.965e+03 1 0))))
s>        ( QUESTION11 -1 5.001e+03 4.652e+02 2.160e+02
s>            ( QUESTION0_10_R 1 2.738e+03 2.651e+02 1.278e+02
s>                ( - 1.108e+03 1 0)
s>                ( - 1.365e+03 3 0 QUESTION0_0_R 1 1.834e+02 6.888e+01))
s>            ( QUESTION2_11_L -1 1.798e+03 1.938e+02 8.823e+01
s>                ( - 1.261e+03 3 0 QUESTION0_20_R 1 1.366e+02 6.623e+01)
s>                ( - 3.430e+02 3 0 QUESTION0_10_R 1 7.419e+01 2.200e+01))))INFO: dtree.c(1478): Final simple tree
|( QUESTION2_8_L -1 5.003e+04 1.315e+03 2.059e+03
|    ( QUESTION0_13_R 1 1.470e+04 5.194e+02 6.500e+02
|        ( - 5.680e+03 4 0 WDBNDRY_B 0 2.532e+02 2.613e+02)
|        ( - 8.502e+03 18 0 WDBNDRY_B 0 4.147e+02 3.886e+02))
|    ( QUESTION7 -1 3.401e+04 1.093e+03 1.410e+03
|        ( - 1.067e+04 5 0 QUESTION0_20_R 1 3.962e+02 4.797e+02)
|        ( QUESTION2_7_L -1 2.225e+04 7.607e+02 9.298e+02
|            ( QUESTION16 -1 1.543e+04 6.369e+02 6.624e+02
|                ( - 3.813e+03 5 0 QUESTION0_20_R 1 2.769e+02 1.868e+02)
|                ( QUESTION0 -1 1.098e+04 4.944e+02 4.755e+02
|                    ( - 7.349e+03 6 0 QUESTION0_10_R 1 3.561e+02 3.244e+02)
|                    ( - 3.138e+03 3 0 QUESTION0_10_R 1 2.613e+02 1.511e+02)))
|            ( QUESTION0_0_R 1 6.063e+03 4.480e+02 2.675e+02
|                ( - 3.490e+03 2 0 QUESTION16 -1 2.875e+02 1.628e+02)
|                ( - 2.124e+03 8 0 QUESTION0 -1 2.713e+02 1.046e+02)))))
s>    ( QUESTION2_8_L -1 5.003e+04 1.315e+03 2.059e+03
s>        ( QUESTION0_13_R 1 1.470e+04 5.194e+02 6.500e+02
s>            ( - 5.680e+03 4 0 WDBNDRY_B 0 2.532e+02 2.613e+02)
s>            ( - 8.502e+03 18 0 WDBNDRY_B 0 4.147e+02 3.886e+02))
s>        ( QUESTION7 -1 3.401e+04 1.093e+03 1.410e+03
s>            ( - 1.067e+04 5 0 QUESTION0_20_R 1 3.962e+02 4.797e+02)
s>            ( QUESTION2_7_L -1 2.225e+04 7.607e+02 9.298e+02
s>                ( QUESTION16 -1 1.543e+04 6.369e+02 6.624e+02
s>                    ( - 3.813e+03 5 0 QUESTION0_20_R 1 2.769e+02 1.868e+02)
s>                    ( QUESTION0 -1 1.098e+04 4.944e+02 4.755e+02
s>                        ( - 7.349e+03 6 0 QUESTION0_10_R 1 3.561e+02 3.244e+02)
s>                        ( - 3.138e+03 3 0 QUESTION0_10_R 1 2.613e+02 1.511e+02)))
s>                ( QUESTION0_0_R 1 6.063e+03 4.480e+02 2.675e+02
s>                    ( - 3.490e+03 2 0 QUESTION16 -1 2.875e+02 1.628e+02)
s>                    ( - 2.124e+03 8 0 QUESTION0 -1 2.713e+02 1.046e+02)))))INFO: dtree.c(1315): Comp split 3
INFO: dtree.c(1478): Final simple tree
|( QUESTION17 1 1.879e+04 6.509e+02 8.128e+02
|    ( QUESTION0_10_R 1 1.054e+04 4.411e+02 4.725e+02
|        ( WDBNDRY_B 0 5.787e+03 2.671e+02 2.653e+02
|            ( - 4.808e+03 2 0)
|            ( - 7.111e+02 3 0 WDBNDRY_E 0 7.133e+01 4.002e+01))
|        ( - 4.310e+03 2 0))
|    ( QUESTION14 -1 7.597e+03 4.214e+02 3.402e+02
|        ( QUESTION0_8_R 1 3.685e+03 3.125e+02 1.774e+02
|            ( - 1.379e+03 4 0 WDBNDRY_B 0 1.273e+02 7.715e+01)
|            ( QUESTION0_10_R 1 1.994e+03 2.190e+02 1.003e+02
|                ( - 8.524e+02 5 0 QUESTION0_17_R 1 1.265e+02 4.650e+01)
|                ( - 9.222e+02 6 0 QUESTION0_4_R 1 1.160e+02 5.377e+01)))
|        ( QUESTION16 -1 3.490e+03 2.875e+02 1.628e+02
|            ( - 1.694e+03 1 0)
|            ( - 1.509e+03 1 0))))
s>    ( QUESTION17 1 1.879e+04 6.509e+02 8.128e+02
s>        ( QUESTION0_10_R 1 1.054e+04 4.411e+02 4.725e+02
s>            ( WDBNDRY_B 0 5.787e+03 2.671e+02 2.653e+02
s>                ( - 4.808e+03 2 0)
s>                ( - 7.111e+02 3 0 WDBNDRY_E 0 7.133e+01 4.002e+01))
s>            ( - 4.310e+03 2 0))
s>        ( QUESTION14 -1 7.597e+03 4.214e+02 3.402e+02
s>            ( QUESTION0_8_R 1 3.685e+03 3.125e+02 1.774e+02
s>                ( - 1.379e+03 4 0 WDBNDRY_B 0 1.273e+02 7.715e+01)
s>                ( QUESTION0_10_R 1 1.994e+03 2.190e+02 1.003e+02
s>                    ( - 8.524e+02 5 0 QUESTION0_17_R 1 1.265e+02 4.650e+01)
s>                    ( - 9.222e+02 6 0 QUESTION0_4_R 1 1.160e+02 5.377e+01)))
s>            ( QUESTION16 -1 3.490e+03 2.875e+02 1.628e+02
s>                ( - 1.694e+03 1 0)
s>                ( - 1.509e+03 1 0))))INFO: dtree.c(1478): Final simple tree
|( QUESTION7 -1 2.982e+04 1.086e+03 1.247e+03
|    ( QUESTION0_20_R 1 1.067e+04 3.962e+02 4.797e+02
|        ( - 6.132e+03 1 0)
|        ( - 4.138e+03 4 0 QUESTION0_0_R 1 2.440e+02 1.986e+02))
|    ( QUESTION3 -1 1.806e+04 6.469e+02 7.670e+02
|        ( QUESTION0_10_R 1 7.349e+03 3.561e+02 3.244e+02
|            ( - 2.462e+03 2 0)
|            ( - 4.530e+03 4 0 QUESTION0_0_R 1 1.945e+02 2.080e+02))
|        ( QUESTION17 -1 1.007e+04 5.768e+02 4.426e+02
|            ( QUESTION0_10_R 1 4.105e+03 3.061e+02 1.901e+02
|                ( - 1.638e+03 3 0 WDBNDRY_B 0 2.017e+02 8.341e+01)
|                ( - 2.161e+03 2 0 QUESTION2_0_L -1 2.186e+02 1.067e+02))
|            ( QUESTION2_7_L -1 5.388e+03 3.386e+02 2.525e+02
|                ( - 3.813e+03 5 0 QUESTION0_20_R 1 2.769e+02 1.868e+02)
|                ( - 1.236e+03 6 0 QUESTION2_17_L -1 1.523e+02 6.565e+01)))))
s>    ( QUESTION7 -1 2.982e+04 1.086e+03 1.247e+03
s>        ( QUESTION0_20_R 1 1.067e+04 3.962e+02 4.797e+02
s>            ( - 6.132e+03 1 0)
s>            ( - 4.138e+03 4 0 QUESTION0_0_R 1 2.440e+02 1.986e+02))
s>        ( QUESTION3 -1 1.806e+04 6.469e+02 7.670e+02
s>            ( QUESTION0_10_R 1 7.349e+03 3.561e+02 3.244e+02
s>                ( - 2.462e+03 2 0)
s>                ( - 4.530e+03 4 0 QUESTION0_0_R 1 1.945e+02 2.080e+02))
s>            ( QUESTION17 -1 1.007e+04 5.768e+02 4.426e+02
s>                ( QUESTION0_10_R 1 4.105e+03 3.061e+02 1.901e+02
s>                    ( - 1.638e+03 3 0 WDBNDRY_B 0 2.017e+02 8.341e+01)
s>                    ( - 2.161e+03 2 0 QUESTION2_0_L -1 2.186e+02 1.067e+02))
s>                ( QUESTION2_7_L -1 5.388e+03 3.386e+02 2.525e+02
s>                    ( - 3.813e+03 5 0 QUESTION0_20_R 1 2.769e+02 1.868e+02)
s>                    ( - 1.236e+03 6 0 QUESTION2_17_L -1 1.523e+02 6.565e+01)))))INFO: dtree.c(1315): Comp split 4
INFO: dtree.c(1478): Final simple tree
|( QUESTION0_20_R 1 1.226e+04 4.138e+02 5.454e+02
|    ( QUESTION7 -1 7.122e+03 2.795e+02 3.231e+02
|        ( - 6.132e+03 1 0)
|        ( QUESTION2_17_L -1 7.108e+02 9.959e+01 4.200e+01
|            ( - 5.001e+02 1 0)
|            ( - 1.111e+02 2 0 QUESTION0 -1 3.633e+01 1.000e+01)))
|    ( QUESTION0_11_R 1 4.722e+03 2.629e+02 2.223e+02
|        ( QUESTION7 -1 3.927e+03 1.742e+02 1.903e+02
|            ( QUESTION8 -1 3.481e+03 1.260e+02 1.726e+02
|                ( - 6.556e+01 1 0)
|                ( - 3.290e+03 1 0))
|            ( - 2.711e+02 2 0 QUESTION0 -1 2.226e+01 1.765e+01))
|        ( WDBNDRY_B 0 5.319e+02 7.363e+01 3.200e+01
|            ( - 4.130e+02 2 0 QUESTION8 -1 6.577e+01 2.600e+01)
|            ( - 4.532e+01 1 0))))
s>    ( QUESTION0_20_R 1 1.226e+04 4.138e+02 5.454e+02
s>        ( QUESTION7 -1 7.122e+03 2.795e+02 3.231e+02
s>            ( - 6.132e+03 1 0)
s>            ( QUESTION2_17_L -1 7.108e+02 9.959e+01 4.200e+01
s>                ( - 5.001e+02 1 0)
s>                ( - 1.111e+02 2 0 QUESTION0 -1 3.633e+01 1.000e+01)))
s>        ( QUESTION0_11_R 1 4.722e+03 2.629e+02 2.223e+02
s>            ( QUESTION7 -1 3.927e+03 1.742e+02 1.903e+02
s>                ( QUESTION8 -1 3.481e+03 1.260e+02 1.726e+02
s>                    ( - 6.556e+01 1 0)
s>                    ( - 3.290e+03 1 0))
s>                ( - 2.711e+02 2 0 QUESTION0 -1 2.226e+01 1.765e+01))
s>            ( WDBNDRY_B 0 5.319e+02 7.363e+01 3.200e+01
s>                ( - 4.130e+02 2 0 QUESTION8 -1 6.577e+01 2.600e+01)
s>                ( - 4.532e+01 1 0))))INFO: dtree.c(1478): Final simple tree
|( QUESTION16 -1 1.643e+04 6.312e+02 7.014e+02
|    ( QUESTION0_20_R 1 3.813e+03 2.769e+02 1.868e+02
|        ( - 2.132e+03 1 0)
|        ( - 1.404e+03 4 0 QUESTION0_0_R 1 1.272e+02 7.800e+01))
|    ( QUESTION0 -1 1.198e+04 5.297e+02 5.145e+02
|        ( QUESTION0_10_R 1 7.349e+03 3.561e+02 3.244e+02
|            ( - 2.462e+03 2 0)
|            ( - 4.530e+03 4 0 QUESTION0_0_R 1 1.945e+02 2.080e+02))
|        ( QUESTION0_10_R 1 4.105e+03 3.061e+02 1.901e+02
|            ( WDBNDRY_B 0 1.638e+03 2.017e+02 8.341e+01
|                ( - 1.055e+03 1 0)
|                ( - 3.814e+02 2 0 QUESTION2_0_L -1 7.024e+01 2.600e+01))
|            ( QUESTION2_0_L -1 2.161e+03 2.186e+02 1.067e+02
|                ( - 3.336e+02 1 0)
|                ( - 1.608e+03 1 0)))))
s>    ( QUESTION16 -1 1.643e+04 6.312e+02 7.014e+02
s>        ( QUESTION0_20_R 1 3.813e+03 2.769e+02 1.868e+02
s>            ( - 2.132e+03 1 0)
s>            ( - 1.404e+03 4 0 QUESTION0_0_R 1 1.272e+02 7.800e+01))
s>        ( QUESTION0 -1 1.198e+04 5.297e+02 5.145e+02
s>            ( QUESTION0_10_R 1 7.349e+03 3.561e+02 3.244e+02
s>                ( - 2.462e+03 2 0)
s>                ( - 4.530e+03 4 0 QUESTION0_0_R 1 1.945e+02 2.080e+02))
s>            ( QUESTION0_10_R 1 4.105e+03 3.061e+02 1.901e+02
s>                ( WDBNDRY_B 0 1.638e+03 2.017e+02 8.341e+01
s>                    ( - 1.055e+03 1 0)
s>                    ( - 3.814e+02 2 0 QUESTION2_0_L -1 7.024e+01 2.600e+01))
s>                ( QUESTION2_0_L -1 2.161e+03 2.186e+02 1.067e+02
s>                    ( - 3.336e+02 1 0)
s>                    ( - 1.608e+03 1 0)))))INFO: dtree.c(1315): Comp split 5
INFO: dtree.c(1478): Final simple tree
|( QUESTION11 -1 5.001e+03 4.652e+02 2.160e+02
|    ( QUESTION0_10_R 1 2.738e+03 2.651e+02 1.278e+02
|        ( - 1.108e+03 1 0)
|        ( QUESTION0_0_R 1 1.365e+03 1.834e+02 6.888e+01
|            ( - 3.736e+02 1 0)
|            ( QUESTION2_11_L -1 8.081e+02 9.947e+01 4.488e+01
|                ( - 6.271e+02 1 0)
|                ( - 8.153e+01 1 0))))
|    ( QUESTION2_11_L -1 1.798e+03 1.938e+02 8.823e+01
|        ( QUESTION0_20_R 1 1.261e+03 1.366e+02 6.623e+01
|            ( - 4.443e+02 1 0)
|            ( QUESTION0_0_R 1 6.802e+02 1.019e+02 3.825e+01
|                ( - 1.648e+02 1 0)
|                ( - 4.135e+02 1 0)))
|        ( - 3.430e+02 3 0 QUESTION0_10_R 1 7.419e+01 2.200e+01)))
s>    ( QUESTION11 -1 5.001e+03 4.652e+02 2.160e+02
s>        ( QUESTION0_10_R 1 2.738e+03 2.651e+02 1.278e+02
s>            ( - 1.108e+03 1 0)
s>            ( QUESTION0_0_R 1 1.365e+03 1.834e+02 6.888e+01
s>                ( - 3.736e+02 1 0)
s>                ( QUESTION2_11_L -1 8.081e+02 9.947e+01 4.488e+01
s>                    ( - 6.271e+02 1 0)
s>                    ( - 8.153e+01 1 0))))
s>        ( QUESTION2_11_L -1 1.798e+03 1.938e+02 8.823e+01
s>            ( QUESTION0_20_R 1 1.261e+03 1.366e+02 6.623e+01
s>                ( - 4.443e+02 1 0)
s>                ( QUESTION0_0_R 1 6.802e+02 1.019e+02 3.825e+01
s>                    ( - 1.648e+02 1 0)
s>                    ( - 4.135e+02 1 0)))
s>            ( - 3.430e+02 3 0 QUESTION0_10_R 1 7.419e+01 2.200e+01)))INFO: dtree.c(1439): stop. leaf nodes are specific
INFO: dtree.c(1478): Final simple tree
|( QUESTION0_14_R 1 1.183e+04 6.206e+02 5.269e+02
|    ( - 3.208e+03 1 0)
|    ( QUESTION0_20_R 1 8.007e+03 3.601e+02 3.686e+02
|        ( - 3.137e+03 1 0)
|        ( QUESTION0_0_R 1 4.510e+03 3.108e+02 2.153e+02
|            ( - 2.234e+03 1 0)
|            ( - 1.965e+03 1 0))))
s>    ( QUESTION0_14_R 1 1.183e+04 6.206e+02 5.269e+02
s>        ( - 3.208e+03 1 0)
s>        ( QUESTION0_20_R 1 8.007e+03 3.601e+02 3.686e+02
s>            ( - 3.137e+03 1 0)
s>            ( QUESTION0_0_R 1 4.510e+03 3.108e+02 2.153e+02
s>                ( - 2.234e+03 1 0)
s>                ( - 1.965e+03 1 0))))INFO: dtree.c(1315): Comp split 6
INFO: dtree.c(1478): Final simple tree
|( QUESTION1 1 1.398e+04 4.336e+02 6.405e+02
|    ( QUESTION0_0_R 1 7.101e+03 1.679e+02 3.339e+02
|        ( - 2.259e+02 1 0)
|        ( - 6.708e+03 2 0))
|    ( QUESTION0_17_R 1 6.444e+03 3.398e+02 3.065e+02
|        ( QUESTION0_18_R 1 1.687e+03 1.083e+02 9.536e+01
|            ( - 4.136e+01 1 0)
|            ( - 1.538e+03 1 0))
|        ( QUESTION0_5_R 1 4.417e+03 2.859e+02 2.112e+02
|            ( - 1.334e+03 1 0)
|            ( QUESTION0_0_R 1 2.797e+03 2.130e+02 1.395e+02
|                ( QUESTION0_1_R 1 1.297e+03 4.871e+01 7.421e+01
|                    ( - 2.742e+01 1 0)
|                    ( - 1.220e+03 2 0))
|                ( - 1.288e+03 2 0)))))
s>    ( QUESTION1 1 1.398e+04 4.336e+02 6.405e+02
s>        ( QUESTION0_0_R 1 7.101e+03 1.679e+02 3.339e+02
s>            ( - 2.259e+02 1 0)
s>            ( - 6.708e+03 2 0))
s>        ( QUESTION0_17_R 1 6.444e+03 3.398e+02 3.065e+02
s>            ( QUESTION0_18_R 1 1.687e+03 1.083e+02 9.536e+01
s>                ( - 4.136e+01 1 0)
s>                ( - 1.538e+03 1 0))
s>            ( QUESTION0_5_R 1 4.417e+03 2.859e+02 2.112e+02
s>                ( - 1.334e+03 1 0)
s>                ( QUESTION0_0_R 1 2.797e+03 2.130e+02 1.395e+02
s>                    ( QUESTION0_1_R 1 1.297e+03 4.871e+01 7.421e+01
s>                        ( - 2.742e+01 1 0)
s>                        ( - 1.220e+03 2 0))
s>                    ( - 1.288e+03 2 0)))))INFO: dtree.c(1439): stop. leaf nodes are specific
INFO: dtree.c(1478): Final simple tree
|( SILENCE 1 9.940e+03 4.885e+02 4.303e+02
|    ( - 6.251e+03 1 0)
|    ( QUESTION0_13_R 1 3.200e+03 2.406e+02 1.601e+02
|        ( - 1.313e+03 1 0)
|        ( QUESTION10 1 1.647e+03 1.772e+02 8.714e+01
|            ( QUESTION11 1 6.615e+02 8.604e+01 3.800e+01
|                ( - 5.131e+02 2 0)
|                ( - 6.242e+01 1 0))
|            ( QUESTION14 1 8.081e+02 1.021e+02 4.914e+01
|                ( - 3.704e+02 1 0)
|                ( QUESTION0_10_R 1 3.356e+02 6.296e+01 2.300e+01
|                    ( - 9.814e+01 1 0)
|                    ( - 1.745e+02 1 0))))))
s>    ( SILENCE 1 9.940e+03 4.885e+02 4.303e+02
s>        ( - 6.251e+03 1 0)
s>        ( QUESTION0_13_R 1 3.200e+03 2.406e+02 1.601e+02
s>            ( - 1.313e+03 1 0)
s>            ( QUESTION10 1 1.647e+03 1.772e+02 8.714e+01
s>                ( QUESTION11 1 6.615e+02 8.604e+01 3.800e+01
s>                    ( - 5.131e+02 2 0)
s>                    ( - 6.242e+01 1 0))
s>                ( QUESTION14 1 8.081e+02 1.021e+02 4.914e+01
s>                    ( - 3.704e+02 1 0)
s>                    ( QUESTION0_10_R 1 3.356e+02 6.296e+01 2.300e+01
s>                        ( - 9.814e+01 1 0)
s>                        ( - 1.745e+02 1 0))))))INFO: dtree.c(1315): Comp split 7
INFO: dtree.c(1439): stop. leaf nodes are specific
INFO: dtree.c(1478): Final simple tree
|( QUESTION0_11_R 1 1.070e+04 4.653e+02 4.790e+02
|    ( - 4.808e+03 2 0)
|    ( WDBNDRY_B 0 5.427e+03 2.643e+02 2.537e+02
|        ( - 4.310e+03 2 0)
|        ( QUESTION0_17_R 1 8.524e+02 1.265e+02 4.650e+01
|            ( QUESTION0_18_R 1 3.223e+02 6.079e+01 2.050e+01
|                ( - 2.346e+02 1 0)
|                ( - 2.692e+01 1 0))
|            ( QUESTION0_15_R 1 4.037e+02 7.685e+01 2.600e+01
|                ( - 1.654e+02 2 0)
|                ( - 1.615e+02 1 0)))))
s>    ( QUESTION0_11_R 1 1.070e+04 4.653e+02 4.790e+02
s>        ( - 4.808e+03 2 0)
s>        ( WDBNDRY_B 0 5.427e+03 2.643e+02 2.537e+02
s>            ( - 4.310e+03 2 0)
s>            ( QUESTION0_17_R 1 8.524e+02 1.265e+02 4.650e+01
s>                ( QUESTION0_18_R 1 3.223e+02 6.079e+01 2.050e+01
s>                    ( - 2.346e+02 1 0)
s>                    ( - 2.692e+01 1 0))
s>                ( QUESTION0_15_R 1 4.037e+02 7.685e+01 2.600e+01
s>                    ( - 1.654e+02 2 0)
s>                    ( - 1.615e+02 1 0)))))INFO: dtree.c(1478): Final simple tree
|( QUESTION2_0_L -1 7.395e+03 4.688e+02 3.337e+02
|    ( QUESTION16 -1 3.490e+03 2.875e+02 1.628e+02
|        ( - 1.694e+03 1 0)
|        ( - 1.509e+03 1 0))
|    ( WDBNDRY_E 0 3.435e+03 2.851e+02 1.709e+02
|        ( QUESTION0_13_R 1 1.934e+03 1.562e+02 1.028e+02
|            ( - 4.710e+02 1 0)
|            ( QUESTION0_1_R 1 1.306e+03 1.299e+02 7.475e+01
|                ( QUESTION0_5_R 1 6.184e+02 8.331e+01 3.777e+01
|                    ( - 2.585e+02 2 0)
|                    ( - 2.766e+02 2 0 QUESTION0_2_R 1 5.721e+01 2.000e+01))
|                ( QUESTION0_0_R 1 5.579e+02 9.874e+01 3.698e+01
|                    ( - 1.946e+02 2 0 QUESTION14 1 2.980e+01 1.698e+01)
|                    ( - 2.646e+02 3 0 QUESTION0_10_R 1 3.527e+01 2.000e+01))))
|        ( - 1.217e+03 3 0 WDBNDRY_B 0 8.027e+01 6.817e+01)))
s>    ( QUESTION2_0_L -1 7.395e+03 4.688e+02 3.337e+02
s>        ( QUESTION16 -1 3.490e+03 2.875e+02 1.628e+02
s>            ( - 1.694e+03 1 0)
s>            ( - 1.509e+03 1 0))
s>        ( WDBNDRY_E 0 3.435e+03 2.851e+02 1.709e+02
s>            ( QUESTION0_13_R 1 1.934e+03 1.562e+02 1.028e+02
s>                ( - 4.710e+02 1 0)
s>                ( QUESTION0_1_R 1 1.306e+03 1.299e+02 7.475e+01
s>                    ( QUESTION0_5_R 1 6.184e+02 8.331e+01 3.777e+01
s>                        ( - 2.585e+02 2 0)
s>                        ( - 2.766e+02 2 0 QUESTION0_2_R 1 5.721e+01 2.000e+01))
s>                    ( QUESTION0_0_R 1 5.579e+02 9.874e+01 3.698e+01
s>                        ( - 1.946e+02 2 0 QUESTION14 1 2.980e+01 1.698e+01)
s>                        ( - 2.646e+02 3 0 QUESTION0_10_R 1 3.527e+01 2.000e+01))))
s>            ( - 1.217e+03 3 0 WDBNDRY_B 0 8.027e+01 6.817e+01)))INFO: dtree.c(1315): Comp split 8
INFO: dtree.c(1439): stop. leaf nodes are specific
INFO: dtree.c(1478): Final simple tree
|( QUESTION0 -1 1.076e+04 5.073e+02 4.655e+02
|    ( QUESTION0_10_R 1 7.349e+03 3.561e+02 3.244e+02
|        ( - 2.462e+03 2 0)
|        ( QUESTION0_0_R 1 4.530e+03 1.945e+02 2.080e+02
|            ( - 3.282e+02 2 0)
|            ( - 4.008e+03 2 0)))
|    ( QUESTION0_10_R 1 2.905e+03 2.414e+02 1.411e+02
|        ( - 1.055e+03 1 0)
|        ( - 1.608e+03 1 0)))
s>    ( QUESTION0 -1 1.076e+04 5.073e+02 4.655e+02
s>        ( QUESTION0_10_R 1 7.349e+03 3.561e+02 3.244e+02
s>            ( - 2.462e+03 2 0)
s>            ( QUESTION0_0_R 1 4.530e+03 1.945e+02 2.080e+02
s>                ( - 3.282e+02 2 0)
s>                ( - 4.008e+03 2 0)))
s>        ( QUESTION0_10_R 1 2.905e+03 2.414e+02 1.411e+02
s>            ( - 1.055e+03 1 0)
s>            ( - 1.608e+03 1 0)))INFO: dtree.c(1439): stop. leaf nodes are specific
INFO: dtree.c(1478): Final simple tree
|( QUESTION0_20_R 1 4.980e+03 3.239e+02 2.358e+02
|    ( QUESTION16 -1 2.682e+03 2.166e+02 1.318e+02
|        ( - 2.132e+03 1 0)
|        ( - 3.336e+02 1 0))
|    ( QUESTION0_11_R 1 1.974e+03 2.024e+02 1.040e+02
|        ( - 1.133e+03 2 0)
|        ( WDBNDRY_B 0 6.389e+02 1.129e+02 3.800e+01
|            ( - 1.446e+02 2 0)
|            ( QUESTION2_0_L -1 3.814e+02 7.024e+01 2.600e+01
|                ( - 2.039e+02 1 0)
|                ( - 1.073e+02 1 0)))))
s>    ( QUESTION0_20_R 1 4.980e+03 3.239e+02 2.358e+02
s>        ( QUESTION16 -1 2.682e+03 2.166e+02 1.318e+02
s>            ( - 2.132e+03 1 0)
s>            ( - 3.336e+02 1 0))
s>        ( QUESTION0_11_R 1 1.974e+03 2.024e+02 1.040e+02
s>            ( - 1.133e+03 2 0)
s>            ( WDBNDRY_B 0 6.389e+02 1.129e+02 3.800e+01
s>                ( - 1.446e+02 2 0)
s>                ( QUESTION2_0_L -1 3.814e+02 7.024e+01 2.600e+01
s>                    ( - 2.039e+02 1 0)
s>                    ( - 1.073e+02 1 0)))))INFO: dtree.c(1315): Comp split 9
INFO: dtree.c(1439): stop. leaf nodes are specific
INFO: dtree.c(1478): Final simple tree
|( QUESTION0_20_R 1 8.007e+03 3.601e+02 3.686e+02
|    ( - 3.137e+03 1 0)
|    ( QUESTION0_0_R 1 4.510e+03 3.108e+02 2.153e+02
|        ( - 2.234e+03 1 0)
|        ( - 1.965e+03 1 0)))
s>    ( QUESTION0_20_R 1 8.007e+03 3.601e+02 3.686e+02
s>        ( - 3.137e+03 1 0)
s>        ( QUESTION0_0_R 1 4.510e+03 3.108e+02 2.153e+02
s>            ( - 2.234e+03 1 0)
s>            ( - 1.965e+03 1 0)))INFO: dtree.c(1315): Comp split 10
INFO: dtree.c(1478): Final simple tree
|( SILENCE 1 8.365e+03 3.687e+02 3.883e+02
|    ( - 2.931e+03 1 0)
|    ( QUESTION0_20_R 1 5.065e+03 2.689e+02 2.494e+02
|        ( QUESTION11 1 2.358e+03 1.757e+02 1.260e+02
|            ( - 1.449e+03 3 0)
|            ( QUESTION1 1 7.330e+02 9.175e+01 4.314e+01
|                ( - 2.330e+02 1 0)
|                ( - 4.083e+02 1 0)))
|        ( QUESTION14 1 2.438e+03 2.032e+02 1.235e+02
|            ( - 8.501e+02 2 0 QUESTION0_0_R 1 4.791e+01 4.879e+01)
|            ( QUESTION0_17_R 1 1.385e+03 1.416e+02 7.467e+01
|                ( - 4.434e+02 2 0 QUESTION0_18_R 1 3.915e+01 2.968e+01)
|                ( QUESTION0 1 8.002e+02 1.115e+02 4.499e+01
|                    ( - 3.188e+02 6 0 QUESTION7 1 5.515e+01 2.199e+01)
|                    ( - 3.699e+02 5 0 QUESTION0_5_R 1 7.394e+01 2.300e+01))))))
s>    ( SILENCE 1 8.365e+03 3.687e+02 3.883e+02
s>        ( - 2.931e+03 1 0)
s>        ( QUESTION0_20_R 1 5.065e+03 2.689e+02 2.494e+02
s>            ( QUESTION11 1 2.358e+03 1.757e+02 1.260e+02
s>                ( - 1.449e+03 3 0)
s>                ( QUESTION1 1 7.330e+02 9.175e+01 4.314e+01
s>                    ( - 2.330e+02 1 0)
s>                    ( - 4.083e+02 1 0)))
s>            ( QUESTION14 1 2.438e+03 2.032e+02 1.235e+02
s>                ( - 8.501e+02 2 0 QUESTION0_0_R 1 4.791e+01 4.879e+01)
s>                ( QUESTION0_17_R 1 1.385e+03 1.416e+02 7.467e+01
s>                    ( - 4.434e+02 2 0 QUESTION0_18_R 1 3.915e+01 2.968e+01)
s>                    ( QUESTION0 1 8.002e+02 1.115e+02 4.499e+01
s>                        ( - 3.188e+02 6 0 QUESTION7 1 5.515e+01 2.199e+01)
s>                        ( - 3.699e+02 5 0 QUESTION0_5_R 1 7.394e+01 2.300e+01))))))INFO: dtree.c(1439): stop. leaf nodes are specific
INFO: dtree.c(1478): Final simple tree
|( QUESTION0_10_R 1 2.322e+03 4.973e+01 1.230e+02
|    ( - 2.264e+03 1 0)
|    ( - 7.905e+00 1 0))
s>    ( QUESTION0_10_R 1 2.322e+03 4.973e+01 1.230e+02
s>        ( - 2.264e+03 1 0)
s>        ( - 7.905e+00 1 0))INFO: dtree.c(1315): Comp split 11
INFO: dtree.c(1439): stop. leaf nodes are specific
INFO: dtree.c(1478): Final simple tree
|( QUESTION0_10_R 1 7.349e+03 3.561e+02 3.244e+02
|    ( - 2.462e+03 2 0)
|    ( QUESTION0_0_R 1 4.530e+03 1.945e+02 2.080e+02
|        ( - 3.282e+02 2 0)
|        ( - 4.008e+03 2 0)))
s>    ( QUESTION0_10_R 1 7.349e+03 3.561e+02 3.244e+02
s>        ( - 2.462e+03 2 0)
s>        ( QUESTION0_0_R 1 4.530e+03 1.945e+02 2.080e+02
s>            ( - 3.282e+02 2 0)
s>            ( - 4.008e+03 2 0)))INFO: dtree.c(1439): stop. leaf nodes are specific
INFO: dtree.c(1478): Final simple tree
|( QUESTION0_10_R 1 2.905e+03 2.414e+02 1.411e+02
|    ( - 1.055e+03 1 0)
|    ( - 1.608e+03 1 0))
s>    ( QUESTION0_10_R 1 2.905e+03 2.414e+02 1.411e+02
s>        ( - 1.055e+03 1 0)
s>        ( - 1.608e+03 1 0))INFO: dtree.c(1315): Comp split 12
INFO: dtree.c(1439): stop. leaf nodes are specific
INFO: dtree.c(1478): Final simple tree
|( SILENCE 1 6.448e+03 9.810e+01 2.792e+02
|    ( - 6.251e+03 1 0)
|    ( - 9.814e+01 1 0))
s>    ( SILENCE 1 6.448e+03 9.810e+01 2.792e+02
s>        ( - 6.251e+03 1 0)
s>        ( - 9.814e+01 1 0))INFO: dtree.c(1439): stop. leaf nodes are specific
INFO: dtree.c(1478): Final simple tree
|( QUESTION0_13_R 1 3.001e+03 2.316e+02 1.511e+02
|    ( - 1.313e+03 1 0)
|    ( QUESTION11 1 1.457e+03 1.650e+02 7.814e+01
|        ( - 5.131e+02 2 0)
|        ( QUESTION0_10_R 1 7.788e+02 1.141e+02 4.714e+01
|            ( - 3.704e+02 1 0)
|            ( QUESTION1 1 2.943e+02 5.740e+01 2.100e+01
|                ( - 1.745e+02 1 0)
|                ( - 6.242e+01 1 0)))))
s>    ( QUESTION0_13_R 1 3.001e+03 2.316e+02 1.511e+02
s>        ( - 1.313e+03 1 0)
s>        ( QUESTION11 1 1.457e+03 1.650e+02 7.814e+01
s>            ( - 5.131e+02 2 0)
s>            ( QUESTION0_10_R 1 7.788e+02 1.141e+02 4.714e+01
s>                ( - 3.704e+02 1 0)
s>                ( QUESTION1 1 2.943e+02 5.740e+01 2.100e+01
s>                    ( - 1.745e+02 1 0)
s>                    ( - 6.242e+01 1 0)))))INFO: dtree.c(1315): Comp split 13
INFO: dtree.c(1439): stop. leaf nodes are specific
INFO: dtree.c(1478): Final simple tree
|( WDBNDRY_B 0 4.916e+03 8.024e+01 2.294e+02
|    ( - 4.808e+03 2 0)
|    ( - 2.692e+01 1 0))
s>    ( WDBNDRY_B 0 4.916e+03 8.024e+01 2.294e+02
s>        ( - 4.808e+03 2 0)
s>        ( - 2.692e+01 1 0))INFO: dtree.c(1439): stop. leaf nodes are specific
INFO: dtree.c(1478): Final simple tree
|( WDBNDRY_B 0 5.316e+03 2.578e+02 2.497e+02
|    ( - 4.310e+03 2 0)
|    ( QUESTION0_17_R 1 7.478e+02 1.095e+02 4.245e+01
|        ( - 2.346e+02 1 0)
|        ( QUESTION0_15_R 1 4.037e+02 7.685e+01 2.600e+01
|            ( - 1.654e+02 2 0)
|            ( - 1.615e+02 1 0))))
s>    ( WDBNDRY_B 0 5.316e+03 2.578e+02 2.497e+02
s>        ( - 4.310e+03 2 0)
s>        ( QUESTION0_17_R 1 7.478e+02 1.095e+02 4.245e+01
s>            ( - 2.346e+02 1 0)
s>            ( QUESTION0_15_R 1 4.037e+02 7.685e+01 2.600e+01
s>                ( - 1.654e+02 2 0)
s>                ( - 1.615e+02 1 0))))INFO: dtree.c(1315): Comp split 14
INFO: dtree.c(1478): Final simple tree
|( WDBNDRY_E 0 3.435e+03 2.851e+02 1.709e+02
|    ( QUESTION0_13_R 1 1.934e+03 1.562e+02 1.028e+02
|        ( - 4.710e+02 1 0)
|        ( QUESTION0_1_R 1 1.306e+03 1.299e+02 7.475e+01
|            ( QUESTION0_5_R 1 6.184e+02 8.331e+01 3.777e+01
|                ( - 2.585e+02 2 0)
|                ( QUESTION0_2_R 1 2.766e+02 5.721e+01 2.000e+01
|                    ( - 1.218e+02 1 0)
|                    ( - 9.754e+01 1 0)))
|            ( QUESTION0_0_R 1 5.579e+02 9.874e+01 3.698e+01
|                ( - 1.946e+02 2 0 QUESTION14 1 2.980e+01 1.698e+01)
|                ( - 2.646e+02 3 0 QUESTION0_10_R 1 3.527e+01 2.000e+01))))
|    ( WDBNDRY_B 0 1.217e+03 8.027e+01 6.817e+01
|        ( - 1.057e+03 2 0)
|        ( - 7.919e+01 1 0)))
s>    ( WDBNDRY_E 0 3.435e+03 2.851e+02 1.709e+02
s>        ( QUESTION0_13_R 1 1.934e+03 1.562e+02 1.028e+02
s>            ( - 4.710e+02 1 0)
s>            ( QUESTION0_1_R 1 1.306e+03 1.299e+02 7.475e+01
s>                ( QUESTION0_5_R 1 6.184e+02 8.331e+01 3.777e+01
s>                    ( - 2.585e+02 2 0)
s>                    ( QUESTION0_2_R 1 2.766e+02 5.721e+01 2.000e+01
s>                        ( - 1.218e+02 1 0)
s>                        ( - 9.754e+01 1 0)))
s>                ( QUESTION0_0_R 1 5.579e+02 9.874e+01 3.698e+01
s>                    ( - 1.946e+02 2 0 QUESTION14 1 2.980e+01 1.698e+01)
s>                    ( - 2.646e+02 3 0 QUESTION0_10_R 1 3.527e+01 2.000e+01))))
s>        ( WDBNDRY_B 0 1.217e+03 8.027e+01 6.817e+01
s>            ( - 1.057e+03 2 0)
s>            ( - 7.919e+01 1 0)))INFO: dtree.c(1439): stop. leaf nodes are specific
INFO: dtree.c(1478): Final simple tree
|( QUESTION16 -1 3.490e+03 2.875e+02 1.628e+02
|    ( - 1.694e+03 1 0)
|    ( - 1.509e+03 1 0))
s>    ( QUESTION16 -1 3.490e+03 2.875e+02 1.628e+02
s>        ( - 1.694e+03 1 0)
s>        ( - 1.509e+03 1 0))INFO: dtree.c(1315): Comp split 15
INFO: dtree.c(1439): stop. leaf nodes are specific
INFO: dtree.c(1478): Final simple tree
|( QUESTION2_11_L -1 1.798e+03 1.938e+02 8.823e+01
|    ( QUESTION0_20_R 1 1.261e+03 1.366e+02 6.623e+01
|        ( - 4.443e+02 1 0)
|        ( QUESTION0_0_R 1 6.802e+02 1.019e+02 3.825e+01
|            ( - 1.648e+02 1 0)
|            ( - 4.135e+02 1 0)))
|    ( QUESTION0_10_R 1 3.430e+02 7.419e+01 2.200e+01
|        ( - 1.760e+02 1 0)
|        ( QUESTION2_7_L -1 9.279e+01 1.938e+01 8.000e+00
|            ( - 4.672e+00 1 0)
|            ( - 6.874e+01 1 0))))
s>    ( QUESTION2_11_L -1 1.798e+03 1.938e+02 8.823e+01
s>        ( QUESTION0_20_R 1 1.261e+03 1.366e+02 6.623e+01
s>            ( - 4.443e+02 1 0)
s>            ( QUESTION0_0_R 1 6.802e+02 1.019e+02 3.825e+01
s>                ( - 1.648e+02 1 0)
s>                ( - 4.135e+02 1 0)))
s>        ( QUESTION0_10_R 1 3.430e+02 7.419e+01 2.200e+01
s>            ( - 1.760e+02 1 0)
s>            ( QUESTION2_7_L -1 9.279e+01 1.938e+01 8.000e+00
s>                ( - 4.672e+00 1 0)
s>                ( - 6.874e+01 1 0))))INFO: dtree.c(1439): stop. leaf nodes are specific
INFO: dtree.c(1478): Final simple tree
|( QUESTION0_10_R 1 2.738e+03 2.651e+02 1.278e+02
|    ( - 1.108e+03 1 0)
|    ( QUESTION0_0_R 1 1.365e+03 1.834e+02 6.888e+01
|        ( - 3.736e+02 1 0)
|        ( QUESTION2_11_L -1 8.081e+02 9.947e+01 4.488e+01
|            ( - 6.271e+02 1 0)
|            ( - 8.153e+01 1 0))))
s>    ( QUESTION0_10_R 1 2.738e+03 2.651e+02 1.278e+02
s>        ( - 1.108e+03 1 0)
s>        ( QUESTION0_0_R 1 1.365e+03 1.834e+02 6.888e+01
s>            ( - 3.736e+02 1 0)
s>            ( QUESTION2_11_L -1 8.081e+02 9.947e+01 4.488e+01
s>                ( - 6.271e+02 1 0)
s>                ( - 8.153e+01 1 0))))INFO: dtree.c(1315): Comp split 16
INFO: dtree.c(1439): stop. leaf nodes are specific
INFO: dtree.c(1478): Final simple tree
|( QUESTION0_15_R 1 8.792e+03 3.312e+02 4.141e+02
|    ( - 6.708e+03 2 0)
|    ( QUESTION0_8_R 1 1.753e+03 1.448e+02 9.698e+01
|        ( - 1.220e+03 2 0)
|        ( QUESTION0_2_R 1 3.877e+02 5.460e+01 2.777e+01
|            ( - 2.259e+02 1 0)
|            ( QUESTION0_0_R 1 1.072e+02 3.844e+01 1.100e+01
|                ( - 2.742e+01 1 0)
|                ( - 4.136e+01 1 0)))))
s>    ( QUESTION0_15_R 1 8.792e+03 3.312e+02 4.141e+02
s>        ( - 6.708e+03 2 0)
s>        ( QUESTION0_8_R 1 1.753e+03 1.448e+02 9.698e+01
s>            ( - 1.220e+03 2 0)
s>            ( QUESTION0_2_R 1 3.877e+02 5.460e+01 2.777e+01
s>                ( - 2.259e+02 1 0)
s>                ( QUESTION0_0_R 1 1.072e+02 3.844e+01 1.100e+01
s>                    ( - 2.742e+01 1 0)
s>                    ( - 4.136e+01 1 0)))))INFO: dtree.c(1439): stop. leaf nodes are specific
INFO: dtree.c(1478): Final simple tree
|( QUESTION0_17_R 1 4.728e+03 3.311e+02 2.263e+02
|    ( - 1.538e+03 1 0)
|    ( QUESTION0_0_R 1 2.859e+03 2.378e+02 1.370e+02
|        ( - 1.334e+03 1 0)
|        ( - 1.288e+03 2 0)))
s>    ( QUESTION0_17_R 1 4.728e+03 3.311e+02 2.263e+02
s>        ( - 1.538e+03 1 0)
s>        ( QUESTION0_0_R 1 2.859e+03 2.378e+02 1.370e+02
s>            ( - 1.334e+03 1 0)
s>            ( - 1.288e+03 2 0)))INFO: dtree.c(1315): Comp split 17
INFO: dtree.c(1439): stop. leaf nodes are specific
INFO: dtree.c(1478): Final simple tree
|( QUESTION0_11_R 1 4.296e+03 2.714e+02 2.076e+02
|    ( - 3.290e+03 1 0)
|    ( QUESTION0_0_R 1 7.344e+02 1.265e+02 4.200e+01
|        ( QUESTION8 -1 4.130e+02 6.577e+01 2.600e+01
|            ( - 5.814e+01 1 0)
|            ( - 2.891e+02 1 0))
|        ( QUESTION0 -1 1.949e+02 4.470e+01 1.600e+01
|            ( - 3.299e+01 1 0)
|            ( WDBNDRY_B 0 1.172e+02 3.011e+01 1.100e+01
|                ( - 4.175e+01 1 0)
|                ( - 4.532e+01 1 0)))))
s>    ( QUESTION0_11_R 1 4.296e+03 2.714e+02 2.076e+02
s>        ( - 3.290e+03 1 0)
s>        ( QUESTION0_0_R 1 7.344e+02 1.265e+02 4.200e+01
s>            ( QUESTION8 -1 4.130e+02 6.577e+01 2.600e+01
s>                ( - 5.814e+01 1 0)
s>                ( - 2.891e+02 1 0))
s>            ( QUESTION0 -1 1.949e+02 4.470e+01 1.600e+01
s>                ( - 3.299e+01 1 0)
s>                ( WDBNDRY_B 0 1.172e+02 3.011e+01 1.100e+01
s>                    ( - 4.175e+01 1 0)
s>                    ( - 4.532e+01 1 0)))))INFO: dtree.c(1439): stop. leaf nodes are specific
INFO: dtree.c(1478): Final simple tree
|( QUESTION7 -1 7.507e+03 2.959e+02 3.377e+02
|    ( QUESTION0_10_R 1 6.316e+03 1.186e+02 2.881e+02
|        ( - 6.556e+01 1 0)
|        ( - 6.132e+03 1 0))
|    ( QUESTION0_10_R 1 8.954e+02 1.242e+02 4.965e+01
|        ( QUESTION0 -1 2.711e+02 2.226e+01 1.765e+01
|            ( - 2.488e+02 1 0)
|            ( - 0.000e+00 1 0))
|        ( - 5.001e+02 1 0)))
s>    ( QUESTION7 -1 7.507e+03 2.959e+02 3.377e+02
s>        ( QUESTION0_10_R 1 6.316e+03 1.186e+02 2.881e+02
s>            ( - 6.556e+01 1 0)
s>            ( - 6.132e+03 1 0))
s>        ( QUESTION0_10_R 1 8.954e+02 1.242e+02 4.965e+01
s>            ( QUESTION0 -1 2.711e+02 2.226e+01 1.765e+01
s>                ( - 2.488e+02 1 0)
s>                ( - 0.000e+00 1 0))
s>            ( - 5.001e+02 1 0)))INFO: dtree.c(1315): Comp split 18
INFO: dtree.c(1439): stop. leaf nodes are specific
INFO: dtree.c(1478): Final simple tree
|( SILENCE 1 3.474e+03 1.737e+02 1.618e+02
|    ( - 2.931e+03 1 0)
|    ( QUESTION0_5_R 1 3.699e+02 7.394e+01 2.300e+01
|        ( - 1.185e+02 2 0)
|        ( QUESTION0_0_R 1 1.775e+02 4.107e+01 1.300e+01
|            ( QUESTION0_1_R 1 3.896e+01 1.657e+01 5.000e+00
|                ( - 5.714e+00 1 0)
|                ( - 1.668e+01 1 0))
|            ( - 9.742e+01 1 0))))
s>    ( SILENCE 1 3.474e+03 1.737e+02 1.618e+02
s>        ( - 2.931e+03 1 0)
s>        ( QUESTION0_5_R 1 3.699e+02 7.394e+01 2.300e+01
s>            ( - 1.185e+02 2 0)
s>            ( QUESTION0_0_R 1 1.775e+02 4.107e+01 1.300e+01
s>                ( QUESTION0_1_R 1 3.896e+01 1.657e+01 5.000e+00
s>                    ( - 5.714e+00 1 0)
s>                    ( - 1.668e+01 1 0))
s>                ( - 9.742e+01 1 0))))INFO: dtree.c(1478): Final simple tree
|( QUESTION0_20_R 1 4.518e+03 2.453e+02 2.264e+02
|    ( QUESTION11 1 2.358e+03 1.757e+02 1.260e+02
|        ( - 1.449e+03 3 0)
|        ( QUESTION1 1 7.330e+02 9.175e+01 4.314e+01
|            ( - 2.330e+02 1 0)
|            ( - 4.083e+02 1 0)))
|    ( QUESTION0 1 1.915e+03 1.839e+02 1.005e+02
|        ( QUESTION0_17_R 1 8.805e+02 1.183e+02 5.167e+01
|            ( - 4.434e+02 2 0 QUESTION0_18_R 1 3.915e+01 2.968e+01)
|            ( QUESTION7 1 3.188e+02 5.515e+01 2.199e+01
|                ( - 1.500e+02 1 0)
|                ( - 1.137e+02 5 0 QUESTION0_16_R 1 3.688e+01 1.000e+01)))
|        ( QUESTION0_0_R 1 8.501e+02 4.791e+01 4.879e+01
|            ( - 1.378e+01 1 0)
|            ( - 7.885e+02 1 0))))
s>    ( QUESTION0_20_R 1 4.518e+03 2.453e+02 2.264e+02
s>        ( QUESTION11 1 2.358e+03 1.757e+02 1.260e+02
s>            ( - 1.449e+03 3 0)
s>            ( QUESTION1 1 7.330e+02 9.175e+01 4.314e+01
s>                ( - 2.330e+02 1 0)
s>                ( - 4.083e+02 1 0)))
s>        ( QUESTION0 1 1.915e+03 1.839e+02 1.005e+02
s>            ( QUESTION0_17_R 1 8.805e+02 1.183e+02 5.167e+01
s>                ( - 4.434e+02 2 0 QUESTION0_18_R 1 3.915e+01 2.968e+01)
s>                ( QUESTION7 1 3.188e+02 5.515e+01 2.199e+01
s>                    ( - 1.500e+02 1 0)
s>                    ( - 1.137e+02 5 0 QUESTION0_16_R 1 3.688e+01 1.000e+01)))
s>            ( QUESTION0_0_R 1 8.501e+02 4.791e+01 4.879e+01
s>                ( - 1.378e+01 1 0)
s>                ( - 7.885e+02 1 0))))INFO: dtree.c(1315): Comp split 19
INFO: dtree.c(1439): stop. leaf nodes are specific
INFO: dtree.c(1478): Final simple tree
|( QUESTION0_0_R 1 4.510e+03 3.108e+02 2.153e+02
|    ( - 2.234e+03 1 0)
|    ( - 1.965e+03 1 0))
s>    ( QUESTION0_0_R 1 4.510e+03 3.108e+02 2.153e+02
s>        ( - 2.234e+03 1 0)
s>        ( - 1.965e+03 1 0))INFO: dtree.c(1315): Comp split 20
INFO: dtree.c(1439): stop. leaf nodes are specific
INFO: dtree.c(1478): Final simple tree
|( QUESTION0_0_R 1 4.530e+03 1.945e+02 2.080e+02
|    ( - 3.282e+02 2 0)
|    ( - 4.008e+03 2 0))
s>    ( QUESTION0_0_R 1 4.530e+03 1.945e+02 2.080e+02
s>        ( - 3.282e+02 2 0)
s>        ( - 4.008e+03 2 0))INFO: dtree.c(1315): Comp split 21
INFO: dtree.c(1439): stop. leaf nodes are specific
INFO: dtree.c(1478): Final simple tree
|( QUESTION0_8_R 1 1.753e+03 1.448e+02 9.698e+01
|    ( - 1.220e+03 2 0)
|    ( QUESTION0_2_R 1 3.877e+02 5.460e+01 2.777e+01
|        ( - 2.259e+02 1 0)
|        ( QUESTION0_0_R 1 1.072e+02 3.844e+01 1.100e+01
|            ( - 2.742e+01 1 0)
|            ( - 4.136e+01 1 0))))
s>    ( QUESTION0_8_R 1 1.753e+03 1.448e+02 9.698e+01
s>        ( - 1.220e+03 2 0)
s>        ( QUESTION0_2_R 1 3.877e+02 5.460e+01 2.777e+01
s>            ( - 2.259e+02 1 0)
s>            ( QUESTION0_0_R 1 1.072e+02 3.844e+01 1.100e+01
s>                ( - 2.742e+01 1 0)
s>                ( - 4.136e+01 1 0))))INFO: dtree.c(1315): Comp split 22
INFO: dtree.c(1439): stop. leaf nodes are specific
INFO: dtree.c(1478): Final simple tree
|( QUESTION0_0_R 1 2.859e+03 2.378e+02 1.370e+02
|    ( - 1.334e+03 1 0)
|    ( - 1.288e+03 2 0))
s>    ( QUESTION0_0_R 1 2.859e+03 2.378e+02 1.370e+02
s>        ( - 1.334e+03 1 0)
s>        ( - 1.288e+03 2 0))INFO: dtree.c(1315): Comp split 23
INFO: dtree.c(1439): stop. leaf nodes are specific
INFO: dtree.c(1478): Final simple tree
|( QUESTION0_11_R 1 1.974e+03 2.024e+02 1.040e+02
|    ( - 1.133e+03 2 0)
|    ( WDBNDRY_B 0 6.389e+02 1.129e+02 3.800e+01
|        ( - 1.446e+02 2 0)
|        ( QUESTION2_0_L -1 3.814e+02 7.024e+01 2.600e+01
|            ( - 2.039e+02 1 0)
|            ( - 1.073e+02 1 0))))
s>    ( QUESTION0_11_R 1 1.974e+03 2.024e+02 1.040e+02
s>        ( - 1.133e+03 2 0)
s>        ( WDBNDRY_B 0 6.389e+02 1.129e+02 3.800e+01
s>            ( - 1.446e+02 2 0)
s>            ( QUESTION2_0_L -1 3.814e+02 7.024e+01 2.600e+01
s>                ( - 2.039e+02 1 0)
s>                ( - 1.073e+02 1 0))))INFO: dtree.c(1439): stop. leaf nodes are specific
INFO: dtree.c(1478): Final simple tree
|( QUESTION16 -1 2.682e+03 2.166e+02 1.318e+02
|    ( - 2.132e+03 1 0)
|    ( - 3.336e+02 1 0))
s>    ( QUESTION16 -1 2.682e+03 2.166e+02 1.318e+02
s>        ( - 2.132e+03 1 0)
s>        ( - 3.336e+02 1 0))INFO: dtree.c(1315): Comp split 24
INFO: dtree.c(1315): Comp split 25
INFO: dtree.c(1439): stop. leaf nodes are specific
INFO: dtree.c(1478): Final simple tree
|( QUESTION0_10_R 1 1.065e+03 1.489e+02 5.665e+01
|    ( QUESTION2 -1 4.157e+02 8.377e+01 2.465e+01
|        ( - 2.488e+02 1 0)
|        ( QUESTION0 -1 8.312e+01 1.756e+01 8.000e+00
|            ( - 6.556e+01 1 0)
|            ( - 0.000e+00 1 0)))
|    ( - 5.001e+02 1 0))
s>    ( QUESTION0_10_R 1 1.065e+03 1.489e+02 5.665e+01
s>        ( QUESTION2 -1 4.157e+02 8.377e+01 2.465e+01
s>            ( - 2.488e+02 1 0)
s>            ( QUESTION0 -1 8.312e+01 1.756e+01 8.000e+00
s>                ( - 6.556e+01 1 0)
s>                ( - 0.000e+00 1 0)))
s>        ( - 5.001e+02 1 0))INFO: dtree.c(1315): Comp split 26
INFO: dtree.c(1315): Comp split 27
INFO: dtree.c(1478): Final simple tree
|( QUESTION0_13_R 1 1.934e+03 1.562e+02 1.028e+02
|    ( - 4.710e+02 1 0)
|    ( QUESTION0_1_R 1 1.306e+03 1.299e+02 7.475e+01
|        ( QUESTION0_5_R 1 6.184e+02 8.331e+01 3.777e+01
|            ( - 2.585e+02 2 0)
|            ( QUESTION0_2_R 1 2.766e+02 5.721e+01 2.000e+01
|                ( - 1.218e+02 1 0)
|                ( - 9.754e+01 1 0)))
|        ( QUESTION0_0_R 1 5.579e+02 9.874e+01 3.698e+01
|            ( QUESTION14 1 1.946e+02 2.980e+01 1.698e+01
|                ( - 1.218e+02 1 0)
|                ( - 4.299e+01 1 0))
|            ( QUESTION0_10_R 1 2.646e+02 3.527e+01 2.000e+01
|                ( - 2.590e+01 1 0)
|                ( - 2.035e+02 2 0)))))
s>    ( QUESTION0_13_R 1 1.934e+03 1.562e+02 1.028e+02
s>        ( - 4.710e+02 1 0)
s>        ( QUESTION0_1_R 1 1.306e+03 1.299e+02 7.475e+01
s>            ( QUESTION0_5_R 1 6.184e+02 8.331e+01 3.777e+01
s>                ( - 2.585e+02 2 0)
s>                ( QUESTION0_2_R 1 2.766e+02 5.721e+01 2.000e+01
s>                    ( - 1.218e+02 1 0)
s>                    ( - 9.754e+01 1 0)))
s>            ( QUESTION0_0_R 1 5.579e+02 9.874e+01 3.698e+01
s>                ( QUESTION14 1 1.946e+02 2.980e+01 1.698e+01
s>                    ( - 1.218e+02 1 0)
s>                    ( - 4.299e+01 1 0))
s>                ( QUESTION0_10_R 1 2.646e+02 3.527e+01 2.000e+01
s>                    ( - 2.590e+01 1 0)
s>                    ( - 2.035e+02 2 0)))))INFO: dtree.c(1439): stop. leaf nodes are specific
INFO: dtree.c(1478): Final simple tree
|( WDBNDRY_B 0 1.217e+03 8.027e+01 6.817e+01
|    ( - 1.057e+03 2 0)
|    ( - 7.919e+01 1 0))
s>    ( WDBNDRY_B 0 1.217e+03 8.027e+01 6.817e+01
s>        ( - 1.057e+03 2 0)
s>        ( - 7.919e+01 1 0))INFO: dtree.c(1315): Comp split 28
INFO: dtree.c(1439): stop. leaf nodes are specific
INFO: dtree.c(1478): Final simple tree
|( QUESTION0_0_R 1 1.165e+03 1.645e+02 5.988e+01
|    ( - 3.736e+02 1 0)
|    ( - 6.271e+02 1 0))
s>    ( QUESTION0_0_R 1 1.165e+03 1.645e+02 5.988e+01
s>        ( - 3.736e+02 1 0)
s>        ( - 6.271e+02 1 0))INFO: dtree.c(1439): stop. leaf nodes are specific
INFO: dtree.c(1478): Final simple tree
|( QUESTION0_10_R 1 1.295e+03 1.057e+02 6.793e+01
|    ( - 1.108e+03 1 0)
|    ( - 8.153e+01 1 0))
s>    ( QUESTION0_10_R 1 1.295e+03 1.057e+02 6.793e+01
s>        ( - 1.108e+03 1 0)
s>        ( - 8.153e+01 1 0))INFO: dtree.c(1315): Comp split 29
INFO: dtree.c(1439): stop. leaf nodes are specific
INFO: dtree.c(1478): Final simple tree
|( QUESTION0_0_R 1 6.381e+02 1.079e+02 3.700e+01
|    ( QUESTION8 -1 4.130e+02 6.577e+01 2.600e+01
|        ( - 5.814e+01 1 0)
|        ( - 2.891e+02 1 0))
|    ( WDBNDRY_B 0 1.172e+02 3.011e+01 1.100e+01
|        ( - 4.175e+01 1 0)
|        ( - 4.532e+01 1 0)))
s>    ( QUESTION0_0_R 1 6.381e+02 1.079e+02 3.700e+01
s>        ( QUESTION8 -1 4.130e+02 6.577e+01 2.600e+01
s>            ( - 5.814e+01 1 0)
s>            ( - 2.891e+02 1 0))
s>        ( WDBNDRY_B 0 1.172e+02 3.011e+01 1.100e+01
s>            ( - 4.175e+01 1 0)
s>            ( - 4.532e+01 1 0)))INFO: dtree.c(1439): stop. leaf nodes are specific
INFO: dtree.c(1478): Final simple tree
|( QUESTION0_10_R 1 3.385e+03 6.187e+01 1.706e+02
|    ( - 3.290e+03 1 0)
|    ( - 3.299e+01 1 0))
s>    ( QUESTION0_10_R 1 3.385e+03 6.187e+01 1.706e+02
s>        ( - 3.290e+03 1 0)
s>        ( - 3.299e+01 1 0))INFO: dtree.c(1315): Comp split 30
INFO: dtree.c(1439): stop. leaf nodes are specific
INFO: dtree.c(1478): Final simple tree
|( QUESTION0_20_R 1 1.734e+03 1.507e+02 9.193e+01
|    ( QUESTION1 1 7.330e+02 9.175e+01 4.314e+01
|        ( - 2.330e+02 1 0)
|        ( - 4.083e+02 1 0))
|    ( QUESTION0_0_R 1 8.501e+02 4.791e+01 4.879e+01
|        ( - 1.378e+01 1 0)
|        ( - 7.885e+02 1 0)))
s>    ( QUESTION0_20_R 1 1.734e+03 1.507e+02 9.193e+01
s>        ( QUESTION1 1 7.330e+02 9.175e+01 4.314e+01
s>            ( - 2.330e+02 1 0)
s>            ( - 4.083e+02 1 0))
s>        ( QUESTION0_0_R 1 8.501e+02 4.791e+01 4.879e+01
s>            ( - 1.378e+01 1 0)
s>            ( - 7.885e+02 1 0)))INFO: dtree.c(1439): stop. leaf nodes are specific
INFO: dtree.c(1478): Final simple tree
|( QUESTION0_20_R 1 2.523e+03 1.930e+02 1.345e+02
|    ( - 1.449e+03 3 0)
|    ( QUESTION0_17_R 1 8.805e+02 1.183e+02 5.167e+01
|        ( QUESTION0_18_R 1 4.434e+02 3.915e+01 2.968e+01
|            ( - 7.509e+00 1 0)
|            ( - 3.967e+02 1 0))
|        ( QUESTION7 1 3.188e+02 5.515e+01 2.199e+01
|            ( - 1.500e+02 1 0)
|            ( QUESTION0_16_R 1 1.137e+02 3.688e+01 1.000e+01
|                ( - 2.831e+01 2 0)
|                ( QUESTION0_0_R 1 4.847e+01 1.551e+01 6.000e+00
|                    ( - 6.631e+00 1 0)
|                    ( - 2.633e+01 2 0))))))
s>    ( QUESTION0_20_R 1 2.523e+03 1.930e+02 1.345e+02
s>        ( - 1.449e+03 3 0)
s>        ( QUESTION0_17_R 1 8.805e+02 1.183e+02 5.167e+01
s>            ( QUESTION0_18_R 1 4.434e+02 3.915e+01 2.968e+01
s>                ( - 7.509e+00 1 0)
s>                ( - 3.967e+02 1 0))
s>            ( QUESTION7 1 3.188e+02 5.515e+01 2.199e+01
s>                ( - 1.500e+02 1 0)
s>                ( QUESTION0_16_R 1 1.137e+02 3.688e+01 1.000e+01
s>                    ( - 2.831e+01 2 0)
s>                    ( QUESTION0_0_R 1 4.847e+01 1.551e+01 6.000e+00
s>                        ( - 6.631e+00 1 0)
s>                        ( - 2.633e+01 2 0))))))INFO: dtree.c(1315): Comp split 31
INFO: dtree.c(1439): stop. leaf nodes are specific
INFO: dtree.c(1478): Final simple tree
|( QUESTION0_17_R 1 7.478e+02 1.095e+02 4.245e+01
|    ( - 2.346e+02 1 0)
|    ( QUESTION0_15_R 1 4.037e+02 7.685e+01 2.600e+01
|        ( - 1.654e+02 2 0)
|        ( - 1.615e+02 1 0)))
s>    ( QUESTION0_17_R 1 7.478e+02 1.095e+02 4.245e+01
s>        ( - 2.346e+02 1 0)
s>        ( QUESTION0_15_R 1 4.037e+02 7.685e+01 2.600e+01
s>            ( - 1.654e+02 2 0)
s>            ( - 1.615e+02 1 0)))INFO: dtree.c(1315): Comp split 32
INFO: dtree.c(1315): Comp split 33
INFO: dtree.c(1315): Comp split 34
INFO: dtree.c(1439): stop. leaf nodes are specific
INFO: dtree.c(1478): Final simple tree
|( QUESTION0_10_R 1 1.464e+03 8.907e+01 7.991e+01
|    ( - 1.313e+03 1 0)
|    ( - 6.242e+01 1 0))
s>    ( QUESTION0_10_R 1 1.464e+03 8.907e+01 7.991e+01
s>        ( - 1.313e+03 1 0)
s>        ( - 6.242e+01 1 0))INFO: dtree.c(1439): stop. leaf nodes are specific
INFO: dtree.c(1478): Final simple tree
|( QUESTION10 1 1.300e+03 1.528e+02 7.114e+01
|    ( - 5.131e+02 2 0)
|    ( QUESTION0_10_R 1 6.340e+02 8.914e+01 4.014e+01
|        ( - 3.704e+02 1 0)
|        ( - 1.745e+02 1 0)))
s>    ( QUESTION10 1 1.300e+03 1.528e+02 7.114e+01
s>        ( - 5.131e+02 2 0)
s>        ( QUESTION0_10_R 1 6.340e+02 8.914e+01 4.014e+01
s>            ( - 3.704e+02 1 0)
s>            ( - 1.745e+02 1 0)))INFO: dtree.c(1315): Comp split 35
INFO: dtree.c(1315): Comp split 36
INFO: dtree.c(1439): stop. leaf nodes are specific
INFO: dtree.c(1478): Final simple tree
|( QUESTION2_7_L -1 6.062e+02 1.133e+02 3.400e+01
|    ( QUESTION0_10_R 1 2.035e+02 2.278e+01 1.500e+01
|        ( - 1.760e+02 1 0)
|        ( - 4.672e+00 1 0))
|    ( QUESTION0_0_R 1 2.894e+02 5.593e+01 1.900e+01
|        ( - 1.648e+02 1 0)
|        ( - 6.874e+01 1 0)))
s>    ( QUESTION2_7_L -1 6.062e+02 1.133e+02 3.400e+01
s>        ( QUESTION0_10_R 1 2.035e+02 2.278e+01 1.500e+01
s>            ( - 1.760e+02 1 0)
s>            ( - 4.672e+00 1 0))
s>        ( QUESTION0_0_R 1 2.894e+02 5.593e+01 1.900e+01
s>            ( - 1.648e+02 1 0)
s>            ( - 6.874e+01 1 0)))INFO: dtree.c(1439): stop. leaf nodes are specific
INFO: dtree.c(1478): Final simple tree
|( QUESTION0_10_R 1 9.769e+02 1.191e+02 5.423e+01
|    ( - 4.135e+02 1 0)
|    ( - 4.443e+02 1 0))
s>    ( QUESTION0_10_R 1 9.769e+02 1.191e+02 5.423e+01
s>        ( - 4.135e+02 1 0)
s>        ( - 4.443e+02 1 0))INFO: dtree.c(1315): Comp split 37
INFO: dtree.c(1439): stop. leaf nodes are specific
INFO: dtree.c(1478): Final simple tree
|( QUESTION0_16_R 1 7.461e+02 1.043e+02 4.567e+01
|    ( - 3.967e+02 1 0)
|    ( QUESTION2 1 2.450e+02 4.655e+01 1.799e+01
|        ( QUESTION0_0_R 1 4.847e+01 1.551e+01 6.000e+00
|            ( - 6.631e+00 1 0)
|            ( - 2.633e+01 2 0))
|        ( - 1.500e+02 1 0)))
s>    ( QUESTION0_16_R 1 7.461e+02 1.043e+02 4.567e+01
s>        ( - 3.967e+02 1 0)
s>        ( QUESTION2 1 2.450e+02 4.655e+01 1.799e+01
s>            ( QUESTION0_0_R 1 4.847e+01 1.551e+01 6.000e+00
s>                ( - 6.631e+00 1 0)
s>                ( - 2.633e+01 2 0))
s>            ( - 1.500e+02 1 0)))INFO: dtree.c(1439): stop. leaf nodes are specific
INFO: dtree.c(1478): Final simple tree
|( QUESTION0_10_R 1 1.567e+03 5.854e+01 8.883e+01
|    ( QUESTION0_17_R 1 5.947e+01 2.365e+01 6.000e+00
|        ( - 7.509e+00 1 0)
|        ( - 2.831e+01 2 0))
|    ( - 1.449e+03 3 0))
s>    ( QUESTION0_10_R 1 1.567e+03 5.854e+01 8.883e+01
s>        ( QUESTION0_17_R 1 5.947e+01 2.365e+01 6.000e+00
s>            ( - 7.509e+00 1 0)
s>            ( - 2.831e+01 2 0))
s>        ( - 1.449e+03 3 0))INFO: dtree.c(1315): Comp split 38
INFO: dtree.c(1439): stop. leaf nodes are specific
INFO: dtree.c(1478): Final simple tree
|( WDBNDRY_B 0 6.389e+02 1.129e+02 3.800e+01
|    ( - 1.446e+02 2 0)
|    ( QUESTION2_0_L -1 3.814e+02 7.024e+01 2.600e+01
|        ( - 2.039e+02 1 0)
|        ( - 1.073e+02 1 0)))
s>    ( WDBNDRY_B 0 6.389e+02 1.129e+02 3.800e+01
s>        ( - 1.446e+02 2 0)
s>        ( QUESTION2_0_L -1 3.814e+02 7.024e+01 2.600e+01
s>            ( - 2.039e+02 1 0)
s>            ( - 1.073e+02 1 0)))INFO: dtree.c(1315): Comp split 39
INFO: dtree.c(1315): Comp split 40
INFO: dtree.c(1439): stop. leaf nodes are specific
INFO: dtree.c(1478): Final simple tree
|( QUESTION0 1 9.887e+02 1.176e+02 5.777e+01
|    ( QUESTION0_0_R 1 3.918e+02 6.645e+01 2.700e+01
|        ( - 1.218e+02 1 0)
|        ( - 2.035e+02 2 0))
|    ( QUESTION0_5_R 1 4.794e+02 6.585e+01 3.077e+01
|        ( - 2.585e+02 2 0)
|        ( QUESTION0_0_R 1 1.550e+02 3.156e+01 1.300e+01
|            ( - 9.754e+01 1 0)
|            ( - 2.590e+01 1 0))))
s>    ( QUESTION0 1 9.887e+02 1.176e+02 5.777e+01
s>        ( QUESTION0_0_R 1 3.918e+02 6.645e+01 2.700e+01
s>            ( - 1.218e+02 1 0)
s>            ( - 2.035e+02 2 0))
s>        ( QUESTION0_5_R 1 4.794e+02 6.585e+01 3.077e+01
s>            ( - 2.585e+02 2 0)
s>            ( QUESTION0_0_R 1 1.550e+02 3.156e+01 1.300e+01
s>                ( - 9.754e+01 1 0)
s>                ( - 2.590e+01 1 0))))INFO: dtree.c(1439): stop. leaf nodes are specific
INFO: dtree.c(1478): Final simple tree
|( QUESTION0_0_R 1 7.578e+02 9.224e+01 4.500e+01
|    ( QUESTION14 1 1.946e+02 2.980e+01 1.698e+01
|        ( - 1.218e+02 1 0)
|        ( - 4.299e+01 1 0))
|    ( - 4.710e+02 1 0))
s>    ( QUESTION0_0_R 1 7.578e+02 9.224e+01 4.500e+01
s>        ( QUESTION14 1 1.946e+02 2.980e+01 1.698e+01
s>            ( - 1.218e+02 1 0)
s>            ( - 4.299e+01 1 0))
s>        ( - 4.710e+02 1 0))INFO: dtree.c(1315): Comp split 41
INFO: dtree.c(1439): stop. leaf nodes are specific
INFO: dtree.c(1478): Final simple tree
|( QUESTION0_5_R 1 3.699e+02 7.394e+01 2.300e+01
|    ( - 1.185e+02 2 0)
|    ( QUESTION0_0_R 1 1.775e+02 4.107e+01 1.300e+01
|        ( QUESTION0_1_R 1 3.896e+01 1.657e+01 5.000e+00
|            ( - 5.714e+00 1 0)
|            ( - 1.668e+01 1 0))
|        ( - 9.742e+01 1 0)))
s>    ( QUESTION0_5_R 1 3.699e+02 7.394e+01 2.300e+01
s>        ( - 1.185e+02 2 0)
s>        ( QUESTION0_0_R 1 1.775e+02 4.107e+01 1.300e+01
s>            ( QUESTION0_1_R 1 3.896e+01 1.657e+01 5.000e+00
s>                ( - 5.714e+00 1 0)
s>                ( - 1.668e+01 1 0))
s>            ( - 9.742e+01 1 0)))INFO: dtree.c(1315): Comp split 42
INFO: dtree.c(1315): Comp split 43
INFO: dtree.c(1439): stop. leaf nodes are specific
INFO: dtree.c(1478): Final simple tree
|( QUESTION0_10_R 1 6.340e+02 8.914e+01 4.014e+01
|    ( - 3.704e+02 1 0)
|    ( - 1.745e+02 1 0))
s>    ( QUESTION0_10_R 1 6.340e+02 8.914e+01 4.014e+01
s>        ( - 3.704e+02 1 0)
s>        ( - 1.745e+02 1 0))INFO: dtree.c(1315): Comp split 44
INFO: dtree.c(1439): stop. leaf nodes are specific
INFO: dtree.c(1478): Final simple tree
|( QUESTION0_0_R 1 8.501e+02 4.791e+01 4.879e+01
|    ( - 1.378e+01 1 0)
|    ( - 7.885e+02 1 0))
s>    ( QUESTION0_0_R 1 8.501e+02 4.791e+01 4.879e+01
s>        ( - 1.378e+01 1 0)
s>        ( - 7.885e+02 1 0))INFO: dtree.c(1439): stop. leaf nodes are specific
INFO: dtree.c(1478): Final simple tree
|( QUESTION1 1 7.330e+02 9.175e+01 4.314e+01
|    ( - 2.330e+02 1 0)
|    ( - 4.083e+02 1 0))
s>    ( QUESTION1 1 7.330e+02 9.175e+01 4.314e+01
s>        ( - 2.330e+02 1 0)
s>        ( - 4.083e+02 1 0))INFO: dtree.c(1315): Comp split 45
INFO: dtree.c(1439): stop. leaf nodes are specific
INFO: dtree.c(1478): Final simple tree
|( QUESTION2 -1 4.157e+02 8.377e+01 2.465e+01
|    ( - 2.488e+02 1 0)
|    ( QUESTION0 -1 8.312e+01 1.756e+01 8.000e+00
|        ( - 6.556e+01 1 0)
|        ( - 0.000e+00 1 0)))
s>    ( QUESTION2 -1 4.157e+02 8.377e+01 2.465e+01
s>        ( - 2.488e+02 1 0)
s>        ( QUESTION0 -1 8.312e+01 1.756e+01 8.000e+00
s>            ( - 6.556e+01 1 0)
s>            ( - 0.000e+00 1 0)))INFO: dtree.c(1315): Comp split 46
INFO: dtree.c(1439): stop. leaf nodes are specific
INFO: dtree.c(1478): Final simple tree
|( QUESTION0_2_R 1 3.877e+02 5.460e+01 2.777e+01
|    ( - 2.259e+02 1 0)
|    ( QUESTION0_0_R 1 1.072e+02 3.844e+01 1.100e+01
|        ( - 2.742e+01 1 0)
|        ( - 4.136e+01 1 0)))
s>    ( QUESTION0_2_R 1 3.877e+02 5.460e+01 2.777e+01
s>        ( - 2.259e+02 1 0)
s>        ( QUESTION0_0_R 1 1.072e+02 3.844e+01 1.100e+01
s>            ( - 2.742e+01 1 0)
s>            ( - 4.136e+01 1 0)))INFO: dtree.c(1315): Comp split 47
INFO: dtree.c(1315): Comp split 48
INFO: dtree.c(1439): stop. leaf nodes are specific
INFO: dtree.c(1478): Final simple tree
|( QUESTION0_5_R 1 4.794e+02 6.585e+01 3.077e+01
|    ( - 2.585e+02 2 0)
|    ( QUESTION0_0_R 1 1.550e+02 3.156e+01 1.300e+01
|        ( - 9.754e+01 1 0)
|        ( - 2.590e+01 1 0)))
s>    ( QUESTION0_5_R 1 4.794e+02 6.585e+01 3.077e+01
s>        ( - 2.585e+02 2 0)
s>        ( QUESTION0_0_R 1 1.550e+02 3.156e+01 1.300e+01
s>            ( - 9.754e+01 1 0)
s>            ( - 2.590e+01 1 0)))INFO: dtree.c(1439): stop. leaf nodes are specific
INFO: dtree.c(1478): Final simple tree
|( QUESTION0_0_R 1 3.918e+02 6.645e+01 2.700e+01
|    ( - 1.218e+02 1 0)
|    ( - 2.035e+02 2 0))
s>    ( QUESTION0_0_R 1 3.918e+02 6.645e+01 2.700e+01
s>        ( - 1.218e+02 1 0)
s>        ( - 2.035e+02 2 0))INFO: dtree.c(1315): Comp split 49
INFO: dtree.c(1439): stop. leaf nodes are specific
INFO: dtree.c(1478): Final simple tree
|( QUESTION0_0_R 1 2.894e+02 5.593e+01 1.900e+01
|    ( - 1.648e+02 1 0)
|    ( - 6.874e+01 1 0))
s>    ( QUESTION0_0_R 1 2.894e+02 5.593e+01 1.900e+01
s>        ( - 1.648e+02 1 0)
s>        ( - 6.874e+01 1 0))INFO: dtree.c(1439): stop. leaf nodes are specific
INFO: dtree.c(1478): Final simple tree
|( QUESTION0_10_R 1 2.035e+02 2.278e+01 1.500e+01
|    ( - 1.760e+02 1 0)
|    ( - 4.672e+00 1 0))
s>    ( QUESTION0_10_R 1 2.035e+02 2.278e+01 1.500e+01
s>        ( - 1.760e+02 1 0)
s>        ( - 4.672e+00 1 0))INFO: dtree.c(1315): Comp split 50
INFO: dtree.c(1439): stop. leaf nodes are specific
INFO: dtree.c(1478): Final simple tree
|( QUESTION2_0_L -1 3.814e+02 7.024e+01 2.600e+01
|    ( - 2.039e+02 1 0)
|    ( - 1.073e+02 1 0))
s>    ( QUESTION2_0_L -1 3.814e+02 7.024e+01 2.600e+01
s>        ( - 2.039e+02 1 0)
s>        ( - 1.073e+02 1 0))INFO: dtree.c(1315): Comp split 51
INFO: dtree.c(1439): stop. leaf nodes are specific
INFO: dtree.c(1478): Final simple tree
|( QUESTION0_0_R 1 2.394e+02 6.405e+01 1.800e+01
|    ( - 5.814e+01 1 0)
|    ( WDBNDRY_B 0 1.172e+02 3.011e+01 1.100e+01
|        ( - 4.175e+01 1 0)
|        ( - 4.532e+01 1 0)))
s>    ( QUESTION0_0_R 1 2.394e+02 6.405e+01 1.800e+01
s>        ( - 5.814e+01 1 0)
s>        ( WDBNDRY_B 0 1.172e+02 3.011e+01 1.100e+01
s>            ( - 4.175e+01 1 0)
s>            ( - 4.532e+01 1 0)))INFO: dtree.c(1315): Comp split 52
INFO: dtree.c(1439): stop. leaf nodes are specific
INFO: dtree.c(1478): Final simple tree
|( QUESTION0_15_R 1 4.037e+02 7.685e+01 2.600e+01
|    ( - 1.654e+02 2 0)
|    ( - 1.615e+02 1 0))
s>    ( QUESTION0_15_R 1 4.037e+02 7.685e+01 2.600e+01
s>        ( - 1.654e+02 2 0)
s>        ( - 1.615e+02 1 0))INFO: dtree.c(1315): Comp split 53
INFO: dtree.c(1315): Comp split 54
INFO: dtree.c(1439): stop. leaf nodes are specific
INFO: dtree.c(1478): Final simple tree
|( QUESTION2 1 2.450e+02 4.655e+01 1.799e+01
|    ( QUESTION0_0_R 1 4.847e+01 1.551e+01 6.000e+00
|        ( - 6.631e+00 1 0)
|        ( - 2.633e+01 2 0))
|    ( - 1.500e+02 1 0))
s>    ( QUESTION2 1 2.450e+02 4.655e+01 1.799e+01
s>        ( QUESTION0_0_R 1 4.847e+01 1.551e+01 6.000e+00
s>            ( - 6.631e+00 1 0)
s>            ( - 2.633e+01 2 0))
s>        ( - 1.500e+02 1 0))INFO: dtree.c(1315): Comp split 55
INFO: dtree.c(1315): Comp split 56
INFO: dtree.c(1439): stop. leaf nodes are specific
INFO: dtree.c(1478): Final simple tree
|( QUESTION14 1 1.946e+02 2.980e+01 1.698e+01
|    ( - 1.218e+02 1 0)
|    ( - 4.299e+01 1 0))
s>    ( QUESTION14 1 1.946e+02 2.980e+01 1.698e+01
s>        ( - 1.218e+02 1 0)
s>        ( - 4.299e+01 1 0))INFO: dtree.c(1315): Comp split 57
INFO: dtree.c(1315): Comp split 58
INFO: dtree.c(1315): Comp split 59
INFO: dtree.c(1315): Comp split 60
INFO: dtree.c(1439): stop. leaf nodes are specific
INFO: dtree.c(1478): Final simple tree
|( QUESTION0 -1 8.312e+01 1.756e+01 8.000e+00
|    ( - 6.556e+01 1 0)
|    ( - 0.000e+00 1 0))
s>    ( QUESTION0 -1 8.312e+01 1.756e+01 8.000e+00
s>        ( - 6.556e+01 1 0)
s>        ( - 0.000e+00 1 0))INFO: dtree.c(1315): Comp split 61
INFO: dtree.c(1315): Comp split 62
INFO: dtree.c(1315): Comp split 63
INFO: dtree.c(1315): Comp split 64
INFO: dtree.c(1439): stop. leaf nodes are specific
INFO: dtree.c(1478): Final simple tree
|( QUESTION0_0_R 1 1.775e+02 4.107e+01 1.300e+01
|    ( QUESTION0_1_R 1 3.896e+01 1.657e+01 5.000e+00
|        ( - 5.714e+00 1 0)
|        ( - 1.668e+01 1 0))
|    ( - 9.742e+01 1 0))
s>    ( QUESTION0_0_R 1 1.775e+02 4.107e+01 1.300e+01
s>        ( QUESTION0_1_R 1 3.896e+01 1.657e+01 5.000e+00
s>            ( - 5.714e+00 1 0)
s>            ( - 1.668e+01 1 0))
s>        ( - 9.742e+01 1 0))INFO: dtree.c(1315): Comp split 65
INFO: dtree.c(1315): Comp split 66
INFO: dtree.c(1315): Comp split 67
INFO: dtree.c(1439): stop. leaf nodes are specific
INFO: dtree.c(1478): Final simple tree
|( QUESTION0_0_R 1 1.550e+02 3.156e+01 1.300e+01
|    ( - 9.754e+01 1 0)
|    ( - 2.590e+01 1 0))
s>    ( QUESTION0_0_R 1 1.550e+02 3.156e+01 1.300e+01
s>        ( - 9.754e+01 1 0)
s>        ( - 2.590e+01 1 0))INFO: dtree.c(1315): Comp split 68
INFO: dtree.c(1439): stop. leaf nodes are specific
INFO: dtree.c(1478): Final simple tree
|( WDBNDRY_B 0 1.172e+02 3.011e+01 1.100e+01
|    ( - 4.175e+01 1 0)
|    ( - 4.532e+01 1 0))
s>    ( WDBNDRY_B 0 1.172e+02 3.011e+01 1.100e+01
s>        ( - 4.175e+01 1 0)
s>        ( - 4.532e+01 1 0))INFO: dtree.c(1315): Comp split 69
INFO: dtree.c(1315): Comp split 70
INFO: dtree.c(1439): stop. leaf nodes are specific
INFO: dtree.c(1478): Final simple tree
|( QUESTION0_17_R 1 5.947e+01 2.365e+01 6.000e+00
|    ( - 7.509e+00 1 0)
|    ( - 2.831e+01 2 0))
s>    ( QUESTION0_17_R 1 5.947e+01 2.365e+01 6.000e+00
s>        ( - 7.509e+00 1 0)
s>        ( - 2.831e+01 2 0))INFO: dtree.c(1315): Comp split 71
INFO: dtree.c(1315): Comp split 72
INFO: dtree.c(1439): stop. leaf nodes are specific
INFO: dtree.c(1478): Final simple tree
|( QUESTION0_0_R 1 1.072e+02 3.844e+01 1.100e+01
|    ( - 2.742e+01 1 0)
|    ( - 4.136e+01 1 0))
s>    ( QUESTION0_0_R 1 1.072e+02 3.844e+01 1.100e+01
s>        ( - 2.742e+01 1 0)
s>        ( - 4.136e+01 1 0))INFO: dtree.c(1315): Comp split 73
INFO: dtree.c(1315): Comp split 74
INFO: dtree.c(1315): Comp split 75
INFO: dtree.c(1439): stop. leaf nodes are specific
INFO: dtree.c(1478): Final simple tree
|( QUESTION0_0_R 1 4.847e+01 1.551e+01 6.000e+00
|    ( - 6.631e+00 1 0)
|    ( - 2.633e+01 2 0))
s>    ( QUESTION0_0_R 1 4.847e+01 1.551e+01 6.000e+00
s>        ( - 6.631e+00 1 0)
s>        ( - 2.633e+01 2 0))INFO: dtree.c(1315): Comp split 76
INFO: dtree.c(1439): stop. leaf nodes are specific
INFO: dtree.c(1478): Final simple tree
|( QUESTION0_1_R 1 3.896e+01 1.657e+01 5.000e+00
|    ( - 5.714e+00 1 0)
|    ( - 1.668e+01 1 0))
s>    ( QUESTION0_1_R 1 3.896e+01 1.657e+01 5.000e+00
s>        ( - 5.714e+00 1 0)
s>        ( - 1.668e+01 1 0))INFO: dtree.c(1315): Comp split 77
INFO: dtree.c(1315): Comp split 78
INFO: dtree.c(1315): Comp split 79
INFO: dtree.c(1315): Comp split 80
INFO: dtree.c(1315): Comp split 81
INFO: dtree.c(1315): Comp split 82
INFO: dtree.c(1315): Comp split 83
INFO: dtree.c(1315): Comp split 84
INFO: dtree.c(1315): Comp split 85
INFO: dtree.c(1315): Comp split 86
INFO: dtree.c(1318): stop. leaf nodes are specific
Fri Nov  2 10:07:38 2018
