Current configuration:
[NAME]		[DEFLT]	[VALUE]
-allphones	no	no
-cntthresh	0.00001	1.000000e-05
-csplitmax	100	2000
-csplitmin	1	1
-csplitthr	8e-4	0.000000e+00
-example	no	no
-fullvar	no	no
-help		no	no
-meanfn			
-mixwfn			/home/sdv/Documents/SDV/SDVoice/an4/model_parameters/an4.cd_semi_untied/mixture_weights
-moddeffn		/home/sdv/Documents/SDV/SDVoice/an4/model_architecture/an4.untied.mdef
-mwfloor	1e-4	1.000000e-08
-phone			N
-psetfn			/home/sdv/Documents/SDV/SDVoice/an4/model_architecture/an4.tree_questions
-ssplitmax	5	7
-ssplitmin	1	1
-ssplitthr	8e-4	0.000000e+00
-state			1
-stwt			1.0,0.05,0.0,
-treefn			/home/sdv/Documents/SDV/SDVoice/an4/trees/an4.unpruned/N-1.dtree
-ts2cbfn	.semi.	.semi.
-varfloor	0.00001	1.000000e-05
-varfn			

INFO: main.c(223): Reading: /home/sdv/Documents/SDV/SDVoice/an4/model_architecture/an4.untied.mdef
INFO: model_def_io.c(573): Model definition info:
INFO: model_def_io.c(574): 1618 total models defined (34 base, 1584 tri)
INFO: model_def_io.c(575): 6472 total states
INFO: model_def_io.c(576): 4854 total tied states
INFO: model_def_io.c(577): 102 total tied CI states
INFO: model_def_io.c(578): 34 total tied transition matrices
INFO: model_def_io.c(579): 4 max state/model
INFO: model_def_io.c(580): 4 min state/model
INFO: main.c(242): Building trees for [N AE D i] through [N V AY b]
INFO: main.c(269): Covering states |[2973 3224]| == 252
INFO: main.c(275): Reading: /home/sdv/Documents/SDV/SDVoice/an4/model_parameters/an4.cd_semi_untied/mixture_weights
INFO: s3mixw_io.c(173): Read /home/sdv/Documents/SDV/SDVoice/an4/model_parameters/an4.cd_semi_untied/mixture_weights [252x4x256 array]
INFO: main.c(311): 84 of 84 models have observation count greater than 0.000010
INFO: main.c(95): nrm stwt: 0.045 0.909 0.045 
INFO: main.c(411): 84-class entropy: 8.530893e+04
INFO: main.c(549): Reading: /home/sdv/Documents/SDV/SDVoice/an4/model_architecture/an4.tree_questions
INFO: main.c(588): 176 total simple questions (168 phone; 8 word bndry)
INFO: main.c(590): 42 Left Only questions, and 42 Right Only questions
INFO: dtree.c(1478): Final simple tree
|( WDBNDRY_E 0 1.134e+05 2.904e+03 4.456e+03
|    ( SILENCE 1 8.400e+04 1.875e+03 3.385e+03
|        ( QUESTION19 -1 2.179e+04 8.493e+02 8.806e+02
|            ( - 1.047e+04 1 0)
|            ( - 1.047e+04 3 0 QUESTION17 -1 6.468e+02 4.443e+02))
|        ( QUESTION10 1 6.033e+04 1.179e+03 2.504e+03
|            ( QUESTION19 -1 3.863e+04 8.496e+02 1.659e+03
|                ( - 2.362e+04 6 0 QUESTION11 1 6.389e+02 1.033e+03)
|                ( QUESTION17 -1 1.416e+04 7.497e+02 6.261e+02
|                    ( - 6.371e+03 8 0 QUESTION0_17_R 1 4.387e+02 2.996e+02)
|                    ( - 7.040e+03 10 0 QUESTION15 -1 4.178e+02 3.265e+02)))
|            ( - 2.052e+04 28 0 QUESTION0_1_R 1 7.056e+02 8.448e+02)))
|    ( WDBNDRY_B 0 2.650e+04 1.884e+03 1.072e+03
|        ( - 1.311e+04 17 0 QUESTION2_7_L -1 7.009e+02 5.533e+02)
|        ( - 1.151e+04 11 0 QUESTION0_10_R 1 6.078e+02 5.182e+02)))
s>    ( WDBNDRY_E 0 1.134e+05 2.904e+03 4.456e+03
s>        ( SILENCE 1 8.400e+04 1.875e+03 3.385e+03
s>            ( QUESTION19 -1 2.179e+04 8.493e+02 8.806e+02
s>                ( - 1.047e+04 1 0)
s>                ( - 1.047e+04 3 0 QUESTION17 -1 6.468e+02 4.443e+02))
s>            ( QUESTION10 1 6.033e+04 1.179e+03 2.504e+03
s>                ( QUESTION19 -1 3.863e+04 8.496e+02 1.659e+03
s>                    ( - 2.362e+04 6 0 QUESTION11 1 6.389e+02 1.033e+03)
s>                    ( QUESTION17 -1 1.416e+04 7.497e+02 6.261e+02
s>                        ( - 6.371e+03 8 0 QUESTION0_17_R 1 4.387e+02 2.996e+02)
s>                        ( - 7.040e+03 10 0 QUESTION15 -1 4.178e+02 3.265e+02)))
s>                ( - 2.052e+04 28 0 QUESTION0_1_R 1 7.056e+02 8.448e+02)))
s>        ( WDBNDRY_B 0 2.650e+04 1.884e+03 1.072e+03
s>            ( - 1.311e+04 17 0 QUESTION2_7_L -1 7.009e+02 5.533e+02)
s>            ( - 1.151e+04 11 0 QUESTION0_10_R 1 6.078e+02 5.182e+02)))INFO: dtree.c(1315): Comp split 0
INFO: dtree.c(1478): Final simple tree
|( SILENCE 1 8.400e+04 1.875e+03 3.385e+03
|    ( QUESTION19 -1 2.179e+04 8.493e+02 8.806e+02
|        ( - 1.047e+04 1 0)
|        ( QUESTION17 -1 1.047e+04 6.468e+02 4.443e+02
|            ( - 4.871e+03 1 0)
|            ( - 4.951e+03 2 0 QUESTION14 -1 2.880e+02 2.259e+02)))
|    ( QUESTION10 1 6.033e+04 1.179e+03 2.504e+03
|        ( QUESTION19 -1 3.863e+04 8.496e+02 1.659e+03
|            ( - 2.362e+04 6 0 QUESTION11 1 6.389e+02 1.033e+03)
|            ( QUESTION17 -1 1.416e+04 7.497e+02 6.261e+02
|                ( - 6.371e+03 8 0 QUESTION0_17_R 1 4.387e+02 2.996e+02)
|                ( - 7.040e+03 10 0 QUESTION15 -1 4.178e+02 3.265e+02)))
|        ( QUESTION0_1_R 1 2.052e+04 7.056e+02 8.448e+02
|            ( - 6.078e+03 10 0 QUESTION0 1 4.842e+02 2.624e+02)
|            ( - 1.373e+04 18 0 QUESTION0 1 6.016e+02 5.824e+02))))
s>    ( SILENCE 1 8.400e+04 1.875e+03 3.385e+03
s>        ( QUESTION19 -1 2.179e+04 8.493e+02 8.806e+02
s>            ( - 1.047e+04 1 0)
s>            ( QUESTION17 -1 1.047e+04 6.468e+02 4.443e+02
s>                ( - 4.871e+03 1 0)
s>                ( - 4.951e+03 2 0 QUESTION14 -1 2.880e+02 2.259e+02)))
s>        ( QUESTION10 1 6.033e+04 1.179e+03 2.504e+03
s>            ( QUESTION19 -1 3.863e+04 8.496e+02 1.659e+03
s>                ( - 2.362e+04 6 0 QUESTION11 1 6.389e+02 1.033e+03)
s>                ( QUESTION17 -1 1.416e+04 7.497e+02 6.261e+02
s>                    ( - 6.371e+03 8 0 QUESTION0_17_R 1 4.387e+02 2.996e+02)
s>                    ( - 7.040e+03 10 0 QUESTION15 -1 4.178e+02 3.265e+02)))
s>            ( QUESTION0_1_R 1 2.052e+04 7.056e+02 8.448e+02
s>                ( - 6.078e+03 10 0 QUESTION0 1 4.842e+02 2.624e+02)
s>                ( - 1.373e+04 18 0 QUESTION0 1 6.016e+02 5.824e+02))))INFO: dtree.c(1478): Final simple tree
|( WDBNDRY_B 0 2.650e+04 1.884e+03 1.072e+03
|    ( QUESTION2_7_L -1 1.311e+04 7.009e+02 5.533e+02
|        ( QUESTION14 -1 7.116e+03 4.443e+02 3.133e+02
|            ( - 2.883e+03 2 0)
|            ( - 3.788e+03 7 0 QUESTION0 -1 3.450e+02 1.731e+02))
|        ( QUESTION0_5_R 1 5.295e+03 4.742e+02 2.400e+02
|            ( - 1.649e+03 1 0)
|            ( - 3.172e+03 7 0 QUESTION10 -1 2.693e+02 1.500e+02)))
|    ( QUESTION0_10_R 1 1.151e+04 6.078e+02 5.182e+02
|        ( QUESTION0_11_R 1 7.713e+03 4.571e+02 3.705e+02
|            ( - 4.761e+03 1 0)
|            ( - 2.495e+03 4 0 QUESTION16 -1 2.772e+02 1.240e+02))
|        ( QUESTION18 -1 3.186e+03 3.511e+02 1.477e+02
|            ( - 1.080e+03 1 0)
|            ( - 1.755e+03 5 0 QUESTION17 -1 1.944e+02 9.011e+01))))
s>    ( WDBNDRY_B 0 2.650e+04 1.884e+03 1.072e+03
s>        ( QUESTION2_7_L -1 1.311e+04 7.009e+02 5.533e+02
s>            ( QUESTION14 -1 7.116e+03 4.443e+02 3.133e+02
s>                ( - 2.883e+03 2 0)
s>                ( - 3.788e+03 7 0 QUESTION0 -1 3.450e+02 1.731e+02))
s>            ( QUESTION0_5_R 1 5.295e+03 4.742e+02 2.400e+02
s>                ( - 1.649e+03 1 0)
s>                ( - 3.172e+03 7 0 QUESTION10 -1 2.693e+02 1.500e+02)))
s>        ( QUESTION0_10_R 1 1.151e+04 6.078e+02 5.182e+02
s>            ( QUESTION0_11_R 1 7.713e+03 4.571e+02 3.705e+02
s>                ( - 4.761e+03 1 0)
s>                ( - 2.495e+03 4 0 QUESTION16 -1 2.772e+02 1.240e+02))
s>            ( QUESTION18 -1 3.186e+03 3.511e+02 1.477e+02
s>                ( - 1.080e+03 1 0)
s>                ( - 1.755e+03 5 0 QUESTION17 -1 1.944e+02 9.011e+01))))INFO: dtree.c(1315): Comp split 1
INFO: dtree.c(1478): Final simple tree
|( QUESTION0_10_R 1 1.151e+04 6.078e+02 5.182e+02
|    ( QUESTION0_11_R 1 7.713e+03 4.571e+02 3.705e+02
|        ( - 4.761e+03 1 0)
|        ( QUESTION16 -1 2.495e+03 2.772e+02 1.240e+02
|            ( - 1.341e+03 1 0)
|            ( QUESTION0_15_R 1 8.767e+02 1.359e+02 4.919e+01
|                ( QUESTION0 -1 5.416e+02 9.084e+01 3.319e+01
|                    ( - 1.772e+02 1 0)
|                    ( - 2.736e+02 1 0))
|                ( - 1.992e+02 1 0))))
|    ( QUESTION18 -1 3.186e+03 3.511e+02 1.477e+02
|        ( - 1.080e+03 1 0)
|        ( QUESTION17 -1 1.755e+03 1.944e+02 9.011e+01
|            ( - 1.237e+03 2 0 QUESTION0_0_R 1 3.816e+01 7.011e+01)
|            ( - 3.233e+02 3 0 QUESTION14 -1 6.438e+01 2.000e+01))))
s>    ( QUESTION0_10_R 1 1.151e+04 6.078e+02 5.182e+02
s>        ( QUESTION0_11_R 1 7.713e+03 4.571e+02 3.705e+02
s>            ( - 4.761e+03 1 0)
s>            ( QUESTION16 -1 2.495e+03 2.772e+02 1.240e+02
s>                ( - 1.341e+03 1 0)
s>                ( QUESTION0_15_R 1 8.767e+02 1.359e+02 4.919e+01
s>                    ( QUESTION0 -1 5.416e+02 9.084e+01 3.319e+01
s>                        ( - 1.772e+02 1 0)
s>                        ( - 2.736e+02 1 0))
s>                    ( - 1.992e+02 1 0))))
s>        ( QUESTION18 -1 3.186e+03 3.511e+02 1.477e+02
s>            ( - 1.080e+03 1 0)
s>            ( QUESTION17 -1 1.755e+03 1.944e+02 9.011e+01
s>                ( - 1.237e+03 2 0 QUESTION0_0_R 1 3.816e+01 7.011e+01)
s>                ( - 3.233e+02 3 0 QUESTION14 -1 6.438e+01 2.000e+01))))INFO: dtree.c(1478): Final simple tree
|( QUESTION2_7_L -1 1.311e+04 7.009e+02 5.533e+02
|    ( QUESTION14 -1 7.116e+03 4.443e+02 3.133e+02
|        ( - 2.883e+03 2 0)
|        ( QUESTION0 -1 3.788e+03 3.450e+02 1.731e+02
|            ( QUESTION2 -1 2.507e+03 2.686e+02 1.271e+02
|                ( - 7.325e+02 2 0)
|                ( - 1.506e+03 2 0 QUESTION1 -1 8.070e+01 8.306e+01))
|            ( - 9.363e+02 3 0 QUESTION16 -1 1.656e+02 4.600e+01)))
|    ( QUESTION0_5_R 1 5.295e+03 4.742e+02 2.400e+02
|        ( - 1.649e+03 1 0)
|        ( QUESTION10 -1 3.172e+03 2.693e+02 1.500e+02
|            ( QUESTION2_11_L -1 1.634e+03 1.830e+02 8.311e+01
|                ( - 6.885e+02 2 0 QUESTION11 -1 1.001e+02 4.000e+01)
|                ( - 7.623e+02 1 0))
|            ( - 1.269e+03 4 0 QUESTION0 -1 1.599e+02 6.685e+01))))
s>    ( QUESTION2_7_L -1 1.311e+04 7.009e+02 5.533e+02
s>        ( QUESTION14 -1 7.116e+03 4.443e+02 3.133e+02
s>            ( - 2.883e+03 2 0)
s>            ( QUESTION0 -1 3.788e+03 3.450e+02 1.731e+02
s>                ( QUESTION2 -1 2.507e+03 2.686e+02 1.271e+02
s>                    ( - 7.325e+02 2 0)
s>                    ( - 1.506e+03 2 0 QUESTION1 -1 8.070e+01 8.306e+01))
s>                ( - 9.363e+02 3 0 QUESTION16 -1 1.656e+02 4.600e+01)))
s>        ( QUESTION0_5_R 1 5.295e+03 4.742e+02 2.400e+02
s>            ( - 1.649e+03 1 0)
s>            ( QUESTION10 -1 3.172e+03 2.693e+02 1.500e+02
s>                ( QUESTION2_11_L -1 1.634e+03 1.830e+02 8.311e+01
s>                    ( - 6.885e+02 2 0 QUESTION11 -1 1.001e+02 4.000e+01)
s>                    ( - 7.623e+02 1 0))
s>                ( - 1.269e+03 4 0 QUESTION0 -1 1.599e+02 6.685e+01))))INFO: dtree.c(1315): Comp split 2
INFO: dtree.c(1478): Final simple tree
|( QUESTION10 1 6.033e+04 1.179e+03 2.504e+03
|    ( QUESTION19 -1 3.863e+04 8.496e+02 1.659e+03
|        ( QUESTION11 1 2.362e+04 6.389e+02 1.033e+03
|            ( - 1.620e+04 3 0)
|            ( - 6.786e+03 3 0 QUESTION0_10_R 1 4.255e+02 3.189e+02))
|        ( QUESTION17 -1 1.416e+04 7.497e+02 6.261e+02
|            ( - 6.371e+03 8 0 QUESTION0_17_R 1 4.387e+02 2.996e+02)
|            ( - 7.040e+03 10 0 QUESTION15 -1 4.178e+02 3.265e+02)))
|    ( QUESTION0_1_R 1 2.052e+04 7.056e+02 8.448e+02
|        ( - 6.078e+03 10 0 QUESTION0 1 4.842e+02 2.624e+02)
|        ( QUESTION0 1 1.373e+04 6.016e+02 5.824e+02
|            ( - 4.156e+03 5 0 QUESTION0_10_R 1 3.821e+02 1.949e+02)
|            ( QUESTION0_10_R 1 8.974e+03 5.288e+02 3.875e+02
|                ( - 5.072e+03 8 0 QUESTION0_12_R 1 3.555e+02 2.296e+02)
|                ( - 3.373e+03 5 0 QUESTION14 1 2.486e+02 1.579e+02)))))
s>    ( QUESTION10 1 6.033e+04 1.179e+03 2.504e+03
s>        ( QUESTION19 -1 3.863e+04 8.496e+02 1.659e+03
s>            ( QUESTION11 1 2.362e+04 6.389e+02 1.033e+03
s>                ( - 1.620e+04 3 0)
s>                ( - 6.786e+03 3 0 QUESTION0_10_R 1 4.255e+02 3.189e+02))
s>            ( QUESTION17 -1 1.416e+04 7.497e+02 6.261e+02
s>                ( - 6.371e+03 8 0 QUESTION0_17_R 1 4.387e+02 2.996e+02)
s>                ( - 7.040e+03 10 0 QUESTION15 -1 4.178e+02 3.265e+02)))
s>        ( QUESTION0_1_R 1 2.052e+04 7.056e+02 8.448e+02
s>            ( - 6.078e+03 10 0 QUESTION0 1 4.842e+02 2.624e+02)
s>            ( QUESTION0 1 1.373e+04 6.016e+02 5.824e+02
s>                ( - 4.156e+03 5 0 QUESTION0_10_R 1 3.821e+02 1.949e+02)
s>                ( QUESTION0_10_R 1 8.974e+03 5.288e+02 3.875e+02
s>                    ( - 5.072e+03 8 0 QUESTION0_12_R 1 3.555e+02 2.296e+02)
s>                    ( - 3.373e+03 5 0 QUESTION14 1 2.486e+02 1.579e+02)))))INFO: dtree.c(1439): stop. leaf nodes are specific
INFO: dtree.c(1478): Final simple tree
|( QUESTION19 -1 2.179e+04 8.493e+02 8.806e+02
|    ( - 1.047e+04 1 0)
|    ( QUESTION17 -1 1.047e+04 6.468e+02 4.443e+02
|        ( - 4.871e+03 1 0)
|        ( QUESTION14 -1 4.951e+03 2.880e+02 2.259e+02
|            ( - 5.453e+02 1 0)
|            ( - 4.117e+03 1 0))))
s>    ( QUESTION19 -1 2.179e+04 8.493e+02 8.806e+02
s>        ( - 1.047e+04 1 0)
s>        ( QUESTION17 -1 1.047e+04 6.468e+02 4.443e+02
s>            ( - 4.871e+03 1 0)
s>            ( QUESTION14 -1 4.951e+03 2.880e+02 2.259e+02
s>                ( - 5.453e+02 1 0)
s>                ( - 4.117e+03 1 0))))INFO: dtree.c(1315): Comp split 3
INFO: dtree.c(1478): Final simple tree
|( QUESTION0 1 2.757e+04 8.193e+02 1.144e+03
|    ( QUESTION0_20_R 1 1.446e+04 6.062e+02 6.332e+02
|        ( QUESTION11 1 3.850e+03 3.484e+02 1.827e+02
|            ( - 1.938e+03 3 0)
|            ( - 1.564e+03 4 0 QUESTION19 -1 1.934e+02 7.974e+01))
|        ( QUESTION0_2_R 1 1.000e+04 5.498e+02 4.504e+02
|            ( - 2.748e+03 4 0 QUESTION17 -1 2.178e+02 1.369e+02)
|            ( QUESTION0_17_R 1 6.702e+03 4.553e+02 3.136e+02
|                ( - 3.072e+03 2 0 QUESTION0_18_R 1 3.345e+02 1.554e+02)
|                ( - 3.175e+03 5 0 QUESTION0_15_R 1 2.109e+02 1.582e+02))))
|    ( QUESTION0_8_R 1 1.229e+04 6.170e+02 5.112e+02
|        ( - 3.287e+03 3 0 QUESTION14 1 2.235e+02 1.559e+02)
|        ( QUESTION18 -1 8.390e+03 4.790e+02 3.554e+02
|            ( - 4.964e+03 6 0 QUESTION0_13_R 1 3.297e+02 2.242e+02)
|            ( - 2.947e+03 9 0 QUESTION14 1 3.058e+02 1.311e+02))))
s>    ( QUESTION0 1 2.757e+04 8.193e+02 1.144e+03
s>        ( QUESTION0_20_R 1 1.446e+04 6.062e+02 6.332e+02
s>            ( QUESTION11 1 3.850e+03 3.484e+02 1.827e+02
s>                ( - 1.938e+03 3 0)
s>                ( - 1.564e+03 4 0 QUESTION19 -1 1.934e+02 7.974e+01))
s>            ( QUESTION0_2_R 1 1.000e+04 5.498e+02 4.504e+02
s>                ( - 2.748e+03 4 0 QUESTION17 -1 2.178e+02 1.369e+02)
s>                ( QUESTION0_17_R 1 6.702e+03 4.553e+02 3.136e+02
s>                    ( - 3.072e+03 2 0 QUESTION0_18_R 1 3.345e+02 1.554e+02)
s>                    ( - 3.175e+03 5 0 QUESTION0_15_R 1 2.109e+02 1.582e+02))))
s>        ( QUESTION0_8_R 1 1.229e+04 6.170e+02 5.112e+02
s>            ( - 3.287e+03 3 0 QUESTION14 1 2.235e+02 1.559e+02)
s>            ( QUESTION18 -1 8.390e+03 4.790e+02 3.554e+02
s>                ( - 4.964e+03 6 0 QUESTION0_13_R 1 3.297e+02 2.242e+02)
s>                ( - 2.947e+03 9 0 QUESTION14 1 3.058e+02 1.311e+02))))INFO: dtree.c(1478): Final simple tree
|( QUESTION17 -1 3.146e+04 7.995e+02 1.360e+03
|    ( QUESTION11 1 2.362e+04 6.389e+02 1.033e+03
|        ( - 1.620e+04 3 0)
|        ( QUESTION0_10_R 1 6.786e+03 4.255e+02 3.189e+02
|            ( QUESTION0_18_R 1 4.292e+03 1.786e+02 2.159e+02
|                ( - 1.197e+02 1 0)
|                ( - 3.994e+03 1 0))
|            ( - 2.069e+03 1 0)))
|    ( QUESTION15 -1 7.040e+03 4.178e+02 3.265e+02
|        ( QUESTION11 1 3.337e+03 2.758e+02 1.617e+02
|            ( - 2.120e+03 3 0)
|            ( - 9.407e+02 2 0 QUESTION0_10_R 1 1.466e+02 5.401e+01))
|        ( QUESTION11 1 3.286e+03 1.594e+02 1.648e+02
|            ( - 2.926e+03 2 0)
|            ( - 2.009e+02 3 0 QUESTION0_10_R 1 6.042e+01 1.600e+01))))
s>    ( QUESTION17 -1 3.146e+04 7.995e+02 1.360e+03
s>        ( QUESTION11 1 2.362e+04 6.389e+02 1.033e+03
s>            ( - 1.620e+04 3 0)
s>            ( QUESTION0_10_R 1 6.786e+03 4.255e+02 3.189e+02
s>                ( QUESTION0_18_R 1 4.292e+03 1.786e+02 2.159e+02
s>                    ( - 1.197e+02 1 0)
s>                    ( - 3.994e+03 1 0))
s>                ( - 2.069e+03 1 0)))
s>        ( QUESTION15 -1 7.040e+03 4.178e+02 3.265e+02
s>            ( QUESTION11 1 3.337e+03 2.758e+02 1.617e+02
s>                ( - 2.120e+03 3 0)
s>                ( - 9.407e+02 2 0 QUESTION0_10_R 1 1.466e+02 5.401e+01))
s>            ( QUESTION11 1 3.286e+03 1.594e+02 1.648e+02
s>                ( - 2.926e+03 2 0)
s>                ( - 2.009e+02 3 0 QUESTION0_10_R 1 6.042e+01 1.600e+01))))INFO: dtree.c(1315): Comp split 4
INFO: dtree.c(1478): Final simple tree
|( QUESTION18 -1 1.036e+04 5.093e+02 4.351e+02
|    ( QUESTION17 1 5.670e+03 3.575e+02 2.532e+02
|        ( QUESTION0_12_R 1 2.954e+03 2.734e+02 1.436e+02
|            ( - 8.252e+02 1 0)
|            ( - 1.855e+03 1 0))
|        ( QUESTION0_0_R 1 2.359e+03 2.664e+02 1.096e+02
|            ( QUESTION0_5_R 1 1.432e+03 1.806e+02 6.935e+01
|                ( - 3.761e+02 2 0)
|                ( - 8.756e+02 1 0))
|            ( - 6.599e+02 3 0 QUESTION10 1 1.250e+02 4.028e+01)))
|    ( QUESTION15 1 4.185e+03 3.416e+02 1.819e+02
|        ( - 1.304e+03 6 0 QUESTION17 -1 1.370e+02 6.238e+01)
|        ( QUESTION0_10_R 1 2.540e+03 2.554e+02 1.195e+02
|            ( - 1.338e+03 3 0 QUESTION17 -1 1.236e+02 6.877e+01)
|            ( - 9.465e+02 2 0 QUESTION16 -1 1.223e+02 5.074e+01))))
s>    ( QUESTION18 -1 1.036e+04 5.093e+02 4.351e+02
s>        ( QUESTION17 1 5.670e+03 3.575e+02 2.532e+02
s>            ( QUESTION0_12_R 1 2.954e+03 2.734e+02 1.436e+02
s>                ( - 8.252e+02 1 0)
s>                ( - 1.855e+03 1 0))
s>            ( QUESTION0_0_R 1 2.359e+03 2.664e+02 1.096e+02
s>                ( QUESTION0_5_R 1 1.432e+03 1.806e+02 6.935e+01
s>                    ( - 3.761e+02 2 0)
s>                    ( - 8.756e+02 1 0))
s>                ( - 6.599e+02 3 0 QUESTION10 1 1.250e+02 4.028e+01)))
s>        ( QUESTION15 1 4.185e+03 3.416e+02 1.819e+02
s>            ( - 1.304e+03 6 0 QUESTION17 -1 1.370e+02 6.238e+01)
s>            ( QUESTION0_10_R 1 2.540e+03 2.554e+02 1.195e+02
s>                ( - 1.338e+03 3 0 QUESTION17 -1 1.236e+02 6.877e+01)
s>                ( - 9.465e+02 2 0 QUESTION16 -1 1.223e+02 5.074e+01))))INFO: dtree.c(1478): Final simple tree
|( QUESTION0_0_R 1 1.630e+04 6.654e+02 7.093e+02
|    ( QUESTION0_2_R 1 6.602e+03 5.152e+02 2.946e+02
|        ( QUESTION17 -1 2.748e+03 2.178e+02 1.369e+02
|            ( - 2.211e+03 2 0 QUESTION0_3_R 1 7.395e+01 1.149e+02)
|            ( - 3.192e+02 2 0 QUESTION14 -1 7.416e+01 2.200e+01))
|        ( QUESTION14 1 3.339e+03 2.378e+02 1.577e+02
|            ( - 2.754e+03 2 0)
|            ( - 3.467e+02 2 0 QUESTION0_1_R 1 3.402e+01 2.381e+01)))
|    ( QUESTION0_17_R 1 9.036e+03 4.891e+02 4.147e+02
|        ( QUESTION0_18_R 1 3.072e+03 3.345e+02 1.554e+02
|            ( - 1.311e+03 1 0)
|            ( - 1.427e+03 1 0))
|        ( QUESTION0_15_R 1 5.475e+03 4.283e+02 2.594e+02
|            ( - 2.562e+03 2 0)
|            ( - 2.484e+03 5 0 QUESTION0_10_R 1 1.835e+02 1.272e+02))))
s>    ( QUESTION0_0_R 1 1.630e+04 6.654e+02 7.093e+02
s>        ( QUESTION0_2_R 1 6.602e+03 5.152e+02 2.946e+02
s>            ( QUESTION17 -1 2.748e+03 2.178e+02 1.369e+02
s>                ( - 2.211e+03 2 0 QUESTION0_3_R 1 7.395e+01 1.149e+02)
s>                ( - 3.192e+02 2 0 QUESTION14 -1 7.416e+01 2.200e+01))
s>            ( QUESTION14 1 3.339e+03 2.378e+02 1.577e+02
s>                ( - 2.754e+03 2 0)
s>                ( - 3.467e+02 2 0 QUESTION0_1_R 1 3.402e+01 2.381e+01)))
s>        ( QUESTION0_17_R 1 9.036e+03 4.891e+02 4.147e+02
s>            ( QUESTION0_18_R 1 3.072e+03 3.345e+02 1.554e+02
s>                ( - 1.311e+03 1 0)
s>                ( - 1.427e+03 1 0))
s>            ( QUESTION0_15_R 1 5.475e+03 4.283e+02 2.594e+02
s>                ( - 2.562e+03 2 0)
s>                ( - 2.484e+03 5 0 QUESTION0_10_R 1 1.835e+02 1.272e+02))))INFO: dtree.c(1315): Comp split 5
INFO: dtree.c(1439): stop. leaf nodes are specific
INFO: dtree.c(1478): Final simple tree
|( QUESTION16 -1 9.609e+03 6.213e+02 4.111e+02
|    ( - 4.117e+03 1 0)
|    ( - 4.871e+03 1 0))
s>    ( QUESTION16 -1 9.609e+03 6.213e+02 4.111e+02
s>        ( - 4.117e+03 1 0)
s>        ( - 4.871e+03 1 0))INFO: dtree.c(1439): stop. leaf nodes are specific
INFO: dtree.c(1478): Final simple tree
|( QUESTION14 -1 1.131e+04 2.919e+02 4.694e+02
|    ( - 5.453e+02 1 0)
|    ( - 1.047e+04 1 0))
s>    ( QUESTION14 -1 1.131e+04 2.919e+02 4.694e+02
s>        ( - 5.453e+02 1 0)
s>        ( - 1.047e+04 1 0))INFO: dtree.c(1315): Comp split 6
INFO: dtree.c(1439): stop. leaf nodes are specific
INFO: dtree.c(1478): Final simple tree
|( QUESTION15 -1 7.040e+03 4.178e+02 3.265e+02
|    ( QUESTION11 1 3.337e+03 2.758e+02 1.617e+02
|        ( - 2.120e+03 3 0)
|        ( QUESTION0_10_R 1 9.407e+02 1.466e+02 5.401e+01
|            ( - 3.784e+02 1 0)
|            ( - 4.157e+02 1 0)))
|    ( QUESTION11 1 3.286e+03 1.594e+02 1.648e+02
|        ( - 2.926e+03 2 0)
|        ( QUESTION0_10_R 1 2.009e+02 6.042e+01 1.600e+01
|            ( QUESTION0 -1 8.047e+01 3.353e+01 9.000e+00
|                ( - 1.818e+01 1 0)
|                ( - 2.877e+01 1 0))
|            ( - 6.000e+01 1 0))))
s>    ( QUESTION15 -1 7.040e+03 4.178e+02 3.265e+02
s>        ( QUESTION11 1 3.337e+03 2.758e+02 1.617e+02
s>            ( - 2.120e+03 3 0)
s>            ( QUESTION0_10_R 1 9.407e+02 1.466e+02 5.401e+01
s>                ( - 3.784e+02 1 0)
s>                ( - 4.157e+02 1 0)))
s>        ( QUESTION11 1 3.286e+03 1.594e+02 1.648e+02
s>            ( - 2.926e+03 2 0)
s>            ( QUESTION0_10_R 1 2.009e+02 6.042e+01 1.600e+01
s>                ( QUESTION0 -1 8.047e+01 3.353e+01 9.000e+00
s>                    ( - 1.818e+01 1 0)
s>                    ( - 2.877e+01 1 0))
s>                ( - 6.000e+01 1 0))))INFO: dtree.c(1439): stop. leaf nodes are specific
INFO: dtree.c(1478): Final simple tree
|( QUESTION11 1 2.362e+04 6.389e+02 1.033e+03
|    ( - 1.620e+04 3 0)
|    ( QUESTION0_10_R 1 6.786e+03 4.255e+02 3.189e+02
|        ( QUESTION0_18_R 1 4.292e+03 1.786e+02 2.159e+02
|            ( - 1.197e+02 1 0)
|            ( - 3.994e+03 1 0))
|        ( - 2.069e+03 1 0)))
s>    ( QUESTION11 1 2.362e+04 6.389e+02 1.033e+03
s>        ( - 1.620e+04 3 0)
s>        ( QUESTION0_10_R 1 6.786e+03 4.255e+02 3.189e+02
s>            ( QUESTION0_18_R 1 4.292e+03 1.786e+02 2.159e+02
s>                ( - 1.197e+02 1 0)
s>                ( - 3.994e+03 1 0))
s>            ( - 2.069e+03 1 0)))INFO: dtree.c(1315): Comp split 7
INFO: dtree.c(1478): Final simple tree
|( QUESTION2_7_L -1 8.386e+03 5.105e+02 3.733e+02
|    ( QUESTION0 -1 4.704e+03 3.144e+02 2.233e+02
|        ( QUESTION1 -1 1.506e+03 8.070e+01 8.306e+01
|            ( - 1.379e+03 1 0)
|            ( - 4.600e+01 1 0))
|        ( - 2.883e+03 2 0))
|    ( QUESTION10 -1 3.172e+03 2.693e+02 1.500e+02
|        ( QUESTION2_11_L -1 1.634e+03 1.830e+02 8.311e+01
|            ( QUESTION11 -1 6.885e+02 1.001e+02 4.000e+01
|                ( - 1.833e+02 1 0)
|                ( - 4.050e+02 1 0))
|            ( - 7.623e+02 1 0))
|        ( QUESTION0 -1 1.269e+03 1.599e+02 6.685e+01
|            ( - 5.647e+02 2 0 QUESTION5 -1 5.778e+01 3.300e+01)
|            ( - 5.447e+02 2 0 SILENCE -1 4.722e+01 3.385e+01))))
s>    ( QUESTION2_7_L -1 8.386e+03 5.105e+02 3.733e+02
s>        ( QUESTION0 -1 4.704e+03 3.144e+02 2.233e+02
s>            ( QUESTION1 -1 1.506e+03 8.070e+01 8.306e+01
s>                ( - 1.379e+03 1 0)
s>                ( - 4.600e+01 1 0))
s>            ( - 2.883e+03 2 0))
s>        ( QUESTION10 -1 3.172e+03 2.693e+02 1.500e+02
s>            ( QUESTION2_11_L -1 1.634e+03 1.830e+02 8.311e+01
s>                ( QUESTION11 -1 6.885e+02 1.001e+02 4.000e+01
s>                    ( - 1.833e+02 1 0)
s>                    ( - 4.050e+02 1 0))
s>                ( - 7.623e+02 1 0))
s>            ( QUESTION0 -1 1.269e+03 1.599e+02 6.685e+01
s>                ( - 5.647e+02 2 0 QUESTION5 -1 5.778e+01 3.300e+01)
s>                ( - 5.447e+02 2 0 SILENCE -1 4.722e+01 3.385e+01))))INFO: dtree.c(1439): stop. leaf nodes are specific
INFO: dtree.c(1478): Final simple tree
|( SILENCE -1 3.996e+03 4.272e+02 1.800e+02
|    ( - 1.649e+03 1 0)
|    ( QUESTION0 -1 1.921e+03 2.517e+02 9.000e+01
|        ( - 7.325e+02 2 0)
|        ( QUESTION16 -1 9.363e+02 1.656e+02 4.600e+01
|            ( - 2.932e+02 2 0)
|            ( - 4.774e+02 1 0))))
s>    ( SILENCE -1 3.996e+03 4.272e+02 1.800e+02
s>        ( - 1.649e+03 1 0)
s>        ( QUESTION0 -1 1.921e+03 2.517e+02 9.000e+01
s>            ( - 7.325e+02 2 0)
s>            ( QUESTION16 -1 9.363e+02 1.656e+02 4.600e+01
s>                ( - 2.932e+02 2 0)
s>                ( - 4.774e+02 1 0))))INFO: dtree.c(1315): Comp split 8
INFO: dtree.c(1439): stop. leaf nodes are specific
INFO: dtree.c(1478): Final simple tree
|( QUESTION10 1 7.777e+03 4.972e+02 3.602e+02
|    ( QUESTION0_17_R 1 4.143e+03 3.480e+02 2.043e+02
|        ( - 1.311e+03 1 0)
|        ( QUESTION0_10_R 1 2.484e+03 1.835e+02 1.272e+02
|            ( - 3.627e+02 2 0)
|            ( - 1.938e+03 3 0)))
|    ( QUESTION0_0_R 1 3.136e+03 2.270e+02 1.560e+02
|        ( QUESTION0_1_R 1 3.467e+02 3.402e+01 2.381e+01
|            ( - 4.051e+00 1 0)
|            ( - 3.087e+02 1 0))
|        ( - 2.562e+03 2 0)))
s>    ( QUESTION10 1 7.777e+03 4.972e+02 3.602e+02
s>        ( QUESTION0_17_R 1 4.143e+03 3.480e+02 2.043e+02
s>            ( - 1.311e+03 1 0)
s>            ( QUESTION0_10_R 1 2.484e+03 1.835e+02 1.272e+02
s>                ( - 3.627e+02 2 0)
s>                ( - 1.938e+03 3 0)))
s>        ( QUESTION0_0_R 1 3.136e+03 2.270e+02 1.560e+02
s>            ( QUESTION0_1_R 1 3.467e+02 3.402e+01 2.381e+01
s>                ( - 4.051e+00 1 0)
s>                ( - 3.087e+02 1 0))
s>            ( - 2.562e+03 2 0)))INFO: dtree.c(1439): stop. leaf nodes are specific
INFO: dtree.c(1478): Final simple tree
|( QUESTION0_1_R 1 7.833e+03 5.222e+02 3.490e+02
|    ( QUESTION17 -1 2.748e+03 2.178e+02 1.369e+02
|        ( QUESTION0_3_R 1 2.211e+03 7.395e+01 1.149e+02
|            ( - 3.298e+01 1 0)
|            ( - 2.104e+03 1 0))
|        ( QUESTION14 -1 3.192e+02 7.416e+01 2.200e+01
|            ( - 1.388e+02 1 0)
|            ( - 1.062e+02 1 0)))
|    ( QUESTION0_0_R 1 4.563e+03 3.815e+02 2.122e+02
|        ( - 2.754e+03 2 0)
|        ( - 1.427e+03 1 0)))
s>    ( QUESTION0_1_R 1 7.833e+03 5.222e+02 3.490e+02
s>        ( QUESTION17 -1 2.748e+03 2.178e+02 1.369e+02
s>            ( QUESTION0_3_R 1 2.211e+03 7.395e+01 1.149e+02
s>                ( - 3.298e+01 1 0)
s>                ( - 2.104e+03 1 0))
s>            ( QUESTION14 -1 3.192e+02 7.416e+01 2.200e+01
s>                ( - 1.388e+02 1 0)
s>                ( - 1.062e+02 1 0)))
s>        ( QUESTION0_0_R 1 4.563e+03 3.815e+02 2.122e+02
s>            ( - 2.754e+03 2 0)
s>            ( - 1.427e+03 1 0)))INFO: dtree.c(1315): Comp split 9
INFO: dtree.c(1439): stop. leaf nodes are specific
INFO: dtree.c(1478): Final simple tree
|( QUESTION18 -1 3.784e+03 3.721e+02 1.769e+02
|    ( - 1.080e+03 1 0)
|    ( QUESTION0_0_R 1 2.332e+03 2.197e+02 1.193e+02
|        ( - 1.188e+03 1 0)
|        ( QUESTION0_15_R 1 9.238e+02 1.399e+02 5.119e+01
|            ( QUESTION0 -1 5.416e+02 9.084e+01 3.319e+01
|                ( - 1.772e+02 1 0)
|                ( - 2.736e+02 1 0))
|            ( QUESTION0_10_R 1 2.422e+02 3.271e+01 1.800e+01
|                ( - 1.992e+02 1 0)
|                ( - 1.031e+01 1 0)))))
s>    ( QUESTION18 -1 3.784e+03 3.721e+02 1.769e+02
s>        ( - 1.080e+03 1 0)
s>        ( QUESTION0_0_R 1 2.332e+03 2.197e+02 1.193e+02
s>            ( - 1.188e+03 1 0)
s>            ( QUESTION0_15_R 1 9.238e+02 1.399e+02 5.119e+01
s>                ( QUESTION0 -1 5.416e+02 9.084e+01 3.319e+01
s>                    ( - 1.772e+02 1 0)
s>                    ( - 2.736e+02 1 0))
s>                ( QUESTION0_10_R 1 2.422e+02 3.271e+01 1.800e+01
s>                    ( - 1.992e+02 1 0)
s>                    ( - 1.031e+01 1 0)))))INFO: dtree.c(1439): stop. leaf nodes are specific
INFO: dtree.c(1478): Final simple tree
|( QUESTION0_11_R 1 7.066e+03 4.529e+02 3.413e+02
|    ( - 4.761e+03 1 0)
|    ( QUESTION0_10_R 1 1.852e+03 1.875e+02 9.482e+01
|        ( - 1.341e+03 1 0)
|        ( QUESTION14 -1 3.233e+02 6.438e+01 2.000e+01
|            ( - 1.846e+02 1 0)
|            ( QUESTION0_0_R 1 7.437e+01 2.554e+01 7.000e+00
|                ( - 1.755e+01 1 0)
|                ( - 3.128e+01 1 0)))))
s>    ( QUESTION0_11_R 1 7.066e+03 4.529e+02 3.413e+02
s>        ( - 4.761e+03 1 0)
s>        ( QUESTION0_10_R 1 1.852e+03 1.875e+02 9.482e+01
s>            ( - 1.341e+03 1 0)
s>            ( QUESTION14 -1 3.233e+02 6.438e+01 2.000e+01
s>                ( - 1.846e+02 1 0)
s>                ( QUESTION0_0_R 1 7.437e+01 2.554e+01 7.000e+00
s>                    ( - 1.755e+01 1 0)
s>                    ( - 3.128e+01 1 0)))))INFO: dtree.c(1315): Comp split 10
INFO: dtree.c(1439): stop. leaf nodes are specific
INFO: dtree.c(1478): Final simple tree
|( QUESTION0_10_R 1 6.786e+03 4.255e+02 3.189e+02
|    ( QUESTION0_18_R 1 4.292e+03 1.786e+02 2.159e+02
|        ( - 1.197e+02 1 0)
|        ( - 3.994e+03 1 0))
|    ( - 2.069e+03 1 0))
s>    ( QUESTION0_10_R 1 6.786e+03 4.255e+02 3.189e+02
s>        ( QUESTION0_18_R 1 4.292e+03 1.786e+02 2.159e+02
s>            ( - 1.197e+02 1 0)
s>            ( - 3.994e+03 1 0))
s>        ( - 2.069e+03 1 0))INFO: dtree.c(1315): Comp split 11
INFO: dtree.c(1315): Comp split 12
INFO: dtree.c(1478): Final simple tree
|( QUESTION18 -1 5.226e+03 3.660e+02 2.275e+02
|    ( QUESTION0_0_R 1 3.556e+03 2.690e+02 1.651e+02
|        ( QUESTION0_5_R 1 1.432e+03 1.806e+02 6.935e+01
|            ( - 3.761e+02 2 0)
|            ( - 8.756e+02 1 0))
|        ( - 1.855e+03 1 0))
|    ( QUESTION17 -1 1.304e+03 1.370e+02 6.238e+01
|        ( QUESTION0_0_R 1 1.050e+03 3.424e+01 5.238e+01
|            ( - 1.007e+03 1 0)
|            ( - 8.759e+00 1 0))
|        ( QUESTION15 -1 1.164e+02 3.255e+01 1.000e+01
|            ( QUESTION0_0_R 1 5.551e+01 2.501e+01 6.000e+00
|                ( - 1.498e+01 1 0)
|                ( - 1.553e+01 1 0))
|            ( - 2.838e+01 2 0 QUESTION0_10_R 1 1.311e+01 4.000e+00))))
s>    ( QUESTION18 -1 5.226e+03 3.660e+02 2.275e+02
s>        ( QUESTION0_0_R 1 3.556e+03 2.690e+02 1.651e+02
s>            ( QUESTION0_5_R 1 1.432e+03 1.806e+02 6.935e+01
s>                ( - 3.761e+02 2 0)
s>                ( - 8.756e+02 1 0))
s>            ( - 1.855e+03 1 0))
s>        ( QUESTION17 -1 1.304e+03 1.370e+02 6.238e+01
s>            ( QUESTION0_0_R 1 1.050e+03 3.424e+01 5.238e+01
s>                ( - 1.007e+03 1 0)
s>                ( - 8.759e+00 1 0))
s>            ( QUESTION15 -1 1.164e+02 3.255e+01 1.000e+01
s>                ( QUESTION0_0_R 1 5.551e+01 2.501e+01 6.000e+00
s>                    ( - 1.498e+01 1 0)
s>                    ( - 1.553e+01 1 0))
s>                ( - 2.838e+01 2 0 QUESTION0_10_R 1 1.311e+01 4.000e+00))))INFO: dtree.c(1478): Final simple tree
|( QUESTION19 -1 4.593e+03 3.474e+02 2.076e+02
|    ( QUESTION0_10_R 1 1.991e+03 2.320e+02 9.651e+01
|        ( - 1.087e+03 1 0)
|        ( - 6.722e+02 1 0))
|    ( QUESTION15 1 2.254e+03 2.513e+02 1.111e+02
|        ( - 8.252e+02 1 0)
|        ( QUESTION17 -1 1.178e+03 1.777e+02 6.328e+01
|            ( QUESTION10 1 6.599e+02 1.250e+02 4.028e+01
|                ( - 2.009e+02 1 0)
|                ( QUESTION0_10_R 1 3.340e+02 8.181e+01 2.328e+01
|                    ( - 1.209e+02 1 0)
|                    ( - 1.312e+02 1 0)))
|            ( QUESTION0_10_R 1 3.400e+02 6.083e+01 2.300e+01
|                ( - 1.271e+02 2 0 QUESTION14 -1 1.965e+01 1.100e+01)
|                ( - 1.520e+02 1 0)))))
s>    ( QUESTION19 -1 4.593e+03 3.474e+02 2.076e+02
s>        ( QUESTION0_10_R 1 1.991e+03 2.320e+02 9.651e+01
s>            ( - 1.087e+03 1 0)
s>            ( - 6.722e+02 1 0))
s>        ( QUESTION15 1 2.254e+03 2.513e+02 1.111e+02
s>            ( - 8.252e+02 1 0)
s>            ( QUESTION17 -1 1.178e+03 1.777e+02 6.328e+01
s>                ( QUESTION10 1 6.599e+02 1.250e+02 4.028e+01
s>                    ( - 2.009e+02 1 0)
s>                    ( QUESTION0_10_R 1 3.340e+02 8.181e+01 2.328e+01
s>                        ( - 1.209e+02 1 0)
s>                        ( - 1.312e+02 1 0)))
s>                ( QUESTION0_10_R 1 3.400e+02 6.083e+01 2.300e+01
s>                    ( - 1.271e+02 2 0 QUESTION14 -1 1.965e+01 1.100e+01)
s>                    ( - 1.520e+02 1 0)))))INFO: dtree.c(1315): Comp split 13
INFO: dtree.c(1439): stop. leaf nodes are specific
INFO: dtree.c(1478): Final simple tree
|( QUESTION0_0_R 1 4.789e+03 3.905e+02 2.202e+02
|    ( QUESTION0_1_R 1 2.972e+03 1.114e+02 1.419e+02
|        ( - 1.062e+02 1 0)
|        ( - 2.754e+03 2 0))
|    ( - 1.427e+03 1 0))
s>    ( QUESTION0_0_R 1 4.789e+03 3.905e+02 2.202e+02
s>        ( QUESTION0_1_R 1 2.972e+03 1.114e+02 1.419e+02
s>            ( - 1.062e+02 1 0)
s>            ( - 2.754e+03 2 0))
s>        ( - 1.427e+03 1 0))INFO: dtree.c(1439): stop. leaf nodes are specific
INFO: dtree.c(1478): Final simple tree
|( QUESTION14 -1 2.509e+03 1.589e+02 1.289e+02
|    ( - 1.388e+02 1 0)
|    ( QUESTION0_3_R 1 2.211e+03 7.395e+01 1.149e+02
|        ( - 3.298e+01 1 0)
|        ( - 2.104e+03 1 0)))
s>    ( QUESTION14 -1 2.509e+03 1.589e+02 1.289e+02
s>        ( - 1.388e+02 1 0)
s>        ( QUESTION0_3_R 1 2.211e+03 7.395e+01 1.149e+02
s>            ( - 3.298e+01 1 0)
s>            ( - 2.104e+03 1 0)))INFO: dtree.c(1315): Comp split 14
INFO: dtree.c(1478): Final simple tree
|( QUESTION2_18_L -1 3.298e+03 2.740e+02 1.570e+02
|    ( QUESTION1 -1 8.732e+02 6.416e+01 4.911e+01
|        ( - 4.668e+01 1 0)
|        ( - 7.623e+02 1 0))
|    ( QUESTION2_10_L -1 2.151e+03 2.171e+02 1.079e+02
|        ( QUESTION1 -1 1.280e+03 1.315e+02 6.700e+01
|            ( - 4.602e+02 1 0)
|            ( QUESTION11 -1 6.885e+02 1.001e+02 4.000e+01
|                ( - 1.833e+02 1 0)
|                ( - 4.050e+02 1 0)))
|        ( SILENCE -1 6.541e+02 8.315e+01 4.085e+01
|            ( - 4.632e+02 1 0)
|            ( QUESTION0 -1 1.077e+02 2.743e+01 9.000e+00
|                ( - 4.600e+01 1 0)
|                ( - 3.427e+01 1 0)))))
s>    ( QUESTION2_18_L -1 3.298e+03 2.740e+02 1.570e+02
s>        ( QUESTION1 -1 8.732e+02 6.416e+01 4.911e+01
s>            ( - 4.668e+01 1 0)
s>            ( - 7.623e+02 1 0))
s>        ( QUESTION2_10_L -1 2.151e+03 2.171e+02 1.079e+02
s>            ( QUESTION1 -1 1.280e+03 1.315e+02 6.700e+01
s>                ( - 4.602e+02 1 0)
s>                ( QUESTION11 -1 6.885e+02 1.001e+02 4.000e+01
s>                    ( - 1.833e+02 1 0)
s>                    ( - 4.050e+02 1 0)))
s>            ( SILENCE -1 6.541e+02 8.315e+01 4.085e+01
s>                ( - 4.632e+02 1 0)
s>                ( QUESTION0 -1 1.077e+02 2.743e+01 9.000e+00
s>                    ( - 4.600e+01 1 0)
s>                    ( - 3.427e+01 1 0)))))INFO: dtree.c(1439): stop. leaf nodes are specific
INFO: dtree.c(1478): Final simple tree
|( QUESTION0 -1 4.564e+03 3.012e+02 2.163e+02
|    ( - 1.379e+03 1 0)
|    ( - 2.883e+03 2 0))
s>    ( QUESTION0 -1 4.564e+03 3.012e+02 2.163e+02
s>        ( - 1.379e+03 1 0)
s>        ( - 2.883e+03 2 0))INFO: dtree.c(1315): Comp split 15
INFO: dtree.c(1439): stop. leaf nodes are specific
INFO: dtree.c(1478): Final simple tree
|( QUESTION0_0_R 1 3.136e+03 2.270e+02 1.560e+02
|    ( QUESTION0_1_R 1 3.467e+02 3.402e+01 2.381e+01
|        ( - 4.051e+00 1 0)
|        ( - 3.087e+02 1 0))
|    ( - 2.562e+03 2 0))
s>    ( QUESTION0_0_R 1 3.136e+03 2.270e+02 1.560e+02
s>        ( QUESTION0_1_R 1 3.467e+02 3.402e+01 2.381e+01
s>            ( - 4.051e+00 1 0)
s>            ( - 3.087e+02 1 0))
s>        ( - 2.562e+03 2 0))INFO: dtree.c(1439): stop. leaf nodes are specific
INFO: dtree.c(1478): Final simple tree
|( QUESTION0_17_R 1 4.143e+03 3.480e+02 2.043e+02
|    ( - 1.311e+03 1 0)
|    ( QUESTION0_10_R 1 2.484e+03 1.835e+02 1.272e+02
|        ( - 3.627e+02 2 0)
|        ( - 1.938e+03 3 0)))
s>    ( QUESTION0_17_R 1 4.143e+03 3.480e+02 2.043e+02
s>        ( - 1.311e+03 1 0)
s>        ( QUESTION0_10_R 1 2.484e+03 1.835e+02 1.272e+02
s>            ( - 3.627e+02 2 0)
s>            ( - 1.938e+03 3 0)))INFO: dtree.c(1315): Comp split 16
INFO: dtree.c(1439): stop. leaf nodes are specific
INFO: dtree.c(1478): Final simple tree
|( QUESTION0_10_R 1 1.852e+03 1.875e+02 9.482e+01
|    ( - 1.341e+03 1 0)
|    ( QUESTION14 -1 3.233e+02 6.438e+01 2.000e+01
|        ( - 1.846e+02 1 0)
|        ( QUESTION0_0_R 1 7.437e+01 2.554e+01 7.000e+00
|            ( - 1.755e+01 1 0)
|            ( - 3.128e+01 1 0))))
s>    ( QUESTION0_10_R 1 1.852e+03 1.875e+02 9.482e+01
s>        ( - 1.341e+03 1 0)
s>        ( QUESTION14 -1 3.233e+02 6.438e+01 2.000e+01
s>            ( - 1.846e+02 1 0)
s>            ( QUESTION0_0_R 1 7.437e+01 2.554e+01 7.000e+00
s>                ( - 1.755e+01 1 0)
s>                ( - 3.128e+01 1 0))))INFO: dtree.c(1315): Comp split 17
INFO: dtree.c(1439): stop. leaf nodes are specific
INFO: dtree.c(1478): Final simple tree
|( QUESTION0_10_R 1 2.361e+03 1.721e+02 1.160e+02
|    ( - 1.197e+02 1 0)
|    ( - 2.069e+03 1 0))
s>    ( QUESTION0_10_R 1 2.361e+03 1.721e+02 1.160e+02
s>        ( - 1.197e+02 1 0)
s>        ( - 2.069e+03 1 0))INFO: dtree.c(1315): Comp split 18
INFO: dtree.c(1439): stop. leaf nodes are specific
INFO: dtree.c(1478): Final simple tree
|( QUESTION0 -1 1.921e+03 2.517e+02 9.000e+01
|    ( - 7.325e+02 2 0)
|    ( QUESTION16 -1 9.363e+02 1.656e+02 4.600e+01
|        ( - 2.932e+02 2 0)
|        ( - 4.774e+02 1 0)))
s>    ( QUESTION0 -1 1.921e+03 2.517e+02 9.000e+01
s>        ( - 7.325e+02 2 0)
s>        ( QUESTION16 -1 9.363e+02 1.656e+02 4.600e+01
s>            ( - 2.932e+02 2 0)
s>            ( - 4.774e+02 1 0)))INFO: dtree.c(1315): Comp split 19
INFO: dtree.c(1439): stop. leaf nodes are specific
INFO: dtree.c(1478): Final simple tree
|( QUESTION11 1 3.442e+03 2.855e+02 1.667e+02
|    ( - 2.120e+03 3 0)
|    ( QUESTION0_10_R 1 1.036e+03 1.526e+02 5.901e+01
|        ( QUESTION14 -1 4.680e+02 6.090e+01 3.201e+01
|            ( - 2.877e+01 1 0)
|            ( - 3.784e+02 1 0))
|        ( - 4.157e+02 1 0)))
s>    ( QUESTION11 1 3.442e+03 2.855e+02 1.667e+02
s>        ( - 2.120e+03 3 0)
s>        ( QUESTION0_10_R 1 1.036e+03 1.526e+02 5.901e+01
s>            ( QUESTION14 -1 4.680e+02 6.090e+01 3.201e+01
s>                ( - 2.877e+01 1 0)
s>                ( - 3.784e+02 1 0))
s>            ( - 4.157e+02 1 0)))INFO: dtree.c(1439): stop. leaf nodes are specific
INFO: dtree.c(1478): Final simple tree
|( QUESTION11 1 3.176e+03 1.333e+02 1.598e+02
|    ( - 2.926e+03 2 0)
|    ( QUESTION0_10_R 1 1.174e+02 3.921e+01 1.100e+01
|        ( - 1.818e+01 1 0)
|        ( - 6.000e+01 1 0)))
s>    ( QUESTION11 1 3.176e+03 1.333e+02 1.598e+02
s>        ( - 2.926e+03 2 0)
s>        ( QUESTION0_10_R 1 1.174e+02 3.921e+01 1.100e+01
s>            ( - 1.818e+01 1 0)
s>            ( - 6.000e+01 1 0)))INFO: dtree.c(1315): Comp split 20
INFO: dtree.c(1439): stop. leaf nodes are specific
INFO: dtree.c(1478): Final simple tree
|( QUESTION0_1_R 1 2.972e+03 1.114e+02 1.419e+02
|    ( - 1.062e+02 1 0)
|    ( - 2.754e+03 2 0))
s>    ( QUESTION0_1_R 1 2.972e+03 1.114e+02 1.419e+02
s>        ( - 1.062e+02 1 0)
s>        ( - 2.754e+03 2 0))INFO: dtree.c(1315): Comp split 21
INFO: dtree.c(1439): stop. leaf nodes are specific
INFO: dtree.c(1478): Final simple tree
|( QUESTION19 -1 1.716e+03 2.306e+02 8.502e+01
|    ( - 6.722e+02 1 0)
|    ( QUESTION16 -1 8.133e+02 1.412e+02 4.628e+01
|        ( QUESTION0_10_R 1 3.195e+02 6.023e+01 2.200e+01
|            ( - 1.072e+02 1 0)
|            ( - 1.520e+02 1 0))
|        ( QUESTION0_10_R 1 3.526e+02 8.401e+01 2.428e+01
|            ( QUESTION14 -1 1.374e+02 1.619e+01 1.228e+01
|                ( - 2.838e-01 1 0)
|                ( - 1.209e+02 1 0))
|            ( - 1.312e+02 1 0))))
s>    ( QUESTION19 -1 1.716e+03 2.306e+02 8.502e+01
s>        ( - 6.722e+02 1 0)
s>        ( QUESTION16 -1 8.133e+02 1.412e+02 4.628e+01
s>            ( QUESTION0_10_R 1 3.195e+02 6.023e+01 2.200e+01
s>                ( - 1.072e+02 1 0)
s>                ( - 1.520e+02 1 0))
s>            ( QUESTION0_10_R 1 3.526e+02 8.401e+01 2.428e+01
s>                ( QUESTION14 -1 1.374e+02 1.619e+01 1.228e+01
s>                    ( - 2.838e-01 1 0)
s>                    ( - 1.209e+02 1 0))
s>                ( - 1.312e+02 1 0))))INFO: dtree.c(1439): stop. leaf nodes are specific
INFO: dtree.c(1478): Final simple tree
|( QUESTION15 1 2.491e+03 2.436e+02 1.226e+02
|    ( - 8.252e+02 1 0)
|    ( QUESTION0_10_R 1 1.422e+03 1.341e+02 7.477e+01
|        ( - 1.087e+03 1 0)
|        ( - 2.009e+02 1 0)))
s>    ( QUESTION15 1 2.491e+03 2.436e+02 1.226e+02
s>        ( - 8.252e+02 1 0)
s>        ( QUESTION0_10_R 1 1.422e+03 1.341e+02 7.477e+01
s>            ( - 1.087e+03 1 0)
s>            ( - 2.009e+02 1 0)))INFO: dtree.c(1315): Comp split 22
INFO: dtree.c(1439): stop. leaf nodes are specific
INFO: dtree.c(1478): Final simple tree
|( QUESTION0_0_R 1 1.509e+03 1.557e+02 7.661e+01
|    ( - 1.080e+03 1 0)
|    ( - 2.736e+02 1 0))
s>    ( QUESTION0_0_R 1 1.509e+03 1.557e+02 7.661e+01
s>        ( - 1.080e+03 1 0)
s>        ( - 2.736e+02 1 0))INFO: dtree.c(1439): stop. leaf nodes are specific
INFO: dtree.c(1478): Final simple tree
|( QUESTION0_0_R 1 1.894e+03 1.859e+02 1.003e+02
|    ( - 1.188e+03 1 0)
|    ( QUESTION0_16_R 1 5.194e+02 1.016e+02 3.216e+01
|        ( - 1.992e+02 1 0)
|        ( QUESTION0_10_R 1 2.186e+02 3.107e+01 1.616e+01
|            ( - 1.772e+02 1 0)
|            ( - 1.031e+01 1 0))))
s>    ( QUESTION0_0_R 1 1.894e+03 1.859e+02 1.003e+02
s>        ( - 1.188e+03 1 0)
s>        ( QUESTION0_16_R 1 5.194e+02 1.016e+02 3.216e+01
s>            ( - 1.992e+02 1 0)
s>            ( QUESTION0_10_R 1 2.186e+02 3.107e+01 1.616e+01
s>                ( - 1.772e+02 1 0)
s>                ( - 1.031e+01 1 0))))INFO: dtree.c(1315): Comp split 23
INFO: dtree.c(1439): stop. leaf nodes are specific
INFO: dtree.c(1478): Final simple tree
|( QUESTION0_13_R 1 3.061e+03 2.532e+02 1.441e+02
|    ( - 1.855e+03 1 0)
|    ( QUESTION0_0_R 1 9.522e+02 6.100e+01 4.835e+01
|        ( - 8.756e+02 1 0)
|        ( - 1.553e+01 1 0)))
s>    ( QUESTION0_13_R 1 3.061e+03 2.532e+02 1.441e+02
s>        ( - 1.855e+03 1 0)
s>        ( QUESTION0_0_R 1 9.522e+02 6.100e+01 4.835e+01
s>            ( - 8.756e+02 1 0)
s>            ( - 1.553e+01 1 0)))INFO: dtree.c(1439): stop. leaf nodes are specific
INFO: dtree.c(1478): Final simple tree
|( QUESTION19 -1 1.790e+03 2.160e+02 8.338e+01
|    ( QUESTION0_0_R 1 1.050e+03 3.424e+01 5.238e+01
|        ( - 1.007e+03 1 0)
|        ( - 8.759e+00 1 0))
|    ( QUESTION17 -1 5.237e+02 8.362e+01 3.100e+01
|        ( - 3.761e+02 2 0)
|        ( QUESTION0_10_R 1 6.399e+01 2.070e+01 7.000e+00
|            ( - 1.526e+01 1 0)
|            ( QUESTION0_0_R 1 2.803e+01 1.305e+01 4.000e+00
|                ( - 1.498e+01 1 0)
|                ( - 0.000e+00 1 0)))))
s>    ( QUESTION19 -1 1.790e+03 2.160e+02 8.338e+01
s>        ( QUESTION0_0_R 1 1.050e+03 3.424e+01 5.238e+01
s>            ( - 1.007e+03 1 0)
s>            ( - 8.759e+00 1 0))
s>        ( QUESTION17 -1 5.237e+02 8.362e+01 3.100e+01
s>            ( - 3.761e+02 2 0)
s>            ( QUESTION0_10_R 1 6.399e+01 2.070e+01 7.000e+00
s>                ( - 1.526e+01 1 0)
s>                ( QUESTION0_0_R 1 2.803e+01 1.305e+01 4.000e+00
s>                    ( - 1.498e+01 1 0)
s>                    ( - 0.000e+00 1 0)))))INFO: dtree.c(1315): Comp split 24
INFO: dtree.c(1439): stop. leaf nodes are specific
INFO: dtree.c(1478): Final simple tree
|( QUESTION0_10_R 1 2.484e+03 1.835e+02 1.272e+02
|    ( - 3.627e+02 2 0)
|    ( - 1.938e+03 3 0))
s>    ( QUESTION0_10_R 1 2.484e+03 1.835e+02 1.272e+02
s>        ( - 3.627e+02 2 0)
s>        ( - 1.938e+03 3 0))INFO: dtree.c(1315): Comp split 25
INFO: dtree.c(1315): Comp split 26
INFO: dtree.c(1439): stop. leaf nodes are specific
INFO: dtree.c(1478): Final simple tree
|( QUESTION12 -1 1.271e+03 1.414e+02 6.412e+01
|    ( - 7.623e+02 1 0)
|    ( QUESTION10 -1 3.670e+02 7.341e+01 2.101e+01
|        ( - 1.833e+02 1 0)
|        ( QUESTION0 -1 1.102e+02 2.927e+01 8.000e+00
|            ( - 4.668e+01 1 0)
|            ( - 3.427e+01 1 0))))
s>    ( QUESTION12 -1 1.271e+03 1.414e+02 6.412e+01
s>        ( - 7.623e+02 1 0)
s>        ( QUESTION10 -1 3.670e+02 7.341e+01 2.101e+01
s>            ( - 1.833e+02 1 0)
s>            ( QUESTION0 -1 1.102e+02 2.927e+01 8.000e+00
s>                ( - 4.668e+01 1 0)
s>                ( - 3.427e+01 1 0))))INFO: dtree.c(1439): stop. leaf nodes are specific
INFO: dtree.c(1478): Final simple tree
|( QUESTION2_10_L -1 1.727e+03 1.835e+02 9.285e+01
|    ( QUESTION1 -1 9.735e+02 1.083e+02 5.400e+01
|        ( - 4.602e+02 1 0)
|        ( - 4.050e+02 1 0))
|    ( SILENCE -1 5.700e+02 6.078e+01 3.885e+01
|        ( - 4.632e+02 1 0)
|        ( - 4.600e+01 1 0)))
s>    ( QUESTION2_10_L -1 1.727e+03 1.835e+02 9.285e+01
s>        ( QUESTION1 -1 9.735e+02 1.083e+02 5.400e+01
s>            ( - 4.602e+02 1 0)
s>            ( - 4.050e+02 1 0))
s>        ( SILENCE -1 5.700e+02 6.078e+01 3.885e+01
s>            ( - 4.632e+02 1 0)
s>            ( - 4.600e+01 1 0)))INFO: dtree.c(1315): Comp split 27
INFO: dtree.c(1315): Comp split 28
INFO: dtree.c(1439): stop. leaf nodes are specific
INFO: dtree.c(1478): Final simple tree
|( QUESTION0_10_R 1 1.036e+03 1.526e+02 5.901e+01
|    ( QUESTION14 -1 4.680e+02 6.090e+01 3.201e+01
|        ( - 2.877e+01 1 0)
|        ( - 3.784e+02 1 0))
|    ( - 4.157e+02 1 0))
s>    ( QUESTION0_10_R 1 1.036e+03 1.526e+02 5.901e+01
s>        ( QUESTION14 -1 4.680e+02 6.090e+01 3.201e+01
s>            ( - 2.877e+01 1 0)
s>            ( - 3.784e+02 1 0))
s>        ( - 4.157e+02 1 0))INFO: dtree.c(1315): Comp split 29
INFO: dtree.c(1439): stop. leaf nodes are specific
INFO: dtree.c(1478): Final simple tree
|( QUESTION0_0_R 1 9.522e+02 6.100e+01 4.835e+01
|    ( - 8.756e+02 1 0)
|    ( - 1.553e+01 1 0))
s>    ( QUESTION0_0_R 1 9.522e+02 6.100e+01 4.835e+01
s>        ( - 8.756e+02 1 0)
s>        ( - 1.553e+01 1 0))INFO: dtree.c(1315): Comp split 30
INFO: dtree.c(1439): stop. leaf nodes are specific
INFO: dtree.c(1478): Final simple tree
|( QUESTION16 -1 9.363e+02 1.656e+02 4.600e+01
|    ( - 2.932e+02 2 0)
|    ( - 4.774e+02 1 0))
s>    ( QUESTION16 -1 9.363e+02 1.656e+02 4.600e+01
s>        ( - 2.932e+02 2 0)
s>        ( - 4.774e+02 1 0))INFO: dtree.c(1315): Comp split 31
INFO: dtree.c(1439): stop. leaf nodes are specific
INFO: dtree.c(1478): Final simple tree
|( QUESTION0_10_R 1 1.422e+03 1.341e+02 7.477e+01
|    ( - 1.087e+03 1 0)
|    ( - 2.009e+02 1 0))
s>    ( QUESTION0_10_R 1 1.422e+03 1.341e+02 7.477e+01
s>        ( - 1.087e+03 1 0)
s>        ( - 2.009e+02 1 0))INFO: dtree.c(1315): Comp split 32
INFO: dtree.c(1439): stop. leaf nodes are specific
INFO: dtree.c(1478): Final simple tree
|( QUESTION16 -1 8.133e+02 1.412e+02 4.628e+01
|    ( QUESTION0_10_R 1 3.195e+02 6.023e+01 2.200e+01
|        ( - 1.072e+02 1 0)
|        ( - 1.520e+02 1 0))
|    ( QUESTION0_10_R 1 3.526e+02 8.401e+01 2.428e+01
|        ( QUESTION14 -1 1.374e+02 1.619e+01 1.228e+01
|            ( - 2.838e-01 1 0)
|            ( - 1.209e+02 1 0))
|        ( - 1.312e+02 1 0)))
s>    ( QUESTION16 -1 8.133e+02 1.412e+02 4.628e+01
s>        ( QUESTION0_10_R 1 3.195e+02 6.023e+01 2.200e+01
s>            ( - 1.072e+02 1 0)
s>            ( - 1.520e+02 1 0))
s>        ( QUESTION0_10_R 1 3.526e+02 8.401e+01 2.428e+01
s>            ( QUESTION14 -1 1.374e+02 1.619e+01 1.228e+01
s>                ( - 2.838e-01 1 0)
s>                ( - 1.209e+02 1 0))
s>            ( - 1.312e+02 1 0)))INFO: dtree.c(1315): Comp split 33
INFO: dtree.c(1439): stop. leaf nodes are specific
INFO: dtree.c(1478): Final simple tree
|( QUESTION0_1_R 1 3.467e+02 3.402e+01 2.381e+01
|    ( - 4.051e+00 1 0)
|    ( - 3.087e+02 1 0))
s>    ( QUESTION0_1_R 1 3.467e+02 3.402e+01 2.381e+01
s>        ( - 4.051e+00 1 0)
s>        ( - 3.087e+02 1 0))INFO: dtree.c(1315): Comp split 34
INFO: dtree.c(1439): stop. leaf nodes are specific
INFO: dtree.c(1478): Final simple tree
|( QUESTION18 -1 5.637e+02 9.543e+01 3.200e+01
|    ( - 3.761e+02 2 0)
|    ( QUESTION0_20_R 1 9.212e+01 2.724e+01 8.000e+00
|        ( QUESTION0 -1 1.757e+01 8.808e+00 2.000e+00
|            ( - 0.000e+00 1 0)
|            ( - 8.759e+00 1 0))
|        ( QUESTION0_0_R 1 4.731e+01 1.707e+01 6.000e+00
|            ( - 1.498e+01 1 0)
|            ( - 1.526e+01 1 0))))
s>    ( QUESTION18 -1 5.637e+02 9.543e+01 3.200e+01
s>        ( - 3.761e+02 2 0)
s>        ( QUESTION0_20_R 1 9.212e+01 2.724e+01 8.000e+00
s>            ( QUESTION0 -1 1.757e+01 8.808e+00 2.000e+00
s>                ( - 0.000e+00 1 0)
s>                ( - 8.759e+00 1 0))
s>            ( QUESTION0_0_R 1 4.731e+01 1.707e+01 6.000e+00
s>                ( - 1.498e+01 1 0)
s>                ( - 1.526e+01 1 0))))INFO: dtree.c(1315): Comp split 35
INFO: dtree.c(1439): stop. leaf nodes are specific
INFO: dtree.c(1478): Final simple tree
|( QUESTION14 -1 3.233e+02 6.438e+01 2.000e+01
|    ( - 1.846e+02 1 0)
|    ( QUESTION0_0_R 1 7.437e+01 2.554e+01 7.000e+00
|        ( - 1.755e+01 1 0)
|        ( - 3.128e+01 1 0)))
s>    ( QUESTION14 -1 3.233e+02 6.438e+01 2.000e+01
s>        ( - 1.846e+02 1 0)
s>        ( QUESTION0_0_R 1 7.437e+01 2.554e+01 7.000e+00
s>            ( - 1.755e+01 1 0)
s>            ( - 3.128e+01 1 0)))INFO: dtree.c(1315): Comp split 36
INFO: dtree.c(1439): stop. leaf nodes are specific
INFO: dtree.c(1478): Final simple tree
|( QUESTION0_16_R 1 5.194e+02 1.016e+02 3.216e+01
|    ( - 1.992e+02 1 0)
|    ( QUESTION0_10_R 1 2.186e+02 3.107e+01 1.616e+01
|        ( - 1.772e+02 1 0)
|        ( - 1.031e+01 1 0)))
s>    ( QUESTION0_16_R 1 5.194e+02 1.016e+02 3.216e+01
s>        ( - 1.992e+02 1 0)
s>        ( QUESTION0_10_R 1 2.186e+02 3.107e+01 1.616e+01
s>            ( - 1.772e+02 1 0)
s>            ( - 1.031e+01 1 0)))INFO: dtree.c(1315): Comp split 37
INFO: dtree.c(1315): Comp split 38
INFO: dtree.c(1439): stop. leaf nodes are specific
INFO: dtree.c(1478): Final simple tree
|( SILENCE -1 5.700e+02 6.078e+01 3.885e+01
|    ( - 4.632e+02 1 0)
|    ( - 4.600e+01 1 0))
s>    ( SILENCE -1 5.700e+02 6.078e+01 3.885e+01
s>        ( - 4.632e+02 1 0)
s>        ( - 4.600e+01 1 0))INFO: dtree.c(1439): stop. leaf nodes are specific
INFO: dtree.c(1478): Final simple tree
|( QUESTION1 -1 9.735e+02 1.083e+02 5.400e+01
|    ( - 4.602e+02 1 0)
|    ( - 4.050e+02 1 0))
s>    ( QUESTION1 -1 9.735e+02 1.083e+02 5.400e+01
s>        ( - 4.602e+02 1 0)
s>        ( - 4.050e+02 1 0))INFO: dtree.c(1315): Comp split 39
INFO: dtree.c(1439): stop. leaf nodes are specific
INFO: dtree.c(1478): Final simple tree
|( QUESTION0_3_R 1 2.321e+02 6.026e+01 2.000e+01
|    ( - 3.298e+01 1 0)
|    ( - 1.388e+02 1 0))
s>    ( QUESTION0_3_R 1 2.321e+02 6.026e+01 2.000e+01
s>        ( - 3.298e+01 1 0)
s>        ( - 1.388e+02 1 0))INFO: dtree.c(1315): Comp split 40
INFO: dtree.c(1315): Comp split 41
INFO: dtree.c(1315): Comp split 42
INFO: dtree.c(1315): Comp split 43
INFO: dtree.c(1439): stop. leaf nodes are specific
INFO: dtree.c(1478): Final simple tree
|( QUESTION0_10_R 1 5.031e+02 5.862e+01 3.200e+01
|    ( - 2.877e+01 1 0)
|    ( - 4.157e+02 1 0))
s>    ( QUESTION0_10_R 1 5.031e+02 5.862e+01 3.200e+01
s>        ( - 2.877e+01 1 0)
s>        ( - 4.157e+02 1 0))INFO: dtree.c(1315): Comp split 44
INFO: dtree.c(1439): stop. leaf nodes are specific
INFO: dtree.c(1478): Final simple tree
|( QUESTION10 -1 3.670e+02 7.341e+01 2.101e+01
|    ( - 1.833e+02 1 0)
|    ( QUESTION0 -1 1.102e+02 2.927e+01 8.000e+00
|        ( - 4.668e+01 1 0)
|        ( - 3.427e+01 1 0)))
s>    ( QUESTION10 -1 3.670e+02 7.341e+01 2.101e+01
s>        ( - 1.833e+02 1 0)
s>        ( QUESTION0 -1 1.102e+02 2.927e+01 8.000e+00
s>            ( - 4.668e+01 1 0)
s>            ( - 3.427e+01 1 0)))INFO: dtree.c(1315): Comp split 45
INFO: dtree.c(1439): stop. leaf nodes are specific
INFO: dtree.c(1478): Final simple tree
|( QUESTION0_10_R 1 3.526e+02 8.401e+01 2.428e+01
|    ( QUESTION14 -1 1.374e+02 1.619e+01 1.228e+01
|        ( - 2.838e-01 1 0)
|        ( - 1.209e+02 1 0))
|    ( - 1.312e+02 1 0))
s>    ( QUESTION0_10_R 1 3.526e+02 8.401e+01 2.428e+01
s>        ( QUESTION14 -1 1.374e+02 1.619e+01 1.228e+01
s>            ( - 2.838e-01 1 0)
s>            ( - 1.209e+02 1 0))
s>        ( - 1.312e+02 1 0))INFO: dtree.c(1439): stop. leaf nodes are specific
INFO: dtree.c(1478): Final simple tree
|( QUESTION0_10_R 1 3.195e+02 6.023e+01 2.200e+01
|    ( - 1.072e+02 1 0)
|    ( - 1.520e+02 1 0))
s>    ( QUESTION0_10_R 1 3.195e+02 6.023e+01 2.200e+01
s>        ( - 1.072e+02 1 0)
s>        ( - 1.520e+02 1 0))INFO: dtree.c(1315): Comp split 46
INFO: dtree.c(1315): Comp split 47
INFO: dtree.c(1439): stop. leaf nodes are specific
INFO: dtree.c(1478): Final simple tree
|( QUESTION0_10_R 1 1.174e+02 3.921e+01 1.100e+01
|    ( - 1.818e+01 1 0)
|    ( - 6.000e+01 1 0))
s>    ( QUESTION0_10_R 1 1.174e+02 3.921e+01 1.100e+01
s>        ( - 1.818e+01 1 0)
s>        ( - 6.000e+01 1 0))INFO: dtree.c(1315): Comp split 48
INFO: dtree.c(1315): Comp split 49
INFO: dtree.c(1315): Comp split 50
INFO: dtree.c(1439): stop. leaf nodes are specific
INFO: dtree.c(1478): Final simple tree
|( QUESTION0_10_R 1 2.186e+02 3.107e+01 1.616e+01
|    ( - 1.772e+02 1 0)
|    ( - 1.031e+01 1 0))
s>    ( QUESTION0_10_R 1 2.186e+02 3.107e+01 1.616e+01
s>        ( - 1.772e+02 1 0)
s>        ( - 1.031e+01 1 0))INFO: dtree.c(1315): Comp split 51
INFO: dtree.c(1439): stop. leaf nodes are specific
INFO: dtree.c(1478): Final simple tree
|( QUESTION0_20_R 1 9.212e+01 2.724e+01 8.000e+00
|    ( QUESTION0 -1 1.757e+01 8.808e+00 2.000e+00
|        ( - 0.000e+00 1 0)
|        ( - 8.759e+00 1 0))
|    ( QUESTION0_0_R 1 4.731e+01 1.707e+01 6.000e+00
|        ( - 1.498e+01 1 0)
|        ( - 1.526e+01 1 0)))
s>    ( QUESTION0_20_R 1 9.212e+01 2.724e+01 8.000e+00
s>        ( QUESTION0 -1 1.757e+01 8.808e+00 2.000e+00
s>            ( - 0.000e+00 1 0)
s>            ( - 8.759e+00 1 0))
s>        ( QUESTION0_0_R 1 4.731e+01 1.707e+01 6.000e+00
s>            ( - 1.498e+01 1 0)
s>            ( - 1.526e+01 1 0)))INFO: dtree.c(1315): Comp split 52
INFO: dtree.c(1439): stop. leaf nodes are specific
INFO: dtree.c(1478): Final simple tree
|( QUESTION14 -1 1.374e+02 1.619e+01 1.228e+01
|    ( - 2.838e-01 1 0)
|    ( - 1.209e+02 1 0))
s>    ( QUESTION14 -1 1.374e+02 1.619e+01 1.228e+01
s>        ( - 2.838e-01 1 0)
s>        ( - 1.209e+02 1 0))INFO: dtree.c(1315): Comp split 53
INFO: dtree.c(1439): stop. leaf nodes are specific
INFO: dtree.c(1478): Final simple tree
|( QUESTION0 -1 1.102e+02 2.927e+01 8.000e+00
|    ( - 4.668e+01 1 0)
|    ( - 3.427e+01 1 0))
s>    ( QUESTION0 -1 1.102e+02 2.927e+01 8.000e+00
s>        ( - 4.668e+01 1 0)
s>        ( - 3.427e+01 1 0))INFO: dtree.c(1315): Comp split 54
INFO: dtree.c(1439): stop. leaf nodes are specific
INFO: dtree.c(1478): Final simple tree
|( QUESTION0_0_R 1 7.437e+01 2.554e+01 7.000e+00
|    ( - 1.755e+01 1 0)
|    ( - 3.128e+01 1 0))
s>    ( QUESTION0_0_R 1 7.437e+01 2.554e+01 7.000e+00
s>        ( - 1.755e+01 1 0)
s>        ( - 3.128e+01 1 0))INFO: dtree.c(1315): Comp split 55
INFO: dtree.c(1315): Comp split 56
INFO: dtree.c(1315): Comp split 57
INFO: dtree.c(1315): Comp split 58
INFO: dtree.c(1315): Comp split 59
INFO: dtree.c(1315): Comp split 60
INFO: dtree.c(1315): Comp split 61
INFO: dtree.c(1315): Comp split 62
INFO: dtree.c(1315): Comp split 63
INFO: dtree.c(1315): Comp split 64
INFO: dtree.c(1439): stop. leaf nodes are specific
INFO: dtree.c(1478): Final simple tree
|( QUESTION0_0_R 1 4.731e+01 1.707e+01 6.000e+00
|    ( - 1.498e+01 1 0)
|    ( - 1.526e+01 1 0))
s>    ( QUESTION0_0_R 1 4.731e+01 1.707e+01 6.000e+00
s>        ( - 1.498e+01 1 0)
s>        ( - 1.526e+01 1 0))INFO: dtree.c(1439): stop. leaf nodes are specific
INFO: dtree.c(1478): Final simple tree
|( QUESTION0 -1 1.757e+01 8.808e+00 2.000e+00
|    ( - 0.000e+00 1 0)
|    ( - 8.759e+00 1 0))
s>    ( QUESTION0 -1 1.757e+01 8.808e+00 2.000e+00
s>        ( - 0.000e+00 1 0)
s>        ( - 8.759e+00 1 0))INFO: dtree.c(1315): Comp split 65
INFO: dtree.c(1315): Comp split 66
INFO: dtree.c(1315): Comp split 67
INFO: dtree.c(1315): Comp split 68
INFO: dtree.c(1315): Comp split 69
INFO: dtree.c(1318): stop. leaf nodes are specific
Fri Nov  2 10:07:19 2018
