Current configuration:
[NAME]		[DEFLT]	[VALUE]
-allphones	no	no
-cntthresh	0.00001	1.000000e-05
-csplitmax	100	2000
-csplitmin	1	1
-csplitthr	8e-4	0.000000e+00
-example	no	no
-fullvar	no	no
-help		no	no
-meanfn			
-mixwfn			/home/sdv/Documents/SDV/SDVoice/an4/model_parameters/an4.cd_semi_untied/mixture_weights
-moddeffn		/home/sdv/Documents/SDV/SDVoice/an4/model_architecture/an4.untied.mdef
-mwfloor	1e-4	1.000000e-08
-phone			T
-psetfn			/home/sdv/Documents/SDV/SDVoice/an4/model_architecture/an4.tree_questions
-ssplitmax	5	7
-ssplitmin	1	1
-ssplitthr	8e-4	0.000000e+00
-state			0
-stwt			1.0,0.05,0.0,
-treefn			/home/sdv/Documents/SDV/SDVoice/an4/trees/an4.unpruned/T-0.dtree
-ts2cbfn	.semi.	.semi.
-varfloor	0.00001	1.000000e-05
-varfn			

INFO: main.c(223): Reading: /home/sdv/Documents/SDV/SDVoice/an4/model_architecture/an4.untied.mdef
INFO: model_def_io.c(573): Model definition info:
INFO: model_def_io.c(574): 1618 total models defined (34 base, 1584 tri)
INFO: model_def_io.c(575): 6472 total states
INFO: model_def_io.c(576): 4854 total tied states
INFO: model_def_io.c(577): 102 total tied CI states
INFO: model_def_io.c(578): 34 total tied transition matrices
INFO: model_def_io.c(579): 4 max state/model
INFO: model_def_io.c(580): 4 min state/model
INFO: main.c(242): Building trees for [T AH IY b] through [T V W b]
INFO: main.c(269): Covering states |[4080 4361]| == 282
INFO: main.c(275): Reading: /home/sdv/Documents/SDV/SDVoice/an4/model_parameters/an4.cd_semi_untied/mixture_weights
INFO: s3mixw_io.c(173): Read /home/sdv/Documents/SDV/SDVoice/an4/model_parameters/an4.cd_semi_untied/mixture_weights [282x4x256 array]
INFO: main.c(311): 94 of 94 models have observation count greater than 0.000010
INFO: main.c(95): nrm stwt: 0.952 0.048 0.000 
INFO: main.c(411): 94-class entropy: 9.906275e+04
INFO: main.c(549): Reading: /home/sdv/Documents/SDV/SDVoice/an4/model_architecture/an4.tree_questions
INFO: main.c(588): 176 total simple questions (168 phone; 8 word bndry)
INFO: main.c(590): 42 Left Only questions, and 42 Right Only questions
INFO: dtree.c(1478): Final simple tree
|( QUESTION13 -1 1.305e+05 2.525e+03 4.957e+03
|    ( WDBNDRY_B 0 6.695e+04 1.345e+03 2.619e+03
|        ( QUESTION14 1 4.396e+04 1.174e+03 1.735e+03
|            ( QUESTION2_0_L -1 2.678e+04 8.722e+02 1.097e+03
|                ( - 1.293e+04 2 0 QUESTION16 -1 4.024e+02 5.511e+02)
|                ( - 1.297e+04 4 0 QUESTION14 -1 3.888e+02 5.454e+02))
|            ( - 1.600e+04 11 0 QUESTION2_9_L -1 7.774e+02 6.389e+02))
|        ( - 2.165e+04 14 0 QUESTION0 1 6.825e+02 8.836e+02))
|    ( WDBNDRY_B 0 6.101e+04 1.630e+03 2.338e+03
|        ( QUESTION2_10_L -1 4.009e+04 1.220e+03 1.574e+03
|            ( - 2.080e+04 14 0 QUESTION1 -1 8.230e+02 8.378e+02)
|            ( - 1.807e+04 20 0 QUESTION7 -1 8.705e+02 7.362e+02))
|        ( QUESTION11 -1 1.929e+04 1.166e+03 7.640e+02
|            ( - 8.742e+03 7 0 QUESTION2_11_L -1 5.183e+02 3.948e+02)
|            ( - 9.378e+03 22 0 QUESTION4 -1 6.456e+02 3.691e+02))))
s>    ( QUESTION13 -1 1.305e+05 2.525e+03 4.957e+03
s>        ( WDBNDRY_B 0 6.695e+04 1.345e+03 2.619e+03
s>            ( QUESTION14 1 4.396e+04 1.174e+03 1.735e+03
s>                ( QUESTION2_0_L -1 2.678e+04 8.722e+02 1.097e+03
s>                    ( - 1.293e+04 2 0 QUESTION16 -1 4.024e+02 5.511e+02)
s>                    ( - 1.297e+04 4 0 QUESTION14 -1 3.888e+02 5.454e+02))
s>                ( - 1.600e+04 11 0 QUESTION2_9_L -1 7.774e+02 6.389e+02))
s>            ( - 2.165e+04 14 0 QUESTION0 1 6.825e+02 8.836e+02))
s>        ( WDBNDRY_B 0 6.101e+04 1.630e+03 2.338e+03
s>            ( QUESTION2_10_L -1 4.009e+04 1.220e+03 1.574e+03
s>                ( - 2.080e+04 14 0 QUESTION1 -1 8.230e+02 8.378e+02)
s>                ( - 1.807e+04 20 0 QUESTION7 -1 8.705e+02 7.362e+02))
s>            ( QUESTION11 -1 1.929e+04 1.166e+03 7.640e+02
s>                ( - 8.742e+03 7 0 QUESTION2_11_L -1 5.183e+02 3.948e+02)
s>                ( - 9.378e+03 22 0 QUESTION4 -1 6.456e+02 3.691e+02))))INFO: dtree.c(1315): Comp split 0
INFO: dtree.c(1478): Final simple tree
|( WDBNDRY_B 0 6.101e+04 1.630e+03 2.338e+03
|    ( QUESTION2_10_L -1 4.009e+04 1.220e+03 1.574e+03
|        ( QUESTION1 -1 2.080e+04 8.230e+02 8.378e+02
|            ( - 9.604e+03 5 0 QUESTION0 1 2.862e+02 4.157e+02)
|            ( - 1.037e+04 9 0 QUESTION2_11_L -1 5.744e+02 4.222e+02))
|        ( QUESTION7 -1 1.807e+04 8.705e+02 7.362e+02
|            ( - 4.548e+03 6 0 QUESTION14 1 4.731e+02 2.049e+02)
|            ( QUESTION1 -1 1.265e+04 6.421e+02 5.312e+02
|                ( - 8.032e+03 7 0 QUESTION0 1 4.382e+02 3.456e+02)
|                ( - 3.980e+03 7 0 QUESTION14 1 3.195e+02 1.856e+02))))
|    ( QUESTION11 -1 1.929e+04 1.166e+03 7.640e+02
|        ( - 8.742e+03 7 0 QUESTION2_11_L -1 5.183e+02 3.948e+02)
|        ( QUESTION4 -1 9.378e+03 6.456e+02 3.691e+02
|            ( - 3.175e+03 17 0 QUESTION0_0_R 1 3.500e+02 1.368e+02)
|            ( - 5.558e+03 5 0 QUESTION2 -1 4.886e+02 2.323e+02))))
s>    ( WDBNDRY_B 0 6.101e+04 1.630e+03 2.338e+03
s>        ( QUESTION2_10_L -1 4.009e+04 1.220e+03 1.574e+03
s>            ( QUESTION1 -1 2.080e+04 8.230e+02 8.378e+02
s>                ( - 9.604e+03 5 0 QUESTION0 1 2.862e+02 4.157e+02)
s>                ( - 1.037e+04 9 0 QUESTION2_11_L -1 5.744e+02 4.222e+02))
s>            ( QUESTION7 -1 1.807e+04 8.705e+02 7.362e+02
s>                ( - 4.548e+03 6 0 QUESTION14 1 4.731e+02 2.049e+02)
s>                ( QUESTION1 -1 1.265e+04 6.421e+02 5.312e+02
s>                    ( - 8.032e+03 7 0 QUESTION0 1 4.382e+02 3.456e+02)
s>                    ( - 3.980e+03 7 0 QUESTION14 1 3.195e+02 1.856e+02))))
s>        ( QUESTION11 -1 1.929e+04 1.166e+03 7.640e+02
s>            ( - 8.742e+03 7 0 QUESTION2_11_L -1 5.183e+02 3.948e+02)
s>            ( QUESTION4 -1 9.378e+03 6.456e+02 3.691e+02
s>                ( - 3.175e+03 17 0 QUESTION0_0_R 1 3.500e+02 1.368e+02)
s>                ( - 5.558e+03 5 0 QUESTION2 -1 4.886e+02 2.323e+02))))INFO: dtree.c(1478): Final simple tree
|( WDBNDRY_B 0 6.695e+04 1.345e+03 2.619e+03
|    ( QUESTION14 1 4.396e+04 1.174e+03 1.735e+03
|        ( QUESTION2_0_L -1 2.678e+04 8.722e+02 1.097e+03
|            ( - 1.293e+04 2 0 QUESTION16 -1 4.024e+02 5.511e+02)
|            ( - 1.297e+04 4 0 QUESTION14 -1 3.888e+02 5.454e+02))
|        ( QUESTION2_9_L -1 1.600e+04 7.774e+02 6.389e+02
|            ( - 4.003e+03 4 0 QUESTION16 -1 4.493e+02 1.740e+02)
|            ( QUESTION0 1 1.122e+04 5.520e+02 4.649e+02
|                ( - 8.241e+03 3 0 QUESTION14 -1 3.582e+02 3.509e+02)
|                ( - 2.427e+03 4 0 QUESTION14 -1 2.898e+02 1.140e+02))))
|    ( QUESTION0 1 2.165e+04 6.825e+02 8.836e+02
|        ( - 1.094e+04 8 0 QUESTION11 1 5.403e+02 4.654e+02)
|        ( SILENCE 1 1.003e+04 5.684e+02 4.181e+02
|            ( - 7.147e+03 2 0)
|            ( - 2.313e+03 4 0 WDBNDRY_E 0 2.595e+02 1.070e+02))))
s>    ( WDBNDRY_B 0 6.695e+04 1.345e+03 2.619e+03
s>        ( QUESTION14 1 4.396e+04 1.174e+03 1.735e+03
s>            ( QUESTION2_0_L -1 2.678e+04 8.722e+02 1.097e+03
s>                ( - 1.293e+04 2 0 QUESTION16 -1 4.024e+02 5.511e+02)
s>                ( - 1.297e+04 4 0 QUESTION14 -1 3.888e+02 5.454e+02))
s>            ( QUESTION2_9_L -1 1.600e+04 7.774e+02 6.389e+02
s>                ( - 4.003e+03 4 0 QUESTION16 -1 4.493e+02 1.740e+02)
s>                ( QUESTION0 1 1.122e+04 5.520e+02 4.649e+02
s>                    ( - 8.241e+03 3 0 QUESTION14 -1 3.582e+02 3.509e+02)
s>                    ( - 2.427e+03 4 0 QUESTION14 -1 2.898e+02 1.140e+02))))
s>        ( QUESTION0 1 2.165e+04 6.825e+02 8.836e+02
s>            ( - 1.094e+04 8 0 QUESTION11 1 5.403e+02 4.654e+02)
s>            ( SILENCE 1 1.003e+04 5.684e+02 4.181e+02
s>                ( - 7.147e+03 2 0)
s>                ( - 2.313e+03 4 0 WDBNDRY_E 0 2.595e+02 1.070e+02))))INFO: dtree.c(1315): Comp split 1
INFO: dtree.c(1478): Final simple tree
|( QUESTION2_10_L -1 4.406e+04 1.250e+03 1.711e+03
|    ( QUESTION1 -1 2.080e+04 8.230e+02 8.378e+02
|        ( - 9.604e+03 5 0 QUESTION0 1 2.862e+02 4.157e+02)
|        ( QUESTION2_11_L -1 1.037e+04 5.744e+02 4.222e+02
|            ( - 6.740e+03 6 0 QUESTION14 1 4.725e+02 2.802e+02)
|            ( - 3.059e+03 3 0 QUESTION0 1 3.354e+02 1.420e+02)))
|    ( QUESTION7 -1 2.201e+04 8.921e+02 8.730e+02
|        ( QUESTION14 1 4.548e+03 4.731e+02 2.049e+02
|            ( - 1.449e+03 2 0 QUESTION8 -1 6.989e+01 7.609e+01)
|            ( - 2.625e+03 4 0 QUESTION0 1 1.848e+02 1.289e+02))
|        ( QUESTION3 -1 1.657e+04 7.710e+02 6.680e+02
|            ( - 8.032e+03 7 0 QUESTION0 1 4.382e+02 3.456e+02)
|            ( WDBNDRY_B 0 7.763e+03 6.077e+02 3.224e+02
|                ( - 3.980e+03 7 0 QUESTION14 1 3.195e+02 1.856e+02)
|                ( - 3.175e+03 17 0 QUESTION0_0_R 1 3.500e+02 1.368e+02)))))
s>    ( QUESTION2_10_L -1 4.406e+04 1.250e+03 1.711e+03
s>        ( QUESTION1 -1 2.080e+04 8.230e+02 8.378e+02
s>            ( - 9.604e+03 5 0 QUESTION0 1 2.862e+02 4.157e+02)
s>            ( QUESTION2_11_L -1 1.037e+04 5.744e+02 4.222e+02
s>                ( - 6.740e+03 6 0 QUESTION14 1 4.725e+02 2.802e+02)
s>                ( - 3.059e+03 3 0 QUESTION0 1 3.354e+02 1.420e+02)))
s>        ( QUESTION7 -1 2.201e+04 8.921e+02 8.730e+02
s>            ( QUESTION14 1 4.548e+03 4.731e+02 2.049e+02
s>                ( - 1.449e+03 2 0 QUESTION8 -1 6.989e+01 7.609e+01)
s>                ( - 2.625e+03 4 0 QUESTION0 1 1.848e+02 1.289e+02))
s>            ( QUESTION3 -1 1.657e+04 7.710e+02 6.680e+02
s>                ( - 8.032e+03 7 0 QUESTION0 1 4.382e+02 3.456e+02)
s>                ( WDBNDRY_B 0 7.763e+03 6.077e+02 3.224e+02
s>                    ( - 3.980e+03 7 0 QUESTION14 1 3.195e+02 1.856e+02)
s>                    ( - 3.175e+03 17 0 QUESTION0_0_R 1 3.500e+02 1.368e+02)))))INFO: dtree.c(1478): Final simple tree
|( QUESTION11 -1 1.530e+04 1.002e+03 6.272e+02
|    ( QUESTION2_11_L -1 8.742e+03 5.183e+02 3.948e+02
|        ( QUESTION14 1 5.324e+03 3.828e+02 2.538e+02
|            ( - 3.157e+03 1 0)
|            ( QUESTION0_4_R 1 1.784e+03 1.424e+02 9.377e+01
|                ( - 1.469e+03 1 0)
|                ( - 1.725e+02 4 0 QUESTION0_0_R 1 4.654e+01 1.300e+01)))
|        ( - 2.901e+03 1 0))
|    ( QUESTION2 -1 5.558e+03 4.886e+02 2.323e+02
|        ( WDBNDRY_E 0 2.374e+03 2.742e+02 1.092e+02
|            ( - 6.014e+02 1 0)
|            ( - 1.499e+03 1 0))
|        ( QUESTION0_8_R 1 2.695e+03 2.361e+02 1.232e+02
|            ( - 2.055e+03 1 0)
|            ( - 4.040e+02 2 0 QUESTION0_0_R 1 6.819e+01 2.500e+01))))
s>    ( QUESTION11 -1 1.530e+04 1.002e+03 6.272e+02
s>        ( QUESTION2_11_L -1 8.742e+03 5.183e+02 3.948e+02
s>            ( QUESTION14 1 5.324e+03 3.828e+02 2.538e+02
s>                ( - 3.157e+03 1 0)
s>                ( QUESTION0_4_R 1 1.784e+03 1.424e+02 9.377e+01
s>                    ( - 1.469e+03 1 0)
s>                    ( - 1.725e+02 4 0 QUESTION0_0_R 1 4.654e+01 1.300e+01)))
s>            ( - 2.901e+03 1 0))
s>        ( QUESTION2 -1 5.558e+03 4.886e+02 2.323e+02
s>            ( WDBNDRY_E 0 2.374e+03 2.742e+02 1.092e+02
s>                ( - 6.014e+02 1 0)
s>                ( - 1.499e+03 1 0))
s>            ( QUESTION0_8_R 1 2.695e+03 2.361e+02 1.232e+02
s>                ( - 2.055e+03 1 0)
s>                ( - 4.040e+02 2 0 QUESTION0_0_R 1 6.819e+01 2.500e+01))))INFO: dtree.c(1315): Comp split 2
INFO: dtree.c(1478): Final simple tree
|( WDBNDRY_E 0 2.658e+04 9.377e+02 1.058e+03
|    ( QUESTION10 1 2.026e+04 6.559e+02 8.346e+02
|        ( QUESTION11 1 9.351e+03 4.917e+02 4.044e+02
|            ( - 5.433e+03 3 0)
|            ( QUESTION0_10_R 1 3.426e+03 3.220e+02 1.626e+02
|                ( - 1.543e+03 1 0)
|                ( - 1.562e+03 1 0)))
|        ( SILENCE 1 1.026e+04 5.239e+02 4.301e+02
|            ( - 7.147e+03 2 0)
|            ( - 2.587e+03 4 0 QUESTION0 1 2.810e+02 1.190e+02)))
|    ( QUESTION17 -1 5.373e+03 5.426e+02 2.230e+02
|        ( - 2.096e+03 3 0 QUESTION0 1 2.523e+02 1.010e+02)
|        ( WDBNDRY_B 0 2.735e+03 3.143e+02 1.220e+02
|            ( - 1.548e+03 2 0)
|            ( - 8.725e+02 2 0 QUESTION0_0_R 1 4.461e+01 4.600e+01))))
s>    ( WDBNDRY_E 0 2.658e+04 9.377e+02 1.058e+03
s>        ( QUESTION10 1 2.026e+04 6.559e+02 8.346e+02
s>            ( QUESTION11 1 9.351e+03 4.917e+02 4.044e+02
s>                ( - 5.433e+03 3 0)
s>                ( QUESTION0_10_R 1 3.426e+03 3.220e+02 1.626e+02
s>                    ( - 1.543e+03 1 0)
s>                    ( - 1.562e+03 1 0)))
s>            ( SILENCE 1 1.026e+04 5.239e+02 4.301e+02
s>                ( - 7.147e+03 2 0)
s>                ( - 2.587e+03 4 0 QUESTION0 1 2.810e+02 1.190e+02)))
s>        ( QUESTION17 -1 5.373e+03 5.426e+02 2.230e+02
s>            ( - 2.096e+03 3 0 QUESTION0 1 2.523e+02 1.010e+02)
s>            ( WDBNDRY_B 0 2.735e+03 3.143e+02 1.220e+02
s>                ( - 1.548e+03 2 0)
s>                ( - 8.725e+02 2 0 QUESTION0_0_R 1 4.461e+01 4.600e+01))))INFO: dtree.c(1478): Final simple tree
|( QUESTION14 1 3.901e+04 1.007e+03 1.561e+03
|    ( QUESTION2_0_L -1 2.678e+04 8.722e+02 1.097e+03
|        ( QUESTION16 -1 1.293e+04 4.024e+02 5.511e+02
|            ( - 1.060e+04 1 0)
|            ( - 1.932e+03 1 0))
|        ( QUESTION14 -1 1.297e+04 3.888e+02 5.454e+02
|            ( - 1.157e+04 2 0)
|            ( - 1.011e+03 2 0)))
|    ( QUESTION0 1 1.122e+04 5.520e+02 4.649e+02
|        ( QUESTION14 -1 8.241e+03 3.582e+02 3.509e+02
|            ( - 7.185e+03 2 0)
|            ( - 6.973e+02 1 0))
|        ( QUESTION14 -1 2.427e+03 2.898e+02 1.140e+02
|            ( - 1.229e+03 2 0)
|            ( - 9.080e+02 2 0 QUESTION0_0_R 1 1.095e+02 5.000e+01))))
s>    ( QUESTION14 1 3.901e+04 1.007e+03 1.561e+03
s>        ( QUESTION2_0_L -1 2.678e+04 8.722e+02 1.097e+03
s>            ( QUESTION16 -1 1.293e+04 4.024e+02 5.511e+02
s>                ( - 1.060e+04 1 0)
s>                ( - 1.932e+03 1 0))
s>            ( QUESTION14 -1 1.297e+04 3.888e+02 5.454e+02
s>                ( - 1.157e+04 2 0)
s>                ( - 1.011e+03 2 0)))
s>        ( QUESTION0 1 1.122e+04 5.520e+02 4.649e+02
s>            ( QUESTION14 -1 8.241e+03 3.582e+02 3.509e+02
s>                ( - 7.185e+03 2 0)
s>                ( - 6.973e+02 1 0))
s>            ( QUESTION14 -1 2.427e+03 2.898e+02 1.140e+02
s>                ( - 1.229e+03 2 0)
s>                ( - 9.080e+02 2 0 QUESTION0_0_R 1 1.095e+02 5.000e+01))))INFO: dtree.c(1315): Comp split 3
INFO: dtree.c(1478): Final simple tree
|( QUESTION2 -1 1.997e+04 8.380e+02 7.969e+02
|    ( WDBNDRY_B 0 1.189e+04 6.835e+02 4.824e+02
|        ( QUESTION0 1 8.032e+03 4.382e+02 3.456e+02
|            ( - 5.063e+03 2 0)
|            ( QUESTION14 1 2.531e+03 2.321e+02 1.200e+02
|                ( - 1.659e+03 2 0)
|                ( - 6.402e+02 3 0 QUESTION0_0_R 1 6.668e+01 3.700e+01)))
|        ( QUESTION0_0_R 1 3.175e+03 3.500e+02 1.368e+02
|            ( - 1.053e+03 7 0 QUESTION0_1_R 1 1.622e+02 5.379e+01)
|            ( - 1.772e+03 10 0 QUESTION0_16_R 1 2.270e+02 8.300e+01)))
|    ( QUESTION1 -1 7.242e+03 6.372e+02 3.145e+02
|        ( - 2.625e+03 4 0 QUESTION0 1 1.848e+02 1.289e+02)
|        ( QUESTION14 1 3.980e+03 3.195e+02 1.856e+02
|            ( - 1.084e+03 2 0 SILENCE -1 1.258e+02 5.823e+01)
|            ( - 2.577e+03 5 0 QUESTION0 1 2.097e+02 1.274e+02))))
s>    ( QUESTION2 -1 1.997e+04 8.380e+02 7.969e+02
s>        ( WDBNDRY_B 0 1.189e+04 6.835e+02 4.824e+02
s>            ( QUESTION0 1 8.032e+03 4.382e+02 3.456e+02
s>                ( - 5.063e+03 2 0)
s>                ( QUESTION14 1 2.531e+03 2.321e+02 1.200e+02
s>                    ( - 1.659e+03 2 0)
s>                    ( - 6.402e+02 3 0 QUESTION0_0_R 1 6.668e+01 3.700e+01)))
s>            ( QUESTION0_0_R 1 3.175e+03 3.500e+02 1.368e+02
s>                ( - 1.053e+03 7 0 QUESTION0_1_R 1 1.622e+02 5.379e+01)
s>                ( - 1.772e+03 10 0 QUESTION0_16_R 1 2.270e+02 8.300e+01)))
s>        ( QUESTION1 -1 7.242e+03 6.372e+02 3.145e+02
s>            ( - 2.625e+03 4 0 QUESTION0 1 1.848e+02 1.289e+02)
s>            ( QUESTION14 1 3.980e+03 3.195e+02 1.856e+02
s>                ( - 1.084e+03 2 0 SILENCE -1 1.258e+02 5.823e+01)
s>                ( - 2.577e+03 5 0 QUESTION0 1 2.097e+02 1.274e+02))))INFO: dtree.c(1478): Final simple tree
|( QUESTION1 -1 2.275e+04 8.431e+02 9.139e+02
|    ( QUESTION2_17_L -1 1.154e+04 4.936e+02 4.918e+02
|        ( QUESTION0 1 9.513e+03 2.592e+02 4.127e+02
|            ( - 8.773e+03 1 0)
|            ( - 4.799e+02 3 0 QUESTION0_0_R 1 9.246e+01 2.900e+01))
|        ( - 1.532e+03 3 0 QUESTION8 -1 6.985e+01 7.909e+01))
|    ( QUESTION2_11_L -1 1.037e+04 5.744e+02 4.222e+02
|        ( QUESTION14 1 6.740e+03 4.725e+02 2.802e+02
|            ( - 2.931e+03 2 0 QUESTION11 -1 1.680e+02 1.322e+02)
|            ( QUESTION0 1 3.336e+03 3.273e+02 1.480e+02
|                ( - 2.356e+03 2 0 QUESTION11 -1 2.405e+02 1.110e+02)
|                ( - 6.529e+02 2 0 QUESTION11 -1 1.202e+02 3.700e+01)))
|        ( QUESTION0 1 3.059e+03 3.354e+02 1.420e+02
|            ( - 1.197e+03 1 0)
|            ( - 1.527e+03 2 0 QUESTION14 1 1.770e+02 8.000e+01))))
s>    ( QUESTION1 -1 2.275e+04 8.431e+02 9.139e+02
s>        ( QUESTION2_17_L -1 1.154e+04 4.936e+02 4.918e+02
s>            ( QUESTION0 1 9.513e+03 2.592e+02 4.127e+02
s>                ( - 8.773e+03 1 0)
s>                ( - 4.799e+02 3 0 QUESTION0_0_R 1 9.246e+01 2.900e+01))
s>            ( - 1.532e+03 3 0 QUESTION8 -1 6.985e+01 7.909e+01))
s>        ( QUESTION2_11_L -1 1.037e+04 5.744e+02 4.222e+02
s>            ( QUESTION14 1 6.740e+03 4.725e+02 2.802e+02
s>                ( - 2.931e+03 2 0 QUESTION11 -1 1.680e+02 1.322e+02)
s>                ( QUESTION0 1 3.336e+03 3.273e+02 1.480e+02
s>                    ( - 2.356e+03 2 0 QUESTION11 -1 2.405e+02 1.110e+02)
s>                    ( - 6.529e+02 2 0 QUESTION11 -1 1.202e+02 3.700e+01)))
s>            ( QUESTION0 1 3.059e+03 3.354e+02 1.420e+02
s>                ( - 1.197e+03 1 0)
s>                ( - 1.527e+03 2 0 QUESTION14 1 1.770e+02 8.000e+01))))INFO: dtree.c(1315): Comp split 4
INFO: dtree.c(1439): stop. leaf nodes are specific
INFO: dtree.c(1478): Final simple tree
|( QUESTION14 1 2.356e+04 7.665e+02 9.573e+02
|    ( - 1.157e+04 2 0)
|    ( QUESTION0 1 1.122e+04 5.520e+02 4.649e+02
|        ( QUESTION14 -1 8.241e+03 3.582e+02 3.509e+02
|            ( - 7.185e+03 2 0)
|            ( - 6.973e+02 1 0))
|        ( QUESTION14 -1 2.427e+03 2.898e+02 1.140e+02
|            ( - 1.229e+03 2 0)
|            ( QUESTION0_0_R 1 9.080e+02 1.095e+02 5.000e+01
|                ( - 8.879e+01 1 0)
|                ( - 7.097e+02 1 0)))))
s>    ( QUESTION14 1 2.356e+04 7.665e+02 9.573e+02
s>        ( - 1.157e+04 2 0)
s>        ( QUESTION0 1 1.122e+04 5.520e+02 4.649e+02
s>            ( QUESTION14 -1 8.241e+03 3.582e+02 3.509e+02
s>                ( - 7.185e+03 2 0)
s>                ( - 6.973e+02 1 0))
s>            ( QUESTION14 -1 2.427e+03 2.898e+02 1.140e+02
s>                ( - 1.229e+03 2 0)
s>                ( QUESTION0_0_R 1 9.080e+02 1.095e+02 5.000e+01
s>                    ( - 8.879e+01 1 0)
s>                    ( - 7.097e+02 1 0)))))INFO: dtree.c(1439): stop. leaf nodes are specific
INFO: dtree.c(1478): Final simple tree
|( QUESTION2_4_L -1 1.434e+04 5.072e+02 6.041e+02
|    ( - 1.060e+04 1 0)
|    ( QUESTION16 -1 3.236e+03 2.931e+02 1.470e+02
|        ( - 1.011e+03 2 0)
|        ( - 1.932e+03 1 0)))
s>    ( QUESTION2_4_L -1 1.434e+04 5.072e+02 6.041e+02
s>        ( - 1.060e+04 1 0)
s>        ( QUESTION16 -1 3.236e+03 2.931e+02 1.470e+02
s>            ( - 1.011e+03 2 0)
s>            ( - 1.932e+03 1 0)))INFO: dtree.c(1315): Comp split 5
INFO: dtree.c(1439): stop. leaf nodes are specific
INFO: dtree.c(1478): Final simple tree
|( QUESTION2 -1 5.558e+03 4.886e+02 2.323e+02
|    ( WDBNDRY_E 0 2.374e+03 2.742e+02 1.092e+02
|        ( - 6.014e+02 1 0)
|        ( - 1.499e+03 1 0))
|    ( QUESTION0_8_R 1 2.695e+03 2.361e+02 1.232e+02
|        ( - 2.055e+03 1 0)
|        ( QUESTION0_0_R 1 4.040e+02 6.819e+01 2.500e+01
|            ( - 1.057e+02 1 0)
|            ( - 2.301e+02 1 0))))
s>    ( QUESTION2 -1 5.558e+03 4.886e+02 2.323e+02
s>        ( WDBNDRY_E 0 2.374e+03 2.742e+02 1.092e+02
s>            ( - 6.014e+02 1 0)
s>            ( - 1.499e+03 1 0))
s>        ( QUESTION0_8_R 1 2.695e+03 2.361e+02 1.232e+02
s>            ( - 2.055e+03 1 0)
s>            ( QUESTION0_0_R 1 4.040e+02 6.819e+01 2.500e+01
s>                ( - 1.057e+02 1 0)
s>                ( - 2.301e+02 1 0))))INFO: dtree.c(1439): stop. leaf nodes are specific
INFO: dtree.c(1478): Final simple tree
|( QUESTION2_11_L -1 8.742e+03 5.183e+02 3.948e+02
|    ( QUESTION14 1 5.324e+03 3.828e+02 2.538e+02
|        ( - 3.157e+03 1 0)
|        ( QUESTION0_4_R 1 1.784e+03 1.424e+02 9.377e+01
|            ( - 1.469e+03 1 0)
|            ( QUESTION0_0_R 1 1.725e+02 4.654e+01 1.300e+01
|                ( WDBNDRY_E 0 6.995e+01 1.640e+01 7.000e+00
|                    ( - 5.356e+01 1 0)
|                    ( - 0.000e+00 1 0))
|                ( QUESTION0_10_R 1 5.604e+01 1.551e+01 6.000e+00
|                    ( - 4.053e+01 1 0)
|                    ( - 0.000e+00 1 0)))))
|    ( - 2.901e+03 1 0))
s>    ( QUESTION2_11_L -1 8.742e+03 5.183e+02 3.948e+02
s>        ( QUESTION14 1 5.324e+03 3.828e+02 2.538e+02
s>            ( - 3.157e+03 1 0)
s>            ( QUESTION0_4_R 1 1.784e+03 1.424e+02 9.377e+01
s>                ( - 1.469e+03 1 0)
s>                ( QUESTION0_0_R 1 1.725e+02 4.654e+01 1.300e+01
s>                    ( WDBNDRY_E 0 6.995e+01 1.640e+01 7.000e+00
s>                        ( - 5.356e+01 1 0)
s>                        ( - 0.000e+00 1 0))
s>                    ( QUESTION0_10_R 1 5.604e+01 1.551e+01 6.000e+00
s>                        ( - 4.053e+01 1 0)
s>                        ( - 0.000e+00 1 0)))))
s>        ( - 2.901e+03 1 0))INFO: dtree.c(1315): Comp split 6
INFO: dtree.c(1478): Final simple tree
|( QUESTION10 1 2.026e+04 6.559e+02 8.346e+02
|    ( QUESTION11 1 9.351e+03 4.917e+02 4.044e+02
|        ( - 5.433e+03 3 0)
|        ( QUESTION0_10_R 1 3.426e+03 3.220e+02 1.626e+02
|            ( - 1.543e+03 1 0)
|            ( - 1.562e+03 1 0)))
|    ( SILENCE 1 1.026e+04 5.239e+02 4.301e+02
|        ( - 7.147e+03 2 0)
|        ( QUESTION0 1 2.587e+03 2.810e+02 1.190e+02
|            ( QUESTION0_0_R 1 1.140e+03 1.515e+02 5.900e+01
|                ( - 4.810e+02 1 0)
|                ( - 5.077e+02 1 0))
|            ( QUESTION0_0_R 1 1.166e+03 1.659e+02 6.000e+01
|                ( - 3.288e+02 1 0)
|                ( - 6.711e+02 1 0)))))
s>    ( QUESTION10 1 2.026e+04 6.559e+02 8.346e+02
s>        ( QUESTION11 1 9.351e+03 4.917e+02 4.044e+02
s>            ( - 5.433e+03 3 0)
s>            ( QUESTION0_10_R 1 3.426e+03 3.220e+02 1.626e+02
s>                ( - 1.543e+03 1 0)
s>                ( - 1.562e+03 1 0)))
s>        ( SILENCE 1 1.026e+04 5.239e+02 4.301e+02
s>            ( - 7.147e+03 2 0)
s>            ( QUESTION0 1 2.587e+03 2.810e+02 1.190e+02
s>                ( QUESTION0_0_R 1 1.140e+03 1.515e+02 5.900e+01
s>                    ( - 4.810e+02 1 0)
s>                    ( - 5.077e+02 1 0))
s>                ( QUESTION0_0_R 1 1.166e+03 1.659e+02 6.000e+01
s>                    ( - 3.288e+02 1 0)
s>                    ( - 6.711e+02 1 0)))))INFO: dtree.c(1439): stop. leaf nodes are specific
INFO: dtree.c(1478): Final simple tree
|( QUESTION17 -1 5.373e+03 5.426e+02 2.230e+02
|    ( QUESTION0 1 2.096e+03 2.523e+02 1.010e+02
|        ( - 1.409e+03 1 0)
|        ( WDBNDRY_B 0 4.346e+02 5.376e+01 2.700e+01
|            ( - 3.677e+02 1 0)
|            ( - 1.311e+01 1 0)))
|    ( WDBNDRY_B 0 2.735e+03 3.143e+02 1.220e+02
|        ( - 1.548e+03 2 0)
|        ( QUESTION0_0_R 1 8.725e+02 4.461e+01 4.600e+01
|            ( - 8.220e+02 1 0)
|            ( - 5.904e+00 1 0))))
s>    ( QUESTION17 -1 5.373e+03 5.426e+02 2.230e+02
s>        ( QUESTION0 1 2.096e+03 2.523e+02 1.010e+02
s>            ( - 1.409e+03 1 0)
s>            ( WDBNDRY_B 0 4.346e+02 5.376e+01 2.700e+01
s>                ( - 3.677e+02 1 0)
s>                ( - 1.311e+01 1 0)))
s>        ( WDBNDRY_B 0 2.735e+03 3.143e+02 1.220e+02
s>            ( - 1.548e+03 2 0)
s>            ( QUESTION0_0_R 1 8.725e+02 4.461e+01 4.600e+01
s>                ( - 8.220e+02 1 0)
s>                ( - 5.904e+00 1 0))))INFO: dtree.c(1315): Comp split 7
INFO: dtree.c(1478): Final simple tree
|( QUESTION1 -1 1.265e+04 6.421e+02 5.312e+02
|    ( QUESTION0 1 8.032e+03 4.382e+02 3.456e+02
|        ( - 5.063e+03 2 0)
|        ( QUESTION14 1 2.531e+03 2.321e+02 1.200e+02
|            ( - 1.659e+03 2 0)
|            ( - 6.402e+02 3 0 QUESTION0_0_R 1 6.668e+01 3.700e+01)))
|    ( QUESTION14 1 3.980e+03 3.195e+02 1.856e+02
|        ( SILENCE -1 1.084e+03 1.258e+02 5.823e+01
|            ( - 8.129e+02 1 0)
|            ( - 1.448e+02 1 0))
|        ( QUESTION0 1 2.577e+03 2.097e+02 1.274e+02
|            ( SILENCE -1 1.805e+03 1.026e+02 9.389e+01
|                ( - 1.624e+03 1 0)
|                ( - 7.790e+01 1 0))
|            ( - 5.626e+02 3 0 QUESTION0_0_R 1 1.008e+02 3.348e+01))))
s>    ( QUESTION1 -1 1.265e+04 6.421e+02 5.312e+02
s>        ( QUESTION0 1 8.032e+03 4.382e+02 3.456e+02
s>            ( - 5.063e+03 2 0)
s>            ( QUESTION14 1 2.531e+03 2.321e+02 1.200e+02
s>                ( - 1.659e+03 2 0)
s>                ( - 6.402e+02 3 0 QUESTION0_0_R 1 6.668e+01 3.700e+01)))
s>        ( QUESTION14 1 3.980e+03 3.195e+02 1.856e+02
s>            ( SILENCE -1 1.084e+03 1.258e+02 5.823e+01
s>                ( - 8.129e+02 1 0)
s>                ( - 1.448e+02 1 0))
s>            ( QUESTION0 1 2.577e+03 2.097e+02 1.274e+02
s>                ( SILENCE -1 1.805e+03 1.026e+02 9.389e+01
s>                    ( - 1.624e+03 1 0)
s>                    ( - 7.790e+01 1 0))
s>                ( - 5.626e+02 3 0 QUESTION0_0_R 1 1.008e+02 3.348e+01))))INFO: dtree.c(1478): Final simple tree
|( WDBNDRY_B 0 6.415e+03 6.155e+02 2.656e+02
|    ( QUESTION0 1 2.625e+03 1.848e+02 1.289e+02
|        ( - 2.031e+03 2 0 QUESTION8 -1 3.828e+01 1.028e+02)
|        ( - 4.090e+02 2 0 QUESTION0_0_R 1 5.536e+01 2.606e+01))
|    ( QUESTION0_0_R 1 3.175e+03 3.500e+02 1.368e+02
|        ( QUESTION0_1_R 1 1.053e+03 1.622e+02 5.379e+01
|            ( - 3.693e+02 4 0 QUESTION0_5_R 1 5.907e+01 2.400e+01)
|            ( - 5.213e+02 3 0 QUESTION14 1 3.590e+01 2.979e+01))
|        ( QUESTION0_16_R 1 1.772e+03 2.270e+02 8.300e+01
|            ( QUESTION0_17_R 1 6.583e+02 1.168e+02 3.701e+01
|                ( - 3.084e+02 2 0 QUESTION0_18_R 1 6.756e+01 2.001e+01)
|                ( - 2.330e+02 2 0))
|            ( QUESTION15 1 8.866e+02 1.313e+02 4.599e+01
|                ( - 4.564e+02 2 0 QUESTION0_12_R 1 6.320e+01 2.699e+01)
|                ( - 2.990e+02 4 0 QUESTION0_11_R 1 6.645e+01 1.900e+01)))))
s>    ( WDBNDRY_B 0 6.415e+03 6.155e+02 2.656e+02
s>        ( QUESTION0 1 2.625e+03 1.848e+02 1.289e+02
s>            ( - 2.031e+03 2 0 QUESTION8 -1 3.828e+01 1.028e+02)
s>            ( - 4.090e+02 2 0 QUESTION0_0_R 1 5.536e+01 2.606e+01))
s>        ( QUESTION0_0_R 1 3.175e+03 3.500e+02 1.368e+02
s>            ( QUESTION0_1_R 1 1.053e+03 1.622e+02 5.379e+01
s>                ( - 3.693e+02 4 0 QUESTION0_5_R 1 5.907e+01 2.400e+01)
s>                ( - 5.213e+02 3 0 QUESTION14 1 3.590e+01 2.979e+01))
s>            ( QUESTION0_16_R 1 1.772e+03 2.270e+02 8.300e+01
s>                ( QUESTION0_17_R 1 6.583e+02 1.168e+02 3.701e+01
s>                    ( - 3.084e+02 2 0 QUESTION0_18_R 1 6.756e+01 2.001e+01)
s>                    ( - 2.330e+02 2 0))
s>                ( QUESTION15 1 8.866e+02 1.313e+02 4.599e+01
s>                    ( - 4.564e+02 2 0 QUESTION0_12_R 1 6.320e+01 2.699e+01)
s>                    ( - 2.990e+02 4 0 QUESTION0_11_R 1 6.645e+01 1.900e+01)))))INFO: dtree.c(1315): Comp split 8
INFO: dtree.c(1439): stop. leaf nodes are specific
INFO: dtree.c(1478): Final simple tree
|( QUESTION0 1 8.351e+03 5.265e+02 3.422e+02
|    ( QUESTION2_11_L -1 3.905e+03 3.520e+02 1.730e+02
|        ( QUESTION11 -1 2.356e+03 2.405e+02 1.110e+02
|            ( - 1.555e+03 1 0)
|            ( - 5.609e+02 1 0))
|        ( - 1.197e+03 1 0))
|    ( QUESTION14 1 3.919e+03 3.352e+02 1.692e+02
|        ( QUESTION11 -1 2.931e+03 1.680e+02 1.322e+02
|            ( - 2.606e+03 1 0)
|            ( - 1.570e+02 1 0))
|        ( QUESTION11 -1 6.529e+02 1.202e+02 3.700e+01
|            ( - 3.066e+02 1 0)
|            ( - 2.261e+02 1 0))))
s>    ( QUESTION0 1 8.351e+03 5.265e+02 3.422e+02
s>        ( QUESTION2_11_L -1 3.905e+03 3.520e+02 1.730e+02
s>            ( QUESTION11 -1 2.356e+03 2.405e+02 1.110e+02
s>                ( - 1.555e+03 1 0)
s>                ( - 5.609e+02 1 0))
s>            ( - 1.197e+03 1 0))
s>        ( QUESTION14 1 3.919e+03 3.352e+02 1.692e+02
s>            ( QUESTION11 -1 2.931e+03 1.680e+02 1.322e+02
s>                ( - 2.606e+03 1 0)
s>                ( - 1.570e+02 1 0))
s>            ( QUESTION11 -1 6.529e+02 1.202e+02 3.700e+01
s>                ( - 3.066e+02 1 0)
s>                ( - 2.261e+02 1 0))))INFO: dtree.c(1478): Final simple tree
|( QUESTION2 -1 1.355e+04 6.348e+02 5.718e+02
|    ( QUESTION0 1 9.604e+03 2.862e+02 4.157e+02
|        ( - 8.773e+03 1 0)
|        ( QUESTION0_0_R 1 5.448e+02 9.870e+01 3.200e+01
|            ( QUESTION14 1 2.797e+02 4.580e+01 1.900e+01
|                ( - 2.600e+01 1 0)
|                ( - 2.079e+02 2 0 QUESTION5 -1 3.833e+01 1.500e+01))
|            ( - 1.663e+02 1 0)))
|    ( QUESTION1 -1 3.311e+03 3.353e+02 1.561e+02
|        ( QUESTION8 -1 1.449e+03 6.989e+01 7.609e+01
|            ( - 3.781e+01 1 0)
|            ( - 1.342e+03 1 0))
|        ( QUESTION14 1 1.527e+03 1.770e+02 8.000e+01
|            ( - 1.081e+03 1 0)
|            ( - 2.687e+02 1 0))))
s>    ( QUESTION2 -1 1.355e+04 6.348e+02 5.718e+02
s>        ( QUESTION0 1 9.604e+03 2.862e+02 4.157e+02
s>            ( - 8.773e+03 1 0)
s>            ( QUESTION0_0_R 1 5.448e+02 9.870e+01 3.200e+01
s>                ( QUESTION14 1 2.797e+02 4.580e+01 1.900e+01
s>                    ( - 2.600e+01 1 0)
s>                    ( - 2.079e+02 2 0 QUESTION5 -1 3.833e+01 1.500e+01))
s>                ( - 1.663e+02 1 0)))
s>        ( QUESTION1 -1 3.311e+03 3.353e+02 1.561e+02
s>            ( QUESTION8 -1 1.449e+03 6.989e+01 7.609e+01
s>                ( - 3.781e+01 1 0)
s>                ( - 1.342e+03 1 0))
s>            ( QUESTION14 1 1.527e+03 1.770e+02 8.000e+01
s>                ( - 1.081e+03 1 0)
s>                ( - 2.687e+02 1 0))))INFO: dtree.c(1315): Comp split 9
INFO: dtree.c(1439): stop. leaf nodes are specific
INFO: dtree.c(1478): Final simple tree
|( QUESTION14 -1 3.177e+03 3.320e+02 1.480e+02
|    ( - 1.229e+03 2 0)
|    ( QUESTION0_0_R 1 1.616e+03 2.086e+02 8.400e+01
|        ( - 6.973e+02 1 0)
|        ( - 7.097e+02 1 0)))
s>    ( QUESTION14 -1 3.177e+03 3.320e+02 1.480e+02
s>        ( - 1.229e+03 2 0)
s>        ( QUESTION0_0_R 1 1.616e+03 2.086e+02 8.400e+01
s>            ( - 6.973e+02 1 0)
s>            ( - 7.097e+02 1 0)))INFO: dtree.c(1439): stop. leaf nodes are specific
INFO: dtree.c(1478): Final simple tree
|( QUESTION14 1 1.960e+04 6.245e+02 8.093e+02
|    ( - 1.157e+04 2 0)
|    ( QUESTION0 1 7.404e+03 1.299e+02 3.169e+02
|        ( - 7.185e+03 2 0)
|        ( - 8.879e+01 1 0)))
s>    ( QUESTION14 1 1.960e+04 6.245e+02 8.093e+02
s>        ( - 1.157e+04 2 0)
s>        ( QUESTION0 1 7.404e+03 1.299e+02 3.169e+02
s>            ( - 7.185e+03 2 0)
s>            ( - 8.879e+01 1 0)))INFO: dtree.c(1315): Comp split 10
INFO: dtree.c(1439): stop. leaf nodes are specific
INFO: dtree.c(1478): Final simple tree
|( SILENCE 1 1.180e+04 5.187e+02 5.028e+02
|    ( - 7.147e+03 2 0)
|    ( QUESTION0_10_R 1 4.135e+03 3.414e+02 1.916e+02
|        ( - 1.543e+03 1 0)
|        ( QUESTION0_0_R 1 2.250e+03 2.078e+02 1.106e+02
|            ( - 4.810e+02 1 0)
|            ( - 1.562e+03 1 0))))
s>    ( SILENCE 1 1.180e+04 5.187e+02 5.028e+02
s>        ( - 7.147e+03 2 0)
s>        ( QUESTION0_10_R 1 4.135e+03 3.414e+02 1.916e+02
s>            ( - 1.543e+03 1 0)
s>            ( QUESTION0_0_R 1 2.250e+03 2.078e+02 1.106e+02
s>                ( - 4.810e+02 1 0)
s>                ( - 1.562e+03 1 0))))INFO: dtree.c(1439): stop. leaf nodes are specific
INFO: dtree.c(1478): Final simple tree
|( QUESTION10 1 7.787e+03 4.581e+02 3.318e+02
|    ( - 5.433e+03 3 0)
|    ( QUESTION0_20_R 1 1.896e+03 2.226e+02 9.000e+01
|        ( - 5.077e+02 1 0)
|        ( QUESTION0_0_R 1 1.166e+03 1.659e+02 6.000e+01
|            ( - 3.288e+02 1 0)
|            ( - 6.711e+02 1 0))))
s>    ( QUESTION10 1 7.787e+03 4.581e+02 3.318e+02
s>        ( - 5.433e+03 3 0)
s>        ( QUESTION0_20_R 1 1.896e+03 2.226e+02 9.000e+01
s>            ( - 5.077e+02 1 0)
s>            ( QUESTION0_0_R 1 1.166e+03 1.659e+02 6.000e+01
s>                ( - 3.288e+02 1 0)
s>                ( - 6.711e+02 1 0))))INFO: dtree.c(1315): Comp split 11
INFO: dtree.c(1478): Final simple tree
|( QUESTION14 1 6.035e+03 4.352e+02 2.686e+02
|    ( QUESTION1 -1 3.023e+03 2.804e+02 1.412e+02
|        ( - 1.659e+03 2 0)
|        ( SILENCE -1 1.084e+03 1.258e+02 5.823e+01
|            ( - 8.129e+02 1 0)
|            ( - 1.448e+02 1 0)))
|    ( QUESTION0 1 2.577e+03 2.097e+02 1.274e+02
|        ( SILENCE -1 1.805e+03 1.026e+02 9.389e+01
|            ( - 1.624e+03 1 0)
|            ( - 7.790e+01 1 0))
|        ( QUESTION0_0_R 1 5.626e+02 1.008e+02 3.348e+01
|            ( SILENCE -1 2.961e+02 6.269e+01 2.048e+01
|                ( - 1.955e+02 1 0)
|                ( - 3.794e+01 1 0))
|            ( - 1.657e+02 1 0))))
s>    ( QUESTION14 1 6.035e+03 4.352e+02 2.686e+02
s>        ( QUESTION1 -1 3.023e+03 2.804e+02 1.412e+02
s>            ( - 1.659e+03 2 0)
s>            ( SILENCE -1 1.084e+03 1.258e+02 5.823e+01
s>                ( - 8.129e+02 1 0)
s>                ( - 1.448e+02 1 0)))
s>        ( QUESTION0 1 2.577e+03 2.097e+02 1.274e+02
s>            ( SILENCE -1 1.805e+03 1.026e+02 9.389e+01
s>                ( - 1.624e+03 1 0)
s>                ( - 7.790e+01 1 0))
s>            ( QUESTION0_0_R 1 5.626e+02 1.008e+02 3.348e+01
s>                ( SILENCE -1 2.961e+02 6.269e+01 2.048e+01
s>                    ( - 1.955e+02 1 0)
s>                    ( - 3.794e+01 1 0))
s>                ( - 1.657e+02 1 0))))INFO: dtree.c(1439): stop. leaf nodes are specific
INFO: dtree.c(1478): Final simple tree
|( QUESTION0 1 5.960e+03 2.571e+02 2.627e+02
|    ( - 5.063e+03 2 0)
|    ( QUESTION0_0_R 1 6.402e+02 6.668e+01 3.700e+01
|        ( - 5.346e+02 2 0)
|        ( - 3.889e+01 1 0)))
s>    ( QUESTION0 1 5.960e+03 2.571e+02 2.627e+02
s>        ( - 5.063e+03 2 0)
s>        ( QUESTION0_0_R 1 6.402e+02 6.668e+01 3.700e+01
s>            ( - 5.346e+02 2 0)
s>            ( - 3.889e+01 1 0)))INFO: dtree.c(1315): Comp split 12
INFO: dtree.c(1439): stop. leaf nodes are specific
INFO: dtree.c(1478): Final simple tree
|( QUESTION0 1 9.723e+03 2.986e+02 4.207e+02
|    ( - 8.773e+03 1 0)
|    ( QUESTION16 1 6.514e+02 1.100e+02 3.700e+01
|        ( QUESTION5 -1 2.079e+02 3.833e+01 1.500e+01
|            ( - 1.692e+01 1 0)
|            ( - 1.527e+02 1 0))
|        ( QUESTION0_0_R 1 3.335e+02 6.998e+01 2.200e+01
|            ( QUESTION2 -1 9.718e+01 3.337e+01 9.000e+00
|                ( - 2.600e+01 1 0)
|                ( - 3.781e+01 1 0))
|            ( - 1.663e+02 1 0))))
s>    ( QUESTION0 1 9.723e+03 2.986e+02 4.207e+02
s>        ( - 8.773e+03 1 0)
s>        ( QUESTION16 1 6.514e+02 1.100e+02 3.700e+01
s>            ( QUESTION5 -1 2.079e+02 3.833e+01 1.500e+01
s>                ( - 1.692e+01 1 0)
s>                ( - 1.527e+02 1 0))
s>            ( QUESTION0_0_R 1 3.335e+02 6.998e+01 2.200e+01
s>                ( QUESTION2 -1 9.718e+01 3.337e+01 9.000e+00
s>                    ( - 2.600e+01 1 0)
s>                    ( - 3.781e+01 1 0))
s>                ( - 1.663e+02 1 0))))INFO: dtree.c(1439): stop. leaf nodes are specific
INFO: dtree.c(1478): Final simple tree
|( QUESTION1 -1 3.191e+03 3.225e+02 1.511e+02
|    ( - 1.342e+03 1 0)
|    ( QUESTION14 1 1.527e+03 1.770e+02 8.000e+01
|        ( - 1.081e+03 1 0)
|        ( - 2.687e+02 1 0)))
s>    ( QUESTION1 -1 3.191e+03 3.225e+02 1.511e+02
s>        ( - 1.342e+03 1 0)
s>        ( QUESTION14 1 1.527e+03 1.770e+02 8.000e+01
s>            ( - 1.081e+03 1 0)
s>            ( - 2.687e+02 1 0)))INFO: dtree.c(1315): Comp split 13
INFO: dtree.c(1439): stop. leaf nodes are specific
INFO: dtree.c(1478): Final simple tree
|( QUESTION0 1 7.404e+03 1.299e+02 3.169e+02
|    ( - 7.185e+03 2 0)
|    ( - 8.879e+01 1 0))
s>    ( QUESTION0 1 7.404e+03 1.299e+02 3.169e+02
s>        ( - 7.185e+03 2 0)
s>        ( - 8.879e+01 1 0))INFO: dtree.c(1315): Comp split 14
INFO: dtree.c(1478): Final simple tree
|( QUESTION0_0_R 1 3.175e+03 3.500e+02 1.368e+02
|    ( QUESTION0_1_R 1 1.053e+03 1.622e+02 5.379e+01
|        ( - 3.693e+02 4 0 QUESTION0_5_R 1 5.907e+01 2.400e+01)
|        ( - 5.213e+02 3 0 QUESTION14 1 3.590e+01 2.979e+01))
|    ( QUESTION0_16_R 1 1.772e+03 2.270e+02 8.300e+01
|        ( QUESTION0_17_R 1 6.583e+02 1.168e+02 3.701e+01
|            ( QUESTION0_18_R 1 3.084e+02 6.756e+01 2.001e+01
|                ( - 1.731e+02 1 0)
|                ( - 6.775e+01 1 0))
|            ( - 2.330e+02 2 0))
|        ( QUESTION15 1 8.866e+02 1.313e+02 4.599e+01
|            ( - 4.564e+02 2 0 QUESTION0_12_R 1 6.320e+01 2.699e+01)
|            ( QUESTION0_11_R 1 2.990e+02 6.645e+01 1.900e+01
|                ( - 8.514e+01 1 0)
|                ( - 1.474e+02 3 0 QUESTION0_10_R 1 3.679e+01 1.100e+01)))))
s>    ( QUESTION0_0_R 1 3.175e+03 3.500e+02 1.368e+02
s>        ( QUESTION0_1_R 1 1.053e+03 1.622e+02 5.379e+01
s>            ( - 3.693e+02 4 0 QUESTION0_5_R 1 5.907e+01 2.400e+01)
s>            ( - 5.213e+02 3 0 QUESTION14 1 3.590e+01 2.979e+01))
s>        ( QUESTION0_16_R 1 1.772e+03 2.270e+02 8.300e+01
s>            ( QUESTION0_17_R 1 6.583e+02 1.168e+02 3.701e+01
s>                ( QUESTION0_18_R 1 3.084e+02 6.756e+01 2.001e+01
s>                    ( - 1.731e+02 1 0)
s>                    ( - 6.775e+01 1 0))
s>                ( - 2.330e+02 2 0))
s>            ( QUESTION15 1 8.866e+02 1.313e+02 4.599e+01
s>                ( - 4.564e+02 2 0 QUESTION0_12_R 1 6.320e+01 2.699e+01)
s>                ( QUESTION0_11_R 1 2.990e+02 6.645e+01 1.900e+01
s>                    ( - 8.514e+01 1 0)
s>                    ( - 1.474e+02 3 0 QUESTION0_10_R 1 3.679e+01 1.100e+01)))))INFO: dtree.c(1439): stop. leaf nodes are specific
INFO: dtree.c(1478): Final simple tree
|( QUESTION0 1 2.625e+03 1.848e+02 1.289e+02
|    ( QUESTION8 -1 2.031e+03 3.828e+01 1.028e+02
|        ( - 7.830e+00 1 0)
|        ( - 1.985e+03 1 0))
|    ( QUESTION0_0_R 1 4.090e+02 5.536e+01 2.606e+01
|        ( - 2.609e+02 1 0)
|        ( - 9.267e+01 1 0)))
s>    ( QUESTION0 1 2.625e+03 1.848e+02 1.289e+02
s>        ( QUESTION8 -1 2.031e+03 3.828e+01 1.028e+02
s>            ( - 7.830e+00 1 0)
s>            ( - 1.985e+03 1 0))
s>        ( QUESTION0_0_R 1 4.090e+02 5.536e+01 2.606e+01
s>            ( - 2.609e+02 1 0)
s>            ( - 9.267e+01 1 0)))INFO: dtree.c(1315): Comp split 15
INFO: dtree.c(1439): stop. leaf nodes are specific
INFO: dtree.c(1478): Final simple tree
|( QUESTION11 -1 3.865e+03 3.220e+02 1.682e+02
|    ( - 2.606e+03 1 0)
|    ( QUESTION0 1 9.365e+02 1.495e+02 4.800e+01
|        ( - 5.609e+02 1 0)
|        ( - 2.261e+02 1 0)))
s>    ( QUESTION11 -1 3.865e+03 3.220e+02 1.682e+02
s>        ( - 2.606e+03 1 0)
s>        ( QUESTION0 1 9.365e+02 1.495e+02 4.800e+01
s>            ( - 5.609e+02 1 0)
s>            ( - 2.261e+02 1 0)))INFO: dtree.c(1439): stop. leaf nodes are specific
INFO: dtree.c(1478): Final simple tree
|( QUESTION2_12_L -1 3.934e+03 3.610e+02 1.740e+02
|    ( QUESTION0 1 2.075e+03 2.135e+02 1.000e+02
|        ( - 1.555e+03 1 0)
|        ( - 3.066e+02 1 0))
|    ( QUESTION0 1 1.498e+03 1.440e+02 7.400e+01
|        ( - 1.197e+03 1 0)
|        ( - 1.570e+02 1 0)))
s>    ( QUESTION2_12_L -1 3.934e+03 3.610e+02 1.740e+02
s>        ( QUESTION0 1 2.075e+03 2.135e+02 1.000e+02
s>            ( - 1.555e+03 1 0)
s>            ( - 3.066e+02 1 0))
s>        ( QUESTION0 1 1.498e+03 1.440e+02 7.400e+01
s>            ( - 1.197e+03 1 0)
s>            ( - 1.570e+02 1 0)))INFO: dtree.c(1315): Comp split 16
INFO: dtree.c(1439): stop. leaf nodes are specific
INFO: dtree.c(1478): Final simple tree
|( WDBNDRY_B 0 2.816e+03 3.307e+02 1.250e+02
|    ( - 1.548e+03 2 0)
|    ( QUESTION14 -1 9.370e+02 5.139e+01 4.900e+01
|        ( QUESTION0_0_R 1 8.725e+02 4.461e+01 4.600e+01
|            ( - 8.220e+02 1 0)
|            ( - 5.904e+00 1 0))
|        ( - 1.311e+01 1 0)))
s>    ( WDBNDRY_B 0 2.816e+03 3.307e+02 1.250e+02
s>        ( - 1.548e+03 2 0)
s>        ( QUESTION14 -1 9.370e+02 5.139e+01 4.900e+01
s>            ( QUESTION0_0_R 1 8.725e+02 4.461e+01 4.600e+01
s>                ( - 8.220e+02 1 0)
s>                ( - 5.904e+00 1 0))
s>            ( - 1.311e+01 1 0)))INFO: dtree.c(1439): stop. leaf nodes are specific
INFO: dtree.c(1478): Final simple tree
|( QUESTION0 1 2.005e+03 2.290e+02 9.800e+01
|    ( - 1.409e+03 1 0)
|    ( - 3.677e+02 1 0))
s>    ( QUESTION0 1 2.005e+03 2.290e+02 9.800e+01
s>        ( - 1.409e+03 1 0)
s>        ( - 3.677e+02 1 0))INFO: dtree.c(1315): Comp split 17
INFO: dtree.c(1439): stop. leaf nodes are specific
INFO: dtree.c(1478): Final simple tree
|( WDBNDRY_E 0 2.935e+03 3.408e+01 1.420e+02
|    ( - 0.000e+00 1 0)
|    ( - 2.901e+03 1 0))
s>    ( WDBNDRY_E 0 2.935e+03 3.408e+01 1.420e+02
s>        ( - 0.000e+00 1 0)
s>        ( - 2.901e+03 1 0))INFO: dtree.c(1439): stop. leaf nodes are specific
INFO: dtree.c(1478): Final simple tree
|( QUESTION14 1 5.288e+03 3.770e+02 2.528e+02
|    ( - 3.157e+03 1 0)
|    ( QUESTION0_4_R 1 1.754e+03 1.329e+02 9.277e+01
|        ( - 1.469e+03 1 0)
|        ( QUESTION0_1_R 1 1.524e+02 4.266e+01 1.200e+01
|            ( - 5.356e+01 1 0)
|            ( WDBNDRY_E 0 5.613e+01 1.560e+01 6.000e+00
|                ( - 4.053e+01 1 0)
|                ( - 0.000e+00 1 0)))))
s>    ( QUESTION14 1 5.288e+03 3.770e+02 2.528e+02
s>        ( - 3.157e+03 1 0)
s>        ( QUESTION0_4_R 1 1.754e+03 1.329e+02 9.277e+01
s>            ( - 1.469e+03 1 0)
s>            ( QUESTION0_1_R 1 1.524e+02 4.266e+01 1.200e+01
s>                ( - 5.356e+01 1 0)
s>                ( WDBNDRY_E 0 5.613e+01 1.560e+01 6.000e+00
s>                    ( - 4.053e+01 1 0)
s>                    ( - 0.000e+00 1 0)))))INFO: dtree.c(1315): Comp split 18
INFO: dtree.c(1439): stop. leaf nodes are specific
INFO: dtree.c(1478): Final simple tree
|( QUESTION0_10_R 1 4.135e+03 3.414e+02 1.916e+02
|    ( - 1.543e+03 1 0)
|    ( QUESTION0_0_R 1 2.250e+03 2.078e+02 1.106e+02
|        ( - 4.810e+02 1 0)
|        ( - 1.562e+03 1 0)))
s>    ( QUESTION0_10_R 1 4.135e+03 3.414e+02 1.916e+02
s>        ( - 1.543e+03 1 0)
s>        ( QUESTION0_0_R 1 2.250e+03 2.078e+02 1.106e+02
s>            ( - 4.810e+02 1 0)
s>            ( - 1.562e+03 1 0)))INFO: dtree.c(1315): Comp split 19
INFO: dtree.c(1439): stop. leaf nodes are specific
INFO: dtree.c(1478): Final simple tree
|( QUESTION16 -1 3.236e+03 2.931e+02 1.470e+02
|    ( - 1.011e+03 2 0)
|    ( - 1.932e+03 1 0))
s>    ( QUESTION16 -1 3.236e+03 2.931e+02 1.470e+02
s>        ( - 1.011e+03 2 0)
s>        ( - 1.932e+03 1 0))INFO: dtree.c(1315): Comp split 20
INFO: dtree.c(1439): stop. leaf nodes are specific
INFO: dtree.c(1478): Final simple tree
|( QUESTION0_8_R 1 2.129e+03 2.260e+02 9.899e+01
|    ( - 1.499e+03 1 0)
|    ( QUESTION0_0_R 1 4.040e+02 6.819e+01 2.500e+01
|        ( - 1.057e+02 1 0)
|        ( - 2.301e+02 1 0)))
s>    ( QUESTION0_8_R 1 2.129e+03 2.260e+02 9.899e+01
s>        ( - 1.499e+03 1 0)
s>        ( QUESTION0_0_R 1 4.040e+02 6.819e+01 2.500e+01
s>            ( - 1.057e+02 1 0)
s>            ( - 2.301e+02 1 0)))INFO: dtree.c(1439): stop. leaf nodes are specific
INFO: dtree.c(1478): Final simple tree
|( WDBNDRY_E 0 2.927e+03 2.713e+02 1.334e+02
|    ( - 6.014e+02 1 0)
|    ( - 2.055e+03 1 0))
s>    ( WDBNDRY_E 0 2.927e+03 2.713e+02 1.334e+02
s>        ( - 6.014e+02 1 0)
s>        ( - 2.055e+03 1 0))INFO: dtree.c(1315): Comp split 21
INFO: dtree.c(1439): stop. leaf nodes are specific
INFO: dtree.c(1478): Final simple tree
|( QUESTION0_20_R 1 1.896e+03 2.226e+02 9.000e+01
|    ( - 5.077e+02 1 0)
|    ( QUESTION0_0_R 1 1.166e+03 1.659e+02 6.000e+01
|        ( - 3.288e+02 1 0)
|        ( - 6.711e+02 1 0)))
s>    ( QUESTION0_20_R 1 1.896e+03 2.226e+02 9.000e+01
s>        ( - 5.077e+02 1 0)
s>        ( QUESTION0_0_R 1 1.166e+03 1.659e+02 6.000e+01
s>            ( - 3.288e+02 1 0)
s>            ( - 6.711e+02 1 0)))INFO: dtree.c(1315): Comp split 22
INFO: dtree.c(1439): stop. leaf nodes are specific
INFO: dtree.c(1478): Final simple tree
|( QUESTION0 1 2.577e+03 2.097e+02 1.274e+02
|    ( SILENCE -1 1.805e+03 1.026e+02 9.389e+01
|        ( - 1.624e+03 1 0)
|        ( - 7.790e+01 1 0))
|    ( QUESTION0_0_R 1 5.626e+02 1.008e+02 3.348e+01
|        ( SILENCE -1 2.961e+02 6.269e+01 2.048e+01
|            ( - 1.955e+02 1 0)
|            ( - 3.794e+01 1 0))
|        ( - 1.657e+02 1 0)))
s>    ( QUESTION0 1 2.577e+03 2.097e+02 1.274e+02
s>        ( SILENCE -1 1.805e+03 1.026e+02 9.389e+01
s>            ( - 1.624e+03 1 0)
s>            ( - 7.790e+01 1 0))
s>        ( QUESTION0_0_R 1 5.626e+02 1.008e+02 3.348e+01
s>            ( SILENCE -1 2.961e+02 6.269e+01 2.048e+01
s>                ( - 1.955e+02 1 0)
s>                ( - 3.794e+01 1 0))
s>            ( - 1.657e+02 1 0)))INFO: dtree.c(1439): stop. leaf nodes are specific
INFO: dtree.c(1478): Final simple tree
|( QUESTION1 -1 3.023e+03 2.804e+02 1.412e+02
|    ( - 1.659e+03 2 0)
|    ( SILENCE -1 1.084e+03 1.258e+02 5.823e+01
|        ( - 8.129e+02 1 0)
|        ( - 1.448e+02 1 0)))
s>    ( QUESTION1 -1 3.023e+03 2.804e+02 1.412e+02
s>        ( - 1.659e+03 2 0)
s>        ( SILENCE -1 1.084e+03 1.258e+02 5.823e+01
s>            ( - 8.129e+02 1 0)
s>            ( - 1.448e+02 1 0)))INFO: dtree.c(1315): Comp split 23
INFO: dtree.c(1439): stop. leaf nodes are specific
INFO: dtree.c(1478): Final simple tree
|( QUESTION0_1_R 1 1.616e+03 9.126e+01 8.677e+01
|    ( - 1.469e+03 1 0)
|    ( WDBNDRY_E 0 5.613e+01 1.560e+01 6.000e+00
|        ( - 4.053e+01 1 0)
|        ( - 0.000e+00 1 0)))
s>    ( QUESTION0_1_R 1 1.616e+03 9.126e+01 8.677e+01
s>        ( - 1.469e+03 1 0)
s>        ( WDBNDRY_E 0 5.613e+01 1.560e+01 6.000e+00
s>            ( - 4.053e+01 1 0)
s>            ( - 0.000e+00 1 0)))INFO: dtree.c(1439): stop. leaf nodes are specific
INFO: dtree.c(1478): Final simple tree
|( WDBNDRY_E 0 3.292e+03 8.162e+01 1.660e+02
|    ( - 5.356e+01 1 0)
|    ( - 3.157e+03 1 0))
s>    ( WDBNDRY_E 0 3.292e+03 8.162e+01 1.660e+02
s>        ( - 5.356e+01 1 0)
s>        ( - 3.157e+03 1 0))INFO: dtree.c(1315): Comp split 24
INFO: dtree.c(1439): stop. leaf nodes are specific
INFO: dtree.c(1478): Final simple tree
|( QUESTION0 1 1.498e+03 1.440e+02 7.400e+01
|    ( - 1.197e+03 1 0)
|    ( - 1.570e+02 1 0))
s>    ( QUESTION0 1 1.498e+03 1.440e+02 7.400e+01
s>        ( - 1.197e+03 1 0)
s>        ( - 1.570e+02 1 0))INFO: dtree.c(1439): stop. leaf nodes are specific
INFO: dtree.c(1478): Final simple tree
|( QUESTION0 1 2.075e+03 2.135e+02 1.000e+02
|    ( - 1.555e+03 1 0)
|    ( - 3.066e+02 1 0))
s>    ( QUESTION0 1 2.075e+03 2.135e+02 1.000e+02
s>        ( - 1.555e+03 1 0)
s>        ( - 3.066e+02 1 0))INFO: dtree.c(1315): Comp split 25
INFO: dtree.c(1439): stop. leaf nodes are specific
INFO: dtree.c(1478): Final simple tree
|( QUESTION0_8_R 1 1.235e+03 1.813e+02 6.179e+01
|    ( QUESTION14 1 5.213e+02 3.590e+01 2.979e+01
|        ( - 4.776e+02 2 0)
|        ( - 7.810e+00 1 0))
|    ( QUESTION0_5_R 1 5.326e+02 9.197e+01 3.200e+01
|        ( - 2.664e+02 2 0)
|        ( QUESTION0_0_R 1 1.743e+02 4.532e+01 1.300e+01
|            ( QUESTION0_2_R 1 4.385e+01 1.735e+01 5.000e+00
|                ( - 1.849e+01 1 0)
|                ( - 8.000e+00 1 0))
|            ( - 8.514e+01 1 0))))
s>    ( QUESTION0_8_R 1 1.235e+03 1.813e+02 6.179e+01
s>        ( QUESTION14 1 5.213e+02 3.590e+01 2.979e+01
s>            ( - 4.776e+02 2 0)
s>            ( - 7.810e+00 1 0))
s>        ( QUESTION0_5_R 1 5.326e+02 9.197e+01 3.200e+01
s>            ( - 2.664e+02 2 0)
s>            ( QUESTION0_0_R 1 1.743e+02 4.532e+01 1.300e+01
s>                ( QUESTION0_2_R 1 4.385e+01 1.735e+01 5.000e+00
s>                    ( - 1.849e+01 1 0)
s>                    ( - 8.000e+00 1 0))
s>                ( - 8.514e+01 1 0))))INFO: dtree.c(1439): stop. leaf nodes are specific
INFO: dtree.c(1478): Final simple tree
|( QUESTION0_16_R 1 1.580e+03 2.057e+02 7.500e+01
|    ( QUESTION0_17_R 1 6.583e+02 1.168e+02 3.701e+01
|        ( QUESTION0_18_R 1 3.084e+02 6.756e+01 2.001e+01
|            ( - 1.731e+02 1 0)
|            ( - 6.775e+01 1 0))
|        ( - 2.330e+02 2 0))
|    ( QUESTION0_13_R 1 7.159e+02 1.156e+02 3.799e+01
|        ( - 3.397e+02 1 0)
|        ( QUESTION0_10_R 1 2.606e+02 6.101e+01 1.700e+01
|            ( QUESTION0_11_R 1 1.231e+02 3.558e+01 1.000e+01
|                ( - 5.346e+01 1 0)
|                ( - 3.403e+01 1 0))
|            ( - 7.654e+01 2 0))))
s>    ( QUESTION0_16_R 1 1.580e+03 2.057e+02 7.500e+01
s>        ( QUESTION0_17_R 1 6.583e+02 1.168e+02 3.701e+01
s>            ( QUESTION0_18_R 1 3.084e+02 6.756e+01 2.001e+01
s>                ( - 1.731e+02 1 0)
s>                ( - 6.775e+01 1 0))
s>            ( - 2.330e+02 2 0))
s>        ( QUESTION0_13_R 1 7.159e+02 1.156e+02 3.799e+01
s>            ( - 3.397e+02 1 0)
s>            ( QUESTION0_10_R 1 2.606e+02 6.101e+01 1.700e+01
s>                ( QUESTION0_11_R 1 1.231e+02 3.558e+01 1.000e+01
s>                    ( - 5.346e+01 1 0)
s>                    ( - 3.403e+01 1 0))
s>                ( - 7.654e+01 2 0))))INFO: dtree.c(1315): Comp split 26
INFO: dtree.c(1439): stop. leaf nodes are specific
INFO: dtree.c(1478): Final simple tree
|( QUESTION0_0_R 1 2.250e+03 2.078e+02 1.106e+02
|    ( - 4.810e+02 1 0)
|    ( - 1.562e+03 1 0))
s>    ( QUESTION0_0_R 1 2.250e+03 2.078e+02 1.106e+02
s>        ( - 4.810e+02 1 0)
s>        ( - 1.562e+03 1 0))INFO: dtree.c(1315): Comp split 27
INFO: dtree.c(1439): stop. leaf nodes are specific
INFO: dtree.c(1478): Final simple tree
|( QUESTION0_0_R 1 1.616e+03 2.086e+02 8.400e+01
|    ( - 6.973e+02 1 0)
|    ( - 7.097e+02 1 0))
s>    ( QUESTION0_0_R 1 1.616e+03 2.086e+02 8.400e+01
s>        ( - 6.973e+02 1 0)
s>        ( - 7.097e+02 1 0))INFO: dtree.c(1315): Comp split 28
INFO: dtree.c(1439): stop. leaf nodes are specific
INFO: dtree.c(1478): Final simple tree
|( QUESTION14 -1 9.370e+02 5.139e+01 4.900e+01
|    ( QUESTION0_0_R 1 8.725e+02 4.461e+01 4.600e+01
|        ( - 8.220e+02 1 0)
|        ( - 5.904e+00 1 0))
|    ( - 1.311e+01 1 0))
s>    ( QUESTION14 -1 9.370e+02 5.139e+01 4.900e+01
s>        ( QUESTION0_0_R 1 8.725e+02 4.461e+01 4.600e+01
s>            ( - 8.220e+02 1 0)
s>            ( - 5.904e+00 1 0))
s>        ( - 1.311e+01 1 0))INFO: dtree.c(1315): Comp split 29
INFO: dtree.c(1439): stop. leaf nodes are specific
INFO: dtree.c(1478): Final simple tree
|( QUESTION14 1 1.527e+03 1.770e+02 8.000e+01
|    ( - 1.081e+03 1 0)
|    ( - 2.687e+02 1 0))
s>    ( QUESTION14 1 1.527e+03 1.770e+02 8.000e+01
s>        ( - 1.081e+03 1 0)
s>        ( - 2.687e+02 1 0))INFO: dtree.c(1315): Comp split 30
INFO: dtree.c(1439): stop. leaf nodes are specific
INFO: dtree.c(1478): Final simple tree
|( QUESTION0 1 9.365e+02 1.495e+02 4.800e+01
|    ( - 5.609e+02 1 0)
|    ( - 2.261e+02 1 0))
s>    ( QUESTION0 1 9.365e+02 1.495e+02 4.800e+01
s>        ( - 5.609e+02 1 0)
s>        ( - 2.261e+02 1 0))INFO: dtree.c(1315): Comp split 31
INFO: dtree.c(1439): stop. leaf nodes are specific
INFO: dtree.c(1478): Final simple tree
|( QUESTION16 1 6.514e+02 1.100e+02 3.700e+01
|    ( QUESTION5 -1 2.079e+02 3.833e+01 1.500e+01
|        ( - 1.692e+01 1 0)
|        ( - 1.527e+02 1 0))
|    ( QUESTION0_0_R 1 3.335e+02 6.998e+01 2.200e+01
|        ( QUESTION2 -1 9.718e+01 3.337e+01 9.000e+00
|            ( - 2.600e+01 1 0)
|            ( - 3.781e+01 1 0))
|        ( - 1.663e+02 1 0)))
s>    ( QUESTION16 1 6.514e+02 1.100e+02 3.700e+01
s>        ( QUESTION5 -1 2.079e+02 3.833e+01 1.500e+01
s>            ( - 1.692e+01 1 0)
s>            ( - 1.527e+02 1 0))
s>        ( QUESTION0_0_R 1 3.335e+02 6.998e+01 2.200e+01
s>            ( QUESTION2 -1 9.718e+01 3.337e+01 9.000e+00
s>                ( - 2.600e+01 1 0)
s>                ( - 3.781e+01 1 0))
s>            ( - 1.663e+02 1 0)))INFO: dtree.c(1315): Comp split 32
INFO: dtree.c(1315): Comp split 33
INFO: dtree.c(1439): stop. leaf nodes are specific
INFO: dtree.c(1478): Final simple tree
|( SILENCE -1 1.084e+03 1.258e+02 5.823e+01
|    ( - 8.129e+02 1 0)
|    ( - 1.448e+02 1 0))
s>    ( SILENCE -1 1.084e+03 1.258e+02 5.823e+01
s>        ( - 8.129e+02 1 0)
s>        ( - 1.448e+02 1 0))INFO: dtree.c(1315): Comp split 34
INFO: dtree.c(1315): Comp split 35
INFO: dtree.c(1439): stop. leaf nodes are specific
INFO: dtree.c(1478): Final simple tree
|( QUESTION0_0_R 1 6.402e+02 6.668e+01 3.700e+01
|    ( - 5.346e+02 2 0)
|    ( - 3.889e+01 1 0))
s>    ( QUESTION0_0_R 1 6.402e+02 6.668e+01 3.700e+01
s>        ( - 5.346e+02 2 0)
s>        ( - 3.889e+01 1 0))INFO: dtree.c(1315): Comp split 36
INFO: dtree.c(1315): Comp split 37
INFO: dtree.c(1439): stop. leaf nodes are specific
INFO: dtree.c(1478): Final simple tree
|( QUESTION0_0_R 1 4.040e+02 6.819e+01 2.500e+01
|    ( - 1.057e+02 1 0)
|    ( - 2.301e+02 1 0))
s>    ( QUESTION0_0_R 1 4.040e+02 6.819e+01 2.500e+01
s>        ( - 1.057e+02 1 0)
s>        ( - 2.301e+02 1 0))INFO: dtree.c(1315): Comp split 38
INFO: dtree.c(1439): stop. leaf nodes are specific
INFO: dtree.c(1478): Final simple tree
|( QUESTION0_0_R 1 1.166e+03 1.659e+02 6.000e+01
|    ( - 3.288e+02 1 0)
|    ( - 6.711e+02 1 0))
s>    ( QUESTION0_0_R 1 1.166e+03 1.659e+02 6.000e+01
s>        ( - 3.288e+02 1 0)
s>        ( - 6.711e+02 1 0))INFO: dtree.c(1315): Comp split 39
INFO: dtree.c(1439): stop. leaf nodes are specific
INFO: dtree.c(1478): Final simple tree
|( QUESTION16 1 7.312e+02 1.222e+02 4.148e+01
|    ( SILENCE -1 2.961e+02 6.269e+01 2.048e+01
|        ( - 1.955e+02 1 0)
|        ( - 3.794e+01 1 0))
|    ( SILENCE -1 3.129e+02 6.928e+01 2.100e+01
|        ( - 1.657e+02 1 0)
|        ( - 7.790e+01 1 0)))
s>    ( QUESTION16 1 7.312e+02 1.222e+02 4.148e+01
s>        ( SILENCE -1 2.961e+02 6.269e+01 2.048e+01
s>            ( - 1.955e+02 1 0)
s>            ( - 3.794e+01 1 0))
s>        ( SILENCE -1 3.129e+02 6.928e+01 2.100e+01
s>            ( - 1.657e+02 1 0)
s>            ( - 7.790e+01 1 0)))INFO: dtree.c(1315): Comp split 40
INFO: dtree.c(1439): stop. leaf nodes are specific
INFO: dtree.c(1478): Final simple tree
|( QUESTION0_13_R 1 6.951e+02 1.127e+02 3.800e+01
|    ( - 3.397e+02 1 0)
|    ( QUESTION0_16_R 1 2.427e+02 5.186e+01 1.701e+01
|        ( - 6.775e+01 1 0)
|        ( QUESTION0_11_R 1 1.231e+02 3.558e+01 1.000e+01
|            ( - 5.346e+01 1 0)
|            ( - 3.403e+01 1 0))))
s>    ( QUESTION0_13_R 1 6.951e+02 1.127e+02 3.800e+01
s>        ( - 3.397e+02 1 0)
s>        ( QUESTION0_16_R 1 2.427e+02 5.186e+01 1.701e+01
s>            ( - 6.775e+01 1 0)
s>            ( QUESTION0_11_R 1 1.231e+02 3.558e+01 1.000e+01
s>                ( - 5.346e+01 1 0)
s>                ( - 3.403e+01 1 0))))INFO: dtree.c(1439): stop. leaf nodes are specific
INFO: dtree.c(1478): Final simple tree
|( QUESTION0_19_R 1 6.701e+02 1.202e+02 3.700e+01
|    ( - 2.330e+02 2 0)
|    ( QUESTION0_10_R 1 3.169e+02 6.725e+01 2.000e+01
|        ( - 1.731e+02 1 0)
|        ( - 7.654e+01 2 0)))
s>    ( QUESTION0_19_R 1 6.701e+02 1.202e+02 3.700e+01
s>        ( - 2.330e+02 2 0)
s>        ( QUESTION0_10_R 1 3.169e+02 6.725e+01 2.000e+01
s>            ( - 1.731e+02 1 0)
s>            ( - 7.654e+01 2 0)))INFO: dtree.c(1315): Comp split 41
INFO: dtree.c(1315): Comp split 42
INFO: dtree.c(1315): Comp split 43
INFO: dtree.c(1315): Comp split 44
INFO: dtree.c(1439): stop. leaf nodes are specific
INFO: dtree.c(1478): Final simple tree
|( QUESTION16 1 4.515e+02 6.006e+01 2.806e+01
|    ( - 2.609e+02 1 0)
|    ( QUESTION0_0_R 1 1.305e+02 3.000e+01 1.000e+01
|        ( - 7.830e+00 1 0)
|        ( - 9.267e+01 1 0)))
s>    ( QUESTION16 1 4.515e+02 6.006e+01 2.806e+01
s>        ( - 2.609e+02 1 0)
s>        ( QUESTION0_0_R 1 1.305e+02 3.000e+01 1.000e+01
s>            ( - 7.830e+00 1 0)
s>            ( - 9.267e+01 1 0)))INFO: dtree.c(1315): Comp split 45
INFO: dtree.c(1439): stop. leaf nodes are specific
INFO: dtree.c(1478): Final simple tree
|( QUESTION0_5_R 1 5.326e+02 9.197e+01 3.200e+01
|    ( - 2.664e+02 2 0)
|    ( QUESTION0_0_R 1 1.743e+02 4.532e+01 1.300e+01
|        ( QUESTION0_2_R 1 4.385e+01 1.735e+01 5.000e+00
|            ( - 1.849e+01 1 0)
|            ( - 8.000e+00 1 0))
|        ( - 8.514e+01 1 0)))
s>    ( QUESTION0_5_R 1 5.326e+02 9.197e+01 3.200e+01
s>        ( - 2.664e+02 2 0)
s>        ( QUESTION0_0_R 1 1.743e+02 4.532e+01 1.300e+01
s>            ( QUESTION0_2_R 1 4.385e+01 1.735e+01 5.000e+00
s>                ( - 1.849e+01 1 0)
s>                ( - 8.000e+00 1 0))
s>            ( - 8.514e+01 1 0)))INFO: dtree.c(1439): stop. leaf nodes are specific
INFO: dtree.c(1478): Final simple tree
|( QUESTION14 1 5.213e+02 3.590e+01 2.979e+01
|    ( - 4.776e+02 2 0)
|    ( - 7.810e+00 1 0))
s>    ( QUESTION14 1 5.213e+02 3.590e+01 2.979e+01
s>        ( - 4.776e+02 2 0)
s>        ( - 7.810e+00 1 0))INFO: dtree.c(1315): Comp split 46
INFO: dtree.c(1315): Comp split 47
INFO: dtree.c(1315): Comp split 48
INFO: dtree.c(1315): Comp split 49
INFO: dtree.c(1315): Comp split 50
INFO: dtree.c(1315): Comp split 51
INFO: dtree.c(1439): stop. leaf nodes are specific
INFO: dtree.c(1478): Final simple tree
|( SILENCE -1 2.628e+02 5.920e+01 1.800e+01
|    ( - 1.657e+02 1 0)
|    ( - 3.794e+01 1 0))
s>    ( SILENCE -1 2.628e+02 5.920e+01 1.800e+01
s>        ( - 1.657e+02 1 0)
s>        ( - 3.794e+01 1 0))INFO: dtree.c(1439): stop. leaf nodes are specific
INFO: dtree.c(1478): Final simple tree
|( SILENCE -1 3.412e+02 6.777e+01 2.348e+01
|    ( - 1.955e+02 1 0)
|    ( - 7.790e+01 1 0))
s>    ( SILENCE -1 3.412e+02 6.777e+01 2.348e+01
s>        ( - 1.955e+02 1 0)
s>        ( - 7.790e+01 1 0))INFO: dtree.c(1315): Comp split 52
INFO: dtree.c(1315): Comp split 53
INFO: dtree.c(1439): stop. leaf nodes are specific
INFO: dtree.c(1478): Final simple tree
|( QUESTION0_10_R 1 3.169e+02 6.725e+01 2.000e+01
|    ( - 1.731e+02 1 0)
|    ( - 7.654e+01 2 0))
s>    ( QUESTION0_10_R 1 3.169e+02 6.725e+01 2.000e+01
s>        ( - 1.731e+02 1 0)
s>        ( - 7.654e+01 2 0))INFO: dtree.c(1315): Comp split 54
INFO: dtree.c(1439): stop. leaf nodes are specific
INFO: dtree.c(1478): Final simple tree
|( QUESTION14 1 2.797e+02 4.580e+01 1.900e+01
|    ( - 2.600e+01 1 0)
|    ( QUESTION5 -1 2.079e+02 3.833e+01 1.500e+01
|        ( - 1.692e+01 1 0)
|        ( - 1.527e+02 1 0)))
s>    ( QUESTION14 1 2.797e+02 4.580e+01 1.900e+01
s>        ( - 2.600e+01 1 0)
s>        ( QUESTION5 -1 2.079e+02 3.833e+01 1.500e+01
s>            ( - 1.692e+01 1 0)
s>            ( - 1.527e+02 1 0)))INFO: dtree.c(1439): stop. leaf nodes are specific
INFO: dtree.c(1478): Final simple tree
|( QUESTION0_0_R 1 2.567e+02 5.259e+01 1.800e+01
|    ( - 3.781e+01 1 0)
|    ( - 1.663e+02 1 0))
s>    ( QUESTION0_0_R 1 2.567e+02 5.259e+01 1.800e+01
s>        ( - 3.781e+01 1 0)
s>        ( - 1.663e+02 1 0))INFO: dtree.c(1315): Comp split 55
INFO: dtree.c(1439): stop. leaf nodes are specific
INFO: dtree.c(1478): Final simple tree
|( QUESTION0_16_R 1 2.427e+02 5.186e+01 1.701e+01
|    ( - 6.775e+01 1 0)
|    ( QUESTION0_11_R 1 1.231e+02 3.558e+01 1.000e+01
|        ( - 5.346e+01 1 0)
|        ( - 3.403e+01 1 0)))
s>    ( QUESTION0_16_R 1 2.427e+02 5.186e+01 1.701e+01
s>        ( - 6.775e+01 1 0)
s>        ( QUESTION0_11_R 1 1.231e+02 3.558e+01 1.000e+01
s>            ( - 5.346e+01 1 0)
s>            ( - 3.403e+01 1 0)))INFO: dtree.c(1315): Comp split 56
INFO: dtree.c(1439): stop. leaf nodes are specific
INFO: dtree.c(1478): Final simple tree
|( QUESTION0_0_R 1 1.743e+02 4.532e+01 1.300e+01
|    ( QUESTION0_2_R 1 4.385e+01 1.735e+01 5.000e+00
|        ( - 1.849e+01 1 0)
|        ( - 8.000e+00 1 0))
|    ( - 8.514e+01 1 0))
s>    ( QUESTION0_0_R 1 1.743e+02 4.532e+01 1.300e+01
s>        ( QUESTION0_2_R 1 4.385e+01 1.735e+01 5.000e+00
s>            ( - 1.849e+01 1 0)
s>            ( - 8.000e+00 1 0))
s>        ( - 8.514e+01 1 0))INFO: dtree.c(1315): Comp split 57
INFO: dtree.c(1439): stop. leaf nodes are specific
INFO: dtree.c(1478): Final simple tree
|( WDBNDRY_E 0 5.613e+01 1.560e+01 6.000e+00
|    ( - 4.053e+01 1 0)
|    ( - 0.000e+00 1 0))
s>    ( WDBNDRY_E 0 5.613e+01 1.560e+01 6.000e+00
s>        ( - 4.053e+01 1 0)
s>        ( - 0.000e+00 1 0))INFO: dtree.c(1315): Comp split 58
INFO: dtree.c(1315): Comp split 59
INFO: dtree.c(1439): stop. leaf nodes are specific
INFO: dtree.c(1478): Final simple tree
|( QUESTION0_0_R 1 3.653e+01 1.751e+01 5.000e+00
|    ( - 1.311e+01 1 0)
|    ( - 5.904e+00 1 0))
s>    ( QUESTION0_0_R 1 3.653e+01 1.751e+01 5.000e+00
s>        ( - 1.311e+01 1 0)
s>        ( - 5.904e+00 1 0))INFO: dtree.c(1315): Comp split 60
INFO: dtree.c(1315): Comp split 61
INFO: dtree.c(1315): Comp split 62
INFO: dtree.c(1315): Comp split 63
INFO: dtree.c(1315): Comp split 64
INFO: dtree.c(1439): stop. leaf nodes are specific
INFO: dtree.c(1478): Final simple tree
|( QUESTION0_0_R 1 1.305e+02 3.000e+01 1.000e+01
|    ( - 7.830e+00 1 0)
|    ( - 9.267e+01 1 0))
s>    ( QUESTION0_0_R 1 1.305e+02 3.000e+01 1.000e+01
s>        ( - 7.830e+00 1 0)
s>        ( - 9.267e+01 1 0))INFO: dtree.c(1315): Comp split 65
INFO: dtree.c(1439): stop. leaf nodes are specific
INFO: dtree.c(1478): Final simple tree
|( QUESTION5 -1 6.779e+01 2.487e+01 7.000e+00
|    ( - 1.692e+01 1 0)
|    ( - 2.600e+01 1 0))
s>    ( QUESTION5 -1 6.779e+01 2.487e+01 7.000e+00
s>        ( - 1.692e+01 1 0)
s>        ( - 2.600e+01 1 0))INFO: dtree.c(1315): Comp split 66
INFO: dtree.c(1315): Comp split 67
INFO: dtree.c(1315): Comp split 68
INFO: dtree.c(1439): stop. leaf nodes are specific
INFO: dtree.c(1478): Final simple tree
|( QUESTION0_11_R 1 1.231e+02 3.558e+01 1.000e+01
|    ( - 5.346e+01 1 0)
|    ( - 3.403e+01 1 0))
s>    ( QUESTION0_11_R 1 1.231e+02 3.558e+01 1.000e+01
s>        ( - 5.346e+01 1 0)
s>        ( - 3.403e+01 1 0))INFO: dtree.c(1315): Comp split 69
INFO: dtree.c(1439): stop. leaf nodes are specific
INFO: dtree.c(1478): Final simple tree
|( QUESTION0_2_R 1 4.385e+01 1.735e+01 5.000e+00
|    ( - 1.849e+01 1 0)
|    ( - 8.000e+00 1 0))
s>    ( QUESTION0_2_R 1 4.385e+01 1.735e+01 5.000e+00
s>        ( - 1.849e+01 1 0)
s>        ( - 8.000e+00 1 0))INFO: dtree.c(1315): Comp split 70
INFO: dtree.c(1315): Comp split 71
INFO: dtree.c(1315): Comp split 72
INFO: dtree.c(1315): Comp split 73
INFO: dtree.c(1315): Comp split 74
INFO: dtree.c(1315): Comp split 75
INFO: dtree.c(1315): Comp split 76
INFO: dtree.c(1315): Comp split 77
INFO: dtree.c(1315): Comp split 78
INFO: dtree.c(1318): stop. leaf nodes are specific
Fri Nov  2 10:07:47 2018
