Current configuration:
[NAME]		[DEFLT]	[VALUE]
-allphones	no	no
-cntthresh	0.00001	1.000000e-05
-csplitmax	100	2000
-csplitmin	1	1
-csplitthr	8e-4	0.000000e+00
-example	no	no
-fullvar	no	no
-help		no	no
-meanfn			
-mixwfn			/home/sdv/Documents/SDV/SDVoice/an4/model_parameters/an4.cd_semi_untied/mixture_weights
-moddeffn		/home/sdv/Documents/SDV/SDVoice/an4/model_architecture/an4.untied.mdef
-mwfloor	1e-4	1.000000e-08
-phone			T
-psetfn			/home/sdv/Documents/SDV/SDVoice/an4/model_architecture/an4.tree_questions
-ssplitmax	5	7
-ssplitmin	1	1
-ssplitthr	8e-4	0.000000e+00
-state			1
-stwt			1.0,0.05,0.0,
-treefn			/home/sdv/Documents/SDV/SDVoice/an4/trees/an4.unpruned/T-1.dtree
-ts2cbfn	.semi.	.semi.
-varfloor	0.00001	1.000000e-05
-varfn			

INFO: main.c(223): Reading: /home/sdv/Documents/SDV/SDVoice/an4/model_architecture/an4.untied.mdef
INFO: model_def_io.c(573): Model definition info:
INFO: model_def_io.c(574): 1618 total models defined (34 base, 1584 tri)
INFO: model_def_io.c(575): 6472 total states
INFO: model_def_io.c(576): 4854 total tied states
INFO: model_def_io.c(577): 102 total tied CI states
INFO: model_def_io.c(578): 34 total tied transition matrices
INFO: model_def_io.c(579): 4 max state/model
INFO: model_def_io.c(580): 4 min state/model
INFO: main.c(242): Building trees for [T AH IY b] through [T V W b]
INFO: main.c(269): Covering states |[4080 4361]| == 282
INFO: main.c(275): Reading: /home/sdv/Documents/SDV/SDVoice/an4/model_parameters/an4.cd_semi_untied/mixture_weights
INFO: s3mixw_io.c(173): Read /home/sdv/Documents/SDV/SDVoice/an4/model_parameters/an4.cd_semi_untied/mixture_weights [282x4x256 array]
INFO: main.c(311): 94 of 94 models have observation count greater than 0.000010
INFO: main.c(95): nrm stwt: 0.045 0.909 0.045 
INFO: main.c(411): 94-class entropy: 5.463128e+04
INFO: main.c(549): Reading: /home/sdv/Documents/SDV/SDVoice/an4/model_architecture/an4.tree_questions
INFO: main.c(588): 176 total simple questions (168 phone; 8 word bndry)
INFO: main.c(590): 42 Left Only questions, and 42 Right Only questions
INFO: dtree.c(1478): Final simple tree
|( WDBNDRY_B 0 7.520e+04 2.120e+03 2.950e+03
|    ( QUESTION14 1 4.664e+04 1.481e+03 1.952e+03
|        ( - 1.825e+04 16 0 QUESTION15 -1 4.988e+02 7.862e+02)
|        ( QUESTION0 1 2.691e+04 9.269e+02 1.166e+03
|            ( - 2.206e+04 16 0 QUESTION2_9_L -1 5.431e+02 9.850e+02)
|            ( - 3.920e+03 19 0 QUESTION0_0_R 1 3.004e+02 1.809e+02)))
|    ( WDBNDRY_E 0 2.643e+04 1.308e+03 9.983e+02
|        ( SILENCE 1 1.311e+04 6.543e+02 4.829e+02
|            ( - 4.443e+03 3 0 QUESTION0 -1 2.894e+02 1.835e+02)
|            ( QUESTION0_20_R 1 8.008e+03 5.500e+02 2.994e+02
|                ( - 3.726e+03 8 0 QUESTION11 1 3.108e+02 1.494e+02)
|                ( - 3.732e+03 21 0 QUESTION0 1 3.888e+02 1.500e+02)))
|        ( QUESTION11 -1 1.202e+04 7.396e+02 5.154e+02
|            ( - 5.910e+03 4 0 QUESTION14 1 4.509e+02 2.745e+02)
|            ( - 5.370e+03 7 0 QUESTION7 -1 4.157e+02 2.408e+02))))
s>    ( WDBNDRY_B 0 7.520e+04 2.120e+03 2.950e+03
s>        ( QUESTION14 1 4.664e+04 1.481e+03 1.952e+03
s>            ( - 1.825e+04 16 0 QUESTION15 -1 4.988e+02 7.862e+02)
s>            ( QUESTION0 1 2.691e+04 9.269e+02 1.166e+03
s>                ( - 2.206e+04 16 0 QUESTION2_9_L -1 5.431e+02 9.850e+02)
s>                ( - 3.920e+03 19 0 QUESTION0_0_R 1 3.004e+02 1.809e+02)))
s>        ( WDBNDRY_E 0 2.643e+04 1.308e+03 9.983e+02
s>            ( SILENCE 1 1.311e+04 6.543e+02 4.829e+02
s>                ( - 4.443e+03 3 0 QUESTION0 -1 2.894e+02 1.835e+02)
s>                ( QUESTION0_20_R 1 8.008e+03 5.500e+02 2.994e+02
s>                    ( - 3.726e+03 8 0 QUESTION11 1 3.108e+02 1.494e+02)
s>                    ( - 3.732e+03 21 0 QUESTION0 1 3.888e+02 1.500e+02)))
s>            ( QUESTION11 -1 1.202e+04 7.396e+02 5.154e+02
s>                ( - 5.910e+03 4 0 QUESTION14 1 4.509e+02 2.745e+02)
s>                ( - 5.370e+03 7 0 QUESTION7 -1 4.157e+02 2.408e+02))))INFO: dtree.c(1315): Comp split 0
INFO: dtree.c(1478): Final simple tree
|( QUESTION11 -1 2.500e+04 1.223e+03 9.383e+02
|    ( QUESTION14 1 6.467e+03 5.118e+02 2.925e+02
|        ( QUESTION2_11_L -1 4.602e+03 3.245e+02 2.248e+02
|            ( - 2.462e+03 1 0)
|            ( - 1.816e+03 1 0))
|        ( - 1.353e+03 7 0 QUESTION0_4_R 1 1.854e+02 6.777e+01))
|    ( QUESTION13 1 1.731e+04 8.544e+02 6.458e+02
|        ( WDBNDRY_B 0 5.774e+03 5.232e+02 2.409e+02
|            ( - 3.673e+03 17 0 QUESTION0_0_R 1 2.943e+02 1.719e+02)
|            ( - 1.578e+03 11 0 QUESTION0_0_R 1 2.224e+02 6.899e+01))
|        ( SILENCE 1 1.068e+04 5.917e+02 4.049e+02
|            ( - 4.443e+03 3 0 QUESTION0 -1 2.894e+02 1.835e+02)
|            ( QUESTION11 1 5.647e+03 4.387e+02 2.214e+02
|                ( - 2.468e+03 5 0 QUESTION0 -1 1.382e+02 1.051e+02)
|                ( - 2.740e+03 10 0 QUESTION0_10_R 1 3.005e+02 1.164e+02)))))
s>    ( QUESTION11 -1 2.500e+04 1.223e+03 9.383e+02
s>        ( QUESTION14 1 6.467e+03 5.118e+02 2.925e+02
s>            ( QUESTION2_11_L -1 4.602e+03 3.245e+02 2.248e+02
s>                ( - 2.462e+03 1 0)
s>                ( - 1.816e+03 1 0))
s>            ( - 1.353e+03 7 0 QUESTION0_4_R 1 1.854e+02 6.777e+01))
s>        ( QUESTION13 1 1.731e+04 8.544e+02 6.458e+02
s>            ( WDBNDRY_B 0 5.774e+03 5.232e+02 2.409e+02
s>                ( - 3.673e+03 17 0 QUESTION0_0_R 1 2.943e+02 1.719e+02)
s>                ( - 1.578e+03 11 0 QUESTION0_0_R 1 2.224e+02 6.899e+01))
s>            ( SILENCE 1 1.068e+04 5.917e+02 4.049e+02
s>                ( - 4.443e+03 3 0 QUESTION0 -1 2.894e+02 1.835e+02)
s>                ( QUESTION11 1 5.647e+03 4.387e+02 2.214e+02
s>                    ( - 2.468e+03 5 0 QUESTION0 -1 1.382e+02 1.051e+02)
s>                    ( - 2.740e+03 10 0 QUESTION0_10_R 1 3.005e+02 1.164e+02)))))INFO: dtree.c(1478): Final simple tree
|( QUESTION14 1 4.794e+04 1.456e+03 2.012e+03
|    ( WDBNDRY_B 0 2.382e+04 7.841e+02 1.004e+03
|        ( QUESTION15 -1 1.825e+04 4.988e+02 7.862e+02
|            ( - 5.802e+03 4 0 QUESTION2_4_L -1 2.761e+02 2.654e+02)
|            ( QUESTION2_7_L -1 1.195e+04 4.235e+02 5.208e+02
|                ( - 8.600e+03 7 0 QUESTION0 -1 3.171e+02 3.829e+02)
|                ( - 2.928e+03 5 0 QUESTION2_12_L -1 2.514e+02 1.378e+02)))
|        ( QUESTION7 -1 4.782e+03 4.144e+02 2.178e+02
|            ( - 2.443e+03 1 0)
|            ( - 1.925e+03 3 0 QUESTION0 -1 2.422e+02 9.111e+01)))
|    ( QUESTION2_9_L -1 2.266e+04 5.477e+02 1.008e+03
|        ( - 8.227e+03 8 0 QUESTION7 -1 3.578e+02 3.883e+02)
|        ( QUESTION0 -1 1.389e+04 4.637e+02 6.197e+02
|            ( - 7.757e+03 6 0 QUESTION1 -1 3.105e+02 3.554e+02)
|            ( - 5.668e+03 5 0 QUESTION14 -1 2.905e+02 2.643e+02))))
s>    ( QUESTION14 1 4.794e+04 1.456e+03 2.012e+03
s>        ( WDBNDRY_B 0 2.382e+04 7.841e+02 1.004e+03
s>            ( QUESTION15 -1 1.825e+04 4.988e+02 7.862e+02
s>                ( - 5.802e+03 4 0 QUESTION2_4_L -1 2.761e+02 2.654e+02)
s>                ( QUESTION2_7_L -1 1.195e+04 4.235e+02 5.208e+02
s>                    ( - 8.600e+03 7 0 QUESTION0 -1 3.171e+02 3.829e+02)
s>                    ( - 2.928e+03 5 0 QUESTION2_12_L -1 2.514e+02 1.378e+02)))
s>            ( QUESTION7 -1 4.782e+03 4.144e+02 2.178e+02
s>                ( - 2.443e+03 1 0)
s>                ( - 1.925e+03 3 0 QUESTION0 -1 2.422e+02 9.111e+01)))
s>        ( QUESTION2_9_L -1 2.266e+04 5.477e+02 1.008e+03
s>            ( - 8.227e+03 8 0 QUESTION7 -1 3.578e+02 3.883e+02)
s>            ( QUESTION0 -1 1.389e+04 4.637e+02 6.197e+02
s>                ( - 7.757e+03 6 0 QUESTION1 -1 3.105e+02 3.554e+02)
s>                ( - 5.668e+03 5 0 QUESTION14 -1 2.905e+02 2.643e+02))))INFO: dtree.c(1315): Comp split 1
INFO: dtree.c(1478): Final simple tree
|( WDBNDRY_B 0 2.382e+04 7.841e+02 1.004e+03
|    ( QUESTION15 -1 1.825e+04 4.988e+02 7.862e+02
|        ( QUESTION2_4_L -1 5.802e+03 2.761e+02 2.654e+02
|            ( - 4.206e+03 1 0)
|            ( - 1.320e+03 3 0 QUESTION16 -1 1.365e+02 6.801e+01))
|        ( QUESTION2_7_L -1 1.195e+04 4.235e+02 5.208e+02
|            ( QUESTION0 -1 8.600e+03 3.171e+02 3.829e+02
|                ( - 2.128e+03 5 0 QUESTION7 -1 2.275e+02 1.052e+02)
|                ( - 6.155e+03 2 0))
|            ( QUESTION2_12_L -1 2.928e+03 2.514e+02 1.378e+02
|                ( - 1.364e+03 1 0)
|                ( - 1.312e+03 4 0 SILENCE -1 1.286e+02 6.774e+01))))
|    ( QUESTION7 -1 4.782e+03 4.144e+02 2.178e+02
|        ( - 2.443e+03 1 0)
|        ( - 1.925e+03 3 0 QUESTION0 -1 2.422e+02 9.111e+01)))
s>    ( WDBNDRY_B 0 2.382e+04 7.841e+02 1.004e+03
s>        ( QUESTION15 -1 1.825e+04 4.988e+02 7.862e+02
s>            ( QUESTION2_4_L -1 5.802e+03 2.761e+02 2.654e+02
s>                ( - 4.206e+03 1 0)
s>                ( - 1.320e+03 3 0 QUESTION16 -1 1.365e+02 6.801e+01))
s>            ( QUESTION2_7_L -1 1.195e+04 4.235e+02 5.208e+02
s>                ( QUESTION0 -1 8.600e+03 3.171e+02 3.829e+02
s>                    ( - 2.128e+03 5 0 QUESTION7 -1 2.275e+02 1.052e+02)
s>                    ( - 6.155e+03 2 0))
s>                ( QUESTION2_12_L -1 2.928e+03 2.514e+02 1.378e+02
s>                    ( - 1.364e+03 1 0)
s>                    ( - 1.312e+03 4 0 SILENCE -1 1.286e+02 6.774e+01))))
s>        ( QUESTION7 -1 4.782e+03 4.144e+02 2.178e+02
s>            ( - 2.443e+03 1 0)
s>            ( - 1.925e+03 3 0 QUESTION0 -1 2.422e+02 9.111e+01)))INFO: dtree.c(1478): Final simple tree
|( QUESTION2_9_L -1 2.266e+04 5.477e+02 1.008e+03
|    ( QUESTION7 -1 8.227e+03 3.578e+02 3.883e+02
|        ( - 2.660e+03 2 0 QUESTION8 -1 6.361e+01 1.377e+02)
|        ( QUESTION1 -1 5.209e+03 2.206e+02 2.507e+02
|            ( - 3.690e+03 2 0)
|            ( - 1.298e+03 4 0 QUESTION16 -1 1.383e+02 6.696e+01)))
|    ( QUESTION0 -1 1.389e+04 4.637e+02 6.197e+02
|        ( QUESTION1 -1 7.757e+03 3.105e+02 3.554e+02
|            ( - 5.666e+03 1 0)
|            ( QUESTION11 -1 1.781e+03 1.927e+02 8.366e+01
|                ( - 8.346e+02 2 0 QUESTION2_11_L -1 8.108e+01 4.366e+01)
|                ( - 7.539e+02 3 0 WDBNDRY_B 0 1.304e+02 4.000e+01)))
|        ( QUESTION14 -1 5.668e+03 2.905e+02 2.643e+02
|            ( - 3.463e+03 3 0 WDBNDRY_B 0 5.583e+01 1.640e+02)
|            ( - 1.915e+03 2 0 SILENCE -1 6.925e+01 1.003e+02))))
s>    ( QUESTION2_9_L -1 2.266e+04 5.477e+02 1.008e+03
s>        ( QUESTION7 -1 8.227e+03 3.578e+02 3.883e+02
s>            ( - 2.660e+03 2 0 QUESTION8 -1 6.361e+01 1.377e+02)
s>            ( QUESTION1 -1 5.209e+03 2.206e+02 2.507e+02
s>                ( - 3.690e+03 2 0)
s>                ( - 1.298e+03 4 0 QUESTION16 -1 1.383e+02 6.696e+01)))
s>        ( QUESTION0 -1 1.389e+04 4.637e+02 6.197e+02
s>            ( QUESTION1 -1 7.757e+03 3.105e+02 3.554e+02
s>                ( - 5.666e+03 1 0)
s>                ( QUESTION11 -1 1.781e+03 1.927e+02 8.366e+01
s>                    ( - 8.346e+02 2 0 QUESTION2_11_L -1 8.108e+01 4.366e+01)
s>                    ( - 7.539e+02 3 0 WDBNDRY_B 0 1.304e+02 4.000e+01)))
s>            ( QUESTION14 -1 5.668e+03 2.905e+02 2.643e+02
s>                ( - 3.463e+03 3 0 WDBNDRY_B 0 5.583e+01 1.640e+02)
s>                ( - 1.915e+03 2 0 SILENCE -1 6.925e+01 1.003e+02))))INFO: dtree.c(1315): Comp split 2
INFO: dtree.c(1478): Final simple tree
|( WDBNDRY_B 0 1.514e+04 7.895e+02 5.768e+02
|    ( QUESTION0_0_R 1 3.673e+03 2.943e+02 1.719e+02
|        ( QUESTION1 -1 2.564e+03 1.995e+02 1.279e+02
|            ( - 1.043e+03 5 0 QUESTION2 -1 1.353e+02 5.886e+01)
|            ( - 1.321e+03 7 0 QUESTION2_7_L -1 1.448e+02 6.900e+01))
|        ( - 8.148e+02 5 0 QUESTION2_7_L -1 1.153e+02 4.401e+01))
|    ( SILENCE 1 1.068e+04 5.917e+02 4.049e+02
|        ( QUESTION0 -1 4.443e+03 2.894e+02 1.835e+02
|            ( - 4.420e+02 1 0)
|            ( - 3.712e+03 2 0))
|        ( QUESTION11 1 5.647e+03 4.387e+02 2.214e+02
|            ( - 2.468e+03 5 0 QUESTION0 -1 1.382e+02 1.051e+02)
|            ( QUESTION0_10_R 1 2.740e+03 3.005e+02 1.164e+02
|                ( - 1.241e+03 6 0 QUESTION0 -1 1.550e+02 6.201e+01)
|                ( - 1.198e+03 4 0 QUESTION1 1 1.730e+02 5.437e+01)))))
s>    ( WDBNDRY_B 0 1.514e+04 7.895e+02 5.768e+02
s>        ( QUESTION0_0_R 1 3.673e+03 2.943e+02 1.719e+02
s>            ( QUESTION1 -1 2.564e+03 1.995e+02 1.279e+02
s>                ( - 1.043e+03 5 0 QUESTION2 -1 1.353e+02 5.886e+01)
s>                ( - 1.321e+03 7 0 QUESTION2_7_L -1 1.448e+02 6.900e+01))
s>            ( - 8.148e+02 5 0 QUESTION2_7_L -1 1.153e+02 4.401e+01))
s>        ( SILENCE 1 1.068e+04 5.917e+02 4.049e+02
s>            ( QUESTION0 -1 4.443e+03 2.894e+02 1.835e+02
s>                ( - 4.420e+02 1 0)
s>                ( - 3.712e+03 2 0))
s>            ( QUESTION11 1 5.647e+03 4.387e+02 2.214e+02
s>                ( - 2.468e+03 5 0 QUESTION0 -1 1.382e+02 1.051e+02)
s>                ( QUESTION0_10_R 1 2.740e+03 3.005e+02 1.164e+02
s>                    ( - 1.241e+03 6 0 QUESTION0 -1 1.550e+02 6.201e+01)
s>                    ( - 1.198e+03 4 0 QUESTION1 1 1.730e+02 5.437e+01)))))INFO: dtree.c(1478): Final simple tree
|( QUESTION0_8_R 1 8.627e+03 6.907e+02 3.615e+02
|    ( QUESTION2_11_L -1 5.300e+03 3.776e+02 2.478e+02
|        ( QUESTION14 1 2.669e+03 1.231e+02 1.354e+02
|            ( - 2.462e+03 1 0)
|            ( - 8.426e+01 2 0 WDBNDRY_B 0 1.663e+01 7.000e+00))
|        ( WDBNDRY_I 0 2.253e+03 1.650e+02 1.123e+02
|            ( - 1.816e+03 1 0)
|            ( - 2.719e+02 4 0 QUESTION14 1 5.783e+01 1.600e+01)))
|    ( QUESTION0_4_R 1 2.637e+03 3.370e+02 1.138e+02
|        ( WDBNDRY_E 0 1.379e+03 1.880e+02 6.978e+01
|            ( - 3.614e+02 4 0 QUESTION0 -1 7.862e+01 2.100e+01)
|            ( - 8.299e+02 1 0))
|        ( QUESTION1 -1 9.207e+02 1.536e+02 4.399e+01
|            ( - 4.239e+02 3 0 QUESTION0_12_R 1 7.509e+01 2.499e+01)
|            ( - 3.432e+02 4 0 QUESTION0_11_R 1 7.197e+01 1.900e+01))))
s>    ( QUESTION0_8_R 1 8.627e+03 6.907e+02 3.615e+02
s>        ( QUESTION2_11_L -1 5.300e+03 3.776e+02 2.478e+02
s>            ( QUESTION14 1 2.669e+03 1.231e+02 1.354e+02
s>                ( - 2.462e+03 1 0)
s>                ( - 8.426e+01 2 0 WDBNDRY_B 0 1.663e+01 7.000e+00))
s>            ( WDBNDRY_I 0 2.253e+03 1.650e+02 1.123e+02
s>                ( - 1.816e+03 1 0)
s>                ( - 2.719e+02 4 0 QUESTION14 1 5.783e+01 1.600e+01)))
s>        ( QUESTION0_4_R 1 2.637e+03 3.370e+02 1.138e+02
s>            ( WDBNDRY_E 0 1.379e+03 1.880e+02 6.978e+01
s>                ( - 3.614e+02 4 0 QUESTION0 -1 7.862e+01 2.100e+01)
s>                ( - 8.299e+02 1 0))
s>            ( QUESTION1 -1 9.207e+02 1.536e+02 4.399e+01
s>                ( - 4.239e+02 3 0 QUESTION0_12_R 1 7.509e+01 2.499e+01)
s>                ( - 3.432e+02 4 0 QUESTION0_11_R 1 7.197e+01 1.900e+01))))INFO: dtree.c(1315): Comp split 3
INFO: dtree.c(1478): Final simple tree
|( QUESTION0_9_R 1 6.000e+03 4.765e+02 2.609e+02
|    ( QUESTION2_9_L -1 2.274e+03 2.193e+02 1.060e+02
|        ( QUESTION0_16_R 1 8.771e+02 1.261e+02 4.701e+01
|            ( - 3.565e+02 4 0 QUESTION0_18_R 1 6.933e+01 2.200e+01)
|            ( - 3.945e+02 3 0 QUESTION2 -1 6.831e+01 2.501e+01))
|        ( WDBNDRY_B 0 1.177e+03 1.463e+02 5.901e+01
|            ( - 4.462e+02 3 0 SILENCE -1 7.785e+01 2.600e+01)
|            ( - 5.851e+02 1 0)))
|    ( QUESTION3 -1 3.250e+03 2.567e+02 1.549e+02
|        ( - 7.907e+02 3 0 WDBNDRY_B 0 1.199e+02 4.300e+01)
|        ( QUESTION2_7_L -1 2.203e+03 1.948e+02 1.119e+02
|            ( QUESTION1 -1 1.252e+03 1.413e+02 6.686e+01
|                ( - 4.317e+02 1 0)
|                ( - 6.789e+02 4 0 QUESTION14 -1 9.021e+01 3.700e+01))
|            ( - 7.558e+02 5 0 QUESTION0 -1 1.140e+02 4.500e+01))))
s>    ( QUESTION0_9_R 1 6.000e+03 4.765e+02 2.609e+02
s>        ( QUESTION2_9_L -1 2.274e+03 2.193e+02 1.060e+02
s>            ( QUESTION0_16_R 1 8.771e+02 1.261e+02 4.701e+01
s>                ( - 3.565e+02 4 0 QUESTION0_18_R 1 6.933e+01 2.200e+01)
s>                ( - 3.945e+02 3 0 QUESTION2 -1 6.831e+01 2.501e+01))
s>            ( WDBNDRY_B 0 1.177e+03 1.463e+02 5.901e+01
s>                ( - 4.462e+02 3 0 SILENCE -1 7.785e+01 2.600e+01)
s>                ( - 5.851e+02 1 0)))
s>        ( QUESTION3 -1 3.250e+03 2.567e+02 1.549e+02
s>            ( - 7.907e+02 3 0 WDBNDRY_B 0 1.199e+02 4.300e+01)
s>            ( QUESTION2_7_L -1 2.203e+03 1.948e+02 1.119e+02
s>                ( QUESTION1 -1 1.252e+03 1.413e+02 6.686e+01
s>                    ( - 4.317e+02 1 0)
s>                    ( - 6.789e+02 4 0 QUESTION14 -1 9.021e+01 3.700e+01))
s>                ( - 7.558e+02 5 0 QUESTION0 -1 1.140e+02 4.500e+01))))INFO: dtree.c(1439): stop. leaf nodes are specific
INFO: dtree.c(1478): Final simple tree
|( SILENCE 1 8.297e+03 5.711e+02 3.159e+02
|    ( - 3.712e+03 2 0)
|    ( QUESTION11 1 4.014e+03 3.482e+02 1.594e+02
|        ( QUESTION0 -1 2.468e+03 1.382e+02 1.051e+02
|            ( - 1.116e+02 2 0)
|            ( - 2.218e+03 3 0))
|        ( QUESTION1 1 1.198e+03 1.730e+02 5.437e+01
|            ( QUESTION0_0_R 1 5.171e+02 9.715e+01 2.700e+01
|                ( QUESTION0_3_R 1 1.612e+02 2.947e+01 1.100e+01
|                    ( - 8.501e+00 1 0)
|                    ( - 1.233e+02 1 0))
|                ( - 2.587e+02 1 0))
|            ( - 5.080e+02 1 0))))
s>    ( SILENCE 1 8.297e+03 5.711e+02 3.159e+02
s>        ( - 3.712e+03 2 0)
s>        ( QUESTION11 1 4.014e+03 3.482e+02 1.594e+02
s>            ( QUESTION0 -1 2.468e+03 1.382e+02 1.051e+02
s>                ( - 1.116e+02 2 0)
s>                ( - 2.218e+03 3 0))
s>            ( QUESTION1 1 1.198e+03 1.730e+02 5.437e+01
s>                ( QUESTION0_0_R 1 5.171e+02 9.715e+01 2.700e+01
s>                    ( QUESTION0_3_R 1 1.612e+02 2.947e+01 1.100e+01
s>                        ( - 8.501e+00 1 0)
s>                        ( - 1.233e+02 1 0))
s>                    ( - 2.587e+02 1 0))
s>                ( - 5.080e+02 1 0))))INFO: dtree.c(1315): Comp split 4
INFO: dtree.c(1478): Final simple tree
|( QUESTION7 -1 6.424e+03 4.175e+02 2.856e+02
|    ( - 2.443e+03 1 0)
|    ( QUESTION2_9_L -1 3.564e+03 3.307e+02 1.588e+02
|        ( QUESTION0 -1 1.205e+03 5.188e+01 6.311e+01
|            ( - 1.137e+03 1 0)
|            ( - 1.599e+01 1 0))
|        ( WDBNDRY_B 0 2.029e+03 2.340e+02 9.574e+01
|            ( SILENCE -1 1.312e+03 1.286e+02 6.774e+01
|                ( - 7.600e+02 1 0)
|                ( QUESTION11 -1 4.232e+02 6.987e+01 2.500e+01
|                    ( - 2.325e+02 1 0)
|                    ( QUESTION1 -1 1.208e+02 3.315e+01 1.000e+01
|                        ( - 2.647e+01 1 0)
|                        ( - 6.117e+01 1 0))))
|            ( - 4.831e+02 1 0))))
s>    ( QUESTION7 -1 6.424e+03 4.175e+02 2.856e+02
s>        ( - 2.443e+03 1 0)
s>        ( QUESTION2_9_L -1 3.564e+03 3.307e+02 1.588e+02
s>            ( QUESTION0 -1 1.205e+03 5.188e+01 6.311e+01
s>                ( - 1.137e+03 1 0)
s>                ( - 1.599e+01 1 0))
s>            ( WDBNDRY_B 0 2.029e+03 2.340e+02 9.574e+01
s>                ( SILENCE -1 1.312e+03 1.286e+02 6.774e+01
s>                    ( - 7.600e+02 1 0)
s>                    ( QUESTION11 -1 4.232e+02 6.987e+01 2.500e+01
s>                        ( - 2.325e+02 1 0)
s>                        ( QUESTION1 -1 1.208e+02 3.315e+01 1.000e+01
s>                            ( - 2.647e+01 1 0)
s>                            ( - 6.117e+01 1 0))))
s>                ( - 4.831e+02 1 0))))INFO: dtree.c(1478): Final simple tree
|( QUESTION15 -1 1.660e+04 4.883e+02 7.185e+02
|    ( QUESTION2_4_L -1 5.802e+03 2.761e+02 2.654e+02
|        ( - 4.206e+03 1 0)
|        ( QUESTION16 -1 1.320e+03 1.365e+02 6.801e+01
|            ( - 4.833e+02 2 0)
|            ( - 7.000e+02 1 0)))
|    ( QUESTION0 -1 1.031e+04 3.756e+02 4.531e+02
|        ( QUESTION1 -1 3.780e+03 2.943e+02 1.753e+02
|            ( QUESTION2 -1 1.869e+03 2.067e+02 9.420e+01
|                ( - 9.618e+02 2 0)
|                ( - 7.008e+02 2 0 QUESTION8 -1 3.647e+01 4.120e+01))
|            ( QUESTION11 -1 1.616e+03 1.265e+02 8.111e+01
|                ( - 1.364e+03 1 0)
|                ( - 1.251e+02 1 0)))
|        ( - 6.155e+03 2 0)))
s>    ( QUESTION15 -1 1.660e+04 4.883e+02 7.185e+02
s>        ( QUESTION2_4_L -1 5.802e+03 2.761e+02 2.654e+02
s>            ( - 4.206e+03 1 0)
s>            ( QUESTION16 -1 1.320e+03 1.365e+02 6.801e+01
s>                ( - 4.833e+02 2 0)
s>                ( - 7.000e+02 1 0)))
s>        ( QUESTION0 -1 1.031e+04 3.756e+02 4.531e+02
s>            ( QUESTION1 -1 3.780e+03 2.943e+02 1.753e+02
s>                ( QUESTION2 -1 1.869e+03 2.067e+02 9.420e+01
s>                    ( - 9.618e+02 2 0)
s>                    ( - 7.008e+02 2 0 QUESTION8 -1 3.647e+01 4.120e+01))
s>                ( QUESTION11 -1 1.616e+03 1.265e+02 8.111e+01
s>                    ( - 1.364e+03 1 0)
s>                    ( - 1.251e+02 1 0)))
s>            ( - 6.155e+03 2 0)))INFO: dtree.c(1315): Comp split 5
INFO: dtree.c(1439): stop. leaf nodes are specific
INFO: dtree.c(1478): Final simple tree
|( QUESTION2_11_L -1 4.602e+03 3.245e+02 2.248e+02
|    ( - 2.462e+03 1 0)
|    ( - 1.816e+03 1 0))
s>    ( QUESTION2_11_L -1 4.602e+03 3.245e+02 2.248e+02
s>        ( - 2.462e+03 1 0)
s>        ( - 1.816e+03 1 0))INFO: dtree.c(1478): Final simple tree
|( QUESTION10 -1 3.322e+03 3.905e+02 1.368e+02
|    ( QUESTION0_4_R 1 1.353e+03 1.854e+02 6.777e+01
|        ( - 8.299e+02 1 0)
|        ( WDBNDRY_B 0 3.378e+02 7.864e+01 1.900e+01
|            ( - 1.286e+02 2 0 QUESTION2_11_L -1 3.230e+01 9.000e+00)
|            ( - 1.306e+02 4 0 QUESTION0_0_R 1 3.834e+01 9.997e+00)))
|    ( QUESTION0_0_R 1 1.578e+03 2.224e+02 6.899e+01
|        ( QUESTION0_5_R 1 6.651e+02 1.130e+02 3.400e+01
|            ( QUESTION0 -1 3.181e+02 6.928e+01 1.900e+01
|                ( - 9.962e+01 2 0)
|                ( - 1.492e+02 1 0))
|            ( - 2.340e+02 4 0 QUESTION14 1 4.398e+01 1.500e+01))
|        ( QUESTION0_12_R 1 6.908e+02 1.163e+02 3.499e+01
|            ( - 3.017e+02 3 0 QUESTION0 -1 6.625e+01 1.700e+01)
|            ( - 2.728e+02 1 0))))
s>    ( QUESTION10 -1 3.322e+03 3.905e+02 1.368e+02
s>        ( QUESTION0_4_R 1 1.353e+03 1.854e+02 6.777e+01
s>            ( - 8.299e+02 1 0)
s>            ( WDBNDRY_B 0 3.378e+02 7.864e+01 1.900e+01
s>                ( - 1.286e+02 2 0 QUESTION2_11_L -1 3.230e+01 9.000e+00)
s>                ( - 1.306e+02 4 0 QUESTION0_0_R 1 3.834e+01 9.997e+00)))
s>        ( QUESTION0_0_R 1 1.578e+03 2.224e+02 6.899e+01
s>            ( QUESTION0_5_R 1 6.651e+02 1.130e+02 3.400e+01
s>                ( QUESTION0 -1 3.181e+02 6.928e+01 1.900e+01
s>                    ( - 9.962e+01 2 0)
s>                    ( - 1.492e+02 1 0))
s>                ( - 2.340e+02 4 0 QUESTION14 1 4.398e+01 1.500e+01))
s>            ( QUESTION0_12_R 1 6.908e+02 1.163e+02 3.499e+01
s>                ( - 3.017e+02 3 0 QUESTION0 -1 6.625e+01 1.700e+01)
s>                ( - 2.728e+02 1 0))))INFO: dtree.c(1315): Comp split 6
INFO: dtree.c(1439): stop. leaf nodes are specific
INFO: dtree.c(1478): Final simple tree
|( QUESTION11 1 4.014e+03 3.482e+02 1.594e+02
|    ( QUESTION0 -1 2.468e+03 1.382e+02 1.051e+02
|        ( - 1.116e+02 2 0)
|        ( - 2.218e+03 3 0))
|    ( QUESTION1 1 1.198e+03 1.730e+02 5.437e+01
|        ( QUESTION0_0_R 1 5.171e+02 9.715e+01 2.700e+01
|            ( QUESTION0_3_R 1 1.612e+02 2.947e+01 1.100e+01
|                ( - 8.501e+00 1 0)
|                ( - 1.233e+02 1 0))
|            ( - 2.587e+02 1 0))
|        ( - 5.080e+02 1 0)))
s>    ( QUESTION11 1 4.014e+03 3.482e+02 1.594e+02
s>        ( QUESTION0 -1 2.468e+03 1.382e+02 1.051e+02
s>            ( - 1.116e+02 2 0)
s>            ( - 2.218e+03 3 0))
s>        ( QUESTION1 1 1.198e+03 1.730e+02 5.437e+01
s>            ( QUESTION0_0_R 1 5.171e+02 9.715e+01 2.700e+01
s>                ( QUESTION0_3_R 1 1.612e+02 2.947e+01 1.100e+01
s>                    ( - 8.501e+00 1 0)
s>                    ( - 1.233e+02 1 0))
s>                ( - 2.587e+02 1 0))
s>            ( - 5.080e+02 1 0)))INFO: dtree.c(1315): Comp split 7
INFO: dtree.c(1478): Final simple tree
|( QUESTION7 -1 1.033e+04 3.822e+02 4.720e+02
|    ( - 2.660e+03 2 0 QUESTION8 -1 6.361e+01 1.377e+02)
|    ( QUESTION2_7_L -1 7.292e+03 3.014e+02 3.343e+02
|        ( QUESTION1 -1 5.209e+03 2.206e+02 2.507e+02
|            ( - 3.690e+03 2 0)
|            ( QUESTION16 -1 1.298e+03 1.383e+02 6.696e+01
|                ( - 7.228e+02 2 0)
|                ( - 4.368e+02 2 0 QUESTION0 -1 4.535e+01 2.500e+01)))
|        ( QUESTION11 -1 1.781e+03 1.927e+02 8.366e+01
|            ( QUESTION2_11_L -1 8.346e+02 8.108e+01 4.366e+01
|                ( - 5.728e+02 1 0)
|                ( - 1.808e+02 1 0))
|            ( WDBNDRY_B 0 7.539e+02 1.304e+02 4.000e+01
|                ( - 3.011e+02 1 0)
|                ( - 3.224e+02 2 0 QUESTION0_0_R 1 5.754e+01 2.100e+01)))))
s>    ( QUESTION7 -1 1.033e+04 3.822e+02 4.720e+02
s>        ( - 2.660e+03 2 0 QUESTION8 -1 6.361e+01 1.377e+02)
s>        ( QUESTION2_7_L -1 7.292e+03 3.014e+02 3.343e+02
s>            ( QUESTION1 -1 5.209e+03 2.206e+02 2.507e+02
s>                ( - 3.690e+03 2 0)
s>                ( QUESTION16 -1 1.298e+03 1.383e+02 6.696e+01
s>                    ( - 7.228e+02 2 0)
s>                    ( - 4.368e+02 2 0 QUESTION0 -1 4.535e+01 2.500e+01)))
s>            ( QUESTION11 -1 1.781e+03 1.927e+02 8.366e+01
s>                ( QUESTION2_11_L -1 8.346e+02 8.108e+01 4.366e+01
s>                    ( - 5.728e+02 1 0)
s>                    ( - 1.808e+02 1 0))
s>                ( WDBNDRY_B 0 7.539e+02 1.304e+02 4.000e+01
s>                    ( - 3.011e+02 1 0)
s>                    ( - 3.224e+02 2 0 QUESTION0_0_R 1 5.754e+01 2.100e+01)))))INFO: dtree.c(1439): stop. leaf nodes are specific
INFO: dtree.c(1478): Final simple tree
|( QUESTION0 -1 1.176e+04 4.264e+02 5.360e+02
|    ( - 5.666e+03 1 0)
|    ( QUESTION14 -1 5.668e+03 2.905e+02 2.643e+02
|        ( WDBNDRY_B 0 3.463e+03 5.583e+01 1.640e+02
|            ( - 3.403e+03 2 0)
|            ( - 3.904e+00 1 0))
|        ( SILENCE -1 1.915e+03 6.925e+01 1.003e+02
|            ( - 1.784e+03 1 0)
|            ( - 6.158e+01 1 0))))
s>    ( QUESTION0 -1 1.176e+04 4.264e+02 5.360e+02
s>        ( - 5.666e+03 1 0)
s>        ( QUESTION14 -1 5.668e+03 2.905e+02 2.643e+02
s>            ( WDBNDRY_B 0 3.463e+03 5.583e+01 1.640e+02
s>                ( - 3.403e+03 2 0)
s>                ( - 3.904e+00 1 0))
s>            ( SILENCE -1 1.915e+03 6.925e+01 1.003e+02
s>                ( - 1.784e+03 1 0)
s>                ( - 6.158e+01 1 0))))INFO: dtree.c(1315): Comp split 8
INFO: dtree.c(1439): stop. leaf nodes are specific
INFO: dtree.c(1478): Final simple tree
|( QUESTION2_4_L -1 7.266e+03 3.416e+02 3.294e+02
|    ( - 4.206e+03 1 0)
|    ( QUESTION0 -1 2.718e+03 1.984e+02 1.320e+02
|        ( QUESTION1 -1 1.200e+03 1.130e+02 6.400e+01
|            ( - 9.618e+02 2 0)
|            ( - 1.251e+02 1 0))
|        ( QUESTION16 -1 1.320e+03 1.365e+02 6.801e+01
|            ( - 4.833e+02 2 0)
|            ( - 7.000e+02 1 0))))
s>    ( QUESTION2_4_L -1 7.266e+03 3.416e+02 3.294e+02
s>        ( - 4.206e+03 1 0)
s>        ( QUESTION0 -1 2.718e+03 1.984e+02 1.320e+02
s>            ( QUESTION1 -1 1.200e+03 1.130e+02 6.400e+01
s>                ( - 9.618e+02 2 0)
s>                ( - 1.251e+02 1 0))
s>            ( QUESTION16 -1 1.320e+03 1.365e+02 6.801e+01
s>                ( - 4.833e+02 2 0)
s>                ( - 7.000e+02 1 0))))INFO: dtree.c(1439): stop. leaf nodes are specific
INFO: dtree.c(1478): Final simple tree
|( QUESTION0 -1 8.825e+03 3.619e+02 3.891e+02
|    ( QUESTION1 -1 2.308e+03 2.432e+02 1.113e+02
|        ( QUESTION8 -1 7.008e+02 3.647e+01 4.120e+01
|            ( - 2.632e+01 1 0)
|            ( - 6.380e+02 1 0))
|        ( - 1.364e+03 1 0))
|    ( - 6.155e+03 2 0))
s>    ( QUESTION0 -1 8.825e+03 3.619e+02 3.891e+02
s>        ( QUESTION1 -1 2.308e+03 2.432e+02 1.113e+02
s>            ( QUESTION8 -1 7.008e+02 3.647e+01 4.120e+01
s>                ( - 2.632e+01 1 0)
s>                ( - 6.380e+02 1 0))
s>            ( - 1.364e+03 1 0))
s>        ( - 6.155e+03 2 0))INFO: dtree.c(1315): Comp split 9
INFO: dtree.c(1478): Final simple tree
|( QUESTION3 -1 3.250e+03 2.567e+02 1.549e+02
|    ( WDBNDRY_B 0 7.907e+02 1.199e+02 4.300e+01
|        ( - 2.288e+02 2 0)
|        ( - 4.420e+02 1 0))
|    ( QUESTION2_7_L -1 2.203e+03 1.948e+02 1.119e+02
|        ( QUESTION1 -1 1.252e+03 1.413e+02 6.686e+01
|            ( - 4.317e+02 1 0)
|            ( QUESTION14 -1 6.789e+02 9.021e+01 3.700e+01
|                ( - 3.796e+02 2 0)
|                ( - 2.091e+02 2 0 QUESTION0 -1 4.163e+01 1.500e+01)))
|        ( QUESTION0 -1 7.558e+02 1.140e+02 4.500e+01
|            ( QUESTION2_17_L -1 3.403e+02 6.587e+01 2.200e+01
|                ( - 1.150e+02 1 0)
|                ( - 1.594e+02 2 0 QUESTION1 -1 3.078e+01 1.200e+01))
|            ( - 3.016e+02 2 0 SILENCE -1 4.734e+01 2.300e+01))))
s>    ( QUESTION3 -1 3.250e+03 2.567e+02 1.549e+02
s>        ( WDBNDRY_B 0 7.907e+02 1.199e+02 4.300e+01
s>            ( - 2.288e+02 2 0)
s>            ( - 4.420e+02 1 0))
s>        ( QUESTION2_7_L -1 2.203e+03 1.948e+02 1.119e+02
s>            ( QUESTION1 -1 1.252e+03 1.413e+02 6.686e+01
s>                ( - 4.317e+02 1 0)
s>                ( QUESTION14 -1 6.789e+02 9.021e+01 3.700e+01
s>                    ( - 3.796e+02 2 0)
s>                    ( - 2.091e+02 2 0 QUESTION0 -1 4.163e+01 1.500e+01)))
s>            ( QUESTION0 -1 7.558e+02 1.140e+02 4.500e+01
s>                ( QUESTION2_17_L -1 3.403e+02 6.587e+01 2.200e+01
s>                    ( - 1.150e+02 1 0)
s>                    ( - 1.594e+02 2 0 QUESTION1 -1 3.078e+01 1.200e+01))
s>                ( - 3.016e+02 2 0 SILENCE -1 4.734e+01 2.300e+01))))INFO: dtree.c(1478): Final simple tree
|( QUESTION2_9_L -1 2.274e+03 2.193e+02 1.060e+02
|    ( QUESTION0_16_R 1 8.771e+02 1.261e+02 4.701e+01
|        ( QUESTION0_18_R 1 3.565e+02 6.933e+01 2.200e+01
|            ( - 1.112e+02 1 0)
|            ( QUESTION0_17_R 1 1.760e+02 5.042e+01 1.300e+01
|                ( - 5.607e+01 1 0)
|                ( - 6.949e+01 2 0)))
|        ( QUESTION2 -1 3.945e+02 6.831e+01 2.501e+01
|            ( - 1.110e+02 2 0 WDBNDRY_B 0 2.631e+01 9.000e+00)
|            ( - 2.153e+02 1 0)))
|    ( WDBNDRY_B 0 1.177e+03 1.463e+02 5.901e+01
|        ( SILENCE -1 4.462e+02 7.785e+01 2.600e+01
|            ( - 1.985e+02 1 0)
|            ( - 1.698e+02 2 0 QUESTION0 -1 3.857e+01 1.000e+01))
|        ( - 5.851e+02 1 0)))
s>    ( QUESTION2_9_L -1 2.274e+03 2.193e+02 1.060e+02
s>        ( QUESTION0_16_R 1 8.771e+02 1.261e+02 4.701e+01
s>            ( QUESTION0_18_R 1 3.565e+02 6.933e+01 2.200e+01
s>                ( - 1.112e+02 1 0)
s>                ( QUESTION0_17_R 1 1.760e+02 5.042e+01 1.300e+01
s>                    ( - 5.607e+01 1 0)
s>                    ( - 6.949e+01 2 0)))
s>            ( QUESTION2 -1 3.945e+02 6.831e+01 2.501e+01
s>                ( - 1.110e+02 2 0 WDBNDRY_B 0 2.631e+01 9.000e+00)
s>                ( - 2.153e+02 1 0)))
s>        ( WDBNDRY_B 0 1.177e+03 1.463e+02 5.901e+01
s>            ( SILENCE -1 4.462e+02 7.785e+01 2.600e+01
s>                ( - 1.985e+02 1 0)
s>                ( - 1.698e+02 2 0 QUESTION0 -1 3.857e+01 1.000e+01))
s>            ( - 5.851e+02 1 0)))INFO: dtree.c(1315): Comp split 10
INFO: dtree.c(1439): stop. leaf nodes are specific
INFO: dtree.c(1478): Final simple tree
|( WDBNDRY_B 0 4.035e+03 2.803e+02 1.945e+02
|    ( SILENCE -1 1.312e+03 1.286e+02 6.774e+01
|        ( - 7.600e+02 1 0)
|        ( QUESTION11 -1 4.232e+02 6.987e+01 2.500e+01
|            ( - 2.325e+02 1 0)
|            ( QUESTION1 -1 1.208e+02 3.315e+01 1.000e+01
|                ( - 2.647e+01 1 0)
|                ( - 6.117e+01 1 0))))
|    ( - 2.443e+03 1 0))
s>    ( WDBNDRY_B 0 4.035e+03 2.803e+02 1.945e+02
s>        ( SILENCE -1 1.312e+03 1.286e+02 6.774e+01
s>            ( - 7.600e+02 1 0)
s>            ( QUESTION11 -1 4.232e+02 6.987e+01 2.500e+01
s>                ( - 2.325e+02 1 0)
s>                ( QUESTION1 -1 1.208e+02 3.315e+01 1.000e+01
s>                    ( - 2.647e+01 1 0)
s>                    ( - 6.117e+01 1 0))))
s>        ( - 2.443e+03 1 0))INFO: dtree.c(1439): stop. leaf nodes are specific
INFO: dtree.c(1478): Final simple tree
|( QUESTION0 -1 1.925e+03 2.422e+02 9.111e+01
|    ( - 1.137e+03 1 0)
|    ( QUESTION14 -1 5.463e+02 4.718e+01 3.100e+01
|        ( - 4.831e+02 1 0)
|        ( - 1.599e+01 1 0)))
s>    ( QUESTION0 -1 1.925e+03 2.422e+02 9.111e+01
s>        ( - 1.137e+03 1 0)
s>        ( QUESTION14 -1 5.463e+02 4.718e+01 3.100e+01
s>            ( - 4.831e+02 1 0)
s>            ( - 1.599e+01 1 0)))INFO: dtree.c(1315): Comp split 11
INFO: dtree.c(1439): stop. leaf nodes are specific
INFO: dtree.c(1478): Final simple tree
|( SILENCE -1 5.606e+03 2.877e+02 2.623e+02
|    ( - 1.784e+03 1 0)
|    ( QUESTION14 -1 3.534e+03 6.914e+01 1.660e+02
|        ( - 3.403e+03 2 0)
|        ( - 6.158e+01 1 0)))
s>    ( SILENCE -1 5.606e+03 2.877e+02 2.623e+02
s>        ( - 1.784e+03 1 0)
s>        ( QUESTION14 -1 3.534e+03 6.914e+01 1.660e+02
s>            ( - 3.403e+03 2 0)
s>            ( - 6.158e+01 1 0)))INFO: dtree.c(1439): stop. leaf nodes are specific
INFO: dtree.c(1478): Final simple tree
|( WDBNDRY_B 0 5.727e+03 5.793e+01 2.737e+02
|    ( - 5.666e+03 1 0)
|    ( - 3.904e+00 1 0))
s>    ( WDBNDRY_B 0 5.727e+03 5.793e+01 2.737e+02
s>        ( - 5.666e+03 1 0)
s>        ( - 3.904e+00 1 0))INFO: dtree.c(1315): Comp split 12
INFO: dtree.c(1439): stop. leaf nodes are specific
INFO: dtree.c(1478): Final simple tree
|( QUESTION1 -1 5.651e+03 2.459e+02 2.693e+02
|    ( - 3.690e+03 2 0)
|    ( QUESTION0 -1 1.714e+03 1.571e+02 8.562e+01
|        ( QUESTION2_11_L -1 8.346e+02 8.108e+01 4.366e+01
|            ( - 5.728e+02 1 0)
|            ( - 1.808e+02 1 0))
|        ( - 7.228e+02 2 0)))
s>    ( QUESTION1 -1 5.651e+03 2.459e+02 2.693e+02
s>        ( - 3.690e+03 2 0)
s>        ( QUESTION0 -1 1.714e+03 1.571e+02 8.562e+01
s>            ( QUESTION2_11_L -1 8.346e+02 8.108e+01 4.366e+01
s>                ( - 5.728e+02 1 0)
s>                ( - 1.808e+02 1 0))
s>            ( - 7.228e+02 2 0)))INFO: dtree.c(1439): stop. leaf nodes are specific
INFO: dtree.c(1478): Final simple tree
|( QUESTION1 -1 4.271e+03 2.717e+02 2.027e+02
|    ( QUESTION8 -1 2.660e+03 6.361e+01 1.377e+02
|        ( - 4.288e+01 1 0)
|        ( - 2.553e+03 1 0))
|    ( QUESTION2_7_L -1 1.339e+03 1.486e+02 6.500e+01
|        ( QUESTION0 -1 4.368e+02 4.535e+01 2.500e+01
|            ( - 2.895e+01 1 0)
|            ( - 3.625e+02 1 0))
|        ( WDBNDRY_B 0 7.539e+02 1.304e+02 4.000e+01
|            ( - 3.011e+02 1 0)
|            ( QUESTION0_0_R 1 3.224e+02 5.754e+01 2.100e+01
|                ( - 6.094e+01 1 0)
|                ( - 2.040e+02 1 0)))))
s>    ( QUESTION1 -1 4.271e+03 2.717e+02 2.027e+02
s>        ( QUESTION8 -1 2.660e+03 6.361e+01 1.377e+02
s>            ( - 4.288e+01 1 0)
s>            ( - 2.553e+03 1 0))
s>        ( QUESTION2_7_L -1 1.339e+03 1.486e+02 6.500e+01
s>            ( QUESTION0 -1 4.368e+02 4.535e+01 2.500e+01
s>                ( - 2.895e+01 1 0)
s>                ( - 3.625e+02 1 0))
s>            ( WDBNDRY_B 0 7.539e+02 1.304e+02 4.000e+01
s>                ( - 3.011e+02 1 0)
s>                ( QUESTION0_0_R 1 3.224e+02 5.754e+01 2.100e+01
s>                    ( - 6.094e+01 1 0)
s>                    ( - 2.040e+02 1 0)))))INFO: dtree.c(1315): Comp split 13
INFO: dtree.c(1439): stop. leaf nodes are specific
INFO: dtree.c(1478): Final simple tree
|( WDBNDRY_E 0 1.375e+03 1.861e+02 6.977e+01
|    ( QUESTION0_4_R 1 3.331e+02 7.209e+01 2.000e+01
|        ( - 1.492e+02 1 0)
|        ( QUESTION0_10_R 1 1.118e+02 3.273e+01 8.997e+00
|            ( - 4.168e+01 1 0)
|            ( QUESTION0_0_R 1 3.736e+01 1.432e+01 4.000e+00
|                ( - 2.223e+01 1 0)
|                ( - 8.182e-01 1 0))))
|    ( QUESTION0_1_R 1 8.562e+02 2.636e+01 4.978e+01
|        ( - 8.299e+02 1 0)
|        ( - 0.000e+00 1 0)))
s>    ( WDBNDRY_E 0 1.375e+03 1.861e+02 6.977e+01
s>        ( QUESTION0_4_R 1 3.331e+02 7.209e+01 2.000e+01
s>            ( - 1.492e+02 1 0)
s>            ( QUESTION0_10_R 1 1.118e+02 3.273e+01 8.997e+00
s>                ( - 4.168e+01 1 0)
s>                ( QUESTION0_0_R 1 3.736e+01 1.432e+01 4.000e+00
s>                    ( - 2.223e+01 1 0)
s>                    ( - 8.182e-01 1 0))))
s>        ( QUESTION0_1_R 1 8.562e+02 2.636e+01 4.978e+01
s>            ( - 8.299e+02 1 0)
s>            ( - 0.000e+00 1 0)))INFO: dtree.c(1478): Final simple tree
|( QUESTION0_0_R 1 1.554e+03 2.115e+02 6.699e+01
|    ( QUESTION14 1 6.516e+02 1.116e+02 3.200e+01
|        ( - 1.611e+02 2 0)
|        ( QUESTION0_1_R 1 3.789e+02 8.398e+01 2.100e+01
|            ( - 1.336e+02 3 0 QUESTION0_5_R 1 2.559e+01 1.000e+01)
|            ( QUESTION2_11_L -1 1.613e+02 4.075e+01 1.100e+01
|                ( - 6.763e+01 1 0)
|                ( - 5.292e+01 2 0 WDBNDRY_B 0 1.993e+01 5.000e+00))))
|    ( QUESTION0_12_R 1 6.908e+02 1.163e+02 3.499e+01
|        ( QUESTION0 -1 3.017e+02 6.625e+01 1.700e+01
|            ( QUESTION14 1 7.604e+01 2.639e+01 7.000e+00
|                ( - 3.102e+01 1 0)
|                ( - 1.863e+01 1 0))
|            ( - 1.594e+02 1 0))
|        ( - 2.728e+02 1 0)))
s>    ( QUESTION0_0_R 1 1.554e+03 2.115e+02 6.699e+01
s>        ( QUESTION14 1 6.516e+02 1.116e+02 3.200e+01
s>            ( - 1.611e+02 2 0)
s>            ( QUESTION0_1_R 1 3.789e+02 8.398e+01 2.100e+01
s>                ( - 1.336e+02 3 0 QUESTION0_5_R 1 2.559e+01 1.000e+01)
s>                ( QUESTION2_11_L -1 1.613e+02 4.075e+01 1.100e+01
s>                    ( - 6.763e+01 1 0)
s>                    ( - 5.292e+01 2 0 WDBNDRY_B 0 1.993e+01 5.000e+00))))
s>        ( QUESTION0_12_R 1 6.908e+02 1.163e+02 3.499e+01
s>            ( QUESTION0 -1 3.017e+02 6.625e+01 1.700e+01
s>                ( QUESTION14 1 7.604e+01 2.639e+01 7.000e+00
s>                    ( - 3.102e+01 1 0)
s>                    ( - 1.863e+01 1 0))
s>                ( - 1.594e+02 1 0))
s>            ( - 2.728e+02 1 0)))INFO: dtree.c(1315): Comp split 14
INFO: dtree.c(1439): stop. leaf nodes are specific
INFO: dtree.c(1478): Final simple tree
|( QUESTION1 -1 2.308e+03 2.432e+02 1.113e+02
|    ( QUESTION8 -1 7.008e+02 3.647e+01 4.120e+01
|        ( - 2.632e+01 1 0)
|        ( - 6.380e+02 1 0))
|    ( - 1.364e+03 1 0))
s>    ( QUESTION1 -1 2.308e+03 2.432e+02 1.113e+02
s>        ( QUESTION8 -1 7.008e+02 3.647e+01 4.120e+01
s>            ( - 2.632e+01 1 0)
s>            ( - 6.380e+02 1 0))
s>        ( - 1.364e+03 1 0))INFO: dtree.c(1315): Comp split 15
INFO: dtree.c(1439): stop. leaf nodes are specific
INFO: dtree.c(1478): Final simple tree
|( QUESTION1 1 1.437e+03 1.980e+02 6.437e+01
|    ( QUESTION0_0_R 1 5.171e+02 9.715e+01 2.700e+01
|        ( QUESTION0_3_R 1 1.612e+02 2.947e+01 1.100e+01
|            ( - 8.501e+00 1 0)
|            ( - 1.233e+02 1 0))
|        ( - 2.587e+02 1 0))
|    ( QUESTION0 -1 7.219e+02 1.023e+02 3.737e+01
|        ( - 1.116e+02 2 0)
|        ( - 5.080e+02 1 0)))
s>    ( QUESTION1 1 1.437e+03 1.980e+02 6.437e+01
s>        ( QUESTION0_0_R 1 5.171e+02 9.715e+01 2.700e+01
s>            ( QUESTION0_3_R 1 1.612e+02 2.947e+01 1.100e+01
s>                ( - 8.501e+00 1 0)
s>                ( - 1.233e+02 1 0))
s>            ( - 2.587e+02 1 0))
s>        ( QUESTION0 -1 7.219e+02 1.023e+02 3.737e+01
s>            ( - 1.116e+02 2 0)
s>            ( - 5.080e+02 1 0)))INFO: dtree.c(1315): Comp split 16
INFO: dtree.c(1439): stop. leaf nodes are specific
INFO: dtree.c(1478): Final simple tree
|( QUESTION0 -1 2.718e+03 1.984e+02 1.320e+02
|    ( QUESTION1 -1 1.200e+03 1.130e+02 6.400e+01
|        ( - 9.618e+02 2 0)
|        ( - 1.251e+02 1 0))
|    ( QUESTION16 -1 1.320e+03 1.365e+02 6.801e+01
|        ( - 4.833e+02 2 0)
|        ( - 7.000e+02 1 0)))
s>    ( QUESTION0 -1 2.718e+03 1.984e+02 1.320e+02
s>        ( QUESTION1 -1 1.200e+03 1.130e+02 6.400e+01
s>            ( - 9.618e+02 2 0)
s>            ( - 1.251e+02 1 0))
s>        ( QUESTION16 -1 1.320e+03 1.365e+02 6.801e+01
s>            ( - 4.833e+02 2 0)
s>            ( - 7.000e+02 1 0)))INFO: dtree.c(1315): Comp split 17
INFO: dtree.c(1315): Comp split 18
INFO: dtree.c(1439): stop. leaf nodes are specific
INFO: dtree.c(1478): Final simple tree
|( QUESTION14 -1 3.534e+03 6.914e+01 1.660e+02
|    ( - 3.403e+03 2 0)
|    ( - 6.158e+01 1 0))
s>    ( QUESTION14 -1 3.534e+03 6.914e+01 1.660e+02
s>        ( - 3.403e+03 2 0)
s>        ( - 6.158e+01 1 0))INFO: dtree.c(1315): Comp split 19
INFO: dtree.c(1439): stop. leaf nodes are specific
INFO: dtree.c(1478): Final simple tree
|( WDBNDRY_B 0 1.252e+03 1.673e+02 6.400e+01
|    ( QUESTION10 -1 6.423e+02 9.424e+01 3.700e+01
|        ( QUESTION2_7_L -1 1.815e+02 3.987e+01 1.300e+01
|            ( - 2.788e+01 1 0)
|            ( - 1.138e+02 1 0))
|        ( QUESTION0 -1 3.666e+02 6.340e+01 2.400e+01
|            ( QUESTION5 -1 1.636e+02 3.377e+01 1.300e+01
|                ( - 1.479e+01 1 0)
|                ( - 1.150e+02 1 0))
|            ( - 1.396e+02 1 0)))
|    ( - 4.420e+02 1 0))
s>    ( WDBNDRY_B 0 1.252e+03 1.673e+02 6.400e+01
s>        ( QUESTION10 -1 6.423e+02 9.424e+01 3.700e+01
s>            ( QUESTION2_7_L -1 1.815e+02 3.987e+01 1.300e+01
s>                ( - 2.788e+01 1 0)
s>                ( - 1.138e+02 1 0))
s>            ( QUESTION0 -1 3.666e+02 6.340e+01 2.400e+01
s>                ( QUESTION5 -1 1.636e+02 3.377e+01 1.300e+01
s>                    ( - 1.479e+01 1 0)
s>                    ( - 1.150e+02 1 0))
s>                ( - 1.396e+02 1 0)))
s>        ( - 4.420e+02 1 0))INFO: dtree.c(1439): stop. leaf nodes are specific
INFO: dtree.c(1478): Final simple tree
|( QUESTION7 -1 1.714e+03 1.607e+02 9.086e+01
|    ( - 4.317e+02 1 0)
|    ( QUESTION14 -1 1.121e+03 1.276e+02 6.100e+01
|        ( - 3.796e+02 2 0)
|        ( QUESTION0 -1 6.143e+02 8.386e+01 3.900e+01
|            ( - 2.288e+02 2 0)
|            ( SILENCE -1 3.016e+02 4.734e+01 2.300e+01
|                ( - 1.899e+02 1 0)
|                ( - 6.441e+01 1 0)))))
s>    ( QUESTION7 -1 1.714e+03 1.607e+02 9.086e+01
s>        ( - 4.317e+02 1 0)
s>        ( QUESTION14 -1 1.121e+03 1.276e+02 6.100e+01
s>            ( - 3.796e+02 2 0)
s>            ( QUESTION0 -1 6.143e+02 8.386e+01 3.900e+01
s>                ( - 2.288e+02 2 0)
s>                ( SILENCE -1 3.016e+02 4.734e+01 2.300e+01
s>                    ( - 1.899e+02 1 0)
s>                    ( - 6.441e+01 1 0)))))INFO: dtree.c(1315): Comp split 20
INFO: dtree.c(1439): stop. leaf nodes are specific
INFO: dtree.c(1478): Final simple tree
|( WDBNDRY_B 0 2.587e+03 8.295e+01 1.327e+02
|    ( - 6.117e+01 1 0)
|    ( - 2.443e+03 1 0))
s>    ( WDBNDRY_B 0 2.587e+03 8.295e+01 1.327e+02
s>        ( - 6.117e+01 1 0)
s>        ( - 2.443e+03 1 0))INFO: dtree.c(1439): stop. leaf nodes are specific
INFO: dtree.c(1478): Final simple tree
|( SILENCE -1 1.167e+03 1.140e+02 6.174e+01
|    ( - 7.600e+02 1 0)
|    ( QUESTION1 -1 2.931e+02 3.404e+01 1.900e+01
|        ( - 2.647e+01 1 0)
|        ( - 2.325e+02 1 0)))
s>    ( SILENCE -1 1.167e+03 1.140e+02 6.174e+01
s>        ( - 7.600e+02 1 0)
s>        ( QUESTION1 -1 2.931e+02 3.404e+01 1.900e+01
s>            ( - 2.647e+01 1 0)
s>            ( - 2.325e+02 1 0)))INFO: dtree.c(1315): Comp split 21
INFO: dtree.c(1439): stop. leaf nodes are specific
INFO: dtree.c(1478): Final simple tree
|( WDBNDRY_B 0 1.251e+03 1.436e+02 6.100e+01
|    ( QUESTION0 -1 7.855e+02 1.218e+02 4.000e+01
|        ( - 3.011e+02 1 0)
|        ( - 3.625e+02 1 0))
|    ( QUESTION0_0_R 1 3.224e+02 5.754e+01 2.100e+01
|        ( - 6.094e+01 1 0)
|        ( - 2.040e+02 1 0)))
s>    ( WDBNDRY_B 0 1.251e+03 1.436e+02 6.100e+01
s>        ( QUESTION0 -1 7.855e+02 1.218e+02 4.000e+01
s>            ( - 3.011e+02 1 0)
s>            ( - 3.625e+02 1 0))
s>        ( QUESTION0_0_R 1 3.224e+02 5.754e+01 2.100e+01
s>            ( - 6.094e+01 1 0)
s>            ( - 2.040e+02 1 0)))INFO: dtree.c(1439): stop. leaf nodes are specific
INFO: dtree.c(1478): Final simple tree
|( QUESTION8 -1 2.744e+03 6.429e+01 1.417e+02
|    ( - 4.288e+01 1 0)
|    ( QUESTION1 -1 2.637e+03 5.471e+01 1.367e+02
|        ( - 2.553e+03 1 0)
|        ( - 2.895e+01 1 0)))
s>    ( QUESTION8 -1 2.744e+03 6.429e+01 1.417e+02
s>        ( - 4.288e+01 1 0)
s>        ( QUESTION1 -1 2.637e+03 5.471e+01 1.367e+02
s>            ( - 2.553e+03 1 0)
s>            ( - 2.895e+01 1 0)))INFO: dtree.c(1315): Comp split 22
INFO: dtree.c(1439): stop. leaf nodes are specific
INFO: dtree.c(1478): Final simple tree
|( QUESTION0 -1 1.714e+03 1.571e+02 8.562e+01
|    ( QUESTION2_11_L -1 8.346e+02 8.108e+01 4.366e+01
|        ( - 5.728e+02 1 0)
|        ( - 1.808e+02 1 0))
|    ( - 7.228e+02 2 0))
s>    ( QUESTION0 -1 1.714e+03 1.571e+02 8.562e+01
s>        ( QUESTION2_11_L -1 8.346e+02 8.108e+01 4.366e+01
s>            ( - 5.728e+02 1 0)
s>            ( - 1.808e+02 1 0))
s>        ( - 7.228e+02 2 0))INFO: dtree.c(1315): Comp split 23
INFO: dtree.c(1439): stop. leaf nodes are specific
INFO: dtree.c(1478): Final simple tree
|( QUESTION8 -1 7.008e+02 3.647e+01 4.120e+01
|    ( - 2.632e+01 1 0)
|    ( - 6.380e+02 1 0))
s>    ( QUESTION8 -1 7.008e+02 3.647e+01 4.120e+01
s>        ( - 2.632e+01 1 0)
s>        ( - 6.380e+02 1 0))INFO: dtree.c(1315): Comp split 24
INFO: dtree.c(1439): stop. leaf nodes are specific
INFO: dtree.c(1478): Final simple tree
|( QUESTION14 -1 5.463e+02 4.718e+01 3.100e+01
|    ( - 4.831e+02 1 0)
|    ( - 1.599e+01 1 0))
s>    ( QUESTION14 -1 5.463e+02 4.718e+01 3.100e+01
s>        ( - 4.831e+02 1 0)
s>        ( - 1.599e+01 1 0))INFO: dtree.c(1315): Comp split 25
INFO: dtree.c(1439): stop. leaf nodes are specific
INFO: dtree.c(1478): Final simple tree
|( QUESTION0 -1 1.027e+03 1.145e+02 5.602e+01
|    ( WDBNDRY_B 0 3.274e+02 5.607e+01 2.301e+01
|        ( - 2.153e+02 1 0)
|        ( - 5.607e+01 1 0))
|    ( - 5.851e+02 1 0))
s>    ( QUESTION0 -1 1.027e+03 1.145e+02 5.602e+01
s>        ( WDBNDRY_B 0 3.274e+02 5.607e+01 2.301e+01
s>            ( - 2.153e+02 1 0)
s>            ( - 5.607e+01 1 0))
s>        ( - 5.851e+02 1 0))INFO: dtree.c(1439): stop. leaf nodes are specific
INFO: dtree.c(1478): Final simple tree
|( WDBNDRY_B 0 1.010e+03 1.579e+02 5.000e+01
|    ( SILENCE -1 4.858e+02 8.065e+01 2.800e+01
|        ( - 1.985e+02 1 0)
|        ( QUESTION4 -1 2.066e+02 4.502e+01 1.200e+01
|            ( - 8.011e+01 1 0)
|            ( QUESTION0 -1 8.152e+01 2.051e+01 5.000e+00
|                ( - 9.884e+00 1 0)
|                ( - 5.112e+01 1 0))))
|    ( QUESTION0_15_R 1 3.660e+02 6.410e+01 2.200e+01
|        ( - 7.477e+01 1 0)
|        ( QUESTION0_17_R 1 2.271e+02 4.644e+01 1.500e+01
|            ( - 1.112e+02 1 0)
|            ( - 6.949e+01 2 0))))
s>    ( WDBNDRY_B 0 1.010e+03 1.579e+02 5.000e+01
s>        ( SILENCE -1 4.858e+02 8.065e+01 2.800e+01
s>            ( - 1.985e+02 1 0)
s>            ( QUESTION4 -1 2.066e+02 4.502e+01 1.200e+01
s>                ( - 8.011e+01 1 0)
s>                ( QUESTION0 -1 8.152e+01 2.051e+01 5.000e+00
s>                    ( - 9.884e+00 1 0)
s>                    ( - 5.112e+01 1 0))))
s>        ( QUESTION0_15_R 1 3.660e+02 6.410e+01 2.200e+01
s>            ( - 7.477e+01 1 0)
s>            ( QUESTION0_17_R 1 2.271e+02 4.644e+01 1.500e+01
s>                ( - 1.112e+02 1 0)
s>                ( - 6.949e+01 2 0))))INFO: dtree.c(1315): Comp split 26
INFO: dtree.c(1439): stop. leaf nodes are specific
INFO: dtree.c(1478): Final simple tree
|( QUESTION0_13_R 1 6.062e+02 1.113e+02 3.199e+01
|    ( - 2.728e+02 1 0)
|    ( WDBNDRY_B 0 2.221e+02 5.080e+01 1.400e+01
|        ( QUESTION2_11_L -1 1.286e+02 3.230e+01 9.000e+00
|            ( - 6.763e+01 1 0)
|            ( - 2.862e+01 1 0))
|        ( QUESTION0_0_R 1 4.271e+01 1.972e+01 5.000e+00
|            ( - 4.364e+00 1 0)
|            ( - 1.863e+01 1 0))))
s>    ( QUESTION0_13_R 1 6.062e+02 1.113e+02 3.199e+01
s>        ( - 2.728e+02 1 0)
s>        ( WDBNDRY_B 0 2.221e+02 5.080e+01 1.400e+01
s>            ( QUESTION2_11_L -1 1.286e+02 3.230e+01 9.000e+00
s>                ( - 6.763e+01 1 0)
s>                ( - 2.862e+01 1 0))
s>            ( QUESTION0_0_R 1 4.271e+01 1.972e+01 5.000e+00
s>                ( - 4.364e+00 1 0)
s>                ( - 1.863e+01 1 0))))INFO: dtree.c(1439): stop. leaf nodes are specific
INFO: dtree.c(1478): Final simple tree
|( QUESTION0_0_R 1 7.300e+02 1.159e+02 3.500e+01
|    ( QUESTION0_1_R 1 3.743e+02 7.954e+01 2.100e+01
|        ( QUESTION0_5_R 1 1.336e+02 2.559e+01 1.000e+01
|            ( - 9.962e+01 2 0)
|            ( - 8.410e+00 1 0))
|        ( - 1.611e+02 2 0))
|    ( QUESTION0 -1 2.397e+02 4.929e+01 1.400e+01
|        ( - 3.102e+01 1 0)
|        ( - 1.594e+02 1 0)))
s>    ( QUESTION0_0_R 1 7.300e+02 1.159e+02 3.500e+01
s>        ( QUESTION0_1_R 1 3.743e+02 7.954e+01 2.100e+01
s>            ( QUESTION0_5_R 1 1.336e+02 2.559e+01 1.000e+01
s>                ( - 9.962e+01 2 0)
s>                ( - 8.410e+00 1 0))
s>            ( - 1.611e+02 2 0))
s>        ( QUESTION0 -1 2.397e+02 4.929e+01 1.400e+01
s>            ( - 3.102e+01 1 0)
s>            ( - 1.594e+02 1 0)))INFO: dtree.c(1315): Comp split 27
INFO: dtree.c(1439): stop. leaf nodes are specific
INFO: dtree.c(1478): Final simple tree
|( QUESTION0_0_R 1 7.240e+02 9.273e+01 3.637e+01
|    ( - 1.233e+02 1 0)
|    ( - 5.080e+02 1 0))
s>    ( QUESTION0_0_R 1 7.240e+02 9.273e+01 3.637e+01
s>        ( - 1.233e+02 1 0)
s>        ( - 5.080e+02 1 0))INFO: dtree.c(1439): stop. leaf nodes are specific
INFO: dtree.c(1478): Final simple tree
|( QUESTION0 -1 5.143e+02 1.044e+02 2.800e+01
|    ( QUESTION0_0_R 1 1.512e+02 3.113e+01 1.200e+01
|        ( - 8.501e+00 1 0)
|        ( - 1.116e+02 2 0))
|    ( - 2.587e+02 1 0))
s>    ( QUESTION0 -1 5.143e+02 1.044e+02 2.800e+01
s>        ( QUESTION0_0_R 1 1.512e+02 3.113e+01 1.200e+01
s>            ( - 8.501e+00 1 0)
s>            ( - 1.116e+02 2 0))
s>        ( - 2.587e+02 1 0))INFO: dtree.c(1315): Comp split 28
INFO: dtree.c(1439): stop. leaf nodes are specific
INFO: dtree.c(1478): Final simple tree
|( QUESTION16 -1 1.320e+03 1.365e+02 6.801e+01
|    ( - 4.833e+02 2 0)
|    ( - 7.000e+02 1 0))
s>    ( QUESTION16 -1 1.320e+03 1.365e+02 6.801e+01
s>        ( - 4.833e+02 2 0)
s>        ( - 7.000e+02 1 0))INFO: dtree.c(1439): stop. leaf nodes are specific
INFO: dtree.c(1478): Final simple tree
|( QUESTION1 -1 1.200e+03 1.130e+02 6.400e+01
|    ( - 9.618e+02 2 0)
|    ( - 1.251e+02 1 0))
s>    ( QUESTION1 -1 1.200e+03 1.130e+02 6.400e+01
s>        ( - 9.618e+02 2 0)
s>        ( - 1.251e+02 1 0))INFO: dtree.c(1315): Comp split 29
INFO: dtree.c(1439): stop. leaf nodes are specific
INFO: dtree.c(1478): Final simple tree
|( QUESTION0_4_R 1 3.564e+02 7.654e+01 2.100e+01
|    ( - 1.492e+02 1 0)
|    ( QUESTION0_0_R 1 1.306e+02 3.834e+01 9.997e+00
|        ( WDBNDRY_E 0 3.544e+01 1.322e+01 4.000e+00
|            ( - 2.223e+01 1 0)
|            ( - 0.000e+00 1 0))
|        ( QUESTION0_10_R 1 5.684e+01 1.434e+01 5.997e+00
|            ( - 4.168e+01 1 0)
|            ( - 8.182e-01 1 0))))
s>    ( QUESTION0_4_R 1 3.564e+02 7.654e+01 2.100e+01
s>        ( - 1.492e+02 1 0)
s>        ( QUESTION0_0_R 1 1.306e+02 3.834e+01 9.997e+00
s>            ( WDBNDRY_E 0 3.544e+01 1.322e+01 4.000e+00
s>                ( - 2.223e+01 1 0)
s>                ( - 0.000e+00 1 0))
s>            ( QUESTION0_10_R 1 5.684e+01 1.434e+01 5.997e+00
s>                ( - 4.168e+01 1 0)
s>                ( - 8.182e-01 1 0))))INFO: dtree.c(1315): Comp split 30
INFO: dtree.c(1439): stop. leaf nodes are specific
INFO: dtree.c(1478): Final simple tree
|( QUESTION0 -1 6.143e+02 8.386e+01 3.900e+01
|    ( - 2.288e+02 2 0)
|    ( SILENCE -1 3.016e+02 4.734e+01 2.300e+01
|        ( - 1.899e+02 1 0)
|        ( - 6.441e+01 1 0)))
s>    ( QUESTION0 -1 6.143e+02 8.386e+01 3.900e+01
s>        ( - 2.288e+02 2 0)
s>        ( SILENCE -1 3.016e+02 4.734e+01 2.300e+01
s>            ( - 1.899e+02 1 0)
s>            ( - 6.441e+01 1 0)))INFO: dtree.c(1439): stop. leaf nodes are specific
INFO: dtree.c(1478): Final simple tree
|( QUESTION0 -1 9.270e+02 1.156e+02 5.186e+01
|    ( - 4.317e+02 1 0)
|    ( - 3.796e+02 2 0))
s>    ( QUESTION0 -1 9.270e+02 1.156e+02 5.186e+01
s>        ( - 4.317e+02 1 0)
s>        ( - 3.796e+02 2 0))INFO: dtree.c(1315): Comp split 31
INFO: dtree.c(1439): stop. leaf nodes are specific
INFO: dtree.c(1478): Final simple tree
|( QUESTION1 -1 5.605e+02 8.095e+01 3.300e+01
|    ( QUESTION5 -1 1.636e+02 3.377e+01 1.300e+01
|        ( - 1.479e+01 1 0)
|        ( - 1.150e+02 1 0))
|    ( QUESTION0 -1 3.160e+02 6.266e+01 2.000e+01
|        ( - 1.138e+02 1 0)
|        ( - 1.396e+02 1 0)))
s>    ( QUESTION1 -1 5.605e+02 8.095e+01 3.300e+01
s>        ( QUESTION5 -1 1.636e+02 3.377e+01 1.300e+01
s>            ( - 1.479e+01 1 0)
s>            ( - 1.150e+02 1 0))
s>        ( QUESTION0 -1 3.160e+02 6.266e+01 2.000e+01
s>            ( - 1.138e+02 1 0)
s>            ( - 1.396e+02 1 0)))INFO: dtree.c(1439): stop. leaf nodes are specific
INFO: dtree.c(1478): Final simple tree
|( WDBNDRY_B 0 5.212e+02 5.132e+01 3.100e+01
|    ( - 2.788e+01 1 0)
|    ( - 4.420e+02 1 0))
s>    ( WDBNDRY_B 0 5.212e+02 5.132e+01 3.100e+01
s>        ( - 2.788e+01 1 0)
s>        ( - 4.420e+02 1 0))INFO: dtree.c(1315): Comp split 32
INFO: dtree.c(1439): stop. leaf nodes are specific
INFO: dtree.c(1478): Final simple tree
|( QUESTION0_16_R 1 4.697e+02 8.045e+01 2.500e+01
|    ( QUESTION0_17_R 1 2.271e+02 4.644e+01 1.500e+01
|        ( - 1.112e+02 1 0)
|        ( - 6.949e+01 2 0))
|    ( WDBNDRY_B 0 1.621e+02 3.622e+01 1.000e+01
|        ( - 5.112e+01 1 0)
|        ( - 7.477e+01 1 0)))
s>    ( QUESTION0_16_R 1 4.697e+02 8.045e+01 2.500e+01
s>        ( QUESTION0_17_R 1 2.271e+02 4.644e+01 1.500e+01
s>            ( - 1.112e+02 1 0)
s>            ( - 6.949e+01 2 0))
s>        ( WDBNDRY_B 0 1.621e+02 3.622e+01 1.000e+01
s>            ( - 5.112e+01 1 0)
s>            ( - 7.477e+01 1 0)))INFO: dtree.c(1439): stop. leaf nodes are specific
INFO: dtree.c(1478): Final simple tree
|( SILENCE -1 3.799e+02 6.769e+01 2.500e+01
|    ( - 1.985e+02 1 0)
|    ( QUESTION3 -1 1.137e+02 2.372e+01 9.000e+00
|        ( - 9.884e+00 1 0)
|        ( - 8.011e+01 1 0)))
s>    ( SILENCE -1 3.799e+02 6.769e+01 2.500e+01
s>        ( - 1.985e+02 1 0)
s>        ( QUESTION3 -1 1.137e+02 2.372e+01 9.000e+00
s>            ( - 9.884e+00 1 0)
s>            ( - 8.011e+01 1 0)))INFO: dtree.c(1315): Comp split 33
INFO: dtree.c(1439): stop. leaf nodes are specific
INFO: dtree.c(1478): Final simple tree
|( QUESTION2_11_L -1 8.346e+02 8.108e+01 4.366e+01
|    ( - 5.728e+02 1 0)
|    ( - 1.808e+02 1 0))
s>    ( QUESTION2_11_L -1 8.346e+02 8.108e+01 4.366e+01
s>        ( - 5.728e+02 1 0)
s>        ( - 1.808e+02 1 0))INFO: dtree.c(1315): Comp split 34
INFO: dtree.c(1439): stop. leaf nodes are specific
INFO: dtree.c(1478): Final simple tree
|( WDBNDRY_B 0 7.945e+02 1.095e+02 4.200e+01
|    ( - 3.625e+02 1 0)
|    ( QUESTION0_0_R 1 3.224e+02 5.754e+01 2.100e+01
|        ( - 6.094e+01 1 0)
|        ( - 2.040e+02 1 0)))
s>    ( WDBNDRY_B 0 7.945e+02 1.095e+02 4.200e+01
s>        ( - 3.625e+02 1 0)
s>        ( QUESTION0_0_R 1 3.224e+02 5.754e+01 2.100e+01
s>            ( - 6.094e+01 1 0)
s>            ( - 2.040e+02 1 0)))INFO: dtree.c(1315): Comp split 35
INFO: dtree.c(1315): Comp split 36
INFO: dtree.c(1439): stop. leaf nodes are specific
INFO: dtree.c(1478): Final simple tree
|( QUESTION0_0_R 1 3.293e+02 7.024e+01 1.800e+01
|    ( - 9.962e+01 2 0)
|    ( - 1.594e+02 1 0))
s>    ( QUESTION0_0_R 1 3.293e+02 7.024e+01 1.800e+01
s>        ( - 9.962e+01 2 0)
s>        ( - 1.594e+02 1 0))INFO: dtree.c(1439): stop. leaf nodes are specific
INFO: dtree.c(1478): Final simple tree
|( QUESTION0_8_R 1 2.803e+02 5.709e+01 1.700e+01
|    ( - 1.611e+02 2 0)
|    ( QUESTION0_0_R 1 6.208e+01 2.265e+01 6.000e+00
|        ( - 8.410e+00 1 0)
|        ( - 3.102e+01 1 0)))
s>    ( QUESTION0_8_R 1 2.803e+02 5.709e+01 1.700e+01
s>        ( - 1.611e+02 2 0)
s>        ( QUESTION0_0_R 1 6.208e+01 2.265e+01 6.000e+00
s>            ( - 8.410e+00 1 0)
s>            ( - 3.102e+01 1 0)))INFO: dtree.c(1315): Comp split 37
INFO: dtree.c(1315): Comp split 38
INFO: dtree.c(1439): stop. leaf nodes are specific
INFO: dtree.c(1478): Final simple tree
|( WDBNDRY_B 0 3.274e+02 5.607e+01 2.301e+01
|    ( - 2.153e+02 1 0)
|    ( - 5.607e+01 1 0))
s>    ( WDBNDRY_B 0 3.274e+02 5.607e+01 2.301e+01
s>        ( - 2.153e+02 1 0)
s>        ( - 5.607e+01 1 0))INFO: dtree.c(1315): Comp split 39
INFO: dtree.c(1439): stop. leaf nodes are specific
INFO: dtree.c(1478): Final simple tree
|( QUESTION1 -1 2.931e+02 3.404e+01 1.900e+01
|    ( - 2.647e+01 1 0)
|    ( - 2.325e+02 1 0))
s>    ( QUESTION1 -1 2.931e+02 3.404e+01 1.900e+01
s>        ( - 2.647e+01 1 0)
s>        ( - 2.325e+02 1 0))INFO: dtree.c(1315): Comp split 40
INFO: dtree.c(1315): Comp split 41
INFO: dtree.c(1439): stop. leaf nodes are specific
INFO: dtree.c(1478): Final simple tree
|( WDBNDRY_B 0 2.221e+02 5.080e+01 1.400e+01
|    ( QUESTION2_11_L -1 1.286e+02 3.230e+01 9.000e+00
|        ( - 6.763e+01 1 0)
|        ( - 2.862e+01 1 0))
|    ( QUESTION0_0_R 1 4.271e+01 1.972e+01 5.000e+00
|        ( - 4.364e+00 1 0)
|        ( - 1.863e+01 1 0)))
s>    ( WDBNDRY_B 0 2.221e+02 5.080e+01 1.400e+01
s>        ( QUESTION2_11_L -1 1.286e+02 3.230e+01 9.000e+00
s>            ( - 6.763e+01 1 0)
s>            ( - 2.862e+01 1 0))
s>        ( QUESTION0_0_R 1 4.271e+01 1.972e+01 5.000e+00
s>            ( - 4.364e+00 1 0)
s>            ( - 1.863e+01 1 0)))INFO: dtree.c(1315): Comp split 42
INFO: dtree.c(1439): stop. leaf nodes are specific
INFO: dtree.c(1478): Final simple tree
|( QUESTION0_0_R 1 3.224e+02 5.754e+01 2.100e+01
|    ( - 6.094e+01 1 0)
|    ( - 2.040e+02 1 0))
s>    ( QUESTION0_0_R 1 3.224e+02 5.754e+01 2.100e+01
s>        ( - 6.094e+01 1 0)
s>        ( - 2.040e+02 1 0))INFO: dtree.c(1315): Comp split 43
INFO: dtree.c(1439): stop. leaf nodes are specific
INFO: dtree.c(1478): Final simple tree
|( QUESTION0_0_R 1 1.512e+02 3.113e+01 1.200e+01
|    ( - 8.501e+00 1 0)
|    ( - 1.116e+02 2 0))
s>    ( QUESTION0_0_R 1 1.512e+02 3.113e+01 1.200e+01
s>        ( - 8.501e+00 1 0)
s>        ( - 1.116e+02 2 0))INFO: dtree.c(1315): Comp split 44
INFO: dtree.c(1439): stop. leaf nodes are specific
INFO: dtree.c(1478): Final simple tree
|( QUESTION0 -1 3.069e+02 5.231e+01 2.100e+01
|    ( - 1.150e+02 1 0)
|    ( - 1.396e+02 1 0))
s>    ( QUESTION0 -1 3.069e+02 5.231e+01 2.100e+01
s>        ( - 1.150e+02 1 0)
s>        ( - 1.396e+02 1 0))INFO: dtree.c(1439): stop. leaf nodes are specific
INFO: dtree.c(1478): Final simple tree
|( QUESTION1 -1 1.594e+02 3.078e+01 1.200e+01
|    ( - 1.479e+01 1 0)
|    ( - 1.138e+02 1 0))
s>    ( QUESTION1 -1 1.594e+02 3.078e+01 1.200e+01
s>        ( - 1.479e+01 1 0)
s>        ( - 1.138e+02 1 0))INFO: dtree.c(1315): Comp split 45
INFO: dtree.c(1315): Comp split 46
INFO: dtree.c(1439): stop. leaf nodes are specific
INFO: dtree.c(1478): Final simple tree
|( QUESTION1 -1 1.054e+02 3.360e+01 9.000e+00
|    ( - 4.288e+01 1 0)
|    ( - 2.895e+01 1 0))
s>    ( QUESTION1 -1 1.054e+02 3.360e+01 9.000e+00
s>        ( - 4.288e+01 1 0)
s>        ( - 2.895e+01 1 0))INFO: dtree.c(1315): Comp split 47
INFO: dtree.c(1439): stop. leaf nodes are specific
INFO: dtree.c(1478): Final simple tree
|( SILENCE -1 3.016e+02 4.734e+01 2.300e+01
|    ( - 1.899e+02 1 0)
|    ( - 6.441e+01 1 0))
s>    ( SILENCE -1 3.016e+02 4.734e+01 2.300e+01
s>        ( - 1.899e+02 1 0)
s>        ( - 6.441e+01 1 0))INFO: dtree.c(1315): Comp split 48
INFO: dtree.c(1315): Comp split 49
INFO: dtree.c(1315): Comp split 50
INFO: dtree.c(1439): stop. leaf nodes are specific
INFO: dtree.c(1478): Final simple tree
|( WDBNDRY_B 0 1.621e+02 3.622e+01 1.000e+01
|    ( - 5.112e+01 1 0)
|    ( - 7.477e+01 1 0))
s>    ( WDBNDRY_B 0 1.621e+02 3.622e+01 1.000e+01
s>        ( - 5.112e+01 1 0)
s>        ( - 7.477e+01 1 0))INFO: dtree.c(1439): stop. leaf nodes are specific
INFO: dtree.c(1478): Final simple tree
|( QUESTION0_17_R 1 2.271e+02 4.644e+01 1.500e+01
|    ( - 1.112e+02 1 0)
|    ( - 6.949e+01 2 0))
s>    ( QUESTION0_17_R 1 2.271e+02 4.644e+01 1.500e+01
s>        ( - 1.112e+02 1 0)
s>        ( - 6.949e+01 2 0))INFO: dtree.c(1315): Comp split 51
INFO: dtree.c(1439): stop. leaf nodes are specific
INFO: dtree.c(1478): Final simple tree
|( QUESTION0_0_R 1 1.306e+02 3.834e+01 9.997e+00
|    ( WDBNDRY_E 0 3.544e+01 1.322e+01 4.000e+00
|        ( - 2.223e+01 1 0)
|        ( - 0.000e+00 1 0))
|    ( QUESTION0_10_R 1 5.684e+01 1.434e+01 5.997e+00
|        ( - 4.168e+01 1 0)
|        ( - 8.182e-01 1 0)))
s>    ( QUESTION0_0_R 1 1.306e+02 3.834e+01 9.997e+00
s>        ( WDBNDRY_E 0 3.544e+01 1.322e+01 4.000e+00
s>            ( - 2.223e+01 1 0)
s>            ( - 0.000e+00 1 0))
s>        ( QUESTION0_10_R 1 5.684e+01 1.434e+01 5.997e+00
s>            ( - 4.168e+01 1 0)
s>            ( - 8.182e-01 1 0)))INFO: dtree.c(1315): Comp split 52
INFO: dtree.c(1315): Comp split 53
INFO: dtree.c(1315): Comp split 54
INFO: dtree.c(1439): stop. leaf nodes are specific
INFO: dtree.c(1478): Final simple tree
|( QUESTION3 -1 1.137e+02 2.372e+01 9.000e+00
|    ( - 9.884e+00 1 0)
|    ( - 8.011e+01 1 0))
s>    ( QUESTION3 -1 1.137e+02 2.372e+01 9.000e+00
s>        ( - 9.884e+00 1 0)
s>        ( - 8.011e+01 1 0))INFO: dtree.c(1315): Comp split 55
INFO: dtree.c(1315): Comp split 56
INFO: dtree.c(1315): Comp split 57
INFO: dtree.c(1439): stop. leaf nodes are specific
INFO: dtree.c(1478): Final simple tree
|( QUESTION0_0_R 1 6.208e+01 2.265e+01 6.000e+00
|    ( - 8.410e+00 1 0)
|    ( - 3.102e+01 1 0))
s>    ( QUESTION0_0_R 1 6.208e+01 2.265e+01 6.000e+00
s>        ( - 8.410e+00 1 0)
s>        ( - 3.102e+01 1 0))INFO: dtree.c(1315): Comp split 58
INFO: dtree.c(1315): Comp split 59
INFO: dtree.c(1439): stop. leaf nodes are specific
INFO: dtree.c(1478): Final simple tree
|( WDBNDRY_B 0 7.327e+01 2.601e+01 6.000e+00
|    ( - 2.862e+01 1 0)
|    ( - 1.863e+01 1 0))
s>    ( WDBNDRY_B 0 7.327e+01 2.601e+01 6.000e+00
s>        ( - 2.862e+01 1 0)
s>        ( - 1.863e+01 1 0))INFO: dtree.c(1439): stop. leaf nodes are specific
INFO: dtree.c(1478): Final simple tree
|( WDBNDRY_B 0 9.620e+01 2.420e+01 8.000e+00
|    ( - 6.763e+01 1 0)
|    ( - 4.364e+00 1 0))
s>    ( WDBNDRY_B 0 9.620e+01 2.420e+01 8.000e+00
s>        ( - 6.763e+01 1 0)
s>        ( - 4.364e+00 1 0))INFO: dtree.c(1315): Comp split 60
INFO: dtree.c(1315): Comp split 61
INFO: dtree.c(1315): Comp split 62
INFO: dtree.c(1315): Comp split 63
INFO: dtree.c(1315): Comp split 64
INFO: dtree.c(1315): Comp split 65
INFO: dtree.c(1439): stop. leaf nodes are specific
INFO: dtree.c(1478): Final simple tree
|( QUESTION0_10_R 1 5.684e+01 1.434e+01 5.997e+00
|    ( - 4.168e+01 1 0)
|    ( - 8.182e-01 1 0))
s>    ( QUESTION0_10_R 1 5.684e+01 1.434e+01 5.997e+00
s>        ( - 4.168e+01 1 0)
s>        ( - 8.182e-01 1 0))INFO: dtree.c(1439): stop. leaf nodes are specific
INFO: dtree.c(1478): Final simple tree
|( WDBNDRY_E 0 3.544e+01 1.322e+01 4.000e+00
|    ( - 2.223e+01 1 0)
|    ( - 0.000e+00 1 0))
s>    ( WDBNDRY_E 0 3.544e+01 1.322e+01 4.000e+00
s>        ( - 2.223e+01 1 0)
s>        ( - 0.000e+00 1 0))INFO: dtree.c(1315): Comp split 66
INFO: dtree.c(1315): Comp split 67
INFO: dtree.c(1315): Comp split 68
INFO: dtree.c(1315): Comp split 69
INFO: dtree.c(1315): Comp split 70
INFO: dtree.c(1315): Comp split 71
INFO: dtree.c(1315): Comp split 72
INFO: dtree.c(1315): Comp split 73
INFO: dtree.c(1315): Comp split 74
INFO: dtree.c(1315): Comp split 75
INFO: dtree.c(1315): Comp split 76
INFO: dtree.c(1315): Comp split 77
INFO: dtree.c(1315): Comp split 78
INFO: dtree.c(1318): stop. leaf nodes are specific
Fri Nov  2 10:07:49 2018
