Current configuration:
[NAME]		[DEFLT]	[VALUE]
-allphones	no	no
-cntthresh	0.00001	1.000000e-05
-csplitmax	100	2000
-csplitmin	1	1
-csplitthr	8e-4	0.000000e+00
-example	no	no
-fullvar	no	no
-help		no	no
-meanfn			
-mixwfn			/home/sdv/Documents/SDV/SDVoice/an4/model_parameters/an4.cd_semi_untied/mixture_weights
-moddeffn		/home/sdv/Documents/SDV/SDVoice/an4/model_architecture/an4.untied.mdef
-mwfloor	1e-4	1.000000e-08
-phone			W
-psetfn			/home/sdv/Documents/SDV/SDVoice/an4/model_architecture/an4.tree_questions
-ssplitmax	5	7
-ssplitmin	1	1
-ssplitthr	8e-4	0.000000e+00
-state			1
-stwt			1.0,0.05,0.0,
-treefn			/home/sdv/Documents/SDV/SDVoice/an4/trees/an4.unpruned/W-1.dtree
-ts2cbfn	.semi.	.semi.
-varfloor	0.00001	1.000000e-05
-varfn			

INFO: main.c(223): Reading: /home/sdv/Documents/SDV/SDVoice/an4/model_architecture/an4.untied.mdef
INFO: model_def_io.c(573): Model definition info:
INFO: model_def_io.c(574): 1618 total models defined (34 base, 1584 tri)
INFO: model_def_io.c(575): 6472 total states
INFO: model_def_io.c(576): 4854 total tied states
INFO: model_def_io.c(577): 102 total tied CI states
INFO: model_def_io.c(578): 34 total tied transition matrices
INFO: model_def_io.c(579): 4 max state/model
INFO: model_def_io.c(580): 4 min state/model
INFO: main.c(242): Building trees for [W AH AY b] through [W UW AY b]
INFO: main.c(269): Covering states |[4671 4724]| == 54
INFO: main.c(275): Reading: /home/sdv/Documents/SDV/SDVoice/an4/model_parameters/an4.cd_semi_untied/mixture_weights
INFO: s3mixw_io.c(173): Read /home/sdv/Documents/SDV/SDVoice/an4/model_parameters/an4.cd_semi_untied/mixture_weights [54x4x256 array]
INFO: main.c(311): 18 of 18 models have observation count greater than 0.000010
INFO: main.c(95): nrm stwt: 0.045 0.909 0.045 
INFO: main.c(411): 18-class entropy: 1.689794e+04
INFO: main.c(549): Reading: /home/sdv/Documents/SDV/SDVoice/an4/model_architecture/an4.tree_questions
INFO: main.c(588): 176 total simple questions (168 phone; 8 word bndry)
INFO: main.c(590): 42 Left Only questions, and 42 Right Only questions
INFO: dtree.c(1478): Final simple tree
|( QUESTION0_12_R 1 2.025e+04 1.080e+03 1.091e+03
|    ( - 1.143e+04 1 0)
|    ( QUESTION2_13_L -1 7.743e+03 6.722e+02 3.666e+02
|        ( - 2.135e+03 2 0 WDBNDRY_B 0 5.347e+01 1.118e+02)
|        ( QUESTION13 -1 4.936e+03 2.824e+02 2.549e+02
|            ( QUESTION16 -1 2.509e+03 2.180e+02 1.260e+02
|                ( - 5.785e+02 3 0 QUESTION2_0_L -1 6.719e+01 3.700e+01)
|                ( QUESTION14 -1 1.713e+03 1.240e+02 8.898e+01
|                    ( - 1.331e+03 2 0)
|                    ( - 2.575e+02 2 0 WDBNDRY_B 0 3.203e+01 1.600e+01)))
|            ( QUESTION1 -1 2.144e+03 1.698e+02 1.289e+02
|                ( QUESTION2 -1 1.322e+03 1.075e+02 8.372e+01
|                    ( - 9.340e+02 2 0)
|                    ( - 2.806e+02 2 0 QUESTION8 -1 6.882e+01 2.300e+01))
|                ( - 6.522e+02 4 0 QUESTION11 -1 1.030e+02 4.518e+01)))))
s>    ( QUESTION0_12_R 1 2.025e+04 1.080e+03 1.091e+03
s>        ( - 1.143e+04 1 0)
s>        ( QUESTION2_13_L -1 7.743e+03 6.722e+02 3.666e+02
s>            ( - 2.135e+03 2 0 WDBNDRY_B 0 5.347e+01 1.118e+02)
s>            ( QUESTION13 -1 4.936e+03 2.824e+02 2.549e+02
s>                ( QUESTION16 -1 2.509e+03 2.180e+02 1.260e+02
s>                    ( - 5.785e+02 3 0 QUESTION2_0_L -1 6.719e+01 3.700e+01)
s>                    ( QUESTION14 -1 1.713e+03 1.240e+02 8.898e+01
s>                        ( - 1.331e+03 2 0)
s>                        ( - 2.575e+02 2 0 WDBNDRY_B 0 3.203e+01 1.600e+01)))
s>                ( QUESTION1 -1 2.144e+03 1.698e+02 1.289e+02
s>                    ( QUESTION2 -1 1.322e+03 1.075e+02 8.372e+01
s>                        ( - 9.340e+02 2 0)
s>                        ( - 2.806e+02 2 0 QUESTION8 -1 6.882e+01 2.300e+01))
s>                    ( - 6.522e+02 4 0 QUESTION11 -1 1.030e+02 4.518e+01)))))INFO: dtree.c(1315): Comp split 0
INFO: dtree.c(1478): Final simple tree
|( QUESTION2_13_L -1 7.743e+03 6.722e+02 3.666e+02
|    ( - 2.135e+03 2 0 WDBNDRY_B 0 5.347e+01 1.118e+02)
|    ( QUESTION13 -1 4.936e+03 2.824e+02 2.549e+02
|        ( QUESTION16 -1 2.509e+03 2.180e+02 1.260e+02
|            ( - 5.785e+02 3 0 QUESTION2_0_L -1 6.719e+01 3.700e+01)
|            ( QUESTION14 -1 1.713e+03 1.240e+02 8.898e+01
|                ( - 1.331e+03 2 0)
|                ( - 2.575e+02 2 0 WDBNDRY_B 0 3.203e+01 1.600e+01)))
|        ( QUESTION1 -1 2.144e+03 1.698e+02 1.289e+02
|            ( QUESTION2 -1 1.322e+03 1.075e+02 8.372e+01
|                ( - 9.340e+02 2 0)
|                ( - 2.806e+02 2 0 QUESTION8 -1 6.882e+01 2.300e+01))
|            ( QUESTION11 -1 6.522e+02 1.030e+02 4.518e+01
|                ( - 2.490e+02 2 0 QUESTION2_11_L -1 5.888e+01 1.918e+01)
|                ( - 3.002e+02 2 0 SILENCE -1 3.777e+01 2.600e+01)))))
s>    ( QUESTION2_13_L -1 7.743e+03 6.722e+02 3.666e+02
s>        ( - 2.135e+03 2 0 WDBNDRY_B 0 5.347e+01 1.118e+02)
s>        ( QUESTION13 -1 4.936e+03 2.824e+02 2.549e+02
s>            ( QUESTION16 -1 2.509e+03 2.180e+02 1.260e+02
s>                ( - 5.785e+02 3 0 QUESTION2_0_L -1 6.719e+01 3.700e+01)
s>                ( QUESTION14 -1 1.713e+03 1.240e+02 8.898e+01
s>                    ( - 1.331e+03 2 0)
s>                    ( - 2.575e+02 2 0 WDBNDRY_B 0 3.203e+01 1.600e+01)))
s>            ( QUESTION1 -1 2.144e+03 1.698e+02 1.289e+02
s>                ( QUESTION2 -1 1.322e+03 1.075e+02 8.372e+01
s>                    ( - 9.340e+02 2 0)
s>                    ( - 2.806e+02 2 0 QUESTION8 -1 6.882e+01 2.300e+01))
s>                ( QUESTION11 -1 6.522e+02 1.030e+02 4.518e+01
s>                    ( - 2.490e+02 2 0 QUESTION2_11_L -1 5.888e+01 1.918e+01)
s>                    ( - 3.002e+02 2 0 SILENCE -1 3.777e+01 2.600e+01)))))INFO: dtree.c(1315): Comp split 1
INFO: dtree.c(1478): Final simple tree
|( QUESTION13 -1 4.936e+03 2.824e+02 2.549e+02
|    ( QUESTION16 -1 2.509e+03 2.180e+02 1.260e+02
|        ( - 5.785e+02 3 0 QUESTION2_0_L -1 6.719e+01 3.700e+01)
|        ( QUESTION14 -1 1.713e+03 1.240e+02 8.898e+01
|            ( - 1.331e+03 2 0)
|            ( - 2.575e+02 2 0 WDBNDRY_B 0 3.203e+01 1.600e+01)))
|    ( QUESTION1 -1 2.144e+03 1.698e+02 1.289e+02
|        ( QUESTION2 -1 1.322e+03 1.075e+02 8.372e+01
|            ( - 9.340e+02 2 0)
|            ( QUESTION8 -1 2.806e+02 6.882e+01 2.300e+01
|                ( - 8.898e+01 1 0)
|                ( - 1.228e+02 1 0)))
|        ( QUESTION11 -1 6.522e+02 1.030e+02 4.518e+01
|            ( - 2.490e+02 2 0 QUESTION2_11_L -1 5.888e+01 1.918e+01)
|            ( - 3.002e+02 2 0 SILENCE -1 3.777e+01 2.600e+01))))
s>    ( QUESTION13 -1 4.936e+03 2.824e+02 2.549e+02
s>        ( QUESTION16 -1 2.509e+03 2.180e+02 1.260e+02
s>            ( - 5.785e+02 3 0 QUESTION2_0_L -1 6.719e+01 3.700e+01)
s>            ( QUESTION14 -1 1.713e+03 1.240e+02 8.898e+01
s>                ( - 1.331e+03 2 0)
s>                ( - 2.575e+02 2 0 WDBNDRY_B 0 3.203e+01 1.600e+01)))
s>        ( QUESTION1 -1 2.144e+03 1.698e+02 1.289e+02
s>            ( QUESTION2 -1 1.322e+03 1.075e+02 8.372e+01
s>                ( - 9.340e+02 2 0)
s>                ( QUESTION8 -1 2.806e+02 6.882e+01 2.300e+01
s>                    ( - 8.898e+01 1 0)
s>                    ( - 1.228e+02 1 0)))
s>            ( QUESTION11 -1 6.522e+02 1.030e+02 4.518e+01
s>                ( - 2.490e+02 2 0 QUESTION2_11_L -1 5.888e+01 1.918e+01)
s>                ( - 3.002e+02 2 0 SILENCE -1 3.777e+01 2.600e+01))))INFO: dtree.c(1439): stop. leaf nodes are specific
INFO: dtree.c(1478): Final simple tree
|( WDBNDRY_B 0 2.135e+03 5.347e+01 1.118e+02
|    ( - 2.540e+01 1 0)
|    ( - 2.057e+03 1 0))
s>    ( WDBNDRY_B 0 2.135e+03 5.347e+01 1.118e+02
s>        ( - 2.540e+01 1 0)
s>        ( - 2.057e+03 1 0))INFO: dtree.c(1315): Comp split 2
INFO: dtree.c(1439): stop. leaf nodes are specific
INFO: dtree.c(1478): Final simple tree
|( QUESTION14 -1 1.908e+03 1.613e+02 9.898e+01
|    ( - 1.331e+03 2 0)
|    ( QUESTION0 -1 4.153e+02 6.882e+01 2.600e+01
|        ( - 8.898e+01 1 0)
|        ( WDBNDRY_B 0 2.575e+02 3.203e+01 1.600e+01
|            ( - 2.139e+02 1 0)
|            ( - 1.156e+01 1 0))))
s>    ( QUESTION14 -1 1.908e+03 1.613e+02 9.898e+01
s>        ( - 1.331e+03 2 0)
s>        ( QUESTION0 -1 4.153e+02 6.882e+01 2.600e+01
s>            ( - 8.898e+01 1 0)
s>            ( WDBNDRY_B 0 2.575e+02 3.203e+01 1.600e+01
s>                ( - 2.139e+02 1 0)
s>                ( - 1.156e+01 1 0))))INFO: dtree.c(1478): Final simple tree
|( QUESTION1 -1 2.705e+03 1.968e+02 1.559e+02
|    ( QUESTION2 -1 1.126e+03 6.966e+01 7.372e+01
|        ( - 9.340e+02 2 0)
|        ( - 1.228e+02 1 0))
|    ( QUESTION13 -1 1.382e+03 1.511e+02 8.218e+01
|        ( QUESTION2_0_L -1 5.785e+02 6.719e+01 3.700e+01
|            ( - 6.991e+01 1 0)
|            ( - 4.414e+02 2 0))
|        ( QUESTION11 -1 6.522e+02 1.030e+02 4.518e+01
|            ( QUESTION2_11_L -1 2.490e+02 5.888e+01 1.918e+01
|                ( - 1.515e+02 1 0)
|                ( - 3.864e+01 1 0))
|            ( SILENCE -1 3.002e+02 3.777e+01 2.600e+01
|                ( - 1.620e+02 1 0)
|                ( - 1.004e+02 1 0)))))
s>    ( QUESTION1 -1 2.705e+03 1.968e+02 1.559e+02
s>        ( QUESTION2 -1 1.126e+03 6.966e+01 7.372e+01
s>            ( - 9.340e+02 2 0)
s>            ( - 1.228e+02 1 0))
s>        ( QUESTION13 -1 1.382e+03 1.511e+02 8.218e+01
s>            ( QUESTION2_0_L -1 5.785e+02 6.719e+01 3.700e+01
s>                ( - 6.991e+01 1 0)
s>                ( - 4.414e+02 2 0))
s>            ( QUESTION11 -1 6.522e+02 1.030e+02 4.518e+01
s>                ( QUESTION2_11_L -1 2.490e+02 5.888e+01 1.918e+01
s>                    ( - 1.515e+02 1 0)
s>                    ( - 3.864e+01 1 0))
s>                ( SILENCE -1 3.002e+02 3.777e+01 2.600e+01
s>                    ( - 1.620e+02 1 0)
s>                    ( - 1.004e+02 1 0)))))INFO: dtree.c(1315): Comp split 3
INFO: dtree.c(1439): stop. leaf nodes are specific
INFO: dtree.c(1478): Final simple tree
|( QUESTION13 -1 9.634e+02 1.195e+02 6.100e+01
|    ( - 4.414e+02 2 0)
|    ( QUESTION11 -1 4.025e+02 6.369e+01 3.100e+01
|        ( - 3.864e+01 1 0)
|        ( SILENCE -1 3.002e+02 3.777e+01 2.600e+01
|            ( - 1.620e+02 1 0)
|            ( - 1.004e+02 1 0))))
s>    ( QUESTION13 -1 9.634e+02 1.195e+02 6.100e+01
s>        ( - 4.414e+02 2 0)
s>        ( QUESTION11 -1 4.025e+02 6.369e+01 3.100e+01
s>            ( - 3.864e+01 1 0)
s>            ( SILENCE -1 3.002e+02 3.777e+01 2.600e+01
s>                ( - 1.620e+02 1 0)
s>                ( - 1.004e+02 1 0))))INFO: dtree.c(1439): stop. leaf nodes are specific
INFO: dtree.c(1478): Final simple tree
|( QUESTION1 -1 1.535e+03 1.254e+02 9.491e+01
|    ( QUESTION2 -1 1.126e+03 6.966e+01 7.372e+01
|        ( - 9.340e+02 2 0)
|        ( - 1.228e+02 1 0))
|    ( QUESTION0 -1 2.828e+02 6.135e+01 2.118e+01
|        ( - 1.515e+02 1 0)
|        ( - 6.991e+01 1 0)))
s>    ( QUESTION1 -1 1.535e+03 1.254e+02 9.491e+01
s>        ( QUESTION2 -1 1.126e+03 6.966e+01 7.372e+01
s>            ( - 9.340e+02 2 0)
s>            ( - 1.228e+02 1 0))
s>        ( QUESTION0 -1 2.828e+02 6.135e+01 2.118e+01
s>            ( - 1.515e+02 1 0)
s>            ( - 6.991e+01 1 0)))INFO: dtree.c(1315): Comp split 4
INFO: dtree.c(1439): stop. leaf nodes are specific
INFO: dtree.c(1478): Final simple tree
|( QUESTION0 -1 4.153e+02 6.882e+01 2.600e+01
|    ( - 8.898e+01 1 0)
|    ( WDBNDRY_B 0 2.575e+02 3.203e+01 1.600e+01
|        ( - 2.139e+02 1 0)
|        ( - 1.156e+01 1 0)))
s>    ( QUESTION0 -1 4.153e+02 6.882e+01 2.600e+01
s>        ( - 8.898e+01 1 0)
s>        ( WDBNDRY_B 0 2.575e+02 3.203e+01 1.600e+01
s>            ( - 2.139e+02 1 0)
s>            ( - 1.156e+01 1 0)))INFO: dtree.c(1315): Comp split 5
INFO: dtree.c(1439): stop. leaf nodes are specific
INFO: dtree.c(1478): Final simple tree
|( SILENCE -1 3.002e+02 3.777e+01 2.600e+01
|    ( - 1.620e+02 1 0)
|    ( - 1.004e+02 1 0))
s>    ( SILENCE -1 3.002e+02 3.777e+01 2.600e+01
s>        ( - 1.620e+02 1 0)
s>        ( - 1.004e+02 1 0))INFO: dtree.c(1439): stop. leaf nodes are specific
INFO: dtree.c(1478): Final simple tree
|( QUESTION0 -1 5.321e+02 5.208e+01 3.500e+01
|    ( - 3.864e+01 1 0)
|    ( - 4.414e+02 2 0))
s>    ( QUESTION0 -1 5.321e+02 5.208e+01 3.500e+01
s>        ( - 3.864e+01 1 0)
s>        ( - 4.414e+02 2 0))INFO: dtree.c(1315): Comp split 6
INFO: dtree.c(1439): stop. leaf nodes are specific
INFO: dtree.c(1478): Final simple tree
|( QUESTION0 -1 2.828e+02 6.135e+01 2.118e+01
|    ( - 1.515e+02 1 0)
|    ( - 6.991e+01 1 0))
s>    ( QUESTION0 -1 2.828e+02 6.135e+01 2.118e+01
s>        ( - 1.515e+02 1 0)
s>        ( - 6.991e+01 1 0))INFO: dtree.c(1439): stop. leaf nodes are specific
INFO: dtree.c(1478): Final simple tree
|( QUESTION2 -1 1.126e+03 6.966e+01 7.372e+01
|    ( - 9.340e+02 2 0)
|    ( - 1.228e+02 1 0))
s>    ( QUESTION2 -1 1.126e+03 6.966e+01 7.372e+01
s>        ( - 9.340e+02 2 0)
s>        ( - 1.228e+02 1 0))INFO: dtree.c(1315): Comp split 7
INFO: dtree.c(1439): stop. leaf nodes are specific
INFO: dtree.c(1478): Final simple tree
|( WDBNDRY_B 0 1.283e+02 2.777e+01 1.200e+01
|    ( - 8.898e+01 1 0)
|    ( - 1.156e+01 1 0))
s>    ( WDBNDRY_B 0 1.283e+02 2.777e+01 1.200e+01
s>        ( - 8.898e+01 1 0)
s>        ( - 1.156e+01 1 0))INFO: dtree.c(1315): Comp split 8
INFO: dtree.c(1315): Comp split 9
INFO: dtree.c(1315): Comp split 10
INFO: dtree.c(1315): Comp split 11
INFO: dtree.c(1315): Comp split 12
INFO: dtree.c(1315): Comp split 13
INFO: dtree.c(1315): Comp split 14
INFO: dtree.c(1318): stop. leaf nodes are specific
Fri Nov  2 10:08:00 2018
