Current configuration:
[NAME]		[DEFLT]	[VALUE]
-allphones	no	no
-cntthresh	0.00001	1.000000e-05
-csplitmax	100	2000
-csplitmin	1	1
-csplitthr	8e-4	0.000000e+00
-example	no	no
-fullvar	no	no
-help		no	no
-meanfn			
-mixwfn			/home/sdv/Documents/SDV/SDVoice/an4/model_parameters/an4.cd_semi_untied/mixture_weights
-moddeffn		/home/sdv/Documents/SDV/SDVoice/an4/model_architecture/an4.untied.mdef
-mwfloor	1e-4	1.000000e-08
-phone			AA
-psetfn			/home/sdv/Documents/SDV/SDVoice/an4/model_architecture/an4.tree_questions
-ssplitmax	5	7
-ssplitmin	1	1
-ssplitthr	8e-4	0.000000e+00
-state			0
-stwt			1.0,0.05,0.0,
-treefn			/home/sdv/Documents/SDV/SDVoice/an4/trees/an4.unpruned/AA-0.dtree
-ts2cbfn	.semi.	.semi.
-varfloor	0.00001	1.000000e-05
-varfn			

INFO: main.c(223): Reading: /home/sdv/Documents/SDV/SDVoice/an4/model_architecture/an4.untied.mdef
INFO: model_def_io.c(573): Model definition info:
INFO: model_def_io.c(574): 1618 total models defined (34 base, 1584 tri)
INFO: model_def_io.c(575): 6472 total states
INFO: model_def_io.c(576): 4854 total tied states
INFO: model_def_io.c(577): 102 total tied CI states
INFO: model_def_io.c(578): 34 total tied transition matrices
INFO: model_def_io.c(579): 4 max state/model
INFO: model_def_io.c(580): 4 min state/model
INFO: main.c(242): Building trees for [AA AH R b] through [AA UW R b]
INFO: main.c(269): Covering states |[102 161]| == 60
INFO: main.c(275): Reading: /home/sdv/Documents/SDV/SDVoice/an4/model_parameters/an4.cd_semi_untied/mixture_weights
INFO: s3mixw_io.c(173): Read /home/sdv/Documents/SDV/SDVoice/an4/model_parameters/an4.cd_semi_untied/mixture_weights [60x4x256 array]
INFO: main.c(311): 20 of 20 models have observation count greater than 0.000010
INFO: main.c(95): nrm stwt: 0.952 0.048 0.000 
INFO: main.c(411): 20-class entropy: 4.043700e+04
INFO: main.c(549): Reading: /home/sdv/Documents/SDV/SDVoice/an4/model_architecture/an4.tree_questions
INFO: main.c(588): 176 total simple questions (168 phone; 8 word bndry)
INFO: main.c(590): 42 Left Only questions, and 42 Right Only questions
INFO: dtree.c(1478): Final simple tree
|( QUESTION13 -1 4.936e+04 1.841e+03 1.808e+03
|    ( QUESTION14 -1 2.838e+04 1.009e+03 1.079e+03
|        ( - 1.266e+04 2 0)
|        ( QUESTION16 -1 1.471e+04 7.657e+02 5.596e+02
|            ( - 2.949e+03 3 0 QUESTION2_0_L -1 2.945e+02 1.283e+02)
|            ( - 1.099e+04 1 0)))
|    ( QUESTION2_11_L -1 1.915e+04 1.096e+03 7.289e+02
|        ( WDBNDRY_B 0 3.464e+03 4.504e+02 1.606e+02
|            ( - 9.109e+02 2 0 QUESTION11 -1 1.302e+02 4.900e+01)
|            ( - 2.102e+03 3 0 QUESTION0_10_R 1 2.103e+02 1.116e+02))
|        ( QUESTION2 -1 1.459e+04 7.972e+02 5.682e+02
|            ( - 8.435e+03 2 0)
|            ( SILENCE -1 5.355e+03 4.590e+02 2.293e+02
|                ( - 2.730e+03 3 0 QUESTION0_0_R 1 2.806e+02 1.293e+02)
|                ( - 2.166e+03 4 0 QUESTION11 -1 2.671e+02 1.000e+02)))))
s>    ( QUESTION13 -1 4.936e+04 1.841e+03 1.808e+03
s>        ( QUESTION14 -1 2.838e+04 1.009e+03 1.079e+03
s>            ( - 1.266e+04 2 0)
s>            ( QUESTION16 -1 1.471e+04 7.657e+02 5.596e+02
s>                ( - 2.949e+03 3 0 QUESTION2_0_L -1 2.945e+02 1.283e+02)
s>                ( - 1.099e+04 1 0)))
s>        ( QUESTION2_11_L -1 1.915e+04 1.096e+03 7.289e+02
s>            ( WDBNDRY_B 0 3.464e+03 4.504e+02 1.606e+02
s>                ( - 9.109e+02 2 0 QUESTION11 -1 1.302e+02 4.900e+01)
s>                ( - 2.102e+03 3 0 QUESTION0_10_R 1 2.103e+02 1.116e+02))
s>            ( QUESTION2 -1 1.459e+04 7.972e+02 5.682e+02
s>                ( - 8.435e+03 2 0)
s>                ( SILENCE -1 5.355e+03 4.590e+02 2.293e+02
s>                    ( - 2.730e+03 3 0 QUESTION0_0_R 1 2.806e+02 1.293e+02)
s>                    ( - 2.166e+03 4 0 QUESTION11 -1 2.671e+02 1.000e+02)))))INFO: dtree.c(1315): Comp split 0
INFO: dtree.c(1478): Final simple tree
|( QUESTION2_11_L -1 2.279e+04 1.127e+03 8.572e+02
|    ( WDBNDRY_B 0 3.464e+03 4.504e+02 1.606e+02
|        ( - 9.109e+02 2 0 QUESTION11 -1 1.302e+02 4.900e+01)
|        ( - 2.102e+03 3 0 QUESTION0_10_R 1 2.103e+02 1.116e+02))
|    ( QUESTION2 -1 1.820e+04 8.344e+02 6.966e+02
|        ( - 8.435e+03 2 0)
|        ( QUESTION13 -1 8.935e+03 6.310e+02 3.576e+02
|            ( QUESTION2_0_L -1 2.949e+03 2.945e+02 1.283e+02
|                ( - 4.455e+02 1 0)
|                ( - 2.209e+03 2 0))
|            ( SILENCE -1 5.355e+03 4.590e+02 2.293e+02
|                ( QUESTION0_0_R 1 2.730e+03 2.806e+02 1.293e+02
|                    ( - 1.820e+03 1 0)
|                    ( - 6.304e+02 2 0 QUESTION0_11_R 1 1.190e+02 3.797e+01))
|                ( - 2.166e+03 4 0 QUESTION11 -1 2.671e+02 1.000e+02)))))
s>    ( QUESTION2_11_L -1 2.279e+04 1.127e+03 8.572e+02
s>        ( WDBNDRY_B 0 3.464e+03 4.504e+02 1.606e+02
s>            ( - 9.109e+02 2 0 QUESTION11 -1 1.302e+02 4.900e+01)
s>            ( - 2.102e+03 3 0 QUESTION0_10_R 1 2.103e+02 1.116e+02))
s>        ( QUESTION2 -1 1.820e+04 8.344e+02 6.966e+02
s>            ( - 8.435e+03 2 0)
s>            ( QUESTION13 -1 8.935e+03 6.310e+02 3.576e+02
s>                ( QUESTION2_0_L -1 2.949e+03 2.945e+02 1.283e+02
s>                    ( - 4.455e+02 1 0)
s>                    ( - 2.209e+03 2 0))
s>                ( SILENCE -1 5.355e+03 4.590e+02 2.293e+02
s>                    ( QUESTION0_0_R 1 2.730e+03 2.806e+02 1.293e+02
s>                        ( - 1.820e+03 1 0)
s>                        ( - 6.304e+02 2 0 QUESTION0_11_R 1 1.190e+02 3.797e+01))
s>                    ( - 2.166e+03 4 0 QUESTION11 -1 2.671e+02 1.000e+02)))))INFO: dtree.c(1439): stop. leaf nodes are specific
INFO: dtree.c(1478): Final simple tree
|( QUESTION14 -1 2.463e+04 9.758e+02 9.508e+02
|    ( - 1.266e+04 2 0)
|    ( - 1.099e+04 1 0))
s>    ( QUESTION14 -1 2.463e+04 9.758e+02 9.508e+02
s>        ( - 1.266e+04 2 0)
s>        ( - 1.099e+04 1 0))INFO: dtree.c(1315): Comp split 1
INFO: dtree.c(1439): stop. leaf nodes are specific
INFO: dtree.c(1478): Final simple tree
|( WDBNDRY_B 0 2.854e+03 3.062e+02 1.396e+02
|    ( - 4.455e+02 1 0)
|    ( QUESTION0_10_R 1 2.102e+03 2.103e+02 1.116e+02
|        ( - 1.274e+03 1 0)
|        ( QUESTION0_0_R 1 6.175e+02 9.198e+01 4.086e+01
|            ( - 4.724e+02 1 0)
|            ( - 5.313e+01 1 0))))
s>    ( WDBNDRY_B 0 2.854e+03 3.062e+02 1.396e+02
s>        ( - 4.455e+02 1 0)
s>        ( QUESTION0_10_R 1 2.102e+03 2.103e+02 1.116e+02
s>            ( - 1.274e+03 1 0)
s>            ( QUESTION0_0_R 1 6.175e+02 9.198e+01 4.086e+01
s>                ( - 4.724e+02 1 0)
s>                ( - 5.313e+01 1 0))))INFO: dtree.c(1478): Final simple tree
|( QUESTION1 -1 1.878e+04 8.961e+02 7.176e+02
|    ( QUESTION2 -1 9.319e+03 3.365e+02 3.710e+02
|        ( - 8.435e+03 2 0)
|        ( - 5.479e+02 2 0 WDBNDRY_B 0 1.085e+02 3.200e+01))
|    ( QUESTION2_7_L -1 8.561e+03 6.018e+02 3.466e+02
|        ( QUESTION0 -1 2.861e+03 2.473e+02 1.253e+02
|            ( - 4.048e+02 1 0)
|            ( - 2.209e+03 2 0))
|        ( SILENCE -1 5.098e+03 4.378e+02 2.213e+02
|            ( QUESTION0_0_R 1 2.730e+03 2.806e+02 1.293e+02
|                ( - 1.820e+03 1 0)
|                ( - 6.304e+02 2 0 QUESTION0_11_R 1 1.190e+02 3.797e+01))
|            ( QUESTION2_11_L -1 1.930e+03 2.451e+02 9.200e+01
|                ( - 9.109e+02 2 0 QUESTION11 -1 1.302e+02 4.900e+01)
|                ( - 7.735e+02 1 0)))))
s>    ( QUESTION1 -1 1.878e+04 8.961e+02 7.176e+02
s>        ( QUESTION2 -1 9.319e+03 3.365e+02 3.710e+02
s>            ( - 8.435e+03 2 0)
s>            ( - 5.479e+02 2 0 WDBNDRY_B 0 1.085e+02 3.200e+01))
s>        ( QUESTION2_7_L -1 8.561e+03 6.018e+02 3.466e+02
s>            ( QUESTION0 -1 2.861e+03 2.473e+02 1.253e+02
s>                ( - 4.048e+02 1 0)
s>                ( - 2.209e+03 2 0))
s>            ( SILENCE -1 5.098e+03 4.378e+02 2.213e+02
s>                ( QUESTION0_0_R 1 2.730e+03 2.806e+02 1.293e+02
s>                    ( - 1.820e+03 1 0)
s>                    ( - 6.304e+02 2 0 QUESTION0_11_R 1 1.190e+02 3.797e+01))
s>                ( QUESTION2_11_L -1 1.930e+03 2.451e+02 9.200e+01
s>                    ( - 9.109e+02 2 0 QUESTION11 -1 1.302e+02 4.900e+01)
s>                    ( - 7.735e+02 1 0)))))INFO: dtree.c(1315): Comp split 2
INFO: dtree.c(1315): Comp split 3
INFO: dtree.c(1478): Final simple tree
|( QUESTION2_7_L -1 8.561e+03 6.018e+02 3.466e+02
|    ( QUESTION0 -1 2.861e+03 2.473e+02 1.253e+02
|        ( - 4.048e+02 1 0)
|        ( - 2.209e+03 2 0))
|    ( SILENCE -1 5.098e+03 4.378e+02 2.213e+02
|        ( QUESTION0_0_R 1 2.730e+03 2.806e+02 1.293e+02
|            ( - 1.820e+03 1 0)
|            ( QUESTION0_11_R 1 6.304e+02 1.190e+02 3.797e+01
|                ( - 2.372e+02 1 0)
|                ( - 2.742e+02 1 0)))
|        ( QUESTION2_11_L -1 1.930e+03 2.451e+02 9.200e+01
|            ( QUESTION11 -1 9.109e+02 1.302e+02 4.900e+01
|                ( - 6.277e+02 1 0)
|                ( - 1.530e+02 1 0))
|            ( - 7.735e+02 1 0))))
s>    ( QUESTION2_7_L -1 8.561e+03 6.018e+02 3.466e+02
s>        ( QUESTION0 -1 2.861e+03 2.473e+02 1.253e+02
s>            ( - 4.048e+02 1 0)
s>            ( - 2.209e+03 2 0))
s>        ( SILENCE -1 5.098e+03 4.378e+02 2.213e+02
s>            ( QUESTION0_0_R 1 2.730e+03 2.806e+02 1.293e+02
s>                ( - 1.820e+03 1 0)
s>                ( QUESTION0_11_R 1 6.304e+02 1.190e+02 3.797e+01
s>                    ( - 2.372e+02 1 0)
s>                    ( - 2.742e+02 1 0)))
s>            ( QUESTION2_11_L -1 1.930e+03 2.451e+02 9.200e+01
s>                ( QUESTION11 -1 9.109e+02 1.302e+02 4.900e+01
s>                    ( - 6.277e+02 1 0)
s>                    ( - 1.530e+02 1 0))
s>                ( - 7.735e+02 1 0))))INFO: dtree.c(1439): stop. leaf nodes are specific
INFO: dtree.c(1478): Final simple tree
|( QUESTION2 -1 9.319e+03 3.365e+02 3.710e+02
|    ( - 8.435e+03 2 0)
|    ( WDBNDRY_B 0 5.479e+02 1.085e+02 3.200e+01
|        ( - 2.582e+02 1 0)
|        ( - 1.812e+02 1 0)))
s>    ( QUESTION2 -1 9.319e+03 3.365e+02 3.710e+02
s>        ( - 8.435e+03 2 0)
s>        ( WDBNDRY_B 0 5.479e+02 1.085e+02 3.200e+01
s>            ( - 2.582e+02 1 0)
s>            ( - 1.812e+02 1 0)))INFO: dtree.c(1315): Comp split 4
INFO: dtree.c(1439): stop. leaf nodes are specific
INFO: dtree.c(1478): Final simple tree
|( QUESTION13 -1 3.306e+03 3.139e+02 1.433e+02
|    ( - 2.209e+03 2 0)
|    ( SILENCE -1 7.829e+02 1.408e+02 4.300e+01
|        ( - 2.372e+02 1 0)
|        ( - 4.048e+02 1 0)))
s>    ( QUESTION13 -1 3.306e+03 3.139e+02 1.433e+02
s>        ( - 2.209e+03 2 0)
s>        ( SILENCE -1 7.829e+02 1.408e+02 4.300e+01
s>            ( - 2.372e+02 1 0)
s>            ( - 4.048e+02 1 0)))INFO: dtree.c(1439): stop. leaf nodes are specific
INFO: dtree.c(1478): Final simple tree
|( QUESTION11 -1 4.638e+03 4.278e+02 2.033e+02
|    ( QUESTION2_11_L -1 1.620e+03 2.185e+02 7.900e+01
|        ( - 6.277e+02 1 0)
|        ( - 7.735e+02 1 0))
|    ( QUESTION0_0_R 1 2.590e+03 1.890e+02 1.243e+02
|        ( SILENCE -1 2.127e+03 1.543e+02 1.043e+02
|            ( - 1.820e+03 1 0)
|            ( - 1.530e+02 1 0))
|        ( - 2.742e+02 1 0)))
s>    ( QUESTION11 -1 4.638e+03 4.278e+02 2.033e+02
s>        ( QUESTION2_11_L -1 1.620e+03 2.185e+02 7.900e+01
s>            ( - 6.277e+02 1 0)
s>            ( - 7.735e+02 1 0))
s>        ( QUESTION0_0_R 1 2.590e+03 1.890e+02 1.243e+02
s>            ( SILENCE -1 2.127e+03 1.543e+02 1.043e+02
s>                ( - 1.820e+03 1 0)
s>                ( - 1.530e+02 1 0))
s>            ( - 2.742e+02 1 0)))INFO: dtree.c(1315): Comp split 5
INFO: dtree.c(1439): stop. leaf nodes are specific
INFO: dtree.c(1478): Final simple tree
|( QUESTION2_16_L -1 2.389e+03 2.723e+02 1.120e+02
|    ( - 7.735e+02 1 0)
|    ( QUESTION11 -1 1.344e+03 2.067e+02 6.897e+01
|        ( - 6.277e+02 1 0)
|        ( SILENCE -1 5.093e+02 8.208e+01 3.297e+01
|            ( - 2.742e+02 1 0)
|            ( - 1.530e+02 1 0))))
s>    ( QUESTION2_16_L -1 2.389e+03 2.723e+02 1.120e+02
s>        ( - 7.735e+02 1 0)
s>        ( QUESTION11 -1 1.344e+03 2.067e+02 6.897e+01
s>            ( - 6.277e+02 1 0)
s>            ( SILENCE -1 5.093e+02 8.208e+01 3.297e+01
s>                ( - 2.742e+02 1 0)
s>                ( - 1.530e+02 1 0))))INFO: dtree.c(1315): Comp split 6
INFO: dtree.c(1439): stop. leaf nodes are specific
INFO: dtree.c(1478): Final simple tree
|( QUESTION0_0_R 1 1.932e+03 1.849e+02 1.056e+02
|    ( - 4.724e+02 1 0)
|    ( - 1.274e+03 1 0))
s>    ( QUESTION0_0_R 1 1.932e+03 1.849e+02 1.056e+02
s>        ( - 4.724e+02 1 0)
s>        ( - 1.274e+03 1 0))INFO: dtree.c(1439): stop. leaf nodes are specific
INFO: dtree.c(1478): Final simple tree
|( WDBNDRY_B 0 5.855e+02 8.692e+01 3.401e+01
|    ( - 4.455e+02 1 0)
|    ( - 5.313e+01 1 0))
s>    ( WDBNDRY_B 0 5.855e+02 8.692e+01 3.401e+01
s>        ( - 4.455e+02 1 0)
s>        ( - 5.313e+01 1 0))INFO: dtree.c(1315): Comp split 7
INFO: dtree.c(1439): stop. leaf nodes are specific
INFO: dtree.c(1478): Final simple tree
|( WDBNDRY_B 0 5.479e+02 1.085e+02 3.200e+01
|    ( - 2.582e+02 1 0)
|    ( - 1.812e+02 1 0))
s>    ( WDBNDRY_B 0 5.479e+02 1.085e+02 3.200e+01
s>        ( - 2.582e+02 1 0)
s>        ( - 1.812e+02 1 0))INFO: dtree.c(1315): Comp split 8
INFO: dtree.c(1439): stop. leaf nodes are specific
INFO: dtree.c(1478): Final simple tree
|( SILENCE -1 7.829e+02 1.408e+02 4.300e+01
|    ( - 2.372e+02 1 0)
|    ( - 4.048e+02 1 0))
s>    ( SILENCE -1 7.829e+02 1.408e+02 4.300e+01
s>        ( - 2.372e+02 1 0)
s>        ( - 4.048e+02 1 0))INFO: dtree.c(1315): Comp split 9
INFO: dtree.c(1439): stop. leaf nodes are specific
INFO: dtree.c(1478): Final simple tree
|( QUESTION11 -1 1.344e+03 2.067e+02 6.897e+01
|    ( - 6.277e+02 1 0)
|    ( SILENCE -1 5.093e+02 8.208e+01 3.297e+01
|        ( - 2.742e+02 1 0)
|        ( - 1.530e+02 1 0)))
s>    ( QUESTION11 -1 1.344e+03 2.067e+02 6.897e+01
s>        ( - 6.277e+02 1 0)
s>        ( SILENCE -1 5.093e+02 8.208e+01 3.297e+01
s>            ( - 2.742e+02 1 0)
s>            ( - 1.530e+02 1 0)))INFO: dtree.c(1315): Comp split 10
INFO: dtree.c(1439): stop. leaf nodes are specific
INFO: dtree.c(1478): Final simple tree
|( SILENCE -1 5.093e+02 8.208e+01 3.297e+01
|    ( - 2.742e+02 1 0)
|    ( - 1.530e+02 1 0))
s>    ( SILENCE -1 5.093e+02 8.208e+01 3.297e+01
s>        ( - 2.742e+02 1 0)
s>        ( - 1.530e+02 1 0))INFO: dtree.c(1315): Comp split 11
INFO: dtree.c(1315): Comp split 12
INFO: dtree.c(1315): Comp split 13
INFO: dtree.c(1315): Comp split 14
INFO: dtree.c(1315): Comp split 15
INFO: dtree.c(1315): Comp split 16
INFO: dtree.c(1318): stop. leaf nodes are specific
Fri Nov  2 10:05:58 2018
