Current configuration:
[NAME]		[DEFLT]	[VALUE]
-allphones	no	no
-cntthresh	0.00001	1.000000e-05
-csplitmax	100	2000
-csplitmin	1	1
-csplitthr	8e-4	0.000000e+00
-example	no	no
-fullvar	no	no
-help		no	no
-meanfn			
-mixwfn			/home/sdv/Documents/SDV/SDVoice/an4/model_parameters/an4.cd_semi_untied/mixture_weights
-moddeffn		/home/sdv/Documents/SDV/SDVoice/an4/model_architecture/an4.untied.mdef
-mwfloor	1e-4	1.000000e-08
-phone			OW
-psetfn			/home/sdv/Documents/SDV/SDVoice/an4/model_architecture/an4.tree_questions
-ssplitmax	5	7
-ssplitmin	1	1
-ssplitthr	8e-4	0.000000e+00
-state			0
-stwt			1.0,0.05,0.0,
-treefn			/home/sdv/Documents/SDV/SDVoice/an4/trees/an4.unpruned/OW-0.dtree
-ts2cbfn	.semi.	.semi.
-varfloor	0.00001	1.000000e-05
-varfn			

INFO: main.c(223): Reading: /home/sdv/Documents/SDV/SDVoice/an4/model_architecture/an4.untied.mdef
INFO: model_def_io.c(573): Model definition info:
INFO: model_def_io.c(574): 1618 total models defined (34 base, 1584 tri)
INFO: model_def_io.c(575): 6472 total states
INFO: model_def_io.c(576): 4854 total tied states
INFO: model_def_io.c(577): 102 total tied CI states
INFO: model_def_io.c(578): 34 total tied transition matrices
INFO: model_def_io.c(579): 4 max state/model
INFO: model_def_io.c(580): 4 min state/model
INFO: main.c(242): Building trees for [OW AY AA s] through [OW V SIL s]
INFO: main.c(269): Covering states |[3225 3578]| == 354
INFO: main.c(275): Reading: /home/sdv/Documents/SDV/SDVoice/an4/model_parameters/an4.cd_semi_untied/mixture_weights
INFO: s3mixw_io.c(173): Read /home/sdv/Documents/SDV/SDVoice/an4/model_parameters/an4.cd_semi_untied/mixture_weights [354x4x256 array]
INFO: main.c(311): 118 of 118 models have observation count greater than 0.000010
INFO: main.c(95): nrm stwt: 0.952 0.048 0.000 
INFO: main.c(411): 118-class entropy: 3.657553e+04
INFO: main.c(549): Reading: /home/sdv/Documents/SDV/SDVoice/an4/model_architecture/an4.tree_questions
INFO: main.c(588): 176 total simple questions (168 phone; 8 word bndry)
INFO: main.c(590): 42 Left Only questions, and 42 Right Only questions
INFO: dtree.c(1478): Final simple tree
|( WDBNDRY_S 0 6.442e+04 1.800e+03 2.342e+03
|    ( QUESTION2_9_L -1 5.600e+04 1.273e+03 2.035e+03
|        ( QUESTION7 -1 2.589e+04 1.089e+03 9.656e+02
|            ( - 7.692e+03 16 0 QUESTION10 1 5.878e+02 3.185e+02)
|            ( QUESTION0_10_R 1 1.711e+04 8.176e+02 6.471e+02
|                ( - 8.706e+03 21 0 QUESTION1 -1 5.869e+02 3.446e+02)
|                ( - 7.584e+03 22 0 QUESTION0_1_R 1 6.077e+02 3.025e+02)))
|        ( QUESTION13 -1 2.884e+04 1.037e+03 1.069e+03
|            ( QUESTION0_10_R 1 1.333e+04 7.441e+02 5.217e+02
|                ( - 6.287e+03 8 0 QUESTION15 1 4.262e+02 2.671e+02)
|                ( - 6.298e+03 12 0 QUESTION13 1 5.546e+02 2.546e+02))
|            ( QUESTION11 -1 1.448e+04 8.117e+02 5.477e+02
|                ( - 7.121e+03 11 0 QUESTION13 1 6.112e+02 2.792e+02)
|                ( - 6.543e+03 17 0 QUESTION0_10_R 1 5.739e+02 2.684e+02))))
|    ( - 6.620e+03 11 0 QUESTION7 -1 6.065e+02 3.069e+02))
s>    ( WDBNDRY_S 0 6.442e+04 1.800e+03 2.342e+03
s>        ( QUESTION2_9_L -1 5.600e+04 1.273e+03 2.035e+03
s>            ( QUESTION7 -1 2.589e+04 1.089e+03 9.656e+02
s>                ( - 7.692e+03 16 0 QUESTION10 1 5.878e+02 3.185e+02)
s>                ( QUESTION0_10_R 1 1.711e+04 8.176e+02 6.471e+02
s>                    ( - 8.706e+03 21 0 QUESTION1 -1 5.869e+02 3.446e+02)
s>                    ( - 7.584e+03 22 0 QUESTION0_1_R 1 6.077e+02 3.025e+02)))
s>            ( QUESTION13 -1 2.884e+04 1.037e+03 1.069e+03
s>                ( QUESTION0_10_R 1 1.333e+04 7.441e+02 5.217e+02
s>                    ( - 6.287e+03 8 0 QUESTION15 1 4.262e+02 2.671e+02)
s>                    ( - 6.298e+03 12 0 QUESTION13 1 5.546e+02 2.546e+02))
s>                ( QUESTION11 -1 1.448e+04 8.117e+02 5.477e+02
s>                    ( - 7.121e+03 11 0 QUESTION13 1 6.112e+02 2.792e+02)
s>                    ( - 6.543e+03 17 0 QUESTION0_10_R 1 5.739e+02 2.684e+02))))
s>        ( - 6.620e+03 11 0 QUESTION7 -1 6.065e+02 3.069e+02))INFO: dtree.c(1315): Comp split 0
INFO: dtree.c(1478): Final simple tree
|( QUESTION2_9_L -1 3.989e+04 1.188e+03 1.449e+03
|    ( QUESTION0_10_R 1 1.711e+04 8.176e+02 6.471e+02
|        ( QUESTION1 -1 8.706e+03 5.869e+02 3.446e+02
|            ( - 3.956e+03 9 0 QUESTION0_13_R 1 3.832e+02 1.696e+02)
|            ( - 4.164e+03 12 0 QUESTION0 -1 4.246e+02 1.750e+02))
|        ( QUESTION0_1_R 1 7.584e+03 6.077e+02 3.025e+02
|            ( - 2.419e+03 6 0 QUESTION1 -1 2.219e+02 1.110e+02)
|            ( - 4.556e+03 16 0 QUESTION10 1 4.622e+02 1.914e+02)))
|    ( QUESTION11 -1 2.159e+04 9.053e+02 8.023e+02
|        ( QUESTION13 1 7.121e+03 6.112e+02 2.792e+02
|            ( - 3.380e+03 5 0 QUESTION2_11_L -1 3.385e+02 1.442e+02)
|            ( - 3.130e+03 6 0 QUESTION0_10_R 1 3.794e+02 1.350e+02))
|        ( QUESTION13 1 1.356e+04 7.406e+02 5.231e+02
|            ( - 5.399e+03 9 0 QUESTION14 -1 5.285e+02 2.207e+02)
|            ( - 7.425e+03 20 0 QUESTION10 1 5.732e+02 3.024e+02))))
s>    ( QUESTION2_9_L -1 3.989e+04 1.188e+03 1.449e+03
s>        ( QUESTION0_10_R 1 1.711e+04 8.176e+02 6.471e+02
s>            ( QUESTION1 -1 8.706e+03 5.869e+02 3.446e+02
s>                ( - 3.956e+03 9 0 QUESTION0_13_R 1 3.832e+02 1.696e+02)
s>                ( - 4.164e+03 12 0 QUESTION0 -1 4.246e+02 1.750e+02))
s>            ( QUESTION0_1_R 1 7.584e+03 6.077e+02 3.025e+02
s>                ( - 2.419e+03 6 0 QUESTION1 -1 2.219e+02 1.110e+02)
s>                ( - 4.556e+03 16 0 QUESTION10 1 4.622e+02 1.914e+02)))
s>        ( QUESTION11 -1 2.159e+04 9.053e+02 8.023e+02
s>            ( QUESTION13 1 7.121e+03 6.112e+02 2.792e+02
s>                ( - 3.380e+03 5 0 QUESTION2_11_L -1 3.385e+02 1.442e+02)
s>                ( - 3.130e+03 6 0 QUESTION0_10_R 1 3.794e+02 1.350e+02))
s>            ( QUESTION13 1 1.356e+04 7.406e+02 5.231e+02
s>                ( - 5.399e+03 9 0 QUESTION14 -1 5.285e+02 2.207e+02)
s>                ( - 7.425e+03 20 0 QUESTION10 1 5.732e+02 3.024e+02))))INFO: dtree.c(1478): Final simple tree
|( WDBNDRY_E 0 2.268e+04 1.251e+03 8.925e+02
|    ( QUESTION2 -1 6.072e+03 5.916e+02 2.859e+02
|        ( - 1.652e+03 7 0 SILENCE 1 2.474e+02 8.179e+01)
|        ( - 3.829e+03 2 0 QUESTION0 -1 2.642e+02 2.041e+02))
|    ( QUESTION1 -1 1.535e+04 8.656e+02 6.066e+02
|        ( QUESTION10 1 7.692e+03 5.878e+02 3.185e+02
|            ( QUESTION11 1 2.980e+03 3.692e+02 1.412e+02
|                ( - 1.188e+03 2 0)
|                ( - 1.423e+03 4 0 QUESTION0_17_R 1 1.694e+02 7.618e+01))
|            ( QUESTION8 -1 4.124e+03 4.060e+02 1.773e+02
|                ( - 1.647e+03 4 0 QUESTION0_13_R 1 2.200e+02 7.999e+01)
|                ( - 2.071e+03 6 0 SILENCE 1 2.880e+02 9.735e+01)))
|        ( QUESTION15 1 6.795e+03 4.482e+02 2.881e+02
|            ( - 3.731e+03 3 0 QUESTION0_12_R 1 1.950e+02 1.670e+02)
|            ( - 2.616e+03 7 0 QUESTION0_15_R 1 3.051e+02 1.210e+02))))
s>    ( WDBNDRY_E 0 2.268e+04 1.251e+03 8.925e+02
s>        ( QUESTION2 -1 6.072e+03 5.916e+02 2.859e+02
s>            ( - 1.652e+03 7 0 SILENCE 1 2.474e+02 8.179e+01)
s>            ( - 3.829e+03 2 0 QUESTION0 -1 2.642e+02 2.041e+02))
s>        ( QUESTION1 -1 1.535e+04 8.656e+02 6.066e+02
s>            ( QUESTION10 1 7.692e+03 5.878e+02 3.185e+02
s>                ( QUESTION11 1 2.980e+03 3.692e+02 1.412e+02
s>                    ( - 1.188e+03 2 0)
s>                    ( - 1.423e+03 4 0 QUESTION0_17_R 1 1.694e+02 7.618e+01))
s>                ( QUESTION8 -1 4.124e+03 4.060e+02 1.773e+02
s>                    ( - 1.647e+03 4 0 QUESTION0_13_R 1 2.200e+02 7.999e+01)
s>                    ( - 2.071e+03 6 0 SILENCE 1 2.880e+02 9.735e+01)))
s>            ( QUESTION15 1 6.795e+03 4.482e+02 2.881e+02
s>                ( - 3.731e+03 3 0 QUESTION0_12_R 1 1.950e+02 1.670e+02)
s>                ( - 2.616e+03 7 0 QUESTION0_15_R 1 3.051e+02 1.210e+02))))INFO: dtree.c(1315): Comp split 1
INFO: dtree.c(1478): Final simple tree
|( SILENCE 1 7.795e+03 6.837e+02 3.509e+02
|    ( QUESTION7 -1 4.970e+03 4.471e+02 2.449e+02
|        ( - 2.887e+03 1 0)
|        ( QUESTION0 -1 1.636e+03 2.429e+02 8.411e+01
|            ( - 7.152e+02 1 0)
|            ( - 6.782e+02 1 0)))
|    ( WDBNDRY_E 0 2.141e+03 2.635e+02 1.060e+02
|        ( QUESTION11 1 6.892e+02 9.400e+01 4.100e+01
|            ( - 4.351e+02 3 0)
|            ( QUESTION0_11_R 1 1.601e+02 4.744e+01 1.200e+01
|                ( - 3.572e+01 1 0)
|                ( QUESTION0_10_R 1 7.695e+01 2.839e+01 7.000e+00
|                    ( - 1.511e+01 1 0)
|                    ( - 3.345e+01 1 0))))
|        ( - 1.188e+03 2 0)))
s>    ( SILENCE 1 7.795e+03 6.837e+02 3.509e+02
s>        ( QUESTION7 -1 4.970e+03 4.471e+02 2.449e+02
s>            ( - 2.887e+03 1 0)
s>            ( QUESTION0 -1 1.636e+03 2.429e+02 8.411e+01
s>                ( - 7.152e+02 1 0)
s>                ( - 6.782e+02 1 0)))
s>        ( WDBNDRY_E 0 2.141e+03 2.635e+02 1.060e+02
s>            ( QUESTION11 1 6.892e+02 9.400e+01 4.100e+01
s>                ( - 4.351e+02 3 0)
s>                ( QUESTION0_11_R 1 1.601e+02 4.744e+01 1.200e+01
s>                    ( - 3.572e+01 1 0)
s>                    ( QUESTION0_10_R 1 7.695e+01 2.839e+01 7.000e+00
s>                        ( - 1.511e+01 1 0)
s>                        ( - 3.345e+01 1 0))))
s>            ( - 1.188e+03 2 0)))INFO: dtree.c(1478): Final simple tree
|( QUESTION1 -1 1.363e+04 7.904e+02 5.416e+02
|    ( QUESTION13 1 6.044e+03 5.220e+02 2.535e+02
|        ( QUESTION0_0_R 1 2.281e+03 2.716e+02 1.053e+02
|            ( - 1.209e+03 2 0 QUESTION8 -1 1.844e+02 5.932e+01)
|            ( - 8.005e+02 3 0 QUESTION0_12_R 1 1.282e+02 4.600e+01))
|        ( QUESTION10 1 3.241e+03 3.770e+02 1.482e+02
|            ( - 1.423e+03 4 0 QUESTION0_17_R 1 1.694e+02 7.618e+01)
|            ( SILENCE 1 1.441e+03 2.168e+02 7.202e+01
|                ( - 7.736e+02 1 0)
|                ( - 4.507e+02 4 0 QUESTION0_10_R 1 8.959e+01 2.700e+01))))
|    ( QUESTION15 1 6.795e+03 4.482e+02 2.881e+02
|        ( - 3.731e+03 3 0 QUESTION0_12_R 1 1.950e+02 1.670e+02)
|        ( QUESTION0_15_R 1 2.616e+03 3.051e+02 1.210e+02
|            ( - 9.083e+02 3 0 WDBNDRY_S 0 1.564e+02 5.003e+01)
|            ( - 1.402e+03 4 0 QUESTION0_11_R 1 2.010e+02 7.100e+01))))
s>    ( QUESTION1 -1 1.363e+04 7.904e+02 5.416e+02
s>        ( QUESTION13 1 6.044e+03 5.220e+02 2.535e+02
s>            ( QUESTION0_0_R 1 2.281e+03 2.716e+02 1.053e+02
s>                ( - 1.209e+03 2 0 QUESTION8 -1 1.844e+02 5.932e+01)
s>                ( - 8.005e+02 3 0 QUESTION0_12_R 1 1.282e+02 4.600e+01))
s>            ( QUESTION10 1 3.241e+03 3.770e+02 1.482e+02
s>                ( - 1.423e+03 4 0 QUESTION0_17_R 1 1.694e+02 7.618e+01)
s>                ( SILENCE 1 1.441e+03 2.168e+02 7.202e+01
s>                    ( - 7.736e+02 1 0)
s>                    ( - 4.507e+02 4 0 QUESTION0_10_R 1 8.959e+01 2.700e+01))))
s>        ( QUESTION15 1 6.795e+03 4.482e+02 2.881e+02
s>            ( - 3.731e+03 3 0 QUESTION0_12_R 1 1.950e+02 1.670e+02)
s>            ( QUESTION0_15_R 1 2.616e+03 3.051e+02 1.210e+02
s>                ( - 9.083e+02 3 0 WDBNDRY_S 0 1.564e+02 5.003e+01)
s>                ( - 1.402e+03 4 0 QUESTION0_11_R 1 2.010e+02 7.100e+01))))INFO: dtree.c(1315): Comp split 2
INFO: dtree.c(1478): Final simple tree
|( QUESTION11 -1 2.159e+04 9.053e+02 8.023e+02
|    ( QUESTION13 1 7.121e+03 6.112e+02 2.792e+02
|        ( - 3.380e+03 5 0 QUESTION2_11_L -1 3.385e+02 1.442e+02)
|        ( QUESTION0_10_R 1 3.130e+03 3.794e+02 1.350e+02
|            ( - 1.690e+03 2 0 QUESTION0_18_R 1 1.366e+02 8.000e+01)
|            ( - 1.061e+03 4 0 SILENCE 1 1.552e+02 5.500e+01)))
|    ( QUESTION13 1 1.356e+04 7.406e+02 5.231e+02
|        ( QUESTION14 -1 5.399e+03 5.285e+02 2.207e+02
|            ( - 2.466e+03 3 0 QUESTION0_1_R 1 3.044e+02 1.104e+02)
|            ( - 2.404e+03 6 0 QUESTION0_12_R 1 2.860e+02 1.103e+02))
|        ( QUESTION10 1 7.425e+03 5.732e+02 3.024e+02
|            ( QUESTION11 1 4.431e+03 4.352e+02 1.904e+02
|                ( - 3.093e+03 6 0 QUESTION13 -1 3.397e+02 1.364e+02)
|                ( - 9.031e+02 4 0 QUESTION0_18_R 1 1.836e+02 5.400e+01))
|            ( - 2.421e+03 10 0 QUESTION14 -1 3.219e+02 1.120e+02))))
s>    ( QUESTION11 -1 2.159e+04 9.053e+02 8.023e+02
s>        ( QUESTION13 1 7.121e+03 6.112e+02 2.792e+02
s>            ( - 3.380e+03 5 0 QUESTION2_11_L -1 3.385e+02 1.442e+02)
s>            ( QUESTION0_10_R 1 3.130e+03 3.794e+02 1.350e+02
s>                ( - 1.690e+03 2 0 QUESTION0_18_R 1 1.366e+02 8.000e+01)
s>                ( - 1.061e+03 4 0 SILENCE 1 1.552e+02 5.500e+01)))
s>        ( QUESTION13 1 1.356e+04 7.406e+02 5.231e+02
s>            ( QUESTION14 -1 5.399e+03 5.285e+02 2.207e+02
s>                ( - 2.466e+03 3 0 QUESTION0_1_R 1 3.044e+02 1.104e+02)
s>                ( - 2.404e+03 6 0 QUESTION0_12_R 1 2.860e+02 1.103e+02))
s>            ( QUESTION10 1 7.425e+03 5.732e+02 3.024e+02
s>                ( QUESTION11 1 4.431e+03 4.352e+02 1.904e+02
s>                    ( - 3.093e+03 6 0 QUESTION13 -1 3.397e+02 1.364e+02)
s>                    ( - 9.031e+02 4 0 QUESTION0_18_R 1 1.836e+02 5.400e+01))
s>                ( - 2.421e+03 10 0 QUESTION14 -1 3.219e+02 1.120e+02))))INFO: dtree.c(1478): Final simple tree
|( QUESTION0_10_R 1 1.711e+04 8.176e+02 6.471e+02
|    ( QUESTION1 -1 8.706e+03 5.869e+02 3.446e+02
|        ( QUESTION0_13_R 1 3.956e+03 3.832e+02 1.696e+02
|            ( - 2.473e+03 2 0)
|            ( - 1.100e+03 7 0 QUESTION0_11_R 1 1.774e+02 5.800e+01))
|        ( QUESTION0 -1 4.164e+03 4.246e+02 1.750e+02
|            ( - 1.478e+03 4 0 QUESTION0_11_R 1 2.122e+02 7.400e+01)
|            ( - 2.262e+03 8 0 QUESTION0_15_R 1 2.160e+02 1.010e+02)))
|    ( QUESTION0_1_R 1 7.584e+03 6.077e+02 3.025e+02
|        ( - 2.419e+03 6 0 QUESTION1 -1 2.219e+02 1.110e+02)
|        ( QUESTION10 1 4.556e+03 4.622e+02 1.914e+02
|            ( - 1.752e+03 7 0 QUESTION11 1 1.527e+02 8.443e+01)
|            ( QUESTION1 -1 2.342e+03 3.005e+02 1.070e+02
|                ( - 1.080e+03 5 0 QUESTION0_0_R 1 1.900e+02 5.600e+01)
|                ( - 9.614e+02 4 0 QUESTION0 -1 1.481e+02 5.100e+01)))))
s>    ( QUESTION0_10_R 1 1.711e+04 8.176e+02 6.471e+02
s>        ( QUESTION1 -1 8.706e+03 5.869e+02 3.446e+02
s>            ( QUESTION0_13_R 1 3.956e+03 3.832e+02 1.696e+02
s>                ( - 2.473e+03 2 0)
s>                ( - 1.100e+03 7 0 QUESTION0_11_R 1 1.774e+02 5.800e+01))
s>            ( QUESTION0 -1 4.164e+03 4.246e+02 1.750e+02
s>                ( - 1.478e+03 4 0 QUESTION0_11_R 1 2.122e+02 7.400e+01)
s>                ( - 2.262e+03 8 0 QUESTION0_15_R 1 2.160e+02 1.010e+02)))
s>        ( QUESTION0_1_R 1 7.584e+03 6.077e+02 3.025e+02
s>            ( - 2.419e+03 6 0 QUESTION1 -1 2.219e+02 1.110e+02)
s>            ( QUESTION10 1 4.556e+03 4.622e+02 1.914e+02
s>                ( - 1.752e+03 7 0 QUESTION11 1 1.527e+02 8.443e+01)
s>                ( QUESTION1 -1 2.342e+03 3.005e+02 1.070e+02
s>                    ( - 1.080e+03 5 0 QUESTION0_0_R 1 1.900e+02 5.600e+01)
s>                    ( - 9.614e+02 4 0 QUESTION0 -1 1.481e+02 5.100e+01)))))INFO: dtree.c(1315): Comp split 3
INFO: dtree.c(1478): Final simple tree
|( QUESTION2_6_L -1 1.043e+04 6.820e+02 4.127e+02
|    ( QUESTION0_20_R 1 6.676e+03 5.539e+02 2.744e+02
|        ( QUESTION0 -1 3.273e+03 3.387e+02 1.424e+02
|            ( - 1.401e+03 5 0 QUESTION11 1 2.130e+02 6.812e+01)
|            ( - 1.534e+03 3 0 QUESTION1 1 1.027e+02 7.424e+01))
|        ( QUESTION0_9_R 1 2.849e+03 4.096e+02 1.320e+02
|            ( - 8.940e+02 4 0 QUESTION0_18_R 1 1.834e+02 5.500e+01)
|            ( QUESTION0 -1 1.545e+03 2.249e+02 7.703e+01
|                ( - 4.575e+02 3 0 SILENCE 1 9.015e+01 2.900e+01)
|                ( - 8.625e+02 4 0 SILENCE 1 1.496e+02 4.803e+01))))
|    ( QUESTION0_9_R 1 3.070e+03 3.136e+02 1.383e+02
|        ( QUESTION0_13_R 1 1.926e+03 2.537e+02 9.186e+01
|            ( - 6.767e+02 1 0)
|            ( - 9.955e+02 2 0 QUESTION0_10_R 1 1.398e+02 5.286e+01))
|        ( - 8.303e+02 4 0 SILENCE -1 1.541e+02 4.645e+01)))
s>    ( QUESTION2_6_L -1 1.043e+04 6.820e+02 4.127e+02
s>        ( QUESTION0_20_R 1 6.676e+03 5.539e+02 2.744e+02
s>            ( QUESTION0 -1 3.273e+03 3.387e+02 1.424e+02
s>                ( - 1.401e+03 5 0 QUESTION11 1 2.130e+02 6.812e+01)
s>                ( - 1.534e+03 3 0 QUESTION1 1 1.027e+02 7.424e+01))
s>            ( QUESTION0_9_R 1 2.849e+03 4.096e+02 1.320e+02
s>                ( - 8.940e+02 4 0 QUESTION0_18_R 1 1.834e+02 5.500e+01)
s>                ( QUESTION0 -1 1.545e+03 2.249e+02 7.703e+01
s>                    ( - 4.575e+02 3 0 SILENCE 1 9.015e+01 2.900e+01)
s>                    ( - 8.625e+02 4 0 SILENCE 1 1.496e+02 4.803e+01))))
s>        ( QUESTION0_9_R 1 3.070e+03 3.136e+02 1.383e+02
s>            ( QUESTION0_13_R 1 1.926e+03 2.537e+02 9.186e+01
s>                ( - 6.767e+02 1 0)
s>                ( - 9.955e+02 2 0 QUESTION0_10_R 1 1.398e+02 5.286e+01))
s>            ( - 8.303e+02 4 0 SILENCE -1 1.541e+02 4.645e+01)))INFO: dtree.c(1478): Final simple tree
|( QUESTION13 1 1.020e+04 6.798e+02 3.896e+02
|    ( QUESTION0 -1 6.387e+03 5.411e+02 2.546e+02
|        ( QUESTION2_11_L -1 3.380e+03 3.385e+02 1.442e+02
|            ( QUESTION0_13_R 1 2.298e+03 1.890e+02 1.062e+02
|                ( - 1.812e+03 1 0)
|                ( - 2.969e+02 2 0 QUESTION0_0_R 1 7.631e+01 2.000e+01))
|            ( - 7.437e+02 2 0 QUESTION0_0_R 1 1.165e+02 3.800e+01))
|        ( QUESTION0_1_R 1 2.466e+03 3.044e+02 1.104e+02
|            ( - 1.361e+03 2 0)
|            ( - 8.005e+02 1 0)))
|    ( QUESTION0_10_R 1 3.130e+03 3.794e+02 1.350e+02
|        ( - 1.690e+03 2 0 QUESTION0_18_R 1 1.366e+02 8.000e+01)
|        ( SILENCE 1 1.061e+03 1.552e+02 5.500e+01
|            ( - 1.982e+02 1 0)
|            ( - 7.072e+02 3 0 QUESTION2_11_L -1 6.175e+01 4.000e+01))))
s>    ( QUESTION13 1 1.020e+04 6.798e+02 3.896e+02
s>        ( QUESTION0 -1 6.387e+03 5.411e+02 2.546e+02
s>            ( QUESTION2_11_L -1 3.380e+03 3.385e+02 1.442e+02
s>                ( QUESTION0_13_R 1 2.298e+03 1.890e+02 1.062e+02
s>                    ( - 1.812e+03 1 0)
s>                    ( - 2.969e+02 2 0 QUESTION0_0_R 1 7.631e+01 2.000e+01))
s>                ( - 7.437e+02 2 0 QUESTION0_0_R 1 1.165e+02 3.800e+01))
s>            ( QUESTION0_1_R 1 2.466e+03 3.044e+02 1.104e+02
s>                ( - 1.361e+03 2 0)
s>                ( - 8.005e+02 1 0)))
s>        ( QUESTION0_10_R 1 3.130e+03 3.794e+02 1.350e+02
s>            ( - 1.690e+03 2 0 QUESTION0_18_R 1 1.366e+02 8.000e+01)
s>            ( SILENCE 1 1.061e+03 1.552e+02 5.500e+01
s>                ( - 1.982e+02 1 0)
s>                ( - 7.072e+02 3 0 QUESTION2_11_L -1 6.175e+01 4.000e+01))))INFO: dtree.c(1315): Comp split 4
INFO: dtree.c(1478): Final simple tree
|( QUESTION16 1 7.220e+03 5.569e+02 2.920e+02
|    ( QUESTION0_1_R 1 3.176e+03 3.096e+02 1.390e+02
|        ( QUESTION1 -1 2.419e+03 2.219e+02 1.110e+02
|            ( - 1.793e+03 3 0)
|            ( - 4.046e+02 3 0 QUESTION0 -1 8.989e+01 2.500e+01))
|        ( - 4.467e+02 2 0 QUESTION1 -1 1.065e+02 2.800e+01))
|    ( QUESTION0_9_R 1 3.487e+03 3.867e+02 1.530e+02
|        ( QUESTION0_11_R 1 1.916e+03 2.499e+02 9.300e+01
|            ( - 6.529e+02 1 0)
|            ( QUESTION0_15_R 1 1.013e+03 1.580e+02 5.500e+01
|                ( - 3.206e+02 2 0)
|                ( - 5.347e+02 3 0 QUESTION0_10_R 1 1.015e+02 3.300e+01)))
|        ( QUESTION10 -1 1.184e+03 1.940e+02 6.000e+01
|            ( - 3.937e+02 2 0)
|            ( - 5.965e+02 3 0 QUESTION0 -1 1.226e+02 3.400e+01))))
s>    ( QUESTION16 1 7.220e+03 5.569e+02 2.920e+02
s>        ( QUESTION0_1_R 1 3.176e+03 3.096e+02 1.390e+02
s>            ( QUESTION1 -1 2.419e+03 2.219e+02 1.110e+02
s>                ( - 1.793e+03 3 0)
s>                ( - 4.046e+02 3 0 QUESTION0 -1 8.989e+01 2.500e+01))
s>            ( - 4.467e+02 2 0 QUESTION1 -1 1.065e+02 2.800e+01))
s>        ( QUESTION0_9_R 1 3.487e+03 3.867e+02 1.530e+02
s>            ( QUESTION0_11_R 1 1.916e+03 2.499e+02 9.300e+01
s>                ( - 6.529e+02 1 0)
s>                ( QUESTION0_15_R 1 1.013e+03 1.580e+02 5.500e+01
s>                    ( - 3.206e+02 2 0)
s>                    ( - 5.347e+02 3 0 QUESTION0_10_R 1 1.015e+02 3.300e+01)))
s>            ( QUESTION10 -1 1.184e+03 1.940e+02 6.000e+01
s>                ( - 3.937e+02 2 0)
s>                ( - 5.965e+02 3 0 QUESTION0 -1 1.226e+02 3.400e+01))))INFO: dtree.c(1478): Final simple tree
|( QUESTION0_11_R 1 9.031e+03 6.038e+02 3.551e+02
|    ( QUESTION0_12_R 1 3.766e+03 3.076e+02 1.606e+02
|        ( - 6.071e+02 4 0 QUESTION14 1 1.220e+02 3.600e+01)
|        ( QUESTION0 -1 2.852e+03 1.924e+02 1.246e+02
|            ( - 2.473e+03 2 0)
|            ( - 1.862e+02 2 0)))
|    ( QUESTION0_15_R 1 4.661e+03 4.588e+02 1.944e+02
|        ( QUESTION0 -1 2.137e+03 1.901e+02 9.799e+01
|            ( - 2.303e+02 2 0)
|            ( - 1.717e+03 3 0))
|        ( QUESTION11 1 2.065e+03 2.339e+02 9.643e+01
|            ( QUESTION0 -1 1.495e+03 1.258e+02 7.443e+01
|                ( - 1.244e+03 4 0)
|                ( - 1.256e+02 1 0))
|            ( - 3.358e+02 6 0 QUESTION0_10_R 1 8.050e+01 2.200e+01))))
s>    ( QUESTION0_11_R 1 9.031e+03 6.038e+02 3.551e+02
s>        ( QUESTION0_12_R 1 3.766e+03 3.076e+02 1.606e+02
s>            ( - 6.071e+02 4 0 QUESTION14 1 1.220e+02 3.600e+01)
s>            ( QUESTION0 -1 2.852e+03 1.924e+02 1.246e+02
s>                ( - 2.473e+03 2 0)
s>                ( - 1.862e+02 2 0)))
s>        ( QUESTION0_15_R 1 4.661e+03 4.588e+02 1.944e+02
s>            ( QUESTION0 -1 2.137e+03 1.901e+02 9.799e+01
s>                ( - 2.303e+02 2 0)
s>                ( - 1.717e+03 3 0))
s>            ( QUESTION11 1 2.065e+03 2.339e+02 9.643e+01
s>                ( QUESTION0 -1 1.495e+03 1.258e+02 7.443e+01
s>                    ( - 1.244e+03 4 0)
s>                    ( - 1.256e+02 1 0))
s>                ( - 3.358e+02 6 0 QUESTION0_10_R 1 8.050e+01 2.200e+01))))INFO: dtree.c(1315): Comp split 5
INFO: dtree.c(1478): Final simple tree
|( QUESTION13 1 6.044e+03 5.220e+02 2.535e+02
|    ( QUESTION0_0_R 1 2.281e+03 2.716e+02 1.053e+02
|        ( QUESTION8 -1 1.209e+03 1.844e+02 5.932e+01
|            ( - 7.256e+02 1 0)
|            ( - 2.993e+02 1 0))
|        ( QUESTION0_12_R 1 8.005e+02 1.282e+02 4.600e+01
|            ( - 2.047e+02 2 0 QUESTION8 -1 4.684e+01 1.600e+01)
|            ( - 4.676e+02 1 0)))
|    ( QUESTION10 1 3.241e+03 3.770e+02 1.482e+02
|        ( QUESTION0_17_R 1 1.423e+03 1.694e+02 7.618e+01
|            ( - 9.056e+02 2 0 QUESTION8 -1 8.604e+01 5.109e+01)
|            ( - 3.481e+02 2 0 QUESTION0_10_R 1 7.111e+01 2.509e+01))
|        ( SILENCE 1 1.441e+03 2.168e+02 7.202e+01
|            ( - 7.736e+02 1 0)
|            ( - 4.507e+02 4 0 QUESTION0_10_R 1 8.959e+01 2.700e+01))))
s>    ( QUESTION13 1 6.044e+03 5.220e+02 2.535e+02
s>        ( QUESTION0_0_R 1 2.281e+03 2.716e+02 1.053e+02
s>            ( QUESTION8 -1 1.209e+03 1.844e+02 5.932e+01
s>                ( - 7.256e+02 1 0)
s>                ( - 2.993e+02 1 0))
s>            ( QUESTION0_12_R 1 8.005e+02 1.282e+02 4.600e+01
s>                ( - 2.047e+02 2 0 QUESTION8 -1 4.684e+01 1.600e+01)
s>                ( - 4.676e+02 1 0)))
s>        ( QUESTION10 1 3.241e+03 3.770e+02 1.482e+02
s>            ( QUESTION0_17_R 1 1.423e+03 1.694e+02 7.618e+01
s>                ( - 9.056e+02 2 0 QUESTION8 -1 8.604e+01 5.109e+01)
s>                ( - 3.481e+02 2 0 QUESTION0_10_R 1 7.111e+01 2.509e+01))
s>            ( SILENCE 1 1.441e+03 2.168e+02 7.202e+01
s>                ( - 7.736e+02 1 0)
s>                ( - 4.507e+02 4 0 QUESTION0_10_R 1 8.959e+01 2.700e+01))))INFO: dtree.c(1478): Final simple tree
|( QUESTION15 1 6.795e+03 4.482e+02 2.881e+02
|    ( QUESTION0_12_R 1 3.731e+03 1.950e+02 1.670e+02
|        ( - 1.301e+02 1 0)
|        ( - 3.406e+03 2 0))
|    ( QUESTION0_15_R 1 2.616e+03 3.051e+02 1.210e+02
|        ( WDBNDRY_S 0 9.083e+02 1.564e+02 5.003e+01
|            ( - 4.805e+02 1 0)
|            ( QUESTION2_14_L -1 2.714e+02 4.825e+01 2.100e+01
|                ( - 3.670e+01 1 0)
|                ( - 1.865e+02 1 0)))
|        ( QUESTION0_11_R 1 1.402e+03 2.010e+02 7.100e+01
|            ( - 5.992e+02 2 0)
|            ( QUESTION0_17_R 1 6.022e+02 1.102e+02 3.500e+01
|                ( - 3.793e+02 1 0)
|                ( - 1.127e+02 1 0)))))
s>    ( QUESTION15 1 6.795e+03 4.482e+02 2.881e+02
s>        ( QUESTION0_12_R 1 3.731e+03 1.950e+02 1.670e+02
s>            ( - 1.301e+02 1 0)
s>            ( - 3.406e+03 2 0))
s>        ( QUESTION0_15_R 1 2.616e+03 3.051e+02 1.210e+02
s>            ( WDBNDRY_S 0 9.083e+02 1.564e+02 5.003e+01
s>                ( - 4.805e+02 1 0)
s>                ( QUESTION2_14_L -1 2.714e+02 4.825e+01 2.100e+01
s>                    ( - 3.670e+01 1 0)
s>                    ( - 1.865e+02 1 0)))
s>            ( QUESTION0_11_R 1 1.402e+03 2.010e+02 7.100e+01
s>                ( - 5.992e+02 2 0)
s>                ( QUESTION0_17_R 1 6.022e+02 1.102e+02 3.500e+01
s>                    ( - 3.793e+02 1 0)
s>                    ( - 1.127e+02 1 0)))))INFO: dtree.c(1315): Comp split 6
INFO: dtree.c(1478): Final simple tree
|( SILENCE -1 4.375e+03 4.544e+02 1.933e+02
|    ( QUESTION0_13_R 1 2.525e+03 2.686e+02 1.163e+02
|        ( - 6.767e+02 1 0)
|        ( QUESTION15 1 1.580e+03 2.151e+02 7.731e+01
|            ( QUESTION0_0_R 1 7.481e+02 1.171e+02 4.031e+01
|                ( - 1.369e+02 1 0)
|                ( - 4.941e+02 1 0))
|            ( - 6.169e+02 2 0 QUESTION0_0_R 1 1.106e+02 3.700e+01)))
|    ( QUESTION0_14_R 1 1.395e+03 2.255e+02 7.700e+01
|        ( QUESTION0_18_R 1 5.793e+02 1.388e+02 4.100e+01
|            ( - 1.994e+02 1 0)
|            ( - 2.411e+02 2 0 QUESTION0_17_R 1 5.381e+01 1.800e+01))
|        ( QUESTION0_9_R 1 5.902e+02 1.202e+02 3.600e+01
|            ( - 1.669e+02 1 0)
|            ( - 3.031e+02 2 0 SILENCE 1 4.584e+01 2.200e+01))))
s>    ( SILENCE -1 4.375e+03 4.544e+02 1.933e+02
s>        ( QUESTION0_13_R 1 2.525e+03 2.686e+02 1.163e+02
s>            ( - 6.767e+02 1 0)
s>            ( QUESTION15 1 1.580e+03 2.151e+02 7.731e+01
s>                ( QUESTION0_0_R 1 7.481e+02 1.171e+02 4.031e+01
s>                    ( - 1.369e+02 1 0)
s>                    ( - 4.941e+02 1 0))
s>                ( - 6.169e+02 2 0 QUESTION0_0_R 1 1.106e+02 3.700e+01)))
s>        ( QUESTION0_14_R 1 1.395e+03 2.255e+02 7.700e+01
s>            ( QUESTION0_18_R 1 5.793e+02 1.388e+02 4.100e+01
s>                ( - 1.994e+02 1 0)
s>                ( - 2.411e+02 2 0 QUESTION0_17_R 1 5.381e+01 1.800e+01))
s>            ( QUESTION0_9_R 1 5.902e+02 1.202e+02 3.600e+01
s>                ( - 1.669e+02 1 0)
s>                ( - 3.031e+02 2 0 SILENCE 1 4.584e+01 2.200e+01))))INFO: dtree.c(1478): Final simple tree
|( QUESTION11 1 5.266e+03 4.780e+02 2.194e+02
|    ( QUESTION0 -1 2.463e+03 2.792e+02 1.124e+02
|        ( - 8.175e+02 3 0 QUESTION1 -1 5.606e+01 4.512e+01)
|        ( - 1.366e+03 2 0))
|    ( QUESTION0 -1 2.326e+03 3.225e+02 1.070e+02
|        ( QUESTION1 -1 9.847e+02 1.602e+02 5.200e+01
|            ( - 3.109e+02 2 0 SILENCE 1 7.279e+01 2.100e+01)
|            ( QUESTION0_9_R 1 5.136e+02 1.009e+02 3.100e+01
|                ( - 1.613e+02 1 0)
|                ( - 2.515e+02 2 0 SILENCE 1 6.281e+01 1.800e+01)))
|        ( SILENCE 1 1.019e+03 1.654e+02 5.503e+01
|            ( - 4.559e+02 2 0)
|            ( QUESTION0_0_R 1 3.974e+02 7.534e+01 2.703e+01
|                ( - 2.570e+02 2 0)
|                ( - 6.504e+01 1 0)))))
s>    ( QUESTION11 1 5.266e+03 4.780e+02 2.194e+02
s>        ( QUESTION0 -1 2.463e+03 2.792e+02 1.124e+02
s>            ( - 8.175e+02 3 0 QUESTION1 -1 5.606e+01 4.512e+01)
s>            ( - 1.366e+03 2 0))
s>        ( QUESTION0 -1 2.326e+03 3.225e+02 1.070e+02
s>            ( QUESTION1 -1 9.847e+02 1.602e+02 5.200e+01
s>                ( - 3.109e+02 2 0 SILENCE 1 7.279e+01 2.100e+01)
s>                ( QUESTION0_9_R 1 5.136e+02 1.009e+02 3.100e+01
s>                    ( - 1.613e+02 1 0)
s>                    ( - 2.515e+02 2 0 SILENCE 1 6.281e+01 1.800e+01)))
s>            ( SILENCE 1 1.019e+03 1.654e+02 5.503e+01
s>                ( - 4.559e+02 2 0)
s>                ( QUESTION0_0_R 1 3.974e+02 7.534e+01 2.703e+01
s>                    ( - 2.570e+02 2 0)
s>                    ( - 6.504e+01 1 0)))))INFO: dtree.c(1315): Comp split 7
INFO: dtree.c(1439): stop. leaf nodes are specific
INFO: dtree.c(1478): Final simple tree
|( QUESTION0_10_R 1 4.895e+03 4.652e+02 2.042e+02
|    ( QUESTION0_12_R 1 2.076e+03 1.417e+02 9.723e+01
|        ( - 1.226e+02 1 0)
|        ( - 1.812e+03 1 0))
|    ( QUESTION2_11_L -1 2.353e+03 2.985e+02 1.070e+02
|        ( QUESTION0_9_R 1 1.179e+03 1.794e+02 6.100e+01
|            ( - 6.272e+02 2 0)
|            ( SILENCE 1 3.727e+02 7.649e+01 2.400e+01
|                ( - 1.982e+02 1 0)
|                ( - 9.801e+01 1 0)))
|        ( QUESTION0_0_R 1 8.753e+02 5.656e+01 4.600e+01
|            ( - 8.005e+02 1 0)
|            ( - 1.824e+01 1 0))))
s>    ( QUESTION0_10_R 1 4.895e+03 4.652e+02 2.042e+02
s>        ( QUESTION0_12_R 1 2.076e+03 1.417e+02 9.723e+01
s>            ( - 1.226e+02 1 0)
s>            ( - 1.812e+03 1 0))
s>        ( QUESTION2_11_L -1 2.353e+03 2.985e+02 1.070e+02
s>            ( QUESTION0_9_R 1 1.179e+03 1.794e+02 6.100e+01
s>                ( - 6.272e+02 2 0)
s>                ( SILENCE 1 3.727e+02 7.649e+01 2.400e+01
s>                    ( - 1.982e+02 1 0)
s>                    ( - 9.801e+01 1 0)))
s>            ( QUESTION0_0_R 1 8.753e+02 5.656e+01 4.600e+01
s>                ( - 8.005e+02 1 0)
s>                ( - 1.824e+01 1 0))))INFO: dtree.c(1439): stop. leaf nodes are specific
INFO: dtree.c(1478): Final simple tree
|( QUESTION0_14_R 1 4.539e+03 4.535e+02 1.854e+02
|    ( QUESTION0_18_R 1 1.690e+03 1.366e+02 8.000e+01
|        ( - 1.172e+02 1 0)
|        ( - 1.436e+03 1 0))
|    ( QUESTION0 -1 2.396e+03 2.911e+02 1.054e+02
|        ( QUESTION0_0_R 1 7.437e+02 1.165e+02 3.800e+01
|            ( - 4.916e+02 1 0)
|            ( - 1.356e+02 1 0))
|        ( - 1.361e+03 2 0)))
s>    ( QUESTION0_14_R 1 4.539e+03 4.535e+02 1.854e+02
s>        ( QUESTION0_18_R 1 1.690e+03 1.366e+02 8.000e+01
s>            ( - 1.172e+02 1 0)
s>            ( - 1.436e+03 1 0))
s>        ( QUESTION0 -1 2.396e+03 2.911e+02 1.054e+02
s>            ( QUESTION0_0_R 1 7.437e+02 1.165e+02 3.800e+01
s>                ( - 4.916e+02 1 0)
s>                ( - 1.356e+02 1 0))
s>            ( - 1.361e+03 2 0)))INFO: dtree.c(1315): Comp split 8
INFO: dtree.c(1439): stop. leaf nodes are specific
INFO: dtree.c(1478): Final simple tree
|( WDBNDRY_E 0 3.214e+03 3.740e+02 1.468e+02
|    ( SILENCE 1 1.652e+03 2.474e+02 8.179e+01
|        ( - 7.152e+02 1 0)
|        ( QUESTION11 1 6.892e+02 9.400e+01 4.100e+01
|            ( - 4.351e+02 3 0)
|            ( QUESTION0_11_R 1 1.601e+02 4.744e+01 1.200e+01
|                ( - 3.572e+01 1 0)
|                ( QUESTION0_10_R 1 7.695e+01 2.839e+01 7.000e+00
|                    ( - 1.511e+01 1 0)
|                    ( - 3.345e+01 1 0)))))
|    ( - 1.188e+03 2 0))
s>    ( WDBNDRY_E 0 3.214e+03 3.740e+02 1.468e+02
s>        ( SILENCE 1 1.652e+03 2.474e+02 8.179e+01
s>            ( - 7.152e+02 1 0)
s>            ( QUESTION11 1 6.892e+02 9.400e+01 4.100e+01
s>                ( - 4.351e+02 3 0)
s>                ( QUESTION0_11_R 1 1.601e+02 4.744e+01 1.200e+01
s>                    ( - 3.572e+01 1 0)
s>                    ( QUESTION0_10_R 1 7.695e+01 2.839e+01 7.000e+00
s>                        ( - 1.511e+01 1 0)
s>                        ( - 3.345e+01 1 0)))))
s>        ( - 1.188e+03 2 0))INFO: dtree.c(1439): stop. leaf nodes are specific
INFO: dtree.c(1478): Final simple tree
|( QUESTION0 -1 3.829e+03 2.642e+02 2.041e+02
|    ( - 2.887e+03 1 0)
|    ( - 6.782e+02 1 0))
s>    ( QUESTION0 -1 3.829e+03 2.642e+02 2.041e+02
s>        ( - 2.887e+03 1 0)
s>        ( - 6.782e+02 1 0))INFO: dtree.c(1315): Comp split 9
INFO: dtree.c(1439): stop. leaf nodes are specific
INFO: dtree.c(1478): Final simple tree
|( QUESTION0_11_R 1 4.607e+03 4.171e+02 1.926e+02
|    ( - 2.473e+03 2 0)
|    ( - 1.717e+03 3 0))
s>    ( QUESTION0_11_R 1 4.607e+03 4.171e+02 1.926e+02
s>        ( - 2.473e+03 2 0)
s>        ( - 1.717e+03 3 0))INFO: dtree.c(1478): Final simple tree
|( QUESTION11 1 3.777e+03 4.055e+02 1.624e+02
|    ( QUESTION0 -1 1.495e+03 1.258e+02 7.443e+01
|        ( - 1.244e+03 4 0)
|        ( - 1.256e+02 1 0))
|    ( QUESTION0_11_R 1 1.876e+03 2.525e+02 8.800e+01
|        ( QUESTION14 1 9.215e+02 1.630e+02 4.900e+01
|            ( - 3.155e+02 3 0 QUESTION0 -1 4.382e+01 2.100e+01)
|            ( QUESTION0_12_R 1 4.430e+02 8.719e+01 2.800e+01
|                ( - 1.696e+02 1 0)
|                ( - 1.862e+02 2 0)))
|        ( QUESTION0_15_R 1 7.025e+02 1.363e+02 3.900e+01
|            ( - 2.303e+02 2 0)
|            ( QUESTION0_10_R 1 3.358e+02 8.050e+01 2.200e+01
|                ( - 1.510e+02 4 0 QUESTION0 -1 4.354e+01 1.200e+01)
|                ( - 1.043e+02 2 0)))))
s>    ( QUESTION11 1 3.777e+03 4.055e+02 1.624e+02
s>        ( QUESTION0 -1 1.495e+03 1.258e+02 7.443e+01
s>            ( - 1.244e+03 4 0)
s>            ( - 1.256e+02 1 0))
s>        ( QUESTION0_11_R 1 1.876e+03 2.525e+02 8.800e+01
s>            ( QUESTION14 1 9.215e+02 1.630e+02 4.900e+01
s>                ( - 3.155e+02 3 0 QUESTION0 -1 4.382e+01 2.100e+01)
s>                ( QUESTION0_12_R 1 4.430e+02 8.719e+01 2.800e+01
s>                    ( - 1.696e+02 1 0)
s>                    ( - 1.862e+02 2 0)))
s>            ( QUESTION0_15_R 1 7.025e+02 1.363e+02 3.900e+01
s>                ( - 2.303e+02 2 0)
s>                ( QUESTION0_10_R 1 3.358e+02 8.050e+01 2.200e+01
s>                    ( - 1.510e+02 4 0 QUESTION0 -1 4.354e+01 1.200e+01)
s>                    ( - 1.043e+02 2 0)))))INFO: dtree.c(1315): Comp split 10
INFO: dtree.c(1478): Final simple tree
|( QUESTION14 1 2.687e+03 3.177e+02 1.210e+02
|    ( QUESTION10 -1 9.124e+02 1.719e+02 4.800e+01
|        ( - 3.937e+02 2 0)
|        ( QUESTION0 -1 3.469e+02 8.343e+01 2.200e+01
|            ( - 1.042e+02 1 0)
|            ( - 1.593e+02 1 0)))
|    ( QUESTION0_0_R 1 1.457e+03 2.152e+02 7.300e+01
|        ( QUESTION1 -1 4.467e+02 1.065e+02 2.800e+01
|            ( - 2.001e+02 1 0)
|            ( - 1.401e+02 1 0))
|        ( QUESTION0_20_R 1 7.952e+02 1.375e+02 4.500e+01
|            ( - 2.550e+02 2 0)
|            ( SILENCE 1 4.027e+02 8.951e+01 2.600e+01
|                ( - 1.349e+02 1 0)
|                ( - 1.782e+02 1 0)))))
s>    ( QUESTION14 1 2.687e+03 3.177e+02 1.210e+02
s>        ( QUESTION10 -1 9.124e+02 1.719e+02 4.800e+01
s>            ( - 3.937e+02 2 0)
s>            ( QUESTION0 -1 3.469e+02 8.343e+01 2.200e+01
s>                ( - 1.042e+02 1 0)
s>                ( - 1.593e+02 1 0)))
s>        ( QUESTION0_0_R 1 1.457e+03 2.152e+02 7.300e+01
s>            ( QUESTION1 -1 4.467e+02 1.065e+02 2.800e+01
s>                ( - 2.001e+02 1 0)
s>                ( - 1.401e+02 1 0))
s>            ( QUESTION0_20_R 1 7.952e+02 1.375e+02 4.500e+01
s>                ( - 2.550e+02 2 0)
s>                ( SILENCE 1 4.027e+02 8.951e+01 2.600e+01
s>                    ( - 1.349e+02 1 0)
s>                    ( - 1.782e+02 1 0)))))INFO: dtree.c(1439): stop. leaf nodes are specific
INFO: dtree.c(1478): Final simple tree
|( QUESTION0_0_R 1 3.933e+03 3.709e+02 1.710e+02
|    ( QUESTION1 -1 2.419e+03 2.219e+02 1.110e+02
|        ( - 1.793e+03 3 0)
|        ( QUESTION0 -1 4.046e+02 8.989e+01 2.500e+01
|            ( - 1.124e+02 1 0)
|            ( - 2.023e+02 2 0)))
|    ( QUESTION0_11_R 1 1.143e+03 1.691e+02 6.000e+01
|        ( - 6.529e+02 1 0)
|        ( - 3.206e+02 2 0)))
s>    ( QUESTION0_0_R 1 3.933e+03 3.709e+02 1.710e+02
s>        ( QUESTION1 -1 2.419e+03 2.219e+02 1.110e+02
s>            ( - 1.793e+03 3 0)
s>            ( QUESTION0 -1 4.046e+02 8.989e+01 2.500e+01
s>                ( - 1.124e+02 1 0)
s>                ( - 2.023e+02 2 0)))
s>        ( QUESTION0_11_R 1 1.143e+03 1.691e+02 6.000e+01
s>            ( - 6.529e+02 1 0)
s>            ( - 3.206e+02 2 0)))INFO: dtree.c(1315): Comp split 11
INFO: dtree.c(1478): Final simple tree
|( QUESTION8 -1 2.984e+03 3.275e+02 1.323e+02
|    ( QUESTION0_13_R 1 1.647e+03 2.200e+02 7.999e+01
|        ( - 4.676e+02 1 0)
|        ( QUESTION0_0_R 1 9.594e+02 1.011e+02 4.999e+01
|            ( - 7.256e+02 1 0)
|            ( - 1.327e+02 2 0 QUESTION0_11_R 1 4.027e+01 1.100e+01)))
|    ( QUESTION0_0_R 1 1.009e+03 1.751e+02 5.233e+01
|        ( QUESTION0_2_R 1 4.374e+02 7.659e+01 2.733e+01
|            ( - 6.156e+01 1 0)
|            ( - 2.993e+02 1 0))
|        ( QUESTION0_11_R 1 3.965e+02 9.283e+01 2.500e+01
|            ( - 1.345e+02 1 0)
|            ( QUESTION0_10_R 1 1.692e+02 4.472e+01 1.300e+01
|                ( - 7.549e+01 1 0)
|                ( - 4.894e+01 1 0)))))
s>    ( QUESTION8 -1 2.984e+03 3.275e+02 1.323e+02
s>        ( QUESTION0_13_R 1 1.647e+03 2.200e+02 7.999e+01
s>            ( - 4.676e+02 1 0)
s>            ( QUESTION0_0_R 1 9.594e+02 1.011e+02 4.999e+01
s>                ( - 7.256e+02 1 0)
s>                ( - 1.327e+02 2 0 QUESTION0_11_R 1 4.027e+01 1.100e+01)))
s>        ( QUESTION0_0_R 1 1.009e+03 1.751e+02 5.233e+01
s>            ( QUESTION0_2_R 1 4.374e+02 7.659e+01 2.733e+01
s>                ( - 6.156e+01 1 0)
s>                ( - 2.993e+02 1 0))
s>            ( QUESTION0_11_R 1 3.965e+02 9.283e+01 2.500e+01
s>                ( - 1.345e+02 1 0)
s>                ( QUESTION0_10_R 1 1.692e+02 4.472e+01 1.300e+01
s>                    ( - 7.549e+01 1 0)
s>                    ( - 4.894e+01 1 0)))))INFO: dtree.c(1439): stop. leaf nodes are specific
INFO: dtree.c(1478): Final simple tree
|( SILENCE 1 2.503e+03 3.062e+02 1.212e+02
|    ( - 7.736e+02 1 0)
|    ( QUESTION0_17_R 1 1.423e+03 1.694e+02 7.618e+01
|        ( QUESTION8 -1 9.056e+02 8.604e+01 5.109e+01
|            ( - 5.860e+01 1 0)
|            ( - 7.610e+02 1 0))
|        ( QUESTION0_10_R 1 3.481e+02 7.111e+01 2.509e+01
|            ( - 4.250e+01 1 0)
|            ( - 2.345e+02 1 0))))
s>    ( SILENCE 1 2.503e+03 3.062e+02 1.212e+02
s>        ( - 7.736e+02 1 0)
s>        ( QUESTION0_17_R 1 1.423e+03 1.694e+02 7.618e+01
s>            ( QUESTION8 -1 9.056e+02 8.604e+01 5.109e+01
s>                ( - 5.860e+01 1 0)
s>                ( - 7.610e+02 1 0))
s>            ( QUESTION0_10_R 1 3.481e+02 7.111e+01 2.509e+01
s>                ( - 4.250e+01 1 0)
s>                ( - 2.345e+02 1 0))))INFO: dtree.c(1315): Comp split 12
INFO: dtree.c(1439): stop. leaf nodes are specific
INFO: dtree.c(1478): Final simple tree
|( QUESTION11 1 2.171e+03 2.603e+02 1.003e+02
|    ( - 1.366e+03 2 0)
|    ( QUESTION0_0_R 1 5.444e+02 1.261e+02 3.303e+01
|        ( - 2.570e+02 2 0)
|        ( - 1.613e+02 1 0)))
s>    ( QUESTION11 1 2.171e+03 2.603e+02 1.003e+02
s>        ( - 1.366e+03 2 0)
s>        ( QUESTION0_0_R 1 5.444e+02 1.261e+02 3.303e+01
s>            ( - 2.570e+02 2 0)
s>            ( - 1.613e+02 1 0)))INFO: dtree.c(1478): Final simple tree
|( QUESTION0_9_R 1 2.613e+03 3.027e+02 1.191e+02
|    ( QUESTION1 1 1.219e+03 1.523e+02 6.212e+01
|        ( QUESTION0 -1 2.491e+02 6.205e+01 1.700e+01
|            ( - 1.220e+02 1 0)
|            ( - 6.504e+01 1 0))
|        ( QUESTION1 -1 8.175e+02 5.606e+01 4.512e+01
|            ( - 7.344e+02 2 0)
|            ( - 2.706e+01 1 0)))
|    ( QUESTION0 -1 1.092e+03 1.785e+02 5.700e+01
|        ( SILENCE 1 4.575e+02 9.015e+01 2.900e+01
|            ( QUESTION1 -1 2.403e+02 6.258e+01 1.800e+01
|                ( - 1.161e+02 1 0)
|                ( - 6.162e+01 1 0))
|            ( - 1.270e+02 1 0))
|        ( - 4.559e+02 2 0)))
s>    ( QUESTION0_9_R 1 2.613e+03 3.027e+02 1.191e+02
s>        ( QUESTION1 1 1.219e+03 1.523e+02 6.212e+01
s>            ( QUESTION0 -1 2.491e+02 6.205e+01 1.700e+01
s>                ( - 1.220e+02 1 0)
s>                ( - 6.504e+01 1 0))
s>            ( QUESTION1 -1 8.175e+02 5.606e+01 4.512e+01
s>                ( - 7.344e+02 2 0)
s>                ( - 2.706e+01 1 0)))
s>        ( QUESTION0 -1 1.092e+03 1.785e+02 5.700e+01
s>            ( SILENCE 1 4.575e+02 9.015e+01 2.900e+01
s>                ( QUESTION1 -1 2.403e+02 6.258e+01 1.800e+01
s>                    ( - 1.161e+02 1 0)
s>                    ( - 6.162e+01 1 0))
s>                ( - 1.270e+02 1 0))
s>            ( - 4.559e+02 2 0)))INFO: dtree.c(1315): Comp split 13
INFO: dtree.c(1439): stop. leaf nodes are specific
INFO: dtree.c(1478): Final simple tree
|( QUESTION0_13_R 1 2.298e+03 1.890e+02 1.062e+02
|    ( - 1.812e+03 1 0)
|    ( QUESTION0_0_R 1 2.969e+02 7.631e+01 2.000e+01
|        ( - 9.801e+01 1 0)
|        ( - 1.226e+02 1 0)))
s>    ( QUESTION0_13_R 1 2.298e+03 1.890e+02 1.062e+02
s>        ( - 1.812e+03 1 0)
s>        ( QUESTION0_0_R 1 2.969e+02 7.631e+01 2.000e+01
s>            ( - 9.801e+01 1 0)
s>            ( - 1.226e+02 1 0)))INFO: dtree.c(1439): stop. leaf nodes are specific
INFO: dtree.c(1478): Final simple tree
|( QUESTION2_11_L -1 2.124e+03 2.740e+02 9.800e+01
|    ( SILENCE 1 9.747e+02 1.492e+02 5.200e+01
|        ( - 1.982e+02 1 0)
|        ( - 6.272e+02 2 0))
|    ( QUESTION0_0_R 1 8.753e+02 5.656e+01 4.600e+01
|        ( - 8.005e+02 1 0)
|        ( - 1.824e+01 1 0)))
s>    ( QUESTION2_11_L -1 2.124e+03 2.740e+02 9.800e+01
s>        ( SILENCE 1 9.747e+02 1.492e+02 5.200e+01
s>            ( - 1.982e+02 1 0)
s>            ( - 6.272e+02 2 0))
s>        ( QUESTION0_0_R 1 8.753e+02 5.656e+01 4.600e+01
s>            ( - 8.005e+02 1 0)
s>            ( - 1.824e+01 1 0)))INFO: dtree.c(1315): Comp split 14
INFO: dtree.c(1439): stop. leaf nodes are specific
INFO: dtree.c(1478): Final simple tree
|( QUESTION0_0_R 1 2.172e+03 2.443e+02 9.700e+01
|    ( - 4.916e+02 1 0)
|    ( - 1.436e+03 1 0))
s>    ( QUESTION0_0_R 1 2.172e+03 2.443e+02 9.700e+01
s>        ( - 4.916e+02 1 0)
s>        ( - 1.436e+03 1 0))INFO: dtree.c(1439): stop. leaf nodes are specific
INFO: dtree.c(1478): Final simple tree
|( QUESTION0_0_R 1 1.901e+03 2.056e+02 8.836e+01
|    ( - 1.361e+03 2 0)
|    ( QUESTION0_11_R 1 3.345e+02 8.172e+01 2.100e+01
|        ( - 1.356e+02 1 0)
|        ( - 1.172e+02 1 0)))
s>    ( QUESTION0_0_R 1 1.901e+03 2.056e+02 8.836e+01
s>        ( - 1.361e+03 2 0)
s>        ( QUESTION0_11_R 1 3.345e+02 8.172e+01 2.100e+01
s>            ( - 1.356e+02 1 0)
s>            ( - 1.172e+02 1 0)))INFO: dtree.c(1315): Comp split 15
INFO: dtree.c(1439): stop. leaf nodes are specific
INFO: dtree.c(1478): Final simple tree
|( QUESTION0_11_R 1 4.487e+03 2.910e+02 1.990e+02
|    ( - 3.406e+03 2 0)
|    ( WDBNDRY_S 0 7.898e+02 1.390e+02 4.600e+01
|        ( - 3.793e+02 1 0)
|        ( QUESTION2_14_L -1 2.714e+02 4.825e+01 2.100e+01
|            ( - 3.670e+01 1 0)
|            ( - 1.865e+02 1 0))))
s>    ( QUESTION0_11_R 1 4.487e+03 2.910e+02 1.990e+02
s>        ( - 3.406e+03 2 0)
s>        ( WDBNDRY_S 0 7.898e+02 1.390e+02 4.600e+01
s>            ( - 3.793e+02 1 0)
s>            ( QUESTION2_14_L -1 2.714e+02 4.825e+01 2.100e+01
s>                ( - 3.670e+01 1 0)
s>                ( - 1.865e+02 1 0))))INFO: dtree.c(1439): stop. leaf nodes are specific
INFO: dtree.c(1478): Final simple tree
|( QUESTION0_11_R 1 1.849e+03 2.668e+02 8.903e+01
|    ( QUESTION14 1 8.693e+02 1.399e+02 5.000e+01
|        ( - 5.992e+02 2 0)
|        ( - 1.301e+02 1 0))
|    ( QUESTION0_15_R 1 7.125e+02 1.193e+02 3.903e+01
|        ( - 4.805e+02 1 0)
|        ( - 1.127e+02 1 0)))
s>    ( QUESTION0_11_R 1 1.849e+03 2.668e+02 8.903e+01
s>        ( QUESTION14 1 8.693e+02 1.399e+02 5.000e+01
s>            ( - 5.992e+02 2 0)
s>            ( - 1.301e+02 1 0))
s>        ( QUESTION0_15_R 1 7.125e+02 1.193e+02 3.903e+01
s>            ( - 4.805e+02 1 0)
s>            ( - 1.127e+02 1 0)))INFO: dtree.c(1315): Comp split 16
INFO: dtree.c(1439): stop. leaf nodes are specific
INFO: dtree.c(1478): Final simple tree
|( QUESTION0_14_R 1 1.395e+03 2.255e+02 7.700e+01
|    ( QUESTION0_18_R 1 5.793e+02 1.388e+02 4.100e+01
|        ( - 1.994e+02 1 0)
|        ( QUESTION0_17_R 1 2.411e+02 5.381e+01 1.800e+01
|            ( - 3.585e+01 1 0)
|            ( - 1.515e+02 1 0)))
|    ( QUESTION0_9_R 1 5.902e+02 1.202e+02 3.600e+01
|        ( - 1.669e+02 1 0)
|        ( SILENCE 1 3.031e+02 4.584e+01 2.200e+01
|            ( - 2.295e+02 1 0)
|            ( - 2.777e+01 1 0))))
s>    ( QUESTION0_14_R 1 1.395e+03 2.255e+02 7.700e+01
s>        ( QUESTION0_18_R 1 5.793e+02 1.388e+02 4.100e+01
s>            ( - 1.994e+02 1 0)
s>            ( QUESTION0_17_R 1 2.411e+02 5.381e+01 1.800e+01
s>                ( - 3.585e+01 1 0)
s>                ( - 1.515e+02 1 0)))
s>        ( QUESTION0_9_R 1 5.902e+02 1.202e+02 3.600e+01
s>            ( - 1.669e+02 1 0)
s>            ( SILENCE 1 3.031e+02 4.584e+01 2.200e+01
s>                ( - 2.295e+02 1 0)
s>                ( - 2.777e+01 1 0))))INFO: dtree.c(1439): stop. leaf nodes are specific
INFO: dtree.c(1478): Final simple tree
|( QUESTION0_13_R 1 2.525e+03 2.686e+02 1.163e+02
|    ( - 6.767e+02 1 0)
|    ( QUESTION15 1 1.580e+03 2.151e+02 7.731e+01
|        ( QUESTION0_0_R 1 7.481e+02 1.171e+02 4.031e+01
|            ( - 1.369e+02 1 0)
|            ( - 4.941e+02 1 0))
|        ( QUESTION0_0_R 1 6.169e+02 1.106e+02 3.700e+01
|            ( - 1.446e+02 1 0)
|            ( - 3.616e+02 1 0))))
s>    ( QUESTION0_13_R 1 2.525e+03 2.686e+02 1.163e+02
s>        ( - 6.767e+02 1 0)
s>        ( QUESTION15 1 1.580e+03 2.151e+02 7.731e+01
s>            ( QUESTION0_0_R 1 7.481e+02 1.171e+02 4.031e+01
s>                ( - 1.369e+02 1 0)
s>                ( - 4.941e+02 1 0))
s>            ( QUESTION0_0_R 1 6.169e+02 1.106e+02 3.700e+01
s>                ( - 1.446e+02 1 0)
s>                ( - 3.616e+02 1 0))))INFO: dtree.c(1315): Comp split 17
INFO: dtree.c(1315): Comp split 18
INFO: dtree.c(1439): stop. leaf nodes are specific
INFO: dtree.c(1478): Final simple tree
|( QUESTION0_10_R 1 1.883e+03 2.233e+02 8.943e+01
|    ( QUESTION0_11_R 1 4.162e+02 7.904e+01 2.500e+01
|        ( - 1.862e+02 2 0)
|        ( QUESTION0 -1 1.510e+02 4.354e+01 1.200e+01
|            ( - 7.002e+01 2 0)
|            ( QUESTION0_17_R 1 3.747e+01 1.392e+01 4.000e+00
|                ( - 1.930e+01 1 0)
|                ( - 4.251e+00 1 0))))
|    ( - 1.244e+03 4 0))
s>    ( QUESTION0_10_R 1 1.883e+03 2.233e+02 8.943e+01
s>        ( QUESTION0_11_R 1 4.162e+02 7.904e+01 2.500e+01
s>            ( - 1.862e+02 2 0)
s>            ( QUESTION0 -1 1.510e+02 4.354e+01 1.200e+01
s>                ( - 7.002e+01 2 0)
s>                ( QUESTION0_17_R 1 3.747e+01 1.392e+01 4.000e+00
s>                    ( - 1.930e+01 1 0)
s>                    ( - 4.251e+00 1 0))))
s>        ( - 1.244e+03 4 0))INFO: dtree.c(1439): stop. leaf nodes are specific
INFO: dtree.c(1478): Final simple tree
|( QUESTION0_11_R 1 1.485e+03 2.157e+02 7.300e+01
|    ( QUESTION14 1 6.071e+02 1.220e+02 3.600e+01
|        ( QUESTION0 -1 3.155e+02 4.382e+01 2.100e+01
|            ( - 2.552e+02 2 0)
|            ( - 1.646e+01 1 0))
|        ( - 1.696e+02 1 0))
|    ( QUESTION0_10_R 1 6.618e+02 1.256e+02 3.700e+01
|        ( - 2.303e+02 2 0)
|        ( QUESTION0 -1 3.059e+02 7.598e+01 2.000e+01
|            ( - 1.043e+02 2 0)
|            ( - 1.256e+02 1 0))))
s>    ( QUESTION0_11_R 1 1.485e+03 2.157e+02 7.300e+01
s>        ( QUESTION14 1 6.071e+02 1.220e+02 3.600e+01
s>            ( QUESTION0 -1 3.155e+02 4.382e+01 2.100e+01
s>                ( - 2.552e+02 2 0)
s>                ( - 1.646e+01 1 0))
s>            ( - 1.696e+02 1 0))
s>        ( QUESTION0_10_R 1 6.618e+02 1.256e+02 3.700e+01
s>            ( - 2.303e+02 2 0)
s>            ( QUESTION0 -1 3.059e+02 7.598e+01 2.000e+01
s>                ( - 1.043e+02 2 0)
s>                ( - 1.256e+02 1 0))))INFO: dtree.c(1315): Comp split 19
INFO: dtree.c(1439): stop. leaf nodes are specific
INFO: dtree.c(1478): Final simple tree
|( QUESTION0_11_R 1 1.519e+03 2.157e+02 7.500e+01
|    ( - 6.529e+02 1 0)
|    ( QUESTION0_0_R 1 6.505e+02 1.276e+02 3.700e+01
|        ( - 2.023e+02 2 0)
|        ( - 3.206e+02 2 0)))
s>    ( QUESTION0_11_R 1 1.519e+03 2.157e+02 7.500e+01
s>        ( - 6.529e+02 1 0)
s>        ( QUESTION0_0_R 1 6.505e+02 1.276e+02 3.700e+01
s>            ( - 2.023e+02 2 0)
s>            ( - 3.206e+02 2 0)))INFO: dtree.c(1439): stop. leaf nodes are specific
INFO: dtree.c(1478): Final simple tree
|( QUESTION1 -1 2.038e+03 1.329e+02 9.602e+01
|    ( - 1.793e+03 3 0)
|    ( - 1.124e+02 1 0))
s>    ( QUESTION1 -1 2.038e+03 1.329e+02 9.602e+01
s>        ( - 1.793e+03 3 0)
s>        ( - 1.124e+02 1 0))INFO: dtree.c(1315): Comp split 20
INFO: dtree.c(1439): stop. leaf nodes are specific
INFO: dtree.c(1478): Final simple tree
|( SILENCE 1 1.652e+03 2.474e+02 8.179e+01
|    ( - 7.152e+02 1 0)
|    ( QUESTION11 1 6.892e+02 9.400e+01 4.100e+01
|        ( - 4.351e+02 3 0)
|        ( QUESTION0_11_R 1 1.601e+02 4.744e+01 1.200e+01
|            ( - 3.572e+01 1 0)
|            ( QUESTION0_10_R 1 7.695e+01 2.839e+01 7.000e+00
|                ( - 1.511e+01 1 0)
|                ( - 3.345e+01 1 0)))))
s>    ( SILENCE 1 1.652e+03 2.474e+02 8.179e+01
s>        ( - 7.152e+02 1 0)
s>        ( QUESTION11 1 6.892e+02 9.400e+01 4.100e+01
s>            ( - 4.351e+02 3 0)
s>            ( QUESTION0_11_R 1 1.601e+02 4.744e+01 1.200e+01
s>                ( - 3.572e+01 1 0)
s>                ( QUESTION0_10_R 1 7.695e+01 2.839e+01 7.000e+00
s>                    ( - 1.511e+01 1 0)
s>                    ( - 3.345e+01 1 0)))))INFO: dtree.c(1315): Comp split 21
INFO: dtree.c(1439): stop. leaf nodes are specific
INFO: dtree.c(1478): Final simple tree
|( QUESTION0_9_R 1 1.277e+03 1.781e+02 6.600e+01
|    ( QUESTION0_10_R 1 5.347e+02 1.015e+02 3.300e+01
|        ( - 1.782e+02 1 0)
|        ( - 2.550e+02 2 0))
|    ( QUESTION1 -1 5.640e+02 1.092e+02 3.300e+01
|        ( SILENCE 1 3.146e+02 7.552e+01 2.100e+01
|            ( - 1.349e+02 1 0)
|            ( - 1.042e+02 1 0))
|        ( - 1.401e+02 1 0)))
s>    ( QUESTION0_9_R 1 1.277e+03 1.781e+02 6.600e+01
s>        ( QUESTION0_10_R 1 5.347e+02 1.015e+02 3.300e+01
s>            ( - 1.782e+02 1 0)
s>            ( - 2.550e+02 2 0))
s>        ( QUESTION1 -1 5.640e+02 1.092e+02 3.300e+01
s>            ( SILENCE 1 3.146e+02 7.552e+01 2.100e+01
s>                ( - 1.349e+02 1 0)
s>                ( - 1.042e+02 1 0))
s>            ( - 1.401e+02 1 0)))INFO: dtree.c(1439): stop. leaf nodes are specific
INFO: dtree.c(1478): Final simple tree
|( QUESTION10 -1 1.053e+03 2.033e+02 5.500e+01
|    ( - 3.937e+02 2 0)
|    ( QUESTION0 -1 4.560e+02 9.669e+01 2.900e+01
|        ( - 2.001e+02 1 0)
|        ( - 1.593e+02 1 0)))
s>    ( QUESTION10 -1 1.053e+03 2.033e+02 5.500e+01
s>        ( - 3.937e+02 2 0)
s>        ( QUESTION0 -1 4.560e+02 9.669e+01 2.900e+01
s>            ( - 2.001e+02 1 0)
s>            ( - 1.593e+02 1 0)))INFO: dtree.c(1315): Comp split 22
INFO: dtree.c(1439): stop. leaf nodes are specific
INFO: dtree.c(1478): Final simple tree
|( QUESTION0 1 1.277e+03 1.603e+02 6.299e+01
|    ( QUESTION8 -1 3.101e+02 7.178e+01 2.000e+01
|        ( - 6.915e+01 1 0)
|        ( QUESTION0_10_R 1 1.692e+02 4.472e+01 1.300e+01
|            ( - 7.549e+01 1 0)
|            ( - 4.894e+01 1 0)))
|    ( QUESTION0_0_R 1 8.069e+02 5.802e+01 4.299e+01
|        ( - 7.256e+02 1 0)
|        ( - 2.330e+01 1 0)))
s>    ( QUESTION0 1 1.277e+03 1.603e+02 6.299e+01
s>        ( QUESTION8 -1 3.101e+02 7.178e+01 2.000e+01
s>            ( - 6.915e+01 1 0)
s>            ( QUESTION0_10_R 1 1.692e+02 4.472e+01 1.300e+01
s>                ( - 7.549e+01 1 0)
s>                ( - 4.894e+01 1 0)))
s>        ( QUESTION0_0_R 1 8.069e+02 5.802e+01 4.299e+01
s>            ( - 7.256e+02 1 0)
s>            ( - 2.330e+01 1 0)))INFO: dtree.c(1439): stop. leaf nodes are specific
INFO: dtree.c(1478): Final simple tree
|( QUESTION0_0_R 1 1.357e+03 2.043e+02 6.933e+01
|    ( QUESTION0_2_R 1 4.374e+02 7.659e+01 2.733e+01
|        ( - 6.156e+01 1 0)
|        ( - 2.993e+02 1 0))
|    ( QUESTION0_12_R 1 7.154e+02 1.133e+02 4.200e+01
|        ( - 1.345e+02 1 0)
|        ( - 4.676e+02 1 0)))
s>    ( QUESTION0_0_R 1 1.357e+03 2.043e+02 6.933e+01
s>        ( QUESTION0_2_R 1 4.374e+02 7.659e+01 2.733e+01
s>            ( - 6.156e+01 1 0)
s>            ( - 2.993e+02 1 0))
s>        ( QUESTION0_12_R 1 7.154e+02 1.133e+02 4.200e+01
s>            ( - 1.345e+02 1 0)
s>            ( - 4.676e+02 1 0)))INFO: dtree.c(1315): Comp split 23
INFO: dtree.c(1439): stop. leaf nodes are specific
INFO: dtree.c(1478): Final simple tree
|( QUESTION0 -1 1.337e+03 2.022e+02 6.700e+01
|    ( SILENCE 1 6.789e+02 1.178e+02 3.900e+01
|        ( QUESTION1 -1 2.403e+02 6.258e+01 1.800e+01
|            ( - 1.161e+02 1 0)
|            ( - 6.162e+01 1 0))
|        ( QUESTION0_0_R 1 3.208e+02 7.175e+01 2.100e+01
|            ( - 1.270e+02 1 0)
|            ( - 1.220e+02 1 0)))
|    ( - 4.559e+02 2 0))
s>    ( QUESTION0 -1 1.337e+03 2.022e+02 6.700e+01
s>        ( SILENCE 1 6.789e+02 1.178e+02 3.900e+01
s>            ( QUESTION1 -1 2.403e+02 6.258e+01 1.800e+01
s>                ( - 1.161e+02 1 0)
s>                ( - 6.162e+01 1 0))
s>            ( QUESTION0_0_R 1 3.208e+02 7.175e+01 2.100e+01
s>                ( - 1.270e+02 1 0)
s>                ( - 1.220e+02 1 0)))
s>        ( - 4.559e+02 2 0))INFO: dtree.c(1439): stop. leaf nodes are specific
INFO: dtree.c(1478): Final simple tree
|( QUESTION1 -1 9.651e+02 9.913e+01 5.212e+01
|    ( - 7.344e+02 2 0)
|    ( QUESTION0 -1 1.316e+02 3.950e+01 1.100e+01
|        ( - 2.706e+01 1 0)
|        ( - 6.504e+01 1 0)))
s>    ( QUESTION1 -1 9.651e+02 9.913e+01 5.212e+01
s>        ( - 7.344e+02 2 0)
s>        ( QUESTION0 -1 1.316e+02 3.950e+01 1.100e+01
s>            ( - 2.706e+01 1 0)
s>            ( - 6.504e+01 1 0)))INFO: dtree.c(1315): Comp split 24
INFO: dtree.c(1439): stop. leaf nodes are specific
INFO: dtree.c(1478): Final simple tree
|( QUESTION0_17_R 1 1.266e+03 1.572e+02 7.018e+01
|    ( - 7.610e+02 1 0)
|    ( QUESTION0_10_R 1 3.481e+02 7.111e+01 2.509e+01
|        ( - 4.250e+01 1 0)
|        ( - 2.345e+02 1 0)))
s>    ( QUESTION0_17_R 1 1.266e+03 1.572e+02 7.018e+01
s>        ( - 7.610e+02 1 0)
s>        ( QUESTION0_10_R 1 3.481e+02 7.111e+01 2.509e+01
s>            ( - 4.250e+01 1 0)
s>            ( - 2.345e+02 1 0)))INFO: dtree.c(1439): stop. leaf nodes are specific
INFO: dtree.c(1478): Final simple tree
|( SILENCE 1 9.274e+02 9.522e+01 5.102e+01
|    ( - 7.736e+02 1 0)
|    ( - 5.860e+01 1 0))
s>    ( SILENCE 1 9.274e+02 9.522e+01 5.102e+01
s>        ( - 7.736e+02 1 0)
s>        ( - 5.860e+01 1 0))INFO: dtree.c(1315): Comp split 25
INFO: dtree.c(1439): stop. leaf nodes are specific
INFO: dtree.c(1478): Final simple tree
|( QUESTION0_10_R 1 9.955e+02 1.398e+02 5.286e+01
|    ( - 4.941e+02 1 0)
|    ( - 3.616e+02 1 0))
s>    ( QUESTION0_10_R 1 9.955e+02 1.398e+02 5.286e+01
s>        ( - 4.941e+02 1 0)
s>        ( - 3.616e+02 1 0))INFO: dtree.c(1439): stop. leaf nodes are specific
INFO: dtree.c(1478): Final simple tree
|( QUESTION0_0_R 1 1.225e+03 1.747e+02 6.345e+01
|    ( QUESTION0_1_R 1 3.731e+02 9.156e+01 2.445e+01
|        ( - 1.369e+02 1 0)
|        ( - 1.446e+02 1 0))
|    ( - 6.767e+02 1 0))
s>    ( QUESTION0_0_R 1 1.225e+03 1.747e+02 6.345e+01
s>        ( QUESTION0_1_R 1 3.731e+02 9.156e+01 2.445e+01
s>            ( - 1.369e+02 1 0)
s>            ( - 1.446e+02 1 0))
s>        ( - 6.767e+02 1 0))INFO: dtree.c(1315): Comp split 26
INFO: dtree.c(1439): stop. leaf nodes are specific
INFO: dtree.c(1478): Final simple tree
|( WDBNDRY_S 0 7.898e+02 1.390e+02 4.600e+01
|    ( - 3.793e+02 1 0)
|    ( QUESTION2_14_L -1 2.714e+02 4.825e+01 2.100e+01
|        ( - 3.670e+01 1 0)
|        ( - 1.865e+02 1 0)))
s>    ( WDBNDRY_S 0 7.898e+02 1.390e+02 4.600e+01
s>        ( - 3.793e+02 1 0)
s>        ( QUESTION2_14_L -1 2.714e+02 4.825e+01 2.100e+01
s>            ( - 3.670e+01 1 0)
s>            ( - 1.865e+02 1 0)))INFO: dtree.c(1315): Comp split 27
INFO: dtree.c(1439): stop. leaf nodes are specific
INFO: dtree.c(1478): Final simple tree
|( QUESTION0_0_R 1 8.753e+02 5.656e+01 4.600e+01
|    ( - 8.005e+02 1 0)
|    ( - 1.824e+01 1 0))
s>    ( QUESTION0_0_R 1 8.753e+02 5.656e+01 4.600e+01
s>        ( - 8.005e+02 1 0)
s>        ( - 1.824e+01 1 0))INFO: dtree.c(1439): stop. leaf nodes are specific
INFO: dtree.c(1478): Final simple tree
|( SILENCE 1 9.747e+02 1.492e+02 5.200e+01
|    ( - 1.982e+02 1 0)
|    ( - 6.272e+02 2 0))
s>    ( SILENCE 1 9.747e+02 1.492e+02 5.200e+01
s>        ( - 1.982e+02 1 0)
s>        ( - 6.272e+02 2 0))INFO: dtree.c(1315): Comp split 28
INFO: dtree.c(1439): stop. leaf nodes are specific
INFO: dtree.c(1478): Final simple tree
|( QUESTION0_15_R 1 7.125e+02 1.193e+02 3.903e+01
|    ( - 4.805e+02 1 0)
|    ( - 1.127e+02 1 0))
s>    ( QUESTION0_15_R 1 7.125e+02 1.193e+02 3.903e+01
s>        ( - 4.805e+02 1 0)
s>        ( - 1.127e+02 1 0))INFO: dtree.c(1439): stop. leaf nodes are specific
INFO: dtree.c(1478): Final simple tree
|( QUESTION14 1 8.693e+02 1.399e+02 5.000e+01
|    ( - 5.992e+02 2 0)
|    ( - 1.301e+02 1 0))
s>    ( QUESTION14 1 8.693e+02 1.399e+02 5.000e+01
s>        ( - 5.992e+02 2 0)
s>        ( - 1.301e+02 1 0))INFO: dtree.c(1315): Comp split 29
INFO: dtree.c(1315): Comp split 30
INFO: dtree.c(1439): stop. leaf nodes are specific
INFO: dtree.c(1478): Final simple tree
|( QUESTION0_0_R 1 5.444e+02 1.261e+02 3.303e+01
|    ( - 2.570e+02 2 0)
|    ( - 1.613e+02 1 0))
s>    ( QUESTION0_0_R 1 5.444e+02 1.261e+02 3.303e+01
s>        ( - 2.570e+02 2 0)
s>        ( - 1.613e+02 1 0))INFO: dtree.c(1315): Comp split 31
INFO: dtree.c(1439): stop. leaf nodes are specific
INFO: dtree.c(1478): Final simple tree
|( QUESTION11 1 6.892e+02 9.400e+01 4.100e+01
|    ( - 4.351e+02 3 0)
|    ( QUESTION0_11_R 1 1.601e+02 4.744e+01 1.200e+01
|        ( - 3.572e+01 1 0)
|        ( QUESTION0_10_R 1 7.695e+01 2.839e+01 7.000e+00
|            ( - 1.511e+01 1 0)
|            ( - 3.345e+01 1 0))))
s>    ( QUESTION11 1 6.892e+02 9.400e+01 4.100e+01
s>        ( - 4.351e+02 3 0)
s>        ( QUESTION0_11_R 1 1.601e+02 4.744e+01 1.200e+01
s>            ( - 3.572e+01 1 0)
s>            ( QUESTION0_10_R 1 7.695e+01 2.839e+01 7.000e+00
s>                ( - 1.511e+01 1 0)
s>                ( - 3.345e+01 1 0))))INFO: dtree.c(1315): Comp split 32
INFO: dtree.c(1315): Comp split 33
INFO: dtree.c(1439): stop. leaf nodes are specific
INFO: dtree.c(1478): Final simple tree
|( SILENCE 1 5.672e+02 1.384e+02 4.100e+01
|    ( - 2.295e+02 1 0)
|    ( - 1.994e+02 1 0))
s>    ( SILENCE 1 5.672e+02 1.384e+02 4.100e+01
s>        ( - 2.295e+02 1 0)
s>        ( - 1.994e+02 1 0))INFO: dtree.c(1439): stop. leaf nodes are specific
INFO: dtree.c(1478): Final simple tree
|( QUESTION0_11_R 1 5.934e+02 1.109e+02 3.600e+01
|    ( - 1.669e+02 1 0)
|    ( QUESTION0_19_R 1 3.157e+02 7.219e+01 2.200e+01
|        ( - 1.515e+02 1 0)
|        ( QUESTION0_0_R 1 9.205e+01 2.843e+01 9.000e+00
|            ( - 2.777e+01 1 0)
|            ( - 3.585e+01 1 0))))
s>    ( QUESTION0_11_R 1 5.934e+02 1.109e+02 3.600e+01
s>        ( - 1.669e+02 1 0)
s>        ( QUESTION0_19_R 1 3.157e+02 7.219e+01 2.200e+01
s>            ( - 1.515e+02 1 0)
s>            ( QUESTION0_0_R 1 9.205e+01 2.843e+01 9.000e+00
s>                ( - 2.777e+01 1 0)
s>                ( - 3.585e+01 1 0))))INFO: dtree.c(1315): Comp split 34
INFO: dtree.c(1439): stop. leaf nodes are specific
INFO: dtree.c(1478): Final simple tree
|( QUESTION0 -1 5.339e+02 1.010e+02 3.100e+01
|    ( - 2.552e+02 2 0)
|    ( QUESTION0_10_R 1 1.777e+02 3.558e+01 1.300e+01
|        ( - 1.646e+01 1 0)
|        ( - 1.256e+02 1 0)))
s>    ( QUESTION0 -1 5.339e+02 1.010e+02 3.100e+01
s>        ( - 2.552e+02 2 0)
s>        ( QUESTION0_10_R 1 1.777e+02 3.558e+01 1.300e+01
s>            ( - 1.646e+01 1 0)
s>            ( - 1.256e+02 1 0)))INFO: dtree.c(1439): stop. leaf nodes are specific
INFO: dtree.c(1478): Final simple tree
|( QUESTION0_14_R 1 7.205e+02 1.293e+02 4.200e+01
|    ( - 2.303e+02 2 0)
|    ( QUESTION0_10_R 1 3.609e+02 8.698e+01 2.500e+01
|        ( - 1.696e+02 1 0)
|        ( - 1.043e+02 2 0)))
s>    ( QUESTION0_14_R 1 7.205e+02 1.293e+02 4.200e+01
s>        ( - 2.303e+02 2 0)
s>        ( QUESTION0_10_R 1 3.609e+02 8.698e+01 2.500e+01
s>            ( - 1.696e+02 1 0)
s>            ( - 1.043e+02 2 0)))INFO: dtree.c(1315): Comp split 35
INFO: dtree.c(1439): stop. leaf nodes are specific
INFO: dtree.c(1478): Final simple tree
|( QUESTION0_11_R 1 4.162e+02 7.904e+01 2.500e+01
|    ( - 1.862e+02 2 0)
|    ( QUESTION0 -1 1.510e+02 4.354e+01 1.200e+01
|        ( - 7.002e+01 2 0)
|        ( QUESTION0_17_R 1 3.747e+01 1.392e+01 4.000e+00
|            ( - 1.930e+01 1 0)
|            ( - 4.251e+00 1 0))))
s>    ( QUESTION0_11_R 1 4.162e+02 7.904e+01 2.500e+01
s>        ( - 1.862e+02 2 0)
s>        ( QUESTION0 -1 1.510e+02 4.354e+01 1.200e+01
s>            ( - 7.002e+01 2 0)
s>            ( QUESTION0_17_R 1 3.747e+01 1.392e+01 4.000e+00
s>                ( - 1.930e+01 1 0)
s>                ( - 4.251e+00 1 0))))INFO: dtree.c(1315): Comp split 36
INFO: dtree.c(1439): stop. leaf nodes are specific
INFO: dtree.c(1478): Final simple tree
|( QUESTION0_0_R 1 6.505e+02 1.276e+02 3.700e+01
|    ( - 2.023e+02 2 0)
|    ( - 3.206e+02 2 0))
s>    ( QUESTION0_0_R 1 6.505e+02 1.276e+02 3.700e+01
s>        ( - 2.023e+02 2 0)
s>        ( - 3.206e+02 2 0))INFO: dtree.c(1315): Comp split 37
INFO: dtree.c(1439): stop. leaf nodes are specific
INFO: dtree.c(1478): Final simple tree
|( SILENCE 1 5.312e+02 9.427e+01 3.200e+01
|    ( - 1.161e+02 1 0)
|    ( QUESTION0_0_R 1 3.208e+02 7.175e+01 2.100e+01
|        ( - 1.270e+02 1 0)
|        ( - 1.220e+02 1 0)))
s>    ( SILENCE 1 5.312e+02 9.427e+01 3.200e+01
s>        ( - 1.161e+02 1 0)
s>        ( QUESTION0_0_R 1 3.208e+02 7.175e+01 2.100e+01
s>            ( - 1.270e+02 1 0)
s>            ( - 1.220e+02 1 0)))INFO: dtree.c(1439): stop. leaf nodes are specific
INFO: dtree.c(1478): Final simple tree
|( QUESTION0 -1 5.958e+02 7.836e+01 3.500e+01
|    ( - 6.162e+01 1 0)
|    ( - 4.559e+02 2 0))
s>    ( QUESTION0 -1 5.958e+02 7.836e+01 3.500e+01
s>        ( - 6.162e+01 1 0)
s>        ( - 4.559e+02 2 0))INFO: dtree.c(1315): Comp split 38
INFO: dtree.c(1439): stop. leaf nodes are specific
INFO: dtree.c(1478): Final simple tree
|( QUESTION0_11_R 1 3.345e+02 8.172e+01 2.100e+01
|    ( - 1.356e+02 1 0)
|    ( - 1.172e+02 1 0))
s>    ( QUESTION0_11_R 1 3.345e+02 8.172e+01 2.100e+01
s>        ( - 1.356e+02 1 0)
s>        ( - 1.172e+02 1 0))INFO: dtree.c(1315): Comp split 39
INFO: dtree.c(1439): stop. leaf nodes are specific
INFO: dtree.c(1478): Final simple tree
|( QUESTION0_12_R 1 7.154e+02 1.133e+02 4.200e+01
|    ( - 1.345e+02 1 0)
|    ( - 4.676e+02 1 0))
s>    ( QUESTION0_12_R 1 7.154e+02 1.133e+02 4.200e+01
s>        ( - 1.345e+02 1 0)
s>        ( - 4.676e+02 1 0))INFO: dtree.c(1439): stop. leaf nodes are specific
INFO: dtree.c(1478): Final simple tree
|( QUESTION0_2_R 1 4.374e+02 7.659e+01 2.733e+01
|    ( - 6.156e+01 1 0)
|    ( - 2.993e+02 1 0))
s>    ( QUESTION0_2_R 1 4.374e+02 7.659e+01 2.733e+01
s>        ( - 6.156e+01 1 0)
s>        ( - 2.993e+02 1 0))INFO: dtree.c(1315): Comp split 40
INFO: dtree.c(1439): stop. leaf nodes are specific
INFO: dtree.c(1478): Final simple tree
|( QUESTION0 -1 4.560e+02 9.669e+01 2.900e+01
|    ( - 2.001e+02 1 0)
|    ( - 1.593e+02 1 0))
s>    ( QUESTION0 -1 4.560e+02 9.669e+01 2.900e+01
s>        ( - 2.001e+02 1 0)
s>        ( - 1.593e+02 1 0))INFO: dtree.c(1315): Comp split 41
INFO: dtree.c(1439): stop. leaf nodes are specific
INFO: dtree.c(1478): Final simple tree
|( SILENCE 1 5.983e+02 1.110e+02 3.500e+01
|    ( - 1.349e+02 1 0)
|    ( QUESTION0_0_R 1 3.524e+02 7.006e+01 2.300e+01
|        ( - 1.042e+02 1 0)
|        ( - 1.782e+02 1 0)))
s>    ( SILENCE 1 5.983e+02 1.110e+02 3.500e+01
s>        ( - 1.349e+02 1 0)
s>        ( QUESTION0_0_R 1 3.524e+02 7.006e+01 2.300e+01
s>            ( - 1.042e+02 1 0)
s>            ( - 1.782e+02 1 0)))INFO: dtree.c(1439): stop. leaf nodes are specific
INFO: dtree.c(1478): Final simple tree
|( QUESTION0_0_R 1 4.874e+02 9.228e+01 3.100e+01
|    ( - 1.401e+02 1 0)
|    ( - 2.550e+02 2 0))
s>    ( QUESTION0_0_R 1 4.874e+02 9.228e+01 3.100e+01
s>        ( - 1.401e+02 1 0)
s>        ( - 2.550e+02 2 0))INFO: dtree.c(1315): Comp split 42
INFO: dtree.c(1439): stop. leaf nodes are specific
INFO: dtree.c(1478): Final simple tree
|( QUESTION0_0_R 1 2.969e+02 7.631e+01 2.000e+01
|    ( - 9.801e+01 1 0)
|    ( - 1.226e+02 1 0))
s>    ( QUESTION0_0_R 1 2.969e+02 7.631e+01 2.000e+01
s>        ( - 9.801e+01 1 0)
s>        ( - 1.226e+02 1 0))INFO: dtree.c(1315): Comp split 43
INFO: dtree.c(1439): stop. leaf nodes are specific
INFO: dtree.c(1478): Final simple tree
|( QUESTION0_1_R 1 3.731e+02 9.156e+01 2.445e+01
|    ( - 1.369e+02 1 0)
|    ( - 1.446e+02 1 0))
s>    ( QUESTION0_1_R 1 3.731e+02 9.156e+01 2.445e+01
s>        ( - 1.369e+02 1 0)
s>        ( - 1.446e+02 1 0))INFO: dtree.c(1315): Comp split 44
INFO: dtree.c(1439): stop. leaf nodes are specific
INFO: dtree.c(1478): Final simple tree
|( QUESTION8 -1 3.101e+02 7.178e+01 2.000e+01
|    ( - 6.915e+01 1 0)
|    ( QUESTION0_10_R 1 1.692e+02 4.472e+01 1.300e+01
|        ( - 7.549e+01 1 0)
|        ( - 4.894e+01 1 0)))
s>    ( QUESTION8 -1 3.101e+02 7.178e+01 2.000e+01
s>        ( - 6.915e+01 1 0)
s>        ( QUESTION0_10_R 1 1.692e+02 4.472e+01 1.300e+01
s>            ( - 7.549e+01 1 0)
s>            ( - 4.894e+01 1 0)))INFO: dtree.c(1439): stop. leaf nodes are specific
INFO: dtree.c(1478): Final simple tree
|( QUESTION0_0_R 1 8.069e+02 5.802e+01 4.299e+01
|    ( - 7.256e+02 1 0)
|    ( - 2.330e+01 1 0))
s>    ( QUESTION0_0_R 1 8.069e+02 5.802e+01 4.299e+01
s>        ( - 7.256e+02 1 0)
s>        ( - 2.330e+01 1 0))INFO: dtree.c(1315): Comp split 45
INFO: dtree.c(1439): stop. leaf nodes are specific
INFO: dtree.c(1478): Final simple tree
|( QUESTION0_10_R 1 3.481e+02 7.111e+01 2.509e+01
|    ( - 4.250e+01 1 0)
|    ( - 2.345e+02 1 0))
s>    ( QUESTION0_10_R 1 3.481e+02 7.111e+01 2.509e+01
s>        ( - 4.250e+01 1 0)
s>        ( - 2.345e+02 1 0))INFO: dtree.c(1315): Comp split 46
INFO: dtree.c(1315): Comp split 47
INFO: dtree.c(1315): Comp split 48
INFO: dtree.c(1315): Comp split 49
INFO: dtree.c(1439): stop. leaf nodes are specific
INFO: dtree.c(1478): Final simple tree
|( QUESTION2_14_L -1 2.714e+02 4.825e+01 2.100e+01
|    ( - 3.670e+01 1 0)
|    ( - 1.865e+02 1 0))
s>    ( QUESTION2_14_L -1 2.714e+02 4.825e+01 2.100e+01
s>        ( - 3.670e+01 1 0)
s>        ( - 1.865e+02 1 0))INFO: dtree.c(1315): Comp split 50
INFO: dtree.c(1315): Comp split 51
INFO: dtree.c(1315): Comp split 52
INFO: dtree.c(1439): stop. leaf nodes are specific
INFO: dtree.c(1478): Final simple tree
|( QUESTION0_10_R 1 3.609e+02 8.698e+01 2.500e+01
|    ( - 1.696e+02 1 0)
|    ( - 1.043e+02 2 0))
s>    ( QUESTION0_10_R 1 3.609e+02 8.698e+01 2.500e+01
s>        ( - 1.696e+02 1 0)
s>        ( - 1.043e+02 2 0))INFO: dtree.c(1315): Comp split 53
INFO: dtree.c(1315): Comp split 54
INFO: dtree.c(1315): Comp split 55
INFO: dtree.c(1315): Comp split 56
INFO: dtree.c(1315): Comp split 57
INFO: dtree.c(1439): stop. leaf nodes are specific
INFO: dtree.c(1478): Final simple tree
|( QUESTION0_0_R 1 3.524e+02 7.006e+01 2.300e+01
|    ( - 1.042e+02 1 0)
|    ( - 1.782e+02 1 0))
s>    ( QUESTION0_0_R 1 3.524e+02 7.006e+01 2.300e+01
s>        ( - 1.042e+02 1 0)
s>        ( - 1.782e+02 1 0))INFO: dtree.c(1315): Comp split 58
INFO: dtree.c(1439): stop. leaf nodes are specific
INFO: dtree.c(1478): Final simple tree
|( QUESTION0_19_R 1 3.157e+02 7.219e+01 2.200e+01
|    ( - 1.515e+02 1 0)
|    ( QUESTION0_0_R 1 9.205e+01 2.843e+01 9.000e+00
|        ( - 2.777e+01 1 0)
|        ( - 3.585e+01 1 0)))
s>    ( QUESTION0_19_R 1 3.157e+02 7.219e+01 2.200e+01
s>        ( - 1.515e+02 1 0)
s>        ( QUESTION0_0_R 1 9.205e+01 2.843e+01 9.000e+00
s>            ( - 2.777e+01 1 0)
s>            ( - 3.585e+01 1 0)))INFO: dtree.c(1315): Comp split 59
INFO: dtree.c(1439): stop. leaf nodes are specific
INFO: dtree.c(1478): Final simple tree
|( QUESTION0_10_R 1 1.777e+02 3.558e+01 1.300e+01
|    ( - 1.646e+01 1 0)
|    ( - 1.256e+02 1 0))
s>    ( QUESTION0_10_R 1 1.777e+02 3.558e+01 1.300e+01
s>        ( - 1.646e+01 1 0)
s>        ( - 1.256e+02 1 0))INFO: dtree.c(1315): Comp split 60
INFO: dtree.c(1439): stop. leaf nodes are specific
INFO: dtree.c(1478): Final simple tree
|( QUESTION0 -1 1.316e+02 3.950e+01 1.100e+01
|    ( - 2.706e+01 1 0)
|    ( - 6.504e+01 1 0))
s>    ( QUESTION0 -1 1.316e+02 3.950e+01 1.100e+01
s>        ( - 2.706e+01 1 0)
s>        ( - 6.504e+01 1 0))INFO: dtree.c(1315): Comp split 61
INFO: dtree.c(1315): Comp split 62
INFO: dtree.c(1315): Comp split 63
INFO: dtree.c(1439): stop. leaf nodes are specific
INFO: dtree.c(1478): Final simple tree
|( QUESTION0_0_R 1 3.208e+02 7.175e+01 2.100e+01
|    ( - 1.270e+02 1 0)
|    ( - 1.220e+02 1 0))
s>    ( QUESTION0_0_R 1 3.208e+02 7.175e+01 2.100e+01
s>        ( - 1.270e+02 1 0)
s>        ( - 1.220e+02 1 0))INFO: dtree.c(1315): Comp split 64
INFO: dtree.c(1439): stop. leaf nodes are specific
INFO: dtree.c(1478): Final simple tree
|( QUESTION0_11_R 1 1.601e+02 4.744e+01 1.200e+01
|    ( - 3.572e+01 1 0)
|    ( QUESTION0_10_R 1 7.695e+01 2.839e+01 7.000e+00
|        ( - 1.511e+01 1 0)
|        ( - 3.345e+01 1 0)))
s>    ( QUESTION0_11_R 1 1.601e+02 4.744e+01 1.200e+01
s>        ( - 3.572e+01 1 0)
s>        ( QUESTION0_10_R 1 7.695e+01 2.839e+01 7.000e+00
s>            ( - 1.511e+01 1 0)
s>            ( - 3.345e+01 1 0)))INFO: dtree.c(1315): Comp split 65
INFO: dtree.c(1315): Comp split 66
INFO: dtree.c(1315): Comp split 67
INFO: dtree.c(1315): Comp split 68
INFO: dtree.c(1315): Comp split 69
INFO: dtree.c(1439): stop. leaf nodes are specific
INFO: dtree.c(1478): Final simple tree
|( QUESTION0 -1 1.510e+02 4.354e+01 1.200e+01
|    ( - 7.002e+01 2 0)
|    ( QUESTION0_17_R 1 3.747e+01 1.392e+01 4.000e+00
|        ( - 1.930e+01 1 0)
|        ( - 4.251e+00 1 0)))
s>    ( QUESTION0 -1 1.510e+02 4.354e+01 1.200e+01
s>        ( - 7.002e+01 2 0)
s>        ( QUESTION0_17_R 1 3.747e+01 1.392e+01 4.000e+00
s>            ( - 1.930e+01 1 0)
s>            ( - 4.251e+00 1 0)))INFO: dtree.c(1315): Comp split 70
INFO: dtree.c(1315): Comp split 71
INFO: dtree.c(1315): Comp split 72
INFO: dtree.c(1315): Comp split 73
INFO: dtree.c(1439): stop. leaf nodes are specific
INFO: dtree.c(1478): Final simple tree
|( QUESTION0_0_R 1 9.205e+01 2.843e+01 9.000e+00
|    ( - 2.777e+01 1 0)
|    ( - 3.585e+01 1 0))
s>    ( QUESTION0_0_R 1 9.205e+01 2.843e+01 9.000e+00
s>        ( - 2.777e+01 1 0)
s>        ( - 3.585e+01 1 0))INFO: dtree.c(1315): Comp split 74
INFO: dtree.c(1439): stop. leaf nodes are specific
INFO: dtree.c(1478): Final simple tree
|( QUESTION0_10_R 1 1.692e+02 4.472e+01 1.300e+01
|    ( - 7.549e+01 1 0)
|    ( - 4.894e+01 1 0))
s>    ( QUESTION0_10_R 1 1.692e+02 4.472e+01 1.300e+01
s>        ( - 7.549e+01 1 0)
s>        ( - 4.894e+01 1 0))INFO: dtree.c(1315): Comp split 75
INFO: dtree.c(1315): Comp split 76
INFO: dtree.c(1315): Comp split 77
INFO: dtree.c(1315): Comp split 78
INFO: dtree.c(1315): Comp split 79
INFO: dtree.c(1315): Comp split 80
INFO: dtree.c(1315): Comp split 81
INFO: dtree.c(1439): stop. leaf nodes are specific
INFO: dtree.c(1478): Final simple tree
|( QUESTION0_10_R 1 7.695e+01 2.839e+01 7.000e+00
|    ( - 1.511e+01 1 0)
|    ( - 3.345e+01 1 0))
s>    ( QUESTION0_10_R 1 7.695e+01 2.839e+01 7.000e+00
s>        ( - 1.511e+01 1 0)
s>        ( - 3.345e+01 1 0))INFO: dtree.c(1315): Comp split 82
INFO: dtree.c(1315): Comp split 83
INFO: dtree.c(1439): stop. leaf nodes are specific
INFO: dtree.c(1478): Final simple tree
|( QUESTION0_17_R 1 3.747e+01 1.392e+01 4.000e+00
|    ( - 1.930e+01 1 0)
|    ( - 4.251e+00 1 0))
s>    ( QUESTION0_17_R 1 3.747e+01 1.392e+01 4.000e+00
s>        ( - 1.930e+01 1 0)
s>        ( - 4.251e+00 1 0))INFO: dtree.c(1315): Comp split 84
INFO: dtree.c(1315): Comp split 85
INFO: dtree.c(1315): Comp split 86
INFO: dtree.c(1315): Comp split 87
INFO: dtree.c(1315): Comp split 88
INFO: dtree.c(1315): Comp split 89
INFO: dtree.c(1318): stop. leaf nodes are specific
Fri Nov  2 10:07:25 2018
