Current configuration:
[NAME]		[DEFLT]	[VALUE]
-allphones	no	no
-cntthresh	0.00001	1.000000e-05
-csplitmax	100	2000
-csplitmin	1	1
-csplitthr	8e-4	0.000000e+00
-example	no	no
-fullvar	no	no
-help		no	no
-meanfn			
-mixwfn			/home/sdv/Documents/SDV/SDVoice/an4/model_parameters/an4.cd_semi_untied/mixture_weights
-moddeffn		/home/sdv/Documents/SDV/SDVoice/an4/model_architecture/an4.untied.mdef
-mwfloor	1e-4	1.000000e-08
-phone			M
-psetfn			/home/sdv/Documents/SDV/SDVoice/an4/model_architecture/an4.tree_questions
-ssplitmax	5	7
-ssplitmin	1	1
-ssplitthr	8e-4	0.000000e+00
-state			1
-stwt			1.0,0.05,0.0,
-treefn			/home/sdv/Documents/SDV/SDVoice/an4/trees/an4.unpruned/M-1.dtree
-ts2cbfn	.semi.	.semi.
-varfloor	0.00001	1.000000e-05
-varfn			

INFO: main.c(223): Reading: /home/sdv/Documents/SDV/SDVoice/an4/model_architecture/an4.untied.mdef
INFO: model_def_io.c(573): Model definition info:
INFO: model_def_io.c(574): 1618 total models defined (34 base, 1584 tri)
INFO: model_def_io.c(575): 6472 total states
INFO: model_def_io.c(576): 4854 total tied states
INFO: model_def_io.c(577): 102 total tied CI states
INFO: model_def_io.c(578): 34 total tied transition matrices
INFO: model_def_io.c(579): 4 max state/model
INFO: model_def_io.c(580): 4 min state/model
INFO: main.c(242): Building trees for [M EH AH e] through [M SIL EY b]
INFO: main.c(269): Covering states |[2904 2972]| == 69
INFO: main.c(275): Reading: /home/sdv/Documents/SDV/SDVoice/an4/model_parameters/an4.cd_semi_untied/mixture_weights
INFO: s3mixw_io.c(173): Read /home/sdv/Documents/SDV/SDVoice/an4/model_parameters/an4.cd_semi_untied/mixture_weights [69x4x256 array]
INFO: main.c(311): 23 of 23 models have observation count greater than 0.000010
INFO: main.c(95): nrm stwt: 0.045 0.909 0.045 
INFO: main.c(411): 23-class entropy: 1.351022e+04
INFO: main.c(549): Reading: /home/sdv/Documents/SDV/SDVoice/an4/model_architecture/an4.tree_questions
INFO: main.c(588): 176 total simple questions (168 phone; 8 word bndry)
INFO: main.c(590): 42 Left Only questions, and 42 Right Only questions
INFO: dtree.c(1478): Final simple tree
|( QUESTION13 1 1.888e+04 7.533e+02 8.316e+02
|    ( QUESTION0_0_R 1 1.212e+04 5.819e+02 5.548e+02
|        ( QUESTION14 1 5.353e+03 3.973e+02 2.560e+02
|            ( - 1.613e+03 2 0)
|            ( - 3.343e+03 4 0 QUESTION0_5_R 1 2.636e+02 1.690e+02))
|        ( QUESTION19 1 6.187e+03 3.863e+02 2.988e+02
|            ( - 3.604e+03 1 0)
|            ( - 2.198e+03 4 0 QUESTION0_12_R 1 2.361e+02 1.164e+02)))
|    ( QUESTION0_10_R 1 6.004e+03 4.658e+02 2.768e+02
|        ( QUESTION0_19_R 1 3.234e+03 3.368e+02 1.628e+02
|            ( - 9.843e+02 2 0)
|            ( - 1.913e+03 5 0 QUESTION0_15_R 1 2.417e+02 1.040e+02))
|        ( QUESTION0_9_R 1 2.304e+03 2.815e+02 1.140e+02
|            ( - 1.063e+03 3 0 QUESTION11 1 1.042e+02 6.000e+01)
|            ( - 9.592e+02 2 0 SILENCE 1 1.720e+02 5.400e+01))))
s>    ( QUESTION13 1 1.888e+04 7.533e+02 8.316e+02
s>        ( QUESTION0_0_R 1 1.212e+04 5.819e+02 5.548e+02
s>            ( QUESTION14 1 5.353e+03 3.973e+02 2.560e+02
s>                ( - 1.613e+03 2 0)
s>                ( - 3.343e+03 4 0 QUESTION0_5_R 1 2.636e+02 1.690e+02))
s>            ( QUESTION19 1 6.187e+03 3.863e+02 2.988e+02
s>                ( - 3.604e+03 1 0)
s>                ( - 2.198e+03 4 0 QUESTION0_12_R 1 2.361e+02 1.164e+02)))
s>        ( QUESTION0_10_R 1 6.004e+03 4.658e+02 2.768e+02
s>            ( QUESTION0_19_R 1 3.234e+03 3.368e+02 1.628e+02
s>                ( - 9.843e+02 2 0)
s>                ( - 1.913e+03 5 0 QUESTION0_15_R 1 2.417e+02 1.040e+02))
s>            ( QUESTION0_9_R 1 2.304e+03 2.815e+02 1.140e+02
s>                ( - 1.063e+03 3 0 QUESTION11 1 1.042e+02 6.000e+01)
s>                ( - 9.592e+02 2 0 SILENCE 1 1.720e+02 5.400e+01))))INFO: dtree.c(1315): Comp split 0
INFO: dtree.c(1478): Final simple tree
|( QUESTION0 1 9.895e+03 5.681e+02 4.457e+02
|    ( QUESTION12 1 5.231e+03 4.483e+02 2.468e+02
|        ( QUESTION0_17_R 1 2.338e+03 2.959e+02 1.198e+02
|            ( - 8.811e+02 2 0 QUESTION0_18_R 1 1.488e+02 5.300e+01)
|            ( - 1.161e+03 3 0 QUESTION0_10_R 1 9.999e+01 6.677e+01))
|        ( QUESTION0_10_R 1 2.445e+03 2.800e+02 1.270e+02
|            ( - 7.904e+02 3 0 WDBNDRY_E 0 1.299e+02 5.100e+01)
|            ( QUESTION0_0_R 1 1.374e+03 1.724e+02 7.600e+01
|                ( - 3.190e+02 1 0)
|                ( - 8.828e+02 2 0))))
|    ( QUESTION0_5_R 1 4.096e+03 3.213e+02 1.990e+02
|        ( - 2.060e+03 2 0 WDBNDRY_B 0 1.060e+02 1.080e+02)
|        ( SILENCE 1 1.715e+03 2.274e+02 9.100e+01
|            ( - 4.682e+02 1 0)
|            ( - 1.019e+03 2 0 QUESTION0_1_R 1 1.335e+02 6.100e+01))))
s>    ( QUESTION0 1 9.895e+03 5.681e+02 4.457e+02
s>        ( QUESTION12 1 5.231e+03 4.483e+02 2.468e+02
s>            ( QUESTION0_17_R 1 2.338e+03 2.959e+02 1.198e+02
s>                ( - 8.811e+02 2 0 QUESTION0_18_R 1 1.488e+02 5.300e+01)
s>                ( - 1.161e+03 3 0 QUESTION0_10_R 1 9.999e+01 6.677e+01))
s>            ( QUESTION0_10_R 1 2.445e+03 2.800e+02 1.270e+02
s>                ( - 7.904e+02 3 0 WDBNDRY_E 0 1.299e+02 5.100e+01)
s>                ( QUESTION0_0_R 1 1.374e+03 1.724e+02 7.600e+01
s>                    ( - 3.190e+02 1 0)
s>                    ( - 8.828e+02 2 0))))
s>        ( QUESTION0_5_R 1 4.096e+03 3.213e+02 1.990e+02
s>            ( - 2.060e+03 2 0 WDBNDRY_B 0 1.060e+02 1.080e+02)
s>            ( SILENCE 1 1.715e+03 2.274e+02 9.100e+01
s>                ( - 4.682e+02 1 0)
s>                ( - 1.019e+03 2 0 QUESTION0_1_R 1 1.335e+02 6.100e+01))))INFO: dtree.c(1439): stop. leaf nodes are specific
INFO: dtree.c(1478): Final simple tree
|( QUESTION14 1 8.229e+03 4.508e+02 3.858e+02
|    ( QUESTION0_0_R 1 2.367e+03 2.515e+02 1.195e+02
|        ( - 1.613e+03 2 0)
|        ( WDBNDRY_B 0 5.020e+02 9.592e+01 3.248e+01
|            ( SILENCE -1 8.376e+01 2.642e+01 9.000e+00
|                ( - 5.170e+01 1 0)
|                ( - 5.636e+00 1 0))
|            ( - 3.223e+02 1 0)))
|    ( QUESTION0_12_R 1 5.411e+03 3.482e+02 2.663e+02
|        ( - 3.604e+03 1 0)
|        ( - 1.460e+03 1 0)))
s>    ( QUESTION14 1 8.229e+03 4.508e+02 3.858e+02
s>        ( QUESTION0_0_R 1 2.367e+03 2.515e+02 1.195e+02
s>            ( - 1.613e+03 2 0)
s>            ( WDBNDRY_B 0 5.020e+02 9.592e+01 3.248e+01
s>                ( SILENCE -1 8.376e+01 2.642e+01 9.000e+00
s>                    ( - 5.170e+01 1 0)
s>                    ( - 5.636e+00 1 0))
s>                ( - 3.223e+02 1 0)))
s>        ( QUESTION0_12_R 1 5.411e+03 3.482e+02 2.663e+02
s>            ( - 3.604e+03 1 0)
s>            ( - 1.460e+03 1 0)))INFO: dtree.c(1315): Comp split 1
INFO: dtree.c(1439): stop. leaf nodes are specific
INFO: dtree.c(1478): Final simple tree
|( QUESTION12 1 4.861e+03 4.133e+02 2.258e+02
|    ( QUESTION0_17_R 1 2.338e+03 2.959e+02 1.198e+02
|        ( QUESTION0_18_R 1 8.811e+02 1.488e+02 5.300e+01
|            ( - 3.203e+02 1 0)
|            ( - 4.120e+02 1 0))
|        ( QUESTION0_10_R 1 1.161e+03 9.999e+01 6.677e+01
|            ( - 9.843e+02 2 0)
|            ( - 7.646e+01 1 0)))
|    ( QUESTION0_9_R 1 2.110e+03 2.681e+02 1.060e+02
|        ( - 8.828e+02 2 0)
|        ( SILENCE 1 9.592e+02 1.720e+02 5.400e+01
|            ( - 4.682e+02 1 0)
|            ( - 3.190e+02 1 0))))
s>    ( QUESTION12 1 4.861e+03 4.133e+02 2.258e+02
s>        ( QUESTION0_17_R 1 2.338e+03 2.959e+02 1.198e+02
s>            ( QUESTION0_18_R 1 8.811e+02 1.488e+02 5.300e+01
s>                ( - 3.203e+02 1 0)
s>                ( - 4.120e+02 1 0))
s>            ( QUESTION0_10_R 1 1.161e+03 9.999e+01 6.677e+01
s>                ( - 9.843e+02 2 0)
s>                ( - 7.646e+01 1 0)))
s>        ( QUESTION0_9_R 1 2.110e+03 2.681e+02 1.060e+02
s>            ( - 8.828e+02 2 0)
s>            ( SILENCE 1 9.592e+02 1.720e+02 5.400e+01
s>                ( - 4.682e+02 1 0)
s>                ( - 3.190e+02 1 0))))INFO: dtree.c(1439): stop. leaf nodes are specific
INFO: dtree.c(1478): Final simple tree
|( QUESTION0_5_R 1 4.443e+03 3.509e+02 2.200e+02
|    ( WDBNDRY_B 0 2.060e+03 1.060e+02 1.080e+02
|        ( - 5.383e+01 1 0)
|        ( - 1.901e+03 1 0))
|    ( QUESTION0_0_R 1 2.031e+03 2.221e+02 1.120e+02
|        ( QUESTION0_1_R 1 1.019e+03 1.335e+02 6.100e+01
|            ( - 6.219e+02 1 0)
|            ( - 2.635e+02 1 0))
|        ( WDBNDRY_E 0 7.904e+02 1.299e+02 5.100e+01
|            ( - 4.584e+02 2 0)
|            ( - 2.021e+02 1 0))))
s>    ( QUESTION0_5_R 1 4.443e+03 3.509e+02 2.200e+02
s>        ( WDBNDRY_B 0 2.060e+03 1.060e+02 1.080e+02
s>            ( - 5.383e+01 1 0)
s>            ( - 1.901e+03 1 0))
s>        ( QUESTION0_0_R 1 2.031e+03 2.221e+02 1.120e+02
s>            ( QUESTION0_1_R 1 1.019e+03 1.335e+02 6.100e+01
s>                ( - 6.219e+02 1 0)
s>                ( - 2.635e+02 1 0))
s>            ( WDBNDRY_E 0 7.904e+02 1.299e+02 5.100e+01
s>                ( - 4.584e+02 2 0)
s>                ( - 2.021e+02 1 0))))INFO: dtree.c(1315): Comp split 2
INFO: dtree.c(1439): stop. leaf nodes are specific
INFO: dtree.c(1478): Final simple tree
|( QUESTION0_19_R 1 2.485e+03 2.854e+02 1.258e+02
|    ( - 9.843e+02 2 0)
|    ( QUESTION0_10_R 1 1.216e+03 1.702e+02 6.700e+01
|        ( - 4.120e+02 1 0)
|        ( SILENCE 1 6.334e+02 8.876e+01 3.800e+01
|            ( - 4.682e+02 1 0)
|            ( - 7.646e+01 1 0))))
s>    ( QUESTION0_19_R 1 2.485e+03 2.854e+02 1.258e+02
s>        ( - 9.843e+02 2 0)
s>        ( QUESTION0_10_R 1 1.216e+03 1.702e+02 6.700e+01
s>            ( - 4.120e+02 1 0)
s>            ( SILENCE 1 6.334e+02 8.876e+01 3.800e+01
s>                ( - 4.682e+02 1 0)
s>                ( - 7.646e+01 1 0))))INFO: dtree.c(1439): stop. leaf nodes are specific
INFO: dtree.c(1478): Final simple tree
|( QUESTION0_20_R 1 1.906e+03 2.297e+02 1.000e+02
|    ( - 8.828e+02 2 0)
|    ( QUESTION0_0_R 1 7.934e+02 1.541e+02 4.800e+01
|        ( - 3.190e+02 1 0)
|        ( - 3.203e+02 1 0)))
s>    ( QUESTION0_20_R 1 1.906e+03 2.297e+02 1.000e+02
s>        ( - 8.828e+02 2 0)
s>        ( QUESTION0_0_R 1 7.934e+02 1.541e+02 4.800e+01
s>            ( - 3.190e+02 1 0)
s>            ( - 3.203e+02 1 0)))INFO: dtree.c(1315): Comp split 3
INFO: dtree.c(1439): stop. leaf nodes are specific
INFO: dtree.c(1478): Final simple tree
|( QUESTION0_0_R 1 2.367e+03 2.515e+02 1.195e+02
|    ( - 1.613e+03 2 0)
|    ( WDBNDRY_B 0 5.020e+02 9.592e+01 3.248e+01
|        ( SILENCE -1 8.376e+01 2.642e+01 9.000e+00
|            ( - 5.170e+01 1 0)
|            ( - 5.636e+00 1 0))
|        ( - 3.223e+02 1 0)))
s>    ( QUESTION0_0_R 1 2.367e+03 2.515e+02 1.195e+02
s>        ( - 1.613e+03 2 0)
s>        ( WDBNDRY_B 0 5.020e+02 9.592e+01 3.248e+01
s>            ( SILENCE -1 8.376e+01 2.642e+01 9.000e+00
s>                ( - 5.170e+01 1 0)
s>                ( - 5.636e+00 1 0))
s>            ( - 3.223e+02 1 0)))INFO: dtree.c(1439): stop. leaf nodes are specific
INFO: dtree.c(1478): Final simple tree
|( QUESTION0_12_R 1 5.411e+03 3.482e+02 2.663e+02
|    ( - 3.604e+03 1 0)
|    ( - 1.460e+03 1 0))
s>    ( QUESTION0_12_R 1 5.411e+03 3.482e+02 2.663e+02
s>        ( - 3.604e+03 1 0)
s>        ( - 1.460e+03 1 0))INFO: dtree.c(1315): Comp split 4
INFO: dtree.c(1439): stop. leaf nodes are specific
INFO: dtree.c(1478): Final simple tree
|( QUESTION0_1_R 1 2.335e+03 1.706e+02 1.230e+02
|    ( - 1.901e+03 1 0)
|    ( - 2.635e+02 1 0))
s>    ( QUESTION0_1_R 1 2.335e+03 1.706e+02 1.230e+02
s>        ( - 1.901e+03 1 0)
s>        ( - 2.635e+02 1 0))INFO: dtree.c(1439): stop. leaf nodes are specific
INFO: dtree.c(1478): Final simple tree
|( QUESTION0_0_R 1 1.743e+03 1.958e+02 9.700e+01
|    ( WDBNDRY_B 0 7.567e+02 8.094e+01 4.600e+01
|        ( - 5.383e+01 1 0)
|        ( - 6.219e+02 1 0))
|    ( WDBNDRY_E 0 7.904e+02 1.299e+02 5.100e+01
|        ( - 4.584e+02 2 0)
|        ( - 2.021e+02 1 0)))
s>    ( QUESTION0_0_R 1 1.743e+03 1.958e+02 9.700e+01
s>        ( WDBNDRY_B 0 7.567e+02 8.094e+01 4.600e+01
s>            ( - 5.383e+01 1 0)
s>            ( - 6.219e+02 1 0))
s>        ( WDBNDRY_E 0 7.904e+02 1.299e+02 5.100e+01
s>            ( - 4.584e+02 2 0)
s>            ( - 2.021e+02 1 0)))INFO: dtree.c(1315): Comp split 5
INFO: dtree.c(1315): Comp split 6
INFO: dtree.c(1439): stop. leaf nodes are specific
INFO: dtree.c(1478): Final simple tree
|( SILENCE 1 1.029e+03 1.487e+02 5.900e+01
|    ( - 4.682e+02 1 0)
|    ( - 4.120e+02 1 0))
s>    ( SILENCE 1 1.029e+03 1.487e+02 5.900e+01
s>        ( - 4.682e+02 1 0)
s>        ( - 4.120e+02 1 0))INFO: dtree.c(1439): stop. leaf nodes are specific
INFO: dtree.c(1478): Final simple tree
|( QUESTION0_10_R 1 1.161e+03 9.999e+01 6.677e+01
|    ( - 9.843e+02 2 0)
|    ( - 7.646e+01 1 0))
s>    ( QUESTION0_10_R 1 1.161e+03 9.999e+01 6.677e+01
s>        ( - 9.843e+02 2 0)
s>        ( - 7.646e+01 1 0))INFO: dtree.c(1315): Comp split 7
INFO: dtree.c(1439): stop. leaf nodes are specific
INFO: dtree.c(1478): Final simple tree
|( WDBNDRY_B 0 5.020e+02 9.592e+01 3.248e+01
|    ( SILENCE -1 8.376e+01 2.642e+01 9.000e+00
|        ( - 5.170e+01 1 0)
|        ( - 5.636e+00 1 0))
|    ( - 3.223e+02 1 0))
s>    ( WDBNDRY_B 0 5.020e+02 9.592e+01 3.248e+01
s>        ( SILENCE -1 8.376e+01 2.642e+01 9.000e+00
s>            ( - 5.170e+01 1 0)
s>            ( - 5.636e+00 1 0))
s>        ( - 3.223e+02 1 0))INFO: dtree.c(1315): Comp split 8
INFO: dtree.c(1439): stop. leaf nodes are specific
INFO: dtree.c(1478): Final simple tree
|( QUESTION0_0_R 1 7.934e+02 1.541e+02 4.800e+01
|    ( - 3.190e+02 1 0)
|    ( - 3.203e+02 1 0))
s>    ( QUESTION0_0_R 1 7.934e+02 1.541e+02 4.800e+01
s>        ( - 3.190e+02 1 0)
s>        ( - 3.203e+02 1 0))INFO: dtree.c(1315): Comp split 9
INFO: dtree.c(1439): stop. leaf nodes are specific
INFO: dtree.c(1478): Final simple tree
|( WDBNDRY_E 0 9.332e+02 1.092e+02 5.900e+01
|    ( - 6.219e+02 1 0)
|    ( - 2.021e+02 1 0))
s>    ( WDBNDRY_E 0 9.332e+02 1.092e+02 5.900e+01
s>        ( - 6.219e+02 1 0)
s>        ( - 2.021e+02 1 0))INFO: dtree.c(1439): stop. leaf nodes are specific
INFO: dtree.c(1478): Final simple tree
|( WDBNDRY_B 0 5.957e+02 8.349e+01 3.800e+01
|    ( - 5.383e+01 1 0)
|    ( - 4.584e+02 2 0))
s>    ( WDBNDRY_B 0 5.957e+02 8.349e+01 3.800e+01
s>        ( - 5.383e+01 1 0)
s>        ( - 4.584e+02 2 0))INFO: dtree.c(1315): Comp split 10
INFO: dtree.c(1315): Comp split 11
INFO: dtree.c(1315): Comp split 12
INFO: dtree.c(1315): Comp split 13
INFO: dtree.c(1315): Comp split 14
INFO: dtree.c(1315): Comp split 15
INFO: dtree.c(1439): stop. leaf nodes are specific
INFO: dtree.c(1478): Final simple tree
|( SILENCE -1 8.376e+01 2.642e+01 9.000e+00
|    ( - 5.170e+01 1 0)
|    ( - 5.636e+00 1 0))
s>    ( SILENCE -1 8.376e+01 2.642e+01 9.000e+00
s>        ( - 5.170e+01 1 0)
s>        ( - 5.636e+00 1 0))INFO: dtree.c(1315): Comp split 16
INFO: dtree.c(1315): Comp split 17
INFO: dtree.c(1315): Comp split 18
INFO: dtree.c(1318): stop. leaf nodes are specific
Fri Nov  2 10:07:14 2018
