Current configuration:
[NAME]		[DEFLT]	[VALUE]
-allphones	no	no
-cntthresh	0.00001	1.000000e-05
-csplitmax	100	2000
-csplitmin	1	1
-csplitthr	8e-4	0.000000e+00
-example	no	no
-fullvar	no	no
-help		no	no
-meanfn			
-mixwfn			/home/sdv/Documents/SDV/SDVoice/an4/model_parameters/an4.cd_semi_untied/mixture_weights
-moddeffn		/home/sdv/Documents/SDV/SDVoice/an4/model_architecture/an4.untied.mdef
-mwfloor	1e-4	1.000000e-08
-phone			V
-psetfn			/home/sdv/Documents/SDV/SDVoice/an4/model_architecture/an4.tree_questions
-ssplitmax	5	7
-ssplitmin	1	1
-ssplitthr	8e-4	0.000000e+00
-state			0
-stwt			1.0,0.05,0.0,
-treefn			/home/sdv/Documents/SDV/SDVoice/an4/trees/an4.unpruned/V-0.dtree
-ts2cbfn	.semi.	.semi.
-varfloor	0.00001	1.000000e-05
-varfn			

INFO: main.c(223): Reading: /home/sdv/Documents/SDV/SDVoice/an4/model_architecture/an4.untied.mdef
INFO: model_def_io.c(573): Model definition info:
INFO: model_def_io.c(574): 1618 total models defined (34 base, 1584 tri)
INFO: model_def_io.c(575): 6472 total states
INFO: model_def_io.c(576): 4854 total tied states
INFO: model_def_io.c(577): 102 total tied CI states
INFO: model_def_io.c(578): 34 total tied transition matrices
INFO: model_def_io.c(579): 4 max state/model
INFO: model_def_io.c(580): 4 min state/model
INFO: main.c(242): Building trees for [V AH IY b] through [V T IY b]
INFO: main.c(269): Covering states |[4587 4670]| == 84
INFO: main.c(275): Reading: /home/sdv/Documents/SDV/SDVoice/an4/model_parameters/an4.cd_semi_untied/mixture_weights
INFO: s3mixw_io.c(173): Read /home/sdv/Documents/SDV/SDVoice/an4/model_parameters/an4.cd_semi_untied/mixture_weights [84x4x256 array]
INFO: main.c(311): 28 of 28 models have observation count greater than 0.000010
INFO: main.c(95): nrm stwt: 0.952 0.048 0.000 
INFO: main.c(411): 28-class entropy: 1.769565e+04
INFO: main.c(549): Reading: /home/sdv/Documents/SDV/SDVoice/an4/model_architecture/an4.tree_questions
INFO: main.c(588): 176 total simple questions (168 phone; 8 word bndry)
INFO: main.c(590): 42 Left Only questions, and 42 Right Only questions
INFO: dtree.c(1478): Final simple tree
|( WDBNDRY_I 0 2.338e+04 1.548e+03 1.041e+03
|    ( - 7.607e+03 1 0)
|    ( QUESTION0 1 1.422e+04 9.576e+02 6.261e+02
|        ( QUESTION12 1 7.055e+03 2.906e+02 3.689e+02
|            ( - 4.017e+03 3 0 QUESTION0_10_R 1 1.348e+02 2.227e+02)
|            ( QUESTION1 1 2.748e+03 2.043e+02 1.461e+02
|                ( - 1.025e+03 3 0 QUESTION0_0_R 1 1.079e+02 6.154e+01)
|                ( - 1.518e+03 6 0 QUESTION2_4_L -1 9.956e+01 8.460e+01)))
|        ( WDBNDRY_B 0 6.212e+03 6.303e+02 2.572e+02
|            ( QUESTION13 -1 2.200e+03 2.797e+02 1.012e+02
|                ( - 1.273e+03 4 0 QUESTION14 -1 1.648e+02 6.616e+01)
|                ( - 6.477e+02 6 0 QUESTION10 -1 1.148e+02 3.500e+01))
|            ( SILENCE 1 3.381e+03 2.543e+02 1.560e+02
|                ( - 2.559e+03 2 0 QUESTION2_0_L -1 3.337e+01 1.218e+02)
|                ( - 5.674e+02 3 0 QUESTION0_0_R 1 1.047e+02 3.429e+01)))))
s>    ( WDBNDRY_I 0 2.338e+04 1.548e+03 1.041e+03
s>        ( - 7.607e+03 1 0)
s>        ( QUESTION0 1 1.422e+04 9.576e+02 6.261e+02
s>            ( QUESTION12 1 7.055e+03 2.906e+02 3.689e+02
s>                ( - 4.017e+03 3 0 QUESTION0_10_R 1 1.348e+02 2.227e+02)
s>                ( QUESTION1 1 2.748e+03 2.043e+02 1.461e+02
s>                    ( - 1.025e+03 3 0 QUESTION0_0_R 1 1.079e+02 6.154e+01)
s>                    ( - 1.518e+03 6 0 QUESTION2_4_L -1 9.956e+01 8.460e+01)))
s>            ( WDBNDRY_B 0 6.212e+03 6.303e+02 2.572e+02
s>                ( QUESTION13 -1 2.200e+03 2.797e+02 1.012e+02
s>                    ( - 1.273e+03 4 0 QUESTION14 -1 1.648e+02 6.616e+01)
s>                    ( - 6.477e+02 6 0 QUESTION10 -1 1.148e+02 3.500e+01))
s>                ( SILENCE 1 3.381e+03 2.543e+02 1.560e+02
s>                    ( - 2.559e+03 2 0 QUESTION2_0_L -1 3.337e+01 1.218e+02)
s>                    ( - 5.674e+02 3 0 QUESTION0_0_R 1 1.047e+02 3.429e+01)))))INFO: dtree.c(1315): Comp split 0
INFO: dtree.c(1478): Final simple tree
|( QUESTION0 1 1.422e+04 9.576e+02 6.261e+02
|    ( QUESTION12 1 7.055e+03 2.906e+02 3.689e+02
|        ( - 4.017e+03 3 0 QUESTION0_10_R 1 1.348e+02 2.227e+02)
|        ( QUESTION1 1 2.748e+03 2.043e+02 1.461e+02
|            ( - 1.025e+03 3 0 QUESTION0_0_R 1 1.079e+02 6.154e+01)
|            ( - 1.518e+03 6 0 QUESTION2_4_L -1 9.956e+01 8.460e+01)))
|    ( WDBNDRY_B 0 6.212e+03 6.303e+02 2.572e+02
|        ( QUESTION13 -1 2.200e+03 2.797e+02 1.012e+02
|            ( QUESTION14 -1 1.273e+03 1.648e+02 6.616e+01
|                ( - 3.898e+02 2 0)
|                ( - 7.185e+02 2 0 QUESTION16 -1 1.139e+02 4.131e+01))
|            ( - 6.477e+02 6 0 QUESTION10 -1 1.148e+02 3.500e+01))
|        ( SILENCE 1 3.381e+03 2.543e+02 1.560e+02
|            ( - 2.559e+03 2 0 QUESTION2_0_L -1 3.337e+01 1.218e+02)
|            ( - 5.674e+02 3 0 QUESTION0_0_R 1 1.047e+02 3.429e+01))))
s>    ( QUESTION0 1 1.422e+04 9.576e+02 6.261e+02
s>        ( QUESTION12 1 7.055e+03 2.906e+02 3.689e+02
s>            ( - 4.017e+03 3 0 QUESTION0_10_R 1 1.348e+02 2.227e+02)
s>            ( QUESTION1 1 2.748e+03 2.043e+02 1.461e+02
s>                ( - 1.025e+03 3 0 QUESTION0_0_R 1 1.079e+02 6.154e+01)
s>                ( - 1.518e+03 6 0 QUESTION2_4_L -1 9.956e+01 8.460e+01)))
s>        ( WDBNDRY_B 0 6.212e+03 6.303e+02 2.572e+02
s>            ( QUESTION13 -1 2.200e+03 2.797e+02 1.012e+02
s>                ( QUESTION14 -1 1.273e+03 1.648e+02 6.616e+01
s>                    ( - 3.898e+02 2 0)
s>                    ( - 7.185e+02 2 0 QUESTION16 -1 1.139e+02 4.131e+01))
s>                ( - 6.477e+02 6 0 QUESTION10 -1 1.148e+02 3.500e+01))
s>            ( SILENCE 1 3.381e+03 2.543e+02 1.560e+02
s>                ( - 2.559e+03 2 0 QUESTION2_0_L -1 3.337e+01 1.218e+02)
s>                ( - 5.674e+02 3 0 QUESTION0_0_R 1 1.047e+02 3.429e+01))))INFO: dtree.c(1315): Comp split 1
INFO: dtree.c(1478): Final simple tree
|( WDBNDRY_B 0 5.350e+03 5.908e+02 2.229e+02
|    ( QUESTION13 -1 2.200e+03 2.797e+02 1.012e+02
|        ( QUESTION14 -1 1.273e+03 1.648e+02 6.616e+01
|            ( - 3.898e+02 2 0)
|            ( QUESTION16 -1 7.185e+02 1.139e+02 4.131e+01
|                ( - 2.422e+02 1 0)
|                ( - 3.624e+02 1 0)))
|        ( QUESTION10 -1 6.477e+02 1.148e+02 3.500e+01
|            ( QUESTION2_12_L -1 1.998e+02 4.403e+01 1.400e+01
|                ( - 1.277e+02 1 0)
|                ( - 2.810e+01 2 0 QUESTION11 -1 1.312e+01 4.000e+00))
|            ( SILENCE -1 3.331e+02 5.775e+01 2.100e+01
|                ( - 2.354e+02 1 0)
|                ( - 3.997e+01 2 0 QUESTION2 -1 1.965e+01 5.000e+00))))
|    ( - 2.559e+03 2 0 QUESTION2_0_L -1 3.337e+01 1.218e+02))
s>    ( WDBNDRY_B 0 5.350e+03 5.908e+02 2.229e+02
s>        ( QUESTION13 -1 2.200e+03 2.797e+02 1.012e+02
s>            ( QUESTION14 -1 1.273e+03 1.648e+02 6.616e+01
s>                ( - 3.898e+02 2 0)
s>                ( QUESTION16 -1 7.185e+02 1.139e+02 4.131e+01
s>                    ( - 2.422e+02 1 0)
s>                    ( - 3.624e+02 1 0)))
s>            ( QUESTION10 -1 6.477e+02 1.148e+02 3.500e+01
s>                ( QUESTION2_12_L -1 1.998e+02 4.403e+01 1.400e+01
s>                    ( - 1.277e+02 1 0)
s>                    ( - 2.810e+01 2 0 QUESTION11 -1 1.312e+01 4.000e+00))
s>                ( SILENCE -1 3.331e+02 5.775e+01 2.100e+01
s>                    ( - 2.354e+02 1 0)
s>                    ( - 3.997e+01 2 0 QUESTION2 -1 1.965e+01 5.000e+00))))
s>        ( - 2.559e+03 2 0 QUESTION2_0_L -1 3.337e+01 1.218e+02))INFO: dtree.c(1478): Final simple tree
|( QUESTION12 1 7.879e+03 3.303e+02 4.031e+02
|    ( QUESTION0_10_R 1 4.017e+03 1.348e+02 2.227e+02
|        ( QUESTION2_0_L -1 3.475e+03 8.683e+01 1.946e+02
|            ( - 3.371e+03 1 0)
|            ( - 1.711e+01 1 0))
|        ( - 4.073e+02 1 0))
|    ( QUESTION0_20_R 1 3.532e+03 2.457e+02 1.804e+02
|        ( QUESTION1 1 2.375e+03 1.611e+02 1.301e+02
|            ( - 6.952e+02 1 0)
|            ( QUESTION2_4_L -1 1.518e+03 9.956e+01 8.460e+01
|                ( - 1.373e+03 3 0)
|                ( - 4.629e+01 3 0 QUESTION16 -1 2.002e+01 5.000e+00)))
|        ( QUESTION0_0_R 1 9.116e+02 1.460e+02 5.028e+01
|            ( - 5.000e+02 3 0 QUESTION0_2_R 1 8.118e+01 3.100e+01)
|            ( - 2.656e+02 2 0 QUESTION0_12_R 1 5.524e+01 1.929e+01))))
s>    ( QUESTION12 1 7.879e+03 3.303e+02 4.031e+02
s>        ( QUESTION0_10_R 1 4.017e+03 1.348e+02 2.227e+02
s>            ( QUESTION2_0_L -1 3.475e+03 8.683e+01 1.946e+02
s>                ( - 3.371e+03 1 0)
s>                ( - 1.711e+01 1 0))
s>            ( - 4.073e+02 1 0))
s>        ( QUESTION0_20_R 1 3.532e+03 2.457e+02 1.804e+02
s>            ( QUESTION1 1 2.375e+03 1.611e+02 1.301e+02
s>                ( - 6.952e+02 1 0)
s>                ( QUESTION2_4_L -1 1.518e+03 9.956e+01 8.460e+01
s>                    ( - 1.373e+03 3 0)
s>                    ( - 4.629e+01 3 0 QUESTION16 -1 2.002e+01 5.000e+00)))
s>            ( QUESTION0_0_R 1 9.116e+02 1.460e+02 5.028e+01
s>                ( - 5.000e+02 3 0 QUESTION0_2_R 1 8.118e+01 3.100e+01)
s>                ( - 2.656e+02 2 0 QUESTION0_12_R 1 5.524e+01 1.929e+01))))INFO: dtree.c(1315): Comp split 2
INFO: dtree.c(1478): Final simple tree
|( QUESTION13 -1 2.200e+03 2.797e+02 1.012e+02
|    ( QUESTION14 -1 1.273e+03 1.648e+02 6.616e+01
|        ( - 3.898e+02 2 0)
|        ( QUESTION16 -1 7.185e+02 1.139e+02 4.131e+01
|            ( - 2.422e+02 1 0)
|            ( - 3.624e+02 1 0)))
|    ( QUESTION10 -1 6.477e+02 1.148e+02 3.500e+01
|        ( QUESTION2_12_L -1 1.998e+02 4.403e+01 1.400e+01
|            ( - 1.277e+02 1 0)
|            ( - 2.810e+01 2 0 QUESTION11 -1 1.312e+01 4.000e+00))
|        ( SILENCE -1 3.331e+02 5.775e+01 2.100e+01
|            ( - 2.354e+02 1 0)
|            ( QUESTION2 -1 3.997e+01 1.965e+01 5.000e+00
|                ( - 1.233e+01 1 0)
|                ( - 8.000e+00 1 0)))))
s>    ( QUESTION13 -1 2.200e+03 2.797e+02 1.012e+02
s>        ( QUESTION14 -1 1.273e+03 1.648e+02 6.616e+01
s>            ( - 3.898e+02 2 0)
s>            ( QUESTION16 -1 7.185e+02 1.139e+02 4.131e+01
s>                ( - 2.422e+02 1 0)
s>                ( - 3.624e+02 1 0)))
s>        ( QUESTION10 -1 6.477e+02 1.148e+02 3.500e+01
s>            ( QUESTION2_12_L -1 1.998e+02 4.403e+01 1.400e+01
s>                ( - 1.277e+02 1 0)
s>                ( - 2.810e+01 2 0 QUESTION11 -1 1.312e+01 4.000e+00))
s>            ( SILENCE -1 3.331e+02 5.775e+01 2.100e+01
s>                ( - 2.354e+02 1 0)
s>                ( QUESTION2 -1 3.997e+01 1.965e+01 5.000e+00
s>                    ( - 1.233e+01 1 0)
s>                    ( - 8.000e+00 1 0)))))INFO: dtree.c(1439): stop. leaf nodes are specific
INFO: dtree.c(1478): Final simple tree
|( QUESTION2_0_L -1 2.559e+03 3.337e+01 1.218e+02
|    ( - 2.526e+03 1 0)
|    ( - 0.000e+00 1 0))
s>    ( QUESTION2_0_L -1 2.559e+03 3.337e+01 1.218e+02
s>        ( - 2.526e+03 1 0)
s>        ( - 0.000e+00 1 0))INFO: dtree.c(1315): Comp split 3
INFO: dtree.c(1439): stop. leaf nodes are specific
INFO: dtree.c(1478): Final simple tree
|( QUESTION11 1 5.497e+03 2.111e+02 2.993e+02
|    ( - 1.373e+03 3 0)
|    ( QUESTION0_10_R 1 3.913e+03 1.351e+02 2.197e+02
|        ( - 3.371e+03 1 0)
|        ( - 4.073e+02 1 0)))
s>    ( QUESTION11 1 5.497e+03 2.111e+02 2.993e+02
s>        ( - 1.373e+03 3 0)
s>        ( QUESTION0_10_R 1 3.913e+03 1.351e+02 2.197e+02
s>            ( - 3.371e+03 1 0)
s>            ( - 4.073e+02 1 0)))INFO: dtree.c(1478): Final simple tree
|( QUESTION1 1 2.001e+03 2.150e+02 1.038e+02
|    ( QUESTION0_0_R 1 1.025e+03 1.079e+02 6.154e+01
|        ( QUESTION2_0_L -1 2.216e+02 4.406e+01 1.600e+01
|            ( - 1.655e+02 1 0)
|            ( - 1.206e+01 1 0))
|        ( - 6.952e+02 1 0))
|    ( QUESTION0_10_R 1 7.610e+02 1.311e+02 4.229e+01
|        ( QUESTION0_12_R 1 3.307e+02 7.066e+01 2.229e+01
|            ( - 1.607e+02 1 0)
|            ( QUESTION0_11_R 1 9.939e+01 3.263e+01 9.000e+00
|                ( - 4.965e+01 1 0)
|                ( - 1.711e+01 1 0)))
|        ( QUESTION0_0_R 1 2.991e+02 5.565e+01 2.000e+01
|            ( - 1.972e+02 1 0)
|            ( - 4.629e+01 3 0 QUESTION16 -1 2.002e+01 5.000e+00))))
s>    ( QUESTION1 1 2.001e+03 2.150e+02 1.038e+02
s>        ( QUESTION0_0_R 1 1.025e+03 1.079e+02 6.154e+01
s>            ( QUESTION2_0_L -1 2.216e+02 4.406e+01 1.600e+01
s>                ( - 1.655e+02 1 0)
s>                ( - 1.206e+01 1 0))
s>            ( - 6.952e+02 1 0))
s>        ( QUESTION0_10_R 1 7.610e+02 1.311e+02 4.229e+01
s>            ( QUESTION0_12_R 1 3.307e+02 7.066e+01 2.229e+01
s>                ( - 1.607e+02 1 0)
s>                ( QUESTION0_11_R 1 9.939e+01 3.263e+01 9.000e+00
s>                    ( - 4.965e+01 1 0)
s>                    ( - 1.711e+01 1 0)))
s>            ( QUESTION0_0_R 1 2.991e+02 5.565e+01 2.000e+01
s>                ( - 1.972e+02 1 0)
s>                ( - 4.629e+01 3 0 QUESTION16 -1 2.002e+01 5.000e+00))))INFO: dtree.c(1315): Comp split 4
INFO: dtree.c(1439): stop. leaf nodes are specific
INFO: dtree.c(1478): Final simple tree
|( QUESTION10 -1 6.477e+02 1.148e+02 3.500e+01
|    ( QUESTION2_12_L -1 1.998e+02 4.403e+01 1.400e+01
|        ( - 1.277e+02 1 0)
|        ( QUESTION11 -1 2.810e+01 1.312e+01 4.000e+00
|            ( - 2.857e-01 1 0)
|            ( - 1.469e+01 1 0)))
|    ( SILENCE -1 3.331e+02 5.775e+01 2.100e+01
|        ( - 2.354e+02 1 0)
|        ( QUESTION2 -1 3.997e+01 1.965e+01 5.000e+00
|            ( - 1.233e+01 1 0)
|            ( - 8.000e+00 1 0))))
s>    ( QUESTION10 -1 6.477e+02 1.148e+02 3.500e+01
s>        ( QUESTION2_12_L -1 1.998e+02 4.403e+01 1.400e+01
s>            ( - 1.277e+02 1 0)
s>            ( QUESTION11 -1 2.810e+01 1.312e+01 4.000e+00
s>                ( - 2.857e-01 1 0)
s>                ( - 1.469e+01 1 0)))
s>        ( SILENCE -1 3.331e+02 5.775e+01 2.100e+01
s>            ( - 2.354e+02 1 0)
s>            ( QUESTION2 -1 3.997e+01 1.965e+01 5.000e+00
s>                ( - 1.233e+01 1 0)
s>                ( - 8.000e+00 1 0))))INFO: dtree.c(1439): stop. leaf nodes are specific
INFO: dtree.c(1478): Final simple tree
|( QUESTION14 -1 1.273e+03 1.648e+02 6.616e+01
|    ( - 3.898e+02 2 0)
|    ( QUESTION16 -1 7.185e+02 1.139e+02 4.131e+01
|        ( - 2.422e+02 1 0)
|        ( - 3.624e+02 1 0)))
s>    ( QUESTION14 -1 1.273e+03 1.648e+02 6.616e+01
s>        ( - 3.898e+02 2 0)
s>        ( QUESTION16 -1 7.185e+02 1.139e+02 4.131e+01
s>            ( - 2.422e+02 1 0)
s>            ( - 3.624e+02 1 0)))INFO: dtree.c(1315): Comp split 5
INFO: dtree.c(1439): stop. leaf nodes are specific
INFO: dtree.c(1478): Final simple tree
|( QUESTION0_11_R 1 5.011e+02 1.047e+02 3.029e+01
|    ( QUESTION0_12_R 1 2.656e+02 5.524e+01 1.929e+01
|        ( - 1.607e+02 1 0)
|        ( - 4.965e+01 1 0))
|    ( QUESTION0_20_R 1 1.308e+02 4.203e+01 1.100e+01
|        ( QUESTION16 -1 4.629e+01 2.002e+01 5.000e+00
|            ( - 1.945e+01 2 0)
|            ( - 6.821e+00 1 0))
|        ( QUESTION0_0_R 1 4.253e+01 1.335e+01 6.000e+00
|            ( - 1.206e+01 1 0)
|            ( - 1.711e+01 1 0))))
s>    ( QUESTION0_11_R 1 5.011e+02 1.047e+02 3.029e+01
s>        ( QUESTION0_12_R 1 2.656e+02 5.524e+01 1.929e+01
s>            ( - 1.607e+02 1 0)
s>            ( - 4.965e+01 1 0))
s>        ( QUESTION0_20_R 1 1.308e+02 4.203e+01 1.100e+01
s>            ( QUESTION16 -1 4.629e+01 2.002e+01 5.000e+00
s>                ( - 1.945e+01 2 0)
s>                ( - 6.821e+00 1 0))
s>            ( QUESTION0_0_R 1 4.253e+01 1.335e+01 6.000e+00
s>                ( - 1.206e+01 1 0)
s>                ( - 1.711e+01 1 0))))INFO: dtree.c(1439): stop. leaf nodes are specific
INFO: dtree.c(1478): Final simple tree
|( QUESTION0_0_R 1 1.243e+03 1.161e+02 7.354e+01
|    ( QUESTION0_2_R 1 4.317e+02 6.902e+01 2.800e+01
|        ( - 1.655e+02 1 0)
|        ( - 1.972e+02 1 0))
|    ( - 6.952e+02 1 0))
s>    ( QUESTION0_0_R 1 1.243e+03 1.161e+02 7.354e+01
s>        ( QUESTION0_2_R 1 4.317e+02 6.902e+01 2.800e+01
s>            ( - 1.655e+02 1 0)
s>            ( - 1.972e+02 1 0))
s>        ( - 6.952e+02 1 0))INFO: dtree.c(1315): Comp split 6
INFO: dtree.c(1439): stop. leaf nodes are specific
INFO: dtree.c(1478): Final simple tree
|( QUESTION0_10_R 1 3.913e+03 1.351e+02 2.197e+02
|    ( - 3.371e+03 1 0)
|    ( - 4.073e+02 1 0))
s>    ( QUESTION0_10_R 1 3.913e+03 1.351e+02 2.197e+02
s>        ( - 3.371e+03 1 0)
s>        ( - 4.073e+02 1 0))INFO: dtree.c(1315): Comp split 7
INFO: dtree.c(1439): stop. leaf nodes are specific
INFO: dtree.c(1478): Final simple tree
|( QUESTION16 -1 7.185e+02 1.139e+02 4.131e+01
|    ( - 2.422e+02 1 0)
|    ( - 3.624e+02 1 0))
s>    ( QUESTION16 -1 7.185e+02 1.139e+02 4.131e+01
s>        ( - 2.422e+02 1 0)
s>        ( - 3.624e+02 1 0))INFO: dtree.c(1315): Comp split 8
INFO: dtree.c(1315): Comp split 9
INFO: dtree.c(1439): stop. leaf nodes are specific
INFO: dtree.c(1478): Final simple tree
|( QUESTION2_12_L -1 2.563e+02 6.024e+01 1.700e+01
|    ( - 1.277e+02 1 0)
|    ( QUESTION1 -1 6.839e+01 2.797e+01 7.000e+00
|        ( - 1.233e+01 1 0)
|        ( QUESTION11 -1 2.810e+01 1.312e+01 4.000e+00
|            ( - 2.857e-01 1 0)
|            ( - 1.469e+01 1 0))))
s>    ( QUESTION2_12_L -1 2.563e+02 6.024e+01 1.700e+01
s>        ( - 1.277e+02 1 0)
s>        ( QUESTION1 -1 6.839e+01 2.797e+01 7.000e+00
s>            ( - 1.233e+01 1 0)
s>            ( QUESTION11 -1 2.810e+01 1.312e+01 4.000e+00
s>                ( - 2.857e-01 1 0)
s>                ( - 1.469e+01 1 0))))INFO: dtree.c(1439): stop. leaf nodes are specific
INFO: dtree.c(1478): Final simple tree
|( SILENCE -1 2.744e+02 3.101e+01 1.800e+01
|    ( - 2.354e+02 1 0)
|    ( - 8.000e+00 1 0))
s>    ( SILENCE -1 2.744e+02 3.101e+01 1.800e+01
s>        ( - 2.354e+02 1 0)
s>        ( - 8.000e+00 1 0))INFO: dtree.c(1315): Comp split 10
INFO: dtree.c(1439): stop. leaf nodes are specific
INFO: dtree.c(1478): Final simple tree
|( QUESTION0_2_R 1 4.317e+02 6.902e+01 2.800e+01
|    ( - 1.655e+02 1 0)
|    ( - 1.972e+02 1 0))
s>    ( QUESTION0_2_R 1 4.317e+02 6.902e+01 2.800e+01
s>        ( - 1.655e+02 1 0)
s>        ( - 1.972e+02 1 0))INFO: dtree.c(1315): Comp split 11
INFO: dtree.c(1315): Comp split 12
INFO: dtree.c(1439): stop. leaf nodes are specific
INFO: dtree.c(1478): Final simple tree
|( QUESTION0_20_R 1 1.308e+02 4.203e+01 1.100e+01
|    ( QUESTION16 -1 4.629e+01 2.002e+01 5.000e+00
|        ( - 1.945e+01 2 0)
|        ( - 6.821e+00 1 0))
|    ( QUESTION0_0_R 1 4.253e+01 1.335e+01 6.000e+00
|        ( - 1.206e+01 1 0)
|        ( - 1.711e+01 1 0)))
s>    ( QUESTION0_20_R 1 1.308e+02 4.203e+01 1.100e+01
s>        ( QUESTION16 -1 4.629e+01 2.002e+01 5.000e+00
s>            ( - 1.945e+01 2 0)
s>            ( - 6.821e+00 1 0))
s>        ( QUESTION0_0_R 1 4.253e+01 1.335e+01 6.000e+00
s>            ( - 1.206e+01 1 0)
s>            ( - 1.711e+01 1 0)))INFO: dtree.c(1439): stop. leaf nodes are specific
INFO: dtree.c(1478): Final simple tree
|( QUESTION0_12_R 1 2.656e+02 5.524e+01 1.929e+01
|    ( - 1.607e+02 1 0)
|    ( - 4.965e+01 1 0))
s>    ( QUESTION0_12_R 1 2.656e+02 5.524e+01 1.929e+01
s>        ( - 1.607e+02 1 0)
s>        ( - 4.965e+01 1 0))INFO: dtree.c(1315): Comp split 13
INFO: dtree.c(1315): Comp split 14
INFO: dtree.c(1439): stop. leaf nodes are specific
INFO: dtree.c(1478): Final simple tree
|( QUESTION1 -1 6.839e+01 2.797e+01 7.000e+00
|    ( - 1.233e+01 1 0)
|    ( QUESTION11 -1 2.810e+01 1.312e+01 4.000e+00
|        ( - 2.857e-01 1 0)
|        ( - 1.469e+01 1 0)))
s>    ( QUESTION1 -1 6.839e+01 2.797e+01 7.000e+00
s>        ( - 1.233e+01 1 0)
s>        ( QUESTION11 -1 2.810e+01 1.312e+01 4.000e+00
s>            ( - 2.857e-01 1 0)
s>            ( - 1.469e+01 1 0)))INFO: dtree.c(1315): Comp split 15
INFO: dtree.c(1315): Comp split 16
INFO: dtree.c(1439): stop. leaf nodes are specific
INFO: dtree.c(1478): Final simple tree
|( QUESTION0_0_R 1 4.253e+01 1.335e+01 6.000e+00
|    ( - 1.206e+01 1 0)
|    ( - 1.711e+01 1 0))
s>    ( QUESTION0_0_R 1 4.253e+01 1.335e+01 6.000e+00
s>        ( - 1.206e+01 1 0)
s>        ( - 1.711e+01 1 0))INFO: dtree.c(1439): stop. leaf nodes are specific
INFO: dtree.c(1478): Final simple tree
|( QUESTION16 -1 4.629e+01 2.002e+01 5.000e+00
|    ( - 1.945e+01 2 0)
|    ( - 6.821e+00 1 0))
s>    ( QUESTION16 -1 4.629e+01 2.002e+01 5.000e+00
s>        ( - 1.945e+01 2 0)
s>        ( - 6.821e+00 1 0))INFO: dtree.c(1315): Comp split 17
INFO: dtree.c(1315): Comp split 18
INFO: dtree.c(1315): Comp split 19
INFO: dtree.c(1439): stop. leaf nodes are specific
INFO: dtree.c(1478): Final simple tree
|( QUESTION11 -1 2.810e+01 1.312e+01 4.000e+00
|    ( - 2.857e-01 1 0)
|    ( - 1.469e+01 1 0))
s>    ( QUESTION11 -1 2.810e+01 1.312e+01 4.000e+00
s>        ( - 2.857e-01 1 0)
s>        ( - 1.469e+01 1 0))INFO: dtree.c(1315): Comp split 20
INFO: dtree.c(1315): Comp split 21
INFO: dtree.c(1315): Comp split 22
INFO: dtree.c(1315): Comp split 23
INFO: dtree.c(1318): stop. leaf nodes are specific
Fri Nov  2 10:07:58 2018
