Current configuration:
[NAME]		[DEFLT]	[VALUE]
-allphones	no	no
-cntthresh	0.00001	1.000000e-05
-csplitmax	100	2000
-csplitmin	1	1
-csplitthr	8e-4	0.000000e+00
-example	no	no
-fullvar	no	no
-help		no	no
-meanfn			
-mixwfn			/home/sdv/Documents/SDV/SDVoice/an4/model_parameters/an4.cd_semi_untied/mixture_weights
-moddeffn		/home/sdv/Documents/SDV/SDVoice/an4/model_architecture/an4.untied.mdef
-mwfloor	1e-4	1.000000e-08
-phone			ER
-psetfn			/home/sdv/Documents/SDV/SDVoice/an4/model_architecture/an4.tree_questions
-ssplitmax	5	7
-ssplitmin	1	1
-ssplitthr	8e-4	0.000000e+00
-state			0
-stwt			1.0,0.05,0.0,
-treefn			/home/sdv/Documents/SDV/SDVoice/an4/trees/an4.unpruned/ER-0.dtree
-ts2cbfn	.semi.	.semi.
-varfloor	0.00001	1.000000e-05
-varfn			

INFO: main.c(223): Reading: /home/sdv/Documents/SDV/SDVoice/an4/model_architecture/an4.untied.mdef
INFO: model_def_io.c(573): Model definition info:
INFO: model_def_io.c(574): 1618 total models defined (34 base, 1584 tri)
INFO: model_def_io.c(575): 6472 total states
INFO: model_def_io.c(576): 4854 total tied states
INFO: model_def_io.c(577): 102 total tied CI states
INFO: model_def_io.c(578): 34 total tied transition matrices
INFO: model_def_io.c(579): 4 max state/model
INFO: model_def_io.c(580): 4 min state/model
INFO: main.c(242): Building trees for [ER B EY e] through [ER TH T i]
INFO: main.c(269): Covering states |[1272 1325]| == 54
INFO: main.c(275): Reading: /home/sdv/Documents/SDV/SDVoice/an4/model_parameters/an4.cd_semi_untied/mixture_weights
INFO: s3mixw_io.c(173): Read /home/sdv/Documents/SDV/SDVoice/an4/model_parameters/an4.cd_semi_untied/mixture_weights [54x4x256 array]
INFO: main.c(311): 18 of 18 models have observation count greater than 0.000010
INFO: main.c(95): nrm stwt: 0.952 0.048 0.000 
INFO: main.c(411): 18-class entropy: 1.166687e+04
INFO: main.c(549): Reading: /home/sdv/Documents/SDV/SDVoice/an4/model_architecture/an4.tree_questions
INFO: main.c(588): 176 total simple questions (168 phone; 8 word bndry)
INFO: main.c(590): 42 Left Only questions, and 42 Right Only questions
INFO: dtree.c(1478): Final simple tree
|( QUESTION7 -1 1.485e+04 9.491e+02 6.360e+02
|    ( QUESTION11 1 1.108e+04 3.986e+02 5.083e+02
|        ( - 6.727e+03 3 0)
|        ( QUESTION1 1 3.959e+03 2.446e+02 1.909e+02
|            ( QUESTION0_0_R 1 1.352e+03 1.400e+02 7.197e+01
|                ( - 7.553e+02 1 0)
|                ( - 4.567e+02 1 0))
|            ( QUESTION0_14_R 1 2.363e+03 2.001e+02 1.189e+02
|                ( - 7.315e+02 1 0)
|                ( - 1.431e+03 2 0 QUESTION0_10_R 1 1.204e+02 7.598e+01))))
|    ( QUESTION12 -1 2.812e+03 3.325e+02 1.276e+02
|        ( - 1.745e+03 2 0 QUESTION0_15_R 1 5.610e+01 8.867e+01)
|        ( QUESTION0_15_R 1 7.341e+02 1.304e+02 3.896e+01
|            ( - 2.284e+02 1 0)
|            ( - 3.753e+02 7 0 WDBNDRY_E 0 7.888e+01 2.296e+01))))
s>    ( QUESTION7 -1 1.485e+04 9.491e+02 6.360e+02
s>        ( QUESTION11 1 1.108e+04 3.986e+02 5.083e+02
s>            ( - 6.727e+03 3 0)
s>            ( QUESTION1 1 3.959e+03 2.446e+02 1.909e+02
s>                ( QUESTION0_0_R 1 1.352e+03 1.400e+02 7.197e+01
s>                    ( - 7.553e+02 1 0)
s>                    ( - 4.567e+02 1 0))
s>                ( QUESTION0_14_R 1 2.363e+03 2.001e+02 1.189e+02
s>                    ( - 7.315e+02 1 0)
s>                    ( - 1.431e+03 2 0 QUESTION0_10_R 1 1.204e+02 7.598e+01))))
s>        ( QUESTION12 -1 2.812e+03 3.325e+02 1.276e+02
s>            ( - 1.745e+03 2 0 QUESTION0_15_R 1 5.610e+01 8.867e+01)
s>            ( QUESTION0_15_R 1 7.341e+02 1.304e+02 3.896e+01
s>                ( - 2.284e+02 1 0)
s>                ( - 3.753e+02 7 0 WDBNDRY_E 0 7.888e+01 2.296e+01))))INFO: dtree.c(1315): Comp split 0
INFO: dtree.c(1439): stop. leaf nodes are specific
INFO: dtree.c(1478): Final simple tree
|( QUESTION11 1 1.108e+04 3.986e+02 5.083e+02
|    ( - 6.727e+03 3 0)
|    ( QUESTION1 1 3.959e+03 2.446e+02 1.909e+02
|        ( QUESTION0_0_R 1 1.352e+03 1.400e+02 7.197e+01
|            ( - 7.553e+02 1 0)
|            ( - 4.567e+02 1 0))
|        ( QUESTION0_14_R 1 2.363e+03 2.001e+02 1.189e+02
|            ( - 7.315e+02 1 0)
|            ( QUESTION0_10_R 1 1.431e+03 1.204e+02 7.598e+01
|                ( - 8.902e+02 1 0)
|                ( - 4.204e+02 1 0)))))
s>    ( QUESTION11 1 1.108e+04 3.986e+02 5.083e+02
s>        ( - 6.727e+03 3 0)
s>        ( QUESTION1 1 3.959e+03 2.446e+02 1.909e+02
s>            ( QUESTION0_0_R 1 1.352e+03 1.400e+02 7.197e+01
s>                ( - 7.553e+02 1 0)
s>                ( - 4.567e+02 1 0))
s>            ( QUESTION0_14_R 1 2.363e+03 2.001e+02 1.189e+02
s>                ( - 7.315e+02 1 0)
s>                ( QUESTION0_10_R 1 1.431e+03 1.204e+02 7.598e+01
s>                    ( - 8.902e+02 1 0)
s>                    ( - 4.204e+02 1 0)))))INFO: dtree.c(1478): Final simple tree
|( QUESTION12 -1 2.812e+03 3.325e+02 1.276e+02
|    ( QUESTION0_15_R 1 1.745e+03 5.610e+01 8.867e+01
|        ( - 1.646e+03 1 0)
|        ( - 4.249e+01 1 0))
|    ( QUESTION0_15_R 1 7.341e+02 1.304e+02 3.896e+01
|        ( - 2.284e+02 1 0)
|        ( WDBNDRY_E 0 3.753e+02 7.888e+01 2.296e+01
|            ( QUESTION11 1 1.956e+02 5.027e+01 1.396e+01
|                ( - 6.676e+01 2 0)
|                ( QUESTION0_11_R 1 7.855e+01 2.800e+01 7.000e+00
|                    ( - 1.670e+01 1 0)
|                    ( QUESTION0_10_R 1 3.385e+01 1.325e+01 4.000e+00
|                        ( - 8.821e+00 1 0)
|                        ( - 1.178e+01 2 0 QUESTION0_0_R 1 8.255e+00 2.000e+00))))
|            ( - 1.008e+02 1 0))))
s>    ( QUESTION12 -1 2.812e+03 3.325e+02 1.276e+02
s>        ( QUESTION0_15_R 1 1.745e+03 5.610e+01 8.867e+01
s>            ( - 1.646e+03 1 0)
s>            ( - 4.249e+01 1 0))
s>        ( QUESTION0_15_R 1 7.341e+02 1.304e+02 3.896e+01
s>            ( - 2.284e+02 1 0)
s>            ( WDBNDRY_E 0 3.753e+02 7.888e+01 2.296e+01
s>                ( QUESTION11 1 1.956e+02 5.027e+01 1.396e+01
s>                    ( - 6.676e+01 2 0)
s>                    ( QUESTION0_11_R 1 7.855e+01 2.800e+01 7.000e+00
s>                        ( - 1.670e+01 1 0)
s>                        ( QUESTION0_10_R 1 3.385e+01 1.325e+01 4.000e+00
s>                            ( - 8.821e+00 1 0)
s>                            ( - 1.178e+01 2 0 QUESTION0_0_R 1 8.255e+00 2.000e+00))))
s>                ( - 1.008e+02 1 0))))INFO: dtree.c(1315): Comp split 1
INFO: dtree.c(1439): stop. leaf nodes are specific
INFO: dtree.c(1478): Final simple tree
|( QUESTION1 1 3.959e+03 2.446e+02 1.909e+02
|    ( QUESTION0_0_R 1 1.352e+03 1.400e+02 7.197e+01
|        ( - 7.553e+02 1 0)
|        ( - 4.567e+02 1 0))
|    ( QUESTION0_14_R 1 2.363e+03 2.001e+02 1.189e+02
|        ( - 7.315e+02 1 0)
|        ( QUESTION0_10_R 1 1.431e+03 1.204e+02 7.598e+01
|            ( - 8.902e+02 1 0)
|            ( - 4.204e+02 1 0))))
s>    ( QUESTION1 1 3.959e+03 2.446e+02 1.909e+02
s>        ( QUESTION0_0_R 1 1.352e+03 1.400e+02 7.197e+01
s>            ( - 7.553e+02 1 0)
s>            ( - 4.567e+02 1 0))
s>        ( QUESTION0_14_R 1 2.363e+03 2.001e+02 1.189e+02
s>            ( - 7.315e+02 1 0)
s>            ( QUESTION0_10_R 1 1.431e+03 1.204e+02 7.598e+01
s>                ( - 8.902e+02 1 0)
s>                ( - 4.204e+02 1 0))))INFO: dtree.c(1315): Comp split 2
INFO: dtree.c(1439): stop. leaf nodes are specific
INFO: dtree.c(1478): Final simple tree
|( QUESTION0_15_R 1 7.341e+02 1.304e+02 3.896e+01
|    ( - 2.284e+02 1 0)
|    ( WDBNDRY_E 0 3.753e+02 7.888e+01 2.296e+01
|        ( QUESTION11 1 1.956e+02 5.027e+01 1.396e+01
|            ( - 6.676e+01 2 0)
|            ( QUESTION0_11_R 1 7.855e+01 2.800e+01 7.000e+00
|                ( - 1.670e+01 1 0)
|                ( QUESTION0_10_R 1 3.385e+01 1.325e+01 4.000e+00
|                    ( - 8.821e+00 1 0)
|                    ( QUESTION0_0_R 1 1.178e+01 8.255e+00 2.000e+00
|                        ( - 3.524e+00 1 0)
|                        ( - 0.000e+00 1 0)))))
|        ( - 1.008e+02 1 0)))
s>    ( QUESTION0_15_R 1 7.341e+02 1.304e+02 3.896e+01
s>        ( - 2.284e+02 1 0)
s>        ( WDBNDRY_E 0 3.753e+02 7.888e+01 2.296e+01
s>            ( QUESTION11 1 1.956e+02 5.027e+01 1.396e+01
s>                ( - 6.676e+01 2 0)
s>                ( QUESTION0_11_R 1 7.855e+01 2.800e+01 7.000e+00
s>                    ( - 1.670e+01 1 0)
s>                    ( QUESTION0_10_R 1 3.385e+01 1.325e+01 4.000e+00
s>                        ( - 8.821e+00 1 0)
s>                        ( QUESTION0_0_R 1 1.178e+01 8.255e+00 2.000e+00
s>                            ( - 3.524e+00 1 0)
s>                            ( - 0.000e+00 1 0)))))
s>            ( - 1.008e+02 1 0)))INFO: dtree.c(1439): stop. leaf nodes are specific
INFO: dtree.c(1478): Final simple tree
|( QUESTION0_15_R 1 1.745e+03 5.610e+01 8.867e+01
|    ( - 1.646e+03 1 0)
|    ( - 4.249e+01 1 0))
s>    ( QUESTION0_15_R 1 1.745e+03 5.610e+01 8.867e+01
s>        ( - 1.646e+03 1 0)
s>        ( - 4.249e+01 1 0))INFO: dtree.c(1315): Comp split 3
INFO: dtree.c(1439): stop. leaf nodes are specific
INFO: dtree.c(1478): Final simple tree
|( QUESTION1 1 2.054e+03 1.662e+02 1.038e+02
|    ( - 4.567e+02 1 0)
|    ( QUESTION0_10_R 1 1.431e+03 1.204e+02 7.598e+01
|        ( - 8.902e+02 1 0)
|        ( - 4.204e+02 1 0)))
s>    ( QUESTION1 1 2.054e+03 1.662e+02 1.038e+02
s>        ( - 4.567e+02 1 0)
s>        ( QUESTION0_10_R 1 1.431e+03 1.204e+02 7.598e+01
s>            ( - 8.902e+02 1 0)
s>            ( - 4.204e+02 1 0)))INFO: dtree.c(1439): stop. leaf nodes are specific
INFO: dtree.c(1478): Final simple tree
|( QUESTION0_0_R 1 1.637e+03 1.499e+02 8.706e+01
|    ( - 7.553e+02 1 0)
|    ( - 7.315e+02 1 0))
s>    ( QUESTION0_0_R 1 1.637e+03 1.499e+02 8.706e+01
s>        ( - 7.553e+02 1 0)
s>        ( - 7.315e+02 1 0))INFO: dtree.c(1315): Comp split 4
INFO: dtree.c(1439): stop. leaf nodes are specific
INFO: dtree.c(1478): Final simple tree
|( QUESTION0_10_R 1 1.431e+03 1.204e+02 7.598e+01
|    ( - 8.902e+02 1 0)
|    ( - 4.204e+02 1 0))
s>    ( QUESTION0_10_R 1 1.431e+03 1.204e+02 7.598e+01
s>        ( - 8.902e+02 1 0)
s>        ( - 4.204e+02 1 0))INFO: dtree.c(1315): Comp split 5
INFO: dtree.c(1315): Comp split 6
INFO: dtree.c(1439): stop. leaf nodes are specific
INFO: dtree.c(1478): Final simple tree
|( WDBNDRY_E 0 2.878e+02 4.268e+01 1.900e+01
|    ( - 1.670e+01 1 0)
|    ( - 2.284e+02 1 0))
s>    ( WDBNDRY_E 0 2.878e+02 4.268e+01 1.900e+01
s>        ( - 1.670e+01 1 0)
s>        ( - 2.284e+02 1 0))INFO: dtree.c(1439): stop. leaf nodes are specific
INFO: dtree.c(1478): Final simple tree
|( WDBNDRY_E 0 3.149e+02 7.691e+01 1.996e+01
|    ( QUESTION11 1 1.371e+02 3.648e+01 1.096e+01
|        ( - 6.676e+01 2 0)
|        ( QUESTION0_10_R 1 3.385e+01 1.325e+01 4.000e+00
|            ( - 8.821e+00 1 0)
|            ( QUESTION0_0_R 1 1.178e+01 8.255e+00 2.000e+00
|                ( - 3.524e+00 1 0)
|                ( - 0.000e+00 1 0))))
|    ( - 1.008e+02 1 0))
s>    ( WDBNDRY_E 0 3.149e+02 7.691e+01 1.996e+01
s>        ( QUESTION11 1 1.371e+02 3.648e+01 1.096e+01
s>            ( - 6.676e+01 2 0)
s>            ( QUESTION0_10_R 1 3.385e+01 1.325e+01 4.000e+00
s>                ( - 8.821e+00 1 0)
s>                ( QUESTION0_0_R 1 1.178e+01 8.255e+00 2.000e+00
s>                    ( - 3.524e+00 1 0)
s>                    ( - 0.000e+00 1 0))))
s>        ( - 1.008e+02 1 0))INFO: dtree.c(1315): Comp split 7
INFO: dtree.c(1315): Comp split 8
INFO: dtree.c(1439): stop. leaf nodes are specific
INFO: dtree.c(1478): Final simple tree
|( QUESTION11 1 1.371e+02 3.648e+01 1.096e+01
|    ( - 6.676e+01 2 0)
|    ( QUESTION0_10_R 1 3.385e+01 1.325e+01 4.000e+00
|        ( - 8.821e+00 1 0)
|        ( QUESTION0_0_R 1 1.178e+01 8.255e+00 2.000e+00
|            ( - 3.524e+00 1 0)
|            ( - 0.000e+00 1 0))))
s>    ( QUESTION11 1 1.371e+02 3.648e+01 1.096e+01
s>        ( - 6.676e+01 2 0)
s>        ( QUESTION0_10_R 1 3.385e+01 1.325e+01 4.000e+00
s>            ( - 8.821e+00 1 0)
s>            ( QUESTION0_0_R 1 1.178e+01 8.255e+00 2.000e+00
s>                ( - 3.524e+00 1 0)
s>                ( - 0.000e+00 1 0))))INFO: dtree.c(1315): Comp split 9
INFO: dtree.c(1315): Comp split 10
INFO: dtree.c(1315): Comp split 11
INFO: dtree.c(1439): stop. leaf nodes are specific
INFO: dtree.c(1478): Final simple tree
|( QUESTION0_10_R 1 3.385e+01 1.325e+01 4.000e+00
|    ( - 8.821e+00 1 0)
|    ( QUESTION0_0_R 1 1.178e+01 8.255e+00 2.000e+00
|        ( - 3.524e+00 1 0)
|        ( - 0.000e+00 1 0)))
s>    ( QUESTION0_10_R 1 3.385e+01 1.325e+01 4.000e+00
s>        ( - 8.821e+00 1 0)
s>        ( QUESTION0_0_R 1 1.178e+01 8.255e+00 2.000e+00
s>            ( - 3.524e+00 1 0)
s>            ( - 0.000e+00 1 0)))INFO: dtree.c(1315): Comp split 12
INFO: dtree.c(1439): stop. leaf nodes are specific
INFO: dtree.c(1478): Final simple tree
|( QUESTION0_0_R 1 1.178e+01 8.255e+00 2.000e+00
|    ( - 3.524e+00 1 0)
|    ( - 0.000e+00 1 0))
s>    ( QUESTION0_0_R 1 1.178e+01 8.255e+00 2.000e+00
s>        ( - 3.524e+00 1 0)
s>        ( - 0.000e+00 1 0))INFO: dtree.c(1315): Comp split 13
INFO: dtree.c(1315): Comp split 14
INFO: dtree.c(1318): stop. leaf nodes are specific
Fri Nov  2 10:06:30 2018
