Current configuration:
[NAME]		[DEFLT]	[VALUE]
-allphones	no	no
-cntthresh	0.00001	1.000000e-05
-csplitmax	100	2000
-csplitmin	1	1
-csplitthr	8e-4	0.000000e+00
-example	no	no
-fullvar	no	no
-help		no	no
-meanfn			
-mixwfn			/home/sdv/Documents/SDV/SDVoice/an4/model_parameters/an4.cd_semi_untied/mixture_weights
-moddeffn		/home/sdv/Documents/SDV/SDVoice/an4/model_architecture/an4.untied.mdef
-mwfloor	1e-4	1.000000e-08
-phone			V
-psetfn			/home/sdv/Documents/SDV/SDVoice/an4/model_architecture/an4.tree_questions
-ssplitmax	5	7
-ssplitmin	1	1
-ssplitthr	8e-4	0.000000e+00
-state			1
-stwt			1.0,0.05,0.0,
-treefn			/home/sdv/Documents/SDV/SDVoice/an4/trees/an4.unpruned/V-1.dtree
-ts2cbfn	.semi.	.semi.
-varfloor	0.00001	1.000000e-05
-varfn			

INFO: main.c(223): Reading: /home/sdv/Documents/SDV/SDVoice/an4/model_architecture/an4.untied.mdef
INFO: model_def_io.c(573): Model definition info:
INFO: model_def_io.c(574): 1618 total models defined (34 base, 1584 tri)
INFO: model_def_io.c(575): 6472 total states
INFO: model_def_io.c(576): 4854 total tied states
INFO: model_def_io.c(577): 102 total tied CI states
INFO: model_def_io.c(578): 34 total tied transition matrices
INFO: model_def_io.c(579): 4 max state/model
INFO: model_def_io.c(580): 4 min state/model
INFO: main.c(242): Building trees for [V AH IY b] through [V T IY b]
INFO: main.c(269): Covering states |[4587 4670]| == 84
INFO: main.c(275): Reading: /home/sdv/Documents/SDV/SDVoice/an4/model_parameters/an4.cd_semi_untied/mixture_weights
INFO: s3mixw_io.c(173): Read /home/sdv/Documents/SDV/SDVoice/an4/model_parameters/an4.cd_semi_untied/mixture_weights [84x4x256 array]
INFO: main.c(311): 28 of 28 models have observation count greater than 0.000010
INFO: main.c(95): nrm stwt: 0.045 0.909 0.045 
INFO: main.c(411): 28-class entropy: 1.795624e+04
INFO: main.c(549): Reading: /home/sdv/Documents/SDV/SDVoice/an4/model_architecture/an4.tree_questions
INFO: main.c(588): 176 total simple questions (168 phone; 8 word bndry)
INFO: main.c(590): 42 Left Only questions, and 42 Right Only questions
INFO: dtree.c(1478): Final simple tree
|( WDBNDRY_I 0 2.363e+04 1.472e+03 9.386e+02
|    ( - 6.820e+03 1 0)
|    ( QUESTION2_4_L -1 1.533e+04 7.830e+02 6.021e+02
|        ( SILENCE 1 1.155e+04 5.745e+02 4.851e+02
|            ( - 2.846e+03 1 0)
|            ( QUESTION10 1 8.131e+03 3.750e+02 3.624e+02
|                ( QUESTION0_10_R 1 5.350e+03 2.522e+02 2.520e+02
|                    ( - 3.269e+03 1 0)
|                    ( - 1.828e+03 4 0 QUESTION11 1 1.339e+02 9.462e+01))
|                ( QUESTION0_0_R 1 2.407e+03 2.296e+02 1.104e+02
|                    ( - 1.055e+03 3 0 QUESTION0_4_R 1 1.530e+02 5.287e+01)
|                    ( - 1.122e+03 3 0 QUESTION0_10_R 1 1.303e+02 5.751e+01))))
|        ( QUESTION13 -1 3.000e+03 3.168e+02 1.170e+02
|            ( - 1.643e+03 9 0 QUESTION17 -1 2.034e+02 7.307e+01)
|            ( - 1.040e+03 6 0 QUESTION10 -1 1.547e+02 4.396e+01))))
s>    ( WDBNDRY_I 0 2.363e+04 1.472e+03 9.386e+02
s>        ( - 6.820e+03 1 0)
s>        ( QUESTION2_4_L -1 1.533e+04 7.830e+02 6.021e+02
s>            ( SILENCE 1 1.155e+04 5.745e+02 4.851e+02
s>                ( - 2.846e+03 1 0)
s>                ( QUESTION10 1 8.131e+03 3.750e+02 3.624e+02
s>                    ( QUESTION0_10_R 1 5.350e+03 2.522e+02 2.520e+02
s>                        ( - 3.269e+03 1 0)
s>                        ( - 1.828e+03 4 0 QUESTION11 1 1.339e+02 9.462e+01))
s>                    ( QUESTION0_0_R 1 2.407e+03 2.296e+02 1.104e+02
s>                        ( - 1.055e+03 3 0 QUESTION0_4_R 1 1.530e+02 5.287e+01)
s>                        ( - 1.122e+03 3 0 QUESTION0_10_R 1 1.303e+02 5.751e+01))))
s>            ( QUESTION13 -1 3.000e+03 3.168e+02 1.170e+02
s>                ( - 1.643e+03 9 0 QUESTION17 -1 2.034e+02 7.307e+01)
s>                ( - 1.040e+03 6 0 QUESTION10 -1 1.547e+02 4.396e+01))))INFO: dtree.c(1315): Comp split 0
INFO: dtree.c(1478): Final simple tree
|( QUESTION2_4_L -1 1.533e+04 7.830e+02 6.021e+02
|    ( SILENCE 1 1.155e+04 5.745e+02 4.851e+02
|        ( - 2.846e+03 1 0)
|        ( QUESTION10 1 8.131e+03 3.750e+02 3.624e+02
|            ( QUESTION0_10_R 1 5.350e+03 2.522e+02 2.520e+02
|                ( - 3.269e+03 1 0)
|                ( - 1.828e+03 4 0 QUESTION11 1 1.339e+02 9.462e+01))
|            ( QUESTION0_0_R 1 2.407e+03 2.296e+02 1.104e+02
|                ( - 1.055e+03 3 0 QUESTION0_4_R 1 1.530e+02 5.287e+01)
|                ( - 1.122e+03 3 0 QUESTION0_10_R 1 1.303e+02 5.751e+01))))
|    ( QUESTION13 -1 3.000e+03 3.168e+02 1.170e+02
|        ( QUESTION17 -1 1.643e+03 2.034e+02 7.307e+01
|            ( - 5.844e+02 2 0 WDBNDRY_B 0 6.204e+01 3.293e+01)
|            ( - 8.555e+02 7 0 WDBNDRY_B 0 1.203e+02 4.014e+01))
|        ( - 1.040e+03 6 0 QUESTION10 -1 1.547e+02 4.396e+01)))
s>    ( QUESTION2_4_L -1 1.533e+04 7.830e+02 6.021e+02
s>        ( SILENCE 1 1.155e+04 5.745e+02 4.851e+02
s>            ( - 2.846e+03 1 0)
s>            ( QUESTION10 1 8.131e+03 3.750e+02 3.624e+02
s>                ( QUESTION0_10_R 1 5.350e+03 2.522e+02 2.520e+02
s>                    ( - 3.269e+03 1 0)
s>                    ( - 1.828e+03 4 0 QUESTION11 1 1.339e+02 9.462e+01))
s>                ( QUESTION0_0_R 1 2.407e+03 2.296e+02 1.104e+02
s>                    ( - 1.055e+03 3 0 QUESTION0_4_R 1 1.530e+02 5.287e+01)
s>                    ( - 1.122e+03 3 0 QUESTION0_10_R 1 1.303e+02 5.751e+01))))
s>        ( QUESTION13 -1 3.000e+03 3.168e+02 1.170e+02
s>            ( QUESTION17 -1 1.643e+03 2.034e+02 7.307e+01
s>                ( - 5.844e+02 2 0 WDBNDRY_B 0 6.204e+01 3.293e+01)
s>                ( - 8.555e+02 7 0 WDBNDRY_B 0 1.203e+02 4.014e+01))
s>            ( - 1.040e+03 6 0 QUESTION10 -1 1.547e+02 4.396e+01)))INFO: dtree.c(1315): Comp split 1
INFO: dtree.c(1478): Final simple tree
|( QUESTION10 1 8.131e+03 3.750e+02 3.624e+02
|    ( QUESTION0_10_R 1 5.350e+03 2.522e+02 2.520e+02
|        ( - 3.269e+03 1 0)
|        ( QUESTION11 1 1.828e+03 1.339e+02 9.462e+01
|            ( - 1.333e+03 3 0)
|            ( - 3.612e+02 1 0)))
|    ( QUESTION0_0_R 1 2.407e+03 2.296e+02 1.104e+02
|        ( QUESTION0_4_R 1 1.055e+03 1.530e+02 5.287e+01
|            ( - 3.095e+02 1 0)
|            ( WDBNDRY_B 0 5.929e+02 9.337e+01 3.287e+01
|                ( - 2.535e+02 1 0)
|                ( - 2.461e+02 1 0)))
|        ( QUESTION0_10_R 1 1.122e+03 1.303e+02 5.751e+01
|            ( - 2.411e+02 2 0 QUESTION0_12_R 1 4.266e+01 1.591e+01)
|            ( - 7.502e+02 1 0))))
s>    ( QUESTION10 1 8.131e+03 3.750e+02 3.624e+02
s>        ( QUESTION0_10_R 1 5.350e+03 2.522e+02 2.520e+02
s>            ( - 3.269e+03 1 0)
s>            ( QUESTION11 1 1.828e+03 1.339e+02 9.462e+01
s>                ( - 1.333e+03 3 0)
s>                ( - 3.612e+02 1 0)))
s>        ( QUESTION0_0_R 1 2.407e+03 2.296e+02 1.104e+02
s>            ( QUESTION0_4_R 1 1.055e+03 1.530e+02 5.287e+01
s>                ( - 3.095e+02 1 0)
s>                ( WDBNDRY_B 0 5.929e+02 9.337e+01 3.287e+01
s>                    ( - 2.535e+02 1 0)
s>                    ( - 2.461e+02 1 0)))
s>            ( QUESTION0_10_R 1 1.122e+03 1.303e+02 5.751e+01
s>                ( - 2.411e+02 2 0 QUESTION0_12_R 1 4.266e+01 1.591e+01)
s>                ( - 7.502e+02 1 0))))INFO: dtree.c(1478): Final simple tree
|( QUESTION2_4_L -1 6.399e+03 5.533e+02 2.397e+02
|    ( - 2.846e+03 1 0)
|    ( QUESTION13 -1 3.000e+03 3.168e+02 1.170e+02
|        ( QUESTION17 -1 1.643e+03 2.034e+02 7.307e+01
|            ( - 5.844e+02 2 0 WDBNDRY_B 0 6.204e+01 3.293e+01)
|            ( WDBNDRY_B 0 8.555e+02 1.203e+02 4.014e+01
|                ( - 5.892e+02 2 0)
|                ( - 1.460e+02 5 0 QUESTION0_20_R 1 4.186e+01 1.000e+01)))
|        ( QUESTION10 -1 1.040e+03 1.547e+02 4.396e+01
|            ( QUESTION2_12_L -1 4.349e+02 6.496e+01 2.096e+01
|                ( - 3.043e+02 1 0)
|                ( - 6.561e+01 2 0 QUESTION11 -1 2.180e+01 4.000e+00))
|            ( SILENCE -1 4.503e+02 7.371e+01 2.300e+01
|                ( - 2.884e+02 1 0)
|                ( - 8.818e+01 2 0 QUESTION2 -1 2.711e+01 7.000e+00)))))
s>    ( QUESTION2_4_L -1 6.399e+03 5.533e+02 2.397e+02
s>        ( - 2.846e+03 1 0)
s>        ( QUESTION13 -1 3.000e+03 3.168e+02 1.170e+02
s>            ( QUESTION17 -1 1.643e+03 2.034e+02 7.307e+01
s>                ( - 5.844e+02 2 0 WDBNDRY_B 0 6.204e+01 3.293e+01)
s>                ( WDBNDRY_B 0 8.555e+02 1.203e+02 4.014e+01
s>                    ( - 5.892e+02 2 0)
s>                    ( - 1.460e+02 5 0 QUESTION0_20_R 1 4.186e+01 1.000e+01)))
s>            ( QUESTION10 -1 1.040e+03 1.547e+02 4.396e+01
s>                ( QUESTION2_12_L -1 4.349e+02 6.496e+01 2.096e+01
s>                    ( - 3.043e+02 1 0)
s>                    ( - 6.561e+01 2 0 QUESTION11 -1 2.180e+01 4.000e+00))
s>                ( SILENCE -1 4.503e+02 7.371e+01 2.300e+01
s>                    ( - 2.884e+02 1 0)
s>                    ( - 8.818e+01 2 0 QUESTION2 -1 2.711e+01 7.000e+00)))))INFO: dtree.c(1315): Comp split 2
INFO: dtree.c(1478): Final simple tree
|( QUESTION13 -1 3.000e+03 3.168e+02 1.170e+02
|    ( QUESTION17 -1 1.643e+03 2.034e+02 7.307e+01
|        ( WDBNDRY_B 0 5.844e+02 6.204e+01 3.293e+01
|            ( - 4.998e+02 1 0)
|            ( - 2.255e+01 1 0))
|        ( WDBNDRY_B 0 8.555e+02 1.203e+02 4.014e+01
|            ( - 5.892e+02 2 0)
|            ( - 1.460e+02 5 0 QUESTION0_20_R 1 4.186e+01 1.000e+01)))
|    ( QUESTION10 -1 1.040e+03 1.547e+02 4.396e+01
|        ( QUESTION2_12_L -1 4.349e+02 6.496e+01 2.096e+01
|            ( - 3.043e+02 1 0)
|            ( - 6.561e+01 2 0 QUESTION11 -1 2.180e+01 4.000e+00))
|        ( SILENCE -1 4.503e+02 7.371e+01 2.300e+01
|            ( - 2.884e+02 1 0)
|            ( - 8.818e+01 2 0 QUESTION2 -1 2.711e+01 7.000e+00))))
s>    ( QUESTION13 -1 3.000e+03 3.168e+02 1.170e+02
s>        ( QUESTION17 -1 1.643e+03 2.034e+02 7.307e+01
s>            ( WDBNDRY_B 0 5.844e+02 6.204e+01 3.293e+01
s>                ( - 4.998e+02 1 0)
s>                ( - 2.255e+01 1 0))
s>            ( WDBNDRY_B 0 8.555e+02 1.203e+02 4.014e+01
s>                ( - 5.892e+02 2 0)
s>                ( - 1.460e+02 5 0 QUESTION0_20_R 1 4.186e+01 1.000e+01)))
s>        ( QUESTION10 -1 1.040e+03 1.547e+02 4.396e+01
s>            ( QUESTION2_12_L -1 4.349e+02 6.496e+01 2.096e+01
s>                ( - 3.043e+02 1 0)
s>                ( - 6.561e+01 2 0 QUESTION11 -1 2.180e+01 4.000e+00))
s>            ( SILENCE -1 4.503e+02 7.371e+01 2.300e+01
s>                ( - 2.884e+02 1 0)
s>                ( - 8.818e+01 2 0 QUESTION2 -1 2.711e+01 7.000e+00))))INFO: dtree.c(1315): Comp split 3
INFO: dtree.c(1439): stop. leaf nodes are specific
INFO: dtree.c(1478): Final simple tree
|( QUESTION0_0_R 1 2.407e+03 2.296e+02 1.104e+02
|    ( QUESTION0_4_R 1 1.055e+03 1.530e+02 5.287e+01
|        ( - 3.095e+02 1 0)
|        ( WDBNDRY_B 0 5.929e+02 9.337e+01 3.287e+01
|            ( - 2.535e+02 1 0)
|            ( - 2.461e+02 1 0)))
|    ( QUESTION0_10_R 1 1.122e+03 1.303e+02 5.751e+01
|        ( QUESTION0_12_R 1 2.411e+02 4.266e+01 1.591e+01
|            ( - 1.701e+02 1 0)
|            ( - 2.838e+01 1 0))
|        ( - 7.502e+02 1 0)))
s>    ( QUESTION0_0_R 1 2.407e+03 2.296e+02 1.104e+02
s>        ( QUESTION0_4_R 1 1.055e+03 1.530e+02 5.287e+01
s>            ( - 3.095e+02 1 0)
s>            ( WDBNDRY_B 0 5.929e+02 9.337e+01 3.287e+01
s>                ( - 2.535e+02 1 0)
s>                ( - 2.461e+02 1 0)))
s>        ( QUESTION0_10_R 1 1.122e+03 1.303e+02 5.751e+01
s>            ( QUESTION0_12_R 1 2.411e+02 4.266e+01 1.591e+01
s>                ( - 1.701e+02 1 0)
s>                ( - 2.838e+01 1 0))
s>            ( - 7.502e+02 1 0)))INFO: dtree.c(1439): stop. leaf nodes are specific
INFO: dtree.c(1478): Final simple tree
|( QUESTION0_10_R 1 5.350e+03 2.522e+02 2.520e+02
|    ( - 3.269e+03 1 0)
|    ( QUESTION11 1 1.828e+03 1.339e+02 9.462e+01
|        ( - 1.333e+03 3 0)
|        ( - 3.612e+02 1 0)))
s>    ( QUESTION0_10_R 1 5.350e+03 2.522e+02 2.520e+02
s>        ( - 3.269e+03 1 0)
s>        ( QUESTION11 1 1.828e+03 1.339e+02 9.462e+01
s>            ( - 1.333e+03 3 0)
s>            ( - 3.612e+02 1 0)))INFO: dtree.c(1315): Comp split 4
INFO: dtree.c(1439): stop. leaf nodes are specific
INFO: dtree.c(1478): Final simple tree
|( QUESTION14 -1 1.443e+03 1.771e+02 6.607e+01
|    ( - 5.892e+02 2 0)
|    ( QUESTION0 -1 6.768e+02 8.875e+01 3.593e+01
|        ( QUESTION2 -1 8.818e+01 2.711e+01 7.000e+00
|            ( - 4.332e+01 1 0)
|            ( - 1.775e+01 1 0))
|        ( - 4.998e+02 1 0)))
s>    ( QUESTION14 -1 1.443e+03 1.771e+02 6.607e+01
s>        ( - 5.892e+02 2 0)
s>        ( QUESTION0 -1 6.768e+02 8.875e+01 3.593e+01
s>            ( QUESTION2 -1 8.818e+01 2.711e+01 7.000e+00
s>                ( - 4.332e+01 1 0)
s>                ( - 1.775e+01 1 0))
s>            ( - 4.998e+02 1 0)))INFO: dtree.c(1478): Final simple tree
|( QUESTION0 -1 1.215e+03 1.658e+02 5.096e+01
|    ( QUESTION2_12_L -1 4.349e+02 6.496e+01 2.096e+01
|        ( - 3.043e+02 1 0)
|        ( QUESTION11 -1 6.561e+01 2.180e+01 4.000e+00
|            ( - 2.517e+01 1 0)
|            ( - 1.864e+01 1 0)))
|    ( WDBNDRY_B 0 6.146e+02 1.109e+02 3.000e+01
|        ( - 2.884e+02 1 0)
|        ( QUESTION0_20_R 1 2.154e+02 5.639e+01 1.400e+01
|            ( QUESTION16 -1 8.730e+01 3.233e+01 8.000e+00
|                ( - 3.242e+01 2 0)
|                ( - 2.255e+01 1 0))
|            ( QUESTION0_9_R 1 7.171e+01 2.296e+01 6.000e+00
|                ( - 1.893e+01 1 0)
|                ( - 2.983e+01 2 0 SILENCE 1 1.189e+01 3.000e+00)))))
s>    ( QUESTION0 -1 1.215e+03 1.658e+02 5.096e+01
s>        ( QUESTION2_12_L -1 4.349e+02 6.496e+01 2.096e+01
s>            ( - 3.043e+02 1 0)
s>            ( QUESTION11 -1 6.561e+01 2.180e+01 4.000e+00
s>                ( - 2.517e+01 1 0)
s>                ( - 1.864e+01 1 0)))
s>        ( WDBNDRY_B 0 6.146e+02 1.109e+02 3.000e+01
s>            ( - 2.884e+02 1 0)
s>            ( QUESTION0_20_R 1 2.154e+02 5.639e+01 1.400e+01
s>                ( QUESTION16 -1 8.730e+01 3.233e+01 8.000e+00
s>                    ( - 3.242e+01 2 0)
s>                    ( - 2.255e+01 1 0))
s>                ( QUESTION0_9_R 1 7.171e+01 2.296e+01 6.000e+00
s>                    ( - 1.893e+01 1 0)
s>                    ( - 2.983e+01 2 0 SILENCE 1 1.189e+01 3.000e+00)))))INFO: dtree.c(1315): Comp split 5
INFO: dtree.c(1439): stop. leaf nodes are specific
INFO: dtree.c(1478): Final simple tree
|( QUESTION11 1 1.828e+03 1.339e+02 9.462e+01
|    ( - 1.333e+03 3 0)
|    ( - 3.612e+02 1 0))
s>    ( QUESTION11 1 1.828e+03 1.339e+02 9.462e+01
s>        ( - 1.333e+03 3 0)
s>        ( - 3.612e+02 1 0))INFO: dtree.c(1315): Comp split 6
INFO: dtree.c(1439): stop. leaf nodes are specific
INFO: dtree.c(1478): Final simple tree
|( QUESTION0_0_R 1 9.670e+02 1.330e+02 4.879e+01
|    ( WDBNDRY_B 0 5.929e+02 9.337e+01 3.287e+01
|        ( - 2.535e+02 1 0)
|        ( - 2.461e+02 1 0))
|    ( QUESTION0_12_R 1 2.411e+02 4.266e+01 1.591e+01
|        ( - 1.701e+02 1 0)
|        ( - 2.838e+01 1 0)))
s>    ( QUESTION0_0_R 1 9.670e+02 1.330e+02 4.879e+01
s>        ( WDBNDRY_B 0 5.929e+02 9.337e+01 3.287e+01
s>            ( - 2.535e+02 1 0)
s>            ( - 2.461e+02 1 0))
s>        ( QUESTION0_12_R 1 2.411e+02 4.266e+01 1.591e+01
s>            ( - 1.701e+02 1 0)
s>            ( - 2.838e+01 1 0)))INFO: dtree.c(1439): stop. leaf nodes are specific
INFO: dtree.c(1478): Final simple tree
|( QUESTION0_0_R 1 1.204e+03 1.444e+02 6.160e+01
|    ( - 3.095e+02 1 0)
|    ( - 7.502e+02 1 0))
s>    ( QUESTION0_0_R 1 1.204e+03 1.444e+02 6.160e+01
s>        ( - 3.095e+02 1 0)
s>        ( - 7.502e+02 1 0))INFO: dtree.c(1315): Comp split 7
INFO: dtree.c(1439): stop. leaf nodes are specific
INFO: dtree.c(1478): Final simple tree
|( QUESTION0 -1 6.768e+02 8.875e+01 3.593e+01
|    ( QUESTION2 -1 8.818e+01 2.711e+01 7.000e+00
|        ( - 4.332e+01 1 0)
|        ( - 1.775e+01 1 0))
|    ( - 4.998e+02 1 0))
s>    ( QUESTION0 -1 6.768e+02 8.875e+01 3.593e+01
s>        ( QUESTION2 -1 8.818e+01 2.711e+01 7.000e+00
s>            ( - 4.332e+01 1 0)
s>            ( - 1.775e+01 1 0))
s>        ( - 4.998e+02 1 0))INFO: dtree.c(1315): Comp split 8
INFO: dtree.c(1439): stop. leaf nodes are specific
INFO: dtree.c(1478): Final simple tree
|( SILENCE -1 5.138e+02 9.098e+01 2.500e+01
|    ( - 2.884e+02 1 0)
|    ( QUESTION0_20_R 1 1.344e+02 3.712e+01 9.000e+00
|        ( - 3.242e+01 2 0)
|        ( WDBNDRY_B 0 6.488e+01 2.077e+01 5.000e+00
|            ( - 2.517e+01 1 0)
|            ( - 1.893e+01 1 0))))
s>    ( SILENCE -1 5.138e+02 9.098e+01 2.500e+01
s>        ( - 2.884e+02 1 0)
s>        ( QUESTION0_20_R 1 1.344e+02 3.712e+01 9.000e+00
s>            ( - 3.242e+01 2 0)
s>            ( WDBNDRY_B 0 6.488e+01 2.077e+01 5.000e+00
s>                ( - 2.517e+01 1 0)
s>                ( - 1.893e+01 1 0))))INFO: dtree.c(1439): stop. leaf nodes are specific
INFO: dtree.c(1478): Final simple tree
|( QUESTION11 -1 5.256e+02 9.367e+01 2.596e+01
|    ( - 3.043e+02 1 0)
|    ( QUESTION16 -1 1.276e+02 3.571e+01 9.000e+00
|        ( SILENCE 1 2.983e+01 1.189e+01 3.000e+00
|            ( - 7.736e-01 1 0)
|            ( - 1.716e+01 1 0))
|        ( WDBNDRY_B 0 6.210e+01 2.091e+01 6.000e+00
|            ( - 1.864e+01 1 0)
|            ( - 2.255e+01 1 0))))
s>    ( QUESTION11 -1 5.256e+02 9.367e+01 2.596e+01
s>        ( - 3.043e+02 1 0)
s>        ( QUESTION16 -1 1.276e+02 3.571e+01 9.000e+00
s>            ( SILENCE 1 2.983e+01 1.189e+01 3.000e+00
s>                ( - 7.736e-01 1 0)
s>                ( - 1.716e+01 1 0))
s>            ( WDBNDRY_B 0 6.210e+01 2.091e+01 6.000e+00
s>                ( - 1.864e+01 1 0)
s>                ( - 2.255e+01 1 0))))INFO: dtree.c(1315): Comp split 9
INFO: dtree.c(1315): Comp split 10
INFO: dtree.c(1315): Comp split 11
INFO: dtree.c(1439): stop. leaf nodes are specific
INFO: dtree.c(1478): Final simple tree
|( QUESTION0_12_R 1 2.411e+02 4.266e+01 1.591e+01
|    ( - 1.701e+02 1 0)
|    ( - 2.838e+01 1 0))
s>    ( QUESTION0_12_R 1 2.411e+02 4.266e+01 1.591e+01
s>        ( - 1.701e+02 1 0)
s>        ( - 2.838e+01 1 0))INFO: dtree.c(1439): stop. leaf nodes are specific
INFO: dtree.c(1478): Final simple tree
|( WDBNDRY_B 0 5.929e+02 9.337e+01 3.287e+01
|    ( - 2.535e+02 1 0)
|    ( - 2.461e+02 1 0))
s>    ( WDBNDRY_B 0 5.929e+02 9.337e+01 3.287e+01
s>        ( - 2.535e+02 1 0)
s>        ( - 2.461e+02 1 0))INFO: dtree.c(1315): Comp split 12
INFO: dtree.c(1439): stop. leaf nodes are specific
INFO: dtree.c(1478): Final simple tree
|( QUESTION16 -1 1.276e+02 3.571e+01 9.000e+00
|    ( SILENCE 1 2.983e+01 1.189e+01 3.000e+00
|        ( - 7.736e-01 1 0)
|        ( - 1.716e+01 1 0))
|    ( WDBNDRY_B 0 6.210e+01 2.091e+01 6.000e+00
|        ( - 1.864e+01 1 0)
|        ( - 2.255e+01 1 0)))
s>    ( QUESTION16 -1 1.276e+02 3.571e+01 9.000e+00
s>        ( SILENCE 1 2.983e+01 1.189e+01 3.000e+00
s>            ( - 7.736e-01 1 0)
s>            ( - 1.716e+01 1 0))
s>        ( WDBNDRY_B 0 6.210e+01 2.091e+01 6.000e+00
s>            ( - 1.864e+01 1 0)
s>            ( - 2.255e+01 1 0)))INFO: dtree.c(1315): Comp split 13
INFO: dtree.c(1315): Comp split 14
INFO: dtree.c(1439): stop. leaf nodes are specific
INFO: dtree.c(1478): Final simple tree
|( QUESTION0_20_R 1 1.344e+02 3.712e+01 9.000e+00
|    ( - 3.242e+01 2 0)
|    ( WDBNDRY_B 0 6.488e+01 2.077e+01 5.000e+00
|        ( - 2.517e+01 1 0)
|        ( - 1.893e+01 1 0)))
s>    ( QUESTION0_20_R 1 1.344e+02 3.712e+01 9.000e+00
s>        ( - 3.242e+01 2 0)
s>        ( WDBNDRY_B 0 6.488e+01 2.077e+01 5.000e+00
s>            ( - 2.517e+01 1 0)
s>            ( - 1.893e+01 1 0)))INFO: dtree.c(1315): Comp split 15
INFO: dtree.c(1439): stop. leaf nodes are specific
INFO: dtree.c(1478): Final simple tree
|( QUESTION2 -1 8.818e+01 2.711e+01 7.000e+00
|    ( - 4.332e+01 1 0)
|    ( - 1.775e+01 1 0))
s>    ( QUESTION2 -1 8.818e+01 2.711e+01 7.000e+00
s>        ( - 4.332e+01 1 0)
s>        ( - 1.775e+01 1 0))INFO: dtree.c(1315): Comp split 16
INFO: dtree.c(1315): Comp split 17
INFO: dtree.c(1439): stop. leaf nodes are specific
INFO: dtree.c(1478): Final simple tree
|( WDBNDRY_B 0 6.488e+01 2.077e+01 5.000e+00
|    ( - 2.517e+01 1 0)
|    ( - 1.893e+01 1 0))
s>    ( WDBNDRY_B 0 6.488e+01 2.077e+01 5.000e+00
s>        ( - 2.517e+01 1 0)
s>        ( - 1.893e+01 1 0))INFO: dtree.c(1315): Comp split 18
INFO: dtree.c(1439): stop. leaf nodes are specific
INFO: dtree.c(1478): Final simple tree
|( WDBNDRY_B 0 6.210e+01 2.091e+01 6.000e+00
|    ( - 1.864e+01 1 0)
|    ( - 2.255e+01 1 0))
s>    ( WDBNDRY_B 0 6.210e+01 2.091e+01 6.000e+00
s>        ( - 1.864e+01 1 0)
s>        ( - 2.255e+01 1 0))INFO: dtree.c(1439): stop. leaf nodes are specific
INFO: dtree.c(1478): Final simple tree
|( SILENCE 1 2.983e+01 1.189e+01 3.000e+00
|    ( - 7.736e-01 1 0)
|    ( - 1.716e+01 1 0))
s>    ( SILENCE 1 2.983e+01 1.189e+01 3.000e+00
s>        ( - 7.736e-01 1 0)
s>        ( - 1.716e+01 1 0))INFO: dtree.c(1315): Comp split 19
INFO: dtree.c(1315): Comp split 20
INFO: dtree.c(1315): Comp split 21
INFO: dtree.c(1315): Comp split 22
INFO: dtree.c(1315): Comp split 23
INFO: dtree.c(1318): stop. leaf nodes are specific
Fri Nov  2 10:07:59 2018
