Current configuration:
[NAME]		[DEFLT]	[VALUE]
-allphones	no	no
-cntthresh	0.00001	1.000000e-05
-csplitmax	100	2000
-csplitmin	1	1
-csplitthr	8e-4	0.000000e+00
-example	no	no
-fullvar	no	no
-help		no	no
-meanfn			
-mixwfn			/home/sdv/Documents/SDV/SDVoice/an4/model_parameters/an4.cd_semi_untied/mixture_weights
-moddeffn		/home/sdv/Documents/SDV/SDVoice/an4/model_architecture/an4.untied.mdef
-mwfloor	1e-4	1.000000e-08
-phone			AY
-psetfn			/home/sdv/Documents/SDV/SDVoice/an4/model_architecture/an4.tree_questions
-ssplitmax	5	7
-ssplitmin	1	1
-ssplitthr	8e-4	0.000000e+00
-state			2
-stwt			1.0,0.05,0.0,
-treefn			/home/sdv/Documents/SDV/SDVoice/an4/trees/an4.unpruned/AY-2.dtree
-ts2cbfn	.semi.	.semi.
-varfloor	0.00001	1.000000e-05
-varfn			

INFO: main.c(223): Reading: /home/sdv/Documents/SDV/SDVoice/an4/model_architecture/an4.untied.mdef
INFO: model_def_io.c(573): Model definition info:
INFO: model_def_io.c(574): 1618 total models defined (34 base, 1584 tri)
INFO: model_def_io.c(575): 6472 total states
INFO: model_def_io.c(576): 4854 total tied states
INFO: model_def_io.c(577): 102 total tied CI states
INFO: model_def_io.c(578): 34 total tied transition matrices
INFO: model_def_io.c(579): 4 max state/model
INFO: model_def_io.c(580): 4 min state/model
INFO: main.c(242): Building trees for [AY AH EH s] through [AY W Z e]
INFO: main.c(269): Covering states |[480 734]| == 255
INFO: main.c(275): Reading: /home/sdv/Documents/SDV/SDVoice/an4/model_parameters/an4.cd_semi_untied/mixture_weights
INFO: s3mixw_io.c(173): Read /home/sdv/Documents/SDV/SDVoice/an4/model_parameters/an4.cd_semi_untied/mixture_weights [255x4x256 array]
INFO: main.c(311): 85 of 85 models have observation count greater than 0.000010
INFO: main.c(95): nrm stwt: 0.000 0.048 0.952 
INFO: main.c(411): 85-class entropy: 6.847902e+04
INFO: main.c(549): Reading: /home/sdv/Documents/SDV/SDVoice/an4/model_architecture/an4.tree_questions
INFO: main.c(588): 176 total simple questions (168 phone; 8 word bndry)
INFO: main.c(590): 42 Left Only questions, and 42 Right Only questions
INFO: dtree.c(1478): Final simple tree
|( WDBNDRY_I 0 8.874e+04 2.573e+03 3.577e+03
|    ( QUESTION0_3_R 1 3.408e+04 1.493e+03 1.471e+03
|        ( - 1.901e+04 1 0)
|        ( - 1.358e+04 1 0))
|    ( QUESTION0 1 5.208e+04 1.272e+03 2.106e+03
|        ( QUESTION0_10_R 1 2.684e+04 7.203e+02 1.112e+03
|            ( QUESTION15 -1 1.888e+04 6.140e+02 7.962e+02
|                ( - 4.049e+03 10 0 QUESTION0_17_R 1 3.510e+02 1.830e+02)
|                ( - 1.422e+04 17 0 QUESTION13 -1 4.328e+02 6.132e+02))
|            ( - 7.244e+03 20 0 QUESTION2_6_L -1 4.884e+02 3.159e+02))
|        ( SILENCE 1 2.396e+04 9.674e+02 9.941e+02
|            ( - 4.902e+03 5 0 WDBNDRY_E 0 2.228e+02 2.220e+02)
|            ( QUESTION17 1 1.809e+04 6.404e+02 7.720e+02
|                ( - 1.269e+04 15 0 QUESTION2_9_L -1 5.530e+02 5.570e+02)
|                ( - 4.761e+03 16 0 QUESTION0_8_R 1 4.364e+02 2.150e+02)))))
s>    ( WDBNDRY_I 0 8.874e+04 2.573e+03 3.577e+03
s>        ( QUESTION0_3_R 1 3.408e+04 1.493e+03 1.471e+03
s>            ( - 1.901e+04 1 0)
s>            ( - 1.358e+04 1 0))
s>        ( QUESTION0 1 5.208e+04 1.272e+03 2.106e+03
s>            ( QUESTION0_10_R 1 2.684e+04 7.203e+02 1.112e+03
s>                ( QUESTION15 -1 1.888e+04 6.140e+02 7.962e+02
s>                    ( - 4.049e+03 10 0 QUESTION0_17_R 1 3.510e+02 1.830e+02)
s>                    ( - 1.422e+04 17 0 QUESTION13 -1 4.328e+02 6.132e+02))
s>                ( - 7.244e+03 20 0 QUESTION2_6_L -1 4.884e+02 3.159e+02))
s>            ( SILENCE 1 2.396e+04 9.674e+02 9.941e+02
s>                ( - 4.902e+03 5 0 WDBNDRY_E 0 2.228e+02 2.220e+02)
s>                ( QUESTION17 1 1.809e+04 6.404e+02 7.720e+02
s>                    ( - 1.269e+04 15 0 QUESTION2_9_L -1 5.530e+02 5.570e+02)
s>                    ( - 4.761e+03 16 0 QUESTION0_8_R 1 4.364e+02 2.150e+02)))))INFO: dtree.c(1315): Comp split 0
INFO: dtree.c(1478): Final simple tree
|( QUESTION0 1 5.208e+04 1.272e+03 2.106e+03
|    ( QUESTION0_10_R 1 2.684e+04 7.203e+02 1.112e+03
|        ( QUESTION15 -1 1.888e+04 6.140e+02 7.962e+02
|            ( - 4.049e+03 10 0 QUESTION0_17_R 1 3.510e+02 1.830e+02)
|            ( - 1.422e+04 17 0 QUESTION13 -1 4.328e+02 6.132e+02))
|        ( QUESTION2_6_L -1 7.244e+03 4.884e+02 3.159e+02
|            ( - 4.771e+03 13 0 QUESTION2 -1 4.011e+02 2.161e+02)
|            ( - 1.984e+03 7 0 QUESTION11 1 2.430e+02 9.984e+01)))
|    ( SILENCE 1 2.396e+04 9.674e+02 9.941e+02
|        ( - 4.902e+03 5 0 WDBNDRY_E 0 2.228e+02 2.220e+02)
|        ( QUESTION17 1 1.809e+04 6.404e+02 7.720e+02
|            ( QUESTION2_9_L -1 1.269e+04 5.530e+02 5.570e+02
|                ( - 5.056e+03 8 0 QUESTION1 -1 3.565e+02 2.450e+02)
|                ( - 7.084e+03 7 0 QUESTION15 -1 4.406e+02 3.121e+02))
|            ( - 4.761e+03 16 0 QUESTION0_8_R 1 4.364e+02 2.150e+02))))
s>    ( QUESTION0 1 5.208e+04 1.272e+03 2.106e+03
s>        ( QUESTION0_10_R 1 2.684e+04 7.203e+02 1.112e+03
s>            ( QUESTION15 -1 1.888e+04 6.140e+02 7.962e+02
s>                ( - 4.049e+03 10 0 QUESTION0_17_R 1 3.510e+02 1.830e+02)
s>                ( - 1.422e+04 17 0 QUESTION13 -1 4.328e+02 6.132e+02))
s>            ( QUESTION2_6_L -1 7.244e+03 4.884e+02 3.159e+02
s>                ( - 4.771e+03 13 0 QUESTION2 -1 4.011e+02 2.161e+02)
s>                ( - 1.984e+03 7 0 QUESTION11 1 2.430e+02 9.984e+01)))
s>        ( SILENCE 1 2.396e+04 9.674e+02 9.941e+02
s>            ( - 4.902e+03 5 0 WDBNDRY_E 0 2.228e+02 2.220e+02)
s>            ( QUESTION17 1 1.809e+04 6.404e+02 7.720e+02
s>                ( QUESTION2_9_L -1 1.269e+04 5.530e+02 5.570e+02
s>                    ( - 5.056e+03 8 0 QUESTION1 -1 3.565e+02 2.450e+02)
s>                    ( - 7.084e+03 7 0 QUESTION15 -1 4.406e+02 3.121e+02))
s>                ( - 4.761e+03 16 0 QUESTION0_8_R 1 4.364e+02 2.150e+02))))INFO: dtree.c(1439): stop. leaf nodes are specific
INFO: dtree.c(1478): Final simple tree
|( QUESTION0_3_R 1 3.408e+04 1.493e+03 1.471e+03
|    ( - 1.901e+04 1 0)
|    ( - 1.358e+04 1 0))
s>    ( QUESTION0_3_R 1 3.408e+04 1.493e+03 1.471e+03
s>        ( - 1.901e+04 1 0)
s>        ( - 1.358e+04 1 0))INFO: dtree.c(1315): Comp split 1
INFO: dtree.c(1315): Comp split 2
INFO: dtree.c(1478): Final simple tree
|( QUESTION0_14_R 1 2.759e+04 8.389e+02 1.144e+03
|    ( QUESTION13 -1 1.422e+04 4.328e+02 6.132e+02
|        ( QUESTION0_17_R 1 1.122e+04 3.184e+02 4.882e+02
|            ( - 9.808e+03 1 0)
|            ( - 1.098e+03 3 0 QUESTION0_15_R 1 1.212e+02 6.100e+01))
|        ( - 2.560e+03 13 0 QUESTION7 -1 2.778e+02 1.250e+02))
|    ( QUESTION2_0_L -1 1.253e+04 6.094e+02 5.309e+02
|        ( QUESTION0 1 4.158e+03 3.646e+02 1.908e+02
|            ( - 1.877e+03 6 0 QUESTION11 1 2.345e+02 9.484e+01)
|            ( - 1.916e+03 6 0 QUESTION0_8_R 1 2.332e+02 9.600e+01))
|        ( QUESTION0 -1 7.766e+03 4.655e+02 3.401e+02
|            ( QUESTION2 -1 4.454e+03 3.843e+02 2.001e+02
|                ( - 1.779e+03 3 0 QUESTION0_0_R 1 2.277e+02 8.707e+01)
|                ( - 2.291e+03 10 0 QUESTION2_7_L -1 2.368e+02 1.130e+02))
|            ( - 2.847e+03 11 0 QUESTION0_8_R 1 2.657e+02 1.400e+02))))
s>    ( QUESTION0_14_R 1 2.759e+04 8.389e+02 1.144e+03
s>        ( QUESTION13 -1 1.422e+04 4.328e+02 6.132e+02
s>            ( QUESTION0_17_R 1 1.122e+04 3.184e+02 4.882e+02
s>                ( - 9.808e+03 1 0)
s>                ( - 1.098e+03 3 0 QUESTION0_15_R 1 1.212e+02 6.100e+01))
s>            ( - 2.560e+03 13 0 QUESTION7 -1 2.778e+02 1.250e+02))
s>        ( QUESTION2_0_L -1 1.253e+04 6.094e+02 5.309e+02
s>            ( QUESTION0 1 4.158e+03 3.646e+02 1.908e+02
s>                ( - 1.877e+03 6 0 QUESTION11 1 2.345e+02 9.484e+01)
s>                ( - 1.916e+03 6 0 QUESTION0_8_R 1 2.332e+02 9.600e+01))
s>            ( QUESTION0 -1 7.766e+03 4.655e+02 3.401e+02
s>                ( QUESTION2 -1 4.454e+03 3.843e+02 2.001e+02
s>                    ( - 1.779e+03 3 0 QUESTION0_0_R 1 2.277e+02 8.707e+01)
s>                    ( - 2.291e+03 10 0 QUESTION2_7_L -1 2.368e+02 1.130e+02))
s>                ( - 2.847e+03 11 0 QUESTION0_8_R 1 2.657e+02 1.400e+02))))INFO: dtree.c(1478): Final simple tree
|( SILENCE 1 2.320e+04 9.689e+02 9.621e+02
|    ( - 4.902e+03 5 0 WDBNDRY_E 0 2.228e+02 2.220e+02)
|    ( QUESTION2_9_L -1 1.733e+04 6.099e+02 7.400e+02
|        ( QUESTION1 -1 5.836e+03 3.947e+02 2.760e+02
|            ( - 3.322e+03 5 0 QUESTION2 -1 2.125e+02 1.653e+02)
|            ( - 2.119e+03 6 0 QUESTION0_13_R 1 2.505e+02 1.107e+02))
|        ( WDBNDRY_E 0 1.088e+04 5.073e+02 4.641e+02
|            ( QUESTION0_11_R 1 6.004e+03 4.388e+02 2.640e+02
|                ( - 2.627e+03 2 0 QUESTION0_12_R 1 1.919e+02 1.260e+02)
|                ( QUESTION0_15_R 1 2.938e+03 3.030e+02 1.380e+02
|                    ( - 1.234e+03 2 0)
|                    ( - 1.402e+03 4 0 QUESTION0_18_R 1 1.949e+02 7.100e+01)))
|            ( QUESTION14 -1 4.372e+03 3.127e+02 2.000e+02
|                ( - 3.148e+03 2 0)
|                ( - 9.107e+02 4 0 QUESTION2_16_L -1 1.564e+02 5.012e+01)))))
s>    ( SILENCE 1 2.320e+04 9.689e+02 9.621e+02
s>        ( - 4.902e+03 5 0 WDBNDRY_E 0 2.228e+02 2.220e+02)
s>        ( QUESTION2_9_L -1 1.733e+04 6.099e+02 7.400e+02
s>            ( QUESTION1 -1 5.836e+03 3.947e+02 2.760e+02
s>                ( - 3.322e+03 5 0 QUESTION2 -1 2.125e+02 1.653e+02)
s>                ( - 2.119e+03 6 0 QUESTION0_13_R 1 2.505e+02 1.107e+02))
s>            ( WDBNDRY_E 0 1.088e+04 5.073e+02 4.641e+02
s>                ( QUESTION0_11_R 1 6.004e+03 4.388e+02 2.640e+02
s>                    ( - 2.627e+03 2 0 QUESTION0_12_R 1 1.919e+02 1.260e+02)
s>                    ( QUESTION0_15_R 1 2.938e+03 3.030e+02 1.380e+02
s>                        ( - 1.234e+03 2 0)
s>                        ( - 1.402e+03 4 0 QUESTION0_18_R 1 1.949e+02 7.100e+01)))
s>                ( QUESTION14 -1 4.372e+03 3.127e+02 2.000e+02
s>                    ( - 3.148e+03 2 0)
s>                    ( - 9.107e+02 4 0 QUESTION2_16_L -1 1.564e+02 5.012e+01)))))INFO: dtree.c(1315): Comp split 3
INFO: dtree.c(1478): Final simple tree
|( SILENCE 1 6.721e+03 4.166e+02 2.930e+02
|    ( WDBNDRY_E 0 4.902e+03 2.228e+02 2.220e+02
|        ( - 4.302e+03 1 0)
|        ( QUESTION10 -1 3.770e+02 7.651e+01 2.504e+01
|            ( - 9.352e+01 1 0)
|            ( QUESTION7 -1 2.070e+02 5.603e+01 1.504e+01
|                ( - 7.853e+01 1 0)
|                ( QUESTION0 -1 7.243e+01 1.702e+01 7.000e+00
|                    ( - 2.857e-01 1 0)
|                    ( - 5.512e+01 1 0)))))
|    ( QUESTION0_18_R 1 1.402e+03 1.949e+02 7.100e+01
|        ( - 2.869e+02 1 0)
|        ( QUESTION0_17_R 1 9.200e+02 1.559e+02 5.100e+01
|            ( - 5.027e+02 1 0)
|            ( - 2.614e+02 2 0))))
s>    ( SILENCE 1 6.721e+03 4.166e+02 2.930e+02
s>        ( WDBNDRY_E 0 4.902e+03 2.228e+02 2.220e+02
s>            ( - 4.302e+03 1 0)
s>            ( QUESTION10 -1 3.770e+02 7.651e+01 2.504e+01
s>                ( - 9.352e+01 1 0)
s>                ( QUESTION7 -1 2.070e+02 5.603e+01 1.504e+01
s>                    ( - 7.853e+01 1 0)
s>                    ( QUESTION0 -1 7.243e+01 1.702e+01 7.000e+00
s>                        ( - 2.857e-01 1 0)
s>                        ( - 5.512e+01 1 0)))))
s>        ( QUESTION0_18_R 1 1.402e+03 1.949e+02 7.100e+01
s>            ( - 2.869e+02 1 0)
s>            ( QUESTION0_17_R 1 9.200e+02 1.559e+02 5.100e+01
s>                ( - 5.027e+02 1 0)
s>                ( - 2.614e+02 2 0))))INFO: dtree.c(1478): Final simple tree
|( QUESTION2_9_L -1 1.550e+04 5.945e+02 6.690e+02
|    ( QUESTION1 -1 5.836e+03 3.947e+02 2.760e+02
|        ( QUESTION2 -1 3.322e+03 2.125e+02 1.653e+02
|            ( - 2.405e+03 3 0 QUESTION0_12_R 1 1.198e+02 1.233e+02)
|            ( - 7.050e+02 2 0 QUESTION0_12_R 1 1.208e+02 4.200e+01))
|        ( QUESTION0_13_R 1 2.119e+03 2.505e+02 1.107e+02
|            ( - 1.272e+03 2 0 QUESTION0 -1 1.288e+02 7.566e+01)
|            ( - 5.968e+02 4 0 QUESTION0_17_R 1 1.196e+02 3.500e+01)))
|    ( WDBNDRY_E 0 9.074e+03 4.762e+02 3.931e+02
|        ( QUESTION0_13_R 1 4.226e+03 3.754e+02 1.930e+02
|            ( - 2.225e+03 1 0)
|            ( - 1.626e+03 3 0 QUESTION0_11_R 1 1.820e+02 8.500e+01))
|        ( QUESTION14 -1 4.372e+03 3.127e+02 2.000e+02
|            ( - 3.148e+03 2 0)
|            ( - 9.107e+02 4 0 QUESTION2_16_L -1 1.564e+02 5.012e+01))))
s>    ( QUESTION2_9_L -1 1.550e+04 5.945e+02 6.690e+02
s>        ( QUESTION1 -1 5.836e+03 3.947e+02 2.760e+02
s>            ( QUESTION2 -1 3.322e+03 2.125e+02 1.653e+02
s>                ( - 2.405e+03 3 0 QUESTION0_12_R 1 1.198e+02 1.233e+02)
s>                ( - 7.050e+02 2 0 QUESTION0_12_R 1 1.208e+02 4.200e+01))
s>            ( QUESTION0_13_R 1 2.119e+03 2.505e+02 1.107e+02
s>                ( - 1.272e+03 2 0 QUESTION0 -1 1.288e+02 7.566e+01)
s>                ( - 5.968e+02 4 0 QUESTION0_17_R 1 1.196e+02 3.500e+01)))
s>        ( WDBNDRY_E 0 9.074e+03 4.762e+02 3.931e+02
s>            ( QUESTION0_13_R 1 4.226e+03 3.754e+02 1.930e+02
s>                ( - 2.225e+03 1 0)
s>                ( - 1.626e+03 3 0 QUESTION0_11_R 1 1.820e+02 8.500e+01))
s>            ( QUESTION14 -1 4.372e+03 3.127e+02 2.000e+02
s>                ( - 3.148e+03 2 0)
s>                ( - 9.107e+02 4 0 QUESTION2_16_L -1 1.564e+02 5.012e+01))))INFO: dtree.c(1315): Comp split 4
INFO: dtree.c(1478): Final simple tree
|( QUESTION2_0_L -1 1.253e+04 6.094e+02 5.309e+02
|    ( QUESTION0 1 4.158e+03 3.646e+02 1.908e+02
|        ( QUESTION11 1 1.877e+03 2.345e+02 9.484e+01
|            ( - 6.589e+02 3 0 WDBNDRY_E 0 7.329e+01 4.100e+01)
|            ( - 9.836e+02 3 0 QUESTION1 1 1.759e+02 5.384e+01))
|        ( - 1.916e+03 6 0 QUESTION0_8_R 1 2.332e+02 9.600e+01))
|    ( QUESTION0 -1 7.766e+03 4.655e+02 3.401e+02
|        ( QUESTION2 -1 4.454e+03 3.843e+02 2.001e+02
|            ( - 1.779e+03 3 0 QUESTION0_0_R 1 2.277e+02 8.707e+01)
|            ( QUESTION2_7_L -1 2.291e+03 2.368e+02 1.130e+02
|                ( - 1.251e+03 5 0 QUESTION11 1 1.714e+02 6.800e+01)
|                ( - 8.027e+02 5 0 QUESTION0_0_R 1 1.315e+02 4.500e+01)))
|        ( QUESTION0_8_R 1 2.847e+03 2.657e+02 1.400e+02
|            ( - 1.159e+03 3 0 QUESTION14 -1 1.361e+02 6.400e+01)
|            ( - 1.423e+03 8 0 QUESTION0_0_R 1 1.918e+02 7.600e+01))))
s>    ( QUESTION2_0_L -1 1.253e+04 6.094e+02 5.309e+02
s>        ( QUESTION0 1 4.158e+03 3.646e+02 1.908e+02
s>            ( QUESTION11 1 1.877e+03 2.345e+02 9.484e+01
s>                ( - 6.589e+02 3 0 WDBNDRY_E 0 7.329e+01 4.100e+01)
s>                ( - 9.836e+02 3 0 QUESTION1 1 1.759e+02 5.384e+01))
s>            ( - 1.916e+03 6 0 QUESTION0_8_R 1 2.332e+02 9.600e+01))
s>        ( QUESTION0 -1 7.766e+03 4.655e+02 3.401e+02
s>            ( QUESTION2 -1 4.454e+03 3.843e+02 2.001e+02
s>                ( - 1.779e+03 3 0 QUESTION0_0_R 1 2.277e+02 8.707e+01)
s>                ( QUESTION2_7_L -1 2.291e+03 2.368e+02 1.130e+02
s>                    ( - 1.251e+03 5 0 QUESTION11 1 1.714e+02 6.800e+01)
s>                    ( - 8.027e+02 5 0 QUESTION0_0_R 1 1.315e+02 4.500e+01)))
s>            ( QUESTION0_8_R 1 2.847e+03 2.657e+02 1.400e+02
s>                ( - 1.159e+03 3 0 QUESTION14 -1 1.361e+02 6.400e+01)
s>                ( - 1.423e+03 8 0 QUESTION0_0_R 1 1.918e+02 7.600e+01))))INFO: dtree.c(1478): Final simple tree
|( QUESTION13 -1 1.422e+04 4.328e+02 6.132e+02
|    ( QUESTION0_17_R 1 1.122e+04 3.184e+02 4.882e+02
|        ( - 9.808e+03 1 0)
|        ( QUESTION0_15_R 1 1.098e+03 1.212e+02 6.100e+01
|            ( - 8.271e+02 2 0)
|            ( - 1.495e+02 1 0)))
|    ( QUESTION7 -1 2.560e+03 2.778e+02 1.250e+02
|        ( - 5.887e+02 2 0 QUESTION0_15_R 1 9.393e+01 3.500e+01)
|        ( QUESTION0_18_R 1 1.693e+03 1.686e+02 9.000e+01
|            ( QUESTION1 -1 4.776e+02 1.011e+02 3.000e+01
|                ( - 1.117e+02 1 0)
|                ( - 2.648e+02 2 0 QUESTION11 -1 5.296e+01 2.000e+01))
|            ( QUESTION0_19_R 1 1.047e+03 1.302e+02 6.000e+01
|                ( - 3.974e+02 4 0 QUESTION10 -1 7.192e+01 2.700e+01)
|                ( - 5.193e+02 4 0 QUESTION0_15_R 1 8.269e+01 3.300e+01)))))
s>    ( QUESTION13 -1 1.422e+04 4.328e+02 6.132e+02
s>        ( QUESTION0_17_R 1 1.122e+04 3.184e+02 4.882e+02
s>            ( - 9.808e+03 1 0)
s>            ( QUESTION0_15_R 1 1.098e+03 1.212e+02 6.100e+01
s>                ( - 8.271e+02 2 0)
s>                ( - 1.495e+02 1 0)))
s>        ( QUESTION7 -1 2.560e+03 2.778e+02 1.250e+02
s>            ( - 5.887e+02 2 0 QUESTION0_15_R 1 9.393e+01 3.500e+01)
s>            ( QUESTION0_18_R 1 1.693e+03 1.686e+02 9.000e+01
s>                ( QUESTION1 -1 4.776e+02 1.011e+02 3.000e+01
s>                    ( - 1.117e+02 1 0)
s>                    ( - 2.648e+02 2 0 QUESTION11 -1 5.296e+01 2.000e+01))
s>                ( QUESTION0_19_R 1 1.047e+03 1.302e+02 6.000e+01
s>                    ( - 3.974e+02 4 0 QUESTION10 -1 7.192e+01 2.700e+01)
s>                    ( - 5.193e+02 4 0 QUESTION0_15_R 1 8.269e+01 3.300e+01)))))INFO: dtree.c(1315): Comp split 5
INFO: dtree.c(1478): Final simple tree
|( QUESTION0 -1 5.542e+03 4.043e+02 2.530e+02
|    ( QUESTION2_7_L -1 2.291e+03 2.368e+02 1.130e+02
|        ( QUESTION11 1 1.251e+03 1.714e+02 6.800e+01
|            ( - 7.308e+02 2 0 QUESTION8 -1 1.016e+02 4.500e+01)
|            ( - 3.490e+02 3 0 QUESTION0_0_R 1 8.177e+01 2.300e+01))
|        ( QUESTION0_0_R 1 8.027e+02 1.315e+02 4.500e+01
|            ( - 2.984e+02 3 0 QUESTION14 1 7.394e+01 2.000e+01)
|            ( - 3.728e+02 2 0 QUESTION2_11_L -1 6.226e+01 2.500e+01)))
|    ( QUESTION0_8_R 1 2.847e+03 2.657e+02 1.400e+02
|        ( QUESTION14 -1 1.159e+03 1.361e+02 6.400e+01
|            ( - 7.184e+02 2 0)
|            ( - 3.041e+02 1 0))
|        ( QUESTION0_0_R 1 1.423e+03 1.918e+02 7.600e+01
|            ( - 4.692e+02 4 0 QUESTION14 -1 9.432e+01 3.100e+01)
|            ( - 7.616e+02 4 0 WDBNDRY_E 0 9.367e+01 4.500e+01))))
s>    ( QUESTION0 -1 5.542e+03 4.043e+02 2.530e+02
s>        ( QUESTION2_7_L -1 2.291e+03 2.368e+02 1.130e+02
s>            ( QUESTION11 1 1.251e+03 1.714e+02 6.800e+01
s>                ( - 7.308e+02 2 0 QUESTION8 -1 1.016e+02 4.500e+01)
s>                ( - 3.490e+02 3 0 QUESTION0_0_R 1 8.177e+01 2.300e+01))
s>            ( QUESTION0_0_R 1 8.027e+02 1.315e+02 4.500e+01
s>                ( - 2.984e+02 3 0 QUESTION14 1 7.394e+01 2.000e+01)
s>                ( - 3.728e+02 2 0 QUESTION2_11_L -1 6.226e+01 2.500e+01)))
s>        ( QUESTION0_8_R 1 2.847e+03 2.657e+02 1.400e+02
s>            ( QUESTION14 -1 1.159e+03 1.361e+02 6.400e+01
s>                ( - 7.184e+02 2 0)
s>                ( - 3.041e+02 1 0))
s>            ( QUESTION0_0_R 1 1.423e+03 1.918e+02 7.600e+01
s>                ( - 4.692e+02 4 0 QUESTION14 -1 9.432e+01 3.100e+01)
s>                ( - 7.616e+02 4 0 WDBNDRY_E 0 9.367e+01 4.500e+01))))INFO: dtree.c(1478): Final simple tree
|( QUESTION10 1 6.368e+03 4.538e+02 2.779e+02
|    ( WDBNDRY_E 0 2.273e+03 3.007e+02 1.094e+02
|        ( QUESTION11 1 9.890e+02 1.755e+02 5.638e+01
|            ( - 5.313e+02 2 0)
|            ( - 2.822e+02 1 0))
|        ( - 9.834e+02 3 0 QUESTION0 -1 7.441e+01 5.307e+01))
|    ( QUESTION0 1 3.641e+03 3.109e+02 1.685e+02
|        ( WDBNDRY_E 0 1.414e+03 1.925e+02 7.246e+01
|            ( - 5.255e+02 2 0 QUESTION0_0_R 1 1.068e+02 3.246e+01)
|            ( - 6.965e+02 1 0))
|        ( QUESTION0_8_R 1 1.916e+03 2.332e+02 9.600e+01
|            ( - 3.606e+02 3 0 QUESTION14 1 3.654e+01 2.500e+01)
|            ( QUESTION0_0_R 1 1.322e+03 1.356e+02 7.100e+01
|                ( - 2.088e+02 2 0)
|                ( - 9.778e+02 1 0)))))
s>    ( QUESTION10 1 6.368e+03 4.538e+02 2.779e+02
s>        ( WDBNDRY_E 0 2.273e+03 3.007e+02 1.094e+02
s>            ( QUESTION11 1 9.890e+02 1.755e+02 5.638e+01
s>                ( - 5.313e+02 2 0)
s>                ( - 2.822e+02 1 0))
s>            ( - 9.834e+02 3 0 QUESTION0 -1 7.441e+01 5.307e+01))
s>        ( QUESTION0 1 3.641e+03 3.109e+02 1.685e+02
s>            ( WDBNDRY_E 0 1.414e+03 1.925e+02 7.246e+01
s>                ( - 5.255e+02 2 0 QUESTION0_0_R 1 1.068e+02 3.246e+01)
s>                ( - 6.965e+02 1 0))
s>            ( QUESTION0_8_R 1 1.916e+03 2.332e+02 9.600e+01
s>                ( - 3.606e+02 3 0 QUESTION14 1 3.654e+01 2.500e+01)
s>                ( QUESTION0_0_R 1 1.322e+03 1.356e+02 7.100e+01
s>                    ( - 2.088e+02 2 0)
s>                    ( - 9.778e+02 1 0)))))INFO: dtree.c(1315): Comp split 6
INFO: dtree.c(1478): Final simple tree
|( QUESTION2_7_L -1 7.907e+03 4.586e+02 3.431e+02
|    ( QUESTION0_13_R 1 4.006e+03 2.610e+02 1.849e+02
|        ( - 3.148e+03 2 0)
|        ( QUESTION0_17_R 1 5.968e+02 1.196e+02 3.500e+01
|            ( WDBNDRY_E 0 2.691e+02 6.612e+01 1.900e+01
|                ( - 8.110e+01 1 0)
|                ( - 1.219e+02 1 0))
|            ( - 2.081e+02 2 0 QUESTION0_11_R 1 5.121e+01 1.600e+01)))
|    ( WDBNDRY_E 0 3.443e+03 3.067e+02 1.582e+02
|        ( - 2.225e+03 1 0)
|        ( QUESTION2_16_L -1 9.107e+02 1.564e+02 5.012e+01
|            ( - 4.236e+02 1 0)
|            ( QUESTION0_11_R 1 3.307e+02 8.484e+01 2.306e+01
|                ( - 7.789e+01 2 0 QUESTION0 -1 2.840e+01 9.064e+00)
|                ( - 1.680e+02 1 0)))))
s>    ( QUESTION2_7_L -1 7.907e+03 4.586e+02 3.431e+02
s>        ( QUESTION0_13_R 1 4.006e+03 2.610e+02 1.849e+02
s>            ( - 3.148e+03 2 0)
s>            ( QUESTION0_17_R 1 5.968e+02 1.196e+02 3.500e+01
s>                ( WDBNDRY_E 0 2.691e+02 6.612e+01 1.900e+01
s>                    ( - 8.110e+01 1 0)
s>                    ( - 1.219e+02 1 0))
s>                ( - 2.081e+02 2 0 QUESTION0_11_R 1 5.121e+01 1.600e+01)))
s>        ( WDBNDRY_E 0 3.443e+03 3.067e+02 1.582e+02
s>            ( - 2.225e+03 1 0)
s>            ( QUESTION2_16_L -1 9.107e+02 1.564e+02 5.012e+01
s>                ( - 4.236e+02 1 0)
s>                ( QUESTION0_11_R 1 3.307e+02 8.484e+01 2.306e+01
s>                    ( - 7.789e+01 2 0 QUESTION0 -1 2.840e+01 9.064e+00)
s>                    ( - 1.680e+02 1 0)))))INFO: dtree.c(1478): Final simple tree
|( QUESTION1 -1 6.989e+03 4.514e+02 3.260e+02
|    ( QUESTION2 -1 3.322e+03 2.125e+02 1.653e+02
|        ( QUESTION0_12_R 1 2.405e+03 1.198e+02 1.233e+02
|            ( - 1.046e+02 1 0)
|            ( - 2.180e+03 2 0))
|        ( QUESTION0_12_R 1 7.050e+02 1.208e+02 4.200e+01
|            ( - 2.643e+02 1 0)
|            ( - 3.199e+02 1 0)))
|    ( QUESTION0_11_R 1 3.216e+03 3.453e+02 1.607e+02
|        ( WDBNDRY_E 0 1.637e+03 1.545e+02 9.366e+01
|            ( - 2.100e+02 1 0)
|            ( QUESTION0 -1 1.272e+03 1.288e+02 7.566e+01
|                ( - 2.717e+02 1 0)
|                ( - 8.717e+02 1 0)))
|        ( - 1.234e+03 2 0)))
s>    ( QUESTION1 -1 6.989e+03 4.514e+02 3.260e+02
s>        ( QUESTION2 -1 3.322e+03 2.125e+02 1.653e+02
s>            ( QUESTION0_12_R 1 2.405e+03 1.198e+02 1.233e+02
s>                ( - 1.046e+02 1 0)
s>                ( - 2.180e+03 2 0))
s>            ( QUESTION0_12_R 1 7.050e+02 1.208e+02 4.200e+01
s>                ( - 2.643e+02 1 0)
s>                ( - 3.199e+02 1 0)))
s>        ( QUESTION0_11_R 1 3.216e+03 3.453e+02 1.607e+02
s>            ( WDBNDRY_E 0 1.637e+03 1.545e+02 9.366e+01
s>                ( - 2.100e+02 1 0)
s>                ( QUESTION0 -1 1.272e+03 1.288e+02 7.566e+01
s>                    ( - 2.717e+02 1 0)
s>                    ( - 8.717e+02 1 0)))
s>            ( - 1.234e+03 2 0)))INFO: dtree.c(1315): Comp split 7
INFO: dtree.c(1439): stop. leaf nodes are specific
INFO: dtree.c(1478): Final simple tree
|( QUESTION0 1 2.773e+03 2.862e+02 1.324e+02
|    ( WDBNDRY_E 0 1.164e+03 1.858e+02 6.139e+01
|        ( - 2.822e+02 1 0)
|        ( - 6.965e+02 1 0))
|    ( QUESTION0_0_R 1 1.322e+03 1.356e+02 7.100e+01
|        ( - 2.088e+02 2 0)
|        ( - 9.778e+02 1 0)))
s>    ( QUESTION0 1 2.773e+03 2.862e+02 1.324e+02
s>        ( WDBNDRY_E 0 1.164e+03 1.858e+02 6.139e+01
s>            ( - 2.822e+02 1 0)
s>            ( - 6.965e+02 1 0))
s>        ( QUESTION0_0_R 1 1.322e+03 1.356e+02 7.100e+01
s>            ( - 2.088e+02 2 0)
s>            ( - 9.778e+02 1 0)))INFO: dtree.c(1439): stop. leaf nodes are specific
INFO: dtree.c(1478): Final simple tree
|( WDBNDRY_E 0 3.066e+03 3.095e+02 1.455e+02
|    ( QUESTION1 1 1.773e+03 2.112e+02 9.246e+01
|        ( QUESTION0_0_R 1 5.255e+02 1.068e+02 3.246e+01
|            ( - 2.088e+02 1 0)
|            ( - 2.099e+02 1 0))
|        ( QUESTION14 1 1.036e+03 1.450e+02 6.000e+01
|            ( - 3.184e+02 2 0)
|            ( QUESTION0_0_R 1 5.729e+02 3.584e+01 3.700e+01
|                ( - 5.714e+00 1 0)
|                ( - 5.313e+02 2 0))))
|    ( QUESTION0 -1 9.834e+02 7.441e+01 5.307e+01
|        ( - 8.547e+02 2 0)
|        ( - 5.426e+01 1 0)))
s>    ( WDBNDRY_E 0 3.066e+03 3.095e+02 1.455e+02
s>        ( QUESTION1 1 1.773e+03 2.112e+02 9.246e+01
s>            ( QUESTION0_0_R 1 5.255e+02 1.068e+02 3.246e+01
s>                ( - 2.088e+02 1 0)
s>                ( - 2.099e+02 1 0))
s>            ( QUESTION14 1 1.036e+03 1.450e+02 6.000e+01
s>                ( - 3.184e+02 2 0)
s>                ( QUESTION0_0_R 1 5.729e+02 3.584e+01 3.700e+01
s>                    ( - 5.714e+00 1 0)
s>                    ( - 5.313e+02 2 0))))
s>        ( QUESTION0 -1 9.834e+02 7.441e+01 5.307e+01
s>            ( - 8.547e+02 2 0)
s>            ( - 5.426e+01 1 0)))INFO: dtree.c(1315): Comp split 8
INFO: dtree.c(1439): stop. leaf nodes are specific
INFO: dtree.c(1478): Final simple tree
|( QUESTION0_18_R 1 1.007e+04 1.492e+02 4.372e+02
|    ( - 1.117e+02 1 0)
|    ( - 9.808e+03 1 0))
s>    ( QUESTION0_18_R 1 1.007e+04 1.492e+02 4.372e+02
s>        ( - 1.117e+02 1 0)
s>        ( - 9.808e+03 1 0))INFO: dtree.c(1478): Final simple tree
|( QUESTION7 -1 3.654e+03 3.011e+02 1.760e+02
|    ( QUESTION0_15_R 1 5.887e+02 9.393e+01 3.500e+01
|        ( - 7.637e+01 1 0)
|        ( - 4.184e+02 1 0))
|    ( QUESTION0_15_R 1 2.764e+03 2.383e+02 1.410e+02
|        ( SILENCE -1 1.016e+03 9.688e+01 5.800e+01
|            ( - 9.240e+01 1 0)
|            ( - 8.271e+02 2 0))
|        ( QUESTION0_17_R 1 1.509e+03 1.487e+02 8.300e+01
|            ( QUESTION0_18_R 1 7.189e+02 1.098e+02 4.400e+01
|                ( - 2.648e+02 2 0 QUESTION11 -1 5.296e+01 2.000e+01)
|                ( - 3.443e+02 3 0 QUESTION2_7_L -1 6.954e+01 2.400e+01))
|            ( QUESTION13 -1 6.417e+02 9.474e+01 3.900e+01
|                ( - 1.495e+02 1 0)
|                ( - 3.974e+02 4 0 QUESTION10 -1 7.192e+01 2.700e+01)))))
s>    ( QUESTION7 -1 3.654e+03 3.011e+02 1.760e+02
s>        ( QUESTION0_15_R 1 5.887e+02 9.393e+01 3.500e+01
s>            ( - 7.637e+01 1 0)
s>            ( - 4.184e+02 1 0))
s>        ( QUESTION0_15_R 1 2.764e+03 2.383e+02 1.410e+02
s>            ( SILENCE -1 1.016e+03 9.688e+01 5.800e+01
s>                ( - 9.240e+01 1 0)
s>                ( - 8.271e+02 2 0))
s>            ( QUESTION0_17_R 1 1.509e+03 1.487e+02 8.300e+01
s>                ( QUESTION0_18_R 1 7.189e+02 1.098e+02 4.400e+01
s>                    ( - 2.648e+02 2 0 QUESTION11 -1 5.296e+01 2.000e+01)
s>                    ( - 3.443e+02 3 0 QUESTION2_7_L -1 6.954e+01 2.400e+01))
s>                ( QUESTION13 -1 6.417e+02 9.474e+01 3.900e+01
s>                    ( - 1.495e+02 1 0)
s>                    ( - 3.974e+02 4 0 QUESTION10 -1 7.192e+01 2.700e+01)))))INFO: dtree.c(1315): Comp split 9
INFO: dtree.c(1439): stop. leaf nodes are specific
INFO: dtree.c(1478): Final simple tree
|( WDBNDRY_E 0 3.090e+03 2.740e+02 1.441e+02
|    ( - 2.225e+03 1 0)
|    ( QUESTION0_17_R 1 5.912e+02 1.091e+02 3.606e+01
|        ( - 1.219e+02 1 0)
|        ( QUESTION0_11_R 1 3.602e+02 8.143e+01 2.506e+01
|            ( QUESTION0 -1 1.416e+02 4.671e+01 1.306e+01
|                ( - 3.065e+01 1 0)
|                ( QUESTION0_12_R 1 6.419e+01 2.568e+01 7.000e+00
|                    ( - 1.967e+01 1 0)
|                    ( - 1.884e+01 1 0)))
|            ( - 1.372e+02 1 0))))
s>    ( WDBNDRY_E 0 3.090e+03 2.740e+02 1.441e+02
s>        ( - 2.225e+03 1 0)
s>        ( QUESTION0_17_R 1 5.912e+02 1.091e+02 3.606e+01
s>            ( - 1.219e+02 1 0)
s>            ( QUESTION0_11_R 1 3.602e+02 8.143e+01 2.506e+01
s>                ( QUESTION0 -1 1.416e+02 4.671e+01 1.306e+01
s>                    ( - 3.065e+01 1 0)
s>                    ( QUESTION0_12_R 1 6.419e+01 2.568e+01 7.000e+00
s>                        ( - 1.967e+01 1 0)
s>                        ( - 1.884e+01 1 0)))
s>                ( - 1.372e+02 1 0))))INFO: dtree.c(1439): stop. leaf nodes are specific
INFO: dtree.c(1478): Final simple tree
|( QUESTION14 -1 4.335e+03 2.983e+02 1.990e+02
|    ( - 3.148e+03 2 0)
|    ( QUESTION0_11_R 1 8.883e+02 1.517e+02 4.906e+01
|        ( - 4.236e+02 1 0)
|        ( WDBNDRY_E 0 3.131e+02 6.396e+01 2.200e+01
|            ( - 8.110e+01 1 0)
|            ( - 1.680e+02 1 0))))
s>    ( QUESTION14 -1 4.335e+03 2.983e+02 1.990e+02
s>        ( - 3.148e+03 2 0)
s>        ( QUESTION0_11_R 1 8.883e+02 1.517e+02 4.906e+01
s>            ( - 4.236e+02 1 0)
s>            ( WDBNDRY_E 0 3.131e+02 6.396e+01 2.200e+01
s>                ( - 8.110e+01 1 0)
s>                ( - 1.680e+02 1 0))))INFO: dtree.c(1315): Comp split 10
INFO: dtree.c(1439): stop. leaf nodes are specific
INFO: dtree.c(1478): Final simple tree
|( QUESTION1 -1 4.579e+03 3.562e+02 2.280e+02
|    ( QUESTION0_12_R 1 2.587e+03 1.419e+02 1.343e+02
|        ( - 2.643e+02 1 0)
|        ( - 2.180e+03 2 0))
|    ( WDBNDRY_E 0 1.637e+03 1.545e+02 9.366e+01
|        ( - 2.100e+02 1 0)
|        ( QUESTION0 -1 1.272e+03 1.288e+02 7.566e+01
|            ( - 2.717e+02 1 0)
|            ( - 8.717e+02 1 0))))
s>    ( QUESTION1 -1 4.579e+03 3.562e+02 2.280e+02
s>        ( QUESTION0_12_R 1 2.587e+03 1.419e+02 1.343e+02
s>            ( - 2.643e+02 1 0)
s>            ( - 2.180e+03 2 0))
s>        ( WDBNDRY_E 0 1.637e+03 1.545e+02 9.366e+01
s>            ( - 2.100e+02 1 0)
s>            ( QUESTION0 -1 1.272e+03 1.288e+02 7.566e+01
s>                ( - 2.717e+02 1 0)
s>                ( - 8.717e+02 1 0))))INFO: dtree.c(1439): stop. leaf nodes are specific
INFO: dtree.c(1478): Final simple tree
|( WDBNDRY_E 0 1.949e+03 2.227e+02 9.800e+01
|    ( - 1.234e+03 2 0)
|    ( QUESTION0_12_R 1 4.923e+02 6.787e+01 3.100e+01
|        ( - 1.046e+02 1 0)
|        ( - 3.199e+02 1 0)))
s>    ( WDBNDRY_E 0 1.949e+03 2.227e+02 9.800e+01
s>        ( - 1.234e+03 2 0)
s>        ( QUESTION0_12_R 1 4.923e+02 6.787e+01 3.100e+01
s>            ( - 1.046e+02 1 0)
s>            ( - 3.199e+02 1 0)))INFO: dtree.c(1315): Comp split 11
INFO: dtree.c(1439): stop. leaf nodes are specific
INFO: dtree.c(1478): Final simple tree
|( WDBNDRY_E 0 4.331e+03 2.798e+01 1.980e+02
|    ( - 4.302e+03 1 0)
|    ( - 2.857e-01 1 0))
s>    ( WDBNDRY_E 0 4.331e+03 2.798e+01 1.980e+02
s>        ( - 4.302e+03 1 0)
s>        ( - 2.857e-01 1 0))INFO: dtree.c(1439): stop. leaf nodes are specific
INFO: dtree.c(1478): Final simple tree
|( QUESTION0_17_R 1 1.949e+03 2.411e+02 9.504e+01
|    ( QUESTION0_18_R 1 9.583e+02 1.686e+02 5.300e+01
|        ( - 2.869e+02 1 0)
|        ( - 5.027e+02 1 0))
|    ( WDBNDRY_E 0 7.495e+02 1.362e+02 4.204e+01
|        ( - 2.614e+02 2 0)
|        ( QUESTION10 -1 3.519e+02 7.344e+01 2.404e+01
|            ( - 9.352e+01 1 0)
|            ( QUESTION0 -1 1.849e+02 5.126e+01 1.404e+01
|                ( - 7.853e+01 1 0)
|                ( - 5.512e+01 1 0)))))
s>    ( QUESTION0_17_R 1 1.949e+03 2.411e+02 9.504e+01
s>        ( QUESTION0_18_R 1 9.583e+02 1.686e+02 5.300e+01
s>            ( - 2.869e+02 1 0)
s>            ( - 5.027e+02 1 0))
s>        ( WDBNDRY_E 0 7.495e+02 1.362e+02 4.204e+01
s>            ( - 2.614e+02 2 0)
s>            ( QUESTION10 -1 3.519e+02 7.344e+01 2.404e+01
s>                ( - 9.352e+01 1 0)
s>                ( QUESTION0 -1 1.849e+02 5.126e+01 1.404e+01
s>                    ( - 7.853e+01 1 0)
s>                    ( - 5.512e+01 1 0)))))INFO: dtree.c(1315): Comp split 12
INFO: dtree.c(1439): stop. leaf nodes are specific
INFO: dtree.c(1478): Final simple tree
|( QUESTION0_8_R 1 2.692e+03 2.721e+02 1.320e+02
|    ( QUESTION14 -1 1.337e+03 1.632e+02 7.200e+01
|        ( - 7.184e+02 2 0)
|        ( QUESTION0 -1 4.552e+02 7.222e+01 3.000e+01
|            ( - 7.889e+01 1 0)
|            ( - 3.041e+02 1 0)))
|    ( QUESTION11 1 1.083e+03 1.516e+02 6.000e+01
|        ( - 5.694e+02 3 0)
|        ( QUESTION1 -1 3.621e+02 7.114e+01 2.500e+01
|            ( - 8.751e+01 1 0)
|            ( WDBNDRY_E 0 2.035e+02 5.304e+01 1.600e+01
|                ( - 9.848e+01 1 0)
|                ( - 5.194e+01 1 0)))))
s>    ( QUESTION0_8_R 1 2.692e+03 2.721e+02 1.320e+02
s>        ( QUESTION14 -1 1.337e+03 1.632e+02 7.200e+01
s>            ( - 7.184e+02 2 0)
s>            ( QUESTION0 -1 4.552e+02 7.222e+01 3.000e+01
s>                ( - 7.889e+01 1 0)
s>                ( - 3.041e+02 1 0)))
s>        ( QUESTION11 1 1.083e+03 1.516e+02 6.000e+01
s>            ( - 5.694e+02 3 0)
s>            ( QUESTION1 -1 3.621e+02 7.114e+01 2.500e+01
s>                ( - 8.751e+01 1 0)
s>                ( WDBNDRY_E 0 2.035e+02 5.304e+01 1.600e+01
s>                    ( - 9.848e+01 1 0)
s>                    ( - 5.194e+01 1 0)))))INFO: dtree.c(1478): Final simple tree
|( QUESTION0_1_R 1 2.419e+03 2.444e+02 1.210e+02
|    ( QUESTION14 -1 5.733e+02 1.101e+02 3.600e+01
|        ( - 2.078e+02 2 0 QUESTION0_2_R 1 5.682e+01 1.600e+01)
|        ( QUESTION13 -1 2.553e+02 6.816e+01 2.000e+01
|            ( - 9.258e+01 1 0)
|            ( - 9.460e+01 2 0 SILENCE -1 3.351e+01 1.000e+01)))
|    ( QUESTION2_16_L -1 1.601e+03 1.883e+02 8.500e+01
|        ( QUESTION0_0_R 1 5.880e+02 1.029e+02 3.600e+01
|            ( - 2.003e+02 2 0 QUESTION14 1 4.921e+01 1.500e+01)
|            ( - 2.848e+02 1 0))
|        ( QUESTION8 -1 8.247e+02 1.044e+02 4.900e+01
|            ( - 1.107e+02 1 0)
|            ( QUESTION1 -1 6.096e+02 6.534e+01 3.900e+01
|                ( - 5.185e+02 1 0)
|                ( - 2.574e+01 1 0)))))
s>    ( QUESTION0_1_R 1 2.419e+03 2.444e+02 1.210e+02
s>        ( QUESTION14 -1 5.733e+02 1.101e+02 3.600e+01
s>            ( - 2.078e+02 2 0 QUESTION0_2_R 1 5.682e+01 1.600e+01)
s>            ( QUESTION13 -1 2.553e+02 6.816e+01 2.000e+01
s>                ( - 9.258e+01 1 0)
s>                ( - 9.460e+01 2 0 SILENCE -1 3.351e+01 1.000e+01)))
s>        ( QUESTION2_16_L -1 1.601e+03 1.883e+02 8.500e+01
s>            ( QUESTION0_0_R 1 5.880e+02 1.029e+02 3.600e+01
s>                ( - 2.003e+02 2 0 QUESTION14 1 4.921e+01 1.500e+01)
s>                ( - 2.848e+02 1 0))
s>            ( QUESTION8 -1 8.247e+02 1.044e+02 4.900e+01
s>                ( - 1.107e+02 1 0)
s>                ( QUESTION1 -1 6.096e+02 6.534e+01 3.900e+01
s>                    ( - 5.185e+02 1 0)
s>                    ( - 2.574e+01 1 0)))))INFO: dtree.c(1315): Comp split 13
INFO: dtree.c(1439): stop. leaf nodes are specific
INFO: dtree.c(1478): Final simple tree
|( WDBNDRY_E 0 1.637e+03 1.545e+02 9.366e+01
|    ( - 2.100e+02 1 0)
|    ( QUESTION0 -1 1.272e+03 1.288e+02 7.566e+01
|        ( - 2.717e+02 1 0)
|        ( - 8.717e+02 1 0)))
s>    ( WDBNDRY_E 0 1.637e+03 1.545e+02 9.366e+01
s>        ( - 2.100e+02 1 0)
s>        ( QUESTION0 -1 1.272e+03 1.288e+02 7.566e+01
s>            ( - 2.717e+02 1 0)
s>            ( - 8.717e+02 1 0)))INFO: dtree.c(1439): stop. leaf nodes are specific
INFO: dtree.c(1478): Final simple tree
|( QUESTION0_12_R 1 2.587e+03 1.419e+02 1.343e+02
|    ( - 2.643e+02 1 0)
|    ( - 2.180e+03 2 0))
s>    ( QUESTION0_12_R 1 2.587e+03 1.419e+02 1.343e+02
s>        ( - 2.643e+02 1 0)
s>        ( - 2.180e+03 2 0))INFO: dtree.c(1315): Comp split 14
INFO: dtree.c(1439): stop. leaf nodes are specific
INFO: dtree.c(1478): Final simple tree
|( QUESTION0_17_R 1 8.789e+02 1.544e+02 4.800e+01
|    ( - 4.184e+02 1 0)
|    ( SILENCE -1 3.062e+02 6.431e+01 2.100e+01
|        ( - 9.240e+01 1 0)
|        ( - 1.495e+02 1 0)))
s>    ( QUESTION0_17_R 1 8.789e+02 1.544e+02 4.800e+01
s>        ( - 4.184e+02 1 0)
s>        ( SILENCE -1 3.062e+02 6.431e+01 2.100e+01
s>            ( - 9.240e+01 1 0)
s>            ( - 1.495e+02 1 0)))INFO: dtree.c(1478): Final simple tree
|( QUESTION0_15_R 1 2.441e+03 2.170e+02 1.280e+02
|    ( QUESTION0 -1 9.845e+02 8.101e+01 5.700e+01
|        ( - 7.637e+01 1 0)
|        ( - 8.271e+02 2 0))
|    ( QUESTION0_18_R 1 1.240e+03 1.272e+02 7.100e+01
|        ( QUESTION11 -1 2.648e+02 5.296e+01 2.000e+01
|            ( - 8.210e+01 1 0)
|            ( - 1.297e+02 1 0))
|        ( QUESTION2_7_L -1 8.477e+02 1.077e+02 5.100e+01
|            ( QUESTION0_17_R 1 2.791e+02 5.469e+01 2.000e+01
|                ( - 7.923e+01 1 0)
|                ( - 1.451e+02 2 0))
|            ( QUESTION0_17_R 1 4.609e+02 8.468e+01 3.100e+01
|                ( - 1.955e+02 2 0 SILENCE -1 4.610e+01 1.600e+01)
|                ( - 1.807e+02 2 0 SILENCE -1 5.167e+01 1.500e+01)))))
s>    ( QUESTION0_15_R 1 2.441e+03 2.170e+02 1.280e+02
s>        ( QUESTION0 -1 9.845e+02 8.101e+01 5.700e+01
s>            ( - 7.637e+01 1 0)
s>            ( - 8.271e+02 2 0))
s>        ( QUESTION0_18_R 1 1.240e+03 1.272e+02 7.100e+01
s>            ( QUESTION11 -1 2.648e+02 5.296e+01 2.000e+01
s>                ( - 8.210e+01 1 0)
s>                ( - 1.297e+02 1 0))
s>            ( QUESTION2_7_L -1 8.477e+02 1.077e+02 5.100e+01
s>                ( QUESTION0_17_R 1 2.791e+02 5.469e+01 2.000e+01
s>                    ( - 7.923e+01 1 0)
s>                    ( - 1.451e+02 2 0))
s>                ( QUESTION0_17_R 1 4.609e+02 8.468e+01 3.100e+01
s>                    ( - 1.955e+02 2 0 SILENCE -1 4.610e+01 1.600e+01)
s>                    ( - 1.807e+02 2 0 SILENCE -1 5.167e+01 1.500e+01)))))INFO: dtree.c(1315): Comp split 15
INFO: dtree.c(1439): stop. leaf nodes are specific
INFO: dtree.c(1478): Final simple tree
|( QUESTION0 -1 1.389e+03 1.782e+02 7.152e+01
|    ( - 8.547e+02 2 0)
|    ( QUESTION0_1_R 1 3.562e+02 6.378e+01 2.446e+01
|        ( - 2.088e+02 1 0)
|        ( WDBNDRY_E 0 8.362e+01 2.365e+01 8.000e+00
|            ( - 5.714e+00 1 0)
|            ( - 5.426e+01 1 0))))
s>    ( QUESTION0 -1 1.389e+03 1.782e+02 7.152e+01
s>        ( - 8.547e+02 2 0)
s>        ( QUESTION0_1_R 1 3.562e+02 6.378e+01 2.446e+01
s>            ( - 2.088e+02 1 0)
s>            ( WDBNDRY_E 0 8.362e+01 2.365e+01 8.000e+00
s>                ( - 5.714e+00 1 0)
s>                ( - 5.426e+01 1 0))))INFO: dtree.c(1439): stop. leaf nodes are specific
INFO: dtree.c(1478): Final simple tree
|( QUESTION10 1 1.357e+03 1.801e+02 7.400e+01
|    ( - 5.313e+02 2 0)
|    ( QUESTION0_0_R 1 6.457e+02 1.175e+02 3.900e+01
|        ( - 3.184e+02 2 0)
|        ( - 2.099e+02 1 0)))
s>    ( QUESTION10 1 1.357e+03 1.801e+02 7.400e+01
s>        ( - 5.313e+02 2 0)
s>        ( QUESTION0_0_R 1 6.457e+02 1.175e+02 3.900e+01
s>            ( - 3.184e+02 2 0)
s>            ( - 2.099e+02 1 0)))INFO: dtree.c(1315): Comp split 16
INFO: dtree.c(1439): stop. leaf nodes are specific
INFO: dtree.c(1478): Final simple tree
|( QUESTION0_11_R 1 8.883e+02 1.517e+02 4.906e+01
|    ( - 4.236e+02 1 0)
|    ( WDBNDRY_E 0 3.131e+02 6.396e+01 2.200e+01
|        ( - 8.110e+01 1 0)
|        ( - 1.680e+02 1 0)))
s>    ( QUESTION0_11_R 1 8.883e+02 1.517e+02 4.906e+01
s>        ( - 4.236e+02 1 0)
s>        ( WDBNDRY_E 0 3.131e+02 6.396e+01 2.200e+01
s>            ( - 8.110e+01 1 0)
s>            ( - 1.680e+02 1 0)))INFO: dtree.c(1315): Comp split 17
INFO: dtree.c(1439): stop. leaf nodes are specific
INFO: dtree.c(1478): Final simple tree
|( QUESTION0_0_R 1 1.322e+03 1.356e+02 7.100e+01
|    ( - 2.088e+02 2 0)
|    ( - 9.778e+02 1 0))
s>    ( QUESTION0_0_R 1 1.322e+03 1.356e+02 7.100e+01
s>        ( - 2.088e+02 2 0)
s>        ( - 9.778e+02 1 0))INFO: dtree.c(1439): stop. leaf nodes are specific
INFO: dtree.c(1478): Final simple tree
|( WDBNDRY_E 0 1.164e+03 1.858e+02 6.139e+01
|    ( - 2.822e+02 1 0)
|    ( - 6.965e+02 1 0))
s>    ( WDBNDRY_E 0 1.164e+03 1.858e+02 6.139e+01
s>        ( - 2.822e+02 1 0)
s>        ( - 6.965e+02 1 0))INFO: dtree.c(1315): Comp split 18
INFO: dtree.c(1439): stop. leaf nodes are specific
INFO: dtree.c(1478): Final simple tree
|( QUESTION1 -1 1.257e+03 1.502e+02 7.100e+01
|    ( - 5.185e+02 1 0)
|    ( QUESTION0_0_R 1 5.880e+02 1.029e+02 3.600e+01
|        ( QUESTION14 1 2.003e+02 4.921e+01 1.500e+01
|            ( - 1.186e+02 1 0)
|            ( - 3.247e+01 1 0))
|        ( - 2.848e+02 1 0)))
s>    ( QUESTION1 -1 1.257e+03 1.502e+02 7.100e+01
s>        ( - 5.185e+02 1 0)
s>        ( QUESTION0_0_R 1 5.880e+02 1.029e+02 3.600e+01
s>            ( QUESTION14 1 2.003e+02 4.921e+01 1.500e+01
s>                ( - 1.186e+02 1 0)
s>                ( - 3.247e+01 1 0))
s>            ( - 2.848e+02 1 0)))INFO: dtree.c(1439): stop. leaf nodes are specific
INFO: dtree.c(1478): Final simple tree
|( QUESTION0 -1 8.880e+02 1.523e+02 5.000e+01
|    ( QUESTION1 -1 2.664e+02 6.863e+01 1.900e+01
|        ( - 1.107e+02 1 0)
|        ( QUESTION0_0_R 1 8.710e+01 2.807e+01 9.000e+00
|            ( - 3.329e+01 1 0)
|            ( - 2.574e+01 1 0)))
|    ( QUESTION14 -1 4.692e+02 9.432e+01 3.100e+01
|        ( QUESTION0_2_R 1 2.078e+02 5.682e+01 1.600e+01
|            ( - 3.031e+01 1 0)
|            ( - 1.207e+02 1 0))
|        ( SILENCE -1 1.670e+02 4.667e+01 1.500e+01
|            ( - 2.780e+01 1 0)
|            ( - 9.258e+01 1 0))))
s>    ( QUESTION0 -1 8.880e+02 1.523e+02 5.000e+01
s>        ( QUESTION1 -1 2.664e+02 6.863e+01 1.900e+01
s>            ( - 1.107e+02 1 0)
s>            ( QUESTION0_0_R 1 8.710e+01 2.807e+01 9.000e+00
s>                ( - 3.329e+01 1 0)
s>                ( - 2.574e+01 1 0)))
s>        ( QUESTION14 -1 4.692e+02 9.432e+01 3.100e+01
s>            ( QUESTION0_2_R 1 2.078e+02 5.682e+01 1.600e+01
s>                ( - 3.031e+01 1 0)
s>                ( - 1.207e+02 1 0))
s>            ( SILENCE -1 1.670e+02 4.667e+01 1.500e+01
s>                ( - 2.780e+01 1 0)
s>                ( - 9.258e+01 1 0))))INFO: dtree.c(1315): Comp split 19
INFO: dtree.c(1439): stop. leaf nodes are specific
INFO: dtree.c(1478): Final simple tree
|( QUESTION0_17_R 1 5.912e+02 1.091e+02 3.606e+01
|    ( - 1.219e+02 1 0)
|    ( QUESTION0_11_R 1 3.602e+02 8.143e+01 2.506e+01
|        ( QUESTION0 -1 1.416e+02 4.671e+01 1.306e+01
|            ( - 3.065e+01 1 0)
|            ( QUESTION0_12_R 1 6.419e+01 2.568e+01 7.000e+00
|                ( - 1.967e+01 1 0)
|                ( - 1.884e+01 1 0)))
|        ( - 1.372e+02 1 0)))
s>    ( QUESTION0_17_R 1 5.912e+02 1.091e+02 3.606e+01
s>        ( - 1.219e+02 1 0)
s>        ( QUESTION0_11_R 1 3.602e+02 8.143e+01 2.506e+01
s>            ( QUESTION0 -1 1.416e+02 4.671e+01 1.306e+01
s>                ( - 3.065e+01 1 0)
s>                ( QUESTION0_12_R 1 6.419e+01 2.568e+01 7.000e+00
s>                    ( - 1.967e+01 1 0)
s>                    ( - 1.884e+01 1 0)))
s>            ( - 1.372e+02 1 0)))INFO: dtree.c(1315): Comp split 20
INFO: dtree.c(1439): stop. leaf nodes are specific
INFO: dtree.c(1478): Final simple tree
|( QUESTION11 1 1.083e+03 1.516e+02 6.000e+01
|    ( - 5.694e+02 3 0)
|    ( QUESTION1 -1 3.621e+02 7.114e+01 2.500e+01
|        ( - 8.751e+01 1 0)
|        ( WDBNDRY_E 0 2.035e+02 5.304e+01 1.600e+01
|            ( - 9.848e+01 1 0)
|            ( - 5.194e+01 1 0))))
s>    ( QUESTION11 1 1.083e+03 1.516e+02 6.000e+01
s>        ( - 5.694e+02 3 0)
s>        ( QUESTION1 -1 3.621e+02 7.114e+01 2.500e+01
s>            ( - 8.751e+01 1 0)
s>            ( WDBNDRY_E 0 2.035e+02 5.304e+01 1.600e+01
s>                ( - 9.848e+01 1 0)
s>                ( - 5.194e+01 1 0))))INFO: dtree.c(1439): stop. leaf nodes are specific
INFO: dtree.c(1478): Final simple tree
|( QUESTION14 -1 1.337e+03 1.632e+02 7.200e+01
|    ( - 7.184e+02 2 0)
|    ( QUESTION0 -1 4.552e+02 7.222e+01 3.000e+01
|        ( - 7.889e+01 1 0)
|        ( - 3.041e+02 1 0)))
s>    ( QUESTION14 -1 1.337e+03 1.632e+02 7.200e+01
s>        ( - 7.184e+02 2 0)
s>        ( QUESTION0 -1 4.552e+02 7.222e+01 3.000e+01
s>            ( - 7.889e+01 1 0)
s>            ( - 3.041e+02 1 0)))INFO: dtree.c(1315): Comp split 21
INFO: dtree.c(1439): stop. leaf nodes are specific
INFO: dtree.c(1478): Final simple tree
|( WDBNDRY_E 0 8.277e+02 1.211e+02 4.900e+01
|    ( - 5.027e+02 1 0)
|    ( QUESTION0 -1 2.039e+02 5.526e+01 1.600e+01
|        ( - 9.352e+01 1 0)
|        ( - 5.512e+01 1 0)))
s>    ( WDBNDRY_E 0 8.277e+02 1.211e+02 4.900e+01
s>        ( - 5.027e+02 1 0)
s>        ( QUESTION0 -1 2.039e+02 5.526e+01 1.600e+01
s>            ( - 9.352e+01 1 0)
s>            ( - 5.512e+01 1 0)))INFO: dtree.c(1439): stop. leaf nodes are specific
INFO: dtree.c(1478): Final simple tree
|( QUESTION0_17_R 1 8.558e+02 1.512e+02 4.604e+01
|    ( - 2.869e+02 1 0)
|    ( WDBNDRY_E 0 4.177e+02 7.775e+01 2.604e+01
|        ( - 2.614e+02 2 0)
|        ( - 7.853e+01 1 0)))
s>    ( QUESTION0_17_R 1 8.558e+02 1.512e+02 4.604e+01
s>        ( - 2.869e+02 1 0)
s>        ( WDBNDRY_E 0 4.177e+02 7.775e+01 2.604e+01
s>            ( - 2.614e+02 2 0)
s>            ( - 7.853e+01 1 0)))INFO: dtree.c(1315): Comp split 22
INFO: dtree.c(1439): stop. leaf nodes are specific
INFO: dtree.c(1478): Final simple tree
|( QUESTION0_12_R 1 4.923e+02 6.787e+01 3.100e+01
|    ( - 1.046e+02 1 0)
|    ( - 3.199e+02 1 0))
s>    ( QUESTION0_12_R 1 4.923e+02 6.787e+01 3.100e+01
s>        ( - 1.046e+02 1 0)
s>        ( - 3.199e+02 1 0))INFO: dtree.c(1315): Comp split 23
INFO: dtree.c(1439): stop. leaf nodes are specific
INFO: dtree.c(1478): Final simple tree
|( QUESTION0_15_R 1 1.395e+03 1.411e+02 7.700e+01
|    ( - 8.271e+02 2 0)
|    ( QUESTION12 -1 4.272e+02 6.676e+01 2.800e+01
|        ( - 7.923e+01 1 0)
|        ( QUESTION0_17_R 1 2.812e+02 5.395e+01 2.000e+01
|            ( - 8.210e+01 1 0)
|            ( - 1.451e+02 2 0))))
s>    ( QUESTION0_15_R 1 1.395e+03 1.411e+02 7.700e+01
s>        ( - 8.271e+02 2 0)
s>        ( QUESTION12 -1 4.272e+02 6.676e+01 2.800e+01
s>            ( - 7.923e+01 1 0)
s>            ( QUESTION0_17_R 1 2.812e+02 5.395e+01 2.000e+01
s>                ( - 8.210e+01 1 0)
s>                ( - 1.451e+02 2 0))))INFO: dtree.c(1439): stop. leaf nodes are specific
INFO: dtree.c(1478): Final simple tree
|( QUESTION0_19_R 1 8.243e+02 1.085e+02 5.100e+01
|    ( SILENCE -1 1.807e+02 5.167e+01 1.500e+01
|        ( - 6.811e+01 1 0)
|        ( - 6.095e+01 1 0))
|    ( QUESTION0_18_R 1 5.351e+02 8.304e+01 3.600e+01
|        ( - 1.297e+02 1 0)
|        ( SILENCE -1 3.223e+02 6.051e+01 2.400e+01
|            ( - 5.867e+01 1 0)
|            ( QUESTION0_15_R 1 2.031e+02 3.605e+01 1.700e+01
|                ( - 7.637e+01 1 0)
|                ( - 9.072e+01 1 0)))))
s>    ( QUESTION0_19_R 1 8.243e+02 1.085e+02 5.100e+01
s>        ( SILENCE -1 1.807e+02 5.167e+01 1.500e+01
s>            ( - 6.811e+01 1 0)
s>            ( - 6.095e+01 1 0))
s>        ( QUESTION0_18_R 1 5.351e+02 8.304e+01 3.600e+01
s>            ( - 1.297e+02 1 0)
s>            ( SILENCE -1 3.223e+02 6.051e+01 2.400e+01
s>                ( - 5.867e+01 1 0)
s>                ( QUESTION0_15_R 1 2.031e+02 3.605e+01 1.700e+01
s>                    ( - 7.637e+01 1 0)
s>                    ( - 9.072e+01 1 0)))))INFO: dtree.c(1315): Comp split 24
INFO: dtree.c(1315): Comp split 25
INFO: dtree.c(1439): stop. leaf nodes are specific
INFO: dtree.c(1478): Final simple tree
|( QUESTION0_0_R 1 6.457e+02 1.175e+02 3.900e+01
|    ( - 3.184e+02 2 0)
|    ( - 2.099e+02 1 0))
s>    ( QUESTION0_0_R 1 6.457e+02 1.175e+02 3.900e+01
s>        ( - 3.184e+02 2 0)
s>        ( - 2.099e+02 1 0))INFO: dtree.c(1315): Comp split 26
INFO: dtree.c(1439): stop. leaf nodes are specific
INFO: dtree.c(1478): Final simple tree
|( QUESTION0_1_R 1 3.562e+02 6.378e+01 2.446e+01
|    ( - 2.088e+02 1 0)
|    ( WDBNDRY_E 0 8.362e+01 2.365e+01 8.000e+00
|        ( - 5.714e+00 1 0)
|        ( - 5.426e+01 1 0)))
s>    ( QUESTION0_1_R 1 3.562e+02 6.378e+01 2.446e+01
s>        ( - 2.088e+02 1 0)
s>        ( WDBNDRY_E 0 8.362e+01 2.365e+01 8.000e+00
s>            ( - 5.714e+00 1 0)
s>            ( - 5.426e+01 1 0)))INFO: dtree.c(1315): Comp split 27
INFO: dtree.c(1439): stop. leaf nodes are specific
INFO: dtree.c(1478): Final simple tree
|( WDBNDRY_E 0 5.905e+02 1.088e+02 3.854e+01
|    ( - 2.100e+02 1 0)
|    ( - 2.717e+02 1 0))
s>    ( WDBNDRY_E 0 5.905e+02 1.088e+02 3.854e+01
s>        ( - 2.100e+02 1 0)
s>        ( - 2.717e+02 1 0))INFO: dtree.c(1315): Comp split 28
INFO: dtree.c(1439): stop. leaf nodes are specific
INFO: dtree.c(1478): Final simple tree
|( QUESTION0 -1 4.552e+02 7.222e+01 3.000e+01
|    ( - 7.889e+01 1 0)
|    ( - 3.041e+02 1 0))
s>    ( QUESTION0 -1 4.552e+02 7.222e+01 3.000e+01
s>        ( - 7.889e+01 1 0)
s>        ( - 3.041e+02 1 0))INFO: dtree.c(1315): Comp split 29
INFO: dtree.c(1439): stop. leaf nodes are specific
INFO: dtree.c(1478): Final simple tree
|( QUESTION0_0_R 1 3.852e+02 6.792e+01 2.600e+01
|    ( - 3.247e+01 1 0)
|    ( - 2.848e+02 1 0))
s>    ( QUESTION0_0_R 1 3.852e+02 6.792e+01 2.600e+01
s>        ( - 3.247e+01 1 0)
s>        ( - 2.848e+02 1 0))INFO: dtree.c(1439): stop. leaf nodes are specific
INFO: dtree.c(1478): Final simple tree
|( QUESTION0_0_R 1 7.084e+02 7.124e+01 4.500e+01
|    ( - 1.186e+02 1 0)
|    ( - 5.185e+02 1 0))
s>    ( QUESTION0_0_R 1 7.084e+02 7.124e+01 4.500e+01
s>        ( - 1.186e+02 1 0)
s>        ( - 5.185e+02 1 0))INFO: dtree.c(1315): Comp split 30
INFO: dtree.c(1439): stop. leaf nodes are specific
INFO: dtree.c(1478): Final simple tree
|( QUESTION0_0_R 1 3.129e+02 8.144e+01 2.100e+01
|    ( - 1.207e+02 1 0)
|    ( - 1.107e+02 1 0))
s>    ( QUESTION0_0_R 1 3.129e+02 8.144e+01 2.100e+01
s>        ( - 1.207e+02 1 0)
s>        ( - 1.107e+02 1 0))INFO: dtree.c(1439): stop. leaf nodes are specific
INFO: dtree.c(1478): Final simple tree
|( QUESTION13 -1 4.128e+02 8.753e+01 2.900e+01
|    ( QUESTION0_2_R 1 1.658e+02 4.294e+01 1.500e+01
|        ( - 3.031e+01 1 0)
|        ( - 9.258e+01 1 0))
|    ( SILENCE -1 1.594e+02 4.449e+01 1.400e+01
|        ( - 2.780e+01 1 0)
|        ( QUESTION0_0_R 1 8.710e+01 2.807e+01 9.000e+00
|            ( - 3.329e+01 1 0)
|            ( - 2.574e+01 1 0))))
s>    ( QUESTION13 -1 4.128e+02 8.753e+01 2.900e+01
s>        ( QUESTION0_2_R 1 1.658e+02 4.294e+01 1.500e+01
s>            ( - 3.031e+01 1 0)
s>            ( - 9.258e+01 1 0))
s>        ( SILENCE -1 1.594e+02 4.449e+01 1.400e+01
s>            ( - 2.780e+01 1 0)
s>            ( QUESTION0_0_R 1 8.710e+01 2.807e+01 9.000e+00
s>                ( - 3.329e+01 1 0)
s>                ( - 2.574e+01 1 0))))INFO: dtree.c(1315): Comp split 31
INFO: dtree.c(1439): stop. leaf nodes are specific
INFO: dtree.c(1478): Final simple tree
|( SILENCE -1 3.062e+02 6.431e+01 2.100e+01
|    ( - 9.240e+01 1 0)
|    ( - 1.495e+02 1 0))
s>    ( SILENCE -1 3.062e+02 6.431e+01 2.100e+01
s>        ( - 9.240e+01 1 0)
s>        ( - 1.495e+02 1 0))INFO: dtree.c(1315): Comp split 32
INFO: dtree.c(1439): stop. leaf nodes are specific
INFO: dtree.c(1478): Final simple tree
|( WDBNDRY_E 0 3.131e+02 6.396e+01 2.200e+01
|    ( - 8.110e+01 1 0)
|    ( - 1.680e+02 1 0))
s>    ( WDBNDRY_E 0 3.131e+02 6.396e+01 2.200e+01
s>        ( - 8.110e+01 1 0)
s>        ( - 1.680e+02 1 0))INFO: dtree.c(1315): Comp split 33
INFO: dtree.c(1439): stop. leaf nodes are specific
INFO: dtree.c(1478): Final simple tree
|( QUESTION1 -1 3.621e+02 7.114e+01 2.500e+01
|    ( - 8.751e+01 1 0)
|    ( WDBNDRY_E 0 2.035e+02 5.304e+01 1.600e+01
|        ( - 9.848e+01 1 0)
|        ( - 5.194e+01 1 0)))
s>    ( QUESTION1 -1 3.621e+02 7.114e+01 2.500e+01
s>        ( - 8.751e+01 1 0)
s>        ( WDBNDRY_E 0 2.035e+02 5.304e+01 1.600e+01
s>            ( - 9.848e+01 1 0)
s>            ( - 5.194e+01 1 0)))INFO: dtree.c(1315): Comp split 34
INFO: dtree.c(1439): stop. leaf nodes are specific
INFO: dtree.c(1478): Final simple tree
|( WDBNDRY_E 0 4.177e+02 7.775e+01 2.604e+01
|    ( - 2.614e+02 2 0)
|    ( - 7.853e+01 1 0))
s>    ( WDBNDRY_E 0 4.177e+02 7.775e+01 2.604e+01
s>        ( - 2.614e+02 2 0)
s>        ( - 7.853e+01 1 0))INFO: dtree.c(1315): Comp split 35
INFO: dtree.c(1315): Comp split 36
INFO: dtree.c(1315): Comp split 37
INFO: dtree.c(1439): stop. leaf nodes are specific
INFO: dtree.c(1478): Final simple tree
|( QUESTION12 -1 4.272e+02 6.676e+01 2.800e+01
|    ( - 7.923e+01 1 0)
|    ( QUESTION0_17_R 1 2.812e+02 5.395e+01 2.000e+01
|        ( - 8.210e+01 1 0)
|        ( - 1.451e+02 2 0)))
s>    ( QUESTION12 -1 4.272e+02 6.676e+01 2.800e+01
s>        ( - 7.923e+01 1 0)
s>        ( QUESTION0_17_R 1 2.812e+02 5.395e+01 2.000e+01
s>            ( - 8.210e+01 1 0)
s>            ( - 1.451e+02 2 0)))INFO: dtree.c(1315): Comp split 38
INFO: dtree.c(1315): Comp split 39
INFO: dtree.c(1439): stop. leaf nodes are specific
INFO: dtree.c(1478): Final simple tree
|( SILENCE -1 3.349e+02 6.362e+01 2.500e+01
|    ( - 6.811e+01 1 0)
|    ( QUESTION0_15_R 1 2.031e+02 3.605e+01 1.700e+01
|        ( - 7.637e+01 1 0)
|        ( - 9.072e+01 1 0)))
s>    ( SILENCE -1 3.349e+02 6.362e+01 2.500e+01
s>        ( - 6.811e+01 1 0)
s>        ( QUESTION0_15_R 1 2.031e+02 3.605e+01 1.700e+01
s>            ( - 7.637e+01 1 0)
s>            ( - 9.072e+01 1 0)))INFO: dtree.c(1439): stop. leaf nodes are specific
INFO: dtree.c(1478): Final simple tree
|( QUESTION0_18_R 1 3.627e+02 6.734e+01 2.600e+01
|    ( - 1.297e+02 1 0)
|    ( SILENCE -1 1.656e+02 4.601e+01 1.400e+01
|        ( - 5.867e+01 1 0)
|        ( - 6.095e+01 1 0)))
s>    ( QUESTION0_18_R 1 3.627e+02 6.734e+01 2.600e+01
s>        ( - 1.297e+02 1 0)
s>        ( SILENCE -1 1.656e+02 4.601e+01 1.400e+01
s>            ( - 5.867e+01 1 0)
s>            ( - 6.095e+01 1 0)))INFO: dtree.c(1315): Comp split 40
INFO: dtree.c(1439): stop. leaf nodes are specific
INFO: dtree.c(1478): Final simple tree
|( QUESTION0_11_R 1 1.848e+02 4.325e+01 1.500e+01
|    ( - 1.967e+01 1 0)
|    ( - 1.219e+02 1 0))
s>    ( QUESTION0_11_R 1 1.848e+02 4.325e+01 1.500e+01
s>        ( - 1.967e+01 1 0)
s>        ( - 1.219e+02 1 0))INFO: dtree.c(1439): stop. leaf nodes are specific
INFO: dtree.c(1478): Final simple tree
|( QUESTION0_11_R 1 2.798e+02 6.468e+01 2.106e+01
|    ( QUESTION0 -1 7.789e+01 2.840e+01 9.064e+00
|        ( - 3.065e+01 1 0)
|        ( - 1.884e+01 1 0))
|    ( - 1.372e+02 1 0))
s>    ( QUESTION0_11_R 1 2.798e+02 6.468e+01 2.106e+01
s>        ( QUESTION0 -1 7.789e+01 2.840e+01 9.064e+00
s>            ( - 3.065e+01 1 0)
s>            ( - 1.884e+01 1 0))
s>        ( - 1.372e+02 1 0))INFO: dtree.c(1315): Comp split 41
INFO: dtree.c(1439): stop. leaf nodes are specific
INFO: dtree.c(1478): Final simple tree
|( QUESTION0 -1 2.039e+02 5.526e+01 1.600e+01
|    ( - 9.352e+01 1 0)
|    ( - 5.512e+01 1 0))
s>    ( QUESTION0 -1 2.039e+02 5.526e+01 1.600e+01
s>        ( - 9.352e+01 1 0)
s>        ( - 5.512e+01 1 0))INFO: dtree.c(1315): Comp split 42
INFO: dtree.c(1315): Comp split 43
INFO: dtree.c(1315): Comp split 44
INFO: dtree.c(1439): stop. leaf nodes are specific
INFO: dtree.c(1478): Final simple tree
|( SILENCE -1 1.594e+02 4.449e+01 1.400e+01
|    ( - 2.780e+01 1 0)
|    ( QUESTION0_0_R 1 8.710e+01 2.807e+01 9.000e+00
|        ( - 3.329e+01 1 0)
|        ( - 2.574e+01 1 0)))
s>    ( SILENCE -1 1.594e+02 4.449e+01 1.400e+01
s>        ( - 2.780e+01 1 0)
s>        ( QUESTION0_0_R 1 8.710e+01 2.807e+01 9.000e+00
s>            ( - 3.329e+01 1 0)
s>            ( - 2.574e+01 1 0)))INFO: dtree.c(1439): stop. leaf nodes are specific
INFO: dtree.c(1478): Final simple tree
|( QUESTION0_2_R 1 1.658e+02 4.294e+01 1.500e+01
|    ( - 3.031e+01 1 0)
|    ( - 9.258e+01 1 0))
s>    ( QUESTION0_2_R 1 1.658e+02 4.294e+01 1.500e+01
s>        ( - 3.031e+01 1 0)
s>        ( - 9.258e+01 1 0))INFO: dtree.c(1315): Comp split 45
INFO: dtree.c(1315): Comp split 46
INFO: dtree.c(1315): Comp split 47
INFO: dtree.c(1315): Comp split 48
INFO: dtree.c(1315): Comp split 49
INFO: dtree.c(1439): stop. leaf nodes are specific
INFO: dtree.c(1478): Final simple tree
|( WDBNDRY_E 0 2.035e+02 5.304e+01 1.600e+01
|    ( - 9.848e+01 1 0)
|    ( - 5.194e+01 1 0))
s>    ( WDBNDRY_E 0 2.035e+02 5.304e+01 1.600e+01
s>        ( - 9.848e+01 1 0)
s>        ( - 5.194e+01 1 0))INFO: dtree.c(1315): Comp split 50
INFO: dtree.c(1315): Comp split 51
INFO: dtree.c(1315): Comp split 52
INFO: dtree.c(1439): stop. leaf nodes are specific
INFO: dtree.c(1478): Final simple tree
|( SILENCE -1 1.656e+02 4.601e+01 1.400e+01
|    ( - 5.867e+01 1 0)
|    ( - 6.095e+01 1 0))
s>    ( SILENCE -1 1.656e+02 4.601e+01 1.400e+01
s>        ( - 5.867e+01 1 0)
s>        ( - 6.095e+01 1 0))INFO: dtree.c(1315): Comp split 53
INFO: dtree.c(1439): stop. leaf nodes are specific
INFO: dtree.c(1478): Final simple tree
|( QUESTION0_17_R 1 2.812e+02 5.395e+01 2.000e+01
|    ( - 8.210e+01 1 0)
|    ( - 1.451e+02 2 0))
s>    ( QUESTION0_17_R 1 2.812e+02 5.395e+01 2.000e+01
s>        ( - 8.210e+01 1 0)
s>        ( - 1.451e+02 2 0))INFO: dtree.c(1315): Comp split 54
INFO: dtree.c(1439): stop. leaf nodes are specific
INFO: dtree.c(1478): Final simple tree
|( QUESTION0 -1 7.789e+01 2.840e+01 9.064e+00
|    ( - 3.065e+01 1 0)
|    ( - 1.884e+01 1 0))
s>    ( QUESTION0 -1 7.789e+01 2.840e+01 9.064e+00
s>        ( - 3.065e+01 1 0)
s>        ( - 1.884e+01 1 0))INFO: dtree.c(1315): Comp split 55
INFO: dtree.c(1315): Comp split 56
INFO: dtree.c(1315): Comp split 57
INFO: dtree.c(1439): stop. leaf nodes are specific
INFO: dtree.c(1478): Final simple tree
|( WDBNDRY_E 0 8.362e+01 2.365e+01 8.000e+00
|    ( - 5.714e+00 1 0)
|    ( - 5.426e+01 1 0))
s>    ( WDBNDRY_E 0 8.362e+01 2.365e+01 8.000e+00
s>        ( - 5.714e+00 1 0)
s>        ( - 5.426e+01 1 0))INFO: dtree.c(1315): Comp split 58
INFO: dtree.c(1439): stop. leaf nodes are specific
INFO: dtree.c(1478): Final simple tree
|( QUESTION0_15_R 1 2.031e+02 3.605e+01 1.700e+01
|    ( - 7.637e+01 1 0)
|    ( - 9.072e+01 1 0))
s>    ( QUESTION0_15_R 1 2.031e+02 3.605e+01 1.700e+01
s>        ( - 7.637e+01 1 0)
s>        ( - 9.072e+01 1 0))INFO: dtree.c(1315): Comp split 59
INFO: dtree.c(1315): Comp split 60
INFO: dtree.c(1315): Comp split 61
INFO: dtree.c(1315): Comp split 62
INFO: dtree.c(1315): Comp split 63
INFO: dtree.c(1439): stop. leaf nodes are specific
INFO: dtree.c(1478): Final simple tree
|( QUESTION0_0_R 1 8.710e+01 2.807e+01 9.000e+00
|    ( - 3.329e+01 1 0)
|    ( - 2.574e+01 1 0))
s>    ( QUESTION0_0_R 1 8.710e+01 2.807e+01 9.000e+00
s>        ( - 3.329e+01 1 0)
s>        ( - 2.574e+01 1 0))INFO: dtree.c(1315): Comp split 64
INFO: dtree.c(1315): Comp split 65
INFO: dtree.c(1315): Comp split 66
INFO: dtree.c(1315): Comp split 67
INFO: dtree.c(1315): Comp split 68
INFO: dtree.c(1315): Comp split 69
INFO: dtree.c(1315): Comp split 70
INFO: dtree.c(1315): Comp split 71
INFO: dtree.c(1318): stop. leaf nodes are specific
Fri Nov  2 10:06:16 2018
