Current configuration:
[NAME]		[DEFLT]	[VALUE]
-allphones	no	no
-cntthresh	0.00001	1.000000e-05
-csplitmax	100	2000
-csplitmin	1	1
-csplitthr	8e-4	0.000000e+00
-example	no	no
-fullvar	no	no
-help		no	no
-meanfn			
-mixwfn			/home/sdv/Documents/SDV/SDVoice/an4/model_parameters/an4.cd_semi_untied/mixture_weights
-moddeffn		/home/sdv/Documents/SDV/SDVoice/an4/model_architecture/an4.untied.mdef
-mwfloor	1e-4	1.000000e-08
-phone			K
-psetfn			/home/sdv/Documents/SDV/SDVoice/an4/model_architecture/an4.tree_questions
-ssplitmax	5	7
-ssplitmin	1	1
-ssplitthr	8e-4	0.000000e+00
-state			0
-stwt			1.0,0.05,0.0,
-treefn			/home/sdv/Documents/SDV/SDVoice/an4/trees/an4.unpruned/K-0.dtree
-ts2cbfn	.semi.	.semi.
-varfloor	0.00001	1.000000e-05
-varfn			

INFO: main.c(223): Reading: /home/sdv/Documents/SDV/SDVoice/an4/model_architecture/an4.untied.mdef
INFO: model_def_io.c(573): Model definition info:
INFO: model_def_io.c(574): 1618 total models defined (34 base, 1584 tri)
INFO: model_def_io.c(575): 6472 total states
INFO: model_def_io.c(576): 4854 total tied states
INFO: model_def_io.c(577): 102 total tied CI states
INFO: model_def_io.c(578): 34 total tied transition matrices
INFO: model_def_io.c(579): 4 max state/model
INFO: model_def_io.c(580): 4 min state/model
INFO: main.c(242): Building trees for [K AA T i] through [K UW Y b]
INFO: main.c(269): Covering states |[2733 2825]| == 93
INFO: main.c(275): Reading: /home/sdv/Documents/SDV/SDVoice/an4/model_parameters/an4.cd_semi_untied/mixture_weights
INFO: s3mixw_io.c(173): Read /home/sdv/Documents/SDV/SDVoice/an4/model_parameters/an4.cd_semi_untied/mixture_weights [93x4x256 array]
INFO: main.c(311): 31 of 31 models have observation count greater than 0.000010
INFO: main.c(95): nrm stwt: 0.952 0.048 0.000 
INFO: main.c(411): 31-class entropy: 3.264043e+04
INFO: main.c(549): Reading: /home/sdv/Documents/SDV/SDVoice/an4/model_architecture/an4.tree_questions
INFO: main.c(588): 176 total simple questions (168 phone; 8 word bndry)
INFO: main.c(590): 42 Left Only questions, and 42 Right Only questions
INFO: dtree.c(1478): Final simple tree
|( QUESTION14 1 3.963e+04 1.752e+03 1.594e+03
|    ( QUESTION13 -1 1.074e+04 6.820e+02 4.397e+02
|        ( QUESTION14 -1 4.895e+03 4.269e+02 2.143e+02
|            ( - 2.481e+03 4 0 QUESTION0_0_R 1 2.187e+02 1.203e+02)
|            ( QUESTION0_0_R 1 1.987e+03 2.471e+02 9.400e+01
|                ( - 7.519e+02 2 0 QUESTION2_0_L -1 8.786e+01 4.200e+01)
|                ( - 9.881e+02 4 0 QUESTION2_0_L -1 1.765e+02 5.200e+01)))
|        ( QUESTION2_10_L -1 5.161e+03 4.768e+02 2.254e+02
|            ( - 2.088e+03 5 0 QUESTION2_12_L -1 1.792e+02 1.021e+02)
|            ( QUESTION2 -1 2.596e+03 2.476e+02 1.233e+02
|                ( - 1.571e+03 4 0 QUESTION0_0_R 1 1.526e+02 8.032e+01)
|                ( - 7.778e+02 7 0 SILENCE -1 1.090e+02 4.301e+01))))
|    ( QUESTION19 -1 2.714e+04 9.817e+02 1.154e+03
|        ( - 2.093e+04 2 0 WDBNDRY_B 0 8.282e+01 9.211e+02)
|        ( - 5.230e+03 3 0 QUESTION0_10_R 1 1.824e+02 2.330e+02)))
s>    ( QUESTION14 1 3.963e+04 1.752e+03 1.594e+03
s>        ( QUESTION13 -1 1.074e+04 6.820e+02 4.397e+02
s>            ( QUESTION14 -1 4.895e+03 4.269e+02 2.143e+02
s>                ( - 2.481e+03 4 0 QUESTION0_0_R 1 2.187e+02 1.203e+02)
s>                ( QUESTION0_0_R 1 1.987e+03 2.471e+02 9.400e+01
s>                    ( - 7.519e+02 2 0 QUESTION2_0_L -1 8.786e+01 4.200e+01)
s>                    ( - 9.881e+02 4 0 QUESTION2_0_L -1 1.765e+02 5.200e+01)))
s>            ( QUESTION2_10_L -1 5.161e+03 4.768e+02 2.254e+02
s>                ( - 2.088e+03 5 0 QUESTION2_12_L -1 1.792e+02 1.021e+02)
s>                ( QUESTION2 -1 2.596e+03 2.476e+02 1.233e+02
s>                    ( - 1.571e+03 4 0 QUESTION0_0_R 1 1.526e+02 8.032e+01)
s>                    ( - 7.778e+02 7 0 SILENCE -1 1.090e+02 4.301e+01))))
s>        ( QUESTION19 -1 2.714e+04 9.817e+02 1.154e+03
s>            ( - 2.093e+04 2 0 WDBNDRY_B 0 8.282e+01 9.211e+02)
s>            ( - 5.230e+03 3 0 QUESTION0_10_R 1 1.824e+02 2.330e+02)))INFO: dtree.c(1315): Comp split 0
INFO: dtree.c(1478): Final simple tree
|( QUESTION13 -1 1.074e+04 6.820e+02 4.397e+02
|    ( QUESTION14 -1 4.895e+03 4.269e+02 2.143e+02
|        ( QUESTION0_0_R 1 2.481e+03 2.187e+02 1.203e+02
|            ( - 6.505e+02 2 0)
|            ( - 1.612e+03 2 0))
|        ( QUESTION0_0_R 1 1.987e+03 2.471e+02 9.400e+01
|            ( - 7.519e+02 2 0 QUESTION2_0_L -1 8.786e+01 4.200e+01)
|            ( - 9.881e+02 4 0 QUESTION2_0_L -1 1.765e+02 5.200e+01)))
|    ( QUESTION2_10_L -1 5.161e+03 4.768e+02 2.254e+02
|        ( QUESTION2_12_L -1 2.088e+03 1.792e+02 1.021e+02
|            ( - 1.564e+03 2 0 QUESTION0_0_R 1 9.262e+01 7.907e+01)
|            ( - 3.446e+02 3 0 QUESTION0_0_R 1 7.065e+01 2.300e+01))
|        ( QUESTION2 -1 2.596e+03 2.476e+02 1.233e+02
|            ( - 1.571e+03 4 0 QUESTION0_0_R 1 1.526e+02 8.032e+01)
|            ( - 7.778e+02 7 0 SILENCE -1 1.090e+02 4.301e+01))))
s>    ( QUESTION13 -1 1.074e+04 6.820e+02 4.397e+02
s>        ( QUESTION14 -1 4.895e+03 4.269e+02 2.143e+02
s>            ( QUESTION0_0_R 1 2.481e+03 2.187e+02 1.203e+02
s>                ( - 6.505e+02 2 0)
s>                ( - 1.612e+03 2 0))
s>            ( QUESTION0_0_R 1 1.987e+03 2.471e+02 9.400e+01
s>                ( - 7.519e+02 2 0 QUESTION2_0_L -1 8.786e+01 4.200e+01)
s>                ( - 9.881e+02 4 0 QUESTION2_0_L -1 1.765e+02 5.200e+01)))
s>        ( QUESTION2_10_L -1 5.161e+03 4.768e+02 2.254e+02
s>            ( QUESTION2_12_L -1 2.088e+03 1.792e+02 1.021e+02
s>                ( - 1.564e+03 2 0 QUESTION0_0_R 1 9.262e+01 7.907e+01)
s>                ( - 3.446e+02 3 0 QUESTION0_0_R 1 7.065e+01 2.300e+01))
s>            ( QUESTION2 -1 2.596e+03 2.476e+02 1.233e+02
s>                ( - 1.571e+03 4 0 QUESTION0_0_R 1 1.526e+02 8.032e+01)
s>                ( - 7.778e+02 7 0 SILENCE -1 1.090e+02 4.301e+01))))INFO: dtree.c(1439): stop. leaf nodes are specific
INFO: dtree.c(1478): Final simple tree
|( QUESTION19 -1 2.714e+04 9.817e+02 1.154e+03
|    ( WDBNDRY_B 0 2.093e+04 8.282e+01 9.211e+02
|        ( - 2.133e+01 1 0)
|        ( - 2.082e+04 1 0))
|    ( QUESTION0_10_R 1 5.230e+03 1.824e+02 2.330e+02
|        ( QUESTION0_11_R 1 2.543e+02 6.169e+01 1.800e+01
|            ( - 8.963e+01 1 0)
|            ( - 1.030e+02 1 0))
|        ( - 4.793e+03 1 0)))
s>    ( QUESTION19 -1 2.714e+04 9.817e+02 1.154e+03
s>        ( WDBNDRY_B 0 2.093e+04 8.282e+01 9.211e+02
s>            ( - 2.133e+01 1 0)
s>            ( - 2.082e+04 1 0))
s>        ( QUESTION0_10_R 1 5.230e+03 1.824e+02 2.330e+02
s>            ( QUESTION0_11_R 1 2.543e+02 6.169e+01 1.800e+01
s>                ( - 8.963e+01 1 0)
s>                ( - 1.030e+02 1 0))
s>            ( - 4.793e+03 1 0)))INFO: dtree.c(1315): Comp split 1
INFO: dtree.c(1439): stop. leaf nodes are specific
INFO: dtree.c(1478): Final simple tree
|( QUESTION0_10_R 1 5.230e+03 1.824e+02 2.330e+02
|    ( QUESTION0_11_R 1 2.543e+02 6.169e+01 1.800e+01
|        ( - 8.963e+01 1 0)
|        ( - 1.030e+02 1 0))
|    ( - 4.793e+03 1 0))
s>    ( QUESTION0_10_R 1 5.230e+03 1.824e+02 2.330e+02
s>        ( QUESTION0_11_R 1 2.543e+02 6.169e+01 1.800e+01
s>            ( - 8.963e+01 1 0)
s>            ( - 1.030e+02 1 0))
s>        ( - 4.793e+03 1 0))INFO: dtree.c(1439): stop. leaf nodes are specific
INFO: dtree.c(1478): Final simple tree
|( WDBNDRY_B 0 2.093e+04 8.282e+01 9.211e+02
|    ( - 2.133e+01 1 0)
|    ( - 2.082e+04 1 0))
s>    ( WDBNDRY_B 0 2.093e+04 8.282e+01 9.211e+02
s>        ( - 2.133e+01 1 0)
s>        ( - 2.082e+04 1 0))INFO: dtree.c(1315): Comp split 2
INFO: dtree.c(1478): Final simple tree
|( QUESTION2_9_L -1 6.893e+03 5.165e+02 2.946e+02
|    ( QUESTION0 -1 2.314e+03 2.236e+02 1.113e+02
|        ( QUESTION0_0_R 1 1.571e+03 1.526e+02 8.032e+01
|            ( - 2.981e+02 2 0)
|            ( - 1.120e+03 2 0))
|        ( QUESTION0_0_R 1 5.197e+02 8.241e+01 3.100e+01
|            ( - 6.068e+01 1 0)
|            ( - 3.766e+02 2 0)))
|    ( QUESTION14 -1 4.063e+03 3.566e+02 1.833e+02
|        ( QUESTION0_0_R 1 2.481e+03 2.187e+02 1.203e+02
|            ( - 6.505e+02 2 0)
|            ( - 1.612e+03 2 0))
|        ( QUESTION0_0_R 1 1.225e+03 1.867e+02 6.300e+01
|            ( - 6.033e+02 1 0)
|            ( - 4.350e+02 2 0 QUESTION16 -1 7.429e+01 2.800e+01))))
s>    ( QUESTION2_9_L -1 6.893e+03 5.165e+02 2.946e+02
s>        ( QUESTION0 -1 2.314e+03 2.236e+02 1.113e+02
s>            ( QUESTION0_0_R 1 1.571e+03 1.526e+02 8.032e+01
s>                ( - 2.981e+02 2 0)
s>                ( - 1.120e+03 2 0))
s>            ( QUESTION0_0_R 1 5.197e+02 8.241e+01 3.100e+01
s>                ( - 6.068e+01 1 0)
s>                ( - 3.766e+02 2 0)))
s>        ( QUESTION14 -1 4.063e+03 3.566e+02 1.833e+02
s>            ( QUESTION0_0_R 1 2.481e+03 2.187e+02 1.203e+02
s>                ( - 6.505e+02 2 0)
s>                ( - 1.612e+03 2 0))
s>            ( QUESTION0_0_R 1 1.225e+03 1.867e+02 6.300e+01
s>                ( - 6.033e+02 1 0)
s>                ( - 4.350e+02 2 0 QUESTION16 -1 7.429e+01 2.800e+01))))INFO: dtree.c(1478): Final simple tree
|( QUESTION2_12_L -1 3.158e+03 3.004e+02 1.451e+02
|    ( QUESTION0_0_R 1 1.564e+03 9.262e+01 7.907e+01
|        ( - 8.918e+01 1 0)
|        ( - 1.382e+03 1 0))
|    ( QUESTION2_10_L -1 1.294e+03 1.713e+02 6.601e+01
|        ( QUESTION0_0_R 1 3.446e+02 7.065e+01 2.300e+01
|            ( - 9.052e+01 2 0 QUESTION11 -1 3.249e+01 9.000e+00)
|            ( - 1.835e+02 1 0))
|        ( SILENCE -1 7.778e+02 1.090e+02 4.301e+01
|            ( QUESTION0_0_R 1 5.042e+02 8.795e+01 3.001e+01
|                ( - 1.184e+02 1 0)
|                ( - 2.979e+02 1 0))
|            ( QUESTION1 -1 1.646e+02 3.708e+01 1.300e+01
|                ( - 6.903e+01 3 0 QUESTION0_0_R 1 2.494e+01 7.000e+00)
|                ( - 5.847e+01 2 0 QUESTION0_0_R 1 1.565e+01 6.000e+00)))))
s>    ( QUESTION2_12_L -1 3.158e+03 3.004e+02 1.451e+02
s>        ( QUESTION0_0_R 1 1.564e+03 9.262e+01 7.907e+01
s>            ( - 8.918e+01 1 0)
s>            ( - 1.382e+03 1 0))
s>        ( QUESTION2_10_L -1 1.294e+03 1.713e+02 6.601e+01
s>            ( QUESTION0_0_R 1 3.446e+02 7.065e+01 2.300e+01
s>                ( - 9.052e+01 2 0 QUESTION11 -1 3.249e+01 9.000e+00)
s>                ( - 1.835e+02 1 0))
s>            ( SILENCE -1 7.778e+02 1.090e+02 4.301e+01
s>                ( QUESTION0_0_R 1 5.042e+02 8.795e+01 3.001e+01
s>                    ( - 1.184e+02 1 0)
s>                    ( - 2.979e+02 1 0))
s>                ( QUESTION1 -1 1.646e+02 3.708e+01 1.300e+01
s>                    ( - 6.903e+01 3 0 QUESTION0_0_R 1 2.494e+01 7.000e+00)
s>                    ( - 5.847e+01 2 0 QUESTION0_0_R 1 1.565e+01 6.000e+00)))))INFO: dtree.c(1315): Comp split 3
INFO: dtree.c(1439): stop. leaf nodes are specific
INFO: dtree.c(1478): Final simple tree
|( QUESTION0 -1 3.223e+03 3.359e+02 1.463e+02
|    ( QUESTION0_0_R 1 1.571e+03 1.526e+02 8.032e+01
|        ( - 2.981e+02 2 0)
|        ( - 1.120e+03 2 0))
|    ( QUESTION2_0_L -1 1.316e+03 1.930e+02 6.600e+01
|        ( - 6.033e+02 1 0)
|        ( QUESTION0_0_R 1 5.197e+02 8.241e+01 3.100e+01
|            ( - 6.068e+01 1 0)
|            ( - 3.766e+02 2 0))))
s>    ( QUESTION0 -1 3.223e+03 3.359e+02 1.463e+02
s>        ( QUESTION0_0_R 1 1.571e+03 1.526e+02 8.032e+01
s>            ( - 2.981e+02 2 0)
s>            ( - 1.120e+03 2 0))
s>        ( QUESTION2_0_L -1 1.316e+03 1.930e+02 6.600e+01
s>            ( - 6.033e+02 1 0)
s>            ( QUESTION0_0_R 1 5.197e+02 8.241e+01 3.100e+01
s>                ( - 6.068e+01 1 0)
s>                ( - 3.766e+02 2 0))))INFO: dtree.c(1439): stop. leaf nodes are specific
INFO: dtree.c(1478): Final simple tree
|( QUESTION0_0_R 1 3.148e+03 2.467e+02 1.483e+02
|    ( - 6.505e+02 2 0)
|    ( QUESTION14 -1 2.250e+03 2.036e+02 1.103e+02
|        ( - 1.612e+03 2 0)
|        ( QUESTION16 -1 4.350e+02 7.429e+01 2.800e+01
|            ( - 9.909e+01 1 0)
|            ( - 2.616e+02 1 0))))
s>    ( QUESTION0_0_R 1 3.148e+03 2.467e+02 1.483e+02
s>        ( - 6.505e+02 2 0)
s>        ( QUESTION14 -1 2.250e+03 2.036e+02 1.103e+02
s>            ( - 1.612e+03 2 0)
s>            ( QUESTION16 -1 4.350e+02 7.429e+01 2.800e+01
s>                ( - 9.909e+01 1 0)
s>                ( - 2.616e+02 1 0))))INFO: dtree.c(1315): Comp split 4
INFO: dtree.c(1439): stop. leaf nodes are specific
INFO: dtree.c(1478): Final simple tree
|( QUESTION0_0_R 1 1.721e+03 1.643e+02 8.732e+01
|    ( QUESTION0 -1 4.362e+02 7.748e+01 2.800e+01
|        ( - 2.981e+02 2 0)
|        ( - 6.068e+01 1 0))
|    ( - 1.120e+03 2 0))
s>    ( QUESTION0_0_R 1 1.721e+03 1.643e+02 8.732e+01
s>        ( QUESTION0 -1 4.362e+02 7.748e+01 2.800e+01
s>            ( - 2.981e+02 2 0)
s>            ( - 6.068e+01 1 0))
s>        ( - 1.120e+03 2 0))INFO: dtree.c(1439): stop. leaf nodes are specific
INFO: dtree.c(1478): Final simple tree
|( QUESTION0_0_R 1 1.155e+03 1.751e+02 5.900e+01
|    ( - 6.033e+02 1 0)
|    ( - 3.766e+02 2 0))
s>    ( QUESTION0_0_R 1 1.155e+03 1.751e+02 5.900e+01
s>        ( - 6.033e+02 1 0)
s>        ( - 3.766e+02 2 0))INFO: dtree.c(1315): Comp split 5
INFO: dtree.c(1439): stop. leaf nodes are specific
INFO: dtree.c(1478): Final simple tree
|( QUESTION2_11_L -1 1.701e+03 1.357e+02 8.507e+01
|    ( - 1.382e+03 1 0)
|    ( - 1.835e+02 1 0))
s>    ( QUESTION2_11_L -1 1.701e+03 1.357e+02 8.507e+01
s>        ( - 1.382e+03 1 0)
s>        ( - 1.835e+02 1 0))INFO: dtree.c(1478): Final simple tree
|( SILENCE -1 1.144e+03 1.513e+02 6.001e+01
|    ( QUESTION0_0_R 1 5.042e+02 8.795e+01 3.001e+01
|        ( - 1.184e+02 1 0)
|        ( - 2.979e+02 1 0))
|    ( QUESTION11 -1 4.882e+02 9.809e+01 3.000e+01
|        ( QUESTION2_11_L -1 1.684e+02 3.718e+01 1.400e+01
|            ( - 8.918e+01 1 0)
|            ( - 4.203e+01 1 0))
|        ( QUESTION0_0_R 1 2.217e+02 4.697e+01 1.600e+01
|            ( QUESTION2_7_L -1 7.182e+01 2.591e+01 7.000e+00
|                ( - 2.990e+01 2 0 QUESTION1 -1 1.298e+01 4.000e+00)
|                ( - 1.600e+01 1 0))
|            ( QUESTION1 -1 1.029e+02 3.292e+01 9.000e+00
|                ( - 2.717e+01 2 0 QUESTION8 -1 1.124e+01 4.000e+00)
|                ( - 4.282e+01 1 0)))))
s>    ( SILENCE -1 1.144e+03 1.513e+02 6.001e+01
s>        ( QUESTION0_0_R 1 5.042e+02 8.795e+01 3.001e+01
s>            ( - 1.184e+02 1 0)
s>            ( - 2.979e+02 1 0))
s>        ( QUESTION11 -1 4.882e+02 9.809e+01 3.000e+01
s>            ( QUESTION2_11_L -1 1.684e+02 3.718e+01 1.400e+01
s>                ( - 8.918e+01 1 0)
s>                ( - 4.203e+01 1 0))
s>            ( QUESTION0_0_R 1 2.217e+02 4.697e+01 1.600e+01
s>                ( QUESTION2_7_L -1 7.182e+01 2.591e+01 7.000e+00
s>                    ( - 2.990e+01 2 0 QUESTION1 -1 1.298e+01 4.000e+00)
s>                    ( - 1.600e+01 1 0))
s>                ( QUESTION1 -1 1.029e+02 3.292e+01 9.000e+00
s>                    ( - 2.717e+01 2 0 QUESTION8 -1 1.124e+01 4.000e+00)
s>                    ( - 4.282e+01 1 0)))))INFO: dtree.c(1315): Comp split 6
INFO: dtree.c(1439): stop. leaf nodes are specific
INFO: dtree.c(1478): Final simple tree
|( QUESTION14 -1 1.822e+03 1.116e+02 9.127e+01
|    ( - 1.612e+03 2 0)
|    ( - 9.909e+01 1 0))
s>    ( QUESTION14 -1 1.822e+03 1.116e+02 9.127e+01
s>        ( - 1.612e+03 2 0)
s>        ( - 9.909e+01 1 0))INFO: dtree.c(1439): stop. leaf nodes are specific
INFO: dtree.c(1478): Final simple tree
|( QUESTION0_0_R 1 1.069e+03 1.565e+02 5.700e+01
|    ( - 6.505e+02 2 0)
|    ( - 2.616e+02 1 0))
s>    ( QUESTION0_0_R 1 1.069e+03 1.565e+02 5.700e+01
s>        ( - 6.505e+02 2 0)
s>        ( - 2.616e+02 1 0))INFO: dtree.c(1315): Comp split 7
INFO: dtree.c(1439): stop. leaf nodes are specific
INFO: dtree.c(1478): Final simple tree
|( QUESTION0_11_R 1 2.543e+02 6.169e+01 1.800e+01
|    ( - 8.963e+01 1 0)
|    ( - 1.030e+02 1 0))
s>    ( QUESTION0_11_R 1 2.543e+02 6.169e+01 1.800e+01
s>        ( - 8.963e+01 1 0)
s>        ( - 1.030e+02 1 0))INFO: dtree.c(1315): Comp split 8
INFO: dtree.c(1315): Comp split 9
INFO: dtree.c(1439): stop. leaf nodes are specific
INFO: dtree.c(1478): Final simple tree
|( QUESTION2_7_L -1 4.198e+02 8.877e+01 2.600e+01
|    ( QUESTION1 -1 1.646e+02 3.708e+01 1.300e+01
|        ( QUESTION0_0_R 1 6.903e+01 2.494e+01 7.000e+00
|            ( - 1.692e+01 1 0)
|            ( QUESTION8 -1 2.717e+01 1.124e+01 4.000e+00
|                ( - 1.459e+01 1 0)
|                ( - 1.333e+00 1 0)))
|        ( QUESTION0_0_R 1 5.847e+01 1.565e+01 6.000e+00
|            ( - 0.000e+00 1 0)
|            ( - 4.282e+01 1 0)))
|    ( SILENCE -1 1.664e+02 3.203e+01 1.300e+01
|        ( - 1.184e+02 1 0)
|        ( - 1.600e+01 1 0)))
s>    ( QUESTION2_7_L -1 4.198e+02 8.877e+01 2.600e+01
s>        ( QUESTION1 -1 1.646e+02 3.708e+01 1.300e+01
s>            ( QUESTION0_0_R 1 6.903e+01 2.494e+01 7.000e+00
s>                ( - 1.692e+01 1 0)
s>                ( QUESTION8 -1 2.717e+01 1.124e+01 4.000e+00
s>                    ( - 1.459e+01 1 0)
s>                    ( - 1.333e+00 1 0)))
s>            ( QUESTION0_0_R 1 5.847e+01 1.565e+01 6.000e+00
s>                ( - 0.000e+00 1 0)
s>                ( - 4.282e+01 1 0)))
s>        ( SILENCE -1 1.664e+02 3.203e+01 1.300e+01
s>            ( - 1.184e+02 1 0)
s>            ( - 1.600e+01 1 0)))INFO: dtree.c(1439): stop. leaf nodes are specific
INFO: dtree.c(1478): Final simple tree
|( SILENCE -1 5.567e+02 9.042e+01 3.401e+01
|    ( - 2.979e+02 1 0)
|    ( QUESTION2_11_L -1 1.684e+02 3.718e+01 1.400e+01
|        ( - 8.918e+01 1 0)
|        ( - 4.203e+01 1 0)))
s>    ( SILENCE -1 5.567e+02 9.042e+01 3.401e+01
s>        ( - 2.979e+02 1 0)
s>        ( QUESTION2_11_L -1 1.684e+02 3.718e+01 1.400e+01
s>            ( - 8.918e+01 1 0)
s>            ( - 4.203e+01 1 0)))INFO: dtree.c(1315): Comp split 10
INFO: dtree.c(1439): stop. leaf nodes are specific
INFO: dtree.c(1478): Final simple tree
|( QUESTION0 -1 4.362e+02 7.748e+01 2.800e+01
|    ( - 2.981e+02 2 0)
|    ( - 6.068e+01 1 0))
s>    ( QUESTION0 -1 4.362e+02 7.748e+01 2.800e+01
s>        ( - 2.981e+02 2 0)
s>        ( - 6.068e+01 1 0))INFO: dtree.c(1315): Comp split 11
INFO: dtree.c(1315): Comp split 12
INFO: dtree.c(1315): Comp split 13
INFO: dtree.c(1315): Comp split 14
INFO: dtree.c(1439): stop. leaf nodes are specific
INFO: dtree.c(1478): Final simple tree
|( QUESTION2_11_L -1 1.684e+02 3.718e+01 1.400e+01
|    ( - 8.918e+01 1 0)
|    ( - 4.203e+01 1 0))
s>    ( QUESTION2_11_L -1 1.684e+02 3.718e+01 1.400e+01
s>        ( - 8.918e+01 1 0)
s>        ( - 4.203e+01 1 0))INFO: dtree.c(1315): Comp split 15
INFO: dtree.c(1439): stop. leaf nodes are specific
INFO: dtree.c(1478): Final simple tree
|( QUESTION1 -1 1.646e+02 3.708e+01 1.300e+01
|    ( QUESTION0_0_R 1 6.903e+01 2.494e+01 7.000e+00
|        ( - 1.692e+01 1 0)
|        ( QUESTION8 -1 2.717e+01 1.124e+01 4.000e+00
|            ( - 1.459e+01 1 0)
|            ( - 1.333e+00 1 0)))
|    ( QUESTION0_0_R 1 5.847e+01 1.565e+01 6.000e+00
|        ( - 0.000e+00 1 0)
|        ( - 4.282e+01 1 0)))
s>    ( QUESTION1 -1 1.646e+02 3.708e+01 1.300e+01
s>        ( QUESTION0_0_R 1 6.903e+01 2.494e+01 7.000e+00
s>            ( - 1.692e+01 1 0)
s>            ( QUESTION8 -1 2.717e+01 1.124e+01 4.000e+00
s>                ( - 1.459e+01 1 0)
s>                ( - 1.333e+00 1 0)))
s>        ( QUESTION0_0_R 1 5.847e+01 1.565e+01 6.000e+00
s>            ( - 0.000e+00 1 0)
s>            ( - 4.282e+01 1 0)))INFO: dtree.c(1439): stop. leaf nodes are specific
INFO: dtree.c(1478): Final simple tree
|( SILENCE -1 1.664e+02 3.203e+01 1.300e+01
|    ( - 1.184e+02 1 0)
|    ( - 1.600e+01 1 0))
s>    ( SILENCE -1 1.664e+02 3.203e+01 1.300e+01
s>        ( - 1.184e+02 1 0)
s>        ( - 1.600e+01 1 0))INFO: dtree.c(1315): Comp split 16
INFO: dtree.c(1315): Comp split 17
INFO: dtree.c(1315): Comp split 18
INFO: dtree.c(1315): Comp split 19
INFO: dtree.c(1439): stop. leaf nodes are specific
INFO: dtree.c(1478): Final simple tree
|( QUESTION8 -1 4.171e+01 1.748e+01 5.000e+00
|    ( - 1.459e+01 1 0)
|    ( QUESTION0_0_R 1 9.640e+00 8.307e+00 2.000e+00
|        ( - 0.000e+00 1 0)
|        ( - 1.333e+00 1 0)))
s>    ( QUESTION8 -1 4.171e+01 1.748e+01 5.000e+00
s>        ( - 1.459e+01 1 0)
s>        ( QUESTION0_0_R 1 9.640e+00 8.307e+00 2.000e+00
s>            ( - 0.000e+00 1 0)
s>            ( - 1.333e+00 1 0)))INFO: dtree.c(1439): stop. leaf nodes are specific
INFO: dtree.c(1478): Final simple tree
|( QUESTION0_0_R 1 7.708e+01 1.733e+01 8.000e+00
|    ( - 1.692e+01 1 0)
|    ( - 4.282e+01 1 0))
s>    ( QUESTION0_0_R 1 7.708e+01 1.733e+01 8.000e+00
s>        ( - 1.692e+01 1 0)
s>        ( - 4.282e+01 1 0))INFO: dtree.c(1315): Comp split 20
INFO: dtree.c(1315): Comp split 21
INFO: dtree.c(1315): Comp split 22
INFO: dtree.c(1439): stop. leaf nodes are specific
INFO: dtree.c(1478): Final simple tree
|( QUESTION0_0_R 1 9.640e+00 8.307e+00 2.000e+00
|    ( - 0.000e+00 1 0)
|    ( - 1.333e+00 1 0))
s>    ( QUESTION0_0_R 1 9.640e+00 8.307e+00 2.000e+00
s>        ( - 0.000e+00 1 0)
s>        ( - 1.333e+00 1 0))INFO: dtree.c(1315): Comp split 23
INFO: dtree.c(1315): Comp split 24
INFO: dtree.c(1315): Comp split 25
INFO: dtree.c(1318): stop. leaf nodes are specific
Fri Nov  2 10:07:10 2018
