Current configuration:
[NAME]		[DEFLT]	[VALUE]
-allphones	no	no
-cntthresh	0.00001	1.000000e-05
-csplitmax	100	2000
-csplitmin	1	1
-csplitthr	8e-4	0.000000e+00
-example	no	no
-fullvar	no	no
-help		no	no
-meanfn			
-mixwfn			/home/sdv/Documents/SDV/SDVoice/an4/model_parameters/an4.cd_semi_untied/mixture_weights
-moddeffn		/home/sdv/Documents/SDV/SDVoice/an4/model_architecture/an4.untied.mdef
-mwfloor	1e-4	1.000000e-08
-phone			W
-psetfn			/home/sdv/Documents/SDV/SDVoice/an4/model_architecture/an4.tree_questions
-ssplitmax	5	7
-ssplitmin	1	1
-ssplitthr	8e-4	0.000000e+00
-state			0
-stwt			1.0,0.05,0.0,
-treefn			/home/sdv/Documents/SDV/SDVoice/an4/trees/an4.unpruned/W-0.dtree
-ts2cbfn	.semi.	.semi.
-varfloor	0.00001	1.000000e-05
-varfn			

INFO: main.c(223): Reading: /home/sdv/Documents/SDV/SDVoice/an4/model_architecture/an4.untied.mdef
INFO: model_def_io.c(573): Model definition info:
INFO: model_def_io.c(574): 1618 total models defined (34 base, 1584 tri)
INFO: model_def_io.c(575): 6472 total states
INFO: model_def_io.c(576): 4854 total tied states
INFO: model_def_io.c(577): 102 total tied CI states
INFO: model_def_io.c(578): 34 total tied transition matrices
INFO: model_def_io.c(579): 4 max state/model
INFO: model_def_io.c(580): 4 min state/model
INFO: main.c(242): Building trees for [W AH AY b] through [W UW AY b]
INFO: main.c(269): Covering states |[4671 4724]| == 54
INFO: main.c(275): Reading: /home/sdv/Documents/SDV/SDVoice/an4/model_parameters/an4.cd_semi_untied/mixture_weights
INFO: s3mixw_io.c(173): Read /home/sdv/Documents/SDV/SDVoice/an4/model_parameters/an4.cd_semi_untied/mixture_weights [54x4x256 array]
INFO: main.c(311): 18 of 18 models have observation count greater than 0.000010
INFO: main.c(95): nrm stwt: 0.952 0.048 0.000 
INFO: main.c(411): 18-class entropy: 2.966639e+04
INFO: main.c(549): Reading: /home/sdv/Documents/SDV/SDVoice/an4/model_architecture/an4.tree_questions
INFO: main.c(588): 176 total simple questions (168 phone; 8 word bndry)
INFO: main.c(590): 42 Left Only questions, and 42 Right Only questions
INFO: dtree.c(1478): Final simple tree
|( QUESTION0_12_R 1 3.808e+04 3.086e+03 1.689e+03
|    ( - 1.300e+04 1 0)
|    ( WDBNDRY_B 0 2.199e+04 1.473e+03 9.260e+02
|        ( QUESTION13 -1 1.462e+04 7.720e+02 6.448e+02
|            ( QUESTION16 -1 8.604e+03 4.680e+02 3.876e+02
|                ( - 1.707e+03 3 0 QUESTION2_0_L -1 2.086e+02 8.900e+01)
|                ( QUESTION14 -1 6.429e+03 3.124e+02 2.986e+02
|                    ( - 4.628e+03 2 0)
|                    ( - 1.489e+03 1 0)))
|            ( QUESTION2_7_L -1 5.239e+03 4.139e+02 2.572e+02
|                ( QUESTION2 -1 3.071e+03 2.433e+02 1.642e+02
|                    ( - 1.904e+03 2 0)
|                    ( - 9.236e+02 3 0 QUESTION1 -1 1.196e+02 5.900e+01))
|                ( - 1.754e+03 4 0 QUESTION11 -1 2.118e+02 9.300e+01)))
|        ( - 5.899e+03 2 0 QUESTION0 -1 1.446e+02 2.811e+02)))
s>    ( QUESTION0_12_R 1 3.808e+04 3.086e+03 1.689e+03
s>        ( - 1.300e+04 1 0)
s>        ( WDBNDRY_B 0 2.199e+04 1.473e+03 9.260e+02
s>            ( QUESTION13 -1 1.462e+04 7.720e+02 6.448e+02
s>                ( QUESTION16 -1 8.604e+03 4.680e+02 3.876e+02
s>                    ( - 1.707e+03 3 0 QUESTION2_0_L -1 2.086e+02 8.900e+01)
s>                    ( QUESTION14 -1 6.429e+03 3.124e+02 2.986e+02
s>                        ( - 4.628e+03 2 0)
s>                        ( - 1.489e+03 1 0)))
s>                ( QUESTION2_7_L -1 5.239e+03 4.139e+02 2.572e+02
s>                    ( QUESTION2 -1 3.071e+03 2.433e+02 1.642e+02
s>                        ( - 1.904e+03 2 0)
s>                        ( - 9.236e+02 3 0 QUESTION1 -1 1.196e+02 5.900e+01))
s>                    ( - 1.754e+03 4 0 QUESTION11 -1 2.118e+02 9.300e+01)))
s>            ( - 5.899e+03 2 0 QUESTION0 -1 1.446e+02 2.811e+02)))INFO: dtree.c(1315): Comp split 0
INFO: dtree.c(1478): Final simple tree
|( WDBNDRY_B 0 2.199e+04 1.473e+03 9.260e+02
|    ( QUESTION13 -1 1.462e+04 7.720e+02 6.448e+02
|        ( QUESTION16 -1 8.604e+03 4.680e+02 3.876e+02
|            ( - 1.707e+03 3 0 QUESTION2_0_L -1 2.086e+02 8.900e+01)
|            ( QUESTION14 -1 6.429e+03 3.124e+02 2.986e+02
|                ( - 4.628e+03 2 0)
|                ( - 1.489e+03 1 0)))
|        ( QUESTION2_7_L -1 5.239e+03 4.139e+02 2.572e+02
|            ( QUESTION2 -1 3.071e+03 2.433e+02 1.642e+02
|                ( - 1.904e+03 2 0)
|                ( - 9.236e+02 3 0 QUESTION1 -1 1.196e+02 5.900e+01))
|            ( QUESTION11 -1 1.754e+03 2.118e+02 9.300e+01
|                ( - 8.913e+02 2 0 QUESTION2_11_L -1 1.377e+02 5.200e+01)
|                ( - 6.508e+02 2 0 SILENCE -1 9.172e+01 4.100e+01))))
|    ( - 5.899e+03 2 0 QUESTION0 -1 1.446e+02 2.811e+02))
s>    ( WDBNDRY_B 0 2.199e+04 1.473e+03 9.260e+02
s>        ( QUESTION13 -1 1.462e+04 7.720e+02 6.448e+02
s>            ( QUESTION16 -1 8.604e+03 4.680e+02 3.876e+02
s>                ( - 1.707e+03 3 0 QUESTION2_0_L -1 2.086e+02 8.900e+01)
s>                ( QUESTION14 -1 6.429e+03 3.124e+02 2.986e+02
s>                    ( - 4.628e+03 2 0)
s>                    ( - 1.489e+03 1 0)))
s>            ( QUESTION2_7_L -1 5.239e+03 4.139e+02 2.572e+02
s>                ( QUESTION2 -1 3.071e+03 2.433e+02 1.642e+02
s>                    ( - 1.904e+03 2 0)
s>                    ( - 9.236e+02 3 0 QUESTION1 -1 1.196e+02 5.900e+01))
s>                ( QUESTION11 -1 1.754e+03 2.118e+02 9.300e+01
s>                    ( - 8.913e+02 2 0 QUESTION2_11_L -1 1.377e+02 5.200e+01)
s>                    ( - 6.508e+02 2 0 SILENCE -1 9.172e+01 4.100e+01))))
s>        ( - 5.899e+03 2 0 QUESTION0 -1 1.446e+02 2.811e+02))INFO: dtree.c(1315): Comp split 1
INFO: dtree.c(1478): Final simple tree
|( QUESTION13 -1 1.462e+04 7.720e+02 6.448e+02
|    ( QUESTION16 -1 8.604e+03 4.680e+02 3.876e+02
|        ( QUESTION2_0_L -1 1.707e+03 2.086e+02 8.900e+01
|            ( - 2.674e+02 1 0)
|            ( - 1.231e+03 2 0))
|        ( QUESTION14 -1 6.429e+03 3.124e+02 2.986e+02
|            ( - 4.628e+03 2 0)
|            ( - 1.489e+03 1 0)))
|    ( QUESTION2_7_L -1 5.239e+03 4.139e+02 2.572e+02
|        ( QUESTION2 -1 3.071e+03 2.433e+02 1.642e+02
|            ( - 1.904e+03 2 0)
|            ( - 9.236e+02 3 0 QUESTION1 -1 1.196e+02 5.900e+01))
|        ( QUESTION11 -1 1.754e+03 2.118e+02 9.300e+01
|            ( - 8.913e+02 2 0 QUESTION2_11_L -1 1.377e+02 5.200e+01)
|            ( - 6.508e+02 2 0 SILENCE -1 9.172e+01 4.100e+01))))
s>    ( QUESTION13 -1 1.462e+04 7.720e+02 6.448e+02
s>        ( QUESTION16 -1 8.604e+03 4.680e+02 3.876e+02
s>            ( QUESTION2_0_L -1 1.707e+03 2.086e+02 8.900e+01
s>                ( - 2.674e+02 1 0)
s>                ( - 1.231e+03 2 0))
s>            ( QUESTION14 -1 6.429e+03 3.124e+02 2.986e+02
s>                ( - 4.628e+03 2 0)
s>                ( - 1.489e+03 1 0)))
s>        ( QUESTION2_7_L -1 5.239e+03 4.139e+02 2.572e+02
s>            ( QUESTION2 -1 3.071e+03 2.433e+02 1.642e+02
s>                ( - 1.904e+03 2 0)
s>                ( - 9.236e+02 3 0 QUESTION1 -1 1.196e+02 5.900e+01))
s>            ( QUESTION11 -1 1.754e+03 2.118e+02 9.300e+01
s>                ( - 8.913e+02 2 0 QUESTION2_11_L -1 1.377e+02 5.200e+01)
s>                ( - 6.508e+02 2 0 SILENCE -1 9.172e+01 4.100e+01))))INFO: dtree.c(1439): stop. leaf nodes are specific
INFO: dtree.c(1478): Final simple tree
|( QUESTION0 -1 5.899e+03 1.446e+02 2.811e+02
|    ( - 5.684e+03 1 0)
|    ( - 7.061e+01 1 0))
s>    ( QUESTION0 -1 5.899e+03 1.446e+02 2.811e+02
s>        ( - 5.684e+03 1 0)
s>        ( - 7.061e+01 1 0))INFO: dtree.c(1315): Comp split 2
INFO: dtree.c(1478): Final simple tree
|( QUESTION1 -1 6.836e+03 4.473e+02 3.252e+02
|    ( QUESTION2 -1 2.542e+03 1.888e+02 1.372e+02
|        ( - 1.904e+03 2 0)
|        ( - 4.489e+02 2 0 QUESTION8 -1 8.071e+01 3.200e+01))
|    ( QUESTION2_7_L -1 3.846e+03 3.292e+02 1.880e+02
|        ( QUESTION0 -1 1.763e+03 1.772e+02 9.500e+01
|            ( - 3.551e+02 1 0)
|            ( - 1.231e+03 2 0))
|        ( QUESTION11 -1 1.754e+03 2.118e+02 9.300e+01
|            ( QUESTION2_11_L -1 8.913e+02 1.377e+02 5.200e+01
|                ( - 4.721e+02 1 0)
|                ( - 2.816e+02 1 0))
|            ( SILENCE -1 6.508e+02 9.172e+01 4.100e+01
|                ( - 3.726e+02 1 0)
|                ( - 1.865e+02 1 0)))))
s>    ( QUESTION1 -1 6.836e+03 4.473e+02 3.252e+02
s>        ( QUESTION2 -1 2.542e+03 1.888e+02 1.372e+02
s>            ( - 1.904e+03 2 0)
s>            ( - 4.489e+02 2 0 QUESTION8 -1 8.071e+01 3.200e+01))
s>        ( QUESTION2_7_L -1 3.846e+03 3.292e+02 1.880e+02
s>            ( QUESTION0 -1 1.763e+03 1.772e+02 9.500e+01
s>                ( - 3.551e+02 1 0)
s>                ( - 1.231e+03 2 0))
s>            ( QUESTION11 -1 1.754e+03 2.118e+02 9.300e+01
s>                ( QUESTION2_11_L -1 8.913e+02 1.377e+02 5.200e+01
s>                    ( - 4.721e+02 1 0)
s>                    ( - 2.816e+02 1 0))
s>                ( SILENCE -1 6.508e+02 9.172e+01 4.100e+01
s>                    ( - 3.726e+02 1 0)
s>                    ( - 1.865e+02 1 0)))))INFO: dtree.c(1439): stop. leaf nodes are specific
INFO: dtree.c(1478): Final simple tree
|( QUESTION14 -1 6.914e+03 3.634e+02 3.196e+02
|    ( - 4.628e+03 2 0)
|    ( QUESTION16 -1 1.922e+03 1.658e+02 9.900e+01
|        ( - 2.674e+02 1 0)
|        ( - 1.489e+03 1 0)))
s>    ( QUESTION14 -1 6.914e+03 3.634e+02 3.196e+02
s>        ( - 4.628e+03 2 0)
s>        ( QUESTION16 -1 1.922e+03 1.658e+02 9.900e+01
s>            ( - 2.674e+02 1 0)
s>            ( - 1.489e+03 1 0)))INFO: dtree.c(1315): Comp split 3
INFO: dtree.c(1439): stop. leaf nodes are specific
INFO: dtree.c(1478): Final simple tree
|( QUESTION2_11_L -1 2.714e+03 2.722e+02 1.350e+02
|    ( QUESTION11 -1 7.770e+02 1.185e+02 4.500e+01
|        ( - 4.721e+02 1 0)
|        ( - 1.865e+02 1 0))
|    ( QUESTION0 -1 1.665e+03 1.521e+02 9.000e+01
|        ( - 2.816e+02 1 0)
|        ( - 1.231e+03 2 0)))
s>    ( QUESTION2_11_L -1 2.714e+03 2.722e+02 1.350e+02
s>        ( QUESTION11 -1 7.770e+02 1.185e+02 4.500e+01
s>            ( - 4.721e+02 1 0)
s>            ( - 1.865e+02 1 0))
s>        ( QUESTION0 -1 1.665e+03 1.521e+02 9.000e+01
s>            ( - 2.816e+02 1 0)
s>            ( - 1.231e+03 2 0)))INFO: dtree.c(1439): stop. leaf nodes are specific
INFO: dtree.c(1478): Final simple tree
|( QUESTION2 -1 3.647e+03 3.023e+02 1.902e+02
|    ( - 1.904e+03 2 0)
|    ( QUESTION1 -1 1.441e+03 1.602e+02 8.500e+01
|        ( QUESTION8 -1 4.489e+02 8.071e+01 3.200e+01
|            ( - 2.150e+02 1 0)
|            ( - 1.532e+02 1 0))
|        ( SILENCE -1 8.317e+02 1.040e+02 5.300e+01
|            ( - 3.726e+02 1 0)
|            ( - 3.551e+02 1 0))))
s>    ( QUESTION2 -1 3.647e+03 3.023e+02 1.902e+02
s>        ( - 1.904e+03 2 0)
s>        ( QUESTION1 -1 1.441e+03 1.602e+02 8.500e+01
s>            ( QUESTION8 -1 4.489e+02 8.071e+01 3.200e+01
s>                ( - 2.150e+02 1 0)
s>                ( - 1.532e+02 1 0))
s>            ( SILENCE -1 8.317e+02 1.040e+02 5.300e+01
s>                ( - 3.726e+02 1 0)
s>                ( - 3.551e+02 1 0))))INFO: dtree.c(1315): Comp split 4
INFO: dtree.c(1439): stop. leaf nodes are specific
INFO: dtree.c(1478): Final simple tree
|( QUESTION16 -1 1.922e+03 1.658e+02 9.900e+01
|    ( - 2.674e+02 1 0)
|    ( - 1.489e+03 1 0))
s>    ( QUESTION16 -1 1.922e+03 1.658e+02 9.900e+01
s>        ( - 2.674e+02 1 0)
s>        ( - 1.489e+03 1 0))INFO: dtree.c(1315): Comp split 5
INFO: dtree.c(1439): stop. leaf nodes are specific
INFO: dtree.c(1478): Final simple tree
|( QUESTION1 -1 1.189e+03 1.420e+02 7.100e+01
|    ( - 2.150e+02 1 0)
|    ( SILENCE -1 8.317e+02 1.040e+02 5.300e+01
|        ( - 3.726e+02 1 0)
|        ( - 3.551e+02 1 0)))
s>    ( QUESTION1 -1 1.189e+03 1.420e+02 7.100e+01
s>        ( - 2.150e+02 1 0)
s>        ( SILENCE -1 8.317e+02 1.040e+02 5.300e+01
s>            ( - 3.726e+02 1 0)
s>            ( - 3.551e+02 1 0)))INFO: dtree.c(1439): stop. leaf nodes are specific
INFO: dtree.c(1478): Final simple tree
|( QUESTION2 -1 2.153e+03 9.605e+01 1.192e+02
|    ( - 1.904e+03 2 0)
|    ( - 1.532e+02 1 0))
s>    ( QUESTION2 -1 2.153e+03 9.605e+01 1.192e+02
s>        ( - 1.904e+03 2 0)
s>        ( - 1.532e+02 1 0))INFO: dtree.c(1315): Comp split 6
INFO: dtree.c(1439): stop. leaf nodes are specific
INFO: dtree.c(1478): Final simple tree
|( QUESTION0 -1 1.665e+03 1.521e+02 9.000e+01
|    ( - 2.816e+02 1 0)
|    ( - 1.231e+03 2 0))
s>    ( QUESTION0 -1 1.665e+03 1.521e+02 9.000e+01
s>        ( - 2.816e+02 1 0)
s>        ( - 1.231e+03 2 0))INFO: dtree.c(1439): stop. leaf nodes are specific
INFO: dtree.c(1478): Final simple tree
|( QUESTION11 -1 7.770e+02 1.185e+02 4.500e+01
|    ( - 4.721e+02 1 0)
|    ( - 1.865e+02 1 0))
s>    ( QUESTION11 -1 7.770e+02 1.185e+02 4.500e+01
s>        ( - 4.721e+02 1 0)
s>        ( - 1.865e+02 1 0))INFO: dtree.c(1315): Comp split 7
INFO: dtree.c(1315): Comp split 8
INFO: dtree.c(1315): Comp split 9
INFO: dtree.c(1315): Comp split 10
INFO: dtree.c(1439): stop. leaf nodes are specific
INFO: dtree.c(1478): Final simple tree
|( SILENCE -1 8.317e+02 1.040e+02 5.300e+01
|    ( - 3.726e+02 1 0)
|    ( - 3.551e+02 1 0))
s>    ( SILENCE -1 8.317e+02 1.040e+02 5.300e+01
s>        ( - 3.726e+02 1 0)
s>        ( - 3.551e+02 1 0))INFO: dtree.c(1315): Comp split 11
INFO: dtree.c(1315): Comp split 12
INFO: dtree.c(1315): Comp split 13
INFO: dtree.c(1315): Comp split 14
INFO: dtree.c(1318): stop. leaf nodes are specific
Fri Nov  2 10:08:00 2018
