Current configuration:
[NAME]		[DEFLT]	[VALUE]
-allphones	no	no
-cntthresh	0.00001	1.000000e-05
-csplitmax	100	2000
-csplitmin	1	1
-csplitthr	8e-4	0.000000e+00
-example	no	no
-fullvar	no	no
-help		no	no
-meanfn			
-mixwfn			/home/sdv/Documents/SDV/SDVoice/an4/model_parameters/an4.cd_semi_untied/mixture_weights
-moddeffn		/home/sdv/Documents/SDV/SDVoice/an4/model_architecture/an4.untied.mdef
-mwfloor	1e-4	1.000000e-08
-phone			W
-psetfn			/home/sdv/Documents/SDV/SDVoice/an4/model_architecture/an4.tree_questions
-ssplitmax	5	7
-ssplitmin	1	1
-ssplitthr	8e-4	0.000000e+00
-state			2
-stwt			1.0,0.05,0.0,
-treefn			/home/sdv/Documents/SDV/SDVoice/an4/trees/an4.unpruned/W-2.dtree
-ts2cbfn	.semi.	.semi.
-varfloor	0.00001	1.000000e-05
-varfn			

INFO: main.c(223): Reading: /home/sdv/Documents/SDV/SDVoice/an4/model_architecture/an4.untied.mdef
INFO: model_def_io.c(573): Model definition info:
INFO: model_def_io.c(574): 1618 total models defined (34 base, 1584 tri)
INFO: model_def_io.c(575): 6472 total states
INFO: model_def_io.c(576): 4854 total tied states
INFO: model_def_io.c(577): 102 total tied CI states
INFO: model_def_io.c(578): 34 total tied transition matrices
INFO: model_def_io.c(579): 4 max state/model
INFO: model_def_io.c(580): 4 min state/model
INFO: main.c(242): Building trees for [W AH AY b] through [W UW AY b]
INFO: main.c(269): Covering states |[4671 4724]| == 54
INFO: main.c(275): Reading: /home/sdv/Documents/SDV/SDVoice/an4/model_parameters/an4.cd_semi_untied/mixture_weights
INFO: s3mixw_io.c(173): Read /home/sdv/Documents/SDV/SDVoice/an4/model_parameters/an4.cd_semi_untied/mixture_weights [54x4x256 array]
INFO: main.c(311): 18 of 18 models have observation count greater than 0.000010
INFO: main.c(95): nrm stwt: 0.000 0.048 0.952 
INFO: main.c(411): 18-class entropy: 1.376948e+04
INFO: main.c(549): Reading: /home/sdv/Documents/SDV/SDVoice/an4/model_architecture/an4.tree_questions
INFO: main.c(588): 176 total simple questions (168 phone; 8 word bndry)
INFO: main.c(590): 42 Left Only questions, and 42 Right Only questions
INFO: dtree.c(1478): Final simple tree
|( WDBNDRY_B 0 1.612e+04 7.669e+02 8.505e+02
|    ( QUESTION14 -1 2.607e+03 2.029e+02 1.475e+02
|        ( - 7.130e+02 2 0)
|        ( QUESTION1 -1 1.691e+03 1.747e+02 1.009e+02
|            ( QUESTION2 -1 5.955e+02 7.724e+01 4.196e+01
|                ( - 4.028e+02 2 0)
|                ( - 1.155e+02 2 0 QUESTION8 -1 3.632e+01 1.216e+01))
|            ( QUESTION16 -1 9.211e+02 1.024e+02 5.890e+01
|                ( - 2.890e+02 3 0 QUESTION2_0_L -1 5.435e+01 2.102e+01)
|                ( QUESTION11 -1 5.296e+02 8.013e+01 3.788e+01
|                    ( - 1.280e+02 2 0 QUESTION2_11_L -1 3.937e+01 1.363e+01)
|                    ( - 3.215e+02 4 0 SILENCE -1 5.660e+01 2.424e+01)))))
|    ( QUESTION0_12_R 1 1.275e+04 4.856e+02 7.030e+02
|        ( - 1.067e+04 1 0)
|        ( - 1.589e+03 2 0 QUESTION0 -1 5.567e+01 8.972e+01)))
s>    ( WDBNDRY_B 0 1.612e+04 7.669e+02 8.505e+02
s>        ( QUESTION14 -1 2.607e+03 2.029e+02 1.475e+02
s>            ( - 7.130e+02 2 0)
s>            ( QUESTION1 -1 1.691e+03 1.747e+02 1.009e+02
s>                ( QUESTION2 -1 5.955e+02 7.724e+01 4.196e+01
s>                    ( - 4.028e+02 2 0)
s>                    ( - 1.155e+02 2 0 QUESTION8 -1 3.632e+01 1.216e+01))
s>                ( QUESTION16 -1 9.211e+02 1.024e+02 5.890e+01
s>                    ( - 2.890e+02 3 0 QUESTION2_0_L -1 5.435e+01 2.102e+01)
s>                    ( QUESTION11 -1 5.296e+02 8.013e+01 3.788e+01
s>                        ( - 1.280e+02 2 0 QUESTION2_11_L -1 3.937e+01 1.363e+01)
s>                        ( - 3.215e+02 4 0 SILENCE -1 5.660e+01 2.424e+01)))))
s>        ( QUESTION0_12_R 1 1.275e+04 4.856e+02 7.030e+02
s>            ( - 1.067e+04 1 0)
s>            ( - 1.589e+03 2 0 QUESTION0 -1 5.567e+01 8.972e+01)))INFO: dtree.c(1315): Comp split 0
INFO: dtree.c(1478): Final simple tree
|( QUESTION14 -1 2.607e+03 2.029e+02 1.475e+02
|    ( - 7.130e+02 2 0)
|    ( QUESTION1 -1 1.691e+03 1.747e+02 1.009e+02
|        ( QUESTION2 -1 5.955e+02 7.724e+01 4.196e+01
|            ( - 4.028e+02 2 0)
|            ( - 1.155e+02 2 0 QUESTION8 -1 3.632e+01 1.216e+01))
|        ( QUESTION16 -1 9.211e+02 1.024e+02 5.890e+01
|            ( QUESTION2_0_L -1 2.890e+02 5.435e+01 2.102e+01
|                ( - 6.294e+01 1 0)
|                ( - 1.717e+02 2 0))
|            ( QUESTION11 -1 5.296e+02 8.013e+01 3.788e+01
|                ( - 1.280e+02 2 0 QUESTION2_11_L -1 3.937e+01 1.363e+01)
|                ( SILENCE -1 3.215e+02 5.660e+01 2.424e+01
|                    ( - 1.008e+02 1 0)
|                    ( - 1.641e+02 3 0 QUESTION0 -1 3.126e+01 1.424e+01))))))
s>    ( QUESTION14 -1 2.607e+03 2.029e+02 1.475e+02
s>        ( - 7.130e+02 2 0)
s>        ( QUESTION1 -1 1.691e+03 1.747e+02 1.009e+02
s>            ( QUESTION2 -1 5.955e+02 7.724e+01 4.196e+01
s>                ( - 4.028e+02 2 0)
s>                ( - 1.155e+02 2 0 QUESTION8 -1 3.632e+01 1.216e+01))
s>            ( QUESTION16 -1 9.211e+02 1.024e+02 5.890e+01
s>                ( QUESTION2_0_L -1 2.890e+02 5.435e+01 2.102e+01
s>                    ( - 6.294e+01 1 0)
s>                    ( - 1.717e+02 2 0))
s>                ( QUESTION11 -1 5.296e+02 8.013e+01 3.788e+01
s>                    ( - 1.280e+02 2 0 QUESTION2_11_L -1 3.937e+01 1.363e+01)
s>                    ( SILENCE -1 3.215e+02 5.660e+01 2.424e+01
s>                        ( - 1.008e+02 1 0)
s>                        ( - 1.641e+02 3 0 QUESTION0 -1 3.126e+01 1.424e+01))))))INFO: dtree.c(1439): stop. leaf nodes are specific
INFO: dtree.c(1478): Final simple tree
|( QUESTION0_12_R 1 1.275e+04 4.856e+02 7.030e+02
|    ( - 1.067e+04 1 0)
|    ( QUESTION0 -1 1.589e+03 5.567e+01 8.972e+01
|        ( - 1.513e+03 1 0)
|        ( - 1.990e+01 1 0)))
s>    ( QUESTION0_12_R 1 1.275e+04 4.856e+02 7.030e+02
s>        ( - 1.067e+04 1 0)
s>        ( QUESTION0 -1 1.589e+03 5.567e+01 8.972e+01
s>            ( - 1.513e+03 1 0)
s>            ( - 1.990e+01 1 0)))INFO: dtree.c(1315): Comp split 1
INFO: dtree.c(1439): stop. leaf nodes are specific
INFO: dtree.c(1478): Final simple tree
|( QUESTION0 -1 1.589e+03 5.567e+01 8.972e+01
|    ( - 1.513e+03 1 0)
|    ( - 1.990e+01 1 0))
s>    ( QUESTION0 -1 1.589e+03 5.567e+01 8.972e+01
s>        ( - 1.513e+03 1 0)
s>        ( - 1.990e+01 1 0))INFO: dtree.c(1315): Comp split 2
INFO: dtree.c(1478): Final simple tree
|( QUESTION1 -1 1.198e+03 1.395e+02 7.468e+01
|    ( - 4.028e+02 2 0)
|    ( QUESTION11 -1 6.558e+02 9.026e+01 4.488e+01
|        ( QUESTION2_11_L -1 1.280e+02 3.937e+01 1.363e+01
|            ( - 6.912e+01 1 0)
|            ( - 1.952e+01 1 0))
|        ( QUESTION13 -1 4.375e+02 6.469e+01 3.124e+01
|            ( QUESTION16 -1 1.675e+02 3.880e+01 1.429e+01
|                ( - 6.294e+01 1 0)
|                ( - 6.578e+01 1 0))
|            ( QUESTION2_7_L -1 2.053e+02 4.331e+01 1.695e+01
|                ( - 4.061e+01 1 0)
|                ( SILENCE -1 1.214e+02 1.590e+01 1.200e+01
|                    ( - 1.008e+02 1 0)
|                    ( - 4.667e+00 1 0))))))
s>    ( QUESTION1 -1 1.198e+03 1.395e+02 7.468e+01
s>        ( - 4.028e+02 2 0)
s>        ( QUESTION11 -1 6.558e+02 9.026e+01 4.488e+01
s>            ( QUESTION2_11_L -1 1.280e+02 3.937e+01 1.363e+01
s>                ( - 6.912e+01 1 0)
s>                ( - 1.952e+01 1 0))
s>            ( QUESTION13 -1 4.375e+02 6.469e+01 3.124e+01
s>                ( QUESTION16 -1 1.675e+02 3.880e+01 1.429e+01
s>                    ( - 6.294e+01 1 0)
s>                    ( - 6.578e+01 1 0))
s>                ( QUESTION2_7_L -1 2.053e+02 4.331e+01 1.695e+01
s>                    ( - 4.061e+01 1 0)
s>                    ( SILENCE -1 1.214e+02 1.590e+01 1.200e+01
s>                        ( - 1.008e+02 1 0)
s>                        ( - 4.667e+00 1 0))))))INFO: dtree.c(1439): stop. leaf nodes are specific
INFO: dtree.c(1478): Final simple tree
|( QUESTION14 -1 1.184e+03 1.212e+02 7.284e+01
|    ( - 7.130e+02 2 0)
|    ( QUESTION0 -1 3.498e+02 6.264e+01 2.618e+01
|        ( QUESTION8 -1 1.155e+02 3.632e+01 1.216e+01
|            ( - 3.653e+01 1 0)
|            ( - 4.262e+01 1 0))
|        ( - 1.717e+02 2 0)))
s>    ( QUESTION14 -1 1.184e+03 1.212e+02 7.284e+01
s>        ( - 7.130e+02 2 0)
s>        ( QUESTION0 -1 3.498e+02 6.264e+01 2.618e+01
s>            ( QUESTION8 -1 1.155e+02 3.632e+01 1.216e+01
s>                ( - 3.653e+01 1 0)
s>                ( - 4.262e+01 1 0))
s>            ( - 1.717e+02 2 0)))INFO: dtree.c(1315): Comp split 3
INFO: dtree.c(1439): stop. leaf nodes are specific
INFO: dtree.c(1478): Final simple tree
|( QUESTION13 -1 5.154e+02 7.007e+01 3.636e+01
|    ( QUESTION16 -1 1.675e+02 3.880e+01 1.429e+01
|        ( - 6.294e+01 1 0)
|        ( - 6.578e+01 1 0))
|    ( SILENCE -1 2.778e+02 5.689e+01 2.207e+01
|        ( - 1.008e+02 1 0)
|        ( QUESTION11 -1 1.201e+02 3.360e+01 1.207e+01
|            ( - 1.952e+01 1 0)
|            ( QUESTION2_7_L -1 6.702e+01 2.175e+01 6.951e+00
|                ( - 4.061e+01 1 0)
|                ( - 4.667e+00 1 0)))))
s>    ( QUESTION13 -1 5.154e+02 7.007e+01 3.636e+01
s>        ( QUESTION16 -1 1.675e+02 3.880e+01 1.429e+01
s>            ( - 6.294e+01 1 0)
s>            ( - 6.578e+01 1 0))
s>        ( SILENCE -1 2.778e+02 5.689e+01 2.207e+01
s>            ( - 1.008e+02 1 0)
s>            ( QUESTION11 -1 1.201e+02 3.360e+01 1.207e+01
s>                ( - 1.952e+01 1 0)
s>                ( QUESTION2_7_L -1 6.702e+01 2.175e+01 6.951e+00
s>                    ( - 4.061e+01 1 0)
s>                    ( - 4.667e+00 1 0)))))INFO: dtree.c(1439): stop. leaf nodes are specific
INFO: dtree.c(1478): Final simple tree
|( QUESTION1 -1 5.341e+02 6.221e+01 3.832e+01
|    ( - 4.028e+02 2 0)
|    ( - 6.912e+01 1 0))
s>    ( QUESTION1 -1 5.341e+02 6.221e+01 3.832e+01
s>        ( - 4.028e+02 2 0)
s>        ( - 6.912e+01 1 0))INFO: dtree.c(1315): Comp split 4
INFO: dtree.c(1439): stop. leaf nodes are specific
INFO: dtree.c(1478): Final simple tree
|( QUESTION0 -1 3.498e+02 6.264e+01 2.618e+01
|    ( QUESTION8 -1 1.155e+02 3.632e+01 1.216e+01
|        ( - 3.653e+01 1 0)
|        ( - 4.262e+01 1 0))
|    ( - 1.717e+02 2 0))
s>    ( QUESTION0 -1 3.498e+02 6.264e+01 2.618e+01
s>        ( QUESTION8 -1 1.155e+02 3.632e+01 1.216e+01
s>            ( - 3.653e+01 1 0)
s>            ( - 4.262e+01 1 0))
s>        ( - 1.717e+02 2 0))INFO: dtree.c(1315): Comp split 5
INFO: dtree.c(1439): stop. leaf nodes are specific
INFO: dtree.c(1478): Final simple tree
|( QUESTION0 -1 1.899e+02 3.753e+01 1.736e+01
|    ( QUESTION11 -1 8.654e+01 2.641e+01 1.007e+01
|        ( - 1.952e+01 1 0)
|        ( - 4.061e+01 1 0))
|    ( - 6.578e+01 1 0))
s>    ( QUESTION0 -1 1.899e+02 3.753e+01 1.736e+01
s>        ( QUESTION11 -1 8.654e+01 2.641e+01 1.007e+01
s>            ( - 1.952e+01 1 0)
s>            ( - 4.061e+01 1 0))
s>        ( - 6.578e+01 1 0))INFO: dtree.c(1439): stop. leaf nodes are specific
INFO: dtree.c(1478): Final simple tree
|( QUESTION13 -1 2.312e+02 4.689e+01 1.900e+01
|    ( - 6.294e+01 1 0)
|    ( SILENCE -1 1.214e+02 1.590e+01 1.200e+01
|        ( - 1.008e+02 1 0)
|        ( - 4.667e+00 1 0)))
s>    ( QUESTION13 -1 2.312e+02 4.689e+01 1.900e+01
s>        ( - 6.294e+01 1 0)
s>        ( SILENCE -1 1.214e+02 1.590e+01 1.200e+01
s>            ( - 1.008e+02 1 0)
s>            ( - 4.667e+00 1 0)))INFO: dtree.c(1315): Comp split 6
INFO: dtree.c(1439): stop. leaf nodes are specific
INFO: dtree.c(1478): Final simple tree
|( QUESTION8 -1 1.155e+02 3.632e+01 1.216e+01
|    ( - 3.653e+01 1 0)
|    ( - 4.262e+01 1 0))
s>    ( QUESTION8 -1 1.155e+02 3.632e+01 1.216e+01
s>        ( - 3.653e+01 1 0)
s>        ( - 4.262e+01 1 0))INFO: dtree.c(1315): Comp split 7
INFO: dtree.c(1315): Comp split 8
INFO: dtree.c(1315): Comp split 9
INFO: dtree.c(1439): stop. leaf nodes are specific
INFO: dtree.c(1478): Final simple tree
|( SILENCE -1 1.214e+02 1.590e+01 1.200e+01
|    ( - 1.008e+02 1 0)
|    ( - 4.667e+00 1 0))
s>    ( SILENCE -1 1.214e+02 1.590e+01 1.200e+01
s>        ( - 1.008e+02 1 0)
s>        ( - 4.667e+00 1 0))INFO: dtree.c(1315): Comp split 10
INFO: dtree.c(1439): stop. leaf nodes are specific
INFO: dtree.c(1478): Final simple tree
|( QUESTION11 -1 8.654e+01 2.641e+01 1.007e+01
|    ( - 1.952e+01 1 0)
|    ( - 4.061e+01 1 0))
s>    ( QUESTION11 -1 8.654e+01 2.641e+01 1.007e+01
s>        ( - 1.952e+01 1 0)
s>        ( - 4.061e+01 1 0))INFO: dtree.c(1315): Comp split 11
INFO: dtree.c(1315): Comp split 12
INFO: dtree.c(1315): Comp split 13
INFO: dtree.c(1315): Comp split 14
INFO: dtree.c(1318): stop. leaf nodes are specific
Fri Nov  2 10:08:00 2018
