Current configuration:
[NAME]		[DEFLT]	[VALUE]
-allphones	no	no
-cntthresh	0.00001	1.000000e-05
-csplitmax	100	2000
-csplitmin	1	1
-csplitthr	8e-4	0.000000e+00
-example	no	no
-fullvar	no	no
-help		no	no
-meanfn			
-mixwfn			/home/sdv/Documents/SDV/SDVoice/an4/model_parameters/an4.cd_semi_untied/mixture_weights
-moddeffn		/home/sdv/Documents/SDV/SDVoice/an4/model_architecture/an4.untied.mdef
-mwfloor	1e-4	1.000000e-08
-phone			B
-psetfn			/home/sdv/Documents/SDV/SDVoice/an4/model_architecture/an4.tree_questions
-ssplitmax	5	7
-ssplitmin	1	1
-ssplitthr	8e-4	0.000000e+00
-state			0
-stwt			1.0,0.05,0.0,
-treefn			/home/sdv/Documents/SDV/SDVoice/an4/trees/an4.unpruned/B-0.dtree
-ts2cbfn	.semi.	.semi.
-varfloor	0.00001	1.000000e-05
-varfn			

INFO: main.c(223): Reading: /home/sdv/Documents/SDV/SDVoice/an4/model_architecture/an4.untied.mdef
INFO: model_def_io.c(573): Model definition info:
INFO: model_def_io.c(574): 1618 total models defined (34 base, 1584 tri)
INFO: model_def_io.c(575): 6472 total states
INFO: model_def_io.c(576): 4854 total tied states
INFO: model_def_io.c(577): 102 total tied CI states
INFO: model_def_io.c(578): 34 total tied transition matrices
INFO: model_def_io.c(579): 4 max state/model
INFO: model_def_io.c(580): 4 min state/model
INFO: main.c(242): Building trees for [B AH AH i] through [B UW IY b]
INFO: main.c(269): Covering states |[735 788]| == 54
INFO: main.c(275): Reading: /home/sdv/Documents/SDV/SDVoice/an4/model_parameters/an4.cd_semi_untied/mixture_weights
INFO: s3mixw_io.c(173): Read /home/sdv/Documents/SDV/SDVoice/an4/model_parameters/an4.cd_semi_untied/mixture_weights [54x4x256 array]
INFO: main.c(311): 18 of 18 models have observation count greater than 0.000010
INFO: main.c(95): nrm stwt: 0.952 0.048 0.000 
INFO: main.c(411): 18-class entropy: 2.871232e+04
INFO: main.c(549): Reading: /home/sdv/Documents/SDV/SDVoice/an4/model_architecture/an4.tree_questions
INFO: main.c(588): 176 total simple questions (168 phone; 8 word bndry)
INFO: main.c(590): 42 Left Only questions, and 42 Right Only questions
INFO: dtree.c(1478): Final simple tree
|( WDBNDRY_B 0 3.469e+04 1.351e+03 1.401e+03
|    ( QUESTION10 -1 2.285e+04 8.196e+02 9.656e+02
|        ( QUESTION2_11_L -1 1.488e+04 3.885e+02 6.556e+02
|            ( - 1.346e+04 1 0)
|            ( - 1.034e+03 2 0 QUESTION11 -1 1.700e+02 5.600e+01))
|        ( QUESTION2_6_L -1 7.150e+03 5.400e+02 3.099e+02
|            ( QUESTION0 -1 4.012e+03 3.696e+02 1.870e+02
|                ( - 1.938e+03 4 0 QUESTION2 -1 2.229e+02 9.800e+01)
|                ( - 1.704e+03 3 0 QUESTION14 -1 1.638e+02 8.904e+01))
|            ( SILENCE -1 2.599e+03 3.365e+02 1.229e+02
|                ( - 1.488e+03 1 0)
|                ( - 7.746e+02 2 0 QUESTION16 -1 8.687e+01 4.600e+01))))
|    ( QUESTION0_0_R 1 1.049e+04 8.864e+02 4.357e+02
|        ( - 1.616e+03 1 0)
|        ( - 7.989e+03 4 0 QUESTION19 -1 2.728e+02 3.331e+02)))
s>    ( WDBNDRY_B 0 3.469e+04 1.351e+03 1.401e+03
s>        ( QUESTION10 -1 2.285e+04 8.196e+02 9.656e+02
s>            ( QUESTION2_11_L -1 1.488e+04 3.885e+02 6.556e+02
s>                ( - 1.346e+04 1 0)
s>                ( - 1.034e+03 2 0 QUESTION11 -1 1.700e+02 5.600e+01))
s>            ( QUESTION2_6_L -1 7.150e+03 5.400e+02 3.099e+02
s>                ( QUESTION0 -1 4.012e+03 3.696e+02 1.870e+02
s>                    ( - 1.938e+03 4 0 QUESTION2 -1 2.229e+02 9.800e+01)
s>                    ( - 1.704e+03 3 0 QUESTION14 -1 1.638e+02 8.904e+01))
s>                ( SILENCE -1 2.599e+03 3.365e+02 1.229e+02
s>                    ( - 1.488e+03 1 0)
s>                    ( - 7.746e+02 2 0 QUESTION16 -1 8.687e+01 4.600e+01))))
s>        ( QUESTION0_0_R 1 1.049e+04 8.864e+02 4.357e+02
s>            ( - 1.616e+03 1 0)
s>            ( - 7.989e+03 4 0 QUESTION19 -1 2.728e+02 3.331e+02)))INFO: dtree.c(1315): Comp split 0
INFO: dtree.c(1439): stop. leaf nodes are specific
INFO: dtree.c(1478): Final simple tree
|( QUESTION0_1_R 1 1.168e+04 9.127e+02 4.817e+02
|    ( - 1.616e+03 1 0)
|    ( QUESTION19 -1 9.154e+03 4.678e+02 3.791e+02
|        ( WDBNDRY_B 0 7.710e+03 1.201e+02 3.259e+02
|            ( - 5.995e+01 1 0)
|            ( - 7.530e+03 1 0))
|        ( WDBNDRY_B 0 9.772e+02 1.625e+02 5.324e+01
|            ( - 6.278e+02 1 0)
|            ( QUESTION0 -1 1.869e+02 5.162e+01 1.424e+01
|                ( - 7.654e+01 1 0)
|                ( QUESTION16 -1 5.873e+01 2.382e+01 6.000e+00
|                    ( - 2.023e+01 1 0)
|                    ( - 1.469e+01 1 0))))))
s>    ( QUESTION0_1_R 1 1.168e+04 9.127e+02 4.817e+02
s>        ( - 1.616e+03 1 0)
s>        ( QUESTION19 -1 9.154e+03 4.678e+02 3.791e+02
s>            ( WDBNDRY_B 0 7.710e+03 1.201e+02 3.259e+02
s>                ( - 5.995e+01 1 0)
s>                ( - 7.530e+03 1 0))
s>            ( WDBNDRY_B 0 9.772e+02 1.625e+02 5.324e+01
s>                ( - 6.278e+02 1 0)
s>                ( QUESTION0 -1 1.869e+02 5.162e+01 1.424e+01
s>                    ( - 7.654e+01 1 0)
s>                    ( QUESTION16 -1 5.873e+01 2.382e+01 6.000e+00
s>                        ( - 2.023e+01 1 0)
s>                        ( - 1.469e+01 1 0))))))INFO: dtree.c(1478): Final simple tree
|( QUESTION2_11_L -1 2.163e+04 7.774e+02 9.196e+02
|    ( - 1.346e+04 1 0)
|    ( QUESTION2_9_L -1 7.395e+03 5.256e+02 3.199e+02
|        ( QUESTION2 -1 3.143e+03 3.233e+02 1.490e+02
|            ( - 1.267e+03 2 0)
|            ( QUESTION1 -1 1.553e+03 2.010e+02 7.900e+01
|                ( - 4.484e+02 2 0 QUESTION8 -1 5.445e+01 2.800e+01)
|                ( QUESTION0 -1 9.031e+02 1.359e+02 5.100e+01
|                    ( - 4.577e+02 1 0)
|                    ( - 3.095e+02 1 0))))
|        ( QUESTION13 -1 3.727e+03 3.722e+02 1.709e+02
|            ( - 1.230e+03 2 0)
|            ( SILENCE -1 2.124e+03 2.303e+02 1.039e+02
|                ( - 1.488e+03 1 0)
|                ( - 4.064e+02 1 0)))))
s>    ( QUESTION2_11_L -1 2.163e+04 7.774e+02 9.196e+02
s>        ( - 1.346e+04 1 0)
s>        ( QUESTION2_9_L -1 7.395e+03 5.256e+02 3.199e+02
s>            ( QUESTION2 -1 3.143e+03 3.233e+02 1.490e+02
s>                ( - 1.267e+03 2 0)
s>                ( QUESTION1 -1 1.553e+03 2.010e+02 7.900e+01
s>                    ( - 4.484e+02 2 0 QUESTION8 -1 5.445e+01 2.800e+01)
s>                    ( QUESTION0 -1 9.031e+02 1.359e+02 5.100e+01
s>                        ( - 4.577e+02 1 0)
s>                        ( - 3.095e+02 1 0))))
s>            ( QUESTION13 -1 3.727e+03 3.722e+02 1.709e+02
s>                ( - 1.230e+03 2 0)
s>                ( SILENCE -1 2.124e+03 2.303e+02 1.039e+02
s>                    ( - 1.488e+03 1 0)
s>                    ( - 4.064e+02 1 0)))))INFO: dtree.c(1315): Comp split 1
INFO: dtree.c(1439): stop. leaf nodes are specific
INFO: dtree.c(1478): Final simple tree
|( QUESTION0_0_R 1 1.972e+03 1.691e+02 1.168e+02
|    ( - 1.616e+03 1 0)
|    ( QUESTION0 -1 1.869e+02 5.162e+01 1.424e+01
|        ( - 7.654e+01 1 0)
|        ( QUESTION16 -1 5.873e+01 2.382e+01 6.000e+00
|            ( - 2.023e+01 1 0)
|            ( - 1.469e+01 1 0))))
s>    ( QUESTION0_0_R 1 1.972e+03 1.691e+02 1.168e+02
s>        ( - 1.616e+03 1 0)
s>        ( QUESTION0 -1 1.869e+02 5.162e+01 1.424e+01
s>            ( - 7.654e+01 1 0)
s>            ( QUESTION16 -1 5.873e+01 2.382e+01 6.000e+00
s>                ( - 2.023e+01 1 0)
s>                ( - 1.469e+01 1 0))))INFO: dtree.c(1439): stop. leaf nodes are specific
INFO: dtree.c(1478): Final simple tree
|( WDBNDRY_B 0 8.689e+03 3.853e+02 3.649e+02
|    ( QUESTION16 -1 7.746e+02 8.687e+01 4.600e+01
|        ( - 6.278e+02 1 0)
|        ( - 5.995e+01 1 0))
|    ( - 7.530e+03 1 0))
s>    ( WDBNDRY_B 0 8.689e+03 3.853e+02 3.649e+02
s>        ( QUESTION16 -1 7.746e+02 8.687e+01 4.600e+01
s>            ( - 6.278e+02 1 0)
s>            ( - 5.995e+01 1 0))
s>        ( - 7.530e+03 1 0))INFO: dtree.c(1315): Comp split 2
INFO: dtree.c(1439): stop. leaf nodes are specific
INFO: dtree.c(1478): Final simple tree
|( QUESTION11 -1 1.418e+04 2.640e+02 6.286e+02
|    ( - 1.346e+04 1 0)
|    ( - 4.577e+02 1 0))
s>    ( QUESTION11 -1 1.418e+04 2.640e+02 6.286e+02
s>        ( - 1.346e+04 1 0)
s>        ( - 4.577e+02 1 0))INFO: dtree.c(1439): stop. leaf nodes are specific
INFO: dtree.c(1478): Final simple tree
|( QUESTION2_7_L -1 6.663e+03 5.270e+02 2.909e+02
|    ( QUESTION0 -1 4.012e+03 3.696e+02 1.870e+02
|        ( QUESTION2 -1 1.938e+03 2.229e+02 9.800e+01
|            ( - 1.267e+03 2 0)
|            ( QUESTION8 -1 4.484e+02 5.445e+01 2.800e+01
|                ( - 1.600e+01 1 0)
|                ( - 3.780e+02 1 0)))
|        ( QUESTION14 -1 1.704e+03 1.638e+02 8.904e+01
|            ( - 1.230e+03 2 0)
|            ( - 3.095e+02 1 0)))
|    ( SILENCE -1 2.124e+03 2.303e+02 1.039e+02
|        ( - 1.488e+03 1 0)
|        ( - 4.064e+02 1 0)))
s>    ( QUESTION2_7_L -1 6.663e+03 5.270e+02 2.909e+02
s>        ( QUESTION0 -1 4.012e+03 3.696e+02 1.870e+02
s>            ( QUESTION2 -1 1.938e+03 2.229e+02 9.800e+01
s>                ( - 1.267e+03 2 0)
s>                ( QUESTION8 -1 4.484e+02 5.445e+01 2.800e+01
s>                    ( - 1.600e+01 1 0)
s>                    ( - 3.780e+02 1 0)))
s>            ( QUESTION14 -1 1.704e+03 1.638e+02 8.904e+01
s>                ( - 1.230e+03 2 0)
s>                ( - 3.095e+02 1 0)))
s>        ( SILENCE -1 2.124e+03 2.303e+02 1.039e+02
s>            ( - 1.488e+03 1 0)
s>            ( - 4.064e+02 1 0)))INFO: dtree.c(1315): Comp split 3
INFO: dtree.c(1439): stop. leaf nodes are specific
INFO: dtree.c(1478): Final simple tree
|( SILENCE -1 2.207e+03 2.473e+02 1.069e+02
|    ( - 1.488e+03 1 0)
|    ( QUESTION1 -1 4.722e+02 4.979e+01 3.000e+01
|        ( - 1.600e+01 1 0)
|        ( - 4.064e+02 1 0)))
s>    ( SILENCE -1 2.207e+03 2.473e+02 1.069e+02
s>        ( - 1.488e+03 1 0)
s>        ( QUESTION1 -1 4.722e+02 4.979e+01 3.000e+01
s>            ( - 1.600e+01 1 0)
s>            ( - 4.064e+02 1 0)))INFO: dtree.c(1439): stop. leaf nodes are specific
INFO: dtree.c(1478): Final simple tree
|( QUESTION0 -1 3.925e+03 3.674e+02 1.840e+02
|    ( QUESTION2 -1 1.854e+03 2.089e+02 9.500e+01
|        ( - 1.267e+03 2 0)
|        ( - 3.780e+02 1 0))
|    ( QUESTION14 -1 1.704e+03 1.638e+02 8.904e+01
|        ( - 1.230e+03 2 0)
|        ( - 3.095e+02 1 0)))
s>    ( QUESTION0 -1 3.925e+03 3.674e+02 1.840e+02
s>        ( QUESTION2 -1 1.854e+03 2.089e+02 9.500e+01
s>            ( - 1.267e+03 2 0)
s>            ( - 3.780e+02 1 0))
s>        ( QUESTION14 -1 1.704e+03 1.638e+02 8.904e+01
s>            ( - 1.230e+03 2 0)
s>            ( - 3.095e+02 1 0)))INFO: dtree.c(1315): Comp split 4
INFO: dtree.c(1439): stop. leaf nodes are specific
INFO: dtree.c(1478): Final simple tree
|( QUESTION16 -1 7.746e+02 8.687e+01 4.600e+01
|    ( - 6.278e+02 1 0)
|    ( - 5.995e+01 1 0))
s>    ( QUESTION16 -1 7.746e+02 8.687e+01 4.600e+01
s>        ( - 6.278e+02 1 0)
s>        ( - 5.995e+01 1 0))INFO: dtree.c(1315): Comp split 5
INFO: dtree.c(1439): stop. leaf nodes are specific
INFO: dtree.c(1478): Final simple tree
|( QUESTION0 -1 1.816e+03 2.078e+02 9.204e+01
|    ( - 3.780e+02 1 0)
|    ( - 1.230e+03 2 0))
s>    ( QUESTION0 -1 1.816e+03 2.078e+02 9.204e+01
s>        ( - 3.780e+02 1 0)
s>        ( - 1.230e+03 2 0))INFO: dtree.c(1439): stop. leaf nodes are specific
INFO: dtree.c(1478): Final simple tree
|( QUESTION0 -1 1.736e+03 1.591e+02 9.200e+01
|    ( - 1.267e+03 2 0)
|    ( - 3.095e+02 1 0))
s>    ( QUESTION0 -1 1.736e+03 1.591e+02 9.200e+01
s>        ( - 1.267e+03 2 0)
s>        ( - 3.095e+02 1 0))INFO: dtree.c(1315): Comp split 6
INFO: dtree.c(1315): Comp split 7
INFO: dtree.c(1439): stop. leaf nodes are specific
INFO: dtree.c(1478): Final simple tree
|( QUESTION1 -1 4.722e+02 4.979e+01 3.000e+01
|    ( - 1.600e+01 1 0)
|    ( - 4.064e+02 1 0))
s>    ( QUESTION1 -1 4.722e+02 4.979e+01 3.000e+01
s>        ( - 1.600e+01 1 0)
s>        ( - 4.064e+02 1 0))INFO: dtree.c(1315): Comp split 8
INFO: dtree.c(1315): Comp split 9
INFO: dtree.c(1439): stop. leaf nodes are specific
INFO: dtree.c(1478): Final simple tree
|( QUESTION0 -1 1.869e+02 5.162e+01 1.424e+01
|    ( - 7.654e+01 1 0)
|    ( QUESTION16 -1 5.873e+01 2.382e+01 6.000e+00
|        ( - 2.023e+01 1 0)
|        ( - 1.469e+01 1 0)))
s>    ( QUESTION0 -1 1.869e+02 5.162e+01 1.424e+01
s>        ( - 7.654e+01 1 0)
s>        ( QUESTION16 -1 5.873e+01 2.382e+01 6.000e+00
s>            ( - 2.023e+01 1 0)
s>            ( - 1.469e+01 1 0)))INFO: dtree.c(1315): Comp split 10
INFO: dtree.c(1315): Comp split 11
INFO: dtree.c(1315): Comp split 12
INFO: dtree.c(1439): stop. leaf nodes are specific
INFO: dtree.c(1478): Final simple tree
|( QUESTION16 -1 5.873e+01 2.382e+01 6.000e+00
|    ( - 2.023e+01 1 0)
|    ( - 1.469e+01 1 0))
s>    ( QUESTION16 -1 5.873e+01 2.382e+01 6.000e+00
s>        ( - 2.023e+01 1 0)
s>        ( - 1.469e+01 1 0))INFO: dtree.c(1315): Comp split 13
INFO: dtree.c(1315): Comp split 14
INFO: dtree.c(1315): Comp split 15
INFO: dtree.c(1318): stop. leaf nodes are specific
Fri Nov  2 10:06:17 2018
