Current configuration:
[NAME]		[DEFLT]	[VALUE]
-allphones	no	no
-cntthresh	0.00001	1.000000e-05
-csplitmax	100	2000
-csplitmin	1	1
-csplitthr	8e-4	0.000000e+00
-example	no	no
-fullvar	no	no
-help		no	no
-meanfn			
-mixwfn			/home/sdv/Documents/SDV/SDVoice/an4/model_parameters/an4.cd_semi_untied/mixture_weights
-moddeffn		/home/sdv/Documents/SDV/SDVoice/an4/model_architecture/an4.untied.mdef
-mwfloor	1e-4	1.000000e-08
-phone			N
-psetfn			/home/sdv/Documents/SDV/SDVoice/an4/model_architecture/an4.tree_questions
-ssplitmax	5	7
-ssplitmin	1	1
-ssplitthr	8e-4	0.000000e+00
-state			0
-stwt			1.0,0.05,0.0,
-treefn			/home/sdv/Documents/SDV/SDVoice/an4/trees/an4.unpruned/N-0.dtree
-ts2cbfn	.semi.	.semi.
-varfloor	0.00001	1.000000e-05
-varfn			

INFO: main.c(223): Reading: /home/sdv/Documents/SDV/SDVoice/an4/model_architecture/an4.untied.mdef
INFO: model_def_io.c(573): Model definition info:
INFO: model_def_io.c(574): 1618 total models defined (34 base, 1584 tri)
INFO: model_def_io.c(575): 6472 total states
INFO: model_def_io.c(576): 4854 total tied states
INFO: model_def_io.c(577): 102 total tied CI states
INFO: model_def_io.c(578): 34 total tied transition matrices
INFO: model_def_io.c(579): 4 max state/model
INFO: model_def_io.c(580): 4 min state/model
INFO: main.c(242): Building trees for [N AE D i] through [N V AY b]
INFO: main.c(269): Covering states |[2973 3224]| == 252
INFO: main.c(275): Reading: /home/sdv/Documents/SDV/SDVoice/an4/model_parameters/an4.cd_semi_untied/mixture_weights
INFO: s3mixw_io.c(173): Read /home/sdv/Documents/SDV/SDVoice/an4/model_parameters/an4.cd_semi_untied/mixture_weights [252x4x256 array]
INFO: main.c(311): 84 of 84 models have observation count greater than 0.000010
INFO: main.c(95): nrm stwt: 0.952 0.048 0.000 
INFO: main.c(411): 84-class entropy: 5.394073e+04
INFO: main.c(549): Reading: /home/sdv/Documents/SDV/SDVoice/an4/model_architecture/an4.tree_questions
INFO: main.c(588): 176 total simple questions (168 phone; 8 word bndry)
INFO: main.c(590): 42 Left Only questions, and 42 Right Only questions
INFO: dtree.c(1478): Final simple tree
|( QUESTION19 -1 7.669e+04 2.677e+03 3.003e+03
|    ( SILENCE 1 2.299e+04 8.552e+02 9.833e+02
|        ( - 6.024e+03 1 0)
|        ( - 1.611e+04 18 0 QUESTION11 1 5.619e+02 7.130e+02))
|    ( QUESTION2_0_L -1 5.103e+04 2.300e+03 2.019e+03
|        ( WDBNDRY_E 0 3.823e+04 1.314e+03 1.598e+03
|            ( QUESTION16 -1 2.826e+04 1.034e+03 1.194e+03
|                ( - 8.943e+03 12 0 SILENCE 1 5.516e+02 4.052e+02)
|                ( - 1.829e+04 21 0 SILENCE 1 6.541e+02 7.888e+02))
|            ( QUESTION0_11_R 1 8.648e+03 6.911e+02 4.043e+02
|                ( - 3.982e+03 1 0)
|                ( - 3.975e+03 5 0 QUESTION0_16_R 1 4.171e+02 1.901e+02)))
|        ( QUESTION13 -1 1.050e+04 9.212e+02 4.210e+02
|            ( - 5.061e+03 13 0 QUESTION15 1 3.984e+02 2.369e+02)
|            ( - 4.516e+03 13 0 QUESTION1 -1 4.562e+02 1.841e+02))))
s>    ( QUESTION19 -1 7.669e+04 2.677e+03 3.003e+03
s>        ( SILENCE 1 2.299e+04 8.552e+02 9.833e+02
s>            ( - 6.024e+03 1 0)
s>            ( - 1.611e+04 18 0 QUESTION11 1 5.619e+02 7.130e+02))
s>        ( QUESTION2_0_L -1 5.103e+04 2.300e+03 2.019e+03
s>            ( WDBNDRY_E 0 3.823e+04 1.314e+03 1.598e+03
s>                ( QUESTION16 -1 2.826e+04 1.034e+03 1.194e+03
s>                    ( - 8.943e+03 12 0 SILENCE 1 5.516e+02 4.052e+02)
s>                    ( - 1.829e+04 21 0 SILENCE 1 6.541e+02 7.888e+02))
s>                ( QUESTION0_11_R 1 8.648e+03 6.911e+02 4.043e+02
s>                    ( - 3.982e+03 1 0)
s>                    ( - 3.975e+03 5 0 QUESTION0_16_R 1 4.171e+02 1.901e+02)))
s>            ( QUESTION13 -1 1.050e+04 9.212e+02 4.210e+02
s>                ( - 5.061e+03 13 0 QUESTION15 1 3.984e+02 2.369e+02)
s>                ( - 4.516e+03 13 0 QUESTION1 -1 4.562e+02 1.841e+02))))INFO: dtree.c(1315): Comp split 0
INFO: dtree.c(1478): Final simple tree
|( WDBNDRY_E 0 3.823e+04 1.314e+03 1.598e+03
|    ( QUESTION16 -1 2.826e+04 1.034e+03 1.194e+03
|        ( SILENCE 1 8.943e+03 5.516e+02 4.052e+02
|            ( - 3.721e+03 1 0)
|            ( - 4.670e+03 11 0 QUESTION12 1 2.894e+02 2.281e+02))
|        ( SILENCE 1 1.829e+04 6.541e+02 7.888e+02
|            ( - 4.173e+03 1 0)
|            ( QUESTION10 1 1.346e+04 4.631e+02 5.984e+02
|                ( - 4.086e+03 8 0 QUESTION0_17_R 1 3.396e+02 1.899e+02)
|                ( - 8.911e+03 12 0 QUESTION15 1 4.074e+02 4.085e+02))))
|    ( QUESTION0_11_R 1 8.648e+03 6.911e+02 4.043e+02
|        ( - 3.982e+03 1 0)
|        ( QUESTION0_16_R 1 3.975e+03 4.171e+02 1.901e+02
|            ( - 2.003e+03 1 0)
|            ( - 1.555e+03 4 0 QUESTION17 -1 2.132e+02 7.508e+01))))
s>    ( WDBNDRY_E 0 3.823e+04 1.314e+03 1.598e+03
s>        ( QUESTION16 -1 2.826e+04 1.034e+03 1.194e+03
s>            ( SILENCE 1 8.943e+03 5.516e+02 4.052e+02
s>                ( - 3.721e+03 1 0)
s>                ( - 4.670e+03 11 0 QUESTION12 1 2.894e+02 2.281e+02))
s>            ( SILENCE 1 1.829e+04 6.541e+02 7.888e+02
s>                ( - 4.173e+03 1 0)
s>                ( QUESTION10 1 1.346e+04 4.631e+02 5.984e+02
s>                    ( - 4.086e+03 8 0 QUESTION0_17_R 1 3.396e+02 1.899e+02)
s>                    ( - 8.911e+03 12 0 QUESTION15 1 4.074e+02 4.085e+02))))
s>        ( QUESTION0_11_R 1 8.648e+03 6.911e+02 4.043e+02
s>            ( - 3.982e+03 1 0)
s>            ( QUESTION0_16_R 1 3.975e+03 4.171e+02 1.901e+02
s>                ( - 2.003e+03 1 0)
s>                ( - 1.555e+03 4 0 QUESTION17 -1 2.132e+02 7.508e+01))))INFO: dtree.c(1478): Final simple tree
|( QUESTION17 -1 3.526e+04 1.770e+03 1.404e+03
|    ( SILENCE 1 2.299e+04 8.552e+02 9.833e+02
|        ( - 6.024e+03 1 0)
|        ( QUESTION11 1 1.611e+04 5.619e+02 7.130e+02
|            ( - 6.853e+03 3 0)
|            ( WDBNDRY_E 0 8.693e+03 4.440e+02 3.911e+02
|                ( - 6.362e+03 9 0 QUESTION0 1 3.538e+02 2.979e+02)
|                ( - 1.887e+03 6 0 QUESTION0_8_R 1 2.160e+02 9.320e+01))))
|    ( QUESTION13 -1 1.050e+04 9.212e+02 4.210e+02
|        ( QUESTION15 1 5.061e+03 3.984e+02 2.369e+02
|            ( - 2.109e+03 5 0 QUESTION14 -1 1.257e+02 1.023e+02)
|            ( - 2.554e+03 8 0 QUESTION11 1 1.739e+02 1.347e+02))
|        ( QUESTION1 -1 4.516e+03 4.562e+02 1.841e+02
|            ( - 2.102e+03 7 0 QUESTION3 -1 2.638e+02 9.367e+01)
|            ( - 1.958e+03 6 0 QUESTION2_10_L -1 2.336e+02 9.039e+01))))
s>    ( QUESTION17 -1 3.526e+04 1.770e+03 1.404e+03
s>        ( SILENCE 1 2.299e+04 8.552e+02 9.833e+02
s>            ( - 6.024e+03 1 0)
s>            ( QUESTION11 1 1.611e+04 5.619e+02 7.130e+02
s>                ( - 6.853e+03 3 0)
s>                ( WDBNDRY_E 0 8.693e+03 4.440e+02 3.911e+02
s>                    ( - 6.362e+03 9 0 QUESTION0 1 3.538e+02 2.979e+02)
s>                    ( - 1.887e+03 6 0 QUESTION0_8_R 1 2.160e+02 9.320e+01))))
s>        ( QUESTION13 -1 1.050e+04 9.212e+02 4.210e+02
s>            ( QUESTION15 1 5.061e+03 3.984e+02 2.369e+02
s>                ( - 2.109e+03 5 0 QUESTION14 -1 1.257e+02 1.023e+02)
s>                ( - 2.554e+03 8 0 QUESTION11 1 1.739e+02 1.347e+02))
s>            ( QUESTION1 -1 4.516e+03 4.562e+02 1.841e+02
s>                ( - 2.102e+03 7 0 QUESTION3 -1 2.638e+02 9.367e+01)
s>                ( - 1.958e+03 6 0 QUESTION2_10_L -1 2.336e+02 9.039e+01))))INFO: dtree.c(1315): Comp split 1
INFO: dtree.c(1478): Final simple tree
|( QUESTION13 -1 1.050e+04 9.212e+02 4.210e+02
|    ( QUESTION15 1 5.061e+03 3.984e+02 2.369e+02
|        ( - 2.109e+03 5 0 QUESTION14 -1 1.257e+02 1.023e+02)
|        ( QUESTION11 1 2.554e+03 1.739e+02 1.347e+02
|            ( - 1.820e+03 2 0)
|            ( - 5.599e+02 6 0 QUESTION0_9_R 1 1.012e+02 3.293e+01)))
|    ( QUESTION1 -1 4.516e+03 4.562e+02 1.841e+02
|        ( QUESTION3 -1 2.102e+03 2.638e+02 9.367e+01
|            ( - 5.734e+02 4 0 WDBNDRY_B 0 4.131e+01 3.300e+01)
|            ( QUESTION2_17_L -1 1.265e+03 1.769e+02 6.067e+01
|                ( - 3.560e+02 1 0)
|                ( - 7.322e+02 2 0 QUESTION2 -1 4.536e+01 3.867e+01)))
|        ( QUESTION2_10_L -1 1.958e+03 2.336e+02 9.039e+01
|            ( - 8.265e+02 3 0 QUESTION2_11_L -1 1.382e+02 4.086e+01)
|            ( - 8.977e+02 3 0 QUESTION0_5_R 1 1.032e+02 4.953e+01))))
s>    ( QUESTION13 -1 1.050e+04 9.212e+02 4.210e+02
s>        ( QUESTION15 1 5.061e+03 3.984e+02 2.369e+02
s>            ( - 2.109e+03 5 0 QUESTION14 -1 1.257e+02 1.023e+02)
s>            ( QUESTION11 1 2.554e+03 1.739e+02 1.347e+02
s>                ( - 1.820e+03 2 0)
s>                ( - 5.599e+02 6 0 QUESTION0_9_R 1 1.012e+02 3.293e+01)))
s>        ( QUESTION1 -1 4.516e+03 4.562e+02 1.841e+02
s>            ( QUESTION3 -1 2.102e+03 2.638e+02 9.367e+01
s>                ( - 5.734e+02 4 0 WDBNDRY_B 0 4.131e+01 3.300e+01)
s>                ( QUESTION2_17_L -1 1.265e+03 1.769e+02 6.067e+01
s>                    ( - 3.560e+02 1 0)
s>                    ( - 7.322e+02 2 0 QUESTION2 -1 4.536e+01 3.867e+01)))
s>            ( QUESTION2_10_L -1 1.958e+03 2.336e+02 9.039e+01
s>                ( - 8.265e+02 3 0 QUESTION2_11_L -1 1.382e+02 4.086e+01)
s>                ( - 8.977e+02 3 0 QUESTION0_5_R 1 1.032e+02 4.953e+01))))INFO: dtree.c(1478): Final simple tree
|( SILENCE 1 2.299e+04 8.552e+02 9.833e+02
|    ( - 6.024e+03 1 0)
|    ( QUESTION11 1 1.611e+04 5.619e+02 7.130e+02
|        ( - 6.853e+03 3 0)
|        ( WDBNDRY_E 0 8.693e+03 4.440e+02 3.911e+02
|            ( QUESTION0 1 6.362e+03 3.538e+02 2.979e+02
|                ( QUESTION0_20_R 1 4.695e+03 3.029e+02 2.287e+02
|                    ( - 1.394e+03 2 0 QUESTION1 1 1.442e+02 7.189e+01)
|                    ( QUESTION0_0_R 1 2.998e+03 2.129e+02 1.568e+02
|                        ( - 1.058e+03 2 0 QUESTION0_3_R 1 3.001e+01 6.001e+01)
|                        ( - 1.727e+03 2 0 QUESTION0_18_R 1 4.548e+01 9.679e+01)))
|                ( - 1.313e+03 3 0 QUESTION0_10_R 1 1.647e+02 6.917e+01))
|            ( QUESTION0_8_R 1 1.887e+03 2.160e+02 9.320e+01
|                ( - 6.977e+02 1 0)
|                ( - 9.734e+02 5 0 QUESTION0_10_R 1 1.609e+02 4.955e+01)))))
s>    ( SILENCE 1 2.299e+04 8.552e+02 9.833e+02
s>        ( - 6.024e+03 1 0)
s>        ( QUESTION11 1 1.611e+04 5.619e+02 7.130e+02
s>            ( - 6.853e+03 3 0)
s>            ( WDBNDRY_E 0 8.693e+03 4.440e+02 3.911e+02
s>                ( QUESTION0 1 6.362e+03 3.538e+02 2.979e+02
s>                    ( QUESTION0_20_R 1 4.695e+03 3.029e+02 2.287e+02
s>                        ( - 1.394e+03 2 0 QUESTION1 1 1.442e+02 7.189e+01)
s>                        ( QUESTION0_0_R 1 2.998e+03 2.129e+02 1.568e+02
s>                            ( - 1.058e+03 2 0 QUESTION0_3_R 1 3.001e+01 6.001e+01)
s>                            ( - 1.727e+03 2 0 QUESTION0_18_R 1 4.548e+01 9.679e+01)))
s>                    ( - 1.313e+03 3 0 QUESTION0_10_R 1 1.647e+02 6.917e+01))
s>                ( QUESTION0_8_R 1 1.887e+03 2.160e+02 9.320e+01
s>                    ( - 6.977e+02 1 0)
s>                    ( - 9.734e+02 5 0 QUESTION0_10_R 1 1.609e+02 4.955e+01)))))INFO: dtree.c(1315): Comp split 2
INFO: dtree.c(1478): Final simple tree
|( WDBNDRY_E 0 2.319e+04 9.183e+02 1.003e+03
|    ( SILENCE 1 1.829e+04 6.541e+02 7.888e+02
|        ( - 4.173e+03 1 0)
|        ( QUESTION10 1 1.346e+04 4.631e+02 5.984e+02
|            ( QUESTION0_17_R 1 4.086e+03 3.396e+02 1.899e+02
|                ( - 1.880e+03 2 0 QUESTION0_18_R 1 1.905e+02 9.523e+01)
|                ( - 1.867e+03 6 0 QUESTION11 1 2.006e+02 9.472e+01))
|            ( QUESTION15 1 8.911e+03 4.074e+02 4.085e+02
|                ( QUESTION0_1_R 1 4.221e+03 2.839e+02 2.060e+02
|                    ( - 1.295e+03 3 0 QUESTION0_5_R 1 1.454e+02 7.062e+01)
|                    ( - 2.642e+03 3 0 QUESTION0_12_R 1 1.959e+02 1.354e+02))
|                ( QUESTION0_10_R 1 4.282e+03 2.919e+02 2.024e+02
|                    ( - 1.783e+03 3 0 QUESTION0_11_R 1 9.645e+01 8.973e+01)
|                    ( - 2.208e+03 3 0 QUESTION0_0_R 1 8.958e+01 1.127e+02)))))
|    ( - 3.982e+03 1 0))
s>    ( WDBNDRY_E 0 2.319e+04 9.183e+02 1.003e+03
s>        ( SILENCE 1 1.829e+04 6.541e+02 7.888e+02
s>            ( - 4.173e+03 1 0)
s>            ( QUESTION10 1 1.346e+04 4.631e+02 5.984e+02
s>                ( QUESTION0_17_R 1 4.086e+03 3.396e+02 1.899e+02
s>                    ( - 1.880e+03 2 0 QUESTION0_18_R 1 1.905e+02 9.523e+01)
s>                    ( - 1.867e+03 6 0 QUESTION11 1 2.006e+02 9.472e+01))
s>                ( QUESTION15 1 8.911e+03 4.074e+02 4.085e+02
s>                    ( QUESTION0_1_R 1 4.221e+03 2.839e+02 2.060e+02
s>                        ( - 1.295e+03 3 0 QUESTION0_5_R 1 1.454e+02 7.062e+01)
s>                        ( - 2.642e+03 3 0 QUESTION0_12_R 1 1.959e+02 1.354e+02))
s>                    ( QUESTION0_10_R 1 4.282e+03 2.919e+02 2.024e+02
s>                        ( - 1.783e+03 3 0 QUESTION0_11_R 1 9.645e+01 8.973e+01)
s>                        ( - 2.208e+03 3 0 QUESTION0_0_R 1 8.958e+01 1.127e+02)))))
s>        ( - 3.982e+03 1 0))INFO: dtree.c(1478): Final simple tree
|( WDBNDRY_E 0 1.368e+04 7.597e+02 5.953e+02
|    ( SILENCE 1 8.943e+03 5.516e+02 4.052e+02
|        ( - 3.721e+03 1 0)
|        ( QUESTION12 1 4.670e+03 2.894e+02 2.281e+02
|            ( QUESTION0_10_R 1 8.564e+02 1.316e+02 4.900e+01
|                ( - 3.245e+02 1 0)
|                ( - 4.003e+02 1 0))
|            ( QUESTION10 1 3.524e+03 2.206e+02 1.791e+02
|                ( - 2.369e+03 3 0)
|                ( - 9.345e+02 6 0 QUESTION0 1 1.220e+02 5.499e+01))))
|    ( QUESTION0_16_R 1 3.975e+03 4.171e+02 1.901e+02
|        ( - 2.003e+03 1 0)
|        ( QUESTION17 -1 1.555e+03 2.132e+02 7.508e+01
|            ( - 9.043e+02 1 0)
|            ( - 4.380e+02 3 0 QUESTION0_10_R 1 9.380e+01 2.700e+01))))
s>    ( WDBNDRY_E 0 1.368e+04 7.597e+02 5.953e+02
s>        ( SILENCE 1 8.943e+03 5.516e+02 4.052e+02
s>            ( - 3.721e+03 1 0)
s>            ( QUESTION12 1 4.670e+03 2.894e+02 2.281e+02
s>                ( QUESTION0_10_R 1 8.564e+02 1.316e+02 4.900e+01
s>                    ( - 3.245e+02 1 0)
s>                    ( - 4.003e+02 1 0))
s>                ( QUESTION10 1 3.524e+03 2.206e+02 1.791e+02
s>                    ( - 2.369e+03 3 0)
s>                    ( - 9.345e+02 6 0 QUESTION0 1 1.220e+02 5.499e+01))))
s>        ( QUESTION0_16_R 1 3.975e+03 4.171e+02 1.901e+02
s>            ( - 2.003e+03 1 0)
s>            ( QUESTION17 -1 1.555e+03 2.132e+02 7.508e+01
s>                ( - 9.043e+02 1 0)
s>                ( - 4.380e+02 3 0 QUESTION0_10_R 1 9.380e+01 2.700e+01))))INFO: dtree.c(1315): Comp split 3
INFO: dtree.c(1478): Final simple tree
|( QUESTION1 -1 3.586e+03 3.637e+02 1.511e+02
|    ( QUESTION2_17_L -1 1.265e+03 1.769e+02 6.067e+01
|        ( - 3.560e+02 1 0)
|        ( QUESTION2 -1 7.322e+02 4.536e+01 3.867e+01
|            ( - 2.033e+01 1 0)
|            ( - 6.665e+02 1 0)))
|    ( QUESTION2_10_L -1 1.958e+03 2.336e+02 9.039e+01
|        ( QUESTION2_11_L -1 8.265e+02 1.382e+02 4.086e+01
|            ( QUESTION11 -1 2.688e+02 6.003e+01 1.699e+01
|                ( - 1.063e+02 1 0)
|                ( - 1.024e+02 1 0))
|            ( - 4.195e+02 1 0))
|        ( QUESTION0_5_R 1 8.977e+02 1.032e+02 4.953e+01
|            ( - 5.927e+02 1 0)
|            ( - 2.017e+02 2 0 SILENCE -1 1.894e+01 1.370e+01))))
s>    ( QUESTION1 -1 3.586e+03 3.637e+02 1.511e+02
s>        ( QUESTION2_17_L -1 1.265e+03 1.769e+02 6.067e+01
s>            ( - 3.560e+02 1 0)
s>            ( QUESTION2 -1 7.322e+02 4.536e+01 3.867e+01
s>                ( - 2.033e+01 1 0)
s>                ( - 6.665e+02 1 0)))
s>        ( QUESTION2_10_L -1 1.958e+03 2.336e+02 9.039e+01
s>            ( QUESTION2_11_L -1 8.265e+02 1.382e+02 4.086e+01
s>                ( QUESTION11 -1 2.688e+02 6.003e+01 1.699e+01
s>                    ( - 1.063e+02 1 0)
s>                    ( - 1.024e+02 1 0))
s>                ( - 4.195e+02 1 0))
s>            ( QUESTION0_5_R 1 8.977e+02 1.032e+02 4.953e+01
s>                ( - 5.927e+02 1 0)
s>                ( - 2.017e+02 2 0 SILENCE -1 1.894e+01 1.370e+01))))INFO: dtree.c(1478): Final simple tree
|( QUESTION15 1 5.943e+03 4.594e+02 2.699e+02
|    ( QUESTION14 -1 2.906e+03 2.827e+02 1.343e+02
|        ( WDBNDRY_B 0 1.884e+03 6.193e+01 9.425e+01
|            ( - 1.797e+03 2 0)
|            ( - 2.472e+01 1 0))
|        ( QUESTION0 -1 7.397e+02 9.172e+01 4.000e+01
|            ( - 5.486e+02 3 0 WDBNDRY_B 0 2.577e+01 3.200e+01)
|            ( - 9.938e+01 2 0)))
|    ( QUESTION11 1 2.577e+03 1.737e+02 1.357e+02
|        ( - 1.820e+03 2 0)
|        ( QUESTION0_9_R 1 5.833e+02 1.058e+02 3.393e+01
|            ( WDBNDRY_E 0 2.028e+02 5.151e+01 1.600e+01
|                ( - 7.599e+01 4 0 QUESTION0_14_R 1 2.743e+01 8.000e+00)
|                ( - 7.531e+01 1 0))
|            ( - 2.746e+02 2 0 SILENCE 1 4.019e+01 1.793e+01))))
s>    ( QUESTION15 1 5.943e+03 4.594e+02 2.699e+02
s>        ( QUESTION14 -1 2.906e+03 2.827e+02 1.343e+02
s>            ( WDBNDRY_B 0 1.884e+03 6.193e+01 9.425e+01
s>                ( - 1.797e+03 2 0)
s>                ( - 2.472e+01 1 0))
s>            ( QUESTION0 -1 7.397e+02 9.172e+01 4.000e+01
s>                ( - 5.486e+02 3 0 WDBNDRY_B 0 2.577e+01 3.200e+01)
s>                ( - 9.938e+01 2 0)))
s>        ( QUESTION11 1 2.577e+03 1.737e+02 1.357e+02
s>            ( - 1.820e+03 2 0)
s>            ( QUESTION0_9_R 1 5.833e+02 1.058e+02 3.393e+01
s>                ( WDBNDRY_E 0 2.028e+02 5.151e+01 1.600e+01
s>                    ( - 7.599e+01 4 0 QUESTION0_14_R 1 2.743e+01 8.000e+00)
s>                    ( - 7.531e+01 1 0))
s>                ( - 2.746e+02 2 0 SILENCE 1 4.019e+01 1.793e+01))))INFO: dtree.c(1315): Comp split 4
INFO: dtree.c(1478): Final simple tree
|( SILENCE 1 1.829e+04 6.541e+02 7.888e+02
|    ( - 4.173e+03 1 0)
|    ( QUESTION10 1 1.346e+04 4.631e+02 5.984e+02
|        ( QUESTION0_17_R 1 4.086e+03 3.396e+02 1.899e+02
|            ( - 1.880e+03 2 0 QUESTION0_18_R 1 1.905e+02 9.523e+01)
|            ( QUESTION11 1 1.867e+03 2.006e+02 9.472e+01
|                ( - 1.085e+03 3 0)
|                ( - 5.808e+02 3 0 QUESTION0_10_R 1 8.789e+01 3.552e+01)))
|        ( QUESTION15 1 8.911e+03 4.074e+02 4.085e+02
|            ( QUESTION0_1_R 1 4.221e+03 2.839e+02 2.060e+02
|                ( - 1.295e+03 3 0 QUESTION0_5_R 1 1.454e+02 7.062e+01)
|                ( - 2.642e+03 3 0 QUESTION0_12_R 1 1.959e+02 1.354e+02))
|            ( QUESTION0_10_R 1 4.282e+03 2.919e+02 2.024e+02
|                ( - 1.783e+03 3 0 QUESTION0_11_R 1 9.645e+01 8.973e+01)
|                ( - 2.208e+03 3 0 QUESTION0_0_R 1 8.958e+01 1.127e+02)))))
s>    ( SILENCE 1 1.829e+04 6.541e+02 7.888e+02
s>        ( - 4.173e+03 1 0)
s>        ( QUESTION10 1 1.346e+04 4.631e+02 5.984e+02
s>            ( QUESTION0_17_R 1 4.086e+03 3.396e+02 1.899e+02
s>                ( - 1.880e+03 2 0 QUESTION0_18_R 1 1.905e+02 9.523e+01)
s>                ( QUESTION11 1 1.867e+03 2.006e+02 9.472e+01
s>                    ( - 1.085e+03 3 0)
s>                    ( - 5.808e+02 3 0 QUESTION0_10_R 1 8.789e+01 3.552e+01)))
s>            ( QUESTION15 1 8.911e+03 4.074e+02 4.085e+02
s>                ( QUESTION0_1_R 1 4.221e+03 2.839e+02 2.060e+02
s>                    ( - 1.295e+03 3 0 QUESTION0_5_R 1 1.454e+02 7.062e+01)
s>                    ( - 2.642e+03 3 0 QUESTION0_12_R 1 1.959e+02 1.354e+02))
s>                ( QUESTION0_10_R 1 4.282e+03 2.919e+02 2.024e+02
s>                    ( - 1.783e+03 3 0 QUESTION0_11_R 1 9.645e+01 8.973e+01)
s>                    ( - 2.208e+03 3 0 QUESTION0_0_R 1 8.958e+01 1.127e+02)))))INFO: dtree.c(1315): Comp split 5
INFO: dtree.c(1439): stop. leaf nodes are specific
INFO: dtree.c(1478): Final simple tree
|( WDBNDRY_E 0 7.381e+03 3.836e+02 3.199e+02
|    ( - 6.024e+03 1 0)
|    ( QUESTION0_10_R 1 9.734e+02 1.609e+02 4.955e+01
|        ( QUESTION0_15_R 1 4.468e+02 8.226e+01 2.655e+01
|            ( - 2.403e+02 1 0)
|            ( - 1.243e+02 1 0))
|        ( QUESTION2_0_L -1 3.657e+02 6.685e+01 2.300e+01
|            ( WDBNDRY_B 0 5.146e+01 1.562e+01 6.000e+00
|                ( - 2.857e-01 1 0)
|                ( - 3.555e+01 1 0))
|            ( - 2.474e+02 1 0))))
s>    ( WDBNDRY_E 0 7.381e+03 3.836e+02 3.199e+02
s>        ( - 6.024e+03 1 0)
s>        ( QUESTION0_10_R 1 9.734e+02 1.609e+02 4.955e+01
s>            ( QUESTION0_15_R 1 4.468e+02 8.226e+01 2.655e+01
s>                ( - 2.403e+02 1 0)
s>                ( - 1.243e+02 1 0))
s>            ( QUESTION2_0_L -1 3.657e+02 6.685e+01 2.300e+01
s>                ( WDBNDRY_B 0 5.146e+01 1.562e+01 6.000e+00
s>                    ( - 2.857e-01 1 0)
s>                    ( - 3.555e+01 1 0))
s>                ( - 2.474e+02 1 0))))INFO: dtree.c(1478): Final simple tree
|( QUESTION11 1 1.472e+04 5.260e+02 6.634e+02
|    ( - 6.853e+03 3 0)
|    ( QUESTION0 1 7.345e+03 3.876e+02 3.415e+02
|        ( QUESTION0_20_R 1 4.695e+03 3.029e+02 2.287e+02
|            ( QUESTION1 1 1.394e+03 1.442e+02 7.189e+01
|                ( - 3.164e+02 1 0)
|                ( - 9.336e+02 1 0))
|            ( QUESTION0_0_R 1 2.998e+03 2.129e+02 1.568e+02
|                ( - 1.058e+03 2 0 QUESTION0_3_R 1 3.001e+01 6.001e+01)
|                ( - 1.727e+03 2 0 QUESTION0_18_R 1 4.548e+01 9.679e+01)))
|        ( WDBNDRY_E 0 2.263e+03 2.519e+02 1.128e+02
|            ( QUESTION0_10_R 1 1.313e+03 1.647e+02 6.917e+01
|                ( - 5.894e+02 1 0)
|                ( - 5.588e+02 2 0 QUESTION0_0_R 1 5.098e+01 3.352e+01))
|            ( - 6.977e+02 1 0))))
s>    ( QUESTION11 1 1.472e+04 5.260e+02 6.634e+02
s>        ( - 6.853e+03 3 0)
s>        ( QUESTION0 1 7.345e+03 3.876e+02 3.415e+02
s>            ( QUESTION0_20_R 1 4.695e+03 3.029e+02 2.287e+02
s>                ( QUESTION1 1 1.394e+03 1.442e+02 7.189e+01
s>                    ( - 3.164e+02 1 0)
s>                    ( - 9.336e+02 1 0))
s>                ( QUESTION0_0_R 1 2.998e+03 2.129e+02 1.568e+02
s>                    ( - 1.058e+03 2 0 QUESTION0_3_R 1 3.001e+01 6.001e+01)
s>                    ( - 1.727e+03 2 0 QUESTION0_18_R 1 4.548e+01 9.679e+01)))
s>            ( WDBNDRY_E 0 2.263e+03 2.519e+02 1.128e+02
s>                ( QUESTION0_10_R 1 1.313e+03 1.647e+02 6.917e+01
s>                    ( - 5.894e+02 1 0)
s>                    ( - 5.588e+02 2 0 QUESTION0_0_R 1 5.098e+01 3.352e+01))
s>                ( - 6.977e+02 1 0))))INFO: dtree.c(1315): Comp split 6
INFO: dtree.c(1439): stop. leaf nodes are specific
INFO: dtree.c(1478): Final simple tree
|( QUESTION0_10_R 1 3.897e+03 3.997e+02 1.881e+02
|    ( - 2.003e+03 1 0)
|    ( WDBNDRY_E 0 1.494e+03 1.896e+02 7.308e+01
|        ( - 4.003e+02 1 0)
|        ( - 9.043e+02 1 0)))
s>    ( QUESTION0_10_R 1 3.897e+03 3.997e+02 1.881e+02
s>        ( - 2.003e+03 1 0)
s>        ( WDBNDRY_E 0 1.494e+03 1.896e+02 7.308e+01
s>            ( - 4.003e+02 1 0)
s>            ( - 9.043e+02 1 0)))INFO: dtree.c(1478): Final simple tree
|( SILENCE 1 8.992e+03 5.555e+02 4.072e+02
|    ( - 3.721e+03 1 0)
|    ( QUESTION11 1 4.715e+03 2.823e+02 2.301e+02
|        ( - 2.369e+03 3 0)
|        ( QUESTION0_14_R 1 2.064e+03 2.282e+02 1.060e+02
|            ( WDBNDRY_E 0 6.161e+02 1.138e+02 3.700e+01
|                ( - 3.245e+02 1 0)
|                ( - 1.778e+02 1 0))
|            ( QUESTION1 1 1.220e+03 1.578e+02 6.899e+01
|                ( QUESTION0_2_R 1 5.707e+02 7.751e+01 3.799e+01
|                    ( - 2.100e+02 1 0)
|                    ( - 2.832e+02 2 0 QUESTION0_0_R 1 2.211e+01 2.113e+01))
|                ( QUESTION14 1 4.914e+02 9.764e+01 3.100e+01
|                    ( - 1.806e+02 2 0 WDBNDRY_E 0 4.351e+01 1.400e+01)
|                    ( - 2.131e+02 3 0 QUESTION0_10_R 1 5.366e+01 1.700e+01))))))
s>    ( SILENCE 1 8.992e+03 5.555e+02 4.072e+02
s>        ( - 3.721e+03 1 0)
s>        ( QUESTION11 1 4.715e+03 2.823e+02 2.301e+02
s>            ( - 2.369e+03 3 0)
s>            ( QUESTION0_14_R 1 2.064e+03 2.282e+02 1.060e+02
s>                ( WDBNDRY_E 0 6.161e+02 1.138e+02 3.700e+01
s>                    ( - 3.245e+02 1 0)
s>                    ( - 1.778e+02 1 0))
s>                ( QUESTION1 1 1.220e+03 1.578e+02 6.899e+01
s>                    ( QUESTION0_2_R 1 5.707e+02 7.751e+01 3.799e+01
s>                        ( - 2.100e+02 1 0)
s>                        ( - 2.832e+02 2 0 QUESTION0_0_R 1 2.211e+01 2.113e+01))
s>                    ( QUESTION14 1 4.914e+02 9.764e+01 3.100e+01
s>                        ( - 1.806e+02 2 0 WDBNDRY_E 0 4.351e+01 1.400e+01)
s>                        ( - 2.131e+02 3 0 QUESTION0_10_R 1 5.366e+01 1.700e+01))))))INFO: dtree.c(1315): Comp split 7
INFO: dtree.c(1439): stop. leaf nodes are specific
INFO: dtree.c(1478): Final simple tree
|( SILENCE 1 5.812e+03 3.441e+02 2.610e+02
|    ( - 4.173e+03 1 0)
|    ( QUESTION0_5_R 1 1.295e+03 1.454e+02 7.062e+01
|        ( - 3.289e+02 2 0)
|        ( - 8.206e+02 1 0)))
s>    ( SILENCE 1 5.812e+03 3.441e+02 2.610e+02
s>        ( - 4.173e+03 1 0)
s>        ( QUESTION0_5_R 1 1.295e+03 1.454e+02 7.062e+01
s>            ( - 3.289e+02 2 0)
s>            ( - 8.206e+02 1 0)))INFO: dtree.c(1478): Final simple tree
|( QUESTION10 1 1.180e+04 4.382e+02 5.278e+02
|    ( QUESTION0_17_R 1 4.086e+03 3.396e+02 1.899e+02
|        ( QUESTION0_18_R 1 1.880e+03 1.905e+02 9.523e+01
|            ( - 7.387e+02 1 0)
|            ( - 9.508e+02 1 0))
|        ( QUESTION11 1 1.867e+03 2.006e+02 9.472e+01
|            ( - 1.085e+03 3 0)
|            ( - 5.808e+02 3 0 QUESTION0_10_R 1 8.789e+01 3.552e+01)))
|    ( QUESTION15 1 7.271e+03 3.468e+02 3.378e+02
|        ( QUESTION0_12_R 1 2.642e+03 1.959e+02 1.354e+02
|            ( - 6.301e+02 1 0)
|            ( - 1.816e+03 2 0 QUESTION0_0_R 1 9.157e+01 9.834e+01))
|        ( QUESTION0_10_R 1 4.282e+03 2.919e+02 2.024e+02
|            ( - 1.783e+03 3 0 QUESTION0_11_R 1 9.645e+01 8.973e+01)
|            ( - 2.208e+03 3 0 QUESTION0_0_R 1 8.958e+01 1.127e+02))))
s>    ( QUESTION10 1 1.180e+04 4.382e+02 5.278e+02
s>        ( QUESTION0_17_R 1 4.086e+03 3.396e+02 1.899e+02
s>            ( QUESTION0_18_R 1 1.880e+03 1.905e+02 9.523e+01
s>                ( - 7.387e+02 1 0)
s>                ( - 9.508e+02 1 0))
s>            ( QUESTION11 1 1.867e+03 2.006e+02 9.472e+01
s>                ( - 1.085e+03 3 0)
s>                ( - 5.808e+02 3 0 QUESTION0_10_R 1 8.789e+01 3.552e+01)))
s>        ( QUESTION15 1 7.271e+03 3.468e+02 3.378e+02
s>            ( QUESTION0_12_R 1 2.642e+03 1.959e+02 1.354e+02
s>                ( - 6.301e+02 1 0)
s>                ( - 1.816e+03 2 0 QUESTION0_0_R 1 9.157e+01 9.834e+01))
s>            ( QUESTION0_10_R 1 4.282e+03 2.919e+02 2.024e+02
s>                ( - 1.783e+03 3 0 QUESTION0_11_R 1 9.645e+01 8.973e+01)
s>                ( - 2.208e+03 3 0 QUESTION0_0_R 1 8.958e+01 1.127e+02))))INFO: dtree.c(1315): Comp split 8
INFO: dtree.c(1439): stop. leaf nodes are specific
INFO: dtree.c(1478): Final simple tree
|( QUESTION0 1 7.683e+03 2.707e+02 3.554e+02
|    ( - 6.853e+03 3 0)
|    ( QUESTION0_0_R 1 5.588e+02 5.098e+01 3.352e+01
|        ( - 4.980e+02 1 0)
|        ( - 9.776e+00 1 0)))
s>    ( QUESTION0 1 7.683e+03 2.707e+02 3.554e+02
s>        ( - 6.853e+03 3 0)
s>        ( QUESTION0_0_R 1 5.588e+02 5.098e+01 3.352e+01
s>            ( - 4.980e+02 1 0)
s>            ( - 9.776e+00 1 0)))INFO: dtree.c(1478): Final simple tree
|( QUESTION0_10_R 1 6.483e+03 3.319e+02 3.080e+02
|    ( QUESTION0_11_R 1 2.513e+03 1.969e+02 1.324e+02
|        ( - 5.894e+02 1 0)
|        ( QUESTION0_18_R 1 1.727e+03 4.548e+01 9.679e+01
|            ( - 8.907e+00 1 0)
|            ( - 1.673e+03 1 0)))
|    ( QUESTION1 1 3.637e+03 3.037e+02 1.756e+02
|        ( QUESTION0_0_R 1 1.510e+03 1.354e+02 8.141e+01
|            ( QUESTION0_3_R 1 1.058e+03 3.001e+01 6.001e+01
|                ( - 7.416e+00 1 0)
|                ( - 1.021e+03 1 0))
|            ( - 3.164e+02 1 0))
|        ( WDBNDRY_E 0 1.824e+03 1.926e+02 9.414e+01
|            ( - 9.336e+02 1 0)
|            ( - 6.977e+02 1 0))))
s>    ( QUESTION0_10_R 1 6.483e+03 3.319e+02 3.080e+02
s>        ( QUESTION0_11_R 1 2.513e+03 1.969e+02 1.324e+02
s>            ( - 5.894e+02 1 0)
s>            ( QUESTION0_18_R 1 1.727e+03 4.548e+01 9.679e+01
s>                ( - 8.907e+00 1 0)
s>                ( - 1.673e+03 1 0)))
s>        ( QUESTION1 1 3.637e+03 3.037e+02 1.756e+02
s>            ( QUESTION0_0_R 1 1.510e+03 1.354e+02 8.141e+01
s>                ( QUESTION0_3_R 1 1.058e+03 3.001e+01 6.001e+01
s>                    ( - 7.416e+00 1 0)
s>                    ( - 1.021e+03 1 0))
s>                ( - 3.164e+02 1 0))
s>            ( WDBNDRY_E 0 1.824e+03 1.926e+02 9.414e+01
s>                ( - 9.336e+02 1 0)
s>                ( - 6.977e+02 1 0))))INFO: dtree.c(1315): Comp split 9
INFO: dtree.c(1478): Final simple tree
|( QUESTION11 1 4.715e+03 2.823e+02 2.301e+02
|    ( - 2.369e+03 3 0)
|    ( QUESTION0_14_R 1 2.064e+03 2.282e+02 1.060e+02
|        ( WDBNDRY_E 0 6.161e+02 1.138e+02 3.700e+01
|            ( - 3.245e+02 1 0)
|            ( - 1.778e+02 1 0))
|        ( QUESTION1 1 1.220e+03 1.578e+02 6.899e+01
|            ( QUESTION0_2_R 1 5.707e+02 7.751e+01 3.799e+01
|                ( - 2.100e+02 1 0)
|                ( - 2.832e+02 2 0 QUESTION0_0_R 1 2.211e+01 2.113e+01))
|            ( QUESTION14 1 4.914e+02 9.764e+01 3.100e+01
|                ( - 1.806e+02 2 0 WDBNDRY_E 0 4.351e+01 1.400e+01)
|                ( QUESTION0_10_R 1 2.131e+02 5.366e+01 1.700e+01
|                    ( - 3.076e+01 1 0)
|                    ( - 1.287e+02 2 0 WDBNDRY_E 0 2.431e+01 1.200e+01))))))
s>    ( QUESTION11 1 4.715e+03 2.823e+02 2.301e+02
s>        ( - 2.369e+03 3 0)
s>        ( QUESTION0_14_R 1 2.064e+03 2.282e+02 1.060e+02
s>            ( WDBNDRY_E 0 6.161e+02 1.138e+02 3.700e+01
s>                ( - 3.245e+02 1 0)
s>                ( - 1.778e+02 1 0))
s>            ( QUESTION1 1 1.220e+03 1.578e+02 6.899e+01
s>                ( QUESTION0_2_R 1 5.707e+02 7.751e+01 3.799e+01
s>                    ( - 2.100e+02 1 0)
s>                    ( - 2.832e+02 2 0 QUESTION0_0_R 1 2.211e+01 2.113e+01))
s>                ( QUESTION14 1 4.914e+02 9.764e+01 3.100e+01
s>                    ( - 1.806e+02 2 0 WDBNDRY_E 0 4.351e+01 1.400e+01)
s>                    ( QUESTION0_10_R 1 2.131e+02 5.366e+01 1.700e+01
s>                        ( - 3.076e+01 1 0)
s>                        ( - 1.287e+02 2 0 WDBNDRY_E 0 2.431e+01 1.200e+01))))))INFO: dtree.c(1315): Comp split 10
INFO: dtree.c(1439): stop. leaf nodes are specific
INFO: dtree.c(1478): Final simple tree
|( QUESTION0_10_R 1 4.384e+03 2.957e+02 2.079e+02
|    ( QUESTION0_18_R 1 1.880e+03 1.905e+02 9.523e+01
|        ( - 7.387e+02 1 0)
|        ( - 9.508e+02 1 0))
|    ( QUESTION0_0_R 1 2.208e+03 8.958e+01 1.127e+02
|        ( - 2.067e+03 2 0)
|        ( - 5.170e+01 1 0)))
s>    ( QUESTION0_10_R 1 4.384e+03 2.957e+02 2.079e+02
s>        ( QUESTION0_18_R 1 1.880e+03 1.905e+02 9.523e+01
s>            ( - 7.387e+02 1 0)
s>            ( - 9.508e+02 1 0))
s>        ( QUESTION0_0_R 1 2.208e+03 8.958e+01 1.127e+02
s>            ( - 2.067e+03 2 0)
s>            ( - 5.170e+01 1 0)))INFO: dtree.c(1478): Final simple tree
|( QUESTION10 1 6.922e+03 3.427e+02 3.199e+02
|    ( QUESTION11 1 1.867e+03 2.006e+02 9.472e+01
|        ( - 1.085e+03 3 0)
|        ( QUESTION0_10_R 1 5.808e+02 8.789e+01 3.552e+01
|            ( - 3.969e+02 2 0)
|            ( - 9.595e+01 1 0)))
|    ( QUESTION15 1 4.713e+03 2.878e+02 2.251e+02
|        ( QUESTION0_12_R 1 2.642e+03 1.959e+02 1.354e+02
|            ( - 6.301e+02 1 0)
|            ( QUESTION0_0_R 1 1.816e+03 9.157e+01 9.834e+01
|                ( - 1.609e+02 1 0)
|                ( - 1.564e+03 1 0)))
|        ( QUESTION0_11_R 1 1.783e+03 9.645e+01 8.973e+01
|            ( - 7.954e+01 1 0)
|            ( - 1.607e+03 2 0))))
s>    ( QUESTION10 1 6.922e+03 3.427e+02 3.199e+02
s>        ( QUESTION11 1 1.867e+03 2.006e+02 9.472e+01
s>            ( - 1.085e+03 3 0)
s>            ( QUESTION0_10_R 1 5.808e+02 8.789e+01 3.552e+01
s>                ( - 3.969e+02 2 0)
s>                ( - 9.595e+01 1 0)))
s>        ( QUESTION15 1 4.713e+03 2.878e+02 2.251e+02
s>            ( QUESTION0_12_R 1 2.642e+03 1.959e+02 1.354e+02
s>                ( - 6.301e+02 1 0)
s>                ( QUESTION0_0_R 1 1.816e+03 9.157e+01 9.834e+01
s>                    ( - 1.609e+02 1 0)
s>                    ( - 1.564e+03 1 0)))
s>            ( QUESTION0_11_R 1 1.783e+03 9.645e+01 8.973e+01
s>                ( - 7.954e+01 1 0)
s>                ( - 1.607e+03 2 0))))INFO: dtree.c(1315): Comp split 11
INFO: dtree.c(1478): Final simple tree
|( QUESTION0_20_R 1 2.804e+03 2.120e+02 1.437e+02
|    ( QUESTION11 1 2.022e+03 9.824e+01 1.117e+02
|        ( - 1.820e+03 2 0)
|        ( WDBNDRY_E 0 1.041e+02 2.076e+01 1.000e+01
|            ( - 8.010e+00 1 0)
|            ( - 7.531e+01 1 0)))
|    ( SILENCE 1 5.695e+02 9.328e+01 3.193e+01
|        ( - 2.165e+02 1 0)
|        ( QUESTION0 1 2.598e+02 6.056e+01 1.700e+01
|            ( QUESTION0_0_R 1 6.953e+01 2.527e+01 7.000e+00
|                ( - 1.800e+01 1 0)
|                ( - 2.626e+01 2 0 QUESTION0 -1 1.406e+01 4.000e+00))
|            ( WDBNDRY_B 0 1.297e+02 2.462e+01 1.000e+01
|                ( - 9.938e+01 2 0)
|                ( - 5.714e+00 1 0)))))
s>    ( QUESTION0_20_R 1 2.804e+03 2.120e+02 1.437e+02
s>        ( QUESTION11 1 2.022e+03 9.824e+01 1.117e+02
s>            ( - 1.820e+03 2 0)
s>            ( WDBNDRY_E 0 1.041e+02 2.076e+01 1.000e+01
s>                ( - 8.010e+00 1 0)
s>                ( - 7.531e+01 1 0)))
s>        ( SILENCE 1 5.695e+02 9.328e+01 3.193e+01
s>            ( - 2.165e+02 1 0)
s>            ( QUESTION0 1 2.598e+02 6.056e+01 1.700e+01
s>                ( QUESTION0_0_R 1 6.953e+01 2.527e+01 7.000e+00
s>                    ( - 1.800e+01 1 0)
s>                    ( - 2.626e+01 2 0 QUESTION0 -1 1.406e+01 4.000e+00))
s>                ( WDBNDRY_B 0 1.297e+02 2.462e+01 1.000e+01
s>                    ( - 9.938e+01 2 0)
s>                    ( - 5.714e+00 1 0)))))INFO: dtree.c(1439): stop. leaf nodes are specific
INFO: dtree.c(1478): Final simple tree
|( QUESTION0 -1 2.675e+03 2.431e+02 1.263e+02
|    ( WDBNDRY_B 0 5.486e+02 2.577e+01 3.200e+01
|        ( - 5.228e+02 2 0)
|        ( - 0.000e+00 1 0))
|    ( WDBNDRY_B 0 1.884e+03 6.193e+01 9.425e+01
|        ( - 1.797e+03 2 0)
|        ( - 2.472e+01 1 0)))
s>    ( QUESTION0 -1 2.675e+03 2.431e+02 1.263e+02
s>        ( WDBNDRY_B 0 5.486e+02 2.577e+01 3.200e+01
s>            ( - 5.228e+02 2 0)
s>            ( - 0.000e+00 1 0))
s>        ( WDBNDRY_B 0 1.884e+03 6.193e+01 9.425e+01
s>            ( - 1.797e+03 2 0)
s>            ( - 2.472e+01 1 0)))INFO: dtree.c(1315): Comp split 12
INFO: dtree.c(1439): stop. leaf nodes are specific
INFO: dtree.c(1478): Final simple tree
|( WDBNDRY_E 0 1.494e+03 1.896e+02 7.308e+01
|    ( - 4.003e+02 1 0)
|    ( - 9.043e+02 1 0))
s>    ( WDBNDRY_E 0 1.494e+03 1.896e+02 7.308e+01
s>        ( - 4.003e+02 1 0)
s>        ( - 9.043e+02 1 0))INFO: dtree.c(1315): Comp split 13
INFO: dtree.c(1439): stop. leaf nodes are specific
INFO: dtree.c(1478): Final simple tree
|( QUESTION0_10_R 1 9.734e+02 1.609e+02 4.955e+01
|    ( QUESTION0_15_R 1 4.468e+02 8.226e+01 2.655e+01
|        ( - 2.403e+02 1 0)
|        ( - 1.243e+02 1 0))
|    ( QUESTION2_0_L -1 3.657e+02 6.685e+01 2.300e+01
|        ( WDBNDRY_B 0 5.146e+01 1.562e+01 6.000e+00
|            ( - 2.857e-01 1 0)
|            ( - 3.555e+01 1 0))
|        ( - 2.474e+02 1 0)))
s>    ( QUESTION0_10_R 1 9.734e+02 1.609e+02 4.955e+01
s>        ( QUESTION0_15_R 1 4.468e+02 8.226e+01 2.655e+01
s>            ( - 2.403e+02 1 0)
s>            ( - 1.243e+02 1 0))
s>        ( QUESTION2_0_L -1 3.657e+02 6.685e+01 2.300e+01
s>            ( WDBNDRY_B 0 5.146e+01 1.562e+01 6.000e+00
s>                ( - 2.857e-01 1 0)
s>                ( - 3.555e+01 1 0))
s>            ( - 2.474e+02 1 0)))INFO: dtree.c(1315): Comp split 14
INFO: dtree.c(1439): stop. leaf nodes are specific
INFO: dtree.c(1478): Final simple tree
|( QUESTION0_10_R 1 3.470e+03 2.334e+02 1.782e+02
|    ( QUESTION0_18_R 1 1.727e+03 4.548e+01 9.679e+01
|        ( - 8.907e+00 1 0)
|        ( - 1.673e+03 1 0))
|    ( QUESTION0_0_R 1 1.510e+03 1.354e+02 8.141e+01
|        ( QUESTION0_3_R 1 1.058e+03 3.001e+01 6.001e+01
|            ( - 7.416e+00 1 0)
|            ( - 1.021e+03 1 0))
|        ( - 3.164e+02 1 0)))
s>    ( QUESTION0_10_R 1 3.470e+03 2.334e+02 1.782e+02
s>        ( QUESTION0_18_R 1 1.727e+03 4.548e+01 9.679e+01
s>            ( - 8.907e+00 1 0)
s>            ( - 1.673e+03 1 0))
s>        ( QUESTION0_0_R 1 1.510e+03 1.354e+02 8.141e+01
s>            ( QUESTION0_3_R 1 1.058e+03 3.001e+01 6.001e+01
s>                ( - 7.416e+00 1 0)
s>                ( - 1.021e+03 1 0))
s>            ( - 3.164e+02 1 0)))INFO: dtree.c(1439): stop. leaf nodes are specific
INFO: dtree.c(1478): Final simple tree
|( QUESTION0_20_R 1 2.632e+03 2.415e+02 1.298e+02
|    ( - 9.336e+02 1 0)
|    ( WDBNDRY_E 0 1.457e+03 1.697e+02 7.929e+01
|        ( - 5.894e+02 1 0)
|        ( - 6.977e+02 1 0)))
s>    ( QUESTION0_20_R 1 2.632e+03 2.415e+02 1.298e+02
s>        ( - 9.336e+02 1 0)
s>        ( WDBNDRY_E 0 1.457e+03 1.697e+02 7.929e+01
s>            ( - 5.894e+02 1 0)
s>            ( - 6.977e+02 1 0)))INFO: dtree.c(1315): Comp split 15
INFO: dtree.c(1439): stop. leaf nodes are specific
INFO: dtree.c(1478): Final simple tree
|( QUESTION7 -1 1.702e+03 2.129e+02 7.766e+01
|    ( - 6.665e+02 1 0)
|    ( QUESTION2_17_L -1 8.225e+02 1.317e+02 4.199e+01
|        ( - 3.560e+02 1 0)
|        ( QUESTION11 -1 3.348e+02 6.934e+01 1.999e+01
|            ( - 1.063e+02 1 0)
|            ( QUESTION1 -1 1.591e+02 3.635e+01 1.100e+01
|                ( - 2.033e+01 1 0)
|                ( - 1.024e+02 1 0)))))
s>    ( QUESTION7 -1 1.702e+03 2.129e+02 7.766e+01
s>        ( - 6.665e+02 1 0)
s>        ( QUESTION2_17_L -1 8.225e+02 1.317e+02 4.199e+01
s>            ( - 3.560e+02 1 0)
s>            ( QUESTION11 -1 3.348e+02 6.934e+01 1.999e+01
s>                ( - 1.063e+02 1 0)
s>                ( QUESTION1 -1 1.591e+02 3.635e+01 1.100e+01
s>                    ( - 2.033e+01 1 0)
s>                    ( - 1.024e+02 1 0)))))INFO: dtree.c(1439): stop. leaf nodes are specific
INFO: dtree.c(1478): Final simple tree
|( QUESTION2_10_L -1 1.507e+03 1.894e+02 7.340e+01
|    ( - 4.195e+02 1 0)
|    ( QUESTION0_5_R 1 8.977e+02 1.032e+02 4.953e+01
|        ( - 5.927e+02 1 0)
|        ( SILENCE -1 2.017e+02 1.894e+01 1.370e+01
|            ( - 1.804e+02 1 0)
|            ( - 2.390e+00 1 0))))
s>    ( QUESTION2_10_L -1 1.507e+03 1.894e+02 7.340e+01
s>        ( - 4.195e+02 1 0)
s>        ( QUESTION0_5_R 1 8.977e+02 1.032e+02 4.953e+01
s>            ( - 5.927e+02 1 0)
s>            ( SILENCE -1 2.017e+02 1.894e+01 1.370e+01
s>                ( - 1.804e+02 1 0)
s>                ( - 2.390e+00 1 0))))INFO: dtree.c(1315): Comp split 16
INFO: dtree.c(1439): stop. leaf nodes are specific
INFO: dtree.c(1478): Final simple tree
|( QUESTION15 1 4.049e+03 2.505e+02 1.971e+02
|    ( QUESTION0_0_R 1 1.816e+03 9.157e+01 9.834e+01
|        ( - 1.609e+02 1 0)
|        ( - 1.564e+03 1 0))
|    ( QUESTION0_14_R 1 1.983e+03 1.447e+02 9.873e+01
|        ( - 1.607e+03 2 0)
|        ( QUESTION0_10_R 1 2.313e+02 5.577e+01 1.672e+01
|            ( - 7.954e+01 1 0)
|            ( - 9.595e+01 1 0))))
s>    ( QUESTION15 1 4.049e+03 2.505e+02 1.971e+02
s>        ( QUESTION0_0_R 1 1.816e+03 9.157e+01 9.834e+01
s>            ( - 1.609e+02 1 0)
s>            ( - 1.564e+03 1 0))
s>        ( QUESTION0_14_R 1 1.983e+03 1.447e+02 9.873e+01
s>            ( - 1.607e+03 2 0)
s>            ( QUESTION0_10_R 1 2.313e+02 5.577e+01 1.672e+01
s>                ( - 7.954e+01 1 0)
s>                ( - 9.595e+01 1 0))))INFO: dtree.c(1439): stop. leaf nodes are specific
INFO: dtree.c(1478): Final simple tree
|( QUESTION0_10_R 1 2.505e+03 2.414e+02 1.228e+02
|    ( QUESTION0_11_R 1 1.178e+03 1.513e+02 6.358e+01
|        ( - 6.301e+02 1 0)
|        ( - 3.969e+02 2 0))
|    ( - 1.085e+03 3 0))
s>    ( QUESTION0_10_R 1 2.505e+03 2.414e+02 1.228e+02
s>        ( QUESTION0_11_R 1 1.178e+03 1.513e+02 6.358e+01
s>            ( - 6.301e+02 1 0)
s>            ( - 3.969e+02 2 0))
s>        ( - 1.085e+03 3 0))INFO: dtree.c(1315): Comp split 17
INFO: dtree.c(1439): stop. leaf nodes are specific
INFO: dtree.c(1478): Final simple tree
|( QUESTION0_5_R 1 1.295e+03 1.454e+02 7.062e+01
|    ( - 3.289e+02 2 0)
|    ( - 8.206e+02 1 0))
s>    ( QUESTION0_5_R 1 1.295e+03 1.454e+02 7.062e+01
s>        ( - 3.289e+02 2 0)
s>        ( - 8.206e+02 1 0))INFO: dtree.c(1315): Comp split 18
INFO: dtree.c(1439): stop. leaf nodes are specific
INFO: dtree.c(1478): Final simple tree
|( QUESTION0_10_R 1 2.986e+03 1.918e+02 1.531e+02
|    ( QUESTION0_11_R 1 4.255e+02 7.024e+01 2.900e+01
|        ( - 3.076e+01 1 0)
|        ( - 3.245e+02 1 0))
|    ( - 2.369e+03 3 0))
s>    ( QUESTION0_10_R 1 2.986e+03 1.918e+02 1.531e+02
s>        ( QUESTION0_11_R 1 4.255e+02 7.024e+01 2.900e+01
s>            ( - 3.076e+01 1 0)
s>            ( - 3.245e+02 1 0))
s>        ( - 2.369e+03 3 0))INFO: dtree.c(1478): Final simple tree
|( WDBNDRY_E 0 1.426e+03 1.768e+02 7.699e+01
|    ( QUESTION0_0_R 1 8.108e+02 9.803e+01 4.999e+01
|        ( QUESTION0_2_R 1 2.948e+02 5.283e+01 2.105e+01
|            ( - 2.100e+02 1 0)
|            ( QUESTION0_5_R 1 3.192e+01 1.271e+01 4.190e+00
|                ( - 1.689e+01 1 0)
|                ( - 2.322e+00 1 0)))
|        ( QUESTION0_10_R 1 4.180e+02 5.891e+01 2.894e+01
|            ( - 1.004e+02 1 0)
|            ( - 2.588e+02 1 0)))
|    ( QUESTION0_10_R 1 4.380e+02 9.380e+01 2.700e+01
|        ( - 1.778e+02 1 0)
|        ( QUESTION0_0_R 1 1.664e+02 4.214e+01 1.400e+01
|            ( - 3.670e+01 1 0)
|            ( - 8.753e+01 1 0))))
s>    ( WDBNDRY_E 0 1.426e+03 1.768e+02 7.699e+01
s>        ( QUESTION0_0_R 1 8.108e+02 9.803e+01 4.999e+01
s>            ( QUESTION0_2_R 1 2.948e+02 5.283e+01 2.105e+01
s>                ( - 2.100e+02 1 0)
s>                ( QUESTION0_5_R 1 3.192e+01 1.271e+01 4.190e+00
s>                    ( - 1.689e+01 1 0)
s>                    ( - 2.322e+00 1 0)))
s>            ( QUESTION0_10_R 1 4.180e+02 5.891e+01 2.894e+01
s>                ( - 1.004e+02 1 0)
s>                ( - 2.588e+02 1 0)))
s>        ( QUESTION0_10_R 1 4.380e+02 9.380e+01 2.700e+01
s>            ( - 1.778e+02 1 0)
s>            ( QUESTION0_0_R 1 1.664e+02 4.214e+01 1.400e+01
s>                ( - 3.670e+01 1 0)
s>                ( - 8.753e+01 1 0))))INFO: dtree.c(1315): Comp split 19
INFO: dtree.c(1439): stop. leaf nodes are specific
INFO: dtree.c(1478): Final simple tree
|( QUESTION0_0_R 1 2.208e+03 8.958e+01 1.127e+02
|    ( - 2.067e+03 2 0)
|    ( - 5.170e+01 1 0))
s>    ( QUESTION0_0_R 1 2.208e+03 8.958e+01 1.127e+02
s>        ( - 2.067e+03 2 0)
s>        ( - 5.170e+01 1 0))INFO: dtree.c(1439): stop. leaf nodes are specific
INFO: dtree.c(1478): Final simple tree
|( QUESTION0_18_R 1 1.880e+03 1.905e+02 9.523e+01
|    ( - 7.387e+02 1 0)
|    ( - 9.508e+02 1 0))
s>    ( QUESTION0_18_R 1 1.880e+03 1.905e+02 9.523e+01
s>        ( - 7.387e+02 1 0)
s>        ( - 9.508e+02 1 0))INFO: dtree.c(1315): Comp split 20
INFO: dtree.c(1439): stop. leaf nodes are specific
INFO: dtree.c(1478): Final simple tree
|( QUESTION0_0_R 1 5.588e+02 5.098e+01 3.352e+01
|    ( - 4.980e+02 1 0)
|    ( - 9.776e+00 1 0))
s>    ( QUESTION0_0_R 1 5.588e+02 5.098e+01 3.352e+01
s>        ( - 4.980e+02 1 0)
s>        ( - 9.776e+00 1 0))INFO: dtree.c(1315): Comp split 21
INFO: dtree.c(1439): stop. leaf nodes are specific
INFO: dtree.c(1478): Final simple tree
|( QUESTION0_10_R 1 2.005e+03 1.264e+02 1.073e+02
|    ( - 1.564e+03 1 0)
|    ( QUESTION0_0_R 1 3.148e+02 5.793e+01 2.200e+01
|        ( - 1.609e+02 1 0)
|        ( - 9.595e+01 1 0)))
s>    ( QUESTION0_10_R 1 2.005e+03 1.264e+02 1.073e+02
s>        ( - 1.564e+03 1 0)
s>        ( QUESTION0_0_R 1 3.148e+02 5.793e+01 2.200e+01
s>            ( - 1.609e+02 1 0)
s>            ( - 9.595e+01 1 0)))INFO: dtree.c(1439): stop. leaf nodes are specific
INFO: dtree.c(1478): Final simple tree
|( QUESTION0_11_R 1 1.783e+03 9.645e+01 8.973e+01
|    ( - 7.954e+01 1 0)
|    ( - 1.607e+03 2 0))
s>    ( QUESTION0_11_R 1 1.783e+03 9.645e+01 8.973e+01
s>        ( - 7.954e+01 1 0)
s>        ( - 1.607e+03 2 0))INFO: dtree.c(1315): Comp split 22
INFO: dtree.c(1439): stop. leaf nodes are specific
INFO: dtree.c(1478): Final simple tree
|( WDBNDRY_B 0 6.262e+02 6.428e+01 3.600e+01
|    ( - 5.228e+02 2 0)
|    ( QUESTION0_10_R 1 3.909e+01 1.437e+01 5.000e+00
|        ( - 2.472e+01 1 0)
|        ( - 0.000e+00 1 0)))
s>    ( WDBNDRY_B 0 6.262e+02 6.428e+01 3.600e+01
s>        ( - 5.228e+02 2 0)
s>        ( QUESTION0_10_R 1 3.909e+01 1.437e+01 5.000e+00
s>            ( - 2.472e+01 1 0)
s>            ( - 0.000e+00 1 0)))INFO: dtree.c(1315): Comp split 23
INFO: dtree.c(1439): stop. leaf nodes are specific
INFO: dtree.c(1478): Final simple tree
|( QUESTION0_0_R 1 1.708e+03 2.755e+01 9.679e+01
|    ( - 7.416e+00 1 0)
|    ( - 1.673e+03 1 0))
s>    ( QUESTION0_0_R 1 1.708e+03 2.755e+01 9.679e+01
s>        ( - 7.416e+00 1 0)
s>        ( - 1.673e+03 1 0))INFO: dtree.c(1439): stop. leaf nodes are specific
INFO: dtree.c(1478): Final simple tree
|( QUESTION0_0_R 1 1.519e+03 1.407e+02 8.141e+01
|    ( - 1.021e+03 1 0)
|    ( QUESTION0_10_R 1 3.576e+02 3.235e+01 2.340e+01
|        ( - 8.907e+00 1 0)
|        ( - 3.164e+02 1 0)))
s>    ( QUESTION0_0_R 1 1.519e+03 1.407e+02 8.141e+01
s>        ( - 1.021e+03 1 0)
s>        ( QUESTION0_10_R 1 3.576e+02 3.235e+01 2.340e+01
s>            ( - 8.907e+00 1 0)
s>            ( - 3.164e+02 1 0)))INFO: dtree.c(1315): Comp split 24
INFO: dtree.c(1439): stop. leaf nodes are specific
INFO: dtree.c(1478): Final simple tree
|( WDBNDRY_E 0 1.457e+03 1.697e+02 7.929e+01
|    ( - 5.894e+02 1 0)
|    ( - 6.977e+02 1 0))
s>    ( WDBNDRY_E 0 1.457e+03 1.697e+02 7.929e+01
s>        ( - 5.894e+02 1 0)
s>        ( - 6.977e+02 1 0))INFO: dtree.c(1315): Comp split 25
INFO: dtree.c(1439): stop. leaf nodes are specific
INFO: dtree.c(1478): Final simple tree
|( QUESTION0_11_R 1 1.178e+03 1.513e+02 6.358e+01
|    ( - 6.301e+02 1 0)
|    ( - 3.969e+02 2 0))
s>    ( QUESTION0_11_R 1 1.178e+03 1.513e+02 6.358e+01
s>        ( - 6.301e+02 1 0)
s>        ( - 3.969e+02 2 0))INFO: dtree.c(1315): Comp split 26
INFO: dtree.c(1439): stop. leaf nodes are specific
INFO: dtree.c(1478): Final simple tree
|( QUESTION2 -1 7.322e+02 4.536e+01 3.867e+01
|    ( - 2.033e+01 1 0)
|    ( - 6.665e+02 1 0))
s>    ( QUESTION2 -1 7.322e+02 4.536e+01 3.867e+01
s>        ( - 2.033e+01 1 0)
s>        ( - 6.665e+02 1 0))INFO: dtree.c(1439): stop. leaf nodes are specific
INFO: dtree.c(1478): Final simple tree
|( QUESTION1 -1 7.492e+02 1.244e+02 3.899e+01
|    ( - 3.560e+02 1 0)
|    ( QUESTION11 -1 2.688e+02 6.003e+01 1.699e+01
|        ( - 1.063e+02 1 0)
|        ( - 1.024e+02 1 0)))
s>    ( QUESTION1 -1 7.492e+02 1.244e+02 3.899e+01
s>        ( - 3.560e+02 1 0)
s>        ( QUESTION11 -1 2.688e+02 6.003e+01 1.699e+01
s>            ( - 1.063e+02 1 0)
s>            ( - 1.024e+02 1 0)))INFO: dtree.c(1315): Comp split 27
INFO: dtree.c(1439): stop. leaf nodes are specific
INFO: dtree.c(1478): Final simple tree
|( QUESTION0_0_R 1 1.884e+03 4.570e+01 1.047e+02
|    ( - 1.800e+01 1 0)
|    ( - 1.820e+03 2 0))
s>    ( QUESTION0_0_R 1 1.884e+03 4.570e+01 1.047e+02
s>        ( - 1.800e+01 1 0)
s>        ( - 1.820e+03 2 0))INFO: dtree.c(1439): stop. leaf nodes are specific
INFO: dtree.c(1478): Final simple tree
|( SILENCE 1 7.058e+02 1.128e+02 3.893e+01
|    ( - 2.165e+02 1 0)
|    ( QUESTION0 1 3.766e+02 7.486e+01 2.400e+01
|        ( WDBNDRY_E 0 1.720e+02 4.413e+01 1.400e+01
|            ( QUESTION0_10_R 1 5.256e+01 1.829e+01 6.000e+00
|                ( QUESTION0 -1 2.626e+01 1.406e+01 4.000e+00
|                    ( - 9.524e-01 1 0)
|                    ( - 1.124e+01 1 0))
|                ( - 8.010e+00 1 0))
|            ( - 7.531e+01 1 0))
|        ( WDBNDRY_B 0 1.297e+02 2.462e+01 1.000e+01
|            ( - 9.938e+01 2 0)
|            ( - 5.714e+00 1 0))))
s>    ( SILENCE 1 7.058e+02 1.128e+02 3.893e+01
s>        ( - 2.165e+02 1 0)
s>        ( QUESTION0 1 3.766e+02 7.486e+01 2.400e+01
s>            ( WDBNDRY_E 0 1.720e+02 4.413e+01 1.400e+01
s>                ( QUESTION0_10_R 1 5.256e+01 1.829e+01 6.000e+00
s>                    ( QUESTION0 -1 2.626e+01 1.406e+01 4.000e+00
s>                        ( - 9.524e-01 1 0)
s>                        ( - 1.124e+01 1 0))
s>                    ( - 8.010e+00 1 0))
s>                ( - 7.531e+01 1 0))
s>            ( WDBNDRY_B 0 1.297e+02 2.462e+01 1.000e+01
s>                ( - 9.938e+01 2 0)
s>                ( - 5.714e+00 1 0))))INFO: dtree.c(1315): Comp split 28
INFO: dtree.c(1439): stop. leaf nodes are specific
INFO: dtree.c(1478): Final simple tree
|( QUESTION0_11_R 1 4.255e+02 7.024e+01 2.900e+01
|    ( - 3.076e+01 1 0)
|    ( - 3.245e+02 1 0))
s>    ( QUESTION0_11_R 1 4.255e+02 7.024e+01 2.900e+01
s>        ( - 3.076e+01 1 0)
s>        ( - 3.245e+02 1 0))INFO: dtree.c(1315): Comp split 29
INFO: dtree.c(1315): Comp split 30
INFO: dtree.c(1315): Comp split 31
INFO: dtree.c(1439): stop. leaf nodes are specific
INFO: dtree.c(1478): Final simple tree
|( QUESTION0_5_R 1 8.977e+02 1.032e+02 4.953e+01
|    ( - 5.927e+02 1 0)
|    ( SILENCE -1 2.017e+02 1.894e+01 1.370e+01
|        ( - 1.804e+02 1 0)
|        ( - 2.390e+00 1 0)))
s>    ( QUESTION0_5_R 1 8.977e+02 1.032e+02 4.953e+01
s>        ( - 5.927e+02 1 0)
s>        ( SILENCE -1 2.017e+02 1.894e+01 1.370e+01
s>            ( - 1.804e+02 1 0)
s>            ( - 2.390e+00 1 0)))INFO: dtree.c(1315): Comp split 32
INFO: dtree.c(1439): stop. leaf nodes are specific
INFO: dtree.c(1478): Final simple tree
|( QUESTION1 1 5.214e+02 1.075e+02 3.119e+01
|    ( WDBNDRY_E 0 2.004e+02 2.026e+01 1.419e+01
|        ( - 2.322e+00 1 0)
|        ( - 1.778e+02 1 0))
|    ( QUESTION0_8_R 1 2.135e+02 4.806e+01 1.700e+01
|        ( - 3.670e+01 1 0)
|        ( WDBNDRY_E 0 1.287e+02 2.431e+01 1.200e+01
|            ( - 1.689e+01 1 0)
|            ( - 8.753e+01 1 0))))
s>    ( QUESTION1 1 5.214e+02 1.075e+02 3.119e+01
s>        ( WDBNDRY_E 0 2.004e+02 2.026e+01 1.419e+01
s>            ( - 2.322e+00 1 0)
s>            ( - 1.778e+02 1 0))
s>        ( QUESTION0_8_R 1 2.135e+02 4.806e+01 1.700e+01
s>            ( - 3.670e+01 1 0)
s>            ( WDBNDRY_E 0 1.287e+02 2.431e+01 1.200e+01
s>                ( - 1.689e+01 1 0)
s>                ( - 8.753e+01 1 0))))INFO: dtree.c(1439): stop. leaf nodes are specific
INFO: dtree.c(1478): Final simple tree
|( QUESTION0_0_R 1 7.183e+02 9.028e+01 4.580e+01
|    ( - 2.100e+02 1 0)
|    ( QUESTION0_10_R 1 4.180e+02 5.891e+01 2.894e+01
|        ( - 1.004e+02 1 0)
|        ( - 2.588e+02 1 0)))
s>    ( QUESTION0_0_R 1 7.183e+02 9.028e+01 4.580e+01
s>        ( - 2.100e+02 1 0)
s>        ( QUESTION0_10_R 1 4.180e+02 5.891e+01 2.894e+01
s>            ( - 1.004e+02 1 0)
s>            ( - 2.588e+02 1 0)))INFO: dtree.c(1315): Comp split 33
INFO: dtree.c(1315): Comp split 34
INFO: dtree.c(1439): stop. leaf nodes are specific
INFO: dtree.c(1478): Final simple tree
|( QUESTION2_0_L -1 3.657e+02 6.685e+01 2.300e+01
|    ( WDBNDRY_B 0 5.146e+01 1.562e+01 6.000e+00
|        ( - 2.857e-01 1 0)
|        ( - 3.555e+01 1 0))
|    ( - 2.474e+02 1 0))
s>    ( QUESTION2_0_L -1 3.657e+02 6.685e+01 2.300e+01
s>        ( WDBNDRY_B 0 5.146e+01 1.562e+01 6.000e+00
s>            ( - 2.857e-01 1 0)
s>            ( - 3.555e+01 1 0))
s>        ( - 2.474e+02 1 0))INFO: dtree.c(1439): stop. leaf nodes are specific
INFO: dtree.c(1478): Final simple tree
|( QUESTION0_15_R 1 4.468e+02 8.226e+01 2.655e+01
|    ( - 2.403e+02 1 0)
|    ( - 1.243e+02 1 0))
s>    ( QUESTION0_15_R 1 4.468e+02 8.226e+01 2.655e+01
s>        ( - 2.403e+02 1 0)
s>        ( - 1.243e+02 1 0))INFO: dtree.c(1315): Comp split 35
INFO: dtree.c(1315): Comp split 36
INFO: dtree.c(1315): Comp split 37
INFO: dtree.c(1439): stop. leaf nodes are specific
INFO: dtree.c(1478): Final simple tree
|( QUESTION0_10_R 1 3.576e+02 3.235e+01 2.340e+01
|    ( - 8.907e+00 1 0)
|    ( - 3.164e+02 1 0))
s>    ( QUESTION0_10_R 1 3.576e+02 3.235e+01 2.340e+01
s>        ( - 8.907e+00 1 0)
s>        ( - 3.164e+02 1 0))INFO: dtree.c(1315): Comp split 38
INFO: dtree.c(1439): stop. leaf nodes are specific
INFO: dtree.c(1478): Final simple tree
|( QUESTION0_0_R 1 3.148e+02 5.793e+01 2.200e+01
|    ( - 1.609e+02 1 0)
|    ( - 9.595e+01 1 0))
s>    ( QUESTION0_0_R 1 3.148e+02 5.793e+01 2.200e+01
s>        ( - 1.609e+02 1 0)
s>        ( - 9.595e+01 1 0))INFO: dtree.c(1315): Comp split 39
INFO: dtree.c(1439): stop. leaf nodes are specific
INFO: dtree.c(1478): Final simple tree
|( QUESTION11 -1 2.688e+02 6.003e+01 1.699e+01
|    ( - 1.063e+02 1 0)
|    ( - 1.024e+02 1 0))
s>    ( QUESTION11 -1 2.688e+02 6.003e+01 1.699e+01
s>        ( - 1.063e+02 1 0)
s>        ( - 1.024e+02 1 0))INFO: dtree.c(1315): Comp split 40
INFO: dtree.c(1439): stop. leaf nodes are specific
INFO: dtree.c(1478): Final simple tree
|( SILENCE 1 2.654e+02 3.766e+01 1.793e+01
|    ( - 2.165e+02 1 0)
|    ( - 1.124e+01 1 0))
s>    ( SILENCE 1 2.654e+02 3.766e+01 1.793e+01
s>        ( - 2.165e+02 1 0)
s>        ( - 1.124e+01 1 0))INFO: dtree.c(1439): stop. leaf nodes are specific
INFO: dtree.c(1478): Final simple tree
|( WDBNDRY_B 0 3.207e+02 7.210e+01 2.100e+01
|    ( - 9.938e+01 2 0)
|    ( WDBNDRY_E 0 1.493e+02 3.793e+01 1.300e+01
|        ( QUESTION0_14_R 1 3.601e+01 1.276e+01 5.000e+00
|            ( - 9.524e-01 1 0)
|            ( QUESTION0_10_R 1 2.230e+01 8.576e+00 4.000e+00
|                ( - 5.714e+00 1 0)
|                ( - 8.010e+00 1 0)))
|        ( - 7.531e+01 1 0)))
s>    ( WDBNDRY_B 0 3.207e+02 7.210e+01 2.100e+01
s>        ( - 9.938e+01 2 0)
s>        ( WDBNDRY_E 0 1.493e+02 3.793e+01 1.300e+01
s>            ( QUESTION0_14_R 1 3.601e+01 1.276e+01 5.000e+00
s>                ( - 9.524e-01 1 0)
s>                ( QUESTION0_10_R 1 2.230e+01 8.576e+00 4.000e+00
s>                    ( - 5.714e+00 1 0)
s>                    ( - 8.010e+00 1 0)))
s>            ( - 7.531e+01 1 0)))INFO: dtree.c(1315): Comp split 41
INFO: dtree.c(1439): stop. leaf nodes are specific
INFO: dtree.c(1478): Final simple tree
|( QUESTION0_8_R 1 2.135e+02 4.806e+01 1.700e+01
|    ( - 3.670e+01 1 0)
|    ( WDBNDRY_E 0 1.287e+02 2.431e+01 1.200e+01
|        ( - 1.689e+01 1 0)
|        ( - 8.753e+01 1 0)))
s>    ( QUESTION0_8_R 1 2.135e+02 4.806e+01 1.700e+01
s>        ( - 3.670e+01 1 0)
s>        ( WDBNDRY_E 0 1.287e+02 2.431e+01 1.200e+01
s>            ( - 1.689e+01 1 0)
s>            ( - 8.753e+01 1 0)))INFO: dtree.c(1439): stop. leaf nodes are specific
INFO: dtree.c(1478): Final simple tree
|( WDBNDRY_E 0 2.004e+02 2.026e+01 1.419e+01
|    ( - 2.322e+00 1 0)
|    ( - 1.778e+02 1 0))
s>    ( WDBNDRY_E 0 2.004e+02 2.026e+01 1.419e+01
s>        ( - 2.322e+00 1 0)
s>        ( - 1.778e+02 1 0))INFO: dtree.c(1315): Comp split 42
INFO: dtree.c(1439): stop. leaf nodes are specific
INFO: dtree.c(1478): Final simple tree
|( SILENCE -1 2.017e+02 1.894e+01 1.370e+01
|    ( - 1.804e+02 1 0)
|    ( - 2.390e+00 1 0))
s>    ( SILENCE -1 2.017e+02 1.894e+01 1.370e+01
s>        ( - 1.804e+02 1 0)
s>        ( - 2.390e+00 1 0))INFO: dtree.c(1315): Comp split 43
INFO: dtree.c(1315): Comp split 44
INFO: dtree.c(1439): stop. leaf nodes are specific
INFO: dtree.c(1478): Final simple tree
|( QUESTION0_10_R 1 4.180e+02 5.891e+01 2.894e+01
|    ( - 1.004e+02 1 0)
|    ( - 2.588e+02 1 0))
s>    ( QUESTION0_10_R 1 4.180e+02 5.891e+01 2.894e+01
s>        ( - 1.004e+02 1 0)
s>        ( - 2.588e+02 1 0))INFO: dtree.c(1315): Comp split 45
INFO: dtree.c(1315): Comp split 46
INFO: dtree.c(1315): Comp split 47
INFO: dtree.c(1439): stop. leaf nodes are specific
INFO: dtree.c(1478): Final simple tree
|( WDBNDRY_E 0 1.493e+02 3.793e+01 1.300e+01
|    ( QUESTION0_14_R 1 3.601e+01 1.276e+01 5.000e+00
|        ( - 9.524e-01 1 0)
|        ( QUESTION0_10_R 1 2.230e+01 8.576e+00 4.000e+00
|            ( - 5.714e+00 1 0)
|            ( - 8.010e+00 1 0)))
|    ( - 7.531e+01 1 0))
s>    ( WDBNDRY_E 0 1.493e+02 3.793e+01 1.300e+01
s>        ( QUESTION0_14_R 1 3.601e+01 1.276e+01 5.000e+00
s>            ( - 9.524e-01 1 0)
s>            ( QUESTION0_10_R 1 2.230e+01 8.576e+00 4.000e+00
s>                ( - 5.714e+00 1 0)
s>                ( - 8.010e+00 1 0)))
s>        ( - 7.531e+01 1 0))INFO: dtree.c(1315): Comp split 48
INFO: dtree.c(1315): Comp split 49
INFO: dtree.c(1439): stop. leaf nodes are specific
INFO: dtree.c(1478): Final simple tree
|( WDBNDRY_B 0 5.146e+01 1.562e+01 6.000e+00
|    ( - 2.857e-01 1 0)
|    ( - 3.555e+01 1 0))
s>    ( WDBNDRY_B 0 5.146e+01 1.562e+01 6.000e+00
s>        ( - 2.857e-01 1 0)
s>        ( - 3.555e+01 1 0))INFO: dtree.c(1315): Comp split 50
INFO: dtree.c(1439): stop. leaf nodes are specific
INFO: dtree.c(1478): Final simple tree
|( QUESTION0_10_R 1 3.909e+01 1.437e+01 5.000e+00
|    ( - 2.472e+01 1 0)
|    ( - 0.000e+00 1 0))
s>    ( QUESTION0_10_R 1 3.909e+01 1.437e+01 5.000e+00
s>        ( - 2.472e+01 1 0)
s>        ( - 0.000e+00 1 0))INFO: dtree.c(1315): Comp split 51
INFO: dtree.c(1315): Comp split 52
INFO: dtree.c(1315): Comp split 53
INFO: dtree.c(1315): Comp split 54
INFO: dtree.c(1315): Comp split 55
INFO: dtree.c(1439): stop. leaf nodes are specific
INFO: dtree.c(1478): Final simple tree
|( WDBNDRY_E 0 1.287e+02 2.431e+01 1.200e+01
|    ( - 1.689e+01 1 0)
|    ( - 8.753e+01 1 0))
s>    ( WDBNDRY_E 0 1.287e+02 2.431e+01 1.200e+01
s>        ( - 1.689e+01 1 0)
s>        ( - 8.753e+01 1 0))INFO: dtree.c(1315): Comp split 56
INFO: dtree.c(1315): Comp split 57
INFO: dtree.c(1315): Comp split 58
INFO: dtree.c(1439): stop. leaf nodes are specific
INFO: dtree.c(1478): Final simple tree
|( QUESTION0_14_R 1 3.601e+01 1.276e+01 5.000e+00
|    ( - 9.524e-01 1 0)
|    ( QUESTION0_10_R 1 2.230e+01 8.576e+00 4.000e+00
|        ( - 5.714e+00 1 0)
|        ( - 8.010e+00 1 0)))
s>    ( QUESTION0_14_R 1 3.601e+01 1.276e+01 5.000e+00
s>        ( - 9.524e-01 1 0)
s>        ( QUESTION0_10_R 1 2.230e+01 8.576e+00 4.000e+00
s>            ( - 5.714e+00 1 0)
s>            ( - 8.010e+00 1 0)))INFO: dtree.c(1315): Comp split 59
INFO: dtree.c(1315): Comp split 60
INFO: dtree.c(1315): Comp split 61
INFO: dtree.c(1315): Comp split 62
INFO: dtree.c(1315): Comp split 63
INFO: dtree.c(1315): Comp split 64
INFO: dtree.c(1315): Comp split 65
INFO: dtree.c(1315): Comp split 66
INFO: dtree.c(1315): Comp split 67
INFO: dtree.c(1439): stop. leaf nodes are specific
INFO: dtree.c(1478): Final simple tree
|( QUESTION0_10_R 1 2.230e+01 8.576e+00 4.000e+00
|    ( - 5.714e+00 1 0)
|    ( - 8.010e+00 1 0))
s>    ( QUESTION0_10_R 1 2.230e+01 8.576e+00 4.000e+00
s>        ( - 5.714e+00 1 0)
s>        ( - 8.010e+00 1 0))INFO: dtree.c(1315): Comp split 68
INFO: dtree.c(1315): Comp split 69
INFO: dtree.c(1318): stop. leaf nodes are specific
Fri Nov  2 10:07:17 2018
