Current configuration:
[NAME]		[DEFLT]	[VALUE]
-allphones	no	no
-cntthresh	0.00001	1.000000e-05
-csplitmax	100	2000
-csplitmin	1	1
-csplitthr	8e-4	0.000000e+00
-example	no	no
-fullvar	no	no
-help		no	no
-meanfn			
-mixwfn			/home/sdv/Documents/SDV/SDVoice/an4/model_parameters/an4.cd_semi_untied/mixture_weights
-moddeffn		/home/sdv/Documents/SDV/SDVoice/an4/model_architecture/an4.untied.mdef
-mwfloor	1e-4	1.000000e-08
-phone			Z
-psetfn			/home/sdv/Documents/SDV/SDVoice/an4/model_architecture/an4.tree_questions
-ssplitmax	5	7
-ssplitmin	1	1
-ssplitthr	8e-4	0.000000e+00
-state			1
-stwt			1.0,0.05,0.0,
-treefn			/home/sdv/Documents/SDV/SDVoice/an4/trees/an4.unpruned/Z-1.dtree
-ts2cbfn	.semi.	.semi.
-varfloor	0.00001	1.000000e-05
-varfn			

INFO: main.c(223): Reading: /home/sdv/Documents/SDV/SDVoice/an4/model_architecture/an4.untied.mdef
INFO: model_def_io.c(573): Model definition info:
INFO: model_def_io.c(574): 1618 total models defined (34 base, 1584 tri)
INFO: model_def_io.c(575): 6472 total states
INFO: model_def_io.c(576): 4854 total tied states
INFO: model_def_io.c(577): 102 total tied CI states
INFO: model_def_io.c(578): 34 total tied transition matrices
INFO: model_def_io.c(579): 4 max state/model
INFO: model_def_io.c(580): 4 min state/model
INFO: main.c(242): Building trees for [Z AH IY b] through [Z V IH b]
INFO: main.c(269): Covering states |[4779 4853]| == 75
INFO: main.c(275): Reading: /home/sdv/Documents/SDV/SDVoice/an4/model_parameters/an4.cd_semi_untied/mixture_weights
INFO: s3mixw_io.c(173): Read /home/sdv/Documents/SDV/SDVoice/an4/model_parameters/an4.cd_semi_untied/mixture_weights [75x4x256 array]
INFO: main.c(311): 25 of 25 models have observation count greater than 0.000010
INFO: main.c(95): nrm stwt: 0.045 0.909 0.045 
INFO: main.c(411): 25-class entropy: 7.917587e+03
INFO: main.c(549): Reading: /home/sdv/Documents/SDV/SDVoice/an4/model_architecture/an4.tree_questions
INFO: main.c(588): 176 total simple questions (168 phone; 8 word bndry)
INFO: main.c(590): 42 Left Only questions, and 42 Right Only questions
INFO: dtree.c(1478): Final simple tree
|( QUESTION0_0_R 1 1.210e+04 6.326e+02 5.511e+02
|    ( QUESTION13 -1 7.358e+03 4.173e+02 3.511e+02
|        ( QUESTION16 -1 3.698e+03 2.841e+02 1.864e+02
|            ( - 8.118e+02 3 0 QUESTION2_0_L -1 1.357e+02 4.900e+01)
|            ( - 2.602e+03 3 0 QUESTION14 -1 5.055e+01 1.374e+02))
|        ( QUESTION2_7_L -1 3.242e+03 2.965e+02 1.647e+02
|            ( - 1.411e+03 4 0 QUESTION2 -1 1.762e+02 8.234e+01)
|            ( QUESTION12 -1 1.535e+03 1.939e+02 8.239e+01
|                ( - 4.625e+02 1 0)
|                ( - 8.782e+02 3 0 SILENCE -1 1.301e+02 5.100e+01))))
|    ( QUESTION2 -1 4.113e+03 3.453e+02 2.000e+02
|        ( - 1.686e+03 4 0 QUESTION3 -1 1.921e+02 9.405e+01)
|        ( QUESTION1 -1 2.081e+03 2.246e+02 1.060e+02
|            ( - 9.078e+02 1 0)
|            ( - 9.488e+02 6 0 QUESTION0 -1 1.399e+02 5.508e+01))))
s>    ( QUESTION0_0_R 1 1.210e+04 6.326e+02 5.511e+02
s>        ( QUESTION13 -1 7.358e+03 4.173e+02 3.511e+02
s>            ( QUESTION16 -1 3.698e+03 2.841e+02 1.864e+02
s>                ( - 8.118e+02 3 0 QUESTION2_0_L -1 1.357e+02 4.900e+01)
s>                ( - 2.602e+03 3 0 QUESTION14 -1 5.055e+01 1.374e+02))
s>            ( QUESTION2_7_L -1 3.242e+03 2.965e+02 1.647e+02
s>                ( - 1.411e+03 4 0 QUESTION2 -1 1.762e+02 8.234e+01)
s>                ( QUESTION12 -1 1.535e+03 1.939e+02 8.239e+01
s>                    ( - 4.625e+02 1 0)
s>                    ( - 8.782e+02 3 0 SILENCE -1 1.301e+02 5.100e+01))))
s>        ( QUESTION2 -1 4.113e+03 3.453e+02 2.000e+02
s>            ( - 1.686e+03 4 0 QUESTION3 -1 1.921e+02 9.405e+01)
s>            ( QUESTION1 -1 2.081e+03 2.246e+02 1.060e+02
s>                ( - 9.078e+02 1 0)
s>                ( - 9.488e+02 6 0 QUESTION0 -1 1.399e+02 5.508e+01))))INFO: dtree.c(1315): Comp split 0
INFO: dtree.c(1478): Final simple tree
|( QUESTION13 -1 7.358e+03 4.173e+02 3.511e+02
|    ( QUESTION16 -1 3.698e+03 2.841e+02 1.864e+02
|        ( QUESTION2_0_L -1 8.118e+02 1.357e+02 4.900e+01
|            ( - 1.945e+02 1 0)
|            ( - 4.817e+02 2 0))
|        ( - 2.602e+03 3 0 QUESTION14 -1 5.055e+01 1.374e+02))
|    ( QUESTION2_7_L -1 3.242e+03 2.965e+02 1.647e+02
|        ( QUESTION2 -1 1.411e+03 1.762e+02 8.234e+01
|            ( - 7.476e+02 2 0)
|            ( - 4.874e+02 2 0 QUESTION1 -1 7.148e+01 3.400e+01))
|        ( QUESTION12 -1 1.535e+03 1.939e+02 8.239e+01
|            ( - 4.625e+02 1 0)
|            ( SILENCE -1 8.782e+02 1.301e+02 5.100e+01
|                ( - 4.113e+02 1 0)
|                ( - 3.368e+02 2 0 QUESTION2_11_L -1 5.719e+01 2.200e+01)))))
s>    ( QUESTION13 -1 7.358e+03 4.173e+02 3.511e+02
s>        ( QUESTION16 -1 3.698e+03 2.841e+02 1.864e+02
s>            ( QUESTION2_0_L -1 8.118e+02 1.357e+02 4.900e+01
s>                ( - 1.945e+02 1 0)
s>                ( - 4.817e+02 2 0))
s>            ( - 2.602e+03 3 0 QUESTION14 -1 5.055e+01 1.374e+02))
s>        ( QUESTION2_7_L -1 3.242e+03 2.965e+02 1.647e+02
s>            ( QUESTION2 -1 1.411e+03 1.762e+02 8.234e+01
s>                ( - 7.476e+02 2 0)
s>                ( - 4.874e+02 2 0 QUESTION1 -1 7.148e+01 3.400e+01))
s>            ( QUESTION12 -1 1.535e+03 1.939e+02 8.239e+01
s>                ( - 4.625e+02 1 0)
s>                ( SILENCE -1 8.782e+02 1.301e+02 5.100e+01
s>                    ( - 4.113e+02 1 0)
s>                    ( - 3.368e+02 2 0 QUESTION2_11_L -1 5.719e+01 2.200e+01)))))INFO: dtree.c(1478): Final simple tree
|( QUESTION2 -1 4.113e+03 3.453e+02 2.000e+02
|    ( QUESTION3 -1 1.686e+03 1.921e+02 9.405e+01
|        ( - 5.890e+02 2 0)
|        ( WDBNDRY_B 0 9.049e+02 1.321e+02 5.318e+01
|            ( - 4.258e+02 1 0)
|            ( - 3.471e+02 1 0)))
|    ( QUESTION1 -1 2.081e+03 2.246e+02 1.060e+02
|        ( - 9.078e+02 1 0)
|        ( QUESTION0 -1 9.488e+02 1.399e+02 5.508e+01
|            ( QUESTION11 -1 5.106e+02 9.714e+01 3.301e+01
|                ( - 2.268e+02 1 0)
|                ( - 1.866e+02 1 0))
|            ( QUESTION16 -1 2.984e+02 6.791e+01 2.208e+01
|                ( - 7.128e+01 2 0)
|                ( - 1.592e+02 2 0 QUESTION14 -1 3.540e+01 1.508e+01)))))
s>    ( QUESTION2 -1 4.113e+03 3.453e+02 2.000e+02
s>        ( QUESTION3 -1 1.686e+03 1.921e+02 9.405e+01
s>            ( - 5.890e+02 2 0)
s>            ( WDBNDRY_B 0 9.049e+02 1.321e+02 5.318e+01
s>                ( - 4.258e+02 1 0)
s>                ( - 3.471e+02 1 0)))
s>        ( QUESTION1 -1 2.081e+03 2.246e+02 1.060e+02
s>            ( - 9.078e+02 1 0)
s>            ( QUESTION0 -1 9.488e+02 1.399e+02 5.508e+01
s>                ( QUESTION11 -1 5.106e+02 9.714e+01 3.301e+01
s>                    ( - 2.268e+02 1 0)
s>                    ( - 1.866e+02 1 0))
s>                ( QUESTION16 -1 2.984e+02 6.791e+01 2.208e+01
s>                    ( - 7.128e+01 2 0)
s>                    ( - 1.592e+02 2 0 QUESTION14 -1 3.540e+01 1.508e+01)))))INFO: dtree.c(1315): Comp split 1
INFO: dtree.c(1439): stop. leaf nodes are specific
INFO: dtree.c(1478): Final simple tree
|( QUESTION0 -1 4.123e+03 2.882e+02 2.077e+02
|    ( QUESTION2_11_L -1 1.232e+03 1.485e+02 7.034e+01
|        ( - 2.441e+02 1 0)
|        ( QUESTION1 -1 8.396e+02 5.662e+01 5.334e+01
|            ( - 7.476e+02 2 0)
|            ( - 3.546e+01 1 0)))
|    ( QUESTION14 -1 2.602e+03 5.055e+01 1.374e+02
|        ( - 2.537e+03 2 0)
|        ( - 1.486e+01 1 0)))
s>    ( QUESTION0 -1 4.123e+03 2.882e+02 2.077e+02
s>        ( QUESTION2_11_L -1 1.232e+03 1.485e+02 7.034e+01
s>            ( - 2.441e+02 1 0)
s>            ( QUESTION1 -1 8.396e+02 5.662e+01 5.334e+01
s>                ( - 7.476e+02 2 0)
s>                ( - 3.546e+01 1 0)))
s>        ( QUESTION14 -1 2.602e+03 5.055e+01 1.374e+02
s>            ( - 2.537e+03 2 0)
s>            ( - 1.486e+01 1 0)))INFO: dtree.c(1439): stop. leaf nodes are specific
INFO: dtree.c(1478): Final simple tree
|( QUESTION13 -1 2.775e+03 2.683e+02 1.434e+02
|    ( QUESTION2_0_L -1 8.118e+02 1.357e+02 4.900e+01
|        ( - 1.945e+02 1 0)
|        ( - 4.817e+02 2 0))
|    ( QUESTION2_7_L -1 1.695e+03 1.872e+02 9.439e+01
|        ( QUESTION1 -1 4.874e+02 7.148e+01 3.400e+01
|            ( - 3.466e+02 1 0)
|            ( - 6.935e+01 1 0))
|        ( SILENCE -1 1.020e+03 1.463e+02 6.039e+01
|            ( - 4.113e+02 1 0)
|            ( - 4.625e+02 1 0))))
s>    ( QUESTION13 -1 2.775e+03 2.683e+02 1.434e+02
s>        ( QUESTION2_0_L -1 8.118e+02 1.357e+02 4.900e+01
s>            ( - 1.945e+02 1 0)
s>            ( - 4.817e+02 2 0))
s>        ( QUESTION2_7_L -1 1.695e+03 1.872e+02 9.439e+01
s>            ( QUESTION1 -1 4.874e+02 7.148e+01 3.400e+01
s>                ( - 3.466e+02 1 0)
s>                ( - 6.935e+01 1 0))
s>            ( SILENCE -1 1.020e+03 1.463e+02 6.039e+01
s>                ( - 4.113e+02 1 0)
s>                ( - 4.625e+02 1 0))))INFO: dtree.c(1315): Comp split 2
INFO: dtree.c(1439): stop. leaf nodes are specific
INFO: dtree.c(1478): Final simple tree
|( QUESTION4 -1 1.955e+03 2.117e+02 1.091e+02
|    ( WDBNDRY_B 0 9.049e+02 1.321e+02 5.318e+01
|        ( - 4.258e+02 1 0)
|        ( - 3.471e+02 1 0))
|    ( QUESTION0 -1 8.381e+02 8.983e+01 5.595e+01
|        ( - 5.890e+02 2 0)
|        ( QUESTION14 -1 1.592e+02 3.540e+01 1.508e+01
|            ( - 1.030e+02 1 0)
|            ( - 2.086e+01 1 0))))
s>    ( QUESTION4 -1 1.955e+03 2.117e+02 1.091e+02
s>        ( WDBNDRY_B 0 9.049e+02 1.321e+02 5.318e+01
s>            ( - 4.258e+02 1 0)
s>            ( - 3.471e+02 1 0))
s>        ( QUESTION0 -1 8.381e+02 8.983e+01 5.595e+01
s>            ( - 5.890e+02 2 0)
s>            ( QUESTION14 -1 1.592e+02 3.540e+01 1.508e+01
s>                ( - 1.030e+02 1 0)
s>                ( - 2.086e+01 1 0))))INFO: dtree.c(1439): stop. leaf nodes are specific
INFO: dtree.c(1478): Final simple tree
|( QUESTION1 -1 1.777e+03 2.030e+02 9.091e+01
|    ( - 9.078e+02 1 0)
|    ( QUESTION12 -1 6.665e+02 1.142e+02 4.001e+01
|        ( - 1.866e+02 1 0)
|        ( QUESTION0 -1 3.657e+02 6.760e+01 2.401e+01
|            ( - 2.268e+02 1 0)
|            ( - 7.128e+01 2 0))))
s>    ( QUESTION1 -1 1.777e+03 2.030e+02 9.091e+01
s>        ( - 9.078e+02 1 0)
s>        ( QUESTION12 -1 6.665e+02 1.142e+02 4.001e+01
s>            ( - 1.866e+02 1 0)
s>            ( QUESTION0 -1 3.657e+02 6.760e+01 2.401e+01
s>                ( - 2.268e+02 1 0)
s>                ( - 7.128e+01 2 0))))INFO: dtree.c(1315): Comp split 3
INFO: dtree.c(1439): stop. leaf nodes are specific
INFO: dtree.c(1478): Final simple tree
|( QUESTION2_11_L -1 1.232e+03 1.485e+02 7.034e+01
|    ( - 2.441e+02 1 0)
|    ( QUESTION1 -1 8.396e+02 5.662e+01 5.334e+01
|        ( - 7.476e+02 2 0)
|        ( - 3.546e+01 1 0)))
s>    ( QUESTION2_11_L -1 1.232e+03 1.485e+02 7.034e+01
s>        ( - 2.441e+02 1 0)
s>        ( QUESTION1 -1 8.396e+02 5.662e+01 5.334e+01
s>            ( - 7.476e+02 2 0)
s>            ( - 3.546e+01 1 0)))INFO: dtree.c(1439): stop. leaf nodes are specific
INFO: dtree.c(1478): Final simple tree
|( QUESTION14 -1 2.602e+03 5.055e+01 1.374e+02
|    ( - 2.537e+03 2 0)
|    ( - 1.486e+01 1 0))
s>    ( QUESTION14 -1 2.602e+03 5.055e+01 1.374e+02
s>        ( - 2.537e+03 2 0)
s>        ( - 1.486e+01 1 0))INFO: dtree.c(1315): Comp split 4
INFO: dtree.c(1439): stop. leaf nodes are specific
INFO: dtree.c(1478): Final simple tree
|( SILENCE -1 1.182e+03 1.593e+02 6.839e+01
|    ( - 4.113e+02 1 0)
|    ( QUESTION2_7_L -1 6.115e+02 7.967e+01 3.939e+01
|        ( - 6.935e+01 1 0)
|        ( - 4.625e+02 1 0)))
s>    ( SILENCE -1 1.182e+03 1.593e+02 6.839e+01
s>        ( - 4.113e+02 1 0)
s>        ( QUESTION2_7_L -1 6.115e+02 7.967e+01 3.939e+01
s>            ( - 6.935e+01 1 0)
s>            ( - 4.625e+02 1 0)))INFO: dtree.c(1439): stop. leaf nodes are specific
INFO: dtree.c(1478): Final simple tree
|( QUESTION0 -1 1.307e+03 1.487e+02 7.500e+01
|    ( - 3.466e+02 1 0)
|    ( QUESTION2_0_L -1 8.118e+02 1.357e+02 4.900e+01
|        ( - 1.945e+02 1 0)
|        ( - 4.817e+02 2 0)))
s>    ( QUESTION0 -1 1.307e+03 1.487e+02 7.500e+01
s>        ( - 3.466e+02 1 0)
s>        ( QUESTION2_0_L -1 8.118e+02 1.357e+02 4.900e+01
s>            ( - 1.945e+02 1 0)
s>            ( - 4.817e+02 2 0)))INFO: dtree.c(1315): Comp split 5
INFO: dtree.c(1439): stop. leaf nodes are specific
INFO: dtree.c(1478): Final simple tree
|( QUESTION0 -1 8.381e+02 8.983e+01 5.595e+01
|    ( - 5.890e+02 2 0)
|    ( QUESTION14 -1 1.592e+02 3.540e+01 1.508e+01
|        ( - 1.030e+02 1 0)
|        ( - 2.086e+01 1 0)))
s>    ( QUESTION0 -1 8.381e+02 8.983e+01 5.595e+01
s>        ( - 5.890e+02 2 0)
s>        ( QUESTION14 -1 1.592e+02 3.540e+01 1.508e+01
s>            ( - 1.030e+02 1 0)
s>            ( - 2.086e+01 1 0)))INFO: dtree.c(1439): stop. leaf nodes are specific
INFO: dtree.c(1478): Final simple tree
|( WDBNDRY_B 0 9.049e+02 1.321e+02 5.318e+01
|    ( - 4.258e+02 1 0)
|    ( - 3.471e+02 1 0))
s>    ( WDBNDRY_B 0 9.049e+02 1.321e+02 5.318e+01
s>        ( - 4.258e+02 1 0)
s>        ( - 3.471e+02 1 0))INFO: dtree.c(1315): Comp split 6
INFO: dtree.c(1439): stop. leaf nodes are specific
INFO: dtree.c(1478): Final simple tree
|( QUESTION12 -1 6.665e+02 1.142e+02 4.001e+01
|    ( - 1.866e+02 1 0)
|    ( QUESTION0 -1 3.657e+02 6.760e+01 2.401e+01
|        ( - 2.268e+02 1 0)
|        ( - 7.128e+01 2 0)))
s>    ( QUESTION12 -1 6.665e+02 1.142e+02 4.001e+01
s>        ( - 1.866e+02 1 0)
s>        ( QUESTION0 -1 3.657e+02 6.760e+01 2.401e+01
s>            ( - 2.268e+02 1 0)
s>            ( - 7.128e+01 2 0)))INFO: dtree.c(1315): Comp split 7
INFO: dtree.c(1439): stop. leaf nodes are specific
INFO: dtree.c(1478): Final simple tree
|( QUESTION0 -1 6.314e+02 9.033e+01 4.200e+01
|    ( - 3.466e+02 1 0)
|    ( - 1.945e+02 1 0))
s>    ( QUESTION0 -1 6.314e+02 9.033e+01 4.200e+01
s>        ( - 3.466e+02 1 0)
s>        ( - 1.945e+02 1 0))INFO: dtree.c(1315): Comp split 8
INFO: dtree.c(1439): stop. leaf nodes are specific
INFO: dtree.c(1478): Final simple tree
|( QUESTION2_7_L -1 6.115e+02 7.967e+01 3.939e+01
|    ( - 6.935e+01 1 0)
|    ( - 4.625e+02 1 0))
s>    ( QUESTION2_7_L -1 6.115e+02 7.967e+01 3.939e+01
s>        ( - 6.935e+01 1 0)
s>        ( - 4.625e+02 1 0))INFO: dtree.c(1315): Comp split 9
INFO: dtree.c(1439): stop. leaf nodes are specific
INFO: dtree.c(1478): Final simple tree
|( QUESTION1 -1 8.396e+02 5.662e+01 5.334e+01
|    ( - 7.476e+02 2 0)
|    ( - 3.546e+01 1 0))
s>    ( QUESTION1 -1 8.396e+02 5.662e+01 5.334e+01
s>        ( - 7.476e+02 2 0)
s>        ( - 3.546e+01 1 0))INFO: dtree.c(1315): Comp split 10
INFO: dtree.c(1315): Comp split 11
INFO: dtree.c(1439): stop. leaf nodes are specific
INFO: dtree.c(1478): Final simple tree
|( QUESTION0 -1 3.657e+02 6.760e+01 2.401e+01
|    ( - 2.268e+02 1 0)
|    ( - 7.128e+01 2 0))
s>    ( QUESTION0 -1 3.657e+02 6.760e+01 2.401e+01
s>        ( - 2.268e+02 1 0)
s>        ( - 7.128e+01 2 0))INFO: dtree.c(1315): Comp split 12
INFO: dtree.c(1315): Comp split 13
INFO: dtree.c(1439): stop. leaf nodes are specific
INFO: dtree.c(1478): Final simple tree
|( QUESTION14 -1 1.592e+02 3.540e+01 1.508e+01
|    ( - 1.030e+02 1 0)
|    ( - 2.086e+01 1 0))
s>    ( QUESTION14 -1 1.592e+02 3.540e+01 1.508e+01
s>        ( - 1.030e+02 1 0)
s>        ( - 2.086e+01 1 0))INFO: dtree.c(1315): Comp split 14
INFO: dtree.c(1315): Comp split 15
INFO: dtree.c(1315): Comp split 16
INFO: dtree.c(1315): Comp split 17
INFO: dtree.c(1315): Comp split 18
INFO: dtree.c(1315): Comp split 19
INFO: dtree.c(1318): stop. leaf nodes are specific
Fri Nov  2 10:08:02 2018
