Current configuration:
[NAME]		[DEFLT]	[VALUE]
-allphones	no	no
-cntthresh	0.00001	1.000000e-05
-csplitmax	100	2000
-csplitmin	1	1
-csplitthr	8e-4	0.000000e+00
-example	no	no
-fullvar	no	no
-help		no	no
-meanfn			
-mixwfn			/home/sdv/Documents/SDV/SDVoice/an4/model_parameters/an4.cd_semi_untied/mixture_weights
-moddeffn		/home/sdv/Documents/SDV/SDVoice/an4/model_architecture/an4.untied.mdef
-mwfloor	1e-4	1.000000e-08
-phone			EH
-psetfn			/home/sdv/Documents/SDV/SDVoice/an4/model_architecture/an4.tree_questions
-ssplitmax	5	7
-ssplitmin	1	1
-ssplitthr	8e-4	0.000000e+00
-state			1
-stwt			1.0,0.05,0.0,
-treefn			/home/sdv/Documents/SDV/SDVoice/an4/trees/an4.unpruned/EH-1.dtree
-ts2cbfn	.semi.	.semi.
-varfloor	0.00001	1.000000e-05
-varfn			

INFO: main.c(223): Reading: /home/sdv/Documents/SDV/SDVoice/an4/model_architecture/an4.untied.mdef
INFO: model_def_io.c(573): Model definition info:
INFO: model_def_io.c(574): 1618 total models defined (34 base, 1584 tri)
INFO: model_def_io.c(575): 6472 total states
INFO: model_def_io.c(576): 4854 total tied states
INFO: model_def_io.c(577): 102 total tied CI states
INFO: model_def_io.c(578): 34 total tied transition matrices
INFO: model_def_io.c(579): 4 max state/model
INFO: model_def_io.c(580): 4 min state/model
INFO: main.c(242): Building trees for [EH AH F b] through [EH Y S i]
INFO: main.c(269): Covering states |[978 1271]| == 294
INFO: main.c(275): Reading: /home/sdv/Documents/SDV/SDVoice/an4/model_parameters/an4.cd_semi_untied/mixture_weights
INFO: s3mixw_io.c(173): Read /home/sdv/Documents/SDV/SDVoice/an4/model_parameters/an4.cd_semi_untied/mixture_weights [294x4x256 array]
INFO: main.c(311): 98 of 98 models have observation count greater than 0.000010
INFO: main.c(95): nrm stwt: 0.045 0.909 0.045 
INFO: main.c(411): 98-class entropy: 7.264621e+04
INFO: main.c(549): Reading: /home/sdv/Documents/SDV/SDVoice/an4/model_architecture/an4.tree_questions
INFO: main.c(588): 176 total simple questions (168 phone; 8 word bndry)
INFO: main.c(590): 42 Left Only questions, and 42 Right Only questions
INFO: dtree.c(1478): Final simple tree
|( WDBNDRY_B 0 1.019e+05 3.687e+03 3.925e+03
|    ( SILENCE -1 8.168e+04 1.859e+03 3.153e+03
|        ( - 1.813e+04 7 0 QUESTION0_2_R 1 6.106e+02 7.895e+02)
|        ( QUESTION0_2_R 1 6.169e+04 1.544e+03 2.363e+03
|            ( QUESTION15 -1 2.515e+04 7.134e+02 9.910e+02
|                ( - 1.132e+04 8 0 QUESTION2_0_L -1 5.170e+02 4.587e+02)
|                ( - 1.312e+04 18 0 QUESTION0 -1 5.727e+02 5.323e+02))
|            ( QUESTION14 -1 3.500e+04 8.854e+02 1.372e+03
|                ( - 1.628e+04 8 0 QUESTION0_20_R 1 6.041e+02 6.867e+02)
|                ( - 1.783e+04 43 0 QUESTION2_0_L -1 6.773e+02 6.857e+02))))
|    ( QUESTION11 -1 1.656e+04 1.574e+03 7.717e+02
|        ( - 9.054e+03 5 0 QUESTION0_0_R 1 2.002e+02 5.116e+02)
|        ( QUESTION0 -1 5.933e+03 7.059e+02 2.601e+02
|            ( - 2.289e+03 4 0 QUESTION0_2_R 1 2.723e+02 1.150e+02)
|            ( - 2.939e+03 5 0 QUESTION0_1_R 1 4.520e+02 1.451e+02))))
s>    ( WDBNDRY_B 0 1.019e+05 3.687e+03 3.925e+03
s>        ( SILENCE -1 8.168e+04 1.859e+03 3.153e+03
s>            ( - 1.813e+04 7 0 QUESTION0_2_R 1 6.106e+02 7.895e+02)
s>            ( QUESTION0_2_R 1 6.169e+04 1.544e+03 2.363e+03
s>                ( QUESTION15 -1 2.515e+04 7.134e+02 9.910e+02
s>                    ( - 1.132e+04 8 0 QUESTION2_0_L -1 5.170e+02 4.587e+02)
s>                    ( - 1.312e+04 18 0 QUESTION0 -1 5.727e+02 5.323e+02))
s>                ( QUESTION14 -1 3.500e+04 8.854e+02 1.372e+03
s>                    ( - 1.628e+04 8 0 QUESTION0_20_R 1 6.041e+02 6.867e+02)
s>                    ( - 1.783e+04 43 0 QUESTION2_0_L -1 6.773e+02 6.857e+02))))
s>        ( QUESTION11 -1 1.656e+04 1.574e+03 7.717e+02
s>            ( - 9.054e+03 5 0 QUESTION0_0_R 1 2.002e+02 5.116e+02)
s>            ( QUESTION0 -1 5.933e+03 7.059e+02 2.601e+02
s>                ( - 2.289e+03 4 0 QUESTION0_2_R 1 2.723e+02 1.150e+02)
s>                ( - 2.939e+03 5 0 QUESTION0_1_R 1 4.520e+02 1.451e+02))))INFO: dtree.c(1315): Comp split 0
INFO: dtree.c(1439): stop. leaf nodes are specific
INFO: dtree.c(1478): Final simple tree
|( QUESTION0_0_R 1 9.054e+03 2.002e+02 5.116e+02
|    ( QUESTION2 1 8.491e+03 6.314e+01 4.846e+02
|        ( - 8.405e+03 1 0)
|        ( - 2.322e+01 1 0))
|    ( QUESTION0_15_R 1 3.633e+02 5.762e+01 2.700e+01
|        ( - 7.294e+01 1 0)
|        ( - 2.328e+02 2 0)))
s>    ( QUESTION0_0_R 1 9.054e+03 2.002e+02 5.116e+02
s>        ( QUESTION2 1 8.491e+03 6.314e+01 4.846e+02
s>            ( - 8.405e+03 1 0)
s>            ( - 2.322e+01 1 0))
s>        ( QUESTION0_15_R 1 3.633e+02 5.762e+01 2.700e+01
s>            ( - 7.294e+01 1 0)
s>            ( - 2.328e+02 2 0)))INFO: dtree.c(1478): Final simple tree
|( SILENCE -1 8.905e+04 1.891e+03 3.413e+03
|    ( - 1.813e+04 7 0 QUESTION0_2_R 1 6.106e+02 7.895e+02)
|    ( QUESTION7 1 6.903e+04 1.647e+03 2.623e+03
|        ( WDBNDRY_B 0 2.856e+04 9.845e+02 1.109e+03
|            ( QUESTION15 -1 2.515e+04 7.134e+02 9.910e+02
|                ( - 1.132e+04 8 0 QUESTION2_0_L -1 5.170e+02 4.587e+02)
|                ( - 1.312e+04 18 0 QUESTION0 -1 5.727e+02 5.323e+02))
|            ( - 2.428e+03 3 0 QUESTION0 -1 3.709e+02 1.181e+02))
|        ( QUESTION14 -1 3.882e+04 1.015e+03 1.514e+03
|            ( WDBNDRY_B 0 1.797e+04 6.181e+02 7.605e+02
|                ( - 1.628e+04 8 0 QUESTION0_20_R 1 6.041e+02 6.867e+02)
|                ( - 1.073e+03 1 0))
|            ( QUESTION2_0_L -1 1.984e+04 7.553e+02 7.539e+02
|                ( - 5.550e+03 9 0 QUESTION16 -1 4.703e+02 2.250e+02)
|                ( - 1.353e+04 39 0 QUESTION0_4_R 1 6.102e+02 5.289e+02)))))
s>    ( SILENCE -1 8.905e+04 1.891e+03 3.413e+03
s>        ( - 1.813e+04 7 0 QUESTION0_2_R 1 6.106e+02 7.895e+02)
s>        ( QUESTION7 1 6.903e+04 1.647e+03 2.623e+03
s>            ( WDBNDRY_B 0 2.856e+04 9.845e+02 1.109e+03
s>                ( QUESTION15 -1 2.515e+04 7.134e+02 9.910e+02
s>                    ( - 1.132e+04 8 0 QUESTION2_0_L -1 5.170e+02 4.587e+02)
s>                    ( - 1.312e+04 18 0 QUESTION0 -1 5.727e+02 5.323e+02))
s>                ( - 2.428e+03 3 0 QUESTION0 -1 3.709e+02 1.181e+02))
s>            ( QUESTION14 -1 3.882e+04 1.015e+03 1.514e+03
s>                ( WDBNDRY_B 0 1.797e+04 6.181e+02 7.605e+02
s>                    ( - 1.628e+04 8 0 QUESTION0_20_R 1 6.041e+02 6.867e+02)
s>                    ( - 1.073e+03 1 0))
s>                ( QUESTION2_0_L -1 1.984e+04 7.553e+02 7.539e+02
s>                    ( - 5.550e+03 9 0 QUESTION16 -1 4.703e+02 2.250e+02)
s>                    ( - 1.353e+04 39 0 QUESTION0_4_R 1 6.102e+02 5.289e+02)))))INFO: dtree.c(1315): Comp split 1
INFO: dtree.c(1478): Final simple tree
|( QUESTION0_2_R 1 5.086e+04 1.490e+03 1.977e+03
|    ( QUESTION15 -1 2.515e+04 7.134e+02 9.910e+02
|        ( QUESTION2_0_L -1 1.132e+04 5.170e+02 4.587e+02
|            ( - 7.625e+03 4 0 QUESTION16 -1 4.627e+02 3.159e+02)
|            ( - 3.177e+03 4 0 QUESTION0_3_R 1 2.986e+02 1.428e+02))
|        ( QUESTION0 -1 1.312e+04 5.727e+02 5.323e+02
|            ( - 6.979e+03 14 0 QUESTION2_7_L -1 4.379e+02 2.954e+02)
|            ( - 5.564e+03 4 0 QUESTION0_3_R 1 3.857e+02 2.369e+02)))
|    ( QUESTION2_0_L -1 2.422e+04 7.821e+02 9.855e+02
|        ( WDBNDRY_B 0 7.156e+03 6.003e+02 2.988e+02
|            ( - 5.034e+03 7 0 QUESTION16 -1 4.318e+02 2.079e+02)
|            ( - 1.522e+03 3 0 QUESTION0_0_R 1 2.132e+02 9.086e+01))
|        ( QUESTION0_20_R 1 1.628e+04 6.041e+02 6.867e+02
|            ( - 1.037e+04 4 0)
|            ( - 5.312e+03 4 0 QUESTION0_0_R 1 3.251e+02 2.362e+02))))
s>    ( QUESTION0_2_R 1 5.086e+04 1.490e+03 1.977e+03
s>        ( QUESTION15 -1 2.515e+04 7.134e+02 9.910e+02
s>            ( QUESTION2_0_L -1 1.132e+04 5.170e+02 4.587e+02
s>                ( - 7.625e+03 4 0 QUESTION16 -1 4.627e+02 3.159e+02)
s>                ( - 3.177e+03 4 0 QUESTION0_3_R 1 2.986e+02 1.428e+02))
s>            ( QUESTION0 -1 1.312e+04 5.727e+02 5.323e+02
s>                ( - 6.979e+03 14 0 QUESTION2_7_L -1 4.379e+02 2.954e+02)
s>                ( - 5.564e+03 4 0 QUESTION0_3_R 1 3.857e+02 2.369e+02)))
s>        ( QUESTION2_0_L -1 2.422e+04 7.821e+02 9.855e+02
s>            ( WDBNDRY_B 0 7.156e+03 6.003e+02 2.988e+02
s>                ( - 5.034e+03 7 0 QUESTION16 -1 4.318e+02 2.079e+02)
s>                ( - 1.522e+03 3 0 QUESTION0_0_R 1 2.132e+02 9.086e+01))
s>            ( QUESTION0_20_R 1 1.628e+04 6.041e+02 6.867e+02
s>                ( - 1.037e+04 4 0)
s>                ( - 5.312e+03 4 0 QUESTION0_0_R 1 3.251e+02 2.362e+02))))INFO: dtree.c(1478): Final simple tree
|( SILENCE -1 3.617e+04 1.300e+03 1.436e+03
|    ( QUESTION0_2_R 1 1.813e+04 6.106e+02 7.895e+02
|        ( QUESTION0_3_R 1 1.190e+04 4.970e+02 5.327e+02
|            ( - 2.441e+03 1 0)
|            ( - 8.964e+03 1 0))
|        ( - 5.613e+03 5 0 QUESTION0_20_R 1 3.039e+02 2.568e+02))
|    ( WDBNDRY_B 0 1.674e+04 8.587e+02 6.470e+02
|        ( QUESTION0_0_R 1 1.212e+04 5.214e+02 4.778e+02
|            ( - 3.733e+03 8 0 QUESTION0 -1 3.306e+02 1.572e+02)
|            ( QUESTION10 -1 7.869e+03 4.670e+02 3.206e+02
|                ( - 3.480e+03 12 0 QUESTION2_11_L -1 2.977e+02 1.546e+02)
|                ( - 3.921e+03 16 0 QUESTION2 -1 3.665e+02 1.660e+02)))
|        ( QUESTION2_10_L -1 3.762e+03 5.029e+02 1.692e+02
|            ( - 2.130e+03 3 0 QUESTION0_2_R 1 2.493e+02 1.090e+02)
|            ( - 1.129e+03 3 0 QUESTION2 1 1.703e+02 6.023e+01))))
s>    ( SILENCE -1 3.617e+04 1.300e+03 1.436e+03
s>        ( QUESTION0_2_R 1 1.813e+04 6.106e+02 7.895e+02
s>            ( QUESTION0_3_R 1 1.190e+04 4.970e+02 5.327e+02
s>                ( - 2.441e+03 1 0)
s>                ( - 8.964e+03 1 0))
s>            ( - 5.613e+03 5 0 QUESTION0_20_R 1 3.039e+02 2.568e+02))
s>        ( WDBNDRY_B 0 1.674e+04 8.587e+02 6.470e+02
s>            ( QUESTION0_0_R 1 1.212e+04 5.214e+02 4.778e+02
s>                ( - 3.733e+03 8 0 QUESTION0 -1 3.306e+02 1.572e+02)
s>                ( QUESTION10 -1 7.869e+03 4.670e+02 3.206e+02
s>                    ( - 3.480e+03 12 0 QUESTION2_11_L -1 2.977e+02 1.546e+02)
s>                    ( - 3.921e+03 16 0 QUESTION2 -1 3.665e+02 1.660e+02)))
s>            ( QUESTION2_10_L -1 3.762e+03 5.029e+02 1.692e+02
s>                ( - 2.130e+03 3 0 QUESTION0_2_R 1 2.493e+02 1.090e+02)
s>                ( - 1.129e+03 3 0 QUESTION2 1 1.703e+02 6.023e+01))))INFO: dtree.c(1315): Comp split 2
INFO: dtree.c(1478): Final simple tree
|( QUESTION2_0_L -1 2.422e+04 7.821e+02 9.855e+02
|    ( WDBNDRY_B 0 7.156e+03 6.003e+02 2.988e+02
|        ( QUESTION16 -1 5.034e+03 4.318e+02 2.079e+02
|            ( QUESTION0_0_R 1 2.430e+03 2.547e+02 1.061e+02
|                ( - 1.225e+03 1 0)
|                ( - 9.507e+02 2 0))
|            ( QUESTION0_20_R 1 2.172e+03 2.741e+02 1.019e+02
|                ( - 9.668e+02 2 0)
|                ( - 9.308e+02 2 0 QUESTION0_0_R 1 6.476e+01 4.769e+01)))
|        ( - 1.522e+03 3 0 QUESTION0_0_R 1 2.132e+02 9.086e+01))
|    ( QUESTION0_20_R 1 1.628e+04 6.041e+02 6.867e+02
|        ( - 1.037e+04 4 0)
|        ( QUESTION0_0_R 1 5.312e+03 3.251e+02 2.362e+02
|            ( - 4.073e+03 2 0)
|            ( - 9.147e+02 2 0))))
s>    ( QUESTION2_0_L -1 2.422e+04 7.821e+02 9.855e+02
s>        ( WDBNDRY_B 0 7.156e+03 6.003e+02 2.988e+02
s>            ( QUESTION16 -1 5.034e+03 4.318e+02 2.079e+02
s>                ( QUESTION0_0_R 1 2.430e+03 2.547e+02 1.061e+02
s>                    ( - 1.225e+03 1 0)
s>                    ( - 9.507e+02 2 0))
s>                ( QUESTION0_20_R 1 2.172e+03 2.741e+02 1.019e+02
s>                    ( - 9.668e+02 2 0)
s>                    ( - 9.308e+02 2 0 QUESTION0_0_R 1 6.476e+01 4.769e+01)))
s>            ( - 1.522e+03 3 0 QUESTION0_0_R 1 2.132e+02 9.086e+01))
s>        ( QUESTION0_20_R 1 1.628e+04 6.041e+02 6.867e+02
s>            ( - 1.037e+04 4 0)
s>            ( QUESTION0_0_R 1 5.312e+03 3.251e+02 2.362e+02
s>                ( - 4.073e+03 2 0)
s>                ( - 9.147e+02 2 0))))INFO: dtree.c(1478): Final simple tree
|( QUESTION15 -1 2.515e+04 7.134e+02 9.910e+02
|    ( QUESTION2_0_L -1 1.132e+04 5.170e+02 4.587e+02
|        ( QUESTION16 -1 7.625e+03 4.627e+02 3.159e+02
|            ( - 3.048e+03 2 0 QUESTION0_3_R 1 1.989e+02 1.390e+02)
|            ( - 4.114e+03 2 0 QUESTION0_3_R 1 3.568e+02 1.769e+02))
|        ( - 3.177e+03 4 0 QUESTION0_3_R 1 2.986e+02 1.428e+02))
|    ( QUESTION0 -1 1.312e+04 5.727e+02 5.323e+02
|        ( QUESTION2_7_L -1 6.979e+03 4.379e+02 2.954e+02
|            ( QUESTION2 -1 4.434e+03 4.010e+02 1.924e+02
|                ( - 2.112e+03 3 0 QUESTION0_3_R 1 1.565e+02 1.014e+02)
|                ( - 1.921e+03 5 0 QUESTION8 -1 2.151e+02 9.100e+01))
|            ( - 2.106e+03 6 0 QUESTION2_12_L -1 2.541e+02 1.030e+02))
|        ( QUESTION0_3_R 1 5.564e+03 3.857e+02 2.369e+02
|            ( - 1.348e+03 2 0)
|            ( - 3.830e+03 2 0))))
s>    ( QUESTION15 -1 2.515e+04 7.134e+02 9.910e+02
s>        ( QUESTION2_0_L -1 1.132e+04 5.170e+02 4.587e+02
s>            ( QUESTION16 -1 7.625e+03 4.627e+02 3.159e+02
s>                ( - 3.048e+03 2 0 QUESTION0_3_R 1 1.989e+02 1.390e+02)
s>                ( - 4.114e+03 2 0 QUESTION0_3_R 1 3.568e+02 1.769e+02))
s>            ( - 3.177e+03 4 0 QUESTION0_3_R 1 2.986e+02 1.428e+02))
s>        ( QUESTION0 -1 1.312e+04 5.727e+02 5.323e+02
s>            ( QUESTION2_7_L -1 6.979e+03 4.379e+02 2.954e+02
s>                ( QUESTION2 -1 4.434e+03 4.010e+02 1.924e+02
s>                    ( - 2.112e+03 3 0 QUESTION0_3_R 1 1.565e+02 1.014e+02)
s>                    ( - 1.921e+03 5 0 QUESTION8 -1 2.151e+02 9.100e+01))
s>                ( - 2.106e+03 6 0 QUESTION2_12_L -1 2.541e+02 1.030e+02))
s>            ( QUESTION0_3_R 1 5.564e+03 3.857e+02 2.369e+02
s>                ( - 1.348e+03 2 0)
s>                ( - 3.830e+03 2 0))))INFO: dtree.c(1315): Comp split 3
INFO: dtree.c(1478): Final simple tree
|( WDBNDRY_B 0 1.674e+04 8.587e+02 6.470e+02
|    ( QUESTION0_0_R 1 1.212e+04 5.214e+02 4.778e+02
|        ( QUESTION0 -1 3.733e+03 3.306e+02 1.572e+02
|            ( - 1.736e+03 6 0 QUESTION2 -1 1.726e+02 8.001e+01)
|            ( - 1.666e+03 2 0))
|        ( QUESTION10 -1 7.869e+03 4.670e+02 3.206e+02
|            ( QUESTION2_11_L -1 3.480e+03 2.977e+02 1.546e+02
|                ( - 2.143e+03 6 0 QUESTION11 -1 2.038e+02 1.010e+02)
|                ( - 1.040e+03 6 0 QUESTION0_10_R 1 1.564e+02 5.357e+01))
|            ( QUESTION2 -1 3.921e+03 3.665e+02 1.660e+02
|                ( - 1.293e+03 5 0 QUESTION0_10_R 1 1.180e+02 6.299e+01)
|                ( - 2.262e+03 11 0 QUESTION0 -1 2.352e+02 1.030e+02))))
|    ( QUESTION2_10_L -1 3.762e+03 5.029e+02 1.692e+02
|        ( - 2.130e+03 3 0 QUESTION0_2_R 1 2.493e+02 1.090e+02)
|        ( - 1.129e+03 3 0 QUESTION2 1 1.703e+02 6.023e+01)))
s>    ( WDBNDRY_B 0 1.674e+04 8.587e+02 6.470e+02
s>        ( QUESTION0_0_R 1 1.212e+04 5.214e+02 4.778e+02
s>            ( QUESTION0 -1 3.733e+03 3.306e+02 1.572e+02
s>                ( - 1.736e+03 6 0 QUESTION2 -1 1.726e+02 8.001e+01)
s>                ( - 1.666e+03 2 0))
s>            ( QUESTION10 -1 7.869e+03 4.670e+02 3.206e+02
s>                ( QUESTION2_11_L -1 3.480e+03 2.977e+02 1.546e+02
s>                    ( - 2.143e+03 6 0 QUESTION11 -1 2.038e+02 1.010e+02)
s>                    ( - 1.040e+03 6 0 QUESTION0_10_R 1 1.564e+02 5.357e+01))
s>                ( QUESTION2 -1 3.921e+03 3.665e+02 1.660e+02
s>                    ( - 1.293e+03 5 0 QUESTION0_10_R 1 1.180e+02 6.299e+01)
s>                    ( - 2.262e+03 11 0 QUESTION0 -1 2.352e+02 1.030e+02))))
s>        ( QUESTION2_10_L -1 3.762e+03 5.029e+02 1.692e+02
s>            ( - 2.130e+03 3 0 QUESTION0_2_R 1 2.493e+02 1.090e+02)
s>            ( - 1.129e+03 3 0 QUESTION2 1 1.703e+02 6.023e+01)))INFO: dtree.c(1439): stop. leaf nodes are specific
INFO: dtree.c(1478): Final simple tree
|( QUESTION0_2_R 1 1.813e+04 6.106e+02 7.895e+02
|    ( QUESTION0_3_R 1 1.190e+04 4.970e+02 5.327e+02
|        ( - 2.441e+03 1 0)
|        ( - 8.964e+03 1 0))
|    ( QUESTION0_20_R 1 5.613e+03 3.039e+02 2.568e+02
|        ( - 4.068e+03 2 0)
|        ( QUESTION0_1_R 1 1.241e+03 1.620e+02 6.594e+01
|            ( - 7.648e+02 1 0)
|            ( QUESTION0_0_R 1 3.144e+02 3.666e+01 2.194e+01
|                ( - 7.565e+00 1 0)
|                ( - 2.701e+02 1 0)))))
s>    ( QUESTION0_2_R 1 1.813e+04 6.106e+02 7.895e+02
s>        ( QUESTION0_3_R 1 1.190e+04 4.970e+02 5.327e+02
s>            ( - 2.441e+03 1 0)
s>            ( - 8.964e+03 1 0))
s>        ( QUESTION0_20_R 1 5.613e+03 3.039e+02 2.568e+02
s>            ( - 4.068e+03 2 0)
s>            ( QUESTION0_1_R 1 1.241e+03 1.620e+02 6.594e+01
s>                ( - 7.648e+02 1 0)
s>                ( QUESTION0_0_R 1 3.144e+02 3.666e+01 2.194e+01
s>                    ( - 7.565e+00 1 0)
s>                    ( - 2.701e+02 1 0)))))INFO: dtree.c(1315): Comp split 4
INFO: dtree.c(1478): Final simple tree
|( QUESTION0_0_R 1 1.212e+04 5.214e+02 4.778e+02
|    ( QUESTION0 -1 3.733e+03 3.306e+02 1.572e+02
|        ( - 1.736e+03 6 0 QUESTION2 -1 1.726e+02 8.001e+01)
|        ( - 1.666e+03 2 0))
|    ( QUESTION10 -1 7.869e+03 4.670e+02 3.206e+02
|        ( QUESTION2_11_L -1 3.480e+03 2.977e+02 1.546e+02
|            ( QUESTION11 -1 2.143e+03 2.038e+02 1.010e+02
|                ( - 1.420e+03 3 0 QUESTION0_10_R 1 1.557e+02 6.802e+01)
|                ( - 5.192e+02 3 0 QUESTION0_10_R 1 6.006e+01 3.300e+01))
|            ( - 1.040e+03 6 0 QUESTION0_10_R 1 1.564e+02 5.357e+01))
|        ( QUESTION2 -1 3.921e+03 3.665e+02 1.660e+02
|            ( - 1.293e+03 5 0 QUESTION0_10_R 1 1.180e+02 6.299e+01)
|            ( QUESTION0 -1 2.262e+03 2.352e+02 1.030e+02
|                ( - 9.618e+02 6 0 QUESTION0_10_R 1 1.691e+02 4.900e+01)
|                ( - 1.065e+03 5 0 QUESTION0_10_R 1 3.303e+01 5.400e+01)))))
s>    ( QUESTION0_0_R 1 1.212e+04 5.214e+02 4.778e+02
s>        ( QUESTION0 -1 3.733e+03 3.306e+02 1.572e+02
s>            ( - 1.736e+03 6 0 QUESTION2 -1 1.726e+02 8.001e+01)
s>            ( - 1.666e+03 2 0))
s>        ( QUESTION10 -1 7.869e+03 4.670e+02 3.206e+02
s>            ( QUESTION2_11_L -1 3.480e+03 2.977e+02 1.546e+02
s>                ( QUESTION11 -1 2.143e+03 2.038e+02 1.010e+02
s>                    ( - 1.420e+03 3 0 QUESTION0_10_R 1 1.557e+02 6.802e+01)
s>                    ( - 5.192e+02 3 0 QUESTION0_10_R 1 6.006e+01 3.300e+01))
s>                ( - 1.040e+03 6 0 QUESTION0_10_R 1 1.564e+02 5.357e+01))
s>            ( QUESTION2 -1 3.921e+03 3.665e+02 1.660e+02
s>                ( - 1.293e+03 5 0 QUESTION0_10_R 1 1.180e+02 6.299e+01)
s>                ( QUESTION0 -1 2.262e+03 2.352e+02 1.030e+02
s>                    ( - 9.618e+02 6 0 QUESTION0_10_R 1 1.691e+02 4.900e+01)
s>                    ( - 1.065e+03 5 0 QUESTION0_10_R 1 3.303e+01 5.400e+01)))))INFO: dtree.c(1439): stop. leaf nodes are specific
INFO: dtree.c(1478): Final simple tree
|( QUESTION2_10_L -1 3.762e+03 5.029e+02 1.692e+02
|    ( QUESTION0_2_R 1 2.130e+03 2.493e+02 1.090e+02
|        ( QUESTION0_3_R 1 1.331e+03 1.070e+02 7.503e+01
|            ( - 1.284e+02 1 0)
|            ( - 1.096e+03 1 0))
|        ( - 5.499e+02 1 0))
|    ( QUESTION2 1 1.129e+03 1.703e+02 6.023e+01
|        ( QUESTION0_1_R 1 2.327e+02 5.552e+01 1.718e+01
|            ( - 1.326e+02 1 0)
|            ( - 4.465e+01 1 0))
|        ( - 7.256e+02 1 0)))
s>    ( QUESTION2_10_L -1 3.762e+03 5.029e+02 1.692e+02
s>        ( QUESTION0_2_R 1 2.130e+03 2.493e+02 1.090e+02
s>            ( QUESTION0_3_R 1 1.331e+03 1.070e+02 7.503e+01
s>                ( - 1.284e+02 1 0)
s>                ( - 1.096e+03 1 0))
s>            ( - 5.499e+02 1 0))
s>        ( QUESTION2 1 1.129e+03 1.703e+02 6.023e+01
s>            ( QUESTION0_1_R 1 2.327e+02 5.552e+01 1.718e+01
s>                ( - 1.326e+02 1 0)
s>                ( - 4.465e+01 1 0))
s>            ( - 7.256e+02 1 0)))INFO: dtree.c(1315): Comp split 5
INFO: dtree.c(1439): stop. leaf nodes are specific
INFO: dtree.c(1478): Final simple tree
|( QUESTION0_20_R 1 1.760e+04 6.138e+02 7.409e+02
|    ( QUESTION14 -1 1.167e+04 3.404e+02 5.047e+02
|        ( - 1.037e+04 4 0)
|        ( - 9.668e+02 2 0))
|    ( QUESTION0_0_R 1 5.312e+03 3.251e+02 2.362e+02
|        ( - 4.073e+03 2 0)
|        ( - 9.147e+02 2 0)))
s>    ( QUESTION0_20_R 1 1.760e+04 6.138e+02 7.409e+02
s>        ( QUESTION14 -1 1.167e+04 3.404e+02 5.047e+02
s>            ( - 1.037e+04 4 0)
s>            ( - 9.668e+02 2 0))
s>        ( QUESTION0_0_R 1 5.312e+03 3.251e+02 2.362e+02
s>            ( - 4.073e+03 2 0)
s>            ( - 9.147e+02 2 0)))INFO: dtree.c(1439): stop. leaf nodes are specific
INFO: dtree.c(1478): Final simple tree
|( WDBNDRY_B 0 5.763e+03 5.740e+02 2.446e+02
|    ( QUESTION16 -1 3.667e+03 3.062e+02 1.538e+02
|        ( QUESTION0_0_R 1 2.430e+03 2.547e+02 1.061e+02
|            ( - 1.225e+03 1 0)
|            ( - 9.507e+02 2 0))
|        ( QUESTION0_0_R 1 9.308e+02 6.476e+01 4.769e+01
|            ( - 8.420e+02 1 0)
|            ( - 2.401e+01 1 0)))
|    ( QUESTION0_0_R 1 1.522e+03 2.132e+02 9.086e+01
|        ( QUESTION0_1_R 1 2.359e+02 3.688e+01 1.705e+01
|            ( - 1.900e+02 1 0)
|            ( - 8.928e+00 1 0))
|        ( - 1.073e+03 1 0)))
s>    ( WDBNDRY_B 0 5.763e+03 5.740e+02 2.446e+02
s>        ( QUESTION16 -1 3.667e+03 3.062e+02 1.538e+02
s>            ( QUESTION0_0_R 1 2.430e+03 2.547e+02 1.061e+02
s>                ( - 1.225e+03 1 0)
s>                ( - 9.507e+02 2 0))
s>            ( QUESTION0_0_R 1 9.308e+02 6.476e+01 4.769e+01
s>                ( - 8.420e+02 1 0)
s>                ( - 2.401e+01 1 0)))
s>        ( QUESTION0_0_R 1 1.522e+03 2.132e+02 9.086e+01
s>            ( QUESTION0_1_R 1 2.359e+02 3.688e+01 1.705e+01
s>                ( - 1.900e+02 1 0)
s>                ( - 8.928e+00 1 0))
s>            ( - 1.073e+03 1 0)))INFO: dtree.c(1315): Comp split 6
INFO: dtree.c(1439): stop. leaf nodes are specific
INFO: dtree.c(1478): Final simple tree
|( QUESTION0_3_R 1 7.896e+03 4.126e+02 3.279e+02
|    ( QUESTION0 -1 1.843e+03 1.977e+02 9.074e+01
|        ( QUESTION8 -1 2.973e+02 6.747e+01 2.100e+01
|            ( - 1.641e+02 1 0)
|            ( - 6.570e+01 1 0))
|        ( - 1.348e+03 2 0))
|    ( QUESTION0 -1 5.640e+03 3.648e+02 2.372e+02
|        ( QUESTION1 -1 1.446e+03 1.682e+02 7.000e+01
|            ( QUESTION8 -1 1.035e+03 1.357e+02 5.300e+01
|                ( - 1.809e+02 1 0)
|                ( - 7.185e+02 1 0))
|            ( - 2.423e+02 1 0))
|        ( - 3.830e+03 2 0)))
s>    ( QUESTION0_3_R 1 7.896e+03 4.126e+02 3.279e+02
s>        ( QUESTION0 -1 1.843e+03 1.977e+02 9.074e+01
s>            ( QUESTION8 -1 2.973e+02 6.747e+01 2.100e+01
s>                ( - 1.641e+02 1 0)
s>                ( - 6.570e+01 1 0))
s>            ( - 1.348e+03 2 0))
s>        ( QUESTION0 -1 5.640e+03 3.648e+02 2.372e+02
s>            ( QUESTION1 -1 1.446e+03 1.682e+02 7.000e+01
s>                ( QUESTION8 -1 1.035e+03 1.357e+02 5.300e+01
s>                    ( - 1.809e+02 1 0)
s>                    ( - 7.185e+02 1 0))
s>                ( - 2.423e+02 1 0))
s>            ( - 3.830e+03 2 0)))INFO: dtree.c(1478): Final simple tree
|( QUESTION2_0_L -1 1.646e+04 5.936e+02 6.631e+02
|    ( QUESTION16 -1 7.625e+03 4.627e+02 3.159e+02
|        ( - 3.048e+03 2 0 QUESTION0_3_R 1 1.989e+02 1.390e+02)
|        ( QUESTION0_3_R 1 4.114e+03 3.568e+02 1.769e+02
|            ( - 1.320e+03 1 0)
|            ( - 2.437e+03 1 0)))
|    ( QUESTION0 -1 8.246e+03 4.777e+02 3.472e+02
|        ( QUESTION3 -1 4.591e+03 3.725e+02 2.044e+02
|            ( - 2.112e+03 3 0 QUESTION0_3_R 1 1.565e+02 1.014e+02)
|            ( QUESTION2_12_L -1 2.106e+03 2.541e+02 1.030e+02
|                ( - 7.589e+02 2 0 QUESTION0_3_R 1 1.430e+02 4.000e+01)
|                ( - 1.093e+03 4 0 QUESTION0_3_R 1 1.338e+02 6.304e+01)))
|        ( QUESTION0_3_R 1 3.177e+03 2.986e+02 1.428e+02
|            ( - 5.637e+02 2 0)
|            ( - 2.315e+03 2 0))))
s>    ( QUESTION2_0_L -1 1.646e+04 5.936e+02 6.631e+02
s>        ( QUESTION16 -1 7.625e+03 4.627e+02 3.159e+02
s>            ( - 3.048e+03 2 0 QUESTION0_3_R 1 1.989e+02 1.390e+02)
s>            ( QUESTION0_3_R 1 4.114e+03 3.568e+02 1.769e+02
s>                ( - 1.320e+03 1 0)
s>                ( - 2.437e+03 1 0)))
s>        ( QUESTION0 -1 8.246e+03 4.777e+02 3.472e+02
s>            ( QUESTION3 -1 4.591e+03 3.725e+02 2.044e+02
s>                ( - 2.112e+03 3 0 QUESTION0_3_R 1 1.565e+02 1.014e+02)
s>                ( QUESTION2_12_L -1 2.106e+03 2.541e+02 1.030e+02
s>                    ( - 7.589e+02 2 0 QUESTION0_3_R 1 1.430e+02 4.000e+01)
s>                    ( - 1.093e+03 4 0 QUESTION0_3_R 1 1.338e+02 6.304e+01)))
s>            ( QUESTION0_3_R 1 3.177e+03 2.986e+02 1.428e+02
s>                ( - 5.637e+02 2 0)
s>                ( - 2.315e+03 2 0))))INFO: dtree.c(1315): Comp split 7
INFO: dtree.c(1439): stop. leaf nodes are specific
INFO: dtree.c(1478): Final simple tree
|( QUESTION0_0_R 1 9.413e+03 1.792e+02 4.342e+02
|    ( - 8.964e+03 1 0)
|    ( - 2.701e+02 1 0))
s>    ( QUESTION0_0_R 1 9.413e+03 1.792e+02 4.342e+02
s>        ( - 8.964e+03 1 0)
s>        ( - 2.701e+02 1 0))INFO: dtree.c(1439): stop. leaf nodes are specific
INFO: dtree.c(1478): Final simple tree
|( QUESTION0_1_R 1 8.012e+03 4.178e+02 3.553e+02
|    ( QUESTION0_2_R 1 3.468e+03 2.621e+02 1.625e+02
|        ( - 2.441e+03 1 0)
|        ( - 7.648e+02 1 0))
|    ( QUESTION0_0_R 1 4.126e+03 5.098e+01 1.928e+02
|        ( - 7.565e+00 1 0)
|        ( - 4.068e+03 2 0)))
s>    ( QUESTION0_1_R 1 8.012e+03 4.178e+02 3.553e+02
s>        ( QUESTION0_2_R 1 3.468e+03 2.621e+02 1.625e+02
s>            ( - 2.441e+03 1 0)
s>            ( - 7.648e+02 1 0))
s>        ( QUESTION0_0_R 1 4.126e+03 5.098e+01 1.928e+02
s>            ( - 7.565e+00 1 0)
s>            ( - 4.068e+03 2 0)))INFO: dtree.c(1315): Comp split 8
INFO: dtree.c(1439): stop. leaf nodes are specific
INFO: dtree.c(1478): Final simple tree
|( QUESTION17 -1 6.369e+03 4.060e+02 2.780e+02
|    ( QUESTION0_3_R 1 4.114e+03 3.568e+02 1.769e+02
|        ( - 1.320e+03 1 0)
|        ( - 2.437e+03 1 0))
|    ( QUESTION12 -1 1.849e+03 2.137e+02 1.010e+02
|        ( QUESTION0_3_R 1 7.620e+02 1.292e+02 4.604e+01
|            ( - 1.928e+02 1 0)
|            ( - 4.400e+02 1 0))
|        ( QUESTION0 -1 8.729e+02 9.707e+01 5.500e+01
|            ( QUESTION1 -1 2.122e+02 4.512e+01 1.700e+01
|                ( - 3.134e+01 1 0)
|                ( - 1.357e+02 1 0))
|            ( - 5.637e+02 2 0))))
s>    ( QUESTION17 -1 6.369e+03 4.060e+02 2.780e+02
s>        ( QUESTION0_3_R 1 4.114e+03 3.568e+02 1.769e+02
s>            ( - 1.320e+03 1 0)
s>            ( - 2.437e+03 1 0))
s>        ( QUESTION12 -1 1.849e+03 2.137e+02 1.010e+02
s>            ( QUESTION0_3_R 1 7.620e+02 1.292e+02 4.604e+01
s>                ( - 1.928e+02 1 0)
s>                ( - 4.400e+02 1 0))
s>            ( QUESTION0 -1 8.729e+02 9.707e+01 5.500e+01
s>                ( QUESTION1 -1 2.122e+02 4.512e+01 1.700e+01
s>                    ( - 3.134e+01 1 0)
s>                    ( - 1.357e+02 1 0))
s>                ( - 5.637e+02 2 0))))INFO: dtree.c(1439): stop. leaf nodes are specific
INFO: dtree.c(1478): Final simple tree
|( QUESTION0 -1 9.430e+03 5.004e+02 3.851e+02
|    ( QUESTION0_3_R 1 3.146e+03 2.833e+02 1.414e+02
|        ( QUESTION1 -1 6.220e+02 1.154e+02 3.400e+01
|            ( - 1.551e+02 1 0)
|            ( - 3.515e+02 1 0))
|        ( QUESTION1 -1 2.241e+03 1.757e+02 1.074e+02
|            ( - 1.801e+03 2 0)
|            ( - 2.644e+02 1 0)))
|    ( QUESTION2_0_L -1 5.784e+03 4.209e+02 2.437e+02
|        ( QUESTION0_3_R 1 3.048e+03 1.989e+02 1.390e+02
|            ( - 2.774e+02 1 0)
|            ( - 2.572e+03 1 0))
|        ( - 2.315e+03 2 0)))
s>    ( QUESTION0 -1 9.430e+03 5.004e+02 3.851e+02
s>        ( QUESTION0_3_R 1 3.146e+03 2.833e+02 1.414e+02
s>            ( QUESTION1 -1 6.220e+02 1.154e+02 3.400e+01
s>                ( - 1.551e+02 1 0)
s>                ( - 3.515e+02 1 0))
s>            ( QUESTION1 -1 2.241e+03 1.757e+02 1.074e+02
s>                ( - 1.801e+03 2 0)
s>                ( - 2.644e+02 1 0)))
s>        ( QUESTION2_0_L -1 5.784e+03 4.209e+02 2.437e+02
s>            ( QUESTION0_3_R 1 3.048e+03 1.989e+02 1.390e+02
s>                ( - 2.774e+02 1 0)
s>                ( - 2.572e+03 1 0))
s>            ( - 2.315e+03 2 0)))INFO: dtree.c(1315): Comp split 9
INFO: dtree.c(1439): stop. leaf nodes are specific
INFO: dtree.c(1478): Final simple tree
|( QUESTION0_0_R 1 5.312e+03 3.251e+02 2.362e+02
|    ( - 4.073e+03 2 0)
|    ( - 9.147e+02 2 0))
s>    ( QUESTION0_0_R 1 5.312e+03 3.251e+02 2.362e+02
s>        ( - 4.073e+03 2 0)
s>        ( - 9.147e+02 2 0))INFO: dtree.c(1439): stop. leaf nodes are specific
INFO: dtree.c(1478): Final simple tree
|( QUESTION14 -1 1.167e+04 3.404e+02 5.047e+02
|    ( - 1.037e+04 4 0)
|    ( - 9.668e+02 2 0))
s>    ( QUESTION14 -1 1.167e+04 3.404e+02 5.047e+02
s>        ( - 1.037e+04 4 0)
s>        ( - 9.668e+02 2 0))INFO: dtree.c(1315): Comp split 10
INFO: dtree.c(1439): stop. leaf nodes are specific
INFO: dtree.c(1478): Final simple tree
|( QUESTION16 -1 3.667e+03 3.062e+02 1.538e+02
|    ( QUESTION0_0_R 1 2.430e+03 2.547e+02 1.061e+02
|        ( - 1.225e+03 1 0)
|        ( - 9.507e+02 2 0))
|    ( QUESTION0_0_R 1 9.308e+02 6.476e+01 4.769e+01
|        ( - 8.420e+02 1 0)
|        ( - 2.401e+01 1 0)))
s>    ( QUESTION16 -1 3.667e+03 3.062e+02 1.538e+02
s>        ( QUESTION0_0_R 1 2.430e+03 2.547e+02 1.061e+02
s>            ( - 1.225e+03 1 0)
s>            ( - 9.507e+02 2 0))
s>        ( QUESTION0_0_R 1 9.308e+02 6.476e+01 4.769e+01
s>            ( - 8.420e+02 1 0)
s>            ( - 2.401e+01 1 0)))INFO: dtree.c(1439): stop. leaf nodes are specific
INFO: dtree.c(1478): Final simple tree
|( QUESTION0_0_R 1 1.522e+03 2.132e+02 9.086e+01
|    ( QUESTION0_1_R 1 2.359e+02 3.688e+01 1.705e+01
|        ( - 1.900e+02 1 0)
|        ( - 8.928e+00 1 0))
|    ( - 1.073e+03 1 0))
s>    ( QUESTION0_0_R 1 1.522e+03 2.132e+02 9.086e+01
s>        ( QUESTION0_1_R 1 2.359e+02 3.688e+01 1.705e+01
s>            ( - 1.900e+02 1 0)
s>            ( - 8.928e+00 1 0))
s>        ( - 1.073e+03 1 0))INFO: dtree.c(1315): Comp split 11
INFO: dtree.c(1478): Final simple tree
|( QUESTION1 -1 5.709e+03 4.165e+02 2.340e+02
|    ( QUESTION2 -1 2.560e+03 3.050e+02 1.120e+02
|        ( QUESTION0_10_R 1 1.293e+03 1.180e+02 6.299e+01
|            ( - 9.673e+01 1 0)
|            ( - 1.078e+03 4 0))
|        ( QUESTION0_10_R 1 9.618e+02 1.691e+02 4.900e+01
|            ( - 2.508e+02 2 0 QUESTION8 -1 5.066e+01 1.900e+01)
|            ( QUESTION8 -1 5.419e+02 7.659e+01 3.000e+01
|                ( - 7.568e+01 2 0)
|                ( - 3.897e+02 2 0))))
|    ( QUESTION0 -1 2.733e+03 2.484e+02 1.220e+02
|        ( QUESTION0_10_R 1 1.420e+03 1.557e+02 6.802e+01
|            ( - 2.427e+02 1 0)
|            ( - 1.021e+03 2 0))
|        ( - 1.065e+03 5 0 QUESTION0_10_R 1 3.303e+01 5.400e+01)))
s>    ( QUESTION1 -1 5.709e+03 4.165e+02 2.340e+02
s>        ( QUESTION2 -1 2.560e+03 3.050e+02 1.120e+02
s>            ( QUESTION0_10_R 1 1.293e+03 1.180e+02 6.299e+01
s>                ( - 9.673e+01 1 0)
s>                ( - 1.078e+03 4 0))
s>            ( QUESTION0_10_R 1 9.618e+02 1.691e+02 4.900e+01
s>                ( - 2.508e+02 2 0 QUESTION8 -1 5.066e+01 1.900e+01)
s>                ( QUESTION8 -1 5.419e+02 7.659e+01 3.000e+01
s>                    ( - 7.568e+01 2 0)
s>                    ( - 3.897e+02 2 0))))
s>        ( QUESTION0 -1 2.733e+03 2.484e+02 1.220e+02
s>            ( QUESTION0_10_R 1 1.420e+03 1.557e+02 6.802e+01
s>                ( - 2.427e+02 1 0)
s>                ( - 1.021e+03 2 0))
s>            ( - 1.065e+03 5 0 QUESTION0_10_R 1 3.303e+01 5.400e+01)))INFO: dtree.c(1478): Final simple tree
|( QUESTION0 -1 5.854e+03 3.824e+02 2.437e+02
|    ( QUESTION0_0_R 1 3.805e+03 2.986e+02 1.666e+02
|        ( QUESTION2 -1 1.736e+03 1.726e+02 8.001e+01
|            ( - 1.105e+03 2 0)
|            ( QUESTION12 -1 4.587e+02 8.737e+01 2.800e+01
|                ( - 1.638e+02 2 0 QUESTION2_7_L -1 4.821e+01 1.300e+01)
|                ( - 2.075e+02 2 0 QUESTION1 -1 4.447e+01 1.500e+01)))
|        ( QUESTION2_16_L -1 1.771e+03 2.329e+02 8.657e+01
|            ( QUESTION0_10_R 1 6.374e+02 1.215e+02 3.557e+01
|                ( - 2.224e+02 1 0)
|                ( - 2.935e+02 3 0 QUESTION11 -1 4.555e+01 1.957e+01))
|            ( QUESTION2_7_L -1 9.003e+02 1.203e+02 5.100e+01
|                ( - 2.608e+02 2 0 QUESTION0_10_R 1 5.621e+01 1.800e+01)
|                ( - 5.192e+02 3 0 QUESTION0_10_R 1 6.006e+01 3.300e+01))))
|    ( - 1.666e+03 2 0))
s>    ( QUESTION0 -1 5.854e+03 3.824e+02 2.437e+02
s>        ( QUESTION0_0_R 1 3.805e+03 2.986e+02 1.666e+02
s>            ( QUESTION2 -1 1.736e+03 1.726e+02 8.001e+01
s>                ( - 1.105e+03 2 0)
s>                ( QUESTION12 -1 4.587e+02 8.737e+01 2.800e+01
s>                    ( - 1.638e+02 2 0 QUESTION2_7_L -1 4.821e+01 1.300e+01)
s>                    ( - 2.075e+02 2 0 QUESTION1 -1 4.447e+01 1.500e+01)))
s>            ( QUESTION2_16_L -1 1.771e+03 2.329e+02 8.657e+01
s>                ( QUESTION0_10_R 1 6.374e+02 1.215e+02 3.557e+01
s>                    ( - 2.224e+02 1 0)
s>                    ( - 2.935e+02 3 0 QUESTION11 -1 4.555e+01 1.957e+01))
s>                ( QUESTION2_7_L -1 9.003e+02 1.203e+02 5.100e+01
s>                    ( - 2.608e+02 2 0 QUESTION0_10_R 1 5.621e+01 1.800e+01)
s>                    ( - 5.192e+02 3 0 QUESTION0_10_R 1 6.006e+01 3.300e+01))))
s>        ( - 1.666e+03 2 0))INFO: dtree.c(1315): Comp split 12
INFO: dtree.c(1439): stop. leaf nodes are specific
INFO: dtree.c(1478): Final simple tree
|( QUESTION0 -1 4.759e+03 3.865e+02 2.094e+02
|    ( - 1.801e+03 2 0)
|    ( - 2.572e+03 1 0))
s>    ( QUESTION0 -1 4.759e+03 3.865e+02 2.094e+02
s>        ( - 1.801e+03 2 0)
s>        ( - 2.572e+03 1 0))INFO: dtree.c(1439): stop. leaf nodes are specific
INFO: dtree.c(1478): Final simple tree
|( QUESTION2_7_L -1 4.129e+03 3.274e+02 1.758e+02
|    ( QUESTION0_3_R 1 2.614e+03 1.438e+02 1.168e+02
|        ( - 1.551e+02 1 0)
|        ( - 2.315e+03 2 0))
|    ( QUESTION0_3_R 1 1.188e+03 1.553e+02 5.900e+01
|        ( QUESTION0 -1 7.685e+02 1.396e+02 4.100e+01
|            ( - 3.515e+02 1 0)
|            ( - 2.774e+02 1 0))
|        ( - 2.644e+02 1 0)))
s>    ( QUESTION2_7_L -1 4.129e+03 3.274e+02 1.758e+02
s>        ( QUESTION0_3_R 1 2.614e+03 1.438e+02 1.168e+02
s>            ( - 1.551e+02 1 0)
s>            ( - 2.315e+03 2 0))
s>        ( QUESTION0_3_R 1 1.188e+03 1.553e+02 5.900e+01
s>            ( QUESTION0 -1 7.685e+02 1.396e+02 4.100e+01
s>                ( - 3.515e+02 1 0)
s>                ( - 2.774e+02 1 0))
s>            ( - 2.644e+02 1 0)))INFO: dtree.c(1315): Comp split 13
INFO: dtree.c(1439): stop. leaf nodes are specific
INFO: dtree.c(1478): Final simple tree
|( QUESTION2 1 1.129e+03 1.703e+02 6.023e+01
|    ( QUESTION0_1_R 1 2.327e+02 5.552e+01 1.718e+01
|        ( - 1.326e+02 1 0)
|        ( - 4.465e+01 1 0))
|    ( - 7.256e+02 1 0))
s>    ( QUESTION2 1 1.129e+03 1.703e+02 6.023e+01
s>        ( QUESTION0_1_R 1 2.327e+02 5.552e+01 1.718e+01
s>            ( - 1.326e+02 1 0)
s>            ( - 4.465e+01 1 0))
s>        ( - 7.256e+02 1 0))INFO: dtree.c(1439): stop. leaf nodes are specific
INFO: dtree.c(1478): Final simple tree
|( QUESTION0_2_R 1 2.130e+03 2.493e+02 1.090e+02
|    ( QUESTION0_3_R 1 1.331e+03 1.070e+02 7.503e+01
|        ( - 1.284e+02 1 0)
|        ( - 1.096e+03 1 0))
|    ( - 5.499e+02 1 0))
s>    ( QUESTION0_2_R 1 2.130e+03 2.493e+02 1.090e+02
s>        ( QUESTION0_3_R 1 1.331e+03 1.070e+02 7.503e+01
s>            ( - 1.284e+02 1 0)
s>            ( - 1.096e+03 1 0))
s>        ( - 5.499e+02 1 0))INFO: dtree.c(1315): Comp split 14
INFO: dtree.c(1439): stop. leaf nodes are specific
INFO: dtree.c(1478): Final simple tree
|( QUESTION0_3_R 1 2.888e+03 1.830e+02 1.287e+02
|    ( QUESTION1 -1 2.682e+02 4.407e+01 1.799e+01
|        ( - 3.134e+01 1 0)
|        ( - 1.928e+02 1 0))
|    ( - 2.437e+03 1 0))
s>    ( QUESTION0_3_R 1 2.888e+03 1.830e+02 1.287e+02
s>        ( QUESTION1 -1 2.682e+02 4.407e+01 1.799e+01
s>            ( - 3.134e+01 1 0)
s>            ( - 1.928e+02 1 0))
s>        ( - 2.437e+03 1 0))INFO: dtree.c(1439): stop. leaf nodes are specific
INFO: dtree.c(1478): Final simple tree
|( QUESTION17 -1 3.008e+03 3.112e+02 1.493e+02
|    ( - 1.320e+03 1 0)
|    ( QUESTION0_3_R 1 1.377e+03 1.586e+02 8.305e+01
|        ( QUESTION0 -1 7.782e+02 7.880e+01 5.200e+01
|            ( - 1.357e+02 1 0)
|            ( - 5.637e+02 2 0))
|        ( - 4.400e+02 1 0)))
s>    ( QUESTION17 -1 3.008e+03 3.112e+02 1.493e+02
s>        ( - 1.320e+03 1 0)
s>        ( QUESTION0_3_R 1 1.377e+03 1.586e+02 8.305e+01
s>            ( QUESTION0 -1 7.782e+02 7.880e+01 5.200e+01
s>                ( - 1.357e+02 1 0)
s>                ( - 5.637e+02 2 0))
s>            ( - 4.400e+02 1 0)))INFO: dtree.c(1315): Comp split 15
INFO: dtree.c(1439): stop. leaf nodes are specific
INFO: dtree.c(1478): Final simple tree
|( QUESTION0 -1 4.842e+03 2.937e+02 2.072e+02
|    ( - 7.185e+02 1 0)
|    ( - 3.830e+03 2 0))
s>    ( QUESTION0 -1 4.842e+03 2.937e+02 2.072e+02
s>        ( - 7.185e+02 1 0)
s>        ( - 3.830e+03 2 0))INFO: dtree.c(1439): stop. leaf nodes are specific
INFO: dtree.c(1478): Final simple tree
|( QUESTION0 -1 2.587e+03 2.795e+02 1.207e+02
|    ( QUESTION8 -1 9.597e+02 1.595e+02 5.100e+01
|        ( QUESTION0_3_R 1 4.243e+02 7.928e+01 2.600e+01
|            ( - 1.641e+02 1 0)
|            ( - 1.809e+02 1 0))
|        ( QUESTION0_3_R 1 3.758e+02 6.783e+01 2.500e+01
|            ( - 6.570e+01 1 0)
|            ( - 2.423e+02 1 0)))
|    ( - 1.348e+03 2 0))
s>    ( QUESTION0 -1 2.587e+03 2.795e+02 1.207e+02
s>        ( QUESTION8 -1 9.597e+02 1.595e+02 5.100e+01
s>            ( QUESTION0_3_R 1 4.243e+02 7.928e+01 2.600e+01
s>                ( - 1.641e+02 1 0)
s>                ( - 1.809e+02 1 0))
s>            ( QUESTION0_3_R 1 3.758e+02 6.783e+01 2.500e+01
s>                ( - 6.570e+01 1 0)
s>                ( - 2.423e+02 1 0)))
s>        ( - 1.348e+03 2 0))INFO: dtree.c(1315): Comp split 16
INFO: dtree.c(1439): stop. leaf nodes are specific
INFO: dtree.c(1478): Final simple tree
|( QUESTION10 -1 3.182e+03 2.790e+02 1.410e+02
|    ( QUESTION0_10_R 1 1.420e+03 1.557e+02 6.802e+01
|        ( - 2.427e+02 1 0)
|        ( - 1.021e+03 2 0))
|    ( QUESTION0_10_R 1 1.483e+03 1.742e+02 7.300e+01
|        ( QUESTION8 -1 2.821e+02 5.411e+01 2.000e+01
|            ( - 6.869e+01 1 0)
|            ( QUESTION0 -1 1.593e+02 2.309e+01 1.100e+01
|                ( - 1.314e+02 1 0)
|                ( - 4.753e+00 1 0)))
|        ( - 1.027e+03 4 0)))
s>    ( QUESTION10 -1 3.182e+03 2.790e+02 1.410e+02
s>        ( QUESTION0_10_R 1 1.420e+03 1.557e+02 6.802e+01
s>            ( - 2.427e+02 1 0)
s>            ( - 1.021e+03 2 0))
s>        ( QUESTION0_10_R 1 1.483e+03 1.742e+02 7.300e+01
s>            ( QUESTION8 -1 2.821e+02 5.411e+01 2.000e+01
s>                ( - 6.869e+01 1 0)
s>                ( QUESTION0 -1 1.593e+02 2.309e+01 1.100e+01
s>                    ( - 1.314e+02 1 0)
s>                    ( - 4.753e+00 1 0)))
s>            ( - 1.027e+03 4 0)))INFO: dtree.c(1439): stop. leaf nodes are specific
INFO: dtree.c(1478): Final simple tree
|( QUESTION2 -1 2.081e+03 2.462e+02 9.299e+01
|    ( QUESTION0_10_R 1 1.293e+03 1.180e+02 6.299e+01
|        ( - 9.673e+01 1 0)
|        ( - 1.078e+03 4 0))
|    ( QUESTION8 -1 5.419e+02 7.659e+01 3.000e+01
|        ( - 7.568e+01 2 0)
|        ( - 3.897e+02 2 0)))
s>    ( QUESTION2 -1 2.081e+03 2.462e+02 9.299e+01
s>        ( QUESTION0_10_R 1 1.293e+03 1.180e+02 6.299e+01
s>            ( - 9.673e+01 1 0)
s>            ( - 1.078e+03 4 0))
s>        ( QUESTION8 -1 5.419e+02 7.659e+01 3.000e+01
s>            ( - 7.568e+01 2 0)
s>            ( - 3.897e+02 2 0)))INFO: dtree.c(1315): Comp split 17
INFO: dtree.c(1439): stop. leaf nodes are specific
INFO: dtree.c(1478): Final simple tree
|( QUESTION0_0_R 1 4.126e+03 5.098e+01 1.928e+02
|    ( - 7.565e+00 1 0)
|    ( - 4.068e+03 2 0))
s>    ( QUESTION0_0_R 1 4.126e+03 5.098e+01 1.928e+02
s>        ( - 7.565e+00 1 0)
s>        ( - 4.068e+03 2 0))INFO: dtree.c(1439): stop. leaf nodes are specific
INFO: dtree.c(1478): Final simple tree
|( QUESTION0_2_R 1 3.468e+03 2.621e+02 1.625e+02
|    ( - 2.441e+03 1 0)
|    ( - 7.648e+02 1 0))
s>    ( QUESTION0_2_R 1 3.468e+03 2.621e+02 1.625e+02
s>        ( - 2.441e+03 1 0)
s>        ( - 7.648e+02 1 0))INFO: dtree.c(1315): Comp split 18
INFO: dtree.c(1439): stop. leaf nodes are specific
INFO: dtree.c(1478): Final simple tree
|( QUESTION0 -1 2.905e+03 2.691e+02 1.277e+02
|    ( QUESTION0_10_R 1 9.693e+02 1.561e+02 5.057e+01
|        ( - 2.224e+02 1 0)
|        ( QUESTION2_17_L -1 5.908e+02 9.527e+01 3.457e+01
|            ( - 2.253e+02 2 0)
|            ( QUESTION11 -1 2.702e+02 5.673e+01 1.900e+01
|                ( - 1.092e+02 1 0)
|                ( QUESTION0_0_R 1 1.043e+02 2.781e+01 1.000e+01
|                    ( - 5.388e+01 1 0)
|                    ( - 2.266e+01 1 0)))))
|    ( - 1.666e+03 2 0))
s>    ( QUESTION0 -1 2.905e+03 2.691e+02 1.277e+02
s>        ( QUESTION0_10_R 1 9.693e+02 1.561e+02 5.057e+01
s>            ( - 2.224e+02 1 0)
s>            ( QUESTION2_17_L -1 5.908e+02 9.527e+01 3.457e+01
s>                ( - 2.253e+02 2 0)
s>                ( QUESTION11 -1 2.702e+02 5.673e+01 1.900e+01
s>                    ( - 1.092e+02 1 0)
s>                    ( QUESTION0_0_R 1 1.043e+02 2.781e+01 1.000e+01
s>                        ( - 5.388e+01 1 0)
s>                        ( - 2.266e+01 1 0)))))
s>        ( - 1.666e+03 2 0))INFO: dtree.c(1439): stop. leaf nodes are specific
INFO: dtree.c(1478): Final simple tree
|( QUESTION1 -1 2.541e+03 2.522e+02 1.160e+02
|    ( - 1.105e+03 2 0)
|    ( QUESTION0_20_R 1 1.184e+03 1.637e+02 6.400e+01
|        ( QUESTION2_7_L -1 6.984e+02 9.508e+01 4.100e+01
|            ( - 1.771e+02 1 0)
|            ( - 4.261e+02 2 0))
|        ( QUESTION0_0_R 1 3.220e+02 6.977e+01 2.300e+01
|            ( QUESTION2_7_L -1 1.638e+02 4.821e+01 1.300e+01
|                ( - 6.739e+01 1 0)
|                ( - 4.820e+01 1 0))
|            ( QUESTION2_7_L -1 8.844e+01 2.793e+01 1.000e+01
|                ( - 2.748e+01 1 0)
|                ( - 3.303e+01 1 0)))))
s>    ( QUESTION1 -1 2.541e+03 2.522e+02 1.160e+02
s>        ( - 1.105e+03 2 0)
s>        ( QUESTION0_20_R 1 1.184e+03 1.637e+02 6.400e+01
s>            ( QUESTION2_7_L -1 6.984e+02 9.508e+01 4.100e+01
s>                ( - 1.771e+02 1 0)
s>                ( - 4.261e+02 2 0))
s>            ( QUESTION0_0_R 1 3.220e+02 6.977e+01 2.300e+01
s>                ( QUESTION2_7_L -1 1.638e+02 4.821e+01 1.300e+01
s>                    ( - 6.739e+01 1 0)
s>                    ( - 4.820e+01 1 0))
s>                ( QUESTION2_7_L -1 8.844e+01 2.793e+01 1.000e+01
s>                    ( - 2.748e+01 1 0)
s>                    ( - 3.303e+01 1 0)))))INFO: dtree.c(1315): Comp split 19
INFO: dtree.c(1315): Comp split 20
INFO: dtree.c(1315): Comp split 21
INFO: dtree.c(1439): stop. leaf nodes are specific
INFO: dtree.c(1478): Final simple tree
|( QUESTION10 -1 1.477e+03 1.924e+02 7.100e+01
|    ( QUESTION0_3_R 1 7.589e+02 1.430e+02 4.000e+01
|        ( - 3.515e+02 1 0)
|        ( - 2.644e+02 1 0))
|    ( QUESTION0 -1 5.257e+02 9.320e+01 3.100e+01
|        ( - 1.551e+02 1 0)
|        ( - 2.774e+02 1 0)))
s>    ( QUESTION10 -1 1.477e+03 1.924e+02 7.100e+01
s>        ( QUESTION0_3_R 1 7.589e+02 1.430e+02 4.000e+01
s>            ( - 3.515e+02 1 0)
s>            ( - 2.644e+02 1 0))
s>        ( QUESTION0 -1 5.257e+02 9.320e+01 3.100e+01
s>            ( - 1.551e+02 1 0)
s>            ( - 2.774e+02 1 0)))INFO: dtree.c(1315): Comp split 22
INFO: dtree.c(1315): Comp split 23
INFO: dtree.c(1439): stop. leaf nodes are specific
INFO: dtree.c(1478): Final simple tree
|( QUESTION0_20_R 1 2.123e+03 2.420e+02 9.663e+01
|    ( - 9.507e+02 2 0)
|    ( QUESTION0_0_R 1 9.308e+02 6.476e+01 4.769e+01
|        ( - 8.420e+02 1 0)
|        ( - 2.401e+01 1 0)))
s>    ( QUESTION0_20_R 1 2.123e+03 2.420e+02 9.663e+01
s>        ( - 9.507e+02 2 0)
s>        ( QUESTION0_0_R 1 9.308e+02 6.476e+01 4.769e+01
s>            ( - 8.420e+02 1 0)
s>            ( - 2.401e+01 1 0)))INFO: dtree.c(1315): Comp split 24
INFO: dtree.c(1439): stop. leaf nodes are specific
INFO: dtree.c(1478): Final simple tree
|( QUESTION0_3_R 1 1.377e+03 1.586e+02 8.305e+01
|    ( QUESTION0 -1 7.782e+02 7.880e+01 5.200e+01
|        ( - 1.357e+02 1 0)
|        ( - 5.637e+02 2 0))
|    ( - 4.400e+02 1 0))
s>    ( QUESTION0_3_R 1 1.377e+03 1.586e+02 8.305e+01
s>        ( QUESTION0 -1 7.782e+02 7.880e+01 5.200e+01
s>            ( - 1.357e+02 1 0)
s>            ( - 5.637e+02 2 0))
s>        ( - 4.400e+02 1 0))INFO: dtree.c(1315): Comp split 25
INFO: dtree.c(1315): Comp split 26
INFO: dtree.c(1439): stop. leaf nodes are specific
INFO: dtree.c(1478): Final simple tree
|( QUESTION0_10_R 1 1.437e+03 1.650e+02 7.002e+01
|    ( QUESTION8 -1 2.508e+02 5.066e+01 1.900e+01
|        ( - 6.869e+01 1 0)
|        ( - 1.314e+02 1 0))
|    ( - 1.021e+03 2 0))
s>    ( QUESTION0_10_R 1 1.437e+03 1.650e+02 7.002e+01
s>        ( QUESTION8 -1 2.508e+02 5.066e+01 1.900e+01
s>            ( - 6.869e+01 1 0)
s>            ( - 1.314e+02 1 0))
s>        ( - 1.021e+03 2 0))INFO: dtree.c(1439): stop. leaf nodes are specific
INFO: dtree.c(1478): Final simple tree
|( QUESTION0_10_R 1 1.460e+03 1.625e+02 7.100e+01
|    ( QUESTION0 -1 2.700e+02 2.260e+01 1.800e+01
|        ( - 2.427e+02 1 0)
|        ( - 4.753e+00 1 0))
|    ( - 1.027e+03 4 0))
s>    ( QUESTION0_10_R 1 1.460e+03 1.625e+02 7.100e+01
s>        ( QUESTION0 -1 2.700e+02 2.260e+01 1.800e+01
s>            ( - 2.427e+02 1 0)
s>            ( - 4.753e+00 1 0))
s>        ( - 1.027e+03 4 0))INFO: dtree.c(1315): Comp split 27
INFO: dtree.c(1439): stop. leaf nodes are specific
INFO: dtree.c(1478): Final simple tree
|( QUESTION8 -1 9.597e+02 1.595e+02 5.100e+01
|    ( QUESTION0_3_R 1 4.243e+02 7.928e+01 2.600e+01
|        ( - 1.641e+02 1 0)
|        ( - 1.809e+02 1 0))
|    ( QUESTION0_3_R 1 3.758e+02 6.783e+01 2.500e+01
|        ( - 6.570e+01 1 0)
|        ( - 2.423e+02 1 0)))
s>    ( QUESTION8 -1 9.597e+02 1.595e+02 5.100e+01
s>        ( QUESTION0_3_R 1 4.243e+02 7.928e+01 2.600e+01
s>            ( - 1.641e+02 1 0)
s>            ( - 1.809e+02 1 0))
s>        ( QUESTION0_3_R 1 3.758e+02 6.783e+01 2.500e+01
s>            ( - 6.570e+01 1 0)
s>            ( - 2.423e+02 1 0)))INFO: dtree.c(1315): Comp split 28
INFO: dtree.c(1439): stop. leaf nodes are specific
INFO: dtree.c(1478): Final simple tree
|( QUESTION0_10_R 1 9.693e+02 1.561e+02 5.057e+01
|    ( - 2.224e+02 1 0)
|    ( QUESTION2_17_L -1 5.908e+02 9.527e+01 3.457e+01
|        ( - 2.253e+02 2 0)
|        ( QUESTION11 -1 2.702e+02 5.673e+01 1.900e+01
|            ( - 1.092e+02 1 0)
|            ( QUESTION0_0_R 1 1.043e+02 2.781e+01 1.000e+01
|                ( - 5.388e+01 1 0)
|                ( - 2.266e+01 1 0)))))
s>    ( QUESTION0_10_R 1 9.693e+02 1.561e+02 5.057e+01
s>        ( - 2.224e+02 1 0)
s>        ( QUESTION2_17_L -1 5.908e+02 9.527e+01 3.457e+01
s>            ( - 2.253e+02 2 0)
s>            ( QUESTION11 -1 2.702e+02 5.673e+01 1.900e+01
s>                ( - 1.092e+02 1 0)
s>                ( QUESTION0_0_R 1 1.043e+02 2.781e+01 1.000e+01
s>                    ( - 5.388e+01 1 0)
s>                    ( - 2.266e+01 1 0)))))INFO: dtree.c(1315): Comp split 29
INFO: dtree.c(1315): Comp split 30
INFO: dtree.c(1439): stop. leaf nodes are specific
INFO: dtree.c(1478): Final simple tree
|( QUESTION1 -1 1.257e+03 8.511e+01 5.901e+01
|    ( - 1.105e+03 2 0)
|    ( - 6.739e+01 1 0))
s>    ( QUESTION1 -1 1.257e+03 8.511e+01 5.901e+01
s>        ( - 1.105e+03 2 0)
s>        ( - 6.739e+01 1 0))INFO: dtree.c(1439): stop. leaf nodes are specific
INFO: dtree.c(1478): Final simple tree
|( QUESTION0_20_R 1 1.025e+03 1.369e+02 5.700e+01
|    ( QUESTION2_7_L -1 6.984e+02 9.508e+01 4.100e+01
|        ( - 1.771e+02 1 0)
|        ( - 4.261e+02 2 0))
|    ( QUESTION0_0_R 1 1.896e+02 5.296e+01 1.600e+01
|        ( - 4.820e+01 1 0)
|        ( QUESTION2_7_L -1 8.844e+01 2.793e+01 1.000e+01
|            ( - 2.748e+01 1 0)
|            ( - 3.303e+01 1 0))))
s>    ( QUESTION0_20_R 1 1.025e+03 1.369e+02 5.700e+01
s>        ( QUESTION2_7_L -1 6.984e+02 9.508e+01 4.100e+01
s>            ( - 1.771e+02 1 0)
s>            ( - 4.261e+02 2 0))
s>        ( QUESTION0_0_R 1 1.896e+02 5.296e+01 1.600e+01
s>            ( - 4.820e+01 1 0)
s>            ( QUESTION2_7_L -1 8.844e+01 2.793e+01 1.000e+01
s>                ( - 2.748e+01 1 0)
s>                ( - 3.303e+01 1 0))))INFO: dtree.c(1315): Comp split 31
INFO: dtree.c(1439): stop. leaf nodes are specific
INFO: dtree.c(1478): Final simple tree
|( QUESTION0_10_R 1 7.528e+02 1.141e+02 3.900e+01
|    ( - 9.673e+01 1 0)
|    ( QUESTION8 -1 5.419e+02 7.659e+01 3.000e+01
|        ( - 7.568e+01 2 0)
|        ( - 3.897e+02 2 0)))
s>    ( QUESTION0_10_R 1 7.528e+02 1.141e+02 3.900e+01
s>        ( - 9.673e+01 1 0)
s>        ( QUESTION8 -1 5.419e+02 7.659e+01 3.000e+01
s>            ( - 7.568e+01 2 0)
s>            ( - 3.897e+02 2 0)))INFO: dtree.c(1315): Comp split 32
INFO: dtree.c(1439): stop. leaf nodes are specific
INFO: dtree.c(1478): Final simple tree
|( QUESTION0_3_R 1 1.331e+03 1.070e+02 7.503e+01
|    ( - 1.284e+02 1 0)
|    ( - 1.096e+03 1 0))
s>    ( QUESTION0_3_R 1 1.331e+03 1.070e+02 7.503e+01
s>        ( - 1.284e+02 1 0)
s>        ( - 1.096e+03 1 0))INFO: dtree.c(1315): Comp split 33
INFO: dtree.c(1439): stop. leaf nodes are specific
INFO: dtree.c(1478): Final simple tree
|( QUESTION0_0_R 1 9.308e+02 6.476e+01 4.769e+01
|    ( - 8.420e+02 1 0)
|    ( - 2.401e+01 1 0))
s>    ( QUESTION0_0_R 1 9.308e+02 6.476e+01 4.769e+01
s>        ( - 8.420e+02 1 0)
s>        ( - 2.401e+01 1 0))INFO: dtree.c(1315): Comp split 34
INFO: dtree.c(1439): stop. leaf nodes are specific
INFO: dtree.c(1478): Final simple tree
|( QUESTION0_1_R 1 2.359e+02 3.688e+01 1.705e+01
|    ( - 1.900e+02 1 0)
|    ( - 8.928e+00 1 0))
s>    ( QUESTION0_1_R 1 2.359e+02 3.688e+01 1.705e+01
s>        ( - 1.900e+02 1 0)
s>        ( - 8.928e+00 1 0))INFO: dtree.c(1315): Comp split 35
INFO: dtree.c(1439): stop. leaf nodes are specific
INFO: dtree.c(1478): Final simple tree
|( QUESTION0_16_R 1 4.421e+02 7.587e+01 3.100e+01
|    ( - 2.328e+02 2 0)
|    ( QUESTION0_0_R 1 1.335e+02 3.734e+01 1.200e+01
|        ( - 2.322e+01 1 0)
|        ( - 7.294e+01 1 0)))
s>    ( QUESTION0_16_R 1 4.421e+02 7.587e+01 3.100e+01
s>        ( - 2.328e+02 2 0)
s>        ( QUESTION0_0_R 1 1.335e+02 3.734e+01 1.200e+01
s>            ( - 2.322e+01 1 0)
s>            ( - 7.294e+01 1 0)))INFO: dtree.c(1315): Comp split 36
INFO: dtree.c(1439): stop. leaf nodes are specific
INFO: dtree.c(1478): Final simple tree
|( QUESTION0 -1 9.217e+02 1.317e+02 4.900e+01
|    ( QUESTION0_3_R 1 5.127e+02 9.319e+01 3.000e+01
|        ( - 1.551e+02 1 0)
|        ( - 2.644e+02 1 0))
|    ( - 2.774e+02 1 0))
s>    ( QUESTION0 -1 9.217e+02 1.317e+02 4.900e+01
s>        ( QUESTION0_3_R 1 5.127e+02 9.319e+01 3.000e+01
s>            ( - 1.551e+02 1 0)
s>            ( - 2.644e+02 1 0))
s>        ( - 2.774e+02 1 0))INFO: dtree.c(1315): Comp split 37
INFO: dtree.c(1439): stop. leaf nodes are specific
INFO: dtree.c(1478): Final simple tree
|( QUESTION1 -1 2.682e+02 4.407e+01 1.799e+01
|    ( - 3.134e+01 1 0)
|    ( - 1.928e+02 1 0))
s>    ( QUESTION1 -1 2.682e+02 4.407e+01 1.799e+01
s>        ( - 3.134e+01 1 0)
s>        ( - 1.928e+02 1 0))INFO: dtree.c(1315): Comp split 38
INFO: dtree.c(1315): Comp split 39
INFO: dtree.c(1439): stop. leaf nodes are specific
INFO: dtree.c(1478): Final simple tree
|( QUESTION0_1_R 1 2.327e+02 5.552e+01 1.718e+01
|    ( - 1.326e+02 1 0)
|    ( - 4.465e+01 1 0))
s>    ( QUESTION0_1_R 1 2.327e+02 5.552e+01 1.718e+01
s>        ( - 1.326e+02 1 0)
s>        ( - 4.465e+01 1 0))INFO: dtree.c(1315): Comp split 40
INFO: dtree.c(1439): stop. leaf nodes are specific
INFO: dtree.c(1478): Final simple tree
|( QUESTION8 -1 2.508e+02 5.066e+01 1.900e+01
|    ( - 6.869e+01 1 0)
|    ( - 1.314e+02 1 0))
s>    ( QUESTION8 -1 2.508e+02 5.066e+01 1.900e+01
s>        ( - 6.869e+01 1 0)
s>        ( - 1.314e+02 1 0))INFO: dtree.c(1315): Comp split 41
INFO: dtree.c(1439): stop. leaf nodes are specific
INFO: dtree.c(1478): Final simple tree
|( QUESTION0 -1 2.700e+02 2.260e+01 1.800e+01
|    ( - 2.427e+02 1 0)
|    ( - 4.753e+00 1 0))
s>    ( QUESTION0 -1 2.700e+02 2.260e+01 1.800e+01
s>        ( - 2.427e+02 1 0)
s>        ( - 4.753e+00 1 0))INFO: dtree.c(1315): Comp split 42
INFO: dtree.c(1439): stop. leaf nodes are specific
INFO: dtree.c(1478): Final simple tree
|( QUESTION0_3_R 1 3.758e+02 6.783e+01 2.500e+01
|    ( - 6.570e+01 1 0)
|    ( - 2.423e+02 1 0))
s>    ( QUESTION0_3_R 1 3.758e+02 6.783e+01 2.500e+01
s>        ( - 6.570e+01 1 0)
s>        ( - 2.423e+02 1 0))INFO: dtree.c(1439): stop. leaf nodes are specific
INFO: dtree.c(1478): Final simple tree
|( QUESTION0_3_R 1 4.243e+02 7.928e+01 2.600e+01
|    ( - 1.641e+02 1 0)
|    ( - 1.809e+02 1 0))
s>    ( QUESTION0_3_R 1 4.243e+02 7.928e+01 2.600e+01
s>        ( - 1.641e+02 1 0)
s>        ( - 1.809e+02 1 0))INFO: dtree.c(1315): Comp split 43
INFO: dtree.c(1439): stop. leaf nodes are specific
INFO: dtree.c(1478): Final simple tree
|( QUESTION0 -1 7.782e+02 7.880e+01 5.200e+01
|    ( - 1.357e+02 1 0)
|    ( - 5.637e+02 2 0))
s>    ( QUESTION0 -1 7.782e+02 7.880e+01 5.200e+01
s>        ( - 1.357e+02 1 0)
s>        ( - 5.637e+02 2 0))INFO: dtree.c(1315): Comp split 44
INFO: dtree.c(1439): stop. leaf nodes are specific
INFO: dtree.c(1478): Final simple tree
|( QUESTION2_17_L -1 5.908e+02 9.527e+01 3.457e+01
|    ( - 2.253e+02 2 0)
|    ( QUESTION11 -1 2.702e+02 5.673e+01 1.900e+01
|        ( - 1.092e+02 1 0)
|        ( QUESTION0_0_R 1 1.043e+02 2.781e+01 1.000e+01
|            ( - 5.388e+01 1 0)
|            ( - 2.266e+01 1 0))))
s>    ( QUESTION2_17_L -1 5.908e+02 9.527e+01 3.457e+01
s>        ( - 2.253e+02 2 0)
s>        ( QUESTION11 -1 2.702e+02 5.673e+01 1.900e+01
s>            ( - 1.092e+02 1 0)
s>            ( QUESTION0_0_R 1 1.043e+02 2.781e+01 1.000e+01
s>                ( - 5.388e+01 1 0)
s>                ( - 2.266e+01 1 0))))INFO: dtree.c(1315): Comp split 45
INFO: dtree.c(1439): stop. leaf nodes are specific
INFO: dtree.c(1478): Final simple tree
|( QUESTION0_10_R 1 5.192e+02 6.006e+01 3.300e+01
|    ( - 3.303e+01 1 0)
|    ( - 4.261e+02 2 0))
s>    ( QUESTION0_10_R 1 5.192e+02 6.006e+01 3.300e+01
s>        ( - 3.303e+01 1 0)
s>        ( - 4.261e+02 2 0))INFO: dtree.c(1439): stop. leaf nodes are specific
INFO: dtree.c(1478): Final simple tree
|( QUESTION0_20_R 1 3.686e+02 7.931e+01 2.400e+01
|    ( - 1.771e+02 1 0)
|    ( QUESTION0_0_R 1 1.121e+02 3.642e+01 1.100e+01
|        ( - 4.820e+01 1 0)
|        ( - 2.748e+01 1 0)))
s>    ( QUESTION0_20_R 1 3.686e+02 7.931e+01 2.400e+01
s>        ( - 1.771e+02 1 0)
s>        ( QUESTION0_0_R 1 1.121e+02 3.642e+01 1.100e+01
s>            ( - 4.820e+01 1 0)
s>            ( - 2.748e+01 1 0)))INFO: dtree.c(1315): Comp split 46
INFO: dtree.c(1439): stop. leaf nodes are specific
INFO: dtree.c(1478): Final simple tree
|( QUESTION0_10_R 1 2.268e+02 5.441e+01 1.600e+01
|    ( - 9.673e+01 1 0)
|    ( - 7.568e+01 2 0))
s>    ( QUESTION0_10_R 1 2.268e+02 5.441e+01 1.600e+01
s>        ( - 9.673e+01 1 0)
s>        ( - 7.568e+01 2 0))INFO: dtree.c(1315): Comp split 47
INFO: dtree.c(1439): stop. leaf nodes are specific
INFO: dtree.c(1478): Final simple tree
|( QUESTION0_3_R 1 5.127e+02 9.319e+01 3.000e+01
|    ( - 1.551e+02 1 0)
|    ( - 2.644e+02 1 0))
s>    ( QUESTION0_3_R 1 5.127e+02 9.319e+01 3.000e+01
s>        ( - 1.551e+02 1 0)
s>        ( - 2.644e+02 1 0))INFO: dtree.c(1315): Comp split 48
INFO: dtree.c(1315): Comp split 49
INFO: dtree.c(1439): stop. leaf nodes are specific
INFO: dtree.c(1478): Final simple tree
|( QUESTION11 -1 2.702e+02 5.673e+01 1.900e+01
|    ( - 1.092e+02 1 0)
|    ( QUESTION0_0_R 1 1.043e+02 2.781e+01 1.000e+01
|        ( - 5.388e+01 1 0)
|        ( - 2.266e+01 1 0)))
s>    ( QUESTION11 -1 2.702e+02 5.673e+01 1.900e+01
s>        ( - 1.092e+02 1 0)
s>        ( QUESTION0_0_R 1 1.043e+02 2.781e+01 1.000e+01
s>            ( - 5.388e+01 1 0)
s>            ( - 2.266e+01 1 0)))INFO: dtree.c(1315): Comp split 50
INFO: dtree.c(1315): Comp split 51
INFO: dtree.c(1315): Comp split 52
INFO: dtree.c(1439): stop. leaf nodes are specific
INFO: dtree.c(1478): Final simple tree
|( QUESTION0_0_R 1 1.121e+02 3.642e+01 1.100e+01
|    ( - 4.820e+01 1 0)
|    ( - 2.748e+01 1 0))
s>    ( QUESTION0_0_R 1 1.121e+02 3.642e+01 1.100e+01
s>        ( - 4.820e+01 1 0)
s>        ( - 2.748e+01 1 0))INFO: dtree.c(1315): Comp split 53
INFO: dtree.c(1315): Comp split 54
INFO: dtree.c(1315): Comp split 55
INFO: dtree.c(1439): stop. leaf nodes are specific
INFO: dtree.c(1478): Final simple tree
|( QUESTION0_0_R 1 1.335e+02 3.734e+01 1.200e+01
|    ( - 2.322e+01 1 0)
|    ( - 7.294e+01 1 0))
s>    ( QUESTION0_0_R 1 1.335e+02 3.734e+01 1.200e+01
s>        ( - 2.322e+01 1 0)
s>        ( - 7.294e+01 1 0))INFO: dtree.c(1315): Comp split 56
INFO: dtree.c(1315): Comp split 57
INFO: dtree.c(1315): Comp split 58
INFO: dtree.c(1315): Comp split 59
INFO: dtree.c(1439): stop. leaf nodes are specific
INFO: dtree.c(1478): Final simple tree
|( QUESTION0_0_R 1 1.043e+02 2.781e+01 1.000e+01
|    ( - 5.388e+01 1 0)
|    ( - 2.266e+01 1 0))
s>    ( QUESTION0_0_R 1 1.043e+02 2.781e+01 1.000e+01
s>        ( - 5.388e+01 1 0)
s>        ( - 2.266e+01 1 0))INFO: dtree.c(1315): Comp split 60
INFO: dtree.c(1315): Comp split 61
INFO: dtree.c(1315): Comp split 62
INFO: dtree.c(1315): Comp split 63
INFO: dtree.c(1315): Comp split 64
INFO: dtree.c(1315): Comp split 65
INFO: dtree.c(1315): Comp split 66
INFO: dtree.c(1315): Comp split 67
INFO: dtree.c(1315): Comp split 68
INFO: dtree.c(1315): Comp split 69
INFO: dtree.c(1315): Comp split 70
INFO: dtree.c(1318): stop. leaf nodes are specific
Fri Nov  2 10:06:27 2018
