Current configuration:
[NAME]		[DEFLT]	[VALUE]
-allphones	no	no
-cntthresh	0.00001	1.000000e-05
-csplitmax	100	2000
-csplitmin	1	1
-csplitthr	8e-4	0.000000e+00
-example	no	no
-fullvar	no	no
-help		no	no
-meanfn			
-mixwfn			/home/sdv/Documents/SDV/SDVoice/an4/model_parameters/an4.cd_semi_untied/mixture_weights
-moddeffn		/home/sdv/Documents/SDV/SDVoice/an4/model_architecture/an4.untied.mdef
-mwfloor	1e-4	1.000000e-08
-phone			ER
-psetfn			/home/sdv/Documents/SDV/SDVoice/an4/model_architecture/an4.tree_questions
-ssplitmax	5	7
-ssplitmin	1	1
-ssplitthr	8e-4	0.000000e+00
-state			2
-stwt			1.0,0.05,0.0,
-treefn			/home/sdv/Documents/SDV/SDVoice/an4/trees/an4.unpruned/ER-2.dtree
-ts2cbfn	.semi.	.semi.
-varfloor	0.00001	1.000000e-05
-varfn			

INFO: main.c(223): Reading: /home/sdv/Documents/SDV/SDVoice/an4/model_architecture/an4.untied.mdef
INFO: model_def_io.c(573): Model definition info:
INFO: model_def_io.c(574): 1618 total models defined (34 base, 1584 tri)
INFO: model_def_io.c(575): 6472 total states
INFO: model_def_io.c(576): 4854 total tied states
INFO: model_def_io.c(577): 102 total tied CI states
INFO: model_def_io.c(578): 34 total tied transition matrices
INFO: model_def_io.c(579): 4 max state/model
INFO: model_def_io.c(580): 4 min state/model
INFO: main.c(242): Building trees for [ER B EY e] through [ER TH T i]
INFO: main.c(269): Covering states |[1272 1325]| == 54
INFO: main.c(275): Reading: /home/sdv/Documents/SDV/SDVoice/an4/model_parameters/an4.cd_semi_untied/mixture_weights
INFO: s3mixw_io.c(173): Read /home/sdv/Documents/SDV/SDVoice/an4/model_parameters/an4.cd_semi_untied/mixture_weights [54x4x256 array]
INFO: main.c(311): 18 of 18 models have observation count greater than 0.000010
INFO: main.c(95): nrm stwt: 0.000 0.048 0.952 
INFO: main.c(411): 18-class entropy: 1.830874e+04
INFO: main.c(549): Reading: /home/sdv/Documents/SDV/SDVoice/an4/model_architecture/an4.tree_questions
INFO: main.c(588): 176 total simple questions (168 phone; 8 word bndry)
INFO: main.c(590): 42 Left Only questions, and 42 Right Only questions
INFO: dtree.c(1478): Final simple tree
|( QUESTION0_20_R 1 2.320e+04 1.076e+03 9.165e+02
|    ( QUESTION11 1 1.357e+04 4.302e+02 5.558e+02
|        ( QUESTION7 -1 1.194e+04 2.807e+02 4.919e+02
|            ( - 1.121e+04 3 0)
|            ( - 4.459e+02 3 0 WDBNDRY_E 0 7.979e+01 2.905e+01))
|        ( - 1.199e+03 3 0 QUESTION1 1 1.894e+02 6.391e+01))
|    ( QUESTION7 -1 8.556e+03 7.188e+02 3.606e+02
|        ( QUESTION0_11_R 1 4.287e+03 3.738e+02 1.907e+02
|            ( - 1.674e+03 1 0)
|            ( QUESTION0_0_R 1 2.239e+03 2.865e+02 1.086e+02
|                ( - 8.349e+02 1 0)
|                ( - 1.118e+03 1 0)))
|        ( QUESTION1 -1 3.550e+03 3.265e+02 1.699e+02
|            ( - 8.206e+02 4 0 WDBNDRY_E 0 1.593e+02 4.602e+01)
|            ( - 2.403e+03 2 0 QUESTION0_15_R 1 7.193e+01 1.239e+02))))
s>    ( QUESTION0_20_R 1 2.320e+04 1.076e+03 9.165e+02
s>        ( QUESTION11 1 1.357e+04 4.302e+02 5.558e+02
s>            ( QUESTION7 -1 1.194e+04 2.807e+02 4.919e+02
s>                ( - 1.121e+04 3 0)
s>                ( - 4.459e+02 3 0 WDBNDRY_E 0 7.979e+01 2.905e+01))
s>            ( - 1.199e+03 3 0 QUESTION1 1 1.894e+02 6.391e+01))
s>        ( QUESTION7 -1 8.556e+03 7.188e+02 3.606e+02
s>            ( QUESTION0_11_R 1 4.287e+03 3.738e+02 1.907e+02
s>                ( - 1.674e+03 1 0)
s>                ( QUESTION0_0_R 1 2.239e+03 2.865e+02 1.086e+02
s>                    ( - 8.349e+02 1 0)
s>                    ( - 1.118e+03 1 0)))
s>            ( QUESTION1 -1 3.550e+03 3.265e+02 1.699e+02
s>                ( - 8.206e+02 4 0 WDBNDRY_E 0 1.593e+02 4.602e+01)
s>                ( - 2.403e+03 2 0 QUESTION0_15_R 1 7.193e+01 1.239e+02))))INFO: dtree.c(1315): Comp split 0
INFO: dtree.c(1439): stop. leaf nodes are specific
INFO: dtree.c(1478): Final simple tree
|( QUESTION0_10_R 1 1.496e+04 6.545e+02 6.056e+02
|    ( QUESTION0_11_R 1 3.097e+03 3.050e+02 1.427e+02
|        ( - 1.674e+03 1 0)
|        ( - 1.118e+03 1 0))
|    ( - 1.121e+04 3 0))
s>    ( QUESTION0_10_R 1 1.496e+04 6.545e+02 6.056e+02
s>        ( QUESTION0_11_R 1 3.097e+03 3.050e+02 1.427e+02
s>            ( - 1.674e+03 1 0)
s>            ( - 1.118e+03 1 0))
s>        ( - 1.121e+04 3 0))INFO: dtree.c(1478): Final simple tree
|( QUESTION0_10_R 1 7.151e+03 6.132e+02 3.108e+02
|    ( QUESTION1 -1 3.414e+03 3.170e+02 1.639e+02
|        ( WDBNDRY_E 0 6.938e+02 1.217e+02 4.002e+01
|            ( - 1.393e+02 2 0 QUESTION0_11_R 1 4.398e+01 1.200e+01)
|            ( - 4.328e+02 1 0))
|        ( - 2.403e+03 2 0 QUESTION0_15_R 1 7.193e+01 1.239e+02))
|    ( QUESTION1 1 3.124e+03 3.578e+02 1.470e+02
|        ( QUESTION0_0_R 1 1.663e+03 2.104e+02 8.591e+01
|            ( - 9.464e+02 2 0 QUESTION2 -1 7.552e+01 5.400e+01)
|            ( - 5.057e+02 1 0))
|        ( QUESTION11 1 1.103e+03 1.532e+02 6.105e+01
|            ( WDBNDRY_E 0 4.459e+02 7.979e+01 2.905e+01
|                ( - 2.336e+02 2 0)
|                ( - 1.325e+02 1 0))
|            ( - 5.044e+02 2 0 QUESTION2 -1 5.131e+01 3.200e+01))))
s>    ( QUESTION0_10_R 1 7.151e+03 6.132e+02 3.108e+02
s>        ( QUESTION1 -1 3.414e+03 3.170e+02 1.639e+02
s>            ( WDBNDRY_E 0 6.938e+02 1.217e+02 4.002e+01
s>                ( - 1.393e+02 2 0 QUESTION0_11_R 1 4.398e+01 1.200e+01)
s>                ( - 4.328e+02 1 0))
s>            ( - 2.403e+03 2 0 QUESTION0_15_R 1 7.193e+01 1.239e+02))
s>        ( QUESTION1 1 3.124e+03 3.578e+02 1.470e+02
s>            ( QUESTION0_0_R 1 1.663e+03 2.104e+02 8.591e+01
s>                ( - 9.464e+02 2 0 QUESTION2 -1 7.552e+01 5.400e+01)
s>                ( - 5.057e+02 1 0))
s>            ( QUESTION11 1 1.103e+03 1.532e+02 6.105e+01
s>                ( WDBNDRY_E 0 4.459e+02 7.979e+01 2.905e+01
s>                    ( - 2.336e+02 2 0)
s>                    ( - 1.325e+02 1 0))
s>                ( - 5.044e+02 2 0 QUESTION2 -1 5.131e+01 3.200e+01))))INFO: dtree.c(1315): Comp split 1
INFO: dtree.c(1439): stop. leaf nodes are specific
INFO: dtree.c(1478): Final simple tree
|( QUESTION0_11_R 1 3.097e+03 3.050e+02 1.427e+02
|    ( - 1.674e+03 1 0)
|    ( - 1.118e+03 1 0))
s>    ( QUESTION0_11_R 1 3.097e+03 3.050e+02 1.427e+02
s>        ( - 1.674e+03 1 0)
s>        ( - 1.118e+03 1 0))INFO: dtree.c(1315): Comp split 2
INFO: dtree.c(1439): stop. leaf nodes are specific
INFO: dtree.c(1478): Final simple tree
|( QUESTION1 1 3.124e+03 3.578e+02 1.470e+02
|    ( QUESTION0_0_R 1 1.663e+03 2.104e+02 8.591e+01
|        ( QUESTION2 -1 9.464e+02 7.552e+01 5.400e+01
|            ( - 3.597e+01 1 0)
|            ( - 8.349e+02 1 0))
|        ( - 5.057e+02 1 0))
|    ( QUESTION11 1 1.103e+03 1.532e+02 6.105e+01
|        ( WDBNDRY_E 0 4.459e+02 7.979e+01 2.905e+01
|            ( - 2.336e+02 2 0)
|            ( - 1.325e+02 1 0))
|        ( QUESTION2 -1 5.044e+02 5.131e+01 3.200e+01
|            ( - 3.470e+01 1 0)
|            ( - 4.183e+02 1 0))))
s>    ( QUESTION1 1 3.124e+03 3.578e+02 1.470e+02
s>        ( QUESTION0_0_R 1 1.663e+03 2.104e+02 8.591e+01
s>            ( QUESTION2 -1 9.464e+02 7.552e+01 5.400e+01
s>                ( - 3.597e+01 1 0)
s>                ( - 8.349e+02 1 0))
s>            ( - 5.057e+02 1 0))
s>        ( QUESTION11 1 1.103e+03 1.532e+02 6.105e+01
s>            ( WDBNDRY_E 0 4.459e+02 7.979e+01 2.905e+01
s>                ( - 2.336e+02 2 0)
s>                ( - 1.325e+02 1 0))
s>            ( QUESTION2 -1 5.044e+02 5.131e+01 3.200e+01
s>                ( - 3.470e+01 1 0)
s>                ( - 4.183e+02 1 0))))INFO: dtree.c(1439): stop. leaf nodes are specific
INFO: dtree.c(1478): Final simple tree
|( QUESTION1 -1 3.414e+03 3.170e+02 1.639e+02
|    ( WDBNDRY_E 0 6.938e+02 1.217e+02 4.002e+01
|        ( QUESTION0_11_R 1 1.393e+02 4.398e+01 1.200e+01
|            ( - 6.011e+01 1 0)
|            ( - 3.519e+01 1 0))
|        ( - 4.328e+02 1 0))
|    ( QUESTION0_15_R 1 2.403e+03 7.193e+01 1.239e+02
|        ( - 2.267e+03 1 0)
|        ( - 6.439e+01 1 0)))
s>    ( QUESTION1 -1 3.414e+03 3.170e+02 1.639e+02
s>        ( WDBNDRY_E 0 6.938e+02 1.217e+02 4.002e+01
s>            ( QUESTION0_11_R 1 1.393e+02 4.398e+01 1.200e+01
s>                ( - 6.011e+01 1 0)
s>                ( - 3.519e+01 1 0))
s>            ( - 4.328e+02 1 0))
s>        ( QUESTION0_15_R 1 2.403e+03 7.193e+01 1.239e+02
s>            ( - 2.267e+03 1 0)
s>            ( - 6.439e+01 1 0)))INFO: dtree.c(1315): Comp split 3
INFO: dtree.c(1439): stop. leaf nodes are specific
INFO: dtree.c(1478): Final simple tree
|( QUESTION11 1 1.103e+03 1.532e+02 6.105e+01
|    ( WDBNDRY_E 0 4.459e+02 7.979e+01 2.905e+01
|        ( - 2.336e+02 2 0)
|        ( - 1.325e+02 1 0))
|    ( QUESTION2 -1 5.044e+02 5.131e+01 3.200e+01
|        ( - 3.470e+01 1 0)
|        ( - 4.183e+02 1 0)))
s>    ( QUESTION11 1 1.103e+03 1.532e+02 6.105e+01
s>        ( WDBNDRY_E 0 4.459e+02 7.979e+01 2.905e+01
s>            ( - 2.336e+02 2 0)
s>            ( - 1.325e+02 1 0))
s>        ( QUESTION2 -1 5.044e+02 5.131e+01 3.200e+01
s>            ( - 3.470e+01 1 0)
s>            ( - 4.183e+02 1 0)))INFO: dtree.c(1439): stop. leaf nodes are specific
INFO: dtree.c(1478): Final simple tree
|( QUESTION0_0_R 1 1.663e+03 2.104e+02 8.591e+01
|    ( QUESTION2 -1 9.464e+02 7.552e+01 5.400e+01
|        ( - 3.597e+01 1 0)
|        ( - 8.349e+02 1 0))
|    ( - 5.057e+02 1 0))
s>    ( QUESTION0_0_R 1 1.663e+03 2.104e+02 8.591e+01
s>        ( QUESTION2 -1 9.464e+02 7.552e+01 5.400e+01
s>            ( - 3.597e+01 1 0)
s>            ( - 8.349e+02 1 0))
s>        ( - 5.057e+02 1 0))INFO: dtree.c(1315): Comp split 4
INFO: dtree.c(1439): stop. leaf nodes are specific
INFO: dtree.c(1478): Final simple tree
|( WDBNDRY_E 0 6.938e+02 1.217e+02 4.002e+01
|    ( QUESTION0_11_R 1 1.393e+02 4.398e+01 1.200e+01
|        ( - 6.011e+01 1 0)
|        ( - 3.519e+01 1 0))
|    ( - 4.328e+02 1 0))
s>    ( WDBNDRY_E 0 6.938e+02 1.217e+02 4.002e+01
s>        ( QUESTION0_11_R 1 1.393e+02 4.398e+01 1.200e+01
s>            ( - 6.011e+01 1 0)
s>            ( - 3.519e+01 1 0))
s>        ( - 4.328e+02 1 0))INFO: dtree.c(1439): stop. leaf nodes are specific
INFO: dtree.c(1478): Final simple tree
|( QUESTION0_15_R 1 2.403e+03 7.193e+01 1.239e+02
|    ( - 2.267e+03 1 0)
|    ( - 6.439e+01 1 0))
s>    ( QUESTION0_15_R 1 2.403e+03 7.193e+01 1.239e+02
s>        ( - 2.267e+03 1 0)
s>        ( - 6.439e+01 1 0))INFO: dtree.c(1315): Comp split 5
INFO: dtree.c(1315): Comp split 6
INFO: dtree.c(1439): stop. leaf nodes are specific
INFO: dtree.c(1478): Final simple tree
|( QUESTION0_0_R 1 6.063e+02 6.464e+01 3.791e+01
|    ( - 3.597e+01 1 0)
|    ( - 5.057e+02 1 0))
s>    ( QUESTION0_0_R 1 6.063e+02 6.464e+01 3.791e+01
s>        ( - 3.597e+01 1 0)
s>        ( - 5.057e+02 1 0))INFO: dtree.c(1315): Comp split 7
INFO: dtree.c(1439): stop. leaf nodes are specific
INFO: dtree.c(1478): Final simple tree
|( QUESTION2 -1 5.044e+02 5.131e+01 3.200e+01
|    ( - 3.470e+01 1 0)
|    ( - 4.183e+02 1 0))
s>    ( QUESTION2 -1 5.044e+02 5.131e+01 3.200e+01
s>        ( - 3.470e+01 1 0)
s>        ( - 4.183e+02 1 0))INFO: dtree.c(1439): stop. leaf nodes are specific
INFO: dtree.c(1478): Final simple tree
|( WDBNDRY_E 0 4.459e+02 7.979e+01 2.905e+01
|    ( - 2.336e+02 2 0)
|    ( - 1.325e+02 1 0))
s>    ( WDBNDRY_E 0 4.459e+02 7.979e+01 2.905e+01
s>        ( - 2.336e+02 2 0)
s>        ( - 1.325e+02 1 0))INFO: dtree.c(1315): Comp split 8
INFO: dtree.c(1439): stop. leaf nodes are specific
INFO: dtree.c(1478): Final simple tree
|( QUESTION0_11_R 1 1.393e+02 4.398e+01 1.200e+01
|    ( - 6.011e+01 1 0)
|    ( - 3.519e+01 1 0))
s>    ( QUESTION0_11_R 1 1.393e+02 4.398e+01 1.200e+01
s>        ( - 6.011e+01 1 0)
s>        ( - 3.519e+01 1 0))INFO: dtree.c(1315): Comp split 9
INFO: dtree.c(1315): Comp split 10
INFO: dtree.c(1315): Comp split 11
INFO: dtree.c(1315): Comp split 12
INFO: dtree.c(1315): Comp split 13
INFO: dtree.c(1315): Comp split 14
INFO: dtree.c(1318): stop. leaf nodes are specific
Fri Nov  2 10:06:31 2018
