Current configuration:
[NAME]		[DEFLT]	[VALUE]
-allphones	no	no
-cntthresh	0.00001	1.000000e-05
-csplitmax	100	2000
-csplitmin	1	1
-csplitthr	8e-4	0.000000e+00
-example	no	no
-fullvar	no	no
-help		no	no
-meanfn			
-mixwfn			/home/sdv/Documents/SDV/SDVoice/an4/model_parameters/an4.cd_semi_untied/mixture_weights
-moddeffn		/home/sdv/Documents/SDV/SDVoice/an4/model_architecture/an4.untied.mdef
-mwfloor	1e-4	1.000000e-08
-phone			AY
-psetfn			/home/sdv/Documents/SDV/SDVoice/an4/model_architecture/an4.tree_questions
-ssplitmax	5	7
-ssplitmin	1	1
-ssplitthr	8e-4	0.000000e+00
-state			1
-stwt			1.0,0.05,0.0,
-treefn			/home/sdv/Documents/SDV/SDVoice/an4/trees/an4.unpruned/AY-1.dtree
-ts2cbfn	.semi.	.semi.
-varfloor	0.00001	1.000000e-05
-varfn			

INFO: main.c(223): Reading: /home/sdv/Documents/SDV/SDVoice/an4/model_architecture/an4.untied.mdef
INFO: model_def_io.c(573): Model definition info:
INFO: model_def_io.c(574): 1618 total models defined (34 base, 1584 tri)
INFO: model_def_io.c(575): 6472 total states
INFO: model_def_io.c(576): 4854 total tied states
INFO: model_def_io.c(577): 102 total tied CI states
INFO: model_def_io.c(578): 34 total tied transition matrices
INFO: model_def_io.c(579): 4 max state/model
INFO: model_def_io.c(580): 4 min state/model
INFO: main.c(242): Building trees for [AY AH EH s] through [AY W Z e]
INFO: main.c(269): Covering states |[480 734]| == 255
INFO: main.c(275): Reading: /home/sdv/Documents/SDV/SDVoice/an4/model_parameters/an4.cd_semi_untied/mixture_weights
INFO: s3mixw_io.c(173): Read /home/sdv/Documents/SDV/SDVoice/an4/model_parameters/an4.cd_semi_untied/mixture_weights [255x4x256 array]
INFO: main.c(311): 85 of 85 models have observation count greater than 0.000010
INFO: main.c(95): nrm stwt: 0.045 0.909 0.045 
INFO: main.c(411): 85-class entropy: 5.305994e+04
INFO: main.c(549): Reading: /home/sdv/Documents/SDV/SDVoice/an4/model_architecture/an4.tree_questions
INFO: main.c(588): 176 total simple questions (168 phone; 8 word bndry)
INFO: main.c(590): 42 Left Only questions, and 42 Right Only questions
INFO: dtree.c(1478): Final simple tree
|( QUESTION7 1 6.540e+04 1.457e+03 3.125e+03
|    ( - 1.220e+04 2 0 WDBNDRY_E 0 9.452e+01 5.832e+02)
|    ( WDBNDRY_I 0 5.175e+04 1.141e+03 2.542e+03
|        ( - 1.875e+04 1 0)
|        ( QUESTION14 -1 3.186e+04 7.287e+02 1.574e+03
|            ( QUESTION0 1 1.276e+04 4.096e+02 6.536e+02
|                ( - 9.193e+03 8 0 QUESTION0_17_R 1 2.618e+02 4.883e+02)
|                ( - 3.154e+03 6 0 QUESTION0_9_R 1 2.272e+02 1.653e+02))
|            ( SILENCE 1 1.837e+04 5.483e+02 9.201e+02
|                ( - 2.790e+03 4 0 WDBNDRY_E 0 1.834e+02 1.467e+02)
|                ( QUESTION15 1 1.504e+04 4.081e+02 7.734e+02
|                    ( - 6.193e+03 20 0 QUESTION10 -1 2.788e+02 3.380e+02)
|                    ( QUESTION2_6_L -1 8.434e+03 3.345e+02 4.354e+02
|                        ( - 4.497e+03 25 0 QUESTION2 -1 3.070e+02 2.324e+02)
|                        ( - 3.603e+03 19 0 QUESTION10 1 2.188e+02 2.030e+02)))))))
s>    ( QUESTION7 1 6.540e+04 1.457e+03 3.125e+03
s>        ( - 1.220e+04 2 0 WDBNDRY_E 0 9.452e+01 5.832e+02)
s>        ( WDBNDRY_I 0 5.175e+04 1.141e+03 2.542e+03
s>            ( - 1.875e+04 1 0)
s>            ( QUESTION14 -1 3.186e+04 7.287e+02 1.574e+03
s>                ( QUESTION0 1 1.276e+04 4.096e+02 6.536e+02
s>                    ( - 9.193e+03 8 0 QUESTION0_17_R 1 2.618e+02 4.883e+02)
s>                    ( - 3.154e+03 6 0 QUESTION0_9_R 1 2.272e+02 1.653e+02))
s>                ( SILENCE 1 1.837e+04 5.483e+02 9.201e+02
s>                    ( - 2.790e+03 4 0 WDBNDRY_E 0 1.834e+02 1.467e+02)
s>                    ( QUESTION15 1 1.504e+04 4.081e+02 7.734e+02
s>                        ( - 6.193e+03 20 0 QUESTION10 -1 2.788e+02 3.380e+02)
s>                        ( QUESTION2_6_L -1 8.434e+03 3.345e+02 4.354e+02
s>                            ( - 4.497e+03 25 0 QUESTION2 -1 3.070e+02 2.324e+02)
s>                            ( - 3.603e+03 19 0 QUESTION10 1 2.188e+02 2.030e+02)))))))INFO: dtree.c(1315): Comp split 0
INFO: dtree.c(1478): Final simple tree
|( WDBNDRY_I 0 5.175e+04 1.141e+03 2.542e+03
|    ( - 1.875e+04 1 0)
|    ( QUESTION14 -1 3.186e+04 7.287e+02 1.574e+03
|        ( QUESTION0 1 1.276e+04 4.096e+02 6.536e+02
|            ( - 9.193e+03 8 0 QUESTION0_17_R 1 2.618e+02 4.883e+02)
|            ( - 3.154e+03 6 0 QUESTION0_9_R 1 2.272e+02 1.653e+02))
|        ( SILENCE 1 1.837e+04 5.483e+02 9.201e+02
|            ( - 2.790e+03 4 0 WDBNDRY_E 0 1.834e+02 1.467e+02)
|            ( QUESTION15 1 1.504e+04 4.081e+02 7.734e+02
|                ( - 6.193e+03 20 0 QUESTION10 -1 2.788e+02 3.380e+02)
|                ( QUESTION2_6_L -1 8.434e+03 3.345e+02 4.354e+02
|                    ( QUESTION2 -1 4.497e+03 3.070e+02 2.324e+02
|                        ( - 1.429e+03 6 0 QUESTION0_20_R 1 1.639e+02 8.041e+01)
|                        ( - 2.761e+03 19 0 QUESTION0_16_R 1 2.235e+02 1.520e+02))
|                    ( - 3.603e+03 19 0 QUESTION10 1 2.188e+02 2.030e+02))))))
s>    ( WDBNDRY_I 0 5.175e+04 1.141e+03 2.542e+03
s>        ( - 1.875e+04 1 0)
s>        ( QUESTION14 -1 3.186e+04 7.287e+02 1.574e+03
s>            ( QUESTION0 1 1.276e+04 4.096e+02 6.536e+02
s>                ( - 9.193e+03 8 0 QUESTION0_17_R 1 2.618e+02 4.883e+02)
s>                ( - 3.154e+03 6 0 QUESTION0_9_R 1 2.272e+02 1.653e+02))
s>            ( SILENCE 1 1.837e+04 5.483e+02 9.201e+02
s>                ( - 2.790e+03 4 0 WDBNDRY_E 0 1.834e+02 1.467e+02)
s>                ( QUESTION15 1 1.504e+04 4.081e+02 7.734e+02
s>                    ( - 6.193e+03 20 0 QUESTION10 -1 2.788e+02 3.380e+02)
s>                    ( QUESTION2_6_L -1 8.434e+03 3.345e+02 4.354e+02
s>                        ( QUESTION2 -1 4.497e+03 3.070e+02 2.324e+02
s>                            ( - 1.429e+03 6 0 QUESTION0_20_R 1 1.639e+02 8.041e+01)
s>                            ( - 2.761e+03 19 0 QUESTION0_16_R 1 2.235e+02 1.520e+02))
s>                        ( - 3.603e+03 19 0 QUESTION10 1 2.188e+02 2.030e+02))))))INFO: dtree.c(1439): stop. leaf nodes are specific
INFO: dtree.c(1478): Final simple tree
|( WDBNDRY_E 0 1.220e+04 9.452e+01 5.832e+02
|    ( - 8.456e+01 1 0)
|    ( - 1.202e+04 1 0))
s>    ( WDBNDRY_E 0 1.220e+04 9.452e+01 5.832e+02
s>        ( - 8.456e+01 1 0)
s>        ( - 1.202e+04 1 0))INFO: dtree.c(1315): Comp split 1
INFO: dtree.c(1478): Final simple tree
|( WDBNDRY_I 0 2.396e+04 6.709e+02 1.195e+03
|    ( - 1.875e+04 1 0)
|    ( QUESTION1 -1 4.541e+03 3.310e+02 2.271e+02
|        ( QUESTION0_20_R 1 1.750e+03 1.862e+02 9.439e+01
|            ( - 5.258e+02 2 0)
|            ( QUESTION0_0_R 1 1.038e+03 1.480e+02 6.097e+01
|                ( - 3.676e+02 1 0)
|                ( SILENCE 1 5.221e+02 8.986e+01 3.497e+01
|                    ( - 1.758e+02 2 0 QUESTION2 -1 3.447e+01 1.397e+01)
|                    ( QUESTION0_17_R 1 2.564e+02 5.220e+01 2.100e+01
|                        ( - 6.300e+01 1 0)
|                        ( - 1.412e+02 2 0)))))
|        ( WDBNDRY_E 0 2.460e+03 1.053e+02 1.327e+02
|            ( - 2.277e+03 1 0)
|            ( - 7.841e+01 1 0))))
s>    ( WDBNDRY_I 0 2.396e+04 6.709e+02 1.195e+03
s>        ( - 1.875e+04 1 0)
s>        ( QUESTION1 -1 4.541e+03 3.310e+02 2.271e+02
s>            ( QUESTION0_20_R 1 1.750e+03 1.862e+02 9.439e+01
s>                ( - 5.258e+02 2 0)
s>                ( QUESTION0_0_R 1 1.038e+03 1.480e+02 6.097e+01
s>                    ( - 3.676e+02 1 0)
s>                    ( SILENCE 1 5.221e+02 8.986e+01 3.497e+01
s>                        ( - 1.758e+02 2 0 QUESTION2 -1 3.447e+01 1.397e+01)
s>                        ( QUESTION0_17_R 1 2.564e+02 5.220e+01 2.100e+01
s>                            ( - 6.300e+01 1 0)
s>                            ( - 1.412e+02 2 0)))))
s>            ( WDBNDRY_E 0 2.460e+03 1.053e+02 1.327e+02
s>                ( - 2.277e+03 1 0)
s>                ( - 7.841e+01 1 0))))INFO: dtree.c(1478): Final simple tree
|( QUESTION14 -1 2.661e+04 6.128e+02 1.347e+03
|    ( QUESTION0 1 1.276e+04 4.096e+02 6.536e+02
|        ( QUESTION0_17_R 1 9.193e+03 2.618e+02 4.883e+02
|            ( - 7.533e+03 1 0)
|            ( - 1.398e+03 7 0 QUESTION1 1 1.689e+02 8.183e+01))
|        ( - 3.154e+03 6 0 QUESTION0_9_R 1 2.272e+02 1.653e+02))
|    ( QUESTION2_7_L -1 1.324e+04 4.206e+02 6.930e+02
|        ( QUESTION0_11_R 1 5.922e+03 2.719e+02 3.186e+02
|            ( - 3.229e+03 8 0 QUESTION2 -1 2.137e+02 1.806e+02)
|            ( - 2.421e+03 15 0 QUESTION12 1 1.917e+02 1.380e+02))
|        ( QUESTION13 -1 6.902e+03 2.956e+02 3.744e+02
|            ( QUESTION12 1 4.907e+03 2.339e+02 2.775e+02
|                ( - 9.858e+02 6 0 QUESTION0_17_R 1 1.299e+02 5.927e+01)
|                ( - 3.687e+03 15 0 QUESTION15 1 1.812e+02 2.182e+02))
|            ( - 1.700e+03 14 0 QUESTION2_16_L -1 2.078e+02 9.688e+01))))
s>    ( QUESTION14 -1 2.661e+04 6.128e+02 1.347e+03
s>        ( QUESTION0 1 1.276e+04 4.096e+02 6.536e+02
s>            ( QUESTION0_17_R 1 9.193e+03 2.618e+02 4.883e+02
s>                ( - 7.533e+03 1 0)
s>                ( - 1.398e+03 7 0 QUESTION1 1 1.689e+02 8.183e+01))
s>            ( - 3.154e+03 6 0 QUESTION0_9_R 1 2.272e+02 1.653e+02))
s>        ( QUESTION2_7_L -1 1.324e+04 4.206e+02 6.930e+02
s>            ( QUESTION0_11_R 1 5.922e+03 2.719e+02 3.186e+02
s>                ( - 3.229e+03 8 0 QUESTION2 -1 2.137e+02 1.806e+02)
s>                ( - 2.421e+03 15 0 QUESTION12 1 1.917e+02 1.380e+02))
s>            ( QUESTION13 -1 6.902e+03 2.956e+02 3.744e+02
s>                ( QUESTION12 1 4.907e+03 2.339e+02 2.775e+02
s>                    ( - 9.858e+02 6 0 QUESTION0_17_R 1 1.299e+02 5.927e+01)
s>                    ( - 3.687e+03 15 0 QUESTION15 1 1.812e+02 2.182e+02))
s>                ( - 1.700e+03 14 0 QUESTION2_16_L -1 2.078e+02 9.688e+01))))INFO: dtree.c(1315): Comp split 2
INFO: dtree.c(1478): Final simple tree
|( QUESTION0_17_R 1 1.122e+04 3.421e+02 5.851e+02
|    ( QUESTION13 -1 7.801e+03 1.382e+02 4.174e+02
|        ( - 7.533e+03 1 0)
|        ( - 1.294e+02 3 0 QUESTION0_18_R 1 3.493e+01 1.100e+01))
|    ( QUESTION2_16_L -1 3.073e+03 2.190e+02 1.677e+02
|        ( QUESTION0_10_R 1 7.224e+02 9.421e+01 4.594e+01
|            ( - 4.220e+02 1 0)
|            ( - 2.062e+02 3 0 QUESTION0_0_R 1 5.340e+01 1.600e+01))
|        ( QUESTION13 -1 2.132e+03 1.982e+02 1.218e+02
|            ( QUESTION1 1 1.398e+03 1.689e+02 8.183e+01
|                ( - 6.071e+02 3 0 QUESTION0_0_R 1 4.463e+01 4.083e+01)
|                ( QUESTION0_10_R 1 6.220e+02 1.161e+02 4.100e+01
|                    ( - 1.228e+02 1 0)
|                    ( - 3.831e+02 3 0)))
|            ( - 5.356e+02 7 0 QUESTION10 1 9.043e+01 3.994e+01))))
s>    ( QUESTION0_17_R 1 1.122e+04 3.421e+02 5.851e+02
s>        ( QUESTION13 -1 7.801e+03 1.382e+02 4.174e+02
s>            ( - 7.533e+03 1 0)
s>            ( - 1.294e+02 3 0 QUESTION0_18_R 1 3.493e+01 1.100e+01))
s>        ( QUESTION2_16_L -1 3.073e+03 2.190e+02 1.677e+02
s>            ( QUESTION0_10_R 1 7.224e+02 9.421e+01 4.594e+01
s>                ( - 4.220e+02 1 0)
s>                ( - 2.062e+02 3 0 QUESTION0_0_R 1 5.340e+01 1.600e+01))
s>            ( QUESTION13 -1 2.132e+03 1.982e+02 1.218e+02
s>                ( QUESTION1 1 1.398e+03 1.689e+02 8.183e+01
s>                    ( - 6.071e+02 3 0 QUESTION0_0_R 1 4.463e+01 4.083e+01)
s>                    ( QUESTION0_10_R 1 6.220e+02 1.161e+02 4.100e+01
s>                        ( - 1.228e+02 1 0)
s>                        ( - 3.831e+02 3 0)))
s>                ( - 5.356e+02 7 0 QUESTION10 1 9.043e+01 3.994e+01))))INFO: dtree.c(1478): Final simple tree
|( QUESTION2_9_L -1 1.472e+04 4.122e+02 7.614e+02
|    ( QUESTION0_11_R 1 5.922e+03 2.719e+02 3.186e+02
|        ( QUESTION2 -1 3.229e+03 2.137e+02 1.806e+02
|            ( - 1.419e+03 3 0 QUESTION0_12_R 1 5.202e+01 8.364e+01)
|            ( - 1.596e+03 5 0 QUESTION10 -1 1.756e+02 9.697e+01))
|        ( QUESTION12 1 2.421e+03 1.917e+02 1.380e+02
|            ( - 1.080e+03 8 0 QUESTION0_17_R 1 1.545e+02 6.500e+01)
|            ( - 1.150e+03 7 0 QUESTION0_0_R 1 1.217e+02 7.301e+01)))
|    ( QUESTION15 1 8.387e+03 3.303e+02 4.428e+02
|        ( QUESTION14 -1 4.111e+03 2.397e+02 2.258e+02
|            ( - 2.330e+03 3 0 QUESTION0_0_R 1 1.079e+02 1.283e+02)
|            ( - 1.541e+03 6 0 QUESTION0_13_R 1 1.212e+02 9.754e+01))
|        ( QUESTION10 1 3.946e+03 2.208e+02 2.170e+02
|            ( - 1.385e+03 9 0 QUESTION0_17_R 1 1.567e+02 8.027e+01)
|            ( - 2.340e+03 9 0 WDBNDRY_E 0 1.744e+02 1.367e+02))))
s>    ( QUESTION2_9_L -1 1.472e+04 4.122e+02 7.614e+02
s>        ( QUESTION0_11_R 1 5.922e+03 2.719e+02 3.186e+02
s>            ( QUESTION2 -1 3.229e+03 2.137e+02 1.806e+02
s>                ( - 1.419e+03 3 0 QUESTION0_12_R 1 5.202e+01 8.364e+01)
s>                ( - 1.596e+03 5 0 QUESTION10 -1 1.756e+02 9.697e+01))
s>            ( QUESTION12 1 2.421e+03 1.917e+02 1.380e+02
s>                ( - 1.080e+03 8 0 QUESTION0_17_R 1 1.545e+02 6.500e+01)
s>                ( - 1.150e+03 7 0 QUESTION0_0_R 1 1.217e+02 7.301e+01)))
s>        ( QUESTION15 1 8.387e+03 3.303e+02 4.428e+02
s>            ( QUESTION14 -1 4.111e+03 2.397e+02 2.258e+02
s>                ( - 2.330e+03 3 0 QUESTION0_0_R 1 1.079e+02 1.283e+02)
s>                ( - 1.541e+03 6 0 QUESTION0_13_R 1 1.212e+02 9.754e+01))
s>            ( QUESTION10 1 3.946e+03 2.208e+02 2.170e+02
s>                ( - 1.385e+03 9 0 QUESTION0_17_R 1 1.567e+02 8.027e+01)
s>                ( - 2.340e+03 9 0 WDBNDRY_E 0 1.744e+02 1.367e+02))))INFO: dtree.c(1315): Comp split 3
INFO: dtree.c(1439): stop. leaf nodes are specific
INFO: dtree.c(1478): Final simple tree
|( WDBNDRY_S 0 1.903e+04 1.336e+02 9.809e+02
|    ( - 1.412e+02 2 0)
|    ( - 1.875e+04 1 0))
s>    ( WDBNDRY_S 0 1.903e+04 1.336e+02 9.809e+02
s>        ( - 1.412e+02 2 0)
s>        ( - 1.875e+04 1 0))INFO: dtree.c(1439): stop. leaf nodes are specific
INFO: dtree.c(1478): Final simple tree
|( QUESTION1 -1 4.262e+03 3.069e+02 2.141e+02
|    ( QUESTION0_9_R 1 1.494e+03 1.727e+02 8.139e+01
|        ( QUESTION0_10_R 1 6.671e+02 7.834e+01 4.141e+01
|            ( - 6.300e+01 1 0)
|            ( - 5.258e+02 2 0))
|        ( SILENCE 1 6.544e+02 1.110e+02 3.997e+01
|            ( QUESTION2 -1 1.758e+02 3.447e+01 1.397e+01
|                ( - 1.047e+01 1 0)
|                ( - 1.308e+02 1 0))
|            ( - 3.676e+02 1 0)))
|    ( WDBNDRY_E 0 2.460e+03 1.053e+02 1.327e+02
|        ( - 2.277e+03 1 0)
|        ( - 7.841e+01 1 0)))
s>    ( QUESTION1 -1 4.262e+03 3.069e+02 2.141e+02
s>        ( QUESTION0_9_R 1 1.494e+03 1.727e+02 8.139e+01
s>            ( QUESTION0_10_R 1 6.671e+02 7.834e+01 4.141e+01
s>                ( - 6.300e+01 1 0)
s>                ( - 5.258e+02 2 0))
s>            ( SILENCE 1 6.544e+02 1.110e+02 3.997e+01
s>                ( QUESTION2 -1 1.758e+02 3.447e+01 1.397e+01
s>                    ( - 1.047e+01 1 0)
s>                    ( - 1.308e+02 1 0))
s>                ( - 3.676e+02 1 0)))
s>        ( WDBNDRY_E 0 2.460e+03 1.053e+02 1.327e+02
s>            ( - 2.277e+03 1 0)
s>            ( - 7.841e+01 1 0)))INFO: dtree.c(1315): Comp split 4
INFO: dtree.c(1478): Final simple tree
|( QUESTION14 -1 5.404e+03 3.214e+02 2.849e+02
|    ( QUESTION0_0_R 1 2.330e+03 1.079e+02 1.283e+02
|        ( - 6.282e+01 1 0)
|        ( - 2.159e+03 2 0))
|    ( QUESTION0_13_R 1 2.753e+03 1.907e+02 1.566e+02
|        ( - 1.326e+03 2 0)
|        ( QUESTION0 1 1.237e+03 1.236e+02 7.801e+01
|            ( QUESTION8 -1 5.616e+02 8.660e+01 4.000e+01
|                ( - 2.144e+02 2 0 QUESTION0_10_R 1 5.350e+01 1.700e+01)
|                ( - 2.605e+02 1 0))
|            ( QUESTION10 -1 5.516e+02 9.523e+01 3.801e+01
|                ( - 6.392e+01 1 0)
|                ( QUESTION0 -1 3.925e+02 5.615e+01 2.901e+01
|                    ( - 1.161e+02 2 0 QUESTION0_0_R 1 3.500e+01 1.000e+01)
|                    ( - 2.202e+02 2 0 QUESTION0_1_R 1 3.158e+01 1.901e+01))))))
s>    ( QUESTION14 -1 5.404e+03 3.214e+02 2.849e+02
s>        ( QUESTION0_0_R 1 2.330e+03 1.079e+02 1.283e+02
s>            ( - 6.282e+01 1 0)
s>            ( - 2.159e+03 2 0))
s>        ( QUESTION0_13_R 1 2.753e+03 1.907e+02 1.566e+02
s>            ( - 1.326e+03 2 0)
s>            ( QUESTION0 1 1.237e+03 1.236e+02 7.801e+01
s>                ( QUESTION8 -1 5.616e+02 8.660e+01 4.000e+01
s>                    ( - 2.144e+02 2 0 QUESTION0_10_R 1 5.350e+01 1.700e+01)
s>                    ( - 2.605e+02 1 0))
s>                ( QUESTION10 -1 5.516e+02 9.523e+01 3.801e+01
s>                    ( - 6.392e+01 1 0)
s>                    ( QUESTION0 -1 3.925e+02 5.615e+01 2.901e+01
s>                        ( - 1.161e+02 2 0 QUESTION0_0_R 1 3.500e+01 1.000e+01)
s>                        ( - 2.202e+02 2 0 QUESTION0_1_R 1 3.158e+01 1.901e+01))))))INFO: dtree.c(1478): Final simple tree
|( WDBNDRY_E 0 8.884e+03 3.361e+02 4.765e+02
|    ( QUESTION12 1 4.797e+03 2.404e+02 2.735e+02
|        ( - 1.105e+03 7 0 QUESTION0_17_R 1 1.246e+02 6.627e+01)
|        ( QUESTION1 1 3.451e+03 1.718e+02 2.072e+02
|            ( - 8.852e+02 3 0 QUESTION0_0_R 1 6.488e+01 5.988e+01)
|            ( QUESTION17 1 2.394e+03 1.530e+02 1.473e+02
|                ( - 1.181e+03 2 0 QUESTION0_12_R 1 7.955e+01 7.552e+01)
|                ( - 1.060e+03 8 0 QUESTION0_10_R 1 1.107e+02 7.182e+01))))
|    ( QUESTION0_11_R 1 3.752e+03 2.265e+02 2.030e+02
|        ( QUESTION10 -1 1.685e+03 1.762e+02 1.010e+02
|            ( - 2.857e+02 1 0)
|            ( - 1.223e+03 5 0 QUESTION0 -1 1.231e+02 7.551e+01))
|        ( QUESTION1 -1 1.840e+03 1.677e+02 1.020e+02
|            ( - 3.509e+02 2 0 QUESTION0_10_R 1 7.911e+01 2.700e+01)
|            ( - 1.322e+03 9 0 QUESTION0_9_R 1 1.258e+02 7.500e+01))))
s>    ( WDBNDRY_E 0 8.884e+03 3.361e+02 4.765e+02
s>        ( QUESTION12 1 4.797e+03 2.404e+02 2.735e+02
s>            ( - 1.105e+03 7 0 QUESTION0_17_R 1 1.246e+02 6.627e+01)
s>            ( QUESTION1 1 3.451e+03 1.718e+02 2.072e+02
s>                ( - 8.852e+02 3 0 QUESTION0_0_R 1 6.488e+01 5.988e+01)
s>                ( QUESTION17 1 2.394e+03 1.530e+02 1.473e+02
s>                    ( - 1.181e+03 2 0 QUESTION0_12_R 1 7.955e+01 7.552e+01)
s>                    ( - 1.060e+03 8 0 QUESTION0_10_R 1 1.107e+02 7.182e+01))))
s>        ( QUESTION0_11_R 1 3.752e+03 2.265e+02 2.030e+02
s>            ( QUESTION10 -1 1.685e+03 1.762e+02 1.010e+02
s>                ( - 2.857e+02 1 0)
s>                ( - 1.223e+03 5 0 QUESTION0 -1 1.231e+02 7.551e+01))
s>            ( QUESTION1 -1 1.840e+03 1.677e+02 1.020e+02
s>                ( - 3.509e+02 2 0 QUESTION0_10_R 1 7.911e+01 2.700e+01)
s>                ( - 1.322e+03 9 0 QUESTION0_9_R 1 1.258e+02 7.500e+01))))INFO: dtree.c(1315): Comp split 5
INFO: dtree.c(1439): stop. leaf nodes are specific
INFO: dtree.c(1478): Final simple tree
|( QUESTION0_10_R 1 8.081e+03 1.642e+02 4.364e+02
|    ( - 7.533e+03 1 0)
|    ( - 3.831e+02 3 0))
s>    ( QUESTION0_10_R 1 8.081e+03 1.642e+02 4.364e+02
s>        ( - 7.533e+03 1 0)
s>        ( - 3.831e+02 3 0))INFO: dtree.c(1478): Final simple tree
|( QUESTION2_16_L -1 2.760e+03 2.344e+02 1.487e+02
|    ( QUESTION0_10_R 1 7.224e+02 9.421e+01 4.594e+01
|        ( - 4.220e+02 1 0)
|        ( QUESTION0_0_R 1 2.062e+02 5.340e+01 1.600e+01
|            ( - 8.582e+01 2 0 QUESTION14 1 3.009e+01 8.000e+00)
|            ( - 6.696e+01 1 0)))
|    ( QUESTION10 1 1.803e+03 1.934e+02 1.028e+02
|        ( QUESTION13 -1 5.943e+02 9.584e+01 3.900e+01
|            ( - 1.228e+02 1 0)
|            ( QUESTION0_17_R 1 3.757e+02 7.791e+01 2.800e+01
|                ( - 1.294e+02 3 0 QUESTION0_18_R 1 3.493e+01 1.100e+01)
|                ( - 1.684e+02 3 0 SILENCE -1 3.216e+01 1.700e+01)))
|        ( QUESTION13 -1 1.016e+03 1.317e+02 6.376e+01
|            ( - 6.071e+02 3 0 QUESTION0_0_R 1 4.463e+01 4.083e+01)
|            ( - 2.768e+02 4 0 QUESTION0_4_R 1 5.169e+01 2.294e+01))))
s>    ( QUESTION2_16_L -1 2.760e+03 2.344e+02 1.487e+02
s>        ( QUESTION0_10_R 1 7.224e+02 9.421e+01 4.594e+01
s>            ( - 4.220e+02 1 0)
s>            ( QUESTION0_0_R 1 2.062e+02 5.340e+01 1.600e+01
s>                ( - 8.582e+01 2 0 QUESTION14 1 3.009e+01 8.000e+00)
s>                ( - 6.696e+01 1 0)))
s>        ( QUESTION10 1 1.803e+03 1.934e+02 1.028e+02
s>            ( QUESTION13 -1 5.943e+02 9.584e+01 3.900e+01
s>                ( - 1.228e+02 1 0)
s>                ( QUESTION0_17_R 1 3.757e+02 7.791e+01 2.800e+01
s>                    ( - 1.294e+02 3 0 QUESTION0_18_R 1 3.493e+01 1.100e+01)
s>                    ( - 1.684e+02 3 0 SILENCE -1 3.216e+01 1.700e+01)))
s>            ( QUESTION13 -1 1.016e+03 1.317e+02 6.376e+01
s>                ( - 6.071e+02 3 0 QUESTION0_0_R 1 4.463e+01 4.083e+01)
s>                ( - 2.768e+02 4 0 QUESTION0_4_R 1 5.169e+01 2.294e+01))))INFO: dtree.c(1315): Comp split 6
INFO: dtree.c(1478): Final simple tree
|( QUESTION12 1 5.278e+03 2.515e+02 2.989e+02
|    ( QUESTION0_17_R 1 1.105e+03 1.246e+02 6.627e+01
|        ( QUESTION0_18_R 1 6.434e+02 1.165e+02 4.240e+01
|            ( - 1.465e+02 1 0)
|            ( - 3.804e+02 2 0 QUESTION2_0_L -1 6.995e+01 2.840e+01))
|        ( - 3.373e+02 4 0 QUESTION0_10_R 1 6.316e+01 2.386e+01))
|    ( QUESTION17 1 3.921e+03 2.042e+02 2.327e+02
|        ( WDBNDRY_E 0 1.612e+03 1.453e+02 1.010e+02
|            ( - 1.181e+03 2 0 QUESTION0_12_R 1 7.955e+01 7.552e+01)
|            ( - 2.857e+02 1 0))
|        ( QUESTION1 1 2.105e+03 1.604e+02 1.317e+02
|            ( - 8.852e+02 3 0 QUESTION0_0_R 1 6.488e+01 5.988e+01)
|            ( QUESTION0_10_R 1 1.060e+03 1.107e+02 7.182e+01
|                ( - 3.777e+02 1 0)
|                ( - 5.712e+02 7 0 QUESTION15 1 9.805e+01 4.001e+01)))))
s>    ( QUESTION12 1 5.278e+03 2.515e+02 2.989e+02
s>        ( QUESTION0_17_R 1 1.105e+03 1.246e+02 6.627e+01
s>            ( QUESTION0_18_R 1 6.434e+02 1.165e+02 4.240e+01
s>                ( - 1.465e+02 1 0)
s>                ( - 3.804e+02 2 0 QUESTION2_0_L -1 6.995e+01 2.840e+01))
s>            ( - 3.373e+02 4 0 QUESTION0_10_R 1 6.316e+01 2.386e+01))
s>        ( QUESTION17 1 3.921e+03 2.042e+02 2.327e+02
s>            ( WDBNDRY_E 0 1.612e+03 1.453e+02 1.010e+02
s>                ( - 1.181e+03 2 0 QUESTION0_12_R 1 7.955e+01 7.552e+01)
s>                ( - 2.857e+02 1 0))
s>            ( QUESTION1 1 2.105e+03 1.604e+02 1.317e+02
s>                ( - 8.852e+02 3 0 QUESTION0_0_R 1 6.488e+01 5.988e+01)
s>                ( QUESTION0_10_R 1 1.060e+03 1.107e+02 7.182e+01
s>                    ( - 3.777e+02 1 0)
s>                    ( - 5.712e+02 7 0 QUESTION15 1 9.805e+01 4.001e+01)))))INFO: dtree.c(1478): Final simple tree
|( QUESTION16 -1 3.261e+03 1.991e+02 1.775e+02
|    ( QUESTION0_13_R 1 8.308e+02 1.006e+02 5.285e+01
|        ( - 4.906e+02 1 0)
|        ( - 2.396e+02 3 0 QUESTION0_19_R 1 6.536e+01 1.800e+01))
|    ( QUESTION1 -1 2.231e+03 1.702e+02 1.247e+02
|        ( QUESTION0_14_R 1 9.271e+02 1.326e+02 6.066e+01
|            ( - 1.914e+02 1 0)
|            ( QUESTION0_13_R 1 6.031e+02 1.019e+02 4.466e+01
|                ( - 2.317e+02 1 0)
|                ( - 2.694e+02 2 0 QUESTION0_10_R 1 3.850e+01 2.700e+01)))
|        ( QUESTION13 1 1.134e+03 1.330e+02 6.400e+01
|            ( - 5.014e+02 3 0 QUESTION0_0_R 1 6.324e+01 3.200e+01)
|            ( SILENCE 1 4.994e+02 8.015e+01 3.200e+01
|                ( - 9.698e+01 1 0)
|                ( - 3.223e+02 4 0 QUESTION0_10_R 1 5.436e+01 2.300e+01)))))
s>    ( QUESTION16 -1 3.261e+03 1.991e+02 1.775e+02
s>        ( QUESTION0_13_R 1 8.308e+02 1.006e+02 5.285e+01
s>            ( - 4.906e+02 1 0)
s>            ( - 2.396e+02 3 0 QUESTION0_19_R 1 6.536e+01 1.800e+01))
s>        ( QUESTION1 -1 2.231e+03 1.702e+02 1.247e+02
s>            ( QUESTION0_14_R 1 9.271e+02 1.326e+02 6.066e+01
s>                ( - 1.914e+02 1 0)
s>                ( QUESTION0_13_R 1 6.031e+02 1.019e+02 4.466e+01
s>                    ( - 2.317e+02 1 0)
s>                    ( - 2.694e+02 2 0 QUESTION0_10_R 1 3.850e+01 2.700e+01)))
s>            ( QUESTION13 1 1.134e+03 1.330e+02 6.400e+01
s>                ( - 5.014e+02 3 0 QUESTION0_0_R 1 6.324e+01 3.200e+01)
s>                ( SILENCE 1 4.994e+02 8.015e+01 3.200e+01
s>                    ( - 9.698e+01 1 0)
s>                    ( - 3.223e+02 4 0 QUESTION0_10_R 1 5.436e+01 2.300e+01)))))INFO: dtree.c(1315): Comp split 7
INFO: dtree.c(1478): Final simple tree
|( QUESTION0_13_R 1 2.753e+03 1.907e+02 1.566e+02
|    ( - 1.326e+03 2 0)
|    ( QUESTION0 1 1.237e+03 1.236e+02 7.801e+01
|        ( QUESTION8 -1 5.616e+02 8.660e+01 4.000e+01
|            ( QUESTION0_10_R 1 2.144e+02 5.350e+01 1.700e+01
|                ( - 4.961e+01 1 0)
|                ( - 1.113e+02 1 0))
|            ( - 2.605e+02 1 0))
|        ( QUESTION10 -1 5.516e+02 9.523e+01 3.801e+01
|            ( - 6.392e+01 1 0)
|            ( QUESTION0 -1 3.925e+02 5.615e+01 2.901e+01
|                ( QUESTION0_0_R 1 1.161e+02 3.500e+01 1.000e+01
|                    ( - 3.948e+01 1 0)
|                    ( - 4.164e+01 1 0))
|                ( - 2.202e+02 2 0 QUESTION0_1_R 1 3.158e+01 1.901e+01)))))
s>    ( QUESTION0_13_R 1 2.753e+03 1.907e+02 1.566e+02
s>        ( - 1.326e+03 2 0)
s>        ( QUESTION0 1 1.237e+03 1.236e+02 7.801e+01
s>            ( QUESTION8 -1 5.616e+02 8.660e+01 4.000e+01
s>                ( QUESTION0_10_R 1 2.144e+02 5.350e+01 1.700e+01
s>                    ( - 4.961e+01 1 0)
s>                    ( - 1.113e+02 1 0))
s>                ( - 2.605e+02 1 0))
s>            ( QUESTION10 -1 5.516e+02 9.523e+01 3.801e+01
s>                ( - 6.392e+01 1 0)
s>                ( QUESTION0 -1 3.925e+02 5.615e+01 2.901e+01
s>                    ( QUESTION0_0_R 1 1.161e+02 3.500e+01 1.000e+01
s>                        ( - 3.948e+01 1 0)
s>                        ( - 4.164e+01 1 0))
s>                    ( - 2.202e+02 2 0 QUESTION0_1_R 1 3.158e+01 1.901e+01)))))INFO: dtree.c(1439): stop. leaf nodes are specific
INFO: dtree.c(1478): Final simple tree
|( QUESTION0_0_R 1 2.330e+03 1.079e+02 1.283e+02
|    ( - 6.282e+01 1 0)
|    ( - 2.159e+03 2 0))
s>    ( QUESTION0_0_R 1 2.330e+03 1.079e+02 1.283e+02
s>        ( - 6.282e+01 1 0)
s>        ( - 2.159e+03 2 0))INFO: dtree.c(1315): Comp split 8
INFO: dtree.c(1439): stop. leaf nodes are specific
INFO: dtree.c(1478): Final simple tree
|( QUESTION0_9_R 1 1.349e+03 1.685e+02 7.339e+01
|    ( - 5.258e+02 2 0)
|    ( SILENCE 1 6.544e+02 1.110e+02 3.997e+01
|        ( QUESTION2 -1 1.758e+02 3.447e+01 1.397e+01
|            ( - 1.047e+01 1 0)
|            ( - 1.308e+02 1 0))
|        ( - 3.676e+02 1 0)))
s>    ( QUESTION0_9_R 1 1.349e+03 1.685e+02 7.339e+01
s>        ( - 5.258e+02 2 0)
s>        ( SILENCE 1 6.544e+02 1.110e+02 3.997e+01
s>            ( QUESTION2 -1 1.758e+02 3.447e+01 1.397e+01
s>                ( - 1.047e+01 1 0)
s>                ( - 1.308e+02 1 0))
s>            ( - 3.676e+02 1 0)))INFO: dtree.c(1439): stop. leaf nodes are specific
INFO: dtree.c(1478): Final simple tree
|( WDBNDRY_E 0 2.600e+03 1.307e+02 1.407e+02
|    ( - 2.277e+03 1 0)
|    ( SILENCE 1 1.927e+02 5.130e+01 1.700e+01
|        ( - 7.841e+01 1 0)
|        ( - 6.300e+01 1 0)))
s>    ( WDBNDRY_E 0 2.600e+03 1.307e+02 1.407e+02
s>        ( - 2.277e+03 1 0)
s>        ( SILENCE 1 1.927e+02 5.130e+01 1.700e+01
s>            ( - 7.841e+01 1 0)
s>            ( - 6.300e+01 1 0)))INFO: dtree.c(1315): Comp split 9
INFO: dtree.c(1439): stop. leaf nodes are specific
INFO: dtree.c(1478): Final simple tree
|( QUESTION1 1 1.851e+03 1.754e+02 1.137e+02
|    ( QUESTION0_0_R 1 8.852e+02 6.488e+01 5.988e+01
|        ( - 1.029e+02 1 0)
|        ( - 7.174e+02 2 0))
|    ( WDBNDRY_E 0 7.906e+02 1.246e+02 5.386e+01
|        ( QUESTION2_0_L -1 3.804e+02 6.995e+01 2.840e+01
|            ( - 2.470e+02 1 0)
|            ( - 6.338e+01 1 0))
|        ( - 2.857e+02 1 0)))
s>    ( QUESTION1 1 1.851e+03 1.754e+02 1.137e+02
s>        ( QUESTION0_0_R 1 8.852e+02 6.488e+01 5.988e+01
s>            ( - 1.029e+02 1 0)
s>            ( - 7.174e+02 2 0))
s>        ( WDBNDRY_E 0 7.906e+02 1.246e+02 5.386e+01
s>            ( QUESTION2_0_L -1 3.804e+02 6.995e+01 2.840e+01
s>                ( - 2.470e+02 1 0)
s>                ( - 6.338e+01 1 0))
s>            ( - 2.857e+02 1 0)))INFO: dtree.c(1478): Final simple tree
|( QUESTION12 1 3.157e+03 1.992e+02 1.852e+02
|    ( QUESTION0_17_R 1 5.637e+02 7.980e+01 3.786e+01
|        ( - 1.465e+02 1 0)
|        ( QUESTION0_10_R 1 3.373e+02 6.316e+01 2.386e+01
|            ( - 1.215e+02 2 0)
|            ( - 1.527e+02 2 0 QUESTION2_0_L -1 4.509e+01 1.300e+01)))
|    ( QUESTION17 1 2.394e+03 1.530e+02 1.473e+02
|        ( QUESTION0_12_R 1 1.181e+03 7.955e+01 7.552e+01
|            ( - 7.220e+01 1 0)
|            ( - 1.029e+03 1 0))
|        ( QUESTION0_10_R 1 1.060e+03 1.107e+02 7.182e+01
|            ( - 3.777e+02 1 0)
|            ( QUESTION15 1 5.712e+02 9.805e+01 4.001e+01
|                ( - 1.720e+02 3 0 QUESTION0_1_R 1 1.465e+01 1.801e+01)
|                ( - 3.012e+02 4 0 QUESTION0_0_R 1 6.109e+01 2.200e+01)))))
s>    ( QUESTION12 1 3.157e+03 1.992e+02 1.852e+02
s>        ( QUESTION0_17_R 1 5.637e+02 7.980e+01 3.786e+01
s>            ( - 1.465e+02 1 0)
s>            ( QUESTION0_10_R 1 3.373e+02 6.316e+01 2.386e+01
s>                ( - 1.215e+02 2 0)
s>                ( - 1.527e+02 2 0 QUESTION2_0_L -1 4.509e+01 1.300e+01)))
s>        ( QUESTION17 1 2.394e+03 1.530e+02 1.473e+02
s>            ( QUESTION0_12_R 1 1.181e+03 7.955e+01 7.552e+01
s>                ( - 7.220e+01 1 0)
s>                ( - 1.029e+03 1 0))
s>            ( QUESTION0_10_R 1 1.060e+03 1.107e+02 7.182e+01
s>                ( - 3.777e+02 1 0)
s>                ( QUESTION15 1 5.712e+02 9.805e+01 4.001e+01
s>                    ( - 1.720e+02 3 0 QUESTION0_1_R 1 1.465e+01 1.801e+01)
s>                    ( - 3.012e+02 4 0 QUESTION0_0_R 1 6.109e+01 2.200e+01)))))INFO: dtree.c(1315): Comp split 10
INFO: dtree.c(1478): Final simple tree
|( QUESTION13 -1 1.460e+03 1.687e+02 8.876e+01
|    ( QUESTION0_0_R 1 6.071e+02 4.463e+01 4.083e+01
|        ( - 2.230e+01 1 0)
|        ( - 5.402e+02 2 0))
|    ( QUESTION10 1 6.839e+02 9.725e+01 4.794e+01
|        ( QUESTION2_16_L -1 3.098e+02 7.453e+01 2.500e+01
|            ( - 6.696e+01 1 0)
|            ( SILENCE -1 1.684e+02 3.216e+01 1.700e+01
|                ( - 6.541e+01 1 0)
|                ( - 7.079e+01 2 0 QUESTION0_10_R 1 2.619e+01 8.000e+00)))
|        ( QUESTION0_4_R 1 2.768e+02 5.169e+01 2.294e+01
|            ( - 8.131e+01 1 0)
|            ( QUESTION0_14_R 1 1.438e+02 4.279e+01 1.294e+01
|                ( - 5.408e+01 1 0)
|                ( - 4.692e+01 2 0 SILENCE -1 1.780e+01 5.936e+00)))))
s>    ( QUESTION13 -1 1.460e+03 1.687e+02 8.876e+01
s>        ( QUESTION0_0_R 1 6.071e+02 4.463e+01 4.083e+01
s>            ( - 2.230e+01 1 0)
s>            ( - 5.402e+02 2 0))
s>        ( QUESTION10 1 6.839e+02 9.725e+01 4.794e+01
s>            ( QUESTION2_16_L -1 3.098e+02 7.453e+01 2.500e+01
s>                ( - 6.696e+01 1 0)
s>                ( SILENCE -1 1.684e+02 3.216e+01 1.700e+01
s>                    ( - 6.541e+01 1 0)
s>                    ( - 7.079e+01 2 0 QUESTION0_10_R 1 2.619e+01 8.000e+00)))
s>            ( QUESTION0_4_R 1 2.768e+02 5.169e+01 2.294e+01
s>                ( - 8.131e+01 1 0)
s>                ( QUESTION0_14_R 1 1.438e+02 4.279e+01 1.294e+01
s>                    ( - 5.408e+01 1 0)
s>                    ( - 4.692e+01 2 0 SILENCE -1 1.780e+01 5.936e+00)))))INFO: dtree.c(1439): stop. leaf nodes are specific
INFO: dtree.c(1478): Final simple tree
|( QUESTION0_14_R 1 1.036e+03 1.407e+02 5.994e+01
|    ( QUESTION0_17_R 1 3.129e+02 6.064e+01 2.200e+01
|        ( QUESTION0_18_R 1 1.294e+02 3.493e+01 1.100e+01
|            ( - 2.567e+01 1 0)
|            ( SILENCE -1 6.882e+01 2.494e+01 7.000e+00
|                ( - 2.445e+01 1 0)
|                ( - 1.944e+01 1 0)))
|        ( - 1.228e+02 1 0))
|    ( QUESTION0_0_R 1 5.827e+02 7.496e+01 3.794e+01
|        ( QUESTION14 1 8.582e+01 3.009e+01 8.000e+00
|            ( - 4.031e+01 1 0)
|            ( - 1.543e+01 1 0))
|        ( - 4.220e+02 1 0)))
s>    ( QUESTION0_14_R 1 1.036e+03 1.407e+02 5.994e+01
s>        ( QUESTION0_17_R 1 3.129e+02 6.064e+01 2.200e+01
s>            ( QUESTION0_18_R 1 1.294e+02 3.493e+01 1.100e+01
s>                ( - 2.567e+01 1 0)
s>                ( SILENCE -1 6.882e+01 2.494e+01 7.000e+00
s>                    ( - 2.445e+01 1 0)
s>                    ( - 1.944e+01 1 0)))
s>            ( - 1.228e+02 1 0))
s>        ( QUESTION0_0_R 1 5.827e+02 7.496e+01 3.794e+01
s>            ( QUESTION14 1 8.582e+01 3.009e+01 8.000e+00
s>                ( - 4.031e+01 1 0)
s>                ( - 1.543e+01 1 0))
s>            ( - 4.220e+02 1 0)))INFO: dtree.c(1315): Comp split 11
INFO: dtree.c(1439): stop. leaf nodes are specific
INFO: dtree.c(1478): Final simple tree
|( QUESTION0 -1 1.073e+03 1.211e+02 7.085e+01
|    ( QUESTION0_10_R 1 2.694e+02 3.850e+01 2.700e+01
|        ( - 1.506e+02 1 0)
|        ( - 8.035e+01 1 0))
|    ( SILENCE 1 6.827e+02 9.509e+01 4.385e+01
|        ( - 9.698e+01 1 0)
|        ( - 4.906e+02 1 0)))
s>    ( QUESTION0 -1 1.073e+03 1.211e+02 7.085e+01
s>        ( QUESTION0_10_R 1 2.694e+02 3.850e+01 2.700e+01
s>            ( - 1.506e+02 1 0)
s>            ( - 8.035e+01 1 0))
s>        ( SILENCE 1 6.827e+02 9.509e+01 4.385e+01
s>            ( - 9.698e+01 1 0)
s>            ( - 4.906e+02 1 0)))INFO: dtree.c(1478): Final simple tree
|( QUESTION0 1 1.926e+03 1.456e+02 1.067e+02
|    ( QUESTION0_19_R 1 8.964e+02 1.097e+02 5.400e+01
|        ( QUESTION16 -1 1.664e+02 4.714e+01 1.400e+01
|            ( - 7.195e+01 1 0)
|            ( - 4.731e+01 1 0))
|        ( QUESTION1 -1 6.204e+02 9.373e+01 4.000e+01
|            ( - 1.914e+02 1 0)
|            ( QUESTION0_18_R 1 3.352e+02 7.198e+01 2.400e+01
|                ( - 9.930e+01 2 0 QUESTION0 -1 2.796e+01 9.000e+00)
|                ( - 1.639e+02 2 0 QUESTION0_10_R 1 3.890e+01 1.500e+01))))
|    ( QUESTION0_13_R 1 8.841e+02 9.330e+01 5.266e+01
|        ( QUESTION0 -1 3.094e+02 5.599e+01 2.166e+01
|            ( - 2.317e+02 1 0)
|            ( - 2.174e+01 1 0))
|        ( - 4.814e+02 3 0 QUESTION0_0_R 1 4.347e+01 3.100e+01)))
s>    ( QUESTION0 1 1.926e+03 1.456e+02 1.067e+02
s>        ( QUESTION0_19_R 1 8.964e+02 1.097e+02 5.400e+01
s>            ( QUESTION16 -1 1.664e+02 4.714e+01 1.400e+01
s>                ( - 7.195e+01 1 0)
s>                ( - 4.731e+01 1 0))
s>            ( QUESTION1 -1 6.204e+02 9.373e+01 4.000e+01
s>                ( - 1.914e+02 1 0)
s>                ( QUESTION0_18_R 1 3.352e+02 7.198e+01 2.400e+01
s>                    ( - 9.930e+01 2 0 QUESTION0 -1 2.796e+01 9.000e+00)
s>                    ( - 1.639e+02 2 0 QUESTION0_10_R 1 3.890e+01 1.500e+01))))
s>        ( QUESTION0_13_R 1 8.841e+02 9.330e+01 5.266e+01
s>            ( QUESTION0 -1 3.094e+02 5.599e+01 2.166e+01
s>                ( - 2.317e+02 1 0)
s>                ( - 2.174e+01 1 0))
s>            ( - 4.814e+02 3 0 QUESTION0_0_R 1 4.347e+01 3.100e+01)))INFO: dtree.c(1315): Comp split 12
INFO: dtree.c(1439): stop. leaf nodes are specific
INFO: dtree.c(1478): Final simple tree
|( QUESTION0_13_R 1 1.605e+03 1.270e+02 9.752e+01
|    ( - 1.029e+03 1 0)
|    ( QUESTION0_0_R 1 4.491e+02 7.775e+01 3.100e+01
|        ( - 8.168e+01 2 0)
|        ( QUESTION0_10_R 1 2.897e+02 5.904e+01 2.300e+01
|            ( - 7.220e+01 1 0)
|            ( - 1.584e+02 2 0))))
s>    ( QUESTION0_13_R 1 1.605e+03 1.270e+02 9.752e+01
s>        ( - 1.029e+03 1 0)
s>        ( QUESTION0_0_R 1 4.491e+02 7.775e+01 3.100e+01
s>            ( - 8.168e+01 2 0)
s>            ( QUESTION0_10_R 1 2.897e+02 5.904e+01 2.300e+01
s>                ( - 7.220e+01 1 0)
s>                ( - 1.584e+02 2 0))))INFO: dtree.c(1439): stop. leaf nodes are specific
INFO: dtree.c(1478): Final simple tree
|( QUESTION0 1 1.341e+03 1.513e+02 8.768e+01
|    ( QUESTION0_17_R 1 5.637e+02 7.980e+01 3.786e+01
|        ( - 1.465e+02 1 0)
|        ( QUESTION0_10_R 1 3.373e+02 6.316e+01 2.386e+01
|            ( - 1.215e+02 2 0)
|            ( QUESTION2_0_L -1 1.527e+02 4.509e+01 1.300e+01
|                ( - 7.206e+01 1 0)
|                ( - 3.555e+01 1 0))))
|    ( QUESTION0_0_R 1 6.260e+02 7.638e+01 4.982e+01
|        ( QUESTION0_1_R 1 1.720e+02 1.465e+01 1.801e+01
|            ( - 1.567e+02 2 0)
|            ( - 6.364e-01 1 0))
|        ( - 3.777e+02 1 0)))
s>    ( QUESTION0 1 1.341e+03 1.513e+02 8.768e+01
s>        ( QUESTION0_17_R 1 5.637e+02 7.980e+01 3.786e+01
s>            ( - 1.465e+02 1 0)
s>            ( QUESTION0_10_R 1 3.373e+02 6.316e+01 2.386e+01
s>                ( - 1.215e+02 2 0)
s>                ( QUESTION2_0_L -1 1.527e+02 4.509e+01 1.300e+01
s>                    ( - 7.206e+01 1 0)
s>                    ( - 3.555e+01 1 0))))
s>        ( QUESTION0_0_R 1 6.260e+02 7.638e+01 4.982e+01
s>            ( QUESTION0_1_R 1 1.720e+02 1.465e+01 1.801e+01
s>                ( - 1.567e+02 2 0)
s>                ( - 6.364e-01 1 0))
s>            ( - 3.777e+02 1 0)))INFO: dtree.c(1315): Comp split 13
INFO: dtree.c(1439): stop. leaf nodes are specific
INFO: dtree.c(1478): Final simple tree
|( QUESTION0 1 1.065e+03 1.107e+02 6.901e+01
|    ( QUESTION8 -1 5.616e+02 8.660e+01 4.000e+01
|        ( QUESTION0_10_R 1 2.144e+02 5.350e+01 1.700e+01
|            ( - 4.961e+01 1 0)
|            ( - 1.113e+02 1 0))
|        ( - 2.605e+02 1 0))
|    ( QUESTION0 -1 3.925e+02 5.615e+01 2.901e+01
|        ( QUESTION0_0_R 1 1.161e+02 3.500e+01 1.000e+01
|            ( - 3.948e+01 1 0)
|            ( - 4.164e+01 1 0))
|        ( QUESTION0_1_R 1 2.202e+02 3.158e+01 1.901e+01
|            ( - 3.285e+01 1 0)
|            ( - 1.557e+02 1 0))))
s>    ( QUESTION0 1 1.065e+03 1.107e+02 6.901e+01
s>        ( QUESTION8 -1 5.616e+02 8.660e+01 4.000e+01
s>            ( QUESTION0_10_R 1 2.144e+02 5.350e+01 1.700e+01
s>                ( - 4.961e+01 1 0)
s>                ( - 1.113e+02 1 0))
s>            ( - 2.605e+02 1 0))
s>        ( QUESTION0 -1 3.925e+02 5.615e+01 2.901e+01
s>            ( QUESTION0_0_R 1 1.161e+02 3.500e+01 1.000e+01
s>                ( - 3.948e+01 1 0)
s>                ( - 4.164e+01 1 0))
s>            ( QUESTION0_1_R 1 2.202e+02 3.158e+01 1.901e+01
s>                ( - 3.285e+01 1 0)
s>                ( - 1.557e+02 1 0))))INFO: dtree.c(1439): stop. leaf nodes are specific
INFO: dtree.c(1478): Final simple tree
|( QUESTION0_0_R 1 1.481e+03 9.137e+01 8.764e+01
|    ( - 6.392e+01 1 0)
|    ( - 1.326e+03 2 0))
s>    ( QUESTION0_0_R 1 1.481e+03 9.137e+01 8.764e+01
s>        ( - 6.392e+01 1 0)
s>        ( - 1.326e+03 2 0))INFO: dtree.c(1315): Comp split 14
INFO: dtree.c(1439): stop. leaf nodes are specific
INFO: dtree.c(1478): Final simple tree
|( QUESTION0_15_R 1 1.029e+03 9.822e+01 6.688e+01
|    ( - 7.174e+02 2 0)
|    ( QUESTION0_0_R 1 2.129e+02 4.659e+01 1.754e+01
|        ( - 1.029e+02 1 0)
|        ( - 6.338e+01 1 0)))
s>    ( QUESTION0_15_R 1 1.029e+03 9.822e+01 6.688e+01
s>        ( - 7.174e+02 2 0)
s>        ( QUESTION0_0_R 1 2.129e+02 4.659e+01 1.754e+01
s>            ( - 1.029e+02 1 0)
s>            ( - 6.338e+01 1 0)))INFO: dtree.c(1439): stop. leaf nodes are specific
INFO: dtree.c(1478): Final simple tree
|( WDBNDRY_E 0 6.397e+02 1.069e+02 4.686e+01
|    ( - 2.470e+02 1 0)
|    ( - 2.857e+02 1 0))
s>    ( WDBNDRY_E 0 6.397e+02 1.069e+02 4.686e+01
s>        ( - 2.470e+02 1 0)
s>        ( - 2.857e+02 1 0))INFO: dtree.c(1315): Comp split 15
INFO: dtree.c(1439): stop. leaf nodes are specific
INFO: dtree.c(1478): Final simple tree
|( QUESTION10 1 5.356e+02 9.043e+01 3.994e+01
|    ( SILENCE -1 1.684e+02 3.216e+01 1.700e+01
|        ( - 6.541e+01 1 0)
|        ( QUESTION0_10_R 1 7.079e+01 2.619e+01 8.000e+00
|            ( - 2.282e+01 1 0)
|            ( - 2.178e+01 1 0)))
|    ( QUESTION0_4_R 1 2.768e+02 5.169e+01 2.294e+01
|        ( - 8.131e+01 1 0)
|        ( QUESTION0_14_R 1 1.438e+02 4.279e+01 1.294e+01
|            ( - 5.408e+01 1 0)
|            ( SILENCE -1 4.692e+01 1.780e+01 5.936e+00
|                ( - 1.803e+01 1 0)
|                ( - 1.108e+01 1 0)))))
s>    ( QUESTION10 1 5.356e+02 9.043e+01 3.994e+01
s>        ( SILENCE -1 1.684e+02 3.216e+01 1.700e+01
s>            ( - 6.541e+01 1 0)
s>            ( QUESTION0_10_R 1 7.079e+01 2.619e+01 8.000e+00
s>                ( - 2.282e+01 1 0)
s>                ( - 2.178e+01 1 0)))
s>        ( QUESTION0_4_R 1 2.768e+02 5.169e+01 2.294e+01
s>            ( - 8.131e+01 1 0)
s>            ( QUESTION0_14_R 1 1.438e+02 4.279e+01 1.294e+01
s>                ( - 5.408e+01 1 0)
s>                ( SILENCE -1 4.692e+01 1.780e+01 5.936e+00
s>                    ( - 1.803e+01 1 0)
s>                    ( - 1.108e+01 1 0)))))INFO: dtree.c(1439): stop. leaf nodes are specific
INFO: dtree.c(1478): Final simple tree
|( QUESTION0_10_R 1 7.464e+02 7.712e+01 4.883e+01
|    ( - 5.402e+02 2 0)
|    ( QUESTION0_0_R 1 1.291e+02 3.982e+01 1.200e+01
|        ( - 2.230e+01 1 0)
|        ( - 6.696e+01 1 0)))
s>    ( QUESTION0_10_R 1 7.464e+02 7.712e+01 4.883e+01
s>        ( - 5.402e+02 2 0)
s>        ( QUESTION0_0_R 1 1.291e+02 3.982e+01 1.200e+01
s>            ( - 2.230e+01 1 0)
s>            ( - 6.696e+01 1 0)))INFO: dtree.c(1315): Comp split 16
INFO: dtree.c(1439): stop. leaf nodes are specific
INFO: dtree.c(1478): Final simple tree
|( QUESTION1 -1 4.476e+02 8.630e+01 2.900e+01
|    ( - 1.914e+02 1 0)
|    ( QUESTION0_11_R 1 1.699e+02 4.886e+01 1.300e+01
|        ( - 2.174e+01 1 0)
|        ( QUESTION0 -1 9.930e+01 2.796e+01 9.000e+00
|            ( - 1.940e+01 1 0)
|            ( - 5.193e+01 1 0))))
s>    ( QUESTION1 -1 4.476e+02 8.630e+01 2.900e+01
s>        ( - 1.914e+02 1 0)
s>        ( QUESTION0_11_R 1 1.699e+02 4.886e+01 1.300e+01
s>            ( - 2.174e+01 1 0)
s>            ( QUESTION0 -1 9.930e+01 2.796e+01 9.000e+00
s>                ( - 1.940e+01 1 0)
s>                ( - 5.193e+01 1 0))))INFO: dtree.c(1439): stop. leaf nodes are specific
INFO: dtree.c(1478): Final simple tree
|( QUESTION0 1 1.301e+03 1.031e+02 7.766e+01
|    ( QUESTION0_19_R 1 4.067e+02 7.636e+01 2.900e+01
|        ( QUESTION16 -1 1.664e+02 4.714e+01 1.400e+01
|            ( - 7.195e+01 1 0)
|            ( - 4.731e+01 1 0))
|        ( QUESTION0_10_R 1 1.639e+02 3.890e+01 1.500e+01
|            ( - 6.360e+01 1 0)
|            ( - 6.140e+01 1 0)))
|    ( QUESTION0_0_R 1 7.915e+02 8.079e+01 4.866e+01
|        ( - 4.164e+02 2 0)
|        ( QUESTION0_12_R 1 2.943e+02 4.109e+01 2.066e+01
|            ( - 2.153e+01 1 0)
|            ( - 2.317e+02 1 0))))
s>    ( QUESTION0 1 1.301e+03 1.031e+02 7.766e+01
s>        ( QUESTION0_19_R 1 4.067e+02 7.636e+01 2.900e+01
s>            ( QUESTION16 -1 1.664e+02 4.714e+01 1.400e+01
s>                ( - 7.195e+01 1 0)
s>                ( - 4.731e+01 1 0))
s>            ( QUESTION0_10_R 1 1.639e+02 3.890e+01 1.500e+01
s>                ( - 6.360e+01 1 0)
s>                ( - 6.140e+01 1 0)))
s>        ( QUESTION0_0_R 1 7.915e+02 8.079e+01 4.866e+01
s>            ( - 4.164e+02 2 0)
s>            ( QUESTION0_12_R 1 2.943e+02 4.109e+01 2.066e+01
s>                ( - 2.153e+01 1 0)
s>                ( - 2.317e+02 1 0))))INFO: dtree.c(1315): Comp split 17
INFO: dtree.c(1439): stop. leaf nodes are specific
INFO: dtree.c(1478): Final simple tree
|( SILENCE 1 5.988e+02 1.003e+02 3.797e+01
|    ( - 1.308e+02 1 0)
|    ( - 3.676e+02 1 0))
s>    ( SILENCE 1 5.988e+02 1.003e+02 3.797e+01
s>        ( - 1.308e+02 1 0)
s>        ( - 3.676e+02 1 0))INFO: dtree.c(1439): stop. leaf nodes are specific
INFO: dtree.c(1478): Final simple tree
|( SILENCE 1 5.809e+02 4.467e+01 3.541e+01
|    ( - 1.047e+01 1 0)
|    ( - 5.258e+02 2 0))
s>    ( SILENCE 1 5.809e+02 4.467e+01 3.541e+01
s>        ( - 1.047e+01 1 0)
s>        ( - 5.258e+02 2 0))INFO: dtree.c(1315): Comp split 18
INFO: dtree.c(1439): stop. leaf nodes are specific
INFO: dtree.c(1478): Final simple tree
|( QUESTION0_10_R 1 7.106e+02 8.594e+01 5.482e+01
|    ( - 3.777e+02 1 0)
|    ( QUESTION0_0_R 1 2.470e+02 3.950e+01 2.301e+01
|        ( QUESTION0_1_R 1 1.720e+02 1.465e+01 1.801e+01
|            ( - 1.567e+02 2 0)
|            ( - 6.364e-01 1 0))
|        ( - 3.555e+01 1 0)))
s>    ( QUESTION0_10_R 1 7.106e+02 8.594e+01 5.482e+01
s>        ( - 3.777e+02 1 0)
s>        ( QUESTION0_0_R 1 2.470e+02 3.950e+01 2.301e+01
s>            ( QUESTION0_1_R 1 1.720e+02 1.465e+01 1.801e+01
s>                ( - 1.567e+02 2 0)
s>                ( - 6.364e-01 1 0))
s>            ( - 3.555e+01 1 0)))INFO: dtree.c(1439): stop. leaf nodes are specific
INFO: dtree.c(1478): Final simple tree
|( QUESTION0_17_R 1 4.646e+02 7.772e+01 3.286e+01
|    ( - 1.465e+02 1 0)
|    ( QUESTION0_10_R 1 2.403e+02 4.681e+01 1.886e+01
|        ( - 1.215e+02 2 0)
|        ( - 7.206e+01 1 0)))
s>    ( QUESTION0_17_R 1 4.646e+02 7.772e+01 3.286e+01
s>        ( - 1.465e+02 1 0)
s>        ( QUESTION0_10_R 1 2.403e+02 4.681e+01 1.886e+01
s>            ( - 1.215e+02 2 0)
s>            ( - 7.206e+01 1 0)))INFO: dtree.c(1315): Comp split 19
INFO: dtree.c(1315): Comp split 20
INFO: dtree.c(1439): stop. leaf nodes are specific
INFO: dtree.c(1478): Final simple tree
|( QUESTION0_19_R 1 3.731e+02 6.697e+01 2.500e+01
|    ( - 1.228e+02 1 0)
|    ( QUESTION0_18_R 1 1.834e+02 4.262e+01 1.400e+01
|        ( - 2.567e+01 1 0)
|        ( SILENCE -1 1.151e+02 3.626e+01 1.000e+01
|            ( - 2.445e+01 1 0)
|            ( QUESTION0_0_R 1 5.435e+01 1.948e+01 6.000e+00
|                ( - 1.543e+01 1 0)
|                ( - 1.944e+01 1 0)))))
s>    ( QUESTION0_19_R 1 3.731e+02 6.697e+01 2.500e+01
s>        ( - 1.228e+02 1 0)
s>        ( QUESTION0_18_R 1 1.834e+02 4.262e+01 1.400e+01
s>            ( - 2.567e+01 1 0)
s>            ( SILENCE -1 1.151e+02 3.626e+01 1.000e+01
s>                ( - 2.445e+01 1 0)
s>                ( QUESTION0_0_R 1 5.435e+01 1.948e+01 6.000e+00
s>                    ( - 1.543e+01 1 0)
s>                    ( - 1.944e+01 1 0)))))INFO: dtree.c(1439): stop. leaf nodes are specific
INFO: dtree.c(1478): Final simple tree
|( QUESTION0_0_R 1 5.157e+02 5.346e+01 3.494e+01
|    ( - 4.031e+01 1 0)
|    ( - 4.220e+02 1 0))
s>    ( QUESTION0_0_R 1 5.157e+02 5.346e+01 3.494e+01
s>        ( - 4.031e+01 1 0)
s>        ( - 4.220e+02 1 0))INFO: dtree.c(1315): Comp split 21
INFO: dtree.c(1439): stop. leaf nodes are specific
INFO: dtree.c(1478): Final simple tree
|( QUESTION7 -1 5.034e+02 7.883e+01 3.401e+01
|    ( QUESTION0_0_R 1 1.915e+02 4.073e+01 1.500e+01
|        ( - 3.948e+01 1 0)
|        ( - 1.113e+02 1 0))
|    ( QUESTION0_0_R 1 2.330e+02 3.564e+01 1.901e+01
|        ( - 1.557e+02 1 0)
|        ( - 4.164e+01 1 0)))
s>    ( QUESTION7 -1 5.034e+02 7.883e+01 3.401e+01
s>        ( QUESTION0_0_R 1 1.915e+02 4.073e+01 1.500e+01
s>            ( - 3.948e+01 1 0)
s>            ( - 1.113e+02 1 0))
s>        ( QUESTION0_0_R 1 2.330e+02 3.564e+01 1.901e+01
s>            ( - 1.557e+02 1 0)
s>            ( - 4.164e+01 1 0)))INFO: dtree.c(1439): stop. leaf nodes are specific
INFO: dtree.c(1478): Final simple tree
|( QUESTION0_20_R 1 4.218e+02 5.162e+01 3.500e+01
|    ( - 2.605e+02 1 0)
|    ( QUESTION0_0_R 1 1.097e+02 2.721e+01 1.200e+01
|        ( - 3.285e+01 1 0)
|        ( - 4.961e+01 1 0)))
s>    ( QUESTION0_20_R 1 4.218e+02 5.162e+01 3.500e+01
s>        ( - 2.605e+02 1 0)
s>        ( QUESTION0_0_R 1 1.097e+02 2.721e+01 1.200e+01
s>            ( - 3.285e+01 1 0)
s>            ( - 4.961e+01 1 0)))INFO: dtree.c(1315): Comp split 22
INFO: dtree.c(1315): Comp split 23
INFO: dtree.c(1439): stop. leaf nodes are specific
INFO: dtree.c(1478): Final simple tree
|( SILENCE 1 1.927e+02 5.130e+01 1.700e+01
|    ( - 7.841e+01 1 0)
|    ( - 6.300e+01 1 0))
s>    ( SILENCE 1 1.927e+02 5.130e+01 1.700e+01
s>        ( - 7.841e+01 1 0)
s>        ( - 6.300e+01 1 0))INFO: dtree.c(1315): Comp split 24
INFO: dtree.c(1439): stop. leaf nodes are specific
INFO: dtree.c(1478): Final simple tree
|( QUESTION0 -1 5.504e+02 6.079e+01 3.766e+01
|    ( QUESTION0_11_R 1 3.374e+02 4.214e+01 2.566e+01
|        ( - 2.317e+02 1 0)
|        ( - 6.360e+01 1 0))
|    ( QUESTION0_10_R 1 1.522e+02 4.345e+01 1.200e+01
|        ( - 4.731e+01 1 0)
|        ( - 6.140e+01 1 0)))
s>    ( QUESTION0 -1 5.504e+02 6.079e+01 3.766e+01
s>        ( QUESTION0_11_R 1 3.374e+02 4.214e+01 2.566e+01
s>            ( - 2.317e+02 1 0)
s>            ( - 6.360e+01 1 0))
s>        ( QUESTION0_10_R 1 1.522e+02 4.345e+01 1.200e+01
s>            ( - 4.731e+01 1 0)
s>            ( - 6.140e+01 1 0)))INFO: dtree.c(1439): stop. leaf nodes are specific
INFO: dtree.c(1478): Final simple tree
|( QUESTION0_0_R 1 6.220e+02 7.294e+01 4.000e+01
|    ( - 4.164e+02 2 0)
|    ( QUESTION0_11_R 1 1.326e+02 3.914e+01 1.200e+01
|        ( - 2.153e+01 1 0)
|        ( - 7.195e+01 1 0)))
s>    ( QUESTION0_0_R 1 6.220e+02 7.294e+01 4.000e+01
s>        ( - 4.164e+02 2 0)
s>        ( QUESTION0_11_R 1 1.326e+02 3.914e+01 1.200e+01
s>            ( - 2.153e+01 1 0)
s>            ( - 7.195e+01 1 0)))INFO: dtree.c(1315): Comp split 25
INFO: dtree.c(1439): stop. leaf nodes are specific
INFO: dtree.c(1478): Final simple tree
|( QUESTION0_0_R 1 4.491e+02 7.775e+01 3.100e+01
|    ( - 8.168e+01 2 0)
|    ( QUESTION0_10_R 1 2.897e+02 5.904e+01 2.300e+01
|        ( - 7.220e+01 1 0)
|        ( - 1.584e+02 2 0)))
s>    ( QUESTION0_0_R 1 4.491e+02 7.775e+01 3.100e+01
s>        ( - 8.168e+01 2 0)
s>        ( QUESTION0_10_R 1 2.897e+02 5.904e+01 2.300e+01
s>            ( - 7.220e+01 1 0)
s>            ( - 1.584e+02 2 0)))INFO: dtree.c(1315): Comp split 26
INFO: dtree.c(1439): stop. leaf nodes are specific
INFO: dtree.c(1478): Final simple tree
|( SILENCE 1 6.827e+02 9.509e+01 4.385e+01
|    ( - 9.698e+01 1 0)
|    ( - 4.906e+02 1 0))
s>    ( SILENCE 1 6.827e+02 9.509e+01 4.385e+01
s>        ( - 9.698e+01 1 0)
s>        ( - 4.906e+02 1 0))INFO: dtree.c(1439): stop. leaf nodes are specific
INFO: dtree.c(1478): Final simple tree
|( QUESTION0_10_R 1 2.694e+02 3.850e+01 2.700e+01
|    ( - 1.506e+02 1 0)
|    ( - 8.035e+01 1 0))
s>    ( QUESTION0_10_R 1 2.694e+02 3.850e+01 2.700e+01
s>        ( - 1.506e+02 1 0)
s>        ( - 8.035e+01 1 0))INFO: dtree.c(1315): Comp split 27
INFO: dtree.c(1315): Comp split 28
INFO: dtree.c(1315): Comp split 29
INFO: dtree.c(1315): Comp split 30
INFO: dtree.c(1439): stop. leaf nodes are specific
INFO: dtree.c(1478): Final simple tree
|( QUESTION10 1 2.670e+02 5.174e+01 2.294e+01
|    ( SILENCE -1 1.684e+02 3.216e+01 1.700e+01
|        ( - 6.541e+01 1 0)
|        ( QUESTION0_10_R 1 7.079e+01 2.619e+01 8.000e+00
|            ( - 2.282e+01 1 0)
|            ( - 2.178e+01 1 0)))
|    ( SILENCE -1 4.692e+01 1.780e+01 5.936e+00
|        ( - 1.803e+01 1 0)
|        ( - 1.108e+01 1 0)))
s>    ( QUESTION10 1 2.670e+02 5.174e+01 2.294e+01
s>        ( SILENCE -1 1.684e+02 3.216e+01 1.700e+01
s>            ( - 6.541e+01 1 0)
s>            ( QUESTION0_10_R 1 7.079e+01 2.619e+01 8.000e+00
s>                ( - 2.282e+01 1 0)
s>                ( - 2.178e+01 1 0)))
s>        ( SILENCE -1 4.692e+01 1.780e+01 5.936e+00
s>            ( - 1.803e+01 1 0)
s>            ( - 1.108e+01 1 0)))INFO: dtree.c(1439): stop. leaf nodes are specific
INFO: dtree.c(1478): Final simple tree
|( SILENCE -1 1.701e+02 3.470e+01 1.700e+01
|    ( - 5.408e+01 1 0)
|    ( - 8.131e+01 1 0))
s>    ( SILENCE -1 1.701e+02 3.470e+01 1.700e+01
s>        ( - 5.408e+01 1 0)
s>        ( - 8.131e+01 1 0))INFO: dtree.c(1315): Comp split 31
INFO: dtree.c(1439): stop. leaf nodes are specific
INFO: dtree.c(1478): Final simple tree
|( QUESTION0_0_R 1 2.129e+02 4.659e+01 1.754e+01
|    ( - 1.029e+02 1 0)
|    ( - 6.338e+01 1 0))
s>    ( QUESTION0_0_R 1 2.129e+02 4.659e+01 1.754e+01
s>        ( - 1.029e+02 1 0)
s>        ( - 6.338e+01 1 0))INFO: dtree.c(1315): Comp split 32
INFO: dtree.c(1315): Comp split 33
INFO: dtree.c(1315): Comp split 34
INFO: dtree.c(1315): Comp split 35
INFO: dtree.c(1439): stop. leaf nodes are specific
INFO: dtree.c(1478): Final simple tree
|( QUESTION0_11_R 1 1.699e+02 4.886e+01 1.300e+01
|    ( - 2.174e+01 1 0)
|    ( QUESTION0 -1 9.930e+01 2.796e+01 9.000e+00
|        ( - 1.940e+01 1 0)
|        ( - 5.193e+01 1 0)))
s>    ( QUESTION0_11_R 1 1.699e+02 4.886e+01 1.300e+01
s>        ( - 2.174e+01 1 0)
s>        ( QUESTION0 -1 9.930e+01 2.796e+01 9.000e+00
s>            ( - 1.940e+01 1 0)
s>            ( - 5.193e+01 1 0)))INFO: dtree.c(1315): Comp split 36
INFO: dtree.c(1439): stop. leaf nodes are specific
INFO: dtree.c(1478): Final simple tree
|( QUESTION0_0_R 1 2.470e+02 3.950e+01 2.301e+01
|    ( QUESTION0_1_R 1 1.720e+02 1.465e+01 1.801e+01
|        ( - 1.567e+02 2 0)
|        ( - 6.364e-01 1 0))
|    ( - 3.555e+01 1 0))
s>    ( QUESTION0_0_R 1 2.470e+02 3.950e+01 2.301e+01
s>        ( QUESTION0_1_R 1 1.720e+02 1.465e+01 1.801e+01
s>            ( - 1.567e+02 2 0)
s>            ( - 6.364e-01 1 0))
s>        ( - 3.555e+01 1 0))INFO: dtree.c(1315): Comp split 37
INFO: dtree.c(1439): stop. leaf nodes are specific
INFO: dtree.c(1478): Final simple tree
|( QUESTION0_0_R 1 2.330e+02 3.564e+01 1.901e+01
|    ( - 1.557e+02 1 0)
|    ( - 4.164e+01 1 0))
s>    ( QUESTION0_0_R 1 2.330e+02 3.564e+01 1.901e+01
s>        ( - 1.557e+02 1 0)
s>        ( - 4.164e+01 1 0))INFO: dtree.c(1439): stop. leaf nodes are specific
INFO: dtree.c(1478): Final simple tree
|( QUESTION0_0_R 1 1.915e+02 4.073e+01 1.500e+01
|    ( - 3.948e+01 1 0)
|    ( - 1.113e+02 1 0))
s>    ( QUESTION0_0_R 1 1.915e+02 4.073e+01 1.500e+01
s>        ( - 3.948e+01 1 0)
s>        ( - 1.113e+02 1 0))INFO: dtree.c(1315): Comp split 38
INFO: dtree.c(1439): stop. leaf nodes are specific
INFO: dtree.c(1478): Final simple tree
|( QUESTION0_10_R 1 2.897e+02 5.904e+01 2.300e+01
|    ( - 7.220e+01 1 0)
|    ( - 1.584e+02 2 0))
s>    ( QUESTION0_10_R 1 2.897e+02 5.904e+01 2.300e+01
s>        ( - 7.220e+01 1 0)
s>        ( - 1.584e+02 2 0))INFO: dtree.c(1315): Comp split 39
INFO: dtree.c(1439): stop. leaf nodes are specific
INFO: dtree.c(1478): Final simple tree
|( QUESTION0_10_R 1 2.403e+02 4.681e+01 1.886e+01
|    ( - 1.215e+02 2 0)
|    ( - 7.206e+01 1 0))
s>    ( QUESTION0_10_R 1 2.403e+02 4.681e+01 1.886e+01
s>        ( - 1.215e+02 2 0)
s>        ( - 7.206e+01 1 0))INFO: dtree.c(1315): Comp split 40
INFO: dtree.c(1439): stop. leaf nodes are specific
INFO: dtree.c(1478): Final simple tree
|( QUESTION0_0_R 1 1.291e+02 3.982e+01 1.200e+01
|    ( - 2.230e+01 1 0)
|    ( - 6.696e+01 1 0))
s>    ( QUESTION0_0_R 1 1.291e+02 3.982e+01 1.200e+01
s>        ( - 2.230e+01 1 0)
s>        ( - 6.696e+01 1 0))INFO: dtree.c(1315): Comp split 41
INFO: dtree.c(1439): stop. leaf nodes are specific
INFO: dtree.c(1478): Final simple tree
|( SILENCE -1 1.151e+02 3.626e+01 1.000e+01
|    ( - 2.445e+01 1 0)
|    ( QUESTION0_0_R 1 5.435e+01 1.948e+01 6.000e+00
|        ( - 1.543e+01 1 0)
|        ( - 1.944e+01 1 0)))
s>    ( SILENCE -1 1.151e+02 3.626e+01 1.000e+01
s>        ( - 2.445e+01 1 0)
s>        ( QUESTION0_0_R 1 5.435e+01 1.948e+01 6.000e+00
s>            ( - 1.543e+01 1 0)
s>            ( - 1.944e+01 1 0)))INFO: dtree.c(1439): stop. leaf nodes are specific
INFO: dtree.c(1478): Final simple tree
|( QUESTION0_17_R 1 1.811e+02 3.262e+01 1.500e+01
|    ( - 2.567e+01 1 0)
|    ( - 1.228e+02 1 0))
s>    ( QUESTION0_17_R 1 1.811e+02 3.262e+01 1.500e+01
s>        ( - 2.567e+01 1 0)
s>        ( - 1.228e+02 1 0))INFO: dtree.c(1315): Comp split 42
INFO: dtree.c(1439): stop. leaf nodes are specific
INFO: dtree.c(1478): Final simple tree
|( QUESTION0_11_R 1 1.326e+02 3.914e+01 1.200e+01
|    ( - 2.153e+01 1 0)
|    ( - 7.195e+01 1 0))
s>    ( QUESTION0_11_R 1 1.326e+02 3.914e+01 1.200e+01
s>        ( - 2.153e+01 1 0)
s>        ( - 7.195e+01 1 0))INFO: dtree.c(1315): Comp split 43
INFO: dtree.c(1439): stop. leaf nodes are specific
INFO: dtree.c(1478): Final simple tree
|( QUESTION0_10_R 1 1.639e+02 3.890e+01 1.500e+01
|    ( - 6.360e+01 1 0)
|    ( - 6.140e+01 1 0))
s>    ( QUESTION0_10_R 1 1.639e+02 3.890e+01 1.500e+01
s>        ( - 6.360e+01 1 0)
s>        ( - 6.140e+01 1 0))INFO: dtree.c(1439): stop. leaf nodes are specific
INFO: dtree.c(1478): Final simple tree
|( QUESTION0_11_R 1 3.212e+02 4.219e+01 2.266e+01
|    ( - 2.317e+02 1 0)
|    ( - 4.731e+01 1 0))
s>    ( QUESTION0_11_R 1 3.212e+02 4.219e+01 2.266e+01
s>        ( - 2.317e+02 1 0)
s>        ( - 4.731e+01 1 0))INFO: dtree.c(1315): Comp split 44
INFO: dtree.c(1315): Comp split 45
INFO: dtree.c(1439): stop. leaf nodes are specific
INFO: dtree.c(1478): Final simple tree
|( QUESTION0_14_R 1 1.019e+02 3.211e+01 9.936e+00
|    ( - 2.282e+01 1 0)
|    ( SILENCE -1 4.692e+01 1.780e+01 5.936e+00
|        ( - 1.803e+01 1 0)
|        ( - 1.108e+01 1 0)))
s>    ( QUESTION0_14_R 1 1.019e+02 3.211e+01 9.936e+00
s>        ( - 2.282e+01 1 0)
s>        ( SILENCE -1 4.692e+01 1.780e+01 5.936e+00
s>            ( - 1.803e+01 1 0)
s>            ( - 1.108e+01 1 0)))INFO: dtree.c(1439): stop. leaf nodes are specific
INFO: dtree.c(1478): Final simple tree
|( SILENCE -1 1.092e+02 2.206e+01 1.300e+01
|    ( - 6.541e+01 1 0)
|    ( - 2.178e+01 1 0))
s>    ( SILENCE -1 1.092e+02 2.206e+01 1.300e+01
s>        ( - 6.541e+01 1 0)
s>        ( - 2.178e+01 1 0))INFO: dtree.c(1315): Comp split 46
INFO: dtree.c(1315): Comp split 47
INFO: dtree.c(1439): stop. leaf nodes are specific
INFO: dtree.c(1478): Final simple tree
|( QUESTION0_0_R 1 1.097e+02 2.721e+01 1.200e+01
|    ( - 3.285e+01 1 0)
|    ( - 4.961e+01 1 0))
s>    ( QUESTION0_0_R 1 1.097e+02 2.721e+01 1.200e+01
s>        ( - 3.285e+01 1 0)
s>        ( - 4.961e+01 1 0))INFO: dtree.c(1315): Comp split 48
INFO: dtree.c(1315): Comp split 49
INFO: dtree.c(1439): stop. leaf nodes are specific
INFO: dtree.c(1478): Final simple tree
|( QUESTION0 -1 9.930e+01 2.796e+01 9.000e+00
|    ( - 1.940e+01 1 0)
|    ( - 5.193e+01 1 0))
s>    ( QUESTION0 -1 9.930e+01 2.796e+01 9.000e+00
s>        ( - 1.940e+01 1 0)
s>        ( - 5.193e+01 1 0))INFO: dtree.c(1315): Comp split 50
INFO: dtree.c(1315): Comp split 51
INFO: dtree.c(1315): Comp split 52
INFO: dtree.c(1315): Comp split 53
INFO: dtree.c(1315): Comp split 54
INFO: dtree.c(1315): Comp split 55
INFO: dtree.c(1315): Comp split 56
INFO: dtree.c(1439): stop. leaf nodes are specific
INFO: dtree.c(1478): Final simple tree
|( QUESTION0_1_R 1 1.720e+02 1.465e+01 1.801e+01
|    ( - 1.567e+02 2 0)
|    ( - 6.364e-01 1 0))
s>    ( QUESTION0_1_R 1 1.720e+02 1.465e+01 1.801e+01
s>        ( - 1.567e+02 2 0)
s>        ( - 6.364e-01 1 0))INFO: dtree.c(1315): Comp split 57
INFO: dtree.c(1315): Comp split 58
INFO: dtree.c(1315): Comp split 59
INFO: dtree.c(1315): Comp split 60
INFO: dtree.c(1439): stop. leaf nodes are specific
INFO: dtree.c(1478): Final simple tree
|( QUESTION0_0_R 1 5.435e+01 1.948e+01 6.000e+00
|    ( - 1.543e+01 1 0)
|    ( - 1.944e+01 1 0))
s>    ( QUESTION0_0_R 1 5.435e+01 1.948e+01 6.000e+00
s>        ( - 1.543e+01 1 0)
s>        ( - 1.944e+01 1 0))INFO: dtree.c(1315): Comp split 61
INFO: dtree.c(1315): Comp split 62
INFO: dtree.c(1315): Comp split 63
INFO: dtree.c(1315): Comp split 64
INFO: dtree.c(1439): stop. leaf nodes are specific
INFO: dtree.c(1478): Final simple tree
|( SILENCE -1 4.692e+01 1.780e+01 5.936e+00
|    ( - 1.803e+01 1 0)
|    ( - 1.108e+01 1 0))
s>    ( SILENCE -1 4.692e+01 1.780e+01 5.936e+00
s>        ( - 1.803e+01 1 0)
s>        ( - 1.108e+01 1 0))INFO: dtree.c(1315): Comp split 65
INFO: dtree.c(1315): Comp split 66
INFO: dtree.c(1315): Comp split 67
INFO: dtree.c(1315): Comp split 68
INFO: dtree.c(1315): Comp split 69
INFO: dtree.c(1315): Comp split 70
INFO: dtree.c(1315): Comp split 71
INFO: dtree.c(1318): stop. leaf nodes are specific
Fri Nov  2 10:06:14 2018
