Current configuration:
[NAME]		[DEFLT]	[VALUE]
-allphones	no	no
-cntthresh	0.00001	1.000000e-05
-csplitmax	100	2000
-csplitmin	1	1
-csplitthr	8e-4	0.000000e+00
-example	no	no
-fullvar	no	no
-help		no	no
-meanfn			
-mixwfn			/home/sdv/Documents/SDV/SDVoice/an4/model_parameters/an4.cd_semi_untied/mixture_weights
-moddeffn		/home/sdv/Documents/SDV/SDVoice/an4/model_architecture/an4.untied.mdef
-mwfloor	1e-4	1.000000e-08
-phone			OW
-psetfn			/home/sdv/Documents/SDV/SDVoice/an4/model_architecture/an4.tree_questions
-ssplitmax	5	7
-ssplitmin	1	1
-ssplitthr	8e-4	0.000000e+00
-state			1
-stwt			1.0,0.05,0.0,
-treefn			/home/sdv/Documents/SDV/SDVoice/an4/trees/an4.unpruned/OW-1.dtree
-ts2cbfn	.semi.	.semi.
-varfloor	0.00001	1.000000e-05
-varfn			

INFO: main.c(223): Reading: /home/sdv/Documents/SDV/SDVoice/an4/model_architecture/an4.untied.mdef
INFO: model_def_io.c(573): Model definition info:
INFO: model_def_io.c(574): 1618 total models defined (34 base, 1584 tri)
INFO: model_def_io.c(575): 6472 total states
INFO: model_def_io.c(576): 4854 total tied states
INFO: model_def_io.c(577): 102 total tied CI states
INFO: model_def_io.c(578): 34 total tied transition matrices
INFO: model_def_io.c(579): 4 max state/model
INFO: model_def_io.c(580): 4 min state/model
INFO: main.c(242): Building trees for [OW AY AA s] through [OW V SIL s]
INFO: main.c(269): Covering states |[3225 3578]| == 354
INFO: main.c(275): Reading: /home/sdv/Documents/SDV/SDVoice/an4/model_parameters/an4.cd_semi_untied/mixture_weights
INFO: s3mixw_io.c(173): Read /home/sdv/Documents/SDV/SDVoice/an4/model_parameters/an4.cd_semi_untied/mixture_weights [354x4x256 array]
INFO: main.c(311): 118 of 118 models have observation count greater than 0.000010
INFO: main.c(95): nrm stwt: 0.045 0.909 0.045 
INFO: main.c(411): 118-class entropy: 3.197089e+04
INFO: main.c(549): Reading: /home/sdv/Documents/SDV/SDVoice/an4/model_architecture/an4.tree_questions
INFO: main.c(588): 176 total simple questions (168 phone; 8 word bndry)
INFO: main.c(590): 42 Left Only questions, and 42 Right Only questions
INFO: dtree.c(1478): Final simple tree
|( WDBNDRY_S 0 5.253e+04 1.072e+03 2.390e+03
|    ( QUESTION13 1 4.569e+04 8.246e+02 2.122e+03
|        ( QUESTION0_0_R 1 2.581e+04 6.046e+02 1.234e+03
|            ( - 1.080e+04 22 0 QUESTION1 -1 4.634e+02 5.439e+02)
|            ( QUESTION2_9_L -1 1.440e+04 5.238e+02 6.906e+02
|                ( - 5.682e+03 12 0 QUESTION2 -1 3.502e+02 2.827e+02)
|                ( - 8.196e+03 11 0 QUESTION13 -1 4.133e+02 4.079e+02)))
|        ( QUESTION13 -1 1.906e+04 6.023e+02 8.871e+02
|            ( - 6.727e+03 17 0 QUESTION2_9_L -1 3.900e+02 3.450e+02)
|            ( QUESTION0_9_R 1 1.173e+04 5.114e+02 5.421e+02
|                ( - 9.535e+03 38 0 QUESTION2_11_L -1 4.633e+02 4.492e+02)
|                ( - 1.681e+03 7 0 QUESTION2_7_L -1 2.101e+02 9.298e+01))))
|    ( QUESTION2 -1 5.762e+03 5.267e+02 2.680e+02
|        ( - 2.013e+03 7 0 SILENCE 1 2.468e+02 9.882e+01)
|        ( - 3.222e+03 4 0 QUESTION1 -1 2.166e+02 1.692e+02)))
s>    ( WDBNDRY_S 0 5.253e+04 1.072e+03 2.390e+03
s>        ( QUESTION13 1 4.569e+04 8.246e+02 2.122e+03
s>            ( QUESTION0_0_R 1 2.581e+04 6.046e+02 1.234e+03
s>                ( - 1.080e+04 22 0 QUESTION1 -1 4.634e+02 5.439e+02)
s>                ( QUESTION2_9_L -1 1.440e+04 5.238e+02 6.906e+02
s>                    ( - 5.682e+03 12 0 QUESTION2 -1 3.502e+02 2.827e+02)
s>                    ( - 8.196e+03 11 0 QUESTION13 -1 4.133e+02 4.079e+02)))
s>            ( QUESTION13 -1 1.906e+04 6.023e+02 8.871e+02
s>                ( - 6.727e+03 17 0 QUESTION2_9_L -1 3.900e+02 3.450e+02)
s>                ( QUESTION0_9_R 1 1.173e+04 5.114e+02 5.421e+02
s>                    ( - 9.535e+03 38 0 QUESTION2_11_L -1 4.633e+02 4.492e+02)
s>                    ( - 1.681e+03 7 0 QUESTION2_7_L -1 2.101e+02 9.298e+01))))
s>        ( QUESTION2 -1 5.762e+03 5.267e+02 2.680e+02
s>            ( - 2.013e+03 7 0 SILENCE 1 2.468e+02 9.882e+01)
s>            ( - 3.222e+03 4 0 QUESTION1 -1 2.166e+02 1.692e+02)))INFO: dtree.c(1315): Comp split 0
INFO: dtree.c(1478): Final simple tree
|( QUESTION0_9_R 1 1.826e+04 7.987e+02 8.101e+02
|    ( QUESTION2 -1 1.117e+04 5.005e+02 5.151e+02
|        ( WDBNDRY_E 0 4.595e+03 3.453e+02 2.262e+02
|            ( - 9.720e+02 6 0 QUESTION11 1 1.535e+02 5.691e+01)
|            ( - 3.278e+03 15 0 QUESTION11 1 2.713e+02 1.693e+02))
|        ( QUESTION2_11_L -1 6.070e+03 4.071e+02 2.888e+02
|            ( - 2.042e+03 11 0 QUESTION11 -1 2.400e+02 1.060e+02)
|            ( QUESTION0_15_R 1 3.620e+03 3.470e+02 1.828e+02
|                ( - 8.403e+02 4 0 QUESTION8 -1 1.505e+02 5.600e+01)
|                ( - 2.433e+03 10 0 QUESTION11 1 2.272e+02 1.268e+02))))
|    ( QUESTION2 -1 6.300e+03 4.664e+02 2.951e+02
|        ( - 1.379e+03 3 0 WDBNDRY_E 0 1.975e+02 6.992e+01)
|        ( WDBNDRY_E 0 4.455e+03 3.557e+02 2.251e+02
|            ( - 2.976e+03 2 0 QUESTION0 -1 1.918e+02 1.602e+02)
|            ( - 1.123e+03 5 0 QUESTION1 -1 1.556e+02 6.498e+01))))
s>    ( QUESTION0_9_R 1 1.826e+04 7.987e+02 8.101e+02
s>        ( QUESTION2 -1 1.117e+04 5.005e+02 5.151e+02
s>            ( WDBNDRY_E 0 4.595e+03 3.453e+02 2.262e+02
s>                ( - 9.720e+02 6 0 QUESTION11 1 1.535e+02 5.691e+01)
s>                ( - 3.278e+03 15 0 QUESTION11 1 2.713e+02 1.693e+02))
s>            ( QUESTION2_11_L -1 6.070e+03 4.071e+02 2.888e+02
s>                ( - 2.042e+03 11 0 QUESTION11 -1 2.400e+02 1.060e+02)
s>                ( QUESTION0_15_R 1 3.620e+03 3.470e+02 1.828e+02
s>                    ( - 8.403e+02 4 0 QUESTION8 -1 1.505e+02 5.600e+01)
s>                    ( - 2.433e+03 10 0 QUESTION11 1 2.272e+02 1.268e+02))))
s>        ( QUESTION2 -1 6.300e+03 4.664e+02 2.951e+02
s>            ( - 1.379e+03 3 0 WDBNDRY_E 0 1.975e+02 6.992e+01)
s>            ( WDBNDRY_E 0 4.455e+03 3.557e+02 2.251e+02
s>                ( - 2.976e+03 2 0 QUESTION0 -1 1.918e+02 1.602e+02)
s>                ( - 1.123e+03 5 0 QUESTION1 -1 1.556e+02 6.498e+01))))INFO: dtree.c(1478): Final simple tree
|( QUESTION0_0_R 1 3.304e+04 6.292e+02 1.580e+03
|    ( QUESTION1 -1 1.120e+04 4.775e+02 5.609e+02
|        ( - 4.618e+03 7 0 QUESTION2 -1 3.238e+02 2.367e+02)
|        ( QUESTION15 1 6.107e+03 3.641e+02 3.242e+02
|            ( - 3.835e+03 9 0 QUESTION2_7_L -1 2.821e+02 2.163e+02)
|            ( - 1.907e+03 8 0 QUESTION14 -1 2.335e+02 1.078e+02)))
|    ( QUESTION14 -1 2.121e+04 5.774e+02 1.019e+03
|        ( QUESTION10 1 7.658e+03 4.095e+02 3.969e+02
|            ( - 2.051e+03 4 0 QUESTION0_10_R 1 2.021e+02 1.230e+02)
|            ( - 5.197e+03 9 0 QUESTION0_13_R 1 2.876e+02 2.739e+02))
|        ( QUESTION0 -1 1.297e+04 5.217e+02 6.217e+02
|            ( - 6.970e+03 13 0 QUESTION2 -1 3.633e+02 3.427e+02)
|            ( QUESTION0_13_R 1 5.479e+03 3.676e+02 2.791e+02
|                ( - 1.409e+03 3 0 SILENCE -1 1.863e+02 7.900e+01)
|                ( - 3.702e+03 9 0 QUESTION0_14_R 1 2.772e+02 2.001e+02)))))
s>    ( QUESTION0_0_R 1 3.304e+04 6.292e+02 1.580e+03
s>        ( QUESTION1 -1 1.120e+04 4.775e+02 5.609e+02
s>            ( - 4.618e+03 7 0 QUESTION2 -1 3.238e+02 2.367e+02)
s>            ( QUESTION15 1 6.107e+03 3.641e+02 3.242e+02
s>                ( - 3.835e+03 9 0 QUESTION2_7_L -1 2.821e+02 2.163e+02)
s>                ( - 1.907e+03 8 0 QUESTION14 -1 2.335e+02 1.078e+02)))
s>        ( QUESTION14 -1 2.121e+04 5.774e+02 1.019e+03
s>            ( QUESTION10 1 7.658e+03 4.095e+02 3.969e+02
s>                ( - 2.051e+03 4 0 QUESTION0_10_R 1 2.021e+02 1.230e+02)
s>                ( - 5.197e+03 9 0 QUESTION0_13_R 1 2.876e+02 2.739e+02))
s>            ( QUESTION0 -1 1.297e+04 5.217e+02 6.217e+02
s>                ( - 6.970e+03 13 0 QUESTION2 -1 3.633e+02 3.427e+02)
s>                ( QUESTION0_13_R 1 5.479e+03 3.676e+02 2.791e+02
s>                    ( - 1.409e+03 3 0 SILENCE -1 1.863e+02 7.900e+01)
s>                    ( - 3.702e+03 9 0 QUESTION0_14_R 1 2.772e+02 2.001e+02)))))INFO: dtree.c(1315): Comp split 1
INFO: dtree.c(1478): Final simple tree
|( QUESTION2_11_L -1 9.792e+03 4.802e+02 4.582e+02
|    ( QUESTION11 -1 2.042e+03 2.400e+02 1.060e+02
|        ( - 1.038e+03 4 0 QUESTION0_10_R 1 1.666e+02 6.203e+01)
|        ( - 7.643e+02 7 0 QUESTION0_10_R 1 1.459e+02 4.400e+01))
|    ( QUESTION3 -1 7.270e+03 3.878e+02 3.521e+02
|        ( QUESTION11 1 2.356e+03 2.315e+02 1.286e+02
|            ( - 1.169e+03 4 0)
|            ( - 9.563e+02 8 0 QUESTION0_10_R 1 1.466e+02 5.700e+01))
|        ( QUESTION1 1 4.525e+03 3.555e+02 2.236e+02
|            ( - 1.065e+03 6 0 QUESTION8 -1 1.677e+02 6.800e+01)
|            ( QUESTION2_10_L -1 3.105e+03 2.649e+02 1.556e+02
|                ( - 7.303e+02 3 0 QUESTION1 -1 9.474e+01 4.576e+01)
|                ( QUESTION0_10_R 1 2.109e+03 2.201e+02 1.098e+02
|                    ( - 1.056e+03 4 0 QUESTION8 -1 1.355e+02 6.491e+01)
|                    ( - 8.329e+02 4 0 SILENCE -1 1.188e+02 4.488e+01))))))
s>    ( QUESTION2_11_L -1 9.792e+03 4.802e+02 4.582e+02
s>        ( QUESTION11 -1 2.042e+03 2.400e+02 1.060e+02
s>            ( - 1.038e+03 4 0 QUESTION0_10_R 1 1.666e+02 6.203e+01)
s>            ( - 7.643e+02 7 0 QUESTION0_10_R 1 1.459e+02 4.400e+01))
s>        ( QUESTION3 -1 7.270e+03 3.878e+02 3.521e+02
s>            ( QUESTION11 1 2.356e+03 2.315e+02 1.286e+02
s>                ( - 1.169e+03 4 0)
s>                ( - 9.563e+02 8 0 QUESTION0_10_R 1 1.466e+02 5.700e+01))
s>            ( QUESTION1 1 4.525e+03 3.555e+02 2.236e+02
s>                ( - 1.065e+03 6 0 QUESTION8 -1 1.677e+02 6.800e+01)
s>                ( QUESTION2_10_L -1 3.105e+03 2.649e+02 1.556e+02
s>                    ( - 7.303e+02 3 0 QUESTION1 -1 9.474e+01 4.576e+01)
s>                    ( QUESTION0_10_R 1 2.109e+03 2.201e+02 1.098e+02
s>                        ( - 1.056e+03 4 0 QUESTION8 -1 1.355e+02 6.491e+01)
s>                        ( - 8.329e+02 4 0 SILENCE -1 1.188e+02 4.488e+01))))))INFO: dtree.c(1478): Final simple tree
|( QUESTION3 -1 7.673e+03 5.721e+02 3.520e+02
|    ( SILENCE 1 2.167e+03 2.651e+02 1.058e+02
|        ( - 9.299e+02 2 0 WDBNDRY_E 0 7.949e+01 4.892e+01)
|        ( QUESTION11 1 9.720e+02 1.535e+02 5.691e+01
|            ( - 5.307e+02 3 0)
|            ( - 2.877e+02 3 0 QUESTION0_10_R 1 6.596e+01 2.191e+01)))
|    ( WDBNDRY_E 0 4.934e+03 4.210e+02 2.461e+02
|        ( QUESTION0 -1 2.976e+03 1.918e+02 1.602e+02
|            ( - 1.894e+03 1 0)
|            ( - 8.902e+02 1 0))
|        ( QUESTION7 -1 1.537e+03 1.894e+02 8.598e+01
|            ( - 4.641e+02 2 0 SILENCE 1 6.494e+01 3.098e+01)
|            ( QUESTION11 -1 8.830e+02 1.435e+02 5.500e+01
|                ( - 1.745e+02 1 0)
|                ( - 5.650e+02 3 0 QUESTION1 -1 9.847e+01 3.900e+01)))))
s>    ( QUESTION3 -1 7.673e+03 5.721e+02 3.520e+02
s>        ( SILENCE 1 2.167e+03 2.651e+02 1.058e+02
s>            ( - 9.299e+02 2 0 WDBNDRY_E 0 7.949e+01 4.892e+01)
s>            ( QUESTION11 1 9.720e+02 1.535e+02 5.691e+01
s>                ( - 5.307e+02 3 0)
s>                ( - 2.877e+02 3 0 QUESTION0_10_R 1 6.596e+01 2.191e+01)))
s>        ( WDBNDRY_E 0 4.934e+03 4.210e+02 2.461e+02
s>            ( QUESTION0 -1 2.976e+03 1.918e+02 1.602e+02
s>                ( - 1.894e+03 1 0)
s>                ( - 8.902e+02 1 0))
s>            ( QUESTION7 -1 1.537e+03 1.894e+02 8.598e+01
s>                ( - 4.641e+02 2 0 SILENCE 1 6.494e+01 3.098e+01)
s>                ( QUESTION11 -1 8.830e+02 1.435e+02 5.500e+01
s>                    ( - 1.745e+02 1 0)
s>                    ( - 5.650e+02 3 0 QUESTION1 -1 9.847e+01 3.900e+01)))))INFO: dtree.c(1315): Comp split 2
INFO: dtree.c(1478): Final simple tree
|( QUESTION13 -1 1.697e+04 5.115e+02 8.329e+02
|    ( QUESTION0_10_R 1 7.278e+03 3.379e+02 3.762e+02
|        ( QUESTION0_13_R 1 4.457e+03 2.555e+02 2.379e+02
|            ( - 2.799e+03 2 0)
|            ( - 1.403e+03 4 0 QUESTION14 1 1.523e+02 8.213e+01))
|        ( - 2.483e+03 8 0 QUESTION0_0_R 1 1.877e+02 1.383e+02))
|    ( QUESTION2_11_L -1 9.184e+03 3.990e+02 4.567e+02
|        ( - 1.755e+03 3 0 QUESTION0_12_R 1 1.789e+02 9.401e+01)
|        ( QUESTION10 -1 7.030e+03 3.671e+02 3.627e+02
|            ( QUESTION0_0_R 1 2.673e+03 2.346e+02 1.570e+02
|                ( - 1.500e+03 3 0 QUESTION11 -1 1.744e+02 9.700e+01)
|                ( - 9.385e+02 2 0 QUESTION11 -1 1.075e+02 6.000e+01))
|            ( QUESTION0_13_R 1 3.990e+03 2.744e+02 2.057e+02
|                ( - 2.282e+03 3 0 QUESTION2 -1 1.639e+02 1.217e+02)
|                ( - 1.434e+03 6 0 QUESTION14 1 2.044e+02 8.400e+01)))))
s>    ( QUESTION13 -1 1.697e+04 5.115e+02 8.329e+02
s>        ( QUESTION0_10_R 1 7.278e+03 3.379e+02 3.762e+02
s>            ( QUESTION0_13_R 1 4.457e+03 2.555e+02 2.379e+02
s>                ( - 2.799e+03 2 0)
s>                ( - 1.403e+03 4 0 QUESTION14 1 1.523e+02 8.213e+01))
s>            ( - 2.483e+03 8 0 QUESTION0_0_R 1 1.877e+02 1.383e+02))
s>        ( QUESTION2_11_L -1 9.184e+03 3.990e+02 4.567e+02
s>            ( - 1.755e+03 3 0 QUESTION0_12_R 1 1.789e+02 9.401e+01)
s>            ( QUESTION10 -1 7.030e+03 3.671e+02 3.627e+02
s>                ( QUESTION0_0_R 1 2.673e+03 2.346e+02 1.570e+02
s>                    ( - 1.500e+03 3 0 QUESTION11 -1 1.744e+02 9.700e+01)
s>                    ( - 9.385e+02 2 0 QUESTION11 -1 1.075e+02 6.000e+01))
s>                ( QUESTION0_13_R 1 3.990e+03 2.744e+02 2.057e+02
s>                    ( - 2.282e+03 3 0 QUESTION2 -1 1.639e+02 1.217e+02)
s>                    ( - 1.434e+03 6 0 QUESTION14 1 2.044e+02 8.400e+01)))))INFO: dtree.c(1478): Final simple tree
|( QUESTION15 -1 1.531e+04 5.113e+02 7.466e+02
|    ( QUESTION0_14_R 1 3.698e+03 3.339e+02 1.939e+02
|        ( - 1.893e+03 5 0 QUESTION0_15_R 1 1.314e+02 1.089e+02)
|        ( - 1.470e+03 6 0 QUESTION0_13_R 1 1.697e+02 8.500e+01))
|    ( QUESTION1 -1 1.110e+04 4.387e+02 5.527e+02
|        ( QUESTION2 -1 4.618e+03 3.238e+02 2.367e+02
|            ( - 2.465e+03 5 0 QUESTION0_1_R 1 2.105e+02 1.350e+02)
|            ( - 1.829e+03 2 0 QUESTION8 -1 2.097e+02 1.017e+02))
|        ( QUESTION0_0_R 1 6.045e+03 3.605e+02 3.160e+02
|            ( - 1.643e+03 7 0 QUESTION13 -1 1.886e+02 9.584e+01)
|            ( SILENCE -1 4.042e+03 2.723e+02 2.201e+02
|                ( QUESTION0_12_R 1 1.718e+03 2.126e+02 9.714e+01
|                    ( - 9.128e+02 1 0)
|                    ( - 5.930e+02 1 0))
|                ( - 2.051e+03 4 0 QUESTION0_10_R 1 2.021e+02 1.230e+02)))))
s>    ( QUESTION15 -1 1.531e+04 5.113e+02 7.466e+02
s>        ( QUESTION0_14_R 1 3.698e+03 3.339e+02 1.939e+02
s>            ( - 1.893e+03 5 0 QUESTION0_15_R 1 1.314e+02 1.089e+02)
s>            ( - 1.470e+03 6 0 QUESTION0_13_R 1 1.697e+02 8.500e+01))
s>        ( QUESTION1 -1 1.110e+04 4.387e+02 5.527e+02
s>            ( QUESTION2 -1 4.618e+03 3.238e+02 2.367e+02
s>                ( - 2.465e+03 5 0 QUESTION0_1_R 1 2.105e+02 1.350e+02)
s>                ( - 1.829e+03 2 0 QUESTION8 -1 2.097e+02 1.017e+02))
s>            ( QUESTION0_0_R 1 6.045e+03 3.605e+02 3.160e+02
s>                ( - 1.643e+03 7 0 QUESTION13 -1 1.886e+02 9.584e+01)
s>                ( SILENCE -1 4.042e+03 2.723e+02 2.201e+02
s>                    ( QUESTION0_12_R 1 1.718e+03 2.126e+02 9.714e+01
s>                        ( - 9.128e+02 1 0)
s>                        ( - 5.930e+02 1 0))
s>                    ( - 2.051e+03 4 0 QUESTION0_10_R 1 2.021e+02 1.230e+02)))))INFO: dtree.c(1315): Comp split 3
INFO: dtree.c(1439): stop. leaf nodes are specific
INFO: dtree.c(1478): Final simple tree
|( QUESTION1 -1 3.300e+03 2.277e+02 1.762e+02
|    ( - 1.894e+03 1 0)
|    ( WDBNDRY_E 0 1.178e+03 1.129e+02 7.518e+01
|        ( - 8.902e+02 1 0)
|        ( - 1.745e+02 1 0)))
s>    ( QUESTION1 -1 3.300e+03 2.277e+02 1.762e+02
s>        ( - 1.894e+03 1 0)
s>        ( WDBNDRY_E 0 1.178e+03 1.129e+02 7.518e+01
s>            ( - 8.902e+02 1 0)
s>            ( - 1.745e+02 1 0)))INFO: dtree.c(1478): Final simple tree
|( WDBNDRY_E 0 3.774e+03 3.993e+02 1.758e+02
|    ( SILENCE 1 2.013e+03 2.468e+02 9.882e+01
|        ( - 7.944e+02 1 0)
|        ( QUESTION11 1 9.720e+02 1.535e+02 5.691e+01
|            ( - 5.307e+02 3 0)
|            ( QUESTION0_10_R 1 2.877e+02 6.596e+01 2.191e+01
|                ( - 8.621e+01 2 0 QUESTION0_11_R 1 3.283e+01 9.000e+00)
|                ( - 1.356e+02 1 0))))
|    ( QUESTION2_7_L -1 1.362e+03 2.085e+02 7.698e+01
|        ( QUESTION2 -1 5.882e+02 6.808e+01 3.798e+01
|            ( - 5.598e+01 1 0)
|            ( - 4.641e+02 2 0 SILENCE 1 6.494e+01 3.098e+01))
|        ( QUESTION1 -1 5.650e+02 9.847e+01 3.900e+01
|            ( - 2.517e+02 1 0)
|            ( - 2.148e+02 2 0 SILENCE 1 5.000e+01 1.800e+01))))
s>    ( WDBNDRY_E 0 3.774e+03 3.993e+02 1.758e+02
s>        ( SILENCE 1 2.013e+03 2.468e+02 9.882e+01
s>            ( - 7.944e+02 1 0)
s>            ( QUESTION11 1 9.720e+02 1.535e+02 5.691e+01
s>                ( - 5.307e+02 3 0)
s>                ( QUESTION0_10_R 1 2.877e+02 6.596e+01 2.191e+01
s>                    ( - 8.621e+01 2 0 QUESTION0_11_R 1 3.283e+01 9.000e+00)
s>                    ( - 1.356e+02 1 0))))
s>        ( QUESTION2_7_L -1 1.362e+03 2.085e+02 7.698e+01
s>            ( QUESTION2 -1 5.882e+02 6.808e+01 3.798e+01
s>                ( - 5.598e+01 1 0)
s>                ( - 4.641e+02 2 0 SILENCE 1 6.494e+01 3.098e+01))
s>            ( QUESTION1 -1 5.650e+02 9.847e+01 3.900e+01
s>                ( - 2.517e+02 1 0)
s>                ( - 2.148e+02 2 0 SILENCE 1 5.000e+01 1.800e+01))))INFO: dtree.c(1315): Comp split 4
INFO: dtree.c(1478): Final simple tree
|( QUESTION10 -1 7.030e+03 3.671e+02 3.627e+02
|    ( QUESTION0_0_R 1 2.673e+03 2.346e+02 1.570e+02
|        ( QUESTION11 -1 1.500e+03 1.744e+02 9.700e+01
|            ( - 8.910e+02 1 0)
|            ( - 4.344e+02 2 0 QUESTION0_1_R 1 9.292e+01 3.600e+01))
|        ( - 9.385e+02 2 0 QUESTION11 -1 1.075e+02 6.000e+01))
|    ( QUESTION0_13_R 1 3.990e+03 2.744e+02 2.057e+02
|        ( QUESTION2 -1 2.282e+03 1.639e+02 1.217e+02
|            ( - 1.957e+03 2 0)
|            ( - 1.615e+02 1 0))
|        ( QUESTION14 1 1.434e+03 2.044e+02 8.400e+01
|            ( QUESTION2 -1 6.257e+02 1.092e+02 4.000e+01
|                ( - 3.470e+02 2 0)
|                ( - 1.694e+02 2 0 QUESTION8 -1 4.165e+01 1.400e+01))
|            ( - 6.036e+02 2 0 SILENCE -1 8.173e+01 4.400e+01))))
s>    ( QUESTION10 -1 7.030e+03 3.671e+02 3.627e+02
s>        ( QUESTION0_0_R 1 2.673e+03 2.346e+02 1.570e+02
s>            ( QUESTION11 -1 1.500e+03 1.744e+02 9.700e+01
s>                ( - 8.910e+02 1 0)
s>                ( - 4.344e+02 2 0 QUESTION0_1_R 1 9.292e+01 3.600e+01))
s>            ( - 9.385e+02 2 0 QUESTION11 -1 1.075e+02 6.000e+01))
s>        ( QUESTION0_13_R 1 3.990e+03 2.744e+02 2.057e+02
s>            ( QUESTION2 -1 2.282e+03 1.639e+02 1.217e+02
s>                ( - 1.957e+03 2 0)
s>                ( - 1.615e+02 1 0))
s>            ( QUESTION14 1 1.434e+03 2.044e+02 8.400e+01
s>                ( QUESTION2 -1 6.257e+02 1.092e+02 4.000e+01
s>                    ( - 3.470e+02 2 0)
s>                    ( - 1.694e+02 2 0 QUESTION8 -1 4.165e+01 1.400e+01))
s>                ( - 6.036e+02 2 0 SILENCE -1 8.173e+01 4.400e+01))))INFO: dtree.c(1478): Final simple tree
|( QUESTION14 -1 9.386e+03 3.632e+02 4.702e+02
|    ( QUESTION0_13_R 1 6.649e+03 3.148e+02 3.442e+02
|        ( - 2.799e+03 2 0)
|        ( QUESTION0_0_R 1 3.535e+03 2.733e+02 1.885e+02
|            ( - 1.151e+03 2 0)
|            ( QUESTION14 1 2.110e+03 1.676e+02 1.181e+02
|                ( - 4.789e+02 2 0)
|                ( QUESTION0 1 1.464e+03 1.543e+02 8.513e+01
|                    ( - 7.047e+02 2 0 QUESTION0_10_R 1 7.266e+01 4.613e+01)
|                    ( - 6.049e+02 3 0 SILENCE 1 9.485e+01 3.900e+01)))))
|    ( QUESTION0_13_R 1 2.374e+03 2.052e+02 1.260e+02
|        ( - 1.215e+03 1 0)
|        ( QUESTION0_0_R 1 9.541e+02 1.495e+02 5.817e+01
|            ( - 4.432e+02 3 0 QUESTION2_0_L -1 8.615e+01 3.200e+01)
|            ( - 3.613e+02 2 0 QUESTION11 -1 8.478e+01 2.617e+01))))
s>    ( QUESTION14 -1 9.386e+03 3.632e+02 4.702e+02
s>        ( QUESTION0_13_R 1 6.649e+03 3.148e+02 3.442e+02
s>            ( - 2.799e+03 2 0)
s>            ( QUESTION0_0_R 1 3.535e+03 2.733e+02 1.885e+02
s>                ( - 1.151e+03 2 0)
s>                ( QUESTION14 1 2.110e+03 1.676e+02 1.181e+02
s>                    ( - 4.789e+02 2 0)
s>                    ( QUESTION0 1 1.464e+03 1.543e+02 8.513e+01
s>                        ( - 7.047e+02 2 0 QUESTION0_10_R 1 7.266e+01 4.613e+01)
s>                        ( - 6.049e+02 3 0 SILENCE 1 9.485e+01 3.900e+01)))))
s>        ( QUESTION0_13_R 1 2.374e+03 2.052e+02 1.260e+02
s>            ( - 1.215e+03 1 0)
s>            ( QUESTION0_0_R 1 9.541e+02 1.495e+02 5.817e+01
s>                ( - 4.432e+02 3 0 QUESTION2_0_L -1 8.615e+01 3.200e+01)
s>                ( - 3.613e+02 2 0 QUESTION11 -1 8.478e+01 2.617e+01))))INFO: dtree.c(1315): Comp split 5
INFO: dtree.c(1478): Final simple tree
|( QUESTION15 -1 7.140e+03 4.106e+02 3.528e+02
|    ( QUESTION0_13_R 1 1.470e+03 1.697e+02 8.500e+01
|        ( - 6.297e+02 2 0)
|        ( QUESTION0_20_R 1 6.709e+02 1.216e+02 4.300e+01
|            ( - 2.034e+02 1 0)
|            ( - 3.460e+02 3 0 QUESTION0_0_R 1 7.099e+01 2.400e+01)))
|    ( QUESTION15 1 5.259e+03 3.375e+02 2.678e+02
|        ( QUESTION0_1_R 1 2.952e+03 2.433e+02 1.560e+02
|            ( - 1.748e+03 3 0)
|            ( SILENCE -1 9.612e+02 1.269e+02 5.600e+01
|                ( - 5.930e+02 1 0)
|                ( - 2.413e+02 1 0)))
|        ( QUESTION13 -1 1.969e+03 2.403e+02 1.118e+02
|            ( - 1.121e+03 3 0 QUESTION0_1_R 1 1.202e+02 7.084e+01)
|            ( - 6.073e+02 5 0 QUESTION10 -1 1.091e+02 4.100e+01))))
s>    ( QUESTION15 -1 7.140e+03 4.106e+02 3.528e+02
s>        ( QUESTION0_13_R 1 1.470e+03 1.697e+02 8.500e+01
s>            ( - 6.297e+02 2 0)
s>            ( QUESTION0_20_R 1 6.709e+02 1.216e+02 4.300e+01
s>                ( - 2.034e+02 1 0)
s>                ( - 3.460e+02 3 0 QUESTION0_0_R 1 7.099e+01 2.400e+01)))
s>        ( QUESTION15 1 5.259e+03 3.375e+02 2.678e+02
s>            ( QUESTION0_1_R 1 2.952e+03 2.433e+02 1.560e+02
s>                ( - 1.748e+03 3 0)
s>                ( SILENCE -1 9.612e+02 1.269e+02 5.600e+01
s>                    ( - 5.930e+02 1 0)
s>                    ( - 2.413e+02 1 0)))
s>            ( QUESTION13 -1 1.969e+03 2.403e+02 1.118e+02
s>                ( - 1.121e+03 3 0 QUESTION0_1_R 1 1.202e+02 7.084e+01)
s>                ( - 6.073e+02 5 0 QUESTION10 -1 1.091e+02 4.100e+01))))INFO: dtree.c(1478): Final simple tree
|( QUESTION0_14_R 1 7.617e+03 3.899e+02 3.938e+02
|    ( QUESTION0_15_R 1 2.858e+03 2.411e+02 1.589e+02
|        ( - 1.498e+03 3 0)
|        ( QUESTION0_17_R 1 1.118e+03 1.371e+02 7.200e+01
|            ( QUESTION14 -1 6.148e+02 9.855e+01 4.300e+01
|                ( - 4.052e+02 1 0)
|                ( - 1.110e+02 1 0))
|            ( - 3.666e+02 2 0 QUESTION14 -1 7.402e+01 2.900e+01)))
|    ( QUESTION0_0_R 1 4.369e+03 3.080e+02 2.348e+02
|        ( QUESTION8 -1 1.829e+03 2.097e+02 1.017e+02
|            ( - 1.255e+03 1 0)
|            ( - 3.637e+02 1 0))
|        ( SILENCE -1 2.232e+03 1.941e+02 1.331e+02
|            ( - 9.128e+02 1 0)
|            ( - 1.125e+03 2 0))))
s>    ( QUESTION0_14_R 1 7.617e+03 3.899e+02 3.938e+02
s>        ( QUESTION0_15_R 1 2.858e+03 2.411e+02 1.589e+02
s>            ( - 1.498e+03 3 0)
s>            ( QUESTION0_17_R 1 1.118e+03 1.371e+02 7.200e+01
s>                ( QUESTION14 -1 6.148e+02 9.855e+01 4.300e+01
s>                    ( - 4.052e+02 1 0)
s>                    ( - 1.110e+02 1 0))
s>                ( - 3.666e+02 2 0 QUESTION14 -1 7.402e+01 2.900e+01)))
s>        ( QUESTION0_0_R 1 4.369e+03 3.080e+02 2.348e+02
s>            ( QUESTION8 -1 1.829e+03 2.097e+02 1.017e+02
s>                ( - 1.255e+03 1 0)
s>                ( - 3.637e+02 1 0))
s>            ( SILENCE -1 2.232e+03 1.941e+02 1.331e+02
s>                ( - 9.128e+02 1 0)
s>                ( - 1.125e+03 2 0))))INFO: dtree.c(1315): Comp split 6
INFO: dtree.c(1478): Final simple tree
|( QUESTION11 1 4.684e+03 3.221e+02 2.392e+02
|    ( QUESTION3 -1 2.128e+03 2.295e+02 1.173e+02
|        ( - 1.169e+03 4 0)
|        ( QUESTION1 -1 7.303e+02 9.474e+01 4.576e+01
|            ( - 5.073e+02 2 0)
|            ( - 1.282e+02 1 0)))
|    ( QUESTION7 -1 2.234e+03 2.504e+02 1.219e+02
|        ( QUESTION8 -1 8.567e+02 1.250e+02 5.591e+01
|            ( - 1.826e+02 1 0)
|            ( - 5.492e+02 2 0 QUESTION0_17_R 1 3.071e+01 3.691e+01))
|        ( QUESTION0_10_R 1 1.127e+03 1.523e+02 6.600e+01
|            ( QUESTION0_15_R 1 5.690e+02 9.379e+01 3.700e+01
|                ( - 2.674e+02 2 0)
|                ( - 2.078e+02 3 0 QUESTION1 -1 5.255e+01 1.600e+01))
|            ( - 4.055e+02 4 0 QUESTION1 1 8.776e+01 2.900e+01))))
s>    ( QUESTION11 1 4.684e+03 3.221e+02 2.392e+02
s>        ( QUESTION3 -1 2.128e+03 2.295e+02 1.173e+02
s>            ( - 1.169e+03 4 0)
s>            ( QUESTION1 -1 7.303e+02 9.474e+01 4.576e+01
s>                ( - 5.073e+02 2 0)
s>                ( - 1.282e+02 1 0)))
s>        ( QUESTION7 -1 2.234e+03 2.504e+02 1.219e+02
s>            ( QUESTION8 -1 8.567e+02 1.250e+02 5.591e+01
s>                ( - 1.826e+02 1 0)
s>                ( - 5.492e+02 2 0 QUESTION0_17_R 1 3.071e+01 3.691e+01))
s>            ( QUESTION0_10_R 1 1.127e+03 1.523e+02 6.600e+01
s>                ( QUESTION0_15_R 1 5.690e+02 9.379e+01 3.700e+01
s>                    ( - 2.674e+02 2 0)
s>                    ( - 2.078e+02 3 0 QUESTION1 -1 5.255e+01 1.600e+01))
s>                ( - 4.055e+02 4 0 QUESTION1 1 8.776e+01 2.900e+01))))INFO: dtree.c(1478): Final simple tree
|( QUESTION2_11_L -1 4.574e+03 3.666e+02 2.189e+02
|    ( QUESTION11 -1 2.042e+03 2.400e+02 1.060e+02
|        ( QUESTION0_10_R 1 1.038e+03 1.666e+02 6.203e+01
|            ( - 5.947e+02 2 0 QUESTION0_18_R 1 1.047e+02 3.903e+01)
|            ( - 2.765e+02 2 0))
|        ( QUESTION0_10_R 1 7.643e+02 1.459e+02 4.400e+01
|            ( - 4.300e+02 5 0 QUESTION0_17_R 1 9.029e+01 2.700e+01)
|            ( - 1.884e+02 2 0 QUESTION11 1 6.484e+01 1.700e+01)))
|    ( QUESTION0_10_R 1 2.165e+03 2.739e+02 1.129e+02
|        ( QUESTION8 -1 8.403e+02 1.505e+02 5.600e+01
|            ( - 1.133e+02 1 0)
|            ( - 5.765e+02 3 0 QUESTION1 -1 1.044e+02 4.200e+01))
|        ( QUESTION7 -1 1.051e+03 1.366e+02 5.688e+01
|            ( - 6.683e+02 4 0 QUESTION11 1 8.842e+01 3.888e+01)
|            ( - 2.457e+02 2 0 SILENCE -1 6.819e+01 1.800e+01))))
s>    ( QUESTION2_11_L -1 4.574e+03 3.666e+02 2.189e+02
s>        ( QUESTION11 -1 2.042e+03 2.400e+02 1.060e+02
s>            ( QUESTION0_10_R 1 1.038e+03 1.666e+02 6.203e+01
s>                ( - 5.947e+02 2 0 QUESTION0_18_R 1 1.047e+02 3.903e+01)
s>                ( - 2.765e+02 2 0))
s>            ( QUESTION0_10_R 1 7.643e+02 1.459e+02 4.400e+01
s>                ( - 4.300e+02 5 0 QUESTION0_17_R 1 9.029e+01 2.700e+01)
s>                ( - 1.884e+02 2 0 QUESTION11 1 6.484e+01 1.700e+01)))
s>        ( QUESTION0_10_R 1 2.165e+03 2.739e+02 1.129e+02
s>            ( QUESTION8 -1 8.403e+02 1.505e+02 5.600e+01
s>                ( - 1.133e+02 1 0)
s>                ( - 5.765e+02 3 0 QUESTION1 -1 1.044e+02 4.200e+01))
s>            ( QUESTION7 -1 1.051e+03 1.366e+02 5.688e+01
s>                ( - 6.683e+02 4 0 QUESTION11 1 8.842e+01 3.888e+01)
s>                ( - 2.457e+02 2 0 SILENCE -1 6.819e+01 1.800e+01))))INFO: dtree.c(1315): Comp split 7
INFO: dtree.c(1439): stop. leaf nodes are specific
INFO: dtree.c(1478): Final simple tree
|( QUESTION0_10_R 1 1.869e+03 2.127e+02 1.040e+02
|    ( QUESTION0_12_R 1 7.716e+02 8.103e+01 4.900e+01
|        ( - 6.084e+01 1 0)
|        ( - 6.297e+02 2 0))
|    ( QUESTION0_0_R 1 8.850e+02 1.203e+02 5.500e+01
|        ( QUESTION0 -1 4.493e+02 8.372e+01 3.100e+01
|            ( - 2.413e+02 1 0)
|            ( - 1.242e+02 1 0))
|        ( SILENCE 1 3.154e+02 6.631e+01 2.400e+01
|            ( - 4.574e+01 1 0)
|            ( - 2.034e+02 1 0))))
s>    ( QUESTION0_10_R 1 1.869e+03 2.127e+02 1.040e+02
s>        ( QUESTION0_12_R 1 7.716e+02 8.103e+01 4.900e+01
s>            ( - 6.084e+01 1 0)
s>            ( - 6.297e+02 2 0))
s>        ( QUESTION0_0_R 1 8.850e+02 1.203e+02 5.500e+01
s>            ( QUESTION0 -1 4.493e+02 8.372e+01 3.100e+01
s>                ( - 2.413e+02 1 0)
s>                ( - 1.242e+02 1 0))
s>            ( SILENCE 1 3.154e+02 6.631e+01 2.400e+01
s>                ( - 4.574e+01 1 0)
s>                ( - 2.034e+02 1 0))))INFO: dtree.c(1478): Final simple tree
|( QUESTION1 -1 4.840e+03 3.359e+02 2.488e+02
|    ( QUESTION0_1_R 1 2.046e+03 1.298e+02 1.160e+02
|        ( - 1.748e+03 3 0)
|        ( - 1.688e+02 1 0))
|    ( QUESTION13 -1 2.458e+03 2.619e+02 1.328e+02
|        ( QUESTION0_1_R 1 1.121e+03 1.202e+02 7.084e+01
|            ( - 2.222e+02 2 0)
|            ( - 7.790e+02 1 0))
|        ( QUESTION0_0_R 1 1.075e+03 1.492e+02 6.200e+01
|            ( QUESTION11 -1 3.325e+02 7.932e+01 2.500e+01
|                ( - 7.074e+01 1 0)
|                ( SILENCE -1 1.825e+02 4.463e+01 1.400e+01
|                    ( - 1.783e+01 1 0)
|                    ( - 1.200e+02 2 0)))
|            ( - 5.930e+02 1 0))))
s>    ( QUESTION1 -1 4.840e+03 3.359e+02 2.488e+02
s>        ( QUESTION0_1_R 1 2.046e+03 1.298e+02 1.160e+02
s>            ( - 1.748e+03 3 0)
s>            ( - 1.688e+02 1 0))
s>        ( QUESTION13 -1 2.458e+03 2.619e+02 1.328e+02
s>            ( QUESTION0_1_R 1 1.121e+03 1.202e+02 7.084e+01
s>                ( - 2.222e+02 2 0)
s>                ( - 7.790e+02 1 0))
s>            ( QUESTION0_0_R 1 1.075e+03 1.492e+02 6.200e+01
s>                ( QUESTION11 -1 3.325e+02 7.932e+01 2.500e+01
s>                    ( - 7.074e+01 1 0)
s>                    ( SILENCE -1 1.825e+02 4.463e+01 1.400e+01
s>                        ( - 1.783e+01 1 0)
s>                        ( - 1.200e+02 2 0)))
s>                ( - 5.930e+02 1 0))))INFO: dtree.c(1315): Comp split 8
INFO: dtree.c(1439): stop. leaf nodes are specific
INFO: dtree.c(1478): Final simple tree
|( QUESTION11 -1 3.762e+03 2.688e+02 1.963e+02
|    ( QUESTION0_12_R 1 1.440e+03 1.147e+02 7.984e+01
|        ( - 1.101e+02 1 0)
|        ( - 1.215e+03 1 0))
|    ( QUESTION2_7_L -1 2.053e+03 1.741e+02 1.165e+02
|        ( QUESTION14 -1 1.564e+03 1.325e+02 9.333e+01
|            ( - 1.151e+03 2 0)
|            ( - 2.802e+02 2 0))
|        ( QUESTION0_0_R 1 3.153e+02 7.192e+01 2.317e+01
|            ( - 7.690e+01 1 0)
|            ( - 1.664e+02 1 0))))
s>    ( QUESTION11 -1 3.762e+03 2.688e+02 1.963e+02
s>        ( QUESTION0_12_R 1 1.440e+03 1.147e+02 7.984e+01
s>            ( - 1.101e+02 1 0)
s>            ( - 1.215e+03 1 0))
s>        ( QUESTION2_7_L -1 2.053e+03 1.741e+02 1.165e+02
s>            ( QUESTION14 -1 1.564e+03 1.325e+02 9.333e+01
s>                ( - 1.151e+03 2 0)
s>                ( - 2.802e+02 2 0))
s>            ( QUESTION0_0_R 1 3.153e+02 7.192e+01 2.317e+01
s>                ( - 7.690e+01 1 0)
s>                ( - 1.664e+02 1 0))))INFO: dtree.c(1439): stop. leaf nodes are specific
INFO: dtree.c(1478): Final simple tree
|( QUESTION0_13_R 1 5.197e+03 2.876e+02 2.739e+02
|    ( - 2.799e+03 2 0)
|    ( QUESTION14 1 2.110e+03 1.676e+02 1.181e+02
|        ( - 4.789e+02 2 0)
|        ( QUESTION0 1 1.464e+03 1.543e+02 8.513e+01
|            ( QUESTION0_10_R 1 7.047e+02 7.266e+01 4.613e+01
|                ( - 5.460e+02 1 0)
|                ( - 8.605e+01 1 0))
|            ( SILENCE 1 6.049e+02 9.485e+01 3.900e+01
|                ( - 3.877e+02 2 0)
|                ( - 1.223e+02 1 0)))))
s>    ( QUESTION0_13_R 1 5.197e+03 2.876e+02 2.739e+02
s>        ( - 2.799e+03 2 0)
s>        ( QUESTION14 1 2.110e+03 1.676e+02 1.181e+02
s>            ( - 4.789e+02 2 0)
s>            ( QUESTION0 1 1.464e+03 1.543e+02 8.513e+01
s>                ( QUESTION0_10_R 1 7.047e+02 7.266e+01 4.613e+01
s>                    ( - 5.460e+02 1 0)
s>                    ( - 8.605e+01 1 0))
s>                ( SILENCE 1 6.049e+02 9.485e+01 3.900e+01
s>                    ( - 3.877e+02 2 0)
s>                    ( - 1.223e+02 1 0)))))INFO: dtree.c(1315): Comp split 9
INFO: dtree.c(1439): stop. leaf nodes are specific
INFO: dtree.c(1478): Final simple tree
|( QUESTION0_0_R 1 2.574e+03 2.404e+02 1.470e+02
|    ( - 8.910e+02 1 0)
|    ( QUESTION12 -1 1.443e+03 1.650e+02 8.600e+01
|        ( - 6.803e+02 1 0)
|        ( QUESTION0_12_R 1 5.975e+02 9.971e+01 4.100e+01
|            ( - 3.470e+02 2 0)
|            ( - 1.507e+02 1 0))))
s>    ( QUESTION0_0_R 1 2.574e+03 2.404e+02 1.470e+02
s>        ( - 8.910e+02 1 0)
s>        ( QUESTION12 -1 1.443e+03 1.650e+02 8.600e+01
s>            ( - 6.803e+02 1 0)
s>            ( QUESTION0_12_R 1 5.975e+02 9.971e+01 4.100e+01
s>                ( - 3.470e+02 2 0)
s>                ( - 1.507e+02 1 0))))INFO: dtree.c(1478): Final simple tree
|( QUESTION2 -1 4.037e+03 2.708e+02 2.157e+02
|    ( QUESTION0_12_R 1 2.452e+03 1.585e+02 1.347e+02
|        ( - 3.361e+02 1 0)
|        ( - 1.957e+03 2 0))
|    ( QUESTION0_0_R 1 1.315e+03 1.775e+02 8.100e+01
|        ( QUESTION0_1_R 1 7.235e+02 1.159e+02 5.300e+01
|            ( SILENCE -1 4.320e+02 8.033e+01 3.400e+01
|                ( - 1.857e+02 1 0)
|                ( - 1.660e+02 1 0))
|            ( - 1.755e+02 1 0))
|        ( QUESTION0_12_R 1 4.136e+02 8.268e+01 2.800e+01
|            ( QUESTION8 -1 1.694e+02 4.165e+01 1.400e+01
|                ( - 5.007e+01 1 0)
|                ( - 7.771e+01 1 0))
|            ( - 1.615e+02 1 0))))
s>    ( QUESTION2 -1 4.037e+03 2.708e+02 2.157e+02
s>        ( QUESTION0_12_R 1 2.452e+03 1.585e+02 1.347e+02
s>            ( - 3.361e+02 1 0)
s>            ( - 1.957e+03 2 0))
s>        ( QUESTION0_0_R 1 1.315e+03 1.775e+02 8.100e+01
s>            ( QUESTION0_1_R 1 7.235e+02 1.159e+02 5.300e+01
s>                ( SILENCE -1 4.320e+02 8.033e+01 3.400e+01
s>                    ( - 1.857e+02 1 0)
s>                    ( - 1.660e+02 1 0))
s>                ( - 1.755e+02 1 0))
s>            ( QUESTION0_12_R 1 4.136e+02 8.268e+01 2.800e+01
s>                ( QUESTION8 -1 1.694e+02 4.165e+01 1.400e+01
s>                    ( - 5.007e+01 1 0)
s>                    ( - 7.771e+01 1 0))
s>                ( - 1.615e+02 1 0))))INFO: dtree.c(1315): Comp split 10
INFO: dtree.c(1439): stop. leaf nodes are specific
INFO: dtree.c(1478): Final simple tree
|( QUESTION8 -1 3.822e+03 2.895e+02 2.057e+02
|    ( - 1.255e+03 1 0)
|    ( QUESTION0_20_R 1 2.278e+03 2.416e+02 1.307e+02
|        ( - 1.125e+03 2 0)
|        ( QUESTION0_0_R 1 9.108e+02 1.419e+02 5.767e+01
|            ( - 3.637e+02 1 0)
|            ( - 4.052e+02 1 0))))
s>    ( QUESTION8 -1 3.822e+03 2.895e+02 2.057e+02
s>        ( - 1.255e+03 1 0)
s>        ( QUESTION0_20_R 1 2.278e+03 2.416e+02 1.307e+02
s>            ( - 1.125e+03 2 0)
s>            ( QUESTION0_0_R 1 9.108e+02 1.419e+02 5.767e+01
s>                ( - 3.637e+02 1 0)
s>                ( - 4.052e+02 1 0))))INFO: dtree.c(1439): stop. leaf nodes are specific
INFO: dtree.c(1478): Final simple tree
|( QUESTION15 -1 3.386e+03 2.519e+02 1.881e+02
|    ( QUESTION0_15_R 1 1.893e+03 1.314e+02 1.089e+02
|        ( - 1.498e+03 3 0)
|        ( QUESTION0_17_R 1 2.637e+02 6.840e+01 2.200e+01
|            ( - 1.110e+02 1 0)
|            ( - 8.424e+01 1 0)))
|    ( SILENCE -1 1.241e+03 1.195e+02 7.914e+01
|        ( - 9.128e+02 1 0)
|        ( - 2.083e+02 1 0)))
s>    ( QUESTION15 -1 3.386e+03 2.519e+02 1.881e+02
s>        ( QUESTION0_15_R 1 1.893e+03 1.314e+02 1.089e+02
s>            ( - 1.498e+03 3 0)
s>            ( QUESTION0_17_R 1 2.637e+02 6.840e+01 2.200e+01
s>                ( - 1.110e+02 1 0)
s>                ( - 8.424e+01 1 0)))
s>        ( SILENCE -1 1.241e+03 1.195e+02 7.914e+01
s>            ( - 9.128e+02 1 0)
s>            ( - 2.083e+02 1 0)))INFO: dtree.c(1315): Comp split 11
INFO: dtree.c(1478): Final simple tree
|( QUESTION1 -1 2.168e+03 2.855e+02 1.069e+02
|    ( QUESTION11 1 8.075e+02 1.124e+02 4.688e+01
|        ( - 4.833e+02 2 0)
|        ( QUESTION1 1 2.118e+02 5.702e+01 1.691e+01
|            ( - 1.156e+02 2 0 QUESTION2 -1 3.107e+01 1.200e+01)
|            ( - 3.919e+01 1 0)))
|    ( QUESTION11 -1 1.075e+03 1.606e+02 6.000e+01
|        ( - 2.765e+02 2 0)
|        ( QUESTION0_16_R 1 6.383e+02 1.165e+02 3.700e+01
|            ( QUESTION0_17_R 1 2.395e+02 6.419e+01 1.800e+01
|                ( - 1.139e+02 2 0 QUESTION0_18_R 1 3.759e+01 1.000e+01)
|                ( - 6.144e+01 1 0))
|            ( WDBNDRY_S 0 2.823e+02 6.493e+01 1.900e+01
|                ( - 1.130e+02 1 0)
|                ( - 1.044e+02 2 0 QUESTION2_14_L -1 3.353e+01 9.000e+00)))))
s>    ( QUESTION1 -1 2.168e+03 2.855e+02 1.069e+02
s>        ( QUESTION11 1 8.075e+02 1.124e+02 4.688e+01
s>            ( - 4.833e+02 2 0)
s>            ( QUESTION1 1 2.118e+02 5.702e+01 1.691e+01
s>                ( - 1.156e+02 2 0 QUESTION2 -1 3.107e+01 1.200e+01)
s>                ( - 3.919e+01 1 0)))
s>        ( QUESTION11 -1 1.075e+03 1.606e+02 6.000e+01
s>            ( - 2.765e+02 2 0)
s>            ( QUESTION0_16_R 1 6.383e+02 1.165e+02 3.700e+01
s>                ( QUESTION0_17_R 1 2.395e+02 6.419e+01 1.800e+01
s>                    ( - 1.139e+02 2 0 QUESTION0_18_R 1 3.759e+01 1.000e+01)
s>                    ( - 6.144e+01 1 0))
s>                ( WDBNDRY_S 0 2.823e+02 6.493e+01 1.900e+01
s>                    ( - 1.130e+02 1 0)
s>                    ( - 1.044e+02 2 0 QUESTION2_14_L -1 3.353e+01 9.000e+00)))))INFO: dtree.c(1439): stop. leaf nodes are specific
INFO: dtree.c(1478): Final simple tree
|( QUESTION12 1 2.000e+03 2.538e+02 1.120e+02
|    ( QUESTION0_18_R 1 7.815e+02 1.143e+02 4.903e+01
|        ( - 8.397e+01 1 0)
|        ( QUESTION0_10_R 1 5.832e+02 1.008e+02 3.800e+01
|            ( - 4.060e+02 1 0)
|            ( - 7.638e+01 1 0)))
|    ( QUESTION8 -1 9.648e+02 1.601e+02 6.300e+01
|        ( - 1.133e+02 1 0)
|        ( QUESTION1 -1 6.914e+02 1.119e+02 4.900e+01
|            ( - 1.687e+02 1 0)
|            ( QUESTION0_10_R 1 4.108e+02 6.018e+01 3.300e+01
|                ( - 3.034e+02 2 0)
|                ( - 4.721e+01 1 0)))))
s>    ( QUESTION12 1 2.000e+03 2.538e+02 1.120e+02
s>        ( QUESTION0_18_R 1 7.815e+02 1.143e+02 4.903e+01
s>            ( - 8.397e+01 1 0)
s>            ( QUESTION0_10_R 1 5.832e+02 1.008e+02 3.800e+01
s>                ( - 4.060e+02 1 0)
s>                ( - 7.638e+01 1 0)))
s>        ( QUESTION8 -1 9.648e+02 1.601e+02 6.300e+01
s>            ( - 1.133e+02 1 0)
s>            ( QUESTION1 -1 6.914e+02 1.119e+02 4.900e+01
s>                ( - 1.687e+02 1 0)
s>                ( QUESTION0_10_R 1 4.108e+02 6.018e+01 3.300e+01
s>                    ( - 3.034e+02 2 0)
s>                    ( - 4.721e+01 1 0)))))INFO: dtree.c(1315): Comp split 12
INFO: dtree.c(1439): stop. leaf nodes are specific
INFO: dtree.c(1478): Final simple tree
|( QUESTION2_7_L -1 1.362e+03 2.085e+02 7.698e+01
|    ( QUESTION2 -1 5.882e+02 6.808e+01 3.798e+01
|        ( - 5.598e+01 1 0)
|        ( SILENCE 1 4.641e+02 6.494e+01 3.098e+01
|            ( - 3.661e+02 1 0)
|            ( - 3.308e+01 1 0)))
|    ( QUESTION1 -1 5.650e+02 9.847e+01 3.900e+01
|        ( - 2.517e+02 1 0)
|        ( SILENCE 1 2.148e+02 5.000e+01 1.800e+01
|            ( - 5.073e+01 1 0)
|            ( - 1.141e+02 1 0))))
s>    ( QUESTION2_7_L -1 1.362e+03 2.085e+02 7.698e+01
s>        ( QUESTION2 -1 5.882e+02 6.808e+01 3.798e+01
s>            ( - 5.598e+01 1 0)
s>            ( SILENCE 1 4.641e+02 6.494e+01 3.098e+01
s>                ( - 3.661e+02 1 0)
s>                ( - 3.308e+01 1 0)))
s>        ( QUESTION1 -1 5.650e+02 9.847e+01 3.900e+01
s>            ( - 2.517e+02 1 0)
s>            ( SILENCE 1 2.148e+02 5.000e+01 1.800e+01
s>                ( - 5.073e+01 1 0)
s>                ( - 1.141e+02 1 0))))INFO: dtree.c(1439): stop. leaf nodes are specific
INFO: dtree.c(1478): Final simple tree
|( SILENCE 1 2.013e+03 2.468e+02 9.882e+01
|    ( - 7.944e+02 1 0)
|    ( QUESTION11 1 9.720e+02 1.535e+02 5.691e+01
|        ( - 5.307e+02 3 0)
|        ( QUESTION0_10_R 1 2.877e+02 6.596e+01 2.191e+01
|            ( QUESTION0_11_R 1 8.621e+01 3.283e+01 9.000e+00
|                ( - 3.645e+01 1 0)
|                ( - 1.693e+01 1 0))
|            ( - 1.356e+02 1 0))))
s>    ( SILENCE 1 2.013e+03 2.468e+02 9.882e+01
s>        ( - 7.944e+02 1 0)
s>        ( QUESTION11 1 9.720e+02 1.535e+02 5.691e+01
s>            ( - 5.307e+02 3 0)
s>            ( QUESTION0_10_R 1 2.877e+02 6.596e+01 2.191e+01
s>                ( QUESTION0_11_R 1 8.621e+01 3.283e+01 9.000e+00
s>                    ( - 3.645e+01 1 0)
s>                    ( - 1.693e+01 1 0))
s>                ( - 1.356e+02 1 0))))INFO: dtree.c(1315): Comp split 13
INFO: dtree.c(1439): stop. leaf nodes are specific
INFO: dtree.c(1478): Final simple tree
|( QUESTION13 -1 1.453e+03 1.495e+02 8.484e+01
|    ( QUESTION0_1_R 1 1.121e+03 1.202e+02 7.084e+01
|        ( - 2.222e+02 2 0)
|        ( - 7.790e+02 1 0))
|    ( SILENCE -1 1.825e+02 4.463e+01 1.400e+01
|        ( - 1.783e+01 1 0)
|        ( - 1.200e+02 2 0)))
s>    ( QUESTION13 -1 1.453e+03 1.495e+02 8.484e+01
s>        ( QUESTION0_1_R 1 1.121e+03 1.202e+02 7.084e+01
s>            ( - 2.222e+02 2 0)
s>            ( - 7.790e+02 1 0))
s>        ( SILENCE -1 1.825e+02 4.463e+01 1.400e+01
s>            ( - 1.783e+01 1 0)
s>            ( - 1.200e+02 2 0)))INFO: dtree.c(1439): stop. leaf nodes are specific
INFO: dtree.c(1478): Final simple tree
|( QUESTION0_1_R 1 3.034e+03 2.368e+02 1.640e+02
|    ( - 1.748e+03 3 0)
|    ( SILENCE -1 1.049e+03 1.479e+02 6.400e+01
|        ( - 5.930e+02 1 0)
|        ( QUESTION1 -1 3.083e+02 6.879e+01 2.700e+01
|            ( - 1.688e+02 1 0)
|            ( - 7.074e+01 1 0))))
s>    ( QUESTION0_1_R 1 3.034e+03 2.368e+02 1.640e+02
s>        ( - 1.748e+03 3 0)
s>        ( SILENCE -1 1.049e+03 1.479e+02 6.400e+01
s>            ( - 5.930e+02 1 0)
s>            ( QUESTION1 -1 3.083e+02 6.879e+01 2.700e+01
s>                ( - 1.688e+02 1 0)
s>                ( - 7.074e+01 1 0))))INFO: dtree.c(1315): Comp split 14
INFO: dtree.c(1439): stop. leaf nodes are specific
INFO: dtree.c(1478): Final simple tree
|( QUESTION7 -1 1.898e+03 2.217e+02 1.029e+02
|    ( QUESTION0_17_R 1 5.492e+02 3.071e+01 3.691e+01
|        ( - 5.127e+02 1 0)
|        ( - 5.771e+00 1 0))
|    ( QUESTION0_10_R 1 1.127e+03 1.523e+02 6.600e+01
|        ( QUESTION0_15_R 1 5.690e+02 9.379e+01 3.700e+01
|            ( - 2.674e+02 2 0)
|            ( QUESTION1 -1 2.078e+02 5.255e+01 1.600e+01
|                ( - 6.794e+01 2 0)
|                ( - 8.730e+01 1 0)))
|        ( QUESTION1 1 4.055e+02 8.776e+01 2.900e+01
|            ( - 1.393e+02 2 0)
|            ( - 1.785e+02 2 0))))
s>    ( QUESTION7 -1 1.898e+03 2.217e+02 1.029e+02
s>        ( QUESTION0_17_R 1 5.492e+02 3.071e+01 3.691e+01
s>            ( - 5.127e+02 1 0)
s>            ( - 5.771e+00 1 0))
s>        ( QUESTION0_10_R 1 1.127e+03 1.523e+02 6.600e+01
s>            ( QUESTION0_15_R 1 5.690e+02 9.379e+01 3.700e+01
s>                ( - 2.674e+02 2 0)
s>                ( QUESTION1 -1 2.078e+02 5.255e+01 1.600e+01
s>                    ( - 6.794e+01 2 0)
s>                    ( - 8.730e+01 1 0)))
s>            ( QUESTION1 1 4.055e+02 8.776e+01 2.900e+01
s>                ( - 1.393e+02 2 0)
s>                ( - 1.785e+02 2 0))))INFO: dtree.c(1439): stop. leaf nodes are specific
INFO: dtree.c(1478): Final simple tree
|( QUESTION2_7_L -1 2.436e+03 2.378e+02 1.363e+02
|    ( QUESTION0_10_R 1 1.468e+03 1.170e+02 9.057e+01
|        ( - 1.826e+02 1 0)
|        ( - 1.169e+03 4 0))
|    ( QUESTION1 -1 7.303e+02 9.474e+01 4.576e+01
|        ( - 5.073e+02 2 0)
|        ( - 1.282e+02 1 0)))
s>    ( QUESTION2_7_L -1 2.436e+03 2.378e+02 1.363e+02
s>        ( QUESTION0_10_R 1 1.468e+03 1.170e+02 9.057e+01
s>            ( - 1.826e+02 1 0)
s>            ( - 1.169e+03 4 0))
s>        ( QUESTION1 -1 7.303e+02 9.474e+01 4.576e+01
s>            ( - 5.073e+02 2 0)
s>            ( - 1.282e+02 1 0)))INFO: dtree.c(1315): Comp split 15
INFO: dtree.c(1439): stop. leaf nodes are specific
INFO: dtree.c(1478): Final simple tree
|( QUESTION0_0_R 1 2.263e+03 1.306e+02 1.267e+02
|    ( - 1.755e+02 1 0)
|    ( - 1.957e+03 2 0))
s>    ( QUESTION0_0_R 1 2.263e+03 1.306e+02 1.267e+02
s>        ( - 1.755e+02 1 0)
s>        ( - 1.957e+03 2 0))INFO: dtree.c(1439): stop. leaf nodes are specific
INFO: dtree.c(1478): Final simple tree
|( QUESTION0_12_R 1 1.450e+03 1.594e+02 8.900e+01
|    ( QUESTION2 -1 5.938e+02 8.824e+01 4.100e+01
|        ( - 3.361e+02 1 0)
|        ( QUESTION8 -1 1.694e+02 4.165e+01 1.400e+01
|            ( - 5.007e+01 1 0)
|            ( - 7.771e+01 1 0)))
|    ( SILENCE -1 6.964e+02 1.080e+02 4.800e+01
|        ( - 1.857e+02 1 0)
|        ( QUESTION0_0_R 1 4.028e+02 7.524e+01 3.100e+01
|            ( - 1.660e+02 1 0)
|            ( - 1.615e+02 1 0))))
s>    ( QUESTION0_12_R 1 1.450e+03 1.594e+02 8.900e+01
s>        ( QUESTION2 -1 5.938e+02 8.824e+01 4.100e+01
s>            ( - 3.361e+02 1 0)
s>            ( QUESTION8 -1 1.694e+02 4.165e+01 1.400e+01
s>                ( - 5.007e+01 1 0)
s>                ( - 7.771e+01 1 0)))
s>        ( SILENCE -1 6.964e+02 1.080e+02 4.800e+01
s>            ( - 1.857e+02 1 0)
s>            ( QUESTION0_0_R 1 4.028e+02 7.524e+01 3.100e+01
s>                ( - 1.660e+02 1 0)
s>                ( - 1.615e+02 1 0))))INFO: dtree.c(1315): Comp split 16
INFO: dtree.c(1439): stop. leaf nodes are specific
INFO: dtree.c(1478): Final simple tree
|( QUESTION0_0_R 1 1.686e+03 1.974e+02 9.967e+01
|    ( - 3.637e+02 1 0)
|    ( - 1.125e+03 2 0))
s>    ( QUESTION0_0_R 1 1.686e+03 1.974e+02 9.967e+01
s>        ( - 3.637e+02 1 0)
s>        ( - 1.125e+03 2 0))INFO: dtree.c(1439): stop. leaf nodes are specific
INFO: dtree.c(1478): Final simple tree
|( QUESTION0_0_R 1 1.838e+03 1.780e+02 1.060e+02
|    ( - 1.255e+03 1 0)
|    ( - 4.052e+02 1 0))
s>    ( QUESTION0_0_R 1 1.838e+03 1.780e+02 1.060e+02
s>        ( - 1.255e+03 1 0)
s>        ( - 4.052e+02 1 0))INFO: dtree.c(1315): Comp split 17
INFO: dtree.c(1439): stop. leaf nodes are specific
INFO: dtree.c(1478): Final simple tree
|( QUESTION11 1 1.023e+03 1.412e+02 5.588e+01
|    ( - 4.833e+02 2 0)
|    ( QUESTION7 1 3.985e+02 8.494e+01 2.591e+01
|        ( QUESTION2 -1 1.156e+02 3.107e+01 1.200e+01
|            ( - 6.456e+01 1 0)
|            ( - 1.994e+01 1 0))
|        ( WDBNDRY_S 0 1.980e+02 5.445e+01 1.391e+01
|            ( - 3.919e+01 1 0)
|            ( QUESTION2_14_L -1 1.044e+02 3.353e+01 9.000e+00
|                ( - 1.746e+01 1 0)
|                ( - 5.338e+01 1 0)))))
s>    ( QUESTION11 1 1.023e+03 1.412e+02 5.588e+01
s>        ( - 4.833e+02 2 0)
s>        ( QUESTION7 1 3.985e+02 8.494e+01 2.591e+01
s>            ( QUESTION2 -1 1.156e+02 3.107e+01 1.200e+01
s>                ( - 6.456e+01 1 0)
s>                ( - 1.994e+01 1 0))
s>            ( WDBNDRY_S 0 1.980e+02 5.445e+01 1.391e+01
s>                ( - 3.919e+01 1 0)
s>                ( QUESTION2_14_L -1 1.044e+02 3.353e+01 9.000e+00
s>                    ( - 1.746e+01 1 0)
s>                    ( - 5.338e+01 1 0)))))INFO: dtree.c(1439): stop. leaf nodes are specific
INFO: dtree.c(1478): Final simple tree
|( QUESTION11 -1 8.545e+02 1.423e+02 5.100e+01
|    ( - 2.765e+02 2 0)
|    ( QUESTION0_17_R 1 4.356e+02 9.281e+01 2.800e+01
|        ( QUESTION0_18_R 1 1.139e+02 3.759e+01 1.000e+01
|            ( - 5.162e+01 1 0)
|            ( - 2.471e+01 1 0))
|        ( SILENCE -1 2.289e+02 5.446e+01 1.800e+01
|            ( - 1.130e+02 1 0)
|            ( - 6.144e+01 1 0))))
s>    ( QUESTION11 -1 8.545e+02 1.423e+02 5.100e+01
s>        ( - 2.765e+02 2 0)
s>        ( QUESTION0_17_R 1 4.356e+02 9.281e+01 2.800e+01
s>            ( QUESTION0_18_R 1 1.139e+02 3.759e+01 1.000e+01
s>                ( - 5.162e+01 1 0)
s>                ( - 2.471e+01 1 0))
s>            ( SILENCE -1 2.289e+02 5.446e+01 1.800e+01
s>                ( - 1.130e+02 1 0)
s>                ( - 6.144e+01 1 0))))INFO: dtree.c(1315): Comp split 18
INFO: dtree.c(1439): stop. leaf nodes are specific
INFO: dtree.c(1478): Final simple tree
|( QUESTION0_10_R 1 2.966e+03 8.125e+01 1.658e+02
|    ( - 2.799e+03 2 0)
|    ( - 8.605e+01 1 0))
s>    ( QUESTION0_10_R 1 2.966e+03 8.125e+01 1.658e+02
s>        ( - 2.799e+03 2 0)
s>        ( - 8.605e+01 1 0))INFO: dtree.c(1439): stop. leaf nodes are specific
INFO: dtree.c(1478): Final simple tree
|( QUESTION14 1 1.942e+03 1.692e+02 1.081e+02
|    ( - 4.789e+02 2 0)
|    ( QUESTION0_14_R 1 1.294e+03 1.431e+02 7.513e+01
|        ( - 5.460e+02 1 0)
|        ( SILENCE 1 6.049e+02 9.485e+01 3.900e+01
|            ( - 3.877e+02 2 0)
|            ( - 1.223e+02 1 0))))
s>    ( QUESTION14 1 1.942e+03 1.692e+02 1.081e+02
s>        ( - 4.789e+02 2 0)
s>        ( QUESTION0_14_R 1 1.294e+03 1.431e+02 7.513e+01
s>            ( - 5.460e+02 1 0)
s>            ( SILENCE 1 6.049e+02 9.485e+01 3.900e+01
s>                ( - 3.877e+02 2 0)
s>                ( - 1.223e+02 1 0))))INFO: dtree.c(1315): Comp split 19
INFO: dtree.c(1439): stop. leaf nodes are specific
INFO: dtree.c(1478): Final simple tree
|( QUESTION12 -1 9.000e+02 1.391e+02 6.003e+01
|    ( QUESTION0_10_R 1 4.108e+02 6.018e+01 3.300e+01
|        ( - 3.034e+02 2 0)
|        ( - 4.721e+01 1 0))
|    ( QUESTION0_15_R 1 3.501e+02 9.747e+01 2.703e+01
|        ( - 1.687e+02 1 0)
|        ( - 8.397e+01 1 0)))
s>    ( QUESTION12 -1 9.000e+02 1.391e+02 6.003e+01
s>        ( QUESTION0_10_R 1 4.108e+02 6.018e+01 3.300e+01
s>            ( - 3.034e+02 2 0)
s>            ( - 4.721e+01 1 0))
s>        ( QUESTION0_15_R 1 3.501e+02 9.747e+01 2.703e+01
s>            ( - 1.687e+02 1 0)
s>            ( - 8.397e+01 1 0)))INFO: dtree.c(1439): stop. leaf nodes are specific
INFO: dtree.c(1478): Final simple tree
|( QUESTION0_16_R 1 8.155e+02 1.484e+02 5.200e+01
|    ( - 4.060e+02 1 0)
|    ( QUESTION0_10_R 1 2.611e+02 7.146e+01 2.400e+01
|        ( - 1.133e+02 1 0)
|        ( - 7.638e+01 1 0)))
s>    ( QUESTION0_16_R 1 8.155e+02 1.484e+02 5.200e+01
s>        ( - 4.060e+02 1 0)
s>        ( QUESTION0_10_R 1 2.611e+02 7.146e+01 2.400e+01
s>            ( - 1.133e+02 1 0)
s>            ( - 7.638e+01 1 0)))INFO: dtree.c(1315): Comp split 20
INFO: dtree.c(1439): stop. leaf nodes are specific
INFO: dtree.c(1478): Final simple tree
|( QUESTION14 -1 1.869e+03 1.601e+02 1.075e+02
|    ( - 1.151e+03 2 0)
|    ( QUESTION0_0_R 1 5.573e+02 1.107e+02 3.717e+01
|        ( - 2.802e+02 2 0)
|        ( - 1.664e+02 1 0)))
s>    ( QUESTION14 -1 1.869e+03 1.601e+02 1.075e+02
s>        ( - 1.151e+03 2 0)
s>        ( QUESTION0_0_R 1 5.573e+02 1.107e+02 3.717e+01
s>            ( - 2.802e+02 2 0)
s>            ( - 1.664e+02 1 0)))INFO: dtree.c(1439): stop. leaf nodes are specific
INFO: dtree.c(1478): Final simple tree
|( QUESTION0_13_R 1 1.614e+03 1.413e+02 8.884e+01
|    ( - 1.215e+03 1 0)
|    ( QUESTION0_0_R 1 2.583e+02 7.122e+01 2.100e+01
|        ( - 7.690e+01 1 0)
|        ( - 1.101e+02 1 0)))
s>    ( QUESTION0_13_R 1 1.614e+03 1.413e+02 8.884e+01
s>        ( - 1.215e+03 1 0)
s>        ( QUESTION0_0_R 1 2.583e+02 7.122e+01 2.100e+01
s>            ( - 7.690e+01 1 0)
s>            ( - 1.101e+02 1 0)))INFO: dtree.c(1315): Comp split 21
INFO: dtree.c(1439): stop. leaf nodes are specific
INFO: dtree.c(1478): Final simple tree
|( SILENCE -1 1.452e+03 1.508e+02 9.114e+01
|    ( - 9.128e+02 1 0)
|    ( QUESTION0_17_R 1 3.879e+02 6.857e+01 3.100e+01
|        ( - 1.110e+02 1 0)
|        ( - 2.083e+02 1 0)))
s>    ( SILENCE -1 1.452e+03 1.508e+02 9.114e+01
s>        ( - 9.128e+02 1 0)
s>        ( QUESTION0_17_R 1 3.879e+02 6.857e+01 3.100e+01
s>            ( - 1.110e+02 1 0)
s>            ( - 2.083e+02 1 0)))INFO: dtree.c(1439): stop. leaf nodes are specific
INFO: dtree.c(1478): Final simple tree
|( QUESTION0_15_R 1 1.674e+03 9.167e+01 9.691e+01
|    ( - 1.498e+03 3 0)
|    ( - 8.424e+01 1 0))
s>    ( QUESTION0_15_R 1 1.674e+03 9.167e+01 9.691e+01
s>        ( - 1.498e+03 3 0)
s>        ( - 8.424e+01 1 0))INFO: dtree.c(1315): Comp split 22
INFO: dtree.c(1439): stop. leaf nodes are specific
INFO: dtree.c(1478): Final simple tree
|( SILENCE 1 8.621e+02 5.078e+01 4.492e+01
|    ( - 7.944e+02 1 0)
|    ( - 1.693e+01 1 0))
s>    ( SILENCE 1 8.621e+02 5.078e+01 4.492e+01
s>        ( - 7.944e+02 1 0)
s>        ( - 1.693e+01 1 0))INFO: dtree.c(1439): stop. leaf nodes are specific
INFO: dtree.c(1478): Final simple tree
|( QUESTION10 1 8.962e+02 1.444e+02 5.391e+01
|    ( - 5.307e+02 3 0)
|    ( QUESTION0_10_R 1 2.210e+02 4.899e+01 1.891e+01
|        ( - 3.645e+01 1 0)
|        ( - 1.356e+02 1 0)))
s>    ( QUESTION10 1 8.962e+02 1.444e+02 5.391e+01
s>        ( - 5.307e+02 3 0)
s>        ( QUESTION0_10_R 1 2.210e+02 4.899e+01 1.891e+01
s>            ( - 3.645e+01 1 0)
s>            ( - 1.356e+02 1 0)))INFO: dtree.c(1315): Comp split 23
INFO: dtree.c(1439): stop. leaf nodes are specific
INFO: dtree.c(1478): Final simple tree
|( QUESTION0_15_R 1 8.580e+02 1.159e+02 5.300e+01
|    ( - 2.674e+02 2 0)
|    ( QUESTION0_10_R 1 4.746e+02 8.838e+01 3.200e+01
|        ( QUESTION1 -1 2.078e+02 5.255e+01 1.600e+01
|            ( - 6.794e+01 2 0)
|            ( - 8.730e+01 1 0))
|        ( - 1.785e+02 2 0)))
s>    ( QUESTION0_15_R 1 8.580e+02 1.159e+02 5.300e+01
s>        ( - 2.674e+02 2 0)
s>        ( QUESTION0_10_R 1 4.746e+02 8.838e+01 3.200e+01
s>            ( QUESTION1 -1 2.078e+02 5.255e+01 1.600e+01
s>                ( - 6.794e+01 2 0)
s>                ( - 8.730e+01 1 0))
s>            ( - 1.785e+02 2 0)))INFO: dtree.c(1439): stop. leaf nodes are specific
INFO: dtree.c(1478): Final simple tree
|( QUESTION0_10_R 1 7.900e+02 1.016e+02 4.991e+01
|    ( QUESTION0_17_R 1 5.492e+02 3.071e+01 3.691e+01
|        ( - 5.127e+02 1 0)
|        ( - 5.771e+00 1 0))
|    ( - 1.393e+02 2 0))
s>    ( QUESTION0_10_R 1 7.900e+02 1.016e+02 4.991e+01
s>        ( QUESTION0_17_R 1 5.492e+02 3.071e+01 3.691e+01
s>            ( - 5.127e+02 1 0)
s>            ( - 5.771e+00 1 0))
s>        ( - 1.393e+02 2 0))INFO: dtree.c(1315): Comp split 24
INFO: dtree.c(1439): stop. leaf nodes are specific
INFO: dtree.c(1478): Final simple tree
|( QUESTION12 -1 1.443e+03 1.650e+02 8.600e+01
|    ( - 6.803e+02 1 0)
|    ( QUESTION0_12_R 1 5.975e+02 9.971e+01 4.100e+01
|        ( - 3.470e+02 2 0)
|        ( - 1.507e+02 1 0)))
s>    ( QUESTION12 -1 1.443e+03 1.650e+02 8.600e+01
s>        ( - 6.803e+02 1 0)
s>        ( QUESTION0_12_R 1 5.975e+02 9.971e+01 4.100e+01
s>            ( - 3.470e+02 2 0)
s>            ( - 1.507e+02 1 0)))INFO: dtree.c(1315): Comp split 25
INFO: dtree.c(1439): stop. leaf nodes are specific
INFO: dtree.c(1478): Final simple tree
|( QUESTION1 -1 7.303e+02 9.474e+01 4.576e+01
|    ( - 5.073e+02 2 0)
|    ( - 1.282e+02 1 0))
s>    ( QUESTION1 -1 7.303e+02 9.474e+01 4.576e+01
s>        ( - 5.073e+02 2 0)
s>        ( - 1.282e+02 1 0))INFO: dtree.c(1439): stop. leaf nodes are specific
INFO: dtree.c(1478): Final simple tree
|( QUESTION0_10_R 1 1.468e+03 1.170e+02 9.057e+01
|    ( - 1.826e+02 1 0)
|    ( - 1.169e+03 4 0))
s>    ( QUESTION0_10_R 1 1.468e+03 1.170e+02 9.057e+01
s>        ( - 1.826e+02 1 0)
s>        ( - 1.169e+03 4 0))INFO: dtree.c(1315): Comp split 26
INFO: dtree.c(1439): stop. leaf nodes are specific
INFO: dtree.c(1478): Final simple tree
|( SILENCE -1 1.049e+03 1.479e+02 6.400e+01
|    ( - 5.930e+02 1 0)
|    ( QUESTION1 -1 3.083e+02 6.879e+01 2.700e+01
|        ( - 1.688e+02 1 0)
|        ( - 7.074e+01 1 0)))
s>    ( SILENCE -1 1.049e+03 1.479e+02 6.400e+01
s>        ( - 5.930e+02 1 0)
s>        ( QUESTION1 -1 3.083e+02 6.879e+01 2.700e+01
s>            ( - 1.688e+02 1 0)
s>            ( - 7.074e+01 1 0)))INFO: dtree.c(1315): Comp split 27
INFO: dtree.c(1439): stop. leaf nodes are specific
INFO: dtree.c(1478): Final simple tree
|( WDBNDRY_E 0 1.178e+03 1.129e+02 7.518e+01
|    ( - 8.902e+02 1 0)
|    ( - 1.745e+02 1 0))
s>    ( WDBNDRY_E 0 1.178e+03 1.129e+02 7.518e+01
s>        ( - 8.902e+02 1 0)
s>        ( - 1.745e+02 1 0))INFO: dtree.c(1315): Comp split 28
INFO: dtree.c(1439): stop. leaf nodes are specific
INFO: dtree.c(1478): Final simple tree
|( QUESTION14 1 7.506e+02 1.014e+02 5.000e+01
|    ( - 1.242e+02 1 0)
|    ( QUESTION0_0_R 1 5.250e+02 8.037e+01 3.800e+01
|        ( - 2.413e+02 1 0)
|        ( - 2.034e+02 1 0)))
s>    ( QUESTION14 1 7.506e+02 1.014e+02 5.000e+01
s>        ( - 1.242e+02 1 0)
s>        ( QUESTION0_0_R 1 5.250e+02 8.037e+01 3.800e+01
s>            ( - 2.413e+02 1 0)
s>            ( - 2.034e+02 1 0)))INFO: dtree.c(1439): stop. leaf nodes are specific
INFO: dtree.c(1478): Final simple tree
|( QUESTION0_13_R 1 8.979e+02 1.174e+02 5.400e+01
|    ( - 6.297e+02 2 0)
|    ( SILENCE 1 1.507e+02 4.416e+01 1.200e+01
|        ( - 4.574e+01 1 0)
|        ( - 6.084e+01 1 0)))
s>    ( QUESTION0_13_R 1 8.979e+02 1.174e+02 5.400e+01
s>        ( - 6.297e+02 2 0)
s>        ( SILENCE 1 1.507e+02 4.416e+01 1.200e+01
s>            ( - 4.574e+01 1 0)
s>            ( - 6.084e+01 1 0)))INFO: dtree.c(1315): Comp split 29
INFO: dtree.c(1439): stop. leaf nodes are specific
INFO: dtree.c(1478): Final simple tree
|( QUESTION1 -1 5.650e+02 9.847e+01 3.900e+01
|    ( - 2.517e+02 1 0)
|    ( SILENCE 1 2.148e+02 5.000e+01 1.800e+01
|        ( - 5.073e+01 1 0)
|        ( - 1.141e+02 1 0)))
s>    ( QUESTION1 -1 5.650e+02 9.847e+01 3.900e+01
s>        ( - 2.517e+02 1 0)
s>        ( SILENCE 1 2.148e+02 5.000e+01 1.800e+01
s>            ( - 5.073e+01 1 0)
s>            ( - 1.141e+02 1 0)))INFO: dtree.c(1439): stop. leaf nodes are specific
INFO: dtree.c(1478): Final simple tree
|( QUESTION2 -1 5.882e+02 6.808e+01 3.798e+01
|    ( - 5.598e+01 1 0)
|    ( SILENCE 1 4.641e+02 6.494e+01 3.098e+01
|        ( - 3.661e+02 1 0)
|        ( - 3.308e+01 1 0)))
s>    ( QUESTION2 -1 5.882e+02 6.808e+01 3.798e+01
s>        ( - 5.598e+01 1 0)
s>        ( SILENCE 1 4.641e+02 6.494e+01 3.098e+01
s>            ( - 3.661e+02 1 0)
s>            ( - 3.308e+01 1 0)))INFO: dtree.c(1315): Comp split 30
INFO: dtree.c(1315): Comp split 31
INFO: dtree.c(1439): stop. leaf nodes are specific
INFO: dtree.c(1478): Final simple tree
|( SILENCE 1 6.049e+02 9.485e+01 3.900e+01
|    ( - 3.877e+02 2 0)
|    ( - 1.223e+02 1 0))
s>    ( SILENCE 1 6.049e+02 9.485e+01 3.900e+01
s>        ( - 3.877e+02 2 0)
s>        ( - 1.223e+02 1 0))INFO: dtree.c(1439): stop. leaf nodes are specific
INFO: dtree.c(1478): Final simple tree
|( QUESTION0_11_R 1 1.158e+03 1.327e+02 6.913e+01
|    ( - 4.789e+02 2 0)
|    ( - 5.460e+02 1 0))
s>    ( QUESTION0_11_R 1 1.158e+03 1.327e+02 6.913e+01
s>        ( - 4.789e+02 2 0)
s>        ( - 5.460e+02 1 0))INFO: dtree.c(1315): Comp split 32
INFO: dtree.c(1315): Comp split 33
INFO: dtree.c(1439): stop. leaf nodes are specific
INFO: dtree.c(1478): Final simple tree
|( QUESTION0_1_R 1 4.970e+02 9.232e+01 3.097e+01
|    ( - 2.222e+02 2 0)
|    ( SILENCE -1 1.825e+02 4.463e+01 1.400e+01
|        ( - 1.783e+01 1 0)
|        ( - 1.200e+02 2 0)))
s>    ( QUESTION0_1_R 1 4.970e+02 9.232e+01 3.097e+01
s>        ( - 2.222e+02 2 0)
s>        ( SILENCE -1 1.825e+02 4.463e+01 1.400e+01
s>            ( - 1.783e+01 1 0)
s>            ( - 1.200e+02 2 0)))INFO: dtree.c(1315): Comp split 34
INFO: dtree.c(1439): stop. leaf nodes are specific
INFO: dtree.c(1478): Final simple tree
|( QUESTION0_12_R 1 6.799e+02 1.077e+02 4.500e+01
|    ( QUESTION8 -1 1.694e+02 4.165e+01 1.400e+01
|        ( - 5.007e+01 1 0)
|        ( - 7.771e+01 1 0))
|    ( QUESTION0_0_R 1 4.028e+02 7.524e+01 3.100e+01
|        ( - 1.660e+02 1 0)
|        ( - 1.615e+02 1 0)))
s>    ( QUESTION0_12_R 1 6.799e+02 1.077e+02 4.500e+01
s>        ( QUESTION8 -1 1.694e+02 4.165e+01 1.400e+01
s>            ( - 5.007e+01 1 0)
s>            ( - 7.771e+01 1 0))
s>        ( QUESTION0_0_R 1 4.028e+02 7.524e+01 3.100e+01
s>            ( - 1.660e+02 1 0)
s>            ( - 1.615e+02 1 0)))INFO: dtree.c(1439): stop. leaf nodes are specific
INFO: dtree.c(1478): Final simple tree
|( SILENCE -1 6.036e+02 8.173e+01 4.400e+01
|    ( - 1.857e+02 1 0)
|    ( - 3.361e+02 1 0))
s>    ( SILENCE -1 6.036e+02 8.173e+01 4.400e+01
s>        ( - 1.857e+02 1 0)
s>        ( - 3.361e+02 1 0))INFO: dtree.c(1315): Comp split 35
INFO: dtree.c(1439): stop. leaf nodes are specific
INFO: dtree.c(1478): Final simple tree
|( QUESTION0_12_R 1 5.975e+02 9.971e+01 4.100e+01
|    ( - 3.470e+02 2 0)
|    ( - 1.507e+02 1 0))
s>    ( QUESTION0_12_R 1 5.975e+02 9.971e+01 4.100e+01
s>        ( - 3.470e+02 2 0)
s>        ( - 1.507e+02 1 0))INFO: dtree.c(1315): Comp split 36
INFO: dtree.c(1439): stop. leaf nodes are specific
INFO: dtree.c(1478): Final simple tree
|( QUESTION0_0_R 1 5.573e+02 1.107e+02 3.717e+01
|    ( - 2.802e+02 2 0)
|    ( - 1.664e+02 1 0))
s>    ( QUESTION0_0_R 1 5.573e+02 1.107e+02 3.717e+01
s>        ( - 2.802e+02 2 0)
s>        ( - 1.664e+02 1 0))INFO: dtree.c(1315): Comp split 37
INFO: dtree.c(1439): stop. leaf nodes are specific
INFO: dtree.c(1478): Final simple tree
|( SILENCE -1 3.577e+02 7.745e+01 2.400e+01
|    ( - 1.130e+02 1 0)
|    ( QUESTION0_17_R 1 1.673e+02 5.425e+01 1.400e+01
|        ( - 5.162e+01 1 0)
|        ( - 6.144e+01 1 0)))
s>    ( SILENCE -1 3.577e+02 7.745e+01 2.400e+01
s>        ( - 1.130e+02 1 0)
s>        ( QUESTION0_17_R 1 1.673e+02 5.425e+01 1.400e+01
s>            ( - 5.162e+01 1 0)
s>            ( - 6.144e+01 1 0)))INFO: dtree.c(1439): stop. leaf nodes are specific
INFO: dtree.c(1478): Final simple tree
|( QUESTION0_10_R 1 3.450e+02 4.381e+01 2.700e+01
|    ( - 2.471e+01 1 0)
|    ( - 2.765e+02 2 0))
s>    ( QUESTION0_10_R 1 3.450e+02 4.381e+01 2.700e+01
s>        ( - 2.471e+01 1 0)
s>        ( - 2.765e+02 2 0))INFO: dtree.c(1315): Comp split 38
INFO: dtree.c(1439): stop. leaf nodes are specific
INFO: dtree.c(1478): Final simple tree
|( QUESTION0_17_R 1 3.879e+02 6.857e+01 3.100e+01
|    ( - 1.110e+02 1 0)
|    ( - 2.083e+02 1 0))
s>    ( QUESTION0_17_R 1 3.879e+02 6.857e+01 3.100e+01
s>        ( - 1.110e+02 1 0)
s>        ( - 2.083e+02 1 0))INFO: dtree.c(1315): Comp split 39
INFO: dtree.c(1439): stop. leaf nodes are specific
INFO: dtree.c(1478): Final simple tree
|( QUESTION0_10_R 1 2.611e+02 7.146e+01 2.400e+01
|    ( - 1.133e+02 1 0)
|    ( - 7.638e+01 1 0))
s>    ( QUESTION0_10_R 1 2.611e+02 7.146e+01 2.400e+01
s>        ( - 1.133e+02 1 0)
s>        ( - 7.638e+01 1 0))INFO: dtree.c(1315): Comp split 40
INFO: dtree.c(1439): stop. leaf nodes are specific
INFO: dtree.c(1478): Final simple tree
|( QUESTION1 -1 3.083e+02 6.879e+01 2.700e+01
|    ( - 1.688e+02 1 0)
|    ( - 7.074e+01 1 0))
s>    ( QUESTION1 -1 3.083e+02 6.879e+01 2.700e+01
s>        ( - 1.688e+02 1 0)
s>        ( - 7.074e+01 1 0))INFO: dtree.c(1315): Comp split 41
INFO: dtree.c(1439): stop. leaf nodes are specific
INFO: dtree.c(1478): Final simple tree
|( WDBNDRY_S 0 3.305e+02 7.585e+01 2.191e+01
|    ( QUESTION1 1 1.503e+02 4.657e+01 1.291e+01
|        ( - 6.456e+01 1 0)
|        ( - 3.919e+01 1 0))
|    ( QUESTION2_14_L -1 1.044e+02 3.353e+01 9.000e+00
|        ( - 1.746e+01 1 0)
|        ( - 5.338e+01 1 0)))
s>    ( WDBNDRY_S 0 3.305e+02 7.585e+01 2.191e+01
s>        ( QUESTION1 1 1.503e+02 4.657e+01 1.291e+01
s>            ( - 6.456e+01 1 0)
s>            ( - 3.919e+01 1 0))
s>        ( QUESTION2_14_L -1 1.044e+02 3.353e+01 9.000e+00
s>            ( - 1.746e+01 1 0)
s>            ( - 5.338e+01 1 0)))INFO: dtree.c(1439): stop. leaf nodes are specific
INFO: dtree.c(1478): Final simple tree
|( QUESTION1 1 5.471e+02 4.377e+01 3.397e+01
|    ( - 1.994e+01 1 0)
|    ( - 4.833e+02 2 0))
s>    ( QUESTION1 1 5.471e+02 4.377e+01 3.397e+01
s>        ( - 1.994e+01 1 0)
s>        ( - 4.833e+02 2 0))INFO: dtree.c(1315): Comp split 42
INFO: dtree.c(1439): stop. leaf nodes are specific
INFO: dtree.c(1478): Final simple tree
|( QUESTION0_10_R 1 2.210e+02 4.899e+01 1.891e+01
|    ( - 3.645e+01 1 0)
|    ( - 1.356e+02 1 0))
s>    ( QUESTION0_10_R 1 2.210e+02 4.899e+01 1.891e+01
s>        ( - 3.645e+01 1 0)
s>        ( - 1.356e+02 1 0))INFO: dtree.c(1315): Comp split 43
INFO: dtree.c(1439): stop. leaf nodes are specific
INFO: dtree.c(1478): Final simple tree
|( QUESTION0_10_R 1 2.709e+02 5.504e+01 2.300e+01
|    ( - 1.687e+02 1 0)
|    ( - 4.721e+01 1 0))
s>    ( QUESTION0_10_R 1 2.709e+02 5.504e+01 2.300e+01
s>        ( - 1.687e+02 1 0)
s>        ( - 4.721e+01 1 0))INFO: dtree.c(1439): stop. leaf nodes are specific
INFO: dtree.c(1478): Final simple tree
|( QUESTION0_15_R 1 4.852e+02 9.784e+01 3.703e+01
|    ( - 3.034e+02 2 0)
|    ( - 8.397e+01 1 0))
s>    ( QUESTION0_15_R 1 4.852e+02 9.784e+01 3.703e+01
s>        ( - 3.034e+02 2 0)
s>        ( - 8.397e+01 1 0))INFO: dtree.c(1315): Comp split 44
INFO: dtree.c(1439): stop. leaf nodes are specific
INFO: dtree.c(1478): Final simple tree
|( QUESTION0_0_R 1 2.583e+02 7.122e+01 2.100e+01
|    ( - 7.690e+01 1 0)
|    ( - 1.101e+02 1 0))
s>    ( QUESTION0_0_R 1 2.583e+02 7.122e+01 2.100e+01
s>        ( - 7.690e+01 1 0)
s>        ( - 1.101e+02 1 0))INFO: dtree.c(1315): Comp split 45
INFO: dtree.c(1315): Comp split 46
INFO: dtree.c(1315): Comp split 47
INFO: dtree.c(1439): stop. leaf nodes are specific
INFO: dtree.c(1478): Final simple tree
|( QUESTION0_10_R 1 3.112e+02 6.476e+01 2.300e+01
|    ( - 6.794e+01 2 0)
|    ( - 1.785e+02 2 0))
s>    ( QUESTION0_10_R 1 3.112e+02 6.476e+01 2.300e+01
s>        ( - 6.794e+01 2 0)
s>        ( - 1.785e+02 2 0))INFO: dtree.c(1439): stop. leaf nodes are specific
INFO: dtree.c(1478): Final simple tree
|( QUESTION0_15_R 1 4.244e+02 6.974e+01 3.000e+01
|    ( - 2.674e+02 2 0)
|    ( - 8.730e+01 1 0))
s>    ( QUESTION0_15_R 1 4.244e+02 6.974e+01 3.000e+01
s>        ( - 2.674e+02 2 0)
s>        ( - 8.730e+01 1 0))INFO: dtree.c(1315): Comp split 48
INFO: dtree.c(1439): stop. leaf nodes are specific
INFO: dtree.c(1478): Final simple tree
|( SILENCE 1 1.507e+02 4.416e+01 1.200e+01
|    ( - 4.574e+01 1 0)
|    ( - 6.084e+01 1 0))
s>    ( SILENCE 1 1.507e+02 4.416e+01 1.200e+01
s>        ( - 4.574e+01 1 0)
s>        ( - 6.084e+01 1 0))INFO: dtree.c(1315): Comp split 49
INFO: dtree.c(1315): Comp split 50
INFO: dtree.c(1315): Comp split 51
INFO: dtree.c(1315): Comp split 52
INFO: dtree.c(1439): stop. leaf nodes are specific
INFO: dtree.c(1478): Final simple tree
|( QUESTION0_0_R 1 4.028e+02 7.524e+01 3.100e+01
|    ( - 1.660e+02 1 0)
|    ( - 1.615e+02 1 0))
s>    ( QUESTION0_0_R 1 4.028e+02 7.524e+01 3.100e+01
s>        ( - 1.660e+02 1 0)
s>        ( - 1.615e+02 1 0))INFO: dtree.c(1439): stop. leaf nodes are specific
INFO: dtree.c(1478): Final simple tree
|( QUESTION8 -1 1.694e+02 4.165e+01 1.400e+01
|    ( - 5.007e+01 1 0)
|    ( - 7.771e+01 1 0))
s>    ( QUESTION8 -1 1.694e+02 4.165e+01 1.400e+01
s>        ( - 5.007e+01 1 0)
s>        ( - 7.771e+01 1 0))INFO: dtree.c(1315): Comp split 53
INFO: dtree.c(1439): stop. leaf nodes are specific
INFO: dtree.c(1478): Final simple tree
|( QUESTION0_17_R 1 5.492e+02 3.071e+01 3.691e+01
|    ( - 5.127e+02 1 0)
|    ( - 5.771e+00 1 0))
s>    ( QUESTION0_17_R 1 5.492e+02 3.071e+01 3.691e+01
s>        ( - 5.127e+02 1 0)
s>        ( - 5.771e+00 1 0))INFO: dtree.c(1315): Comp split 54
INFO: dtree.c(1439): stop. leaf nodes are specific
INFO: dtree.c(1478): Final simple tree
|( QUESTION0_0_R 1 5.250e+02 8.037e+01 3.800e+01
|    ( - 2.413e+02 1 0)
|    ( - 2.034e+02 1 0))
s>    ( QUESTION0_0_R 1 5.250e+02 8.037e+01 3.800e+01
s>        ( - 2.413e+02 1 0)
s>        ( - 2.034e+02 1 0))INFO: dtree.c(1315): Comp split 55
INFO: dtree.c(1439): stop. leaf nodes are specific
INFO: dtree.c(1478): Final simple tree
|( SILENCE 1 1.211e+02 3.207e+01 1.200e+01
|    ( - 5.598e+01 1 0)
|    ( - 3.308e+01 1 0))
s>    ( SILENCE 1 1.211e+02 3.207e+01 1.200e+01
s>        ( - 5.598e+01 1 0)
s>        ( - 3.308e+01 1 0))INFO: dtree.c(1315): Comp split 56
INFO: dtree.c(1315): Comp split 57
INFO: dtree.c(1439): stop. leaf nodes are specific
INFO: dtree.c(1478): Final simple tree
|( SILENCE 1 2.148e+02 5.000e+01 1.800e+01
|    ( - 5.073e+01 1 0)
|    ( - 1.141e+02 1 0))
s>    ( SILENCE 1 2.148e+02 5.000e+01 1.800e+01
s>        ( - 5.073e+01 1 0)
s>        ( - 1.141e+02 1 0))INFO: dtree.c(1315): Comp split 58
INFO: dtree.c(1315): Comp split 59
INFO: dtree.c(1315): Comp split 60
INFO: dtree.c(1315): Comp split 61
INFO: dtree.c(1439): stop. leaf nodes are specific
INFO: dtree.c(1478): Final simple tree
|( SILENCE -1 1.825e+02 4.463e+01 1.400e+01
|    ( - 1.783e+01 1 0)
|    ( - 1.200e+02 2 0))
s>    ( SILENCE -1 1.825e+02 4.463e+01 1.400e+01
s>        ( - 1.783e+01 1 0)
s>        ( - 1.200e+02 2 0))INFO: dtree.c(1315): Comp split 62
INFO: dtree.c(1315): Comp split 63
INFO: dtree.c(1315): Comp split 64
INFO: dtree.c(1315): Comp split 65
INFO: dtree.c(1315): Comp split 66
INFO: dtree.c(1439): stop. leaf nodes are specific
INFO: dtree.c(1478): Final simple tree
|( WDBNDRY_S 0 8.620e+01 2.955e+01 7.911e+00
|    ( - 3.919e+01 1 0)
|    ( - 1.746e+01 1 0))
s>    ( WDBNDRY_S 0 8.620e+01 2.955e+01 7.911e+00
s>        ( - 3.919e+01 1 0)
s>        ( - 1.746e+01 1 0))INFO: dtree.c(1439): stop. leaf nodes are specific
INFO: dtree.c(1478): Final simple tree
|( WDBNDRY_S 0 1.648e+02 4.687e+01 1.400e+01
|    ( - 6.456e+01 1 0)
|    ( - 5.338e+01 1 0))
s>    ( WDBNDRY_S 0 1.648e+02 4.687e+01 1.400e+01
s>        ( - 6.456e+01 1 0)
s>        ( - 5.338e+01 1 0))INFO: dtree.c(1315): Comp split 67
INFO: dtree.c(1439): stop. leaf nodes are specific
INFO: dtree.c(1478): Final simple tree
|( QUESTION0_17_R 1 1.673e+02 5.425e+01 1.400e+01
|    ( - 5.162e+01 1 0)
|    ( - 6.144e+01 1 0))
s>    ( QUESTION0_17_R 1 1.673e+02 5.425e+01 1.400e+01
s>        ( - 5.162e+01 1 0)
s>        ( - 6.144e+01 1 0))INFO: dtree.c(1315): Comp split 68
INFO: dtree.c(1315): Comp split 69
INFO: dtree.c(1315): Comp split 70
INFO: dtree.c(1315): Comp split 71
INFO: dtree.c(1315): Comp split 72
INFO: dtree.c(1315): Comp split 73
INFO: dtree.c(1315): Comp split 74
INFO: dtree.c(1315): Comp split 75
INFO: dtree.c(1315): Comp split 76
INFO: dtree.c(1315): Comp split 77
INFO: dtree.c(1315): Comp split 78
INFO: dtree.c(1315): Comp split 79
INFO: dtree.c(1315): Comp split 80
INFO: dtree.c(1315): Comp split 81
INFO: dtree.c(1315): Comp split 82
INFO: dtree.c(1315): Comp split 83
INFO: dtree.c(1315): Comp split 84
INFO: dtree.c(1315): Comp split 85
INFO: dtree.c(1315): Comp split 86
INFO: dtree.c(1315): Comp split 87
INFO: dtree.c(1315): Comp split 88
INFO: dtree.c(1315): Comp split 89
INFO: dtree.c(1318): stop. leaf nodes are specific
Fri Nov  2 10:07:28 2018
