Current configuration:
[NAME]		[DEFLT]	[VALUE]
-allphones	no	no
-cntthresh	0.00001	1.000000e-05
-csplitmax	100	2000
-csplitmin	1	1
-csplitthr	8e-4	0.000000e+00
-example	no	no
-fullvar	no	no
-help		no	no
-meanfn			
-mixwfn			/home/sdv/Documents/SDV/SDVoice/an4/model_parameters/an4.cd_semi_untied/mixture_weights
-moddeffn		/home/sdv/Documents/SDV/SDVoice/an4/model_architecture/an4.untied.mdef
-mwfloor	1e-4	1.000000e-08
-phone			Y
-psetfn			/home/sdv/Documents/SDV/SDVoice/an4/model_architecture/an4.tree_questions
-ssplitmax	5	7
-ssplitmin	1	1
-ssplitthr	8e-4	0.000000e+00
-state			1
-stwt			1.0,0.05,0.0,
-treefn			/home/sdv/Documents/SDV/SDVoice/an4/trees/an4.unpruned/Y-1.dtree
-ts2cbfn	.semi.	.semi.
-varfloor	0.00001	1.000000e-05
-varfn			

INFO: main.c(223): Reading: /home/sdv/Documents/SDV/SDVoice/an4/model_architecture/an4.untied.mdef
INFO: model_def_io.c(573): Model definition info:
INFO: model_def_io.c(574): 1618 total models defined (34 base, 1584 tri)
INFO: model_def_io.c(575): 6472 total states
INFO: model_def_io.c(576): 4854 total tied states
INFO: model_def_io.c(577): 102 total tied CI states
INFO: model_def_io.c(578): 34 total tied transition matrices
INFO: model_def_io.c(579): 4 max state/model
INFO: model_def_io.c(580): 4 min state/model
INFO: main.c(242): Building trees for [Y AH UW b] through [Y UW UW b]
INFO: main.c(269): Covering states |[4725 4778]| == 54
INFO: main.c(275): Reading: /home/sdv/Documents/SDV/SDVoice/an4/model_parameters/an4.cd_semi_untied/mixture_weights
INFO: s3mixw_io.c(173): Read /home/sdv/Documents/SDV/SDVoice/an4/model_parameters/an4.cd_semi_untied/mixture_weights [54x4x256 array]
INFO: main.c(311): 18 of 18 models have observation count greater than 0.000010
INFO: main.c(95): nrm stwt: 0.045 0.909 0.045 
INFO: main.c(411): 18-class entropy: 1.965714e+04
INFO: main.c(549): Reading: /home/sdv/Documents/SDV/SDVoice/an4/model_architecture/an4.tree_questions
INFO: main.c(588): 176 total simple questions (168 phone; 8 word bndry)
INFO: main.c(590): 42 Left Only questions, and 42 Right Only questions
INFO: dtree.c(1478): Final simple tree
|( WDBNDRY_B 0 2.422e+04 9.118e+02 1.125e+03
|    ( QUESTION0_0_R 1 1.376e+04 6.884e+02 6.661e+02
|        ( QUESTION14 -1 1.192e+04 4.567e+02 6.030e+02
|            ( - 6.222e+03 2 0)
|            ( QUESTION7 -1 5.237e+03 3.456e+02 2.597e+02
|                ( - 9.581e+02 2 0 QUESTION8 -1 1.479e+02 6.100e+01)
|                ( QUESTION16 -1 3.934e+03 2.980e+02 1.987e+02
|                    ( - 1.901e+03 3 0 QUESTION2_0_L -1 1.398e+02 1.010e+02)
|                    ( QUESTION10 -1 1.735e+03 1.803e+02 9.775e+01
|                        ( - 8.611e+02 3 0 QUESTION2_13_L -1 1.298e+02 5.389e+01)
|                        ( - 6.937e+02 4 0 QUESTION13 -1 1.140e+02 4.385e+01)))))
|        ( - 1.153e+03 1 0))
|    ( QUESTION0 -1 9.554e+03 5.506e+02 4.594e+02
|        ( - 1.916e+03 2 0 QUESTION1 -1 8.218e+01 1.029e+02)
|        ( - 7.088e+03 1 0)))
s>    ( WDBNDRY_B 0 2.422e+04 9.118e+02 1.125e+03
s>        ( QUESTION0_0_R 1 1.376e+04 6.884e+02 6.661e+02
s>            ( QUESTION14 -1 1.192e+04 4.567e+02 6.030e+02
s>                ( - 6.222e+03 2 0)
s>                ( QUESTION7 -1 5.237e+03 3.456e+02 2.597e+02
s>                    ( - 9.581e+02 2 0 QUESTION8 -1 1.479e+02 6.100e+01)
s>                    ( QUESTION16 -1 3.934e+03 2.980e+02 1.987e+02
s>                        ( - 1.901e+03 3 0 QUESTION2_0_L -1 1.398e+02 1.010e+02)
s>                        ( QUESTION10 -1 1.735e+03 1.803e+02 9.775e+01
s>                            ( - 8.611e+02 3 0 QUESTION2_13_L -1 1.298e+02 5.389e+01)
s>                            ( - 6.937e+02 4 0 QUESTION13 -1 1.140e+02 4.385e+01)))))
s>            ( - 1.153e+03 1 0))
s>        ( QUESTION0 -1 9.554e+03 5.506e+02 4.594e+02
s>            ( - 1.916e+03 2 0 QUESTION1 -1 8.218e+01 1.029e+02)
s>            ( - 7.088e+03 1 0)))INFO: dtree.c(1315): Comp split 0
INFO: dtree.c(1478): Final simple tree
|( QUESTION14 -1 1.192e+04 4.567e+02 6.030e+02
|    ( - 6.222e+03 2 0)
|    ( QUESTION7 -1 5.237e+03 3.456e+02 2.597e+02
|        ( QUESTION8 -1 9.581e+02 1.479e+02 6.100e+01
|            ( - 5.459e+02 1 0)
|            ( - 2.643e+02 1 0))
|        ( QUESTION16 -1 3.934e+03 2.980e+02 1.987e+02
|            ( QUESTION2_0_L -1 1.901e+03 1.398e+02 1.010e+02
|                ( - 1.658e+02 1 0)
|                ( - 1.595e+03 2 0))
|            ( QUESTION10 -1 1.735e+03 1.803e+02 9.775e+01
|                ( QUESTION2_13_L -1 8.611e+02 1.298e+02 5.389e+01
|                    ( - 3.534e+02 1 0)
|                    ( - 3.779e+02 2 0 QUESTION11 -1 5.738e+01 2.889e+01))
|                ( - 6.937e+02 4 0 QUESTION13 -1 1.140e+02 4.385e+01)))))
s>    ( QUESTION14 -1 1.192e+04 4.567e+02 6.030e+02
s>        ( - 6.222e+03 2 0)
s>        ( QUESTION7 -1 5.237e+03 3.456e+02 2.597e+02
s>            ( QUESTION8 -1 9.581e+02 1.479e+02 6.100e+01
s>                ( - 5.459e+02 1 0)
s>                ( - 2.643e+02 1 0))
s>            ( QUESTION16 -1 3.934e+03 2.980e+02 1.987e+02
s>                ( QUESTION2_0_L -1 1.901e+03 1.398e+02 1.010e+02
s>                    ( - 1.658e+02 1 0)
s>                    ( - 1.595e+03 2 0))
s>                ( QUESTION10 -1 1.735e+03 1.803e+02 9.775e+01
s>                    ( QUESTION2_13_L -1 8.611e+02 1.298e+02 5.389e+01
s>                        ( - 3.534e+02 1 0)
s>                        ( - 3.779e+02 2 0 QUESTION11 -1 5.738e+01 2.889e+01))
s>                    ( - 6.937e+02 4 0 QUESTION13 -1 1.140e+02 4.385e+01)))))INFO: dtree.c(1439): stop. leaf nodes are specific
INFO: dtree.c(1478): Final simple tree
|( QUESTION13 -1 1.133e+04 7.372e+02 5.224e+02
|    ( - 7.088e+03 1 0)
|    ( WDBNDRY_B 0 3.503e+03 4.338e+02 1.660e+02
|        ( - 1.153e+03 1 0)
|        ( QUESTION1 -1 1.916e+03 8.218e+01 1.029e+02
|            ( - 3.238e+01 1 0)
|            ( - 1.801e+03 1 0))))
s>    ( QUESTION13 -1 1.133e+04 7.372e+02 5.224e+02
s>        ( - 7.088e+03 1 0)
s>        ( WDBNDRY_B 0 3.503e+03 4.338e+02 1.660e+02
s>            ( - 1.153e+03 1 0)
s>            ( QUESTION1 -1 1.916e+03 8.218e+01 1.029e+02
s>                ( - 3.238e+01 1 0)
s>                ( - 1.801e+03 1 0))))INFO: dtree.c(1315): Comp split 1
INFO: dtree.c(1439): stop. leaf nodes are specific
INFO: dtree.c(1478): Final simple tree
|( WDBNDRY_B 0 3.503e+03 4.338e+02 1.660e+02
|    ( - 1.153e+03 1 0)
|    ( QUESTION1 -1 1.916e+03 8.218e+01 1.029e+02
|        ( - 3.238e+01 1 0)
|        ( - 1.801e+03 1 0)))
s>    ( WDBNDRY_B 0 3.503e+03 4.338e+02 1.660e+02
s>        ( - 1.153e+03 1 0)
s>        ( QUESTION1 -1 1.916e+03 8.218e+01 1.029e+02
s>            ( - 3.238e+01 1 0)
s>            ( - 1.801e+03 1 0)))INFO: dtree.c(1315): Comp split 2
INFO: dtree.c(1478): Final simple tree
|( QUESTION16 -1 3.934e+03 2.980e+02 1.987e+02
|    ( QUESTION2_0_L -1 1.901e+03 1.398e+02 1.010e+02
|        ( - 1.658e+02 1 0)
|        ( - 1.595e+03 2 0))
|    ( QUESTION10 -1 1.735e+03 1.803e+02 9.775e+01
|        ( QUESTION2_13_L -1 8.611e+02 1.298e+02 5.389e+01
|            ( - 3.534e+02 1 0)
|            ( QUESTION11 -1 3.779e+02 5.738e+01 2.889e+01
|                ( - 2.220e+02 1 0)
|                ( - 9.857e+01 1 0)))
|        ( QUESTION13 -1 6.937e+02 1.140e+02 4.385e+01
|            ( - 1.678e+02 1 0)
|            ( SILENCE -1 4.118e+02 7.208e+01 2.900e+01
|                ( - 8.188e+01 1 0)
|                ( - 2.578e+02 2 0)))))
s>    ( QUESTION16 -1 3.934e+03 2.980e+02 1.987e+02
s>        ( QUESTION2_0_L -1 1.901e+03 1.398e+02 1.010e+02
s>            ( - 1.658e+02 1 0)
s>            ( - 1.595e+03 2 0))
s>        ( QUESTION10 -1 1.735e+03 1.803e+02 9.775e+01
s>            ( QUESTION2_13_L -1 8.611e+02 1.298e+02 5.389e+01
s>                ( - 3.534e+02 1 0)
s>                ( QUESTION11 -1 3.779e+02 5.738e+01 2.889e+01
s>                    ( - 2.220e+02 1 0)
s>                    ( - 9.857e+01 1 0)))
s>            ( QUESTION13 -1 6.937e+02 1.140e+02 4.385e+01
s>                ( - 1.678e+02 1 0)
s>                ( SILENCE -1 4.118e+02 7.208e+01 2.900e+01
s>                    ( - 8.188e+01 1 0)
s>                    ( - 2.578e+02 2 0)))))INFO: dtree.c(1439): stop. leaf nodes are specific
INFO: dtree.c(1478): Final simple tree
|( QUESTION0 -1 7.505e+03 3.242e+02 4.043e+02
|    ( QUESTION8 -1 9.581e+02 1.479e+02 6.100e+01
|        ( - 5.459e+02 1 0)
|        ( - 2.643e+02 1 0))
|    ( - 6.222e+03 2 0))
s>    ( QUESTION0 -1 7.505e+03 3.242e+02 4.043e+02
s>        ( QUESTION8 -1 9.581e+02 1.479e+02 6.100e+01
s>            ( - 5.459e+02 1 0)
s>            ( - 2.643e+02 1 0))
s>        ( - 6.222e+03 2 0))INFO: dtree.c(1315): Comp split 3
INFO: dtree.c(1439): stop. leaf nodes are specific
INFO: dtree.c(1478): Final simple tree
|( QUESTION1 -1 1.916e+03 8.218e+01 1.029e+02
|    ( - 3.238e+01 1 0)
|    ( - 1.801e+03 1 0))
s>    ( QUESTION1 -1 1.916e+03 8.218e+01 1.029e+02
s>        ( - 3.238e+01 1 0)
s>        ( - 1.801e+03 1 0))INFO: dtree.c(1315): Comp split 4
INFO: dtree.c(1439): stop. leaf nodes are specific
INFO: dtree.c(1478): Final simple tree
|( QUESTION8 -1 9.581e+02 1.479e+02 6.100e+01
|    ( - 5.459e+02 1 0)
|    ( - 2.643e+02 1 0))
s>    ( QUESTION8 -1 9.581e+02 1.479e+02 6.100e+01
s>        ( - 5.459e+02 1 0)
s>        ( - 2.643e+02 1 0))INFO: dtree.c(1315): Comp split 5
INFO: dtree.c(1439): stop. leaf nodes are specific
INFO: dtree.c(1478): Final simple tree
|( QUESTION0 -1 2.128e+03 1.546e+02 1.168e+02
|    ( QUESTION11 -1 3.779e+02 5.738e+01 2.889e+01
|        ( - 2.220e+02 1 0)
|        ( - 9.857e+01 1 0))
|    ( - 1.595e+03 2 0))
s>    ( QUESTION0 -1 2.128e+03 1.546e+02 1.168e+02
s>        ( QUESTION11 -1 3.779e+02 5.738e+01 2.889e+01
s>            ( - 2.220e+02 1 0)
s>            ( - 9.857e+01 1 0))
s>        ( - 1.595e+03 2 0))INFO: dtree.c(1439): stop. leaf nodes are specific
INFO: dtree.c(1478): Final simple tree
|( QUESTION13 -1 1.503e+03 1.724e+02 8.185e+01
|    ( QUESTION16 -1 4.302e+02 9.657e+01 2.785e+01
|        ( - 1.658e+02 1 0)
|        ( - 1.678e+02 1 0))
|    ( QUESTION10 -1 8.999e+02 1.347e+02 5.400e+01
|        ( - 3.534e+02 1 0)
|        ( SILENCE -1 4.118e+02 7.208e+01 2.900e+01
|            ( - 8.188e+01 1 0)
|            ( - 2.578e+02 2 0))))
s>    ( QUESTION13 -1 1.503e+03 1.724e+02 8.185e+01
s>        ( QUESTION16 -1 4.302e+02 9.657e+01 2.785e+01
s>            ( - 1.658e+02 1 0)
s>            ( - 1.678e+02 1 0))
s>        ( QUESTION10 -1 8.999e+02 1.347e+02 5.400e+01
s>            ( - 3.534e+02 1 0)
s>            ( SILENCE -1 4.118e+02 7.208e+01 2.900e+01
s>                ( - 8.188e+01 1 0)
s>                ( - 2.578e+02 2 0))))INFO: dtree.c(1315): Comp split 6
INFO: dtree.c(1439): stop. leaf nodes are specific
INFO: dtree.c(1478): Final simple tree
|( QUESTION13 -1 6.817e+02 1.041e+02 4.200e+01
|    ( - 1.658e+02 1 0)
|    ( SILENCE -1 4.118e+02 7.208e+01 2.900e+01
|        ( - 8.188e+01 1 0)
|        ( - 2.578e+02 2 0)))
s>    ( QUESTION13 -1 6.817e+02 1.041e+02 4.200e+01
s>        ( - 1.658e+02 1 0)
s>        ( SILENCE -1 4.118e+02 7.208e+01 2.900e+01
s>            ( - 8.188e+01 1 0)
s>            ( - 2.578e+02 2 0)))INFO: dtree.c(1439): stop. leaf nodes are specific
INFO: dtree.c(1478): Final simple tree
|( QUESTION0 -1 6.348e+02 1.135e+02 3.985e+01
|    ( - 3.534e+02 1 0)
|    ( - 1.678e+02 1 0))
s>    ( QUESTION0 -1 6.348e+02 1.135e+02 3.985e+01
s>        ( - 3.534e+02 1 0)
s>        ( - 1.678e+02 1 0))INFO: dtree.c(1315): Comp split 7
INFO: dtree.c(1439): stop. leaf nodes are specific
INFO: dtree.c(1478): Final simple tree
|( QUESTION11 -1 3.779e+02 5.738e+01 2.889e+01
|    ( - 2.220e+02 1 0)
|    ( - 9.857e+01 1 0))
s>    ( QUESTION11 -1 3.779e+02 5.738e+01 2.889e+01
s>        ( - 2.220e+02 1 0)
s>        ( - 9.857e+01 1 0))INFO: dtree.c(1315): Comp split 8
INFO: dtree.c(1315): Comp split 9
INFO: dtree.c(1315): Comp split 10
INFO: dtree.c(1439): stop. leaf nodes are specific
INFO: dtree.c(1478): Final simple tree
|( SILENCE -1 4.118e+02 7.208e+01 2.900e+01
|    ( - 8.188e+01 1 0)
|    ( - 2.578e+02 2 0))
s>    ( SILENCE -1 4.118e+02 7.208e+01 2.900e+01
s>        ( - 8.188e+01 1 0)
s>        ( - 2.578e+02 2 0))INFO: dtree.c(1315): Comp split 11
INFO: dtree.c(1315): Comp split 12
INFO: dtree.c(1315): Comp split 13
INFO: dtree.c(1315): Comp split 14
INFO: dtree.c(1318): stop. leaf nodes are specific
Fri Nov  2 10:08:01 2018
