Current configuration:
[NAME]		[DEFLT]	[VALUE]
-allphones	no	no
-cntthresh	0.00001	1.000000e-05
-csplitmax	100	2000
-csplitmin	1	1
-csplitthr	8e-4	0.000000e+00
-example	no	no
-fullvar	no	no
-help		no	no
-meanfn			
-mixwfn			/home/sdv/Documents/SDV/SDVoice/an4/model_parameters/an4.cd_semi_untied/mixture_weights
-moddeffn		/home/sdv/Documents/SDV/SDVoice/an4/model_architecture/an4.untied.mdef
-mwfloor	1e-4	1.000000e-08
-phone			Y
-psetfn			/home/sdv/Documents/SDV/SDVoice/an4/model_architecture/an4.tree_questions
-ssplitmax	5	7
-ssplitmin	1	1
-ssplitthr	8e-4	0.000000e+00
-state			2
-stwt			1.0,0.05,0.0,
-treefn			/home/sdv/Documents/SDV/SDVoice/an4/trees/an4.unpruned/Y-2.dtree
-ts2cbfn	.semi.	.semi.
-varfloor	0.00001	1.000000e-05
-varfn			

INFO: main.c(223): Reading: /home/sdv/Documents/SDV/SDVoice/an4/model_architecture/an4.untied.mdef
INFO: model_def_io.c(573): Model definition info:
INFO: model_def_io.c(574): 1618 total models defined (34 base, 1584 tri)
INFO: model_def_io.c(575): 6472 total states
INFO: model_def_io.c(576): 4854 total tied states
INFO: model_def_io.c(577): 102 total tied CI states
INFO: model_def_io.c(578): 34 total tied transition matrices
INFO: model_def_io.c(579): 4 max state/model
INFO: model_def_io.c(580): 4 min state/model
INFO: main.c(242): Building trees for [Y AH UW b] through [Y UW UW b]
INFO: main.c(269): Covering states |[4725 4778]| == 54
INFO: main.c(275): Reading: /home/sdv/Documents/SDV/SDVoice/an4/model_parameters/an4.cd_semi_untied/mixture_weights
INFO: s3mixw_io.c(173): Read /home/sdv/Documents/SDV/SDVoice/an4/model_parameters/an4.cd_semi_untied/mixture_weights [54x4x256 array]
INFO: main.c(311): 18 of 18 models have observation count greater than 0.000010
INFO: main.c(95): nrm stwt: 0.000 0.048 0.952 
INFO: main.c(411): 18-class entropy: 1.117628e+04
INFO: main.c(549): Reading: /home/sdv/Documents/SDV/SDVoice/an4/model_architecture/an4.tree_questions
INFO: main.c(588): 176 total simple questions (168 phone; 8 word bndry)
INFO: main.c(590): 42 Left Only questions, and 42 Right Only questions
INFO: dtree.c(1478): Final simple tree
|( QUESTION2_7_L -1 1.381e+04 5.508e+02 7.255e+02
|    ( WDBNDRY_B 0 1.008e+04 3.635e+02 5.603e+02
|        ( QUESTION14 -1 5.579e+03 2.164e+02 3.323e+02
|            ( - 3.868e+03 2 0)
|            ( QUESTION1 -1 1.495e+03 1.128e+02 9.698e+01
|                ( - 6.188e+02 4 0 QUESTION8 -1 8.371e+01 4.395e+01)
|                ( - 7.629e+02 3 0 QUESTION0 -1 3.959e+01 5.303e+01)))
|        ( - 4.141e+03 2 0 QUESTION0 -1 8.031e+01 2.280e+02))
|    ( QUESTION0_0_R 1 3.177e+03 3.657e+02 1.652e+02
|        ( WDBNDRY_B 0 2.400e+03 2.085e+02 1.354e+02
|            ( QUESTION0 -1 8.347e+02 1.082e+02 5.423e+01
|                ( - 3.530e+02 2 0 QUESTION11 -1 7.030e+01 2.609e+01)
|                ( - 3.735e+02 3 0 QUESTION16 -1 8.417e+01 2.814e+01))
|            ( - 1.357e+03 1 0))
|        ( - 4.108e+02 1 0)))
s>    ( QUESTION2_7_L -1 1.381e+04 5.508e+02 7.255e+02
s>        ( WDBNDRY_B 0 1.008e+04 3.635e+02 5.603e+02
s>            ( QUESTION14 -1 5.579e+03 2.164e+02 3.323e+02
s>                ( - 3.868e+03 2 0)
s>                ( QUESTION1 -1 1.495e+03 1.128e+02 9.698e+01
s>                    ( - 6.188e+02 4 0 QUESTION8 -1 8.371e+01 4.395e+01)
s>                    ( - 7.629e+02 3 0 QUESTION0 -1 3.959e+01 5.303e+01)))
s>            ( - 4.141e+03 2 0 QUESTION0 -1 8.031e+01 2.280e+02))
s>        ( QUESTION0_0_R 1 3.177e+03 3.657e+02 1.652e+02
s>            ( WDBNDRY_B 0 2.400e+03 2.085e+02 1.354e+02
s>                ( QUESTION0 -1 8.347e+02 1.082e+02 5.423e+01
s>                    ( - 3.530e+02 2 0 QUESTION11 -1 7.030e+01 2.609e+01)
s>                    ( - 3.735e+02 3 0 QUESTION16 -1 8.417e+01 2.814e+01))
s>                ( - 1.357e+03 1 0))
s>            ( - 4.108e+02 1 0)))INFO: dtree.c(1315): Comp split 0
INFO: dtree.c(1478): Final simple tree
|( WDBNDRY_B 0 1.116e+04 3.812e+02 6.146e+02
|    ( QUESTION14 -1 6.636e+03 2.486e+02 3.865e+02
|        ( - 3.868e+03 2 0)
|        ( QUESTION2_7_L -1 2.519e+03 1.902e+02 1.512e+02
|            ( QUESTION1 -1 1.495e+03 1.128e+02 9.698e+01
|                ( QUESTION8 -1 6.188e+02 8.371e+01 4.395e+01
|                    ( - 1.824e+02 1 0)
|                    ( - 3.527e+02 3 0 QUESTION2 -1 6.167e+01 2.895e+01))
|                ( - 7.629e+02 3 0 QUESTION0 -1 3.959e+01 5.303e+01))
|            ( QUESTION0 -1 8.347e+02 1.082e+02 5.423e+01
|                ( - 3.530e+02 2 0 QUESTION11 -1 7.030e+01 2.609e+01)
|                ( QUESTION16 -1 3.735e+02 8.417e+01 2.814e+01
|                    ( - 1.191e+02 1 0)
|                    ( - 1.702e+02 2 0 SILENCE -1 4.800e+01 1.614e+01)))))
|    ( - 4.141e+03 2 0 QUESTION0 -1 8.031e+01 2.280e+02))
s>    ( WDBNDRY_B 0 1.116e+04 3.812e+02 6.146e+02
s>        ( QUESTION14 -1 6.636e+03 2.486e+02 3.865e+02
s>            ( - 3.868e+03 2 0)
s>            ( QUESTION2_7_L -1 2.519e+03 1.902e+02 1.512e+02
s>                ( QUESTION1 -1 1.495e+03 1.128e+02 9.698e+01
s>                    ( QUESTION8 -1 6.188e+02 8.371e+01 4.395e+01
s>                        ( - 1.824e+02 1 0)
s>                        ( - 3.527e+02 3 0 QUESTION2 -1 6.167e+01 2.895e+01))
s>                    ( - 7.629e+02 3 0 QUESTION0 -1 3.959e+01 5.303e+01))
s>                ( QUESTION0 -1 8.347e+02 1.082e+02 5.423e+01
s>                    ( - 3.530e+02 2 0 QUESTION11 -1 7.030e+01 2.609e+01)
s>                    ( QUESTION16 -1 3.735e+02 8.417e+01 2.814e+01
s>                        ( - 1.191e+02 1 0)
s>                        ( - 1.702e+02 2 0 SILENCE -1 4.800e+01 1.614e+01)))))
s>        ( - 4.141e+03 2 0 QUESTION0 -1 8.031e+01 2.280e+02))INFO: dtree.c(1439): stop. leaf nodes are specific
INFO: dtree.c(1478): Final simple tree
|( WDBNDRY_B 0 2.088e+03 3.202e+02 1.109e+02
|    ( - 4.108e+02 1 0)
|    ( - 1.357e+03 1 0))
s>    ( WDBNDRY_B 0 2.088e+03 3.202e+02 1.109e+02
s>        ( - 4.108e+02 1 0)
s>        ( - 1.357e+03 1 0))INFO: dtree.c(1315): Comp split 1
INFO: dtree.c(1478): Final simple tree
|( QUESTION14 -1 6.636e+03 2.486e+02 3.865e+02
|    ( - 3.868e+03 2 0)
|    ( QUESTION2_7_L -1 2.519e+03 1.902e+02 1.512e+02
|        ( QUESTION1 -1 1.495e+03 1.128e+02 9.698e+01
|            ( QUESTION8 -1 6.188e+02 8.371e+01 4.395e+01
|                ( - 1.824e+02 1 0)
|                ( - 3.527e+02 3 0 QUESTION2 -1 6.167e+01 2.895e+01))
|            ( - 7.629e+02 3 0 QUESTION0 -1 3.959e+01 5.303e+01))
|        ( QUESTION0 -1 8.347e+02 1.082e+02 5.423e+01
|            ( QUESTION11 -1 3.530e+02 7.030e+01 2.609e+01
|                ( - 1.312e+02 1 0)
|                ( - 1.515e+02 1 0))
|            ( QUESTION16 -1 3.735e+02 8.417e+01 2.814e+01
|                ( - 1.191e+02 1 0)
|                ( - 1.702e+02 2 0 SILENCE -1 4.800e+01 1.614e+01)))))
s>    ( QUESTION14 -1 6.636e+03 2.486e+02 3.865e+02
s>        ( - 3.868e+03 2 0)
s>        ( QUESTION2_7_L -1 2.519e+03 1.902e+02 1.512e+02
s>            ( QUESTION1 -1 1.495e+03 1.128e+02 9.698e+01
s>                ( QUESTION8 -1 6.188e+02 8.371e+01 4.395e+01
s>                    ( - 1.824e+02 1 0)
s>                    ( - 3.527e+02 3 0 QUESTION2 -1 6.167e+01 2.895e+01))
s>                ( - 7.629e+02 3 0 QUESTION0 -1 3.959e+01 5.303e+01))
s>            ( QUESTION0 -1 8.347e+02 1.082e+02 5.423e+01
s>                ( QUESTION11 -1 3.530e+02 7.030e+01 2.609e+01
s>                    ( - 1.312e+02 1 0)
s>                    ( - 1.515e+02 1 0))
s>                ( QUESTION16 -1 3.735e+02 8.417e+01 2.814e+01
s>                    ( - 1.191e+02 1 0)
s>                    ( - 1.702e+02 2 0 SILENCE -1 4.800e+01 1.614e+01)))))INFO: dtree.c(1439): stop. leaf nodes are specific
INFO: dtree.c(1478): Final simple tree
|( QUESTION0 -1 4.141e+03 8.031e+01 2.280e+02
|    ( - 3.362e+01 1 0)
|    ( - 4.027e+03 1 0))
s>    ( QUESTION0 -1 4.141e+03 8.031e+01 2.280e+02
s>        ( - 3.362e+01 1 0)
s>        ( - 4.027e+03 1 0))INFO: dtree.c(1315): Comp split 2
INFO: dtree.c(1315): Comp split 3
INFO: dtree.c(1439): stop. leaf nodes are specific
INFO: dtree.c(1478): Final simple tree
|( QUESTION0 -1 4.603e+03 1.562e+02 2.773e+02
|    ( QUESTION1 -1 5.789e+02 7.472e+01 4.194e+01
|        ( QUESTION2 -1 3.527e+02 6.167e+01 2.895e+01
|            ( - 1.269e+02 2 0)
|            ( - 1.641e+02 1 0))
|        ( - 1.515e+02 1 0))
|    ( - 3.868e+03 2 0))
s>    ( QUESTION0 -1 4.603e+03 1.562e+02 2.773e+02
s>        ( QUESTION1 -1 5.789e+02 7.472e+01 4.194e+01
s>            ( QUESTION2 -1 3.527e+02 6.167e+01 2.895e+01
s>                ( - 1.269e+02 2 0)
s>                ( - 1.641e+02 1 0))
s>            ( - 1.515e+02 1 0))
s>        ( - 3.868e+03 2 0))INFO: dtree.c(1439): stop. leaf nodes are specific
INFO: dtree.c(1478): Final simple tree
|( QUESTION2_7_L -1 1.778e+03 1.525e+02 1.093e+02
|    ( QUESTION1 -1 1.034e+03 8.878e+01 6.803e+01
|        ( - 1.824e+02 1 0)
|        ( QUESTION0 -1 7.629e+02 3.959e+01 5.303e+01
|            ( - 3.283e+01 1 0)
|            ( - 6.905e+02 2 0)))
|    ( QUESTION16 -1 5.918e+02 9.681e+01 4.124e+01
|        ( - 1.191e+02 1 0)
|        ( QUESTION0 -1 3.760e+02 7.448e+01 2.924e+01
|            ( - 1.312e+02 1 0)
|            ( SILENCE -1 1.702e+02 4.800e+01 1.614e+01
|                ( - 7.735e+01 1 0)
|                ( - 4.490e+01 1 0)))))
s>    ( QUESTION2_7_L -1 1.778e+03 1.525e+02 1.093e+02
s>        ( QUESTION1 -1 1.034e+03 8.878e+01 6.803e+01
s>            ( - 1.824e+02 1 0)
s>            ( QUESTION0 -1 7.629e+02 3.959e+01 5.303e+01
s>                ( - 3.283e+01 1 0)
s>                ( - 6.905e+02 2 0)))
s>        ( QUESTION16 -1 5.918e+02 9.681e+01 4.124e+01
s>            ( - 1.191e+02 1 0)
s>            ( QUESTION0 -1 3.760e+02 7.448e+01 2.924e+01
s>                ( - 1.312e+02 1 0)
s>                ( SILENCE -1 1.702e+02 4.800e+01 1.614e+01
s>                    ( - 7.735e+01 1 0)
s>                    ( - 4.490e+01 1 0)))))INFO: dtree.c(1315): Comp split 4
INFO: dtree.c(1439): stop. leaf nodes are specific
INFO: dtree.c(1478): Final simple tree
|( QUESTION16 -1 1.294e+03 9.693e+01 8.417e+01
|    ( - 6.905e+02 2 0)
|    ( QUESTION1 -1 5.067e+02 8.721e+01 3.714e+01
|        ( - 1.824e+02 1 0)
|        ( QUESTION13 -1 2.371e+02 5.277e+01 2.214e+01
|            ( - 4.490e+01 1 0)
|            ( SILENCE -1 1.394e+02 2.926e+01 1.400e+01
|                ( - 7.735e+01 1 0)
|                ( - 3.283e+01 1 0)))))
s>    ( QUESTION16 -1 1.294e+03 9.693e+01 8.417e+01
s>        ( - 6.905e+02 2 0)
s>        ( QUESTION1 -1 5.067e+02 8.721e+01 3.714e+01
s>            ( - 1.824e+02 1 0)
s>            ( QUESTION13 -1 2.371e+02 5.277e+01 2.214e+01
s>                ( - 4.490e+01 1 0)
s>                ( SILENCE -1 1.394e+02 2.926e+01 1.400e+01
s>                    ( - 7.735e+01 1 0)
s>                    ( - 3.283e+01 1 0)))))INFO: dtree.c(1439): stop. leaf nodes are specific
INFO: dtree.c(1478): Final simple tree
|( QUESTION0 -1 3.207e+02 7.043e+01 2.510e+01
|    ( - 1.312e+02 1 0)
|    ( - 1.191e+02 1 0))
s>    ( QUESTION0 -1 3.207e+02 7.043e+01 2.510e+01
s>        ( - 1.312e+02 1 0)
s>        ( - 1.191e+02 1 0))INFO: dtree.c(1315): Comp split 5
INFO: dtree.c(1439): stop. leaf nodes are specific
INFO: dtree.c(1478): Final simple tree
|( QUESTION1 -1 5.789e+02 7.472e+01 4.194e+01
|    ( QUESTION2 -1 3.527e+02 6.167e+01 2.895e+01
|        ( - 1.269e+02 2 0)
|        ( - 1.641e+02 1 0))
|    ( - 1.515e+02 1 0))
s>    ( QUESTION1 -1 5.789e+02 7.472e+01 4.194e+01
s>        ( QUESTION2 -1 3.527e+02 6.167e+01 2.895e+01
s>            ( - 1.269e+02 2 0)
s>            ( - 1.641e+02 1 0))
s>        ( - 1.515e+02 1 0))INFO: dtree.c(1315): Comp split 6
INFO: dtree.c(1439): stop. leaf nodes are specific
INFO: dtree.c(1478): Final simple tree
|( SILENCE -1 3.166e+02 5.686e+01 2.300e+01
|    ( - 7.735e+01 1 0)
|    ( - 1.824e+02 1 0))
s>    ( SILENCE -1 3.166e+02 5.686e+01 2.300e+01
s>        ( - 7.735e+01 1 0)
s>        ( - 1.824e+02 1 0))INFO: dtree.c(1439): stop. leaf nodes are specific
INFO: dtree.c(1478): Final simple tree
|( QUESTION16 -1 8.735e+02 7.402e+01 6.117e+01
|    ( - 6.905e+02 2 0)
|    ( QUESTION0 -1 1.090e+02 3.125e+01 1.414e+01
|        ( - 3.283e+01 1 0)
|        ( - 4.490e+01 1 0)))
s>    ( QUESTION16 -1 8.735e+02 7.402e+01 6.117e+01
s>        ( - 6.905e+02 2 0)
s>        ( QUESTION0 -1 1.090e+02 3.125e+01 1.414e+01
s>            ( - 3.283e+01 1 0)
s>            ( - 4.490e+01 1 0)))INFO: dtree.c(1315): Comp split 7
INFO: dtree.c(1315): Comp split 8
INFO: dtree.c(1439): stop. leaf nodes are specific
INFO: dtree.c(1478): Final simple tree
|( QUESTION2 -1 3.527e+02 6.167e+01 2.895e+01
|    ( - 1.269e+02 2 0)
|    ( - 1.641e+02 1 0))
s>    ( QUESTION2 -1 3.527e+02 6.167e+01 2.895e+01
s>        ( - 1.269e+02 2 0)
s>        ( - 1.641e+02 1 0))INFO: dtree.c(1315): Comp split 9
INFO: dtree.c(1439): stop. leaf nodes are specific
INFO: dtree.c(1478): Final simple tree
|( QUESTION0 -1 1.090e+02 3.125e+01 1.414e+01
|    ( - 3.283e+01 1 0)
|    ( - 4.490e+01 1 0))
s>    ( QUESTION0 -1 1.090e+02 3.125e+01 1.414e+01
s>        ( - 3.283e+01 1 0)
s>        ( - 4.490e+01 1 0))INFO: dtree.c(1315): Comp split 10
INFO: dtree.c(1315): Comp split 11
INFO: dtree.c(1315): Comp split 12
INFO: dtree.c(1315): Comp split 13
INFO: dtree.c(1315): Comp split 14
INFO: dtree.c(1318): stop. leaf nodes are specific
Fri Nov  2 10:08:02 2018
