Current configuration:
[NAME]		[DEFLT]	[VALUE]
-allphones	no	no
-cntthresh	0.00001	1.000000e-05
-csplitmax	100	2000
-csplitmin	1	1
-csplitthr	8e-4	0.000000e+00
-example	no	no
-fullvar	no	no
-help		no	no
-meanfn			
-mixwfn			/home/sdv/Documents/SDV/SDVoice/an4/model_parameters/an4.cd_semi_untied/mixture_weights
-moddeffn		/home/sdv/Documents/SDV/SDVoice/an4/model_architecture/an4.untied.mdef
-mwfloor	1e-4	1.000000e-08
-phone			TH
-psetfn			/home/sdv/Documents/SDV/SDVoice/an4/model_architecture/an4.tree_questions
-ssplitmax	5	7
-ssplitmin	1	1
-ssplitthr	8e-4	0.000000e+00
-state			2
-stwt			1.0,0.05,0.0,
-treefn			/home/sdv/Documents/SDV/SDVoice/an4/trees/an4.unpruned/TH-2.dtree
-ts2cbfn	.semi.	.semi.
-varfloor	0.00001	1.000000e-05
-varfn			

INFO: main.c(223): Reading: /home/sdv/Documents/SDV/SDVoice/an4/model_architecture/an4.untied.mdef
INFO: model_def_io.c(573): Model definition info:
INFO: model_def_io.c(574): 1618 total models defined (34 base, 1584 tri)
INFO: model_def_io.c(575): 6472 total states
INFO: model_def_io.c(576): 4854 total tied states
INFO: model_def_io.c(577): 102 total tied CI states
INFO: model_def_io.c(578): 34 total tied transition matrices
INFO: model_def_io.c(579): 4 max state/model
INFO: model_def_io.c(580): 4 min state/model
INFO: main.c(242): Building trees for [TH AH N e] through [TH V R b]
INFO: main.c(269): Covering states |[4362 4487]| == 126
INFO: main.c(275): Reading: /home/sdv/Documents/SDV/SDVoice/an4/model_parameters/an4.cd_semi_untied/mixture_weights
INFO: s3mixw_io.c(173): Read /home/sdv/Documents/SDV/SDVoice/an4/model_parameters/an4.cd_semi_untied/mixture_weights [126x4x256 array]
INFO: main.c(311): 42 of 42 models have observation count greater than 0.000010
INFO: main.c(95): nrm stwt: 0.000 0.048 0.952 
INFO: main.c(411): 42-class entropy: 6.649340e+03
INFO: main.c(549): Reading: /home/sdv/Documents/SDV/SDVoice/an4/model_architecture/an4.tree_questions
INFO: main.c(588): 176 total simple questions (168 phone; 8 word bndry)
INFO: main.c(590): 42 Left Only questions, and 42 Right Only questions
INFO: dtree.c(1478): Final simple tree
|( QUESTION0_8_R 1 1.081e+04 8.734e+02 4.521e+02
|    ( QUESTION2_7_L -1 7.458e+03 3.569e+02 3.425e+02
|        ( QUESTION14 -1 4.633e+03 2.956e+02 2.146e+02
|            ( - 1.678e+03 2 0)
|            ( QUESTION7 -1 2.660e+03 2.098e+02 1.305e+02
|                ( - 1.074e+03 1 0)
|                ( - 1.376e+03 6 0 QUESTION1 -1 1.112e+02 7.268e+01)))
|        ( QUESTION0 -1 2.467e+03 1.955e+02 1.279e+02
|            ( QUESTION11 -1 1.420e+03 1.690e+02 7.821e+01
|                ( - 4.615e+02 1 0)
|                ( - 7.894e+02 2 0 QUESTION1 -1 1.001e+02 4.560e+01))
|            ( - 8.519e+02 2 0 SILENCE -1 5.876e+01 4.969e+01)))
|    ( WDBNDRY_B 0 2.475e+03 3.220e+02 1.096e+02
|        ( - 1.589e+03 19 0 QUESTION2_9_L -1 1.656e+02 7.855e+01)
|        ( - 5.643e+02 9 0 QUESTION1 -1 1.043e+02 3.100e+01)))
s>    ( QUESTION0_8_R 1 1.081e+04 8.734e+02 4.521e+02
s>        ( QUESTION2_7_L -1 7.458e+03 3.569e+02 3.425e+02
s>            ( QUESTION14 -1 4.633e+03 2.956e+02 2.146e+02
s>                ( - 1.678e+03 2 0)
s>                ( QUESTION7 -1 2.660e+03 2.098e+02 1.305e+02
s>                    ( - 1.074e+03 1 0)
s>                    ( - 1.376e+03 6 0 QUESTION1 -1 1.112e+02 7.268e+01)))
s>            ( QUESTION0 -1 2.467e+03 1.955e+02 1.279e+02
s>                ( QUESTION11 -1 1.420e+03 1.690e+02 7.821e+01
s>                    ( - 4.615e+02 1 0)
s>                    ( - 7.894e+02 2 0 QUESTION1 -1 1.001e+02 4.560e+01))
s>                ( - 8.519e+02 2 0 SILENCE -1 5.876e+01 4.969e+01)))
s>        ( WDBNDRY_B 0 2.475e+03 3.220e+02 1.096e+02
s>            ( - 1.589e+03 19 0 QUESTION2_9_L -1 1.656e+02 7.855e+01)
s>            ( - 5.643e+02 9 0 QUESTION1 -1 1.043e+02 3.100e+01)))INFO: dtree.c(1315): Comp split 0
INFO: dtree.c(1478): Final simple tree
|( QUESTION2_7_L -1 7.458e+03 3.569e+02 3.425e+02
|    ( QUESTION14 -1 4.633e+03 2.956e+02 2.146e+02
|        ( - 1.678e+03 2 0)
|        ( QUESTION7 -1 2.660e+03 2.098e+02 1.305e+02
|            ( - 1.074e+03 1 0)
|            ( QUESTION1 -1 1.376e+03 1.112e+02 7.268e+01
|                ( - 9.767e+02 2 0)
|                ( - 2.878e+02 4 0 QUESTION16 -1 4.821e+01 1.900e+01))))
|    ( QUESTION0 -1 2.467e+03 1.955e+02 1.279e+02
|        ( QUESTION11 -1 1.420e+03 1.690e+02 7.821e+01
|            ( - 4.615e+02 1 0)
|            ( QUESTION1 -1 7.894e+02 1.001e+02 4.560e+01
|                ( - 3.198e+02 1 0)
|                ( - 3.695e+02 1 0)))
|        ( - 8.519e+02 2 0 SILENCE -1 5.876e+01 4.969e+01)))
s>    ( QUESTION2_7_L -1 7.458e+03 3.569e+02 3.425e+02
s>        ( QUESTION14 -1 4.633e+03 2.956e+02 2.146e+02
s>            ( - 1.678e+03 2 0)
s>            ( QUESTION7 -1 2.660e+03 2.098e+02 1.305e+02
s>                ( - 1.074e+03 1 0)
s>                ( QUESTION1 -1 1.376e+03 1.112e+02 7.268e+01
s>                    ( - 9.767e+02 2 0)
s>                    ( - 2.878e+02 4 0 QUESTION16 -1 4.821e+01 1.900e+01))))
s>        ( QUESTION0 -1 2.467e+03 1.955e+02 1.279e+02
s>            ( QUESTION11 -1 1.420e+03 1.690e+02 7.821e+01
s>                ( - 4.615e+02 1 0)
s>                ( QUESTION1 -1 7.894e+02 1.001e+02 4.560e+01
s>                    ( - 3.198e+02 1 0)
s>                    ( - 3.695e+02 1 0)))
s>            ( - 8.519e+02 2 0 SILENCE -1 5.876e+01 4.969e+01)))INFO: dtree.c(1478): Final simple tree
|( WDBNDRY_B 0 2.475e+03 3.220e+02 1.096e+02
|    ( QUESTION2_9_L -1 1.589e+03 1.656e+02 7.855e+01
|        ( QUESTION0_0_R 1 8.178e+02 1.374e+02 4.399e+01
|            ( - 2.099e+02 3 0 QUESTION2 -1 4.678e+01 1.700e+01)
|            ( QUESTION7 -1 4.706e+02 8.037e+01 2.699e+01
|                ( - 1.483e+02 2 0 QUESTION8 -1 1.732e+01 1.100e+01)
|                ( - 2.419e+02 5 0 QUESTION0 -1 5.673e+01 1.599e+01)))
|        ( QUESTION10 -1 6.052e+02 9.364e+01 3.457e+01
|            ( - 1.445e+02 5 0 QUESTION2_12_L -1 4.171e+01 1.100e+01)
|            ( QUESTION14 -1 3.671e+02 6.771e+01 2.357e+01
|                ( - 1.174e+02 1 0)
|                ( - 1.820e+02 3 0 SILENCE -1 4.732e+01 1.400e+01))))
|    ( QUESTION1 -1 5.643e+02 1.043e+02 3.100e+01
|        ( - 2.432e+02 4 0 QUESTION2 -1 4.324e+01 1.600e+01)
|        ( - 2.168e+02 5 0 QUESTION0 -1 5.009e+01 1.500e+01)))
s>    ( WDBNDRY_B 0 2.475e+03 3.220e+02 1.096e+02
s>        ( QUESTION2_9_L -1 1.589e+03 1.656e+02 7.855e+01
s>            ( QUESTION0_0_R 1 8.178e+02 1.374e+02 4.399e+01
s>                ( - 2.099e+02 3 0 QUESTION2 -1 4.678e+01 1.700e+01)
s>                ( QUESTION7 -1 4.706e+02 8.037e+01 2.699e+01
s>                    ( - 1.483e+02 2 0 QUESTION8 -1 1.732e+01 1.100e+01)
s>                    ( - 2.419e+02 5 0 QUESTION0 -1 5.673e+01 1.599e+01)))
s>            ( QUESTION10 -1 6.052e+02 9.364e+01 3.457e+01
s>                ( - 1.445e+02 5 0 QUESTION2_12_L -1 4.171e+01 1.100e+01)
s>                ( QUESTION14 -1 3.671e+02 6.771e+01 2.357e+01
s>                    ( - 1.174e+02 1 0)
s>                    ( - 1.820e+02 3 0 SILENCE -1 4.732e+01 1.400e+01))))
s>        ( QUESTION1 -1 5.643e+02 1.043e+02 3.100e+01
s>            ( - 2.432e+02 4 0 QUESTION2 -1 4.324e+01 1.600e+01)
s>            ( - 2.168e+02 5 0 QUESTION0 -1 5.009e+01 1.500e+01)))INFO: dtree.c(1315): Comp split 1
INFO: dtree.c(1439): stop. leaf nodes are specific
INFO: dtree.c(1478): Final simple tree
|( QUESTION2_9_L -1 4.283e+03 2.624e+02 2.024e+02
|    ( QUESTION1 -1 1.376e+03 1.112e+02 7.268e+01
|        ( - 9.767e+02 2 0)
|        ( QUESTION16 -1 2.878e+02 4.821e+01 1.900e+01
|            ( - 2.029e+02 2 0)
|            ( QUESTION0 -1 3.673e+01 1.388e+01 4.000e+00
|                ( - 1.066e+01 1 0)
|                ( - 1.218e+01 1 0))))
|    ( QUESTION0 -1 2.645e+03 1.781e+02 1.297e+02
|        ( QUESTION1 -1 7.894e+02 1.001e+02 4.560e+01
|            ( - 3.198e+02 1 0)
|            ( - 3.695e+02 1 0))
|        ( - 1.678e+03 2 0)))
s>    ( QUESTION2_9_L -1 4.283e+03 2.624e+02 2.024e+02
s>        ( QUESTION1 -1 1.376e+03 1.112e+02 7.268e+01
s>            ( - 9.767e+02 2 0)
s>            ( QUESTION16 -1 2.878e+02 4.821e+01 1.900e+01
s>                ( - 2.029e+02 2 0)
s>                ( QUESTION0 -1 3.673e+01 1.388e+01 4.000e+00
s>                    ( - 1.066e+01 1 0)
s>                    ( - 1.218e+01 1 0))))
s>        ( QUESTION0 -1 2.645e+03 1.781e+02 1.297e+02
s>            ( QUESTION1 -1 7.894e+02 1.001e+02 4.560e+01
s>                ( - 3.198e+02 1 0)
s>                ( - 3.695e+02 1 0))
s>            ( - 1.678e+03 2 0)))INFO: dtree.c(1439): stop. leaf nodes are specific
INFO: dtree.c(1478): Final simple tree
|( QUESTION1 -1 2.772e+03 2.162e+02 1.401e+02
|    ( - 1.074e+03 1 0)
|    ( QUESTION0 -1 1.481e+03 1.678e+02 8.230e+01
|        ( - 4.615e+02 1 0)
|        ( SILENCE -1 8.519e+02 5.876e+01 4.969e+01
|            ( - 7.778e+02 1 0)
|            ( - 1.540e+01 1 0))))
s>    ( QUESTION1 -1 2.772e+03 2.162e+02 1.401e+02
s>        ( - 1.074e+03 1 0)
s>        ( QUESTION0 -1 1.481e+03 1.678e+02 8.230e+01
s>            ( - 4.615e+02 1 0)
s>            ( SILENCE -1 8.519e+02 5.876e+01 4.969e+01
s>                ( - 7.778e+02 1 0)
s>                ( - 1.540e+01 1 0))))INFO: dtree.c(1315): Comp split 2
INFO: dtree.c(1478): Final simple tree
|( QUESTION2_9_L -1 1.589e+03 1.656e+02 7.855e+01
|    ( QUESTION0_0_R 1 8.178e+02 1.374e+02 4.399e+01
|        ( - 2.099e+02 3 0 QUESTION2 -1 4.678e+01 1.700e+01)
|        ( QUESTION7 -1 4.706e+02 8.037e+01 2.699e+01
|            ( - 1.483e+02 2 0 QUESTION8 -1 1.732e+01 1.100e+01)
|            ( QUESTION0 -1 2.419e+02 5.673e+01 1.599e+01
|                ( - 9.183e+01 3 0 QUESTION1 -1 1.527e+01 8.000e+00)
|                ( - 9.333e+01 2 0 QUESTION16 -1 2.840e+01 7.986e+00))))
|    ( QUESTION10 -1 6.052e+02 9.364e+01 3.457e+01
|        ( - 1.445e+02 5 0 QUESTION2_12_L -1 4.171e+01 1.100e+01)
|        ( QUESTION14 -1 3.671e+02 6.771e+01 2.357e+01
|            ( - 1.174e+02 1 0)
|            ( SILENCE -1 1.820e+02 4.732e+01 1.400e+01
|                ( - 5.582e+01 1 0)
|                ( - 7.884e+01 2 0 QUESTION0 -1 2.100e+01 8.000e+00)))))
s>    ( QUESTION2_9_L -1 1.589e+03 1.656e+02 7.855e+01
s>        ( QUESTION0_0_R 1 8.178e+02 1.374e+02 4.399e+01
s>            ( - 2.099e+02 3 0 QUESTION2 -1 4.678e+01 1.700e+01)
s>            ( QUESTION7 -1 4.706e+02 8.037e+01 2.699e+01
s>                ( - 1.483e+02 2 0 QUESTION8 -1 1.732e+01 1.100e+01)
s>                ( QUESTION0 -1 2.419e+02 5.673e+01 1.599e+01
s>                    ( - 9.183e+01 3 0 QUESTION1 -1 1.527e+01 8.000e+00)
s>                    ( - 9.333e+01 2 0 QUESTION16 -1 2.840e+01 7.986e+00))))
s>        ( QUESTION10 -1 6.052e+02 9.364e+01 3.457e+01
s>            ( - 1.445e+02 5 0 QUESTION2_12_L -1 4.171e+01 1.100e+01)
s>            ( QUESTION14 -1 3.671e+02 6.771e+01 2.357e+01
s>                ( - 1.174e+02 1 0)
s>                ( SILENCE -1 1.820e+02 4.732e+01 1.400e+01
s>                    ( - 5.582e+01 1 0)
s>                    ( - 7.884e+01 2 0 QUESTION0 -1 2.100e+01 8.000e+00)))))INFO: dtree.c(1478): Final simple tree
|( QUESTION1 -1 5.643e+02 1.043e+02 3.100e+01
|    ( QUESTION2 -1 2.432e+02 4.324e+01 1.600e+01
|        ( - 1.926e+01 1 0)
|        ( QUESTION0_0_R 1 1.807e+02 3.684e+01 1.300e+01
|            ( - 1.282e+02 1 0)
|            ( QUESTION0_10_R 1 1.564e+01 1.111e+01 3.000e+00
|                ( - 3.810e+00 1 0)
|                ( - 7.152e-01 1 0))))
|    ( QUESTION0 -1 2.168e+02 5.009e+01 1.500e+01
|        ( QUESTION2_11_L -1 9.048e+01 3.057e+01 8.000e+00
|            ( - 1.302e+01 2 0 QUESTION11 -1 9.020e+00 3.000e+00)
|            ( QUESTION0_0_R 1 4.690e+01 1.449e+01 5.000e+00
|                ( - 3.240e+01 1 0)
|                ( - 0.000e+00 1 0)))
|        ( - 7.622e+01 1 0)))
s>    ( QUESTION1 -1 5.643e+02 1.043e+02 3.100e+01
s>        ( QUESTION2 -1 2.432e+02 4.324e+01 1.600e+01
s>            ( - 1.926e+01 1 0)
s>            ( QUESTION0_0_R 1 1.807e+02 3.684e+01 1.300e+01
s>                ( - 1.282e+02 1 0)
s>                ( QUESTION0_10_R 1 1.564e+01 1.111e+01 3.000e+00
s>                    ( - 3.810e+00 1 0)
s>                    ( - 7.152e-01 1 0))))
s>        ( QUESTION0 -1 2.168e+02 5.009e+01 1.500e+01
s>            ( QUESTION2_11_L -1 9.048e+01 3.057e+01 8.000e+00
s>                ( - 1.302e+01 2 0 QUESTION11 -1 9.020e+00 3.000e+00)
s>                ( QUESTION0_0_R 1 4.690e+01 1.449e+01 5.000e+00
s>                    ( - 3.240e+01 1 0)
s>                    ( - 0.000e+00 1 0)))
s>            ( - 7.622e+01 1 0)))INFO: dtree.c(1315): Comp split 3
INFO: dtree.c(1439): stop. leaf nodes are specific
INFO: dtree.c(1478): Final simple tree
|( QUESTION14 -1 2.174e+03 1.344e+02 1.075e+02
|    ( - 1.678e+03 2 0)
|    ( QUESTION0 -1 3.618e+02 2.990e+01 2.342e+01
|        ( - 3.198e+02 1 0)
|        ( - 1.218e+01 1 0)))
s>    ( QUESTION14 -1 2.174e+03 1.344e+02 1.075e+02
s>        ( - 1.678e+03 2 0)
s>        ( QUESTION0 -1 3.618e+02 2.990e+01 2.342e+01
s>            ( - 3.198e+02 1 0)
s>            ( - 1.218e+01 1 0)))INFO: dtree.c(1439): stop. leaf nodes are specific
INFO: dtree.c(1478): Final simple tree
|( QUESTION1 -1 1.839e+03 1.535e+02 9.486e+01
|    ( - 9.767e+02 2 0)
|    ( QUESTION0 -1 7.085e+02 9.700e+01 4.118e+01
|        ( QUESTION2_7_L -1 4.086e+02 2.846e+01 2.618e+01
|            ( - 1.066e+01 1 0)
|            ( - 3.695e+02 1 0))
|        ( - 2.029e+02 2 0)))
s>    ( QUESTION1 -1 1.839e+03 1.535e+02 9.486e+01
s>        ( - 9.767e+02 2 0)
s>        ( QUESTION0 -1 7.085e+02 9.700e+01 4.118e+01
s>            ( QUESTION2_7_L -1 4.086e+02 2.846e+01 2.618e+01
s>                ( - 1.066e+01 1 0)
s>                ( - 3.695e+02 1 0))
s>            ( - 2.029e+02 2 0)))INFO: dtree.c(1315): Comp split 4
INFO: dtree.c(1439): stop. leaf nodes are specific
INFO: dtree.c(1478): Final simple tree
|( SILENCE -1 1.398e+03 1.588e+02 7.930e+01
|    ( - 7.778e+02 1 0)
|    ( - 4.615e+02 1 0))
s>    ( SILENCE -1 1.398e+03 1.588e+02 7.930e+01
s>        ( - 7.778e+02 1 0)
s>        ( - 4.615e+02 1 0))INFO: dtree.c(1439): stop. leaf nodes are specific
INFO: dtree.c(1478): Final simple tree
|( QUESTION0 -1 1.143e+03 5.276e+01 6.083e+01
|    ( - 1.074e+03 1 0)
|    ( - 1.540e+01 1 0))
s>    ( QUESTION0 -1 1.143e+03 5.276e+01 6.083e+01
s>        ( - 1.074e+03 1 0)
s>        ( - 1.540e+01 1 0))INFO: dtree.c(1315): Comp split 5
INFO: dtree.c(1439): stop. leaf nodes are specific
INFO: dtree.c(1478): Final simple tree
|( QUESTION2_9_L -1 6.429e+02 9.639e+01 3.655e+01
|    ( QUESTION0 -1 2.985e+02 5.684e+01 1.899e+01
|        ( QUESTION8 -1 1.483e+02 1.732e+01 1.100e+01
|            ( - 1.238e+00 1 0)
|            ( - 1.297e+02 1 0))
|        ( QUESTION16 -1 9.333e+01 2.840e+01 7.986e+00
|            ( - 2.889e+01 1 0)
|            ( - 3.604e+01 1 0)))
|    ( QUESTION14 -1 2.480e+02 5.174e+01 1.757e+01
|        ( - 1.174e+02 1 0)
|        ( QUESTION0 -1 7.884e+01 2.100e+01 8.000e+00
|            ( - 4.142e+01 1 0)
|            ( - 1.642e+01 1 0))))
s>    ( QUESTION2_9_L -1 6.429e+02 9.639e+01 3.655e+01
s>        ( QUESTION0 -1 2.985e+02 5.684e+01 1.899e+01
s>            ( QUESTION8 -1 1.483e+02 1.732e+01 1.100e+01
s>                ( - 1.238e+00 1 0)
s>                ( - 1.297e+02 1 0))
s>            ( QUESTION16 -1 9.333e+01 2.840e+01 7.986e+00
s>                ( - 2.889e+01 1 0)
s>                ( - 3.604e+01 1 0)))
s>        ( QUESTION14 -1 2.480e+02 5.174e+01 1.757e+01
s>            ( - 1.174e+02 1 0)
s>            ( QUESTION0 -1 7.884e+01 2.100e+01 8.000e+00
s>                ( - 4.142e+01 1 0)
s>                ( - 1.642e+01 1 0))))INFO: dtree.c(1478): Final simple tree
|( QUESTION0_0_R 1 7.412e+02 1.174e+02 4.200e+01
|    ( QUESTION2 -1 2.876e+02 5.857e+01 2.100e+01
|        ( - 1.035e+02 2 0)
|        ( QUESTION1 -1 1.255e+02 3.887e+01 1.100e+01
|            ( - 5.955e+01 1 0)
|            ( - 2.705e+01 2 0 QUESTION11 -1 1.562e+01 4.000e+00)))
|    ( QUESTION2_7_L -1 3.362e+02 6.309e+01 2.100e+01
|        ( - 9.183e+01 3 0 QUESTION1 -1 1.527e+01 8.000e+00)
|        ( QUESTION2_11_L -1 1.813e+02 4.894e+01 1.300e+01
|            ( QUESTION11 -1 5.143e+01 2.035e+01 5.000e+00
|                ( - 2.298e+01 1 0)
|                ( - 8.108e+00 1 0))
|            ( SILENCE -1 8.091e+01 2.047e+01 8.000e+00
|                ( - 5.582e+01 1 0)
|                ( - 4.620e+00 1 0)))))
s>    ( QUESTION0_0_R 1 7.412e+02 1.174e+02 4.200e+01
s>        ( QUESTION2 -1 2.876e+02 5.857e+01 2.100e+01
s>            ( - 1.035e+02 2 0)
s>            ( QUESTION1 -1 1.255e+02 3.887e+01 1.100e+01
s>                ( - 5.955e+01 1 0)
s>                ( - 2.705e+01 2 0 QUESTION11 -1 1.562e+01 4.000e+00)))
s>        ( QUESTION2_7_L -1 3.362e+02 6.309e+01 2.100e+01
s>            ( - 9.183e+01 3 0 QUESTION1 -1 1.527e+01 8.000e+00)
s>            ( QUESTION2_11_L -1 1.813e+02 4.894e+01 1.300e+01
s>                ( QUESTION11 -1 5.143e+01 2.035e+01 5.000e+00
s>                    ( - 2.298e+01 1 0)
s>                    ( - 8.108e+00 1 0))
s>                ( SILENCE -1 8.091e+01 2.047e+01 8.000e+00
s>                    ( - 5.582e+01 1 0)
s>                    ( - 4.620e+00 1 0)))))INFO: dtree.c(1315): Comp split 6
INFO: dtree.c(1315): Comp split 7
INFO: dtree.c(1439): stop. leaf nodes are specific
INFO: dtree.c(1478): Final simple tree
|( QUESTION0 -1 7.085e+02 9.700e+01 4.118e+01
|    ( QUESTION2_7_L -1 4.086e+02 2.846e+01 2.618e+01
|        ( - 1.066e+01 1 0)
|        ( - 3.695e+02 1 0))
|    ( - 2.029e+02 2 0))
s>    ( QUESTION0 -1 7.085e+02 9.700e+01 4.118e+01
s>        ( QUESTION2_7_L -1 4.086e+02 2.846e+01 2.618e+01
s>            ( - 1.066e+01 1 0)
s>            ( - 3.695e+02 1 0))
s>        ( - 2.029e+02 2 0))INFO: dtree.c(1315): Comp split 8
INFO: dtree.c(1439): stop. leaf nodes are specific
INFO: dtree.c(1478): Final simple tree
|( QUESTION0 -1 3.618e+02 2.990e+01 2.342e+01
|    ( - 3.198e+02 1 0)
|    ( - 1.218e+01 1 0))
s>    ( QUESTION0 -1 3.618e+02 2.990e+01 2.342e+01
s>        ( - 3.198e+02 1 0)
s>        ( - 1.218e+01 1 0))INFO: dtree.c(1315): Comp split 9
INFO: dtree.c(1439): stop. leaf nodes are specific
INFO: dtree.c(1478): Final simple tree
|( QUESTION2_11_L -1 2.967e+02 6.192e+01 2.100e+01
|    ( QUESTION11 -1 5.231e+01 1.883e+01 6.000e+00
|        ( - 5.714e+00 1 0)
|        ( QUESTION0_0_R 1 2.777e+01 1.395e+01 4.000e+00
|            ( - 5.714e+00 1 0)
|            ( - 8.108e+00 1 0)))
|    ( SILENCE -1 1.825e+02 4.486e+01 1.500e+01
|        ( - 5.582e+01 1 0)
|        ( QUESTION0_0_R 1 8.178e+01 1.761e+01 9.000e+00
|            ( - 5.955e+01 1 0)
|            ( - 4.620e+00 1 0))))
s>    ( QUESTION2_11_L -1 2.967e+02 6.192e+01 2.100e+01
s>        ( QUESTION11 -1 5.231e+01 1.883e+01 6.000e+00
s>            ( - 5.714e+00 1 0)
s>            ( QUESTION0_0_R 1 2.777e+01 1.395e+01 4.000e+00
s>                ( - 5.714e+00 1 0)
s>                ( - 8.108e+00 1 0)))
s>        ( SILENCE -1 1.825e+02 4.486e+01 1.500e+01
s>            ( - 5.582e+01 1 0)
s>            ( QUESTION0_0_R 1 8.178e+01 1.761e+01 9.000e+00
s>                ( - 5.955e+01 1 0)
s>                ( - 4.620e+00 1 0))))INFO: dtree.c(1439): stop. leaf nodes are specific
INFO: dtree.c(1478): Final simple tree
|( QUESTION0_0_R 1 3.224e+02 7.274e+01 2.100e+01
|    ( - 1.035e+02 2 0)
|    ( QUESTION1 -1 1.461e+02 3.457e+01 1.100e+01
|        ( - 7.598e+01 2 0)
|        ( QUESTION11 -1 3.555e+01 1.199e+01 4.000e+00
|            ( - 2.298e+01 1 0)
|            ( - 5.840e-01 1 0))))
s>    ( QUESTION0_0_R 1 3.224e+02 7.274e+01 2.100e+01
s>        ( - 1.035e+02 2 0)
s>        ( QUESTION1 -1 1.461e+02 3.457e+01 1.100e+01
s>            ( - 7.598e+01 2 0)
s>            ( QUESTION11 -1 3.555e+01 1.199e+01 4.000e+00
s>                ( - 2.298e+01 1 0)
s>                ( - 5.840e-01 1 0))))INFO: dtree.c(1315): Comp split 10
INFO: dtree.c(1439): stop. leaf nodes are specific
INFO: dtree.c(1478): Final simple tree
|( QUESTION1 -1 2.121e+02 4.085e+01 1.500e+01
|    ( QUESTION0_0_R 1 1.583e+02 2.626e+01 1.200e+01
|        ( - 1.282e+02 1 0)
|        ( - 3.810e+00 1 0))
|    ( QUESTION11 -1 1.302e+01 9.020e+00 3.000e+00
|        ( - 3.810e+00 1 0)
|        ( - 1.905e-01 1 0)))
s>    ( QUESTION1 -1 2.121e+02 4.085e+01 1.500e+01
s>        ( QUESTION0_0_R 1 1.583e+02 2.626e+01 1.200e+01
s>            ( - 1.282e+02 1 0)
s>            ( - 3.810e+00 1 0))
s>        ( QUESTION11 -1 1.302e+01 9.020e+00 3.000e+00
s>            ( - 3.810e+00 1 0)
s>            ( - 1.905e-01 1 0)))INFO: dtree.c(1439): stop. leaf nodes are specific
INFO: dtree.c(1478): Final simple tree
|( QUESTION0 -1 2.431e+02 5.412e+01 1.600e+01
|    ( QUESTION1 -1 1.128e+02 3.222e+01 9.000e+00
|        ( QUESTION0_0_R 1 3.365e+01 1.368e+01 4.000e+00
|            ( - 1.926e+01 1 0)
|            ( - 7.152e-01 1 0))
|        ( QUESTION0_0_R 1 4.690e+01 1.449e+01 5.000e+00
|            ( - 3.240e+01 1 0)
|            ( - 0.000e+00 1 0)))
|    ( - 7.622e+01 1 0))
s>    ( QUESTION0 -1 2.431e+02 5.412e+01 1.600e+01
s>        ( QUESTION1 -1 1.128e+02 3.222e+01 9.000e+00
s>            ( QUESTION0_0_R 1 3.365e+01 1.368e+01 4.000e+00
s>                ( - 1.926e+01 1 0)
s>                ( - 7.152e-01 1 0))
s>            ( QUESTION0_0_R 1 4.690e+01 1.449e+01 5.000e+00
s>                ( - 3.240e+01 1 0)
s>                ( - 0.000e+00 1 0)))
s>        ( - 7.622e+01 1 0))INFO: dtree.c(1315): Comp split 11
INFO: dtree.c(1439): stop. leaf nodes are specific
INFO: dtree.c(1478): Final simple tree
|( QUESTION2_7_L -1 3.283e+02 6.191e+01 2.157e+01
|    ( QUESTION14 -1 1.875e+02 3.404e+01 1.357e+01
|        ( - 1.174e+02 1 0)
|        ( - 3.604e+01 1 0))
|    ( QUESTION0 -1 7.884e+01 2.100e+01 8.000e+00
|        ( - 4.142e+01 1 0)
|        ( - 1.642e+01 1 0)))
s>    ( QUESTION2_7_L -1 3.283e+02 6.191e+01 2.157e+01
s>        ( QUESTION14 -1 1.875e+02 3.404e+01 1.357e+01
s>            ( - 1.174e+02 1 0)
s>            ( - 3.604e+01 1 0))
s>        ( QUESTION0 -1 7.884e+01 2.100e+01 8.000e+00
s>            ( - 4.142e+01 1 0)
s>            ( - 1.642e+01 1 0)))INFO: dtree.c(1439): stop. leaf nodes are specific
INFO: dtree.c(1478): Final simple tree
|( QUESTION0 -1 2.164e+02 3.925e+01 1.499e+01
|    ( QUESTION8 -1 1.483e+02 1.732e+01 1.100e+01
|        ( - 1.238e+00 1 0)
|        ( - 1.297e+02 1 0))
|    ( - 2.889e+01 1 0))
s>    ( QUESTION0 -1 2.164e+02 3.925e+01 1.499e+01
s>        ( QUESTION8 -1 1.483e+02 1.732e+01 1.100e+01
s>            ( - 1.238e+00 1 0)
s>            ( - 1.297e+02 1 0))
s>        ( - 2.889e+01 1 0))INFO: dtree.c(1315): Comp split 12
INFO: dtree.c(1439): stop. leaf nodes are specific
INFO: dtree.c(1478): Final simple tree
|( QUESTION2_7_L -1 4.086e+02 2.846e+01 2.618e+01
|    ( - 1.066e+01 1 0)
|    ( - 3.695e+02 1 0))
s>    ( QUESTION2_7_L -1 4.086e+02 2.846e+01 2.618e+01
s>        ( - 1.066e+01 1 0)
s>        ( - 3.695e+02 1 0))INFO: dtree.c(1315): Comp split 13
INFO: dtree.c(1439): stop. leaf nodes are specific
INFO: dtree.c(1478): Final simple tree
|( QUESTION1 -1 1.286e+02 2.968e+01 1.000e+01
|    ( - 7.598e+01 2 0)
|    ( - 2.298e+01 1 0))
s>    ( QUESTION1 -1 1.286e+02 2.968e+01 1.000e+01
s>        ( - 7.598e+01 2 0)
s>        ( - 2.298e+01 1 0))INFO: dtree.c(1439): stop. leaf nodes are specific
INFO: dtree.c(1478): Final simple tree
|( QUESTION0_0_R 1 1.191e+02 1.498e+01 1.100e+01
|    ( - 1.035e+02 2 0)
|    ( - 5.840e-01 1 0))
s>    ( QUESTION0_0_R 1 1.191e+02 1.498e+01 1.100e+01
s>        ( - 1.035e+02 2 0)
s>        ( - 5.840e-01 1 0))INFO: dtree.c(1315): Comp split 14
INFO: dtree.c(1439): stop. leaf nodes are specific
INFO: dtree.c(1478): Final simple tree
|( QUESTION0_0_R 1 8.178e+01 1.761e+01 9.000e+00
|    ( - 5.955e+01 1 0)
|    ( - 4.620e+00 1 0))
s>    ( QUESTION0_0_R 1 8.178e+01 1.761e+01 9.000e+00
s>        ( - 5.955e+01 1 0)
s>        ( - 4.620e+00 1 0))INFO: dtree.c(1439): stop. leaf nodes are specific
INFO: dtree.c(1478): Final simple tree
|( SILENCE -1 1.481e+02 3.998e+01 1.200e+01
|    ( - 5.582e+01 1 0)
|    ( QUESTION11 -1 5.231e+01 1.883e+01 6.000e+00
|        ( - 5.714e+00 1 0)
|        ( QUESTION0_0_R 1 2.777e+01 1.395e+01 4.000e+00
|            ( - 5.714e+00 1 0)
|            ( - 8.108e+00 1 0))))
s>    ( SILENCE -1 1.481e+02 3.998e+01 1.200e+01
s>        ( - 5.582e+01 1 0)
s>        ( QUESTION11 -1 5.231e+01 1.883e+01 6.000e+00
s>            ( - 5.714e+00 1 0)
s>            ( QUESTION0_0_R 1 2.777e+01 1.395e+01 4.000e+00
s>                ( - 5.714e+00 1 0)
s>                ( - 8.108e+00 1 0))))INFO: dtree.c(1315): Comp split 15
INFO: dtree.c(1439): stop. leaf nodes are specific
INFO: dtree.c(1478): Final simple tree
|( QUESTION0 -1 7.884e+01 2.100e+01 8.000e+00
|    ( - 4.142e+01 1 0)
|    ( - 1.642e+01 1 0))
s>    ( QUESTION0 -1 7.884e+01 2.100e+01 8.000e+00
s>        ( - 4.142e+01 1 0)
s>        ( - 1.642e+01 1 0))INFO: dtree.c(1439): stop. leaf nodes are specific
INFO: dtree.c(1478): Final simple tree
|( QUESTION14 -1 1.875e+02 3.404e+01 1.357e+01
|    ( - 1.174e+02 1 0)
|    ( - 3.604e+01 1 0))
s>    ( QUESTION14 -1 1.875e+02 3.404e+01 1.357e+01
s>        ( - 1.174e+02 1 0)
s>        ( - 3.604e+01 1 0))INFO: dtree.c(1315): Comp split 16
INFO: dtree.c(1439): stop. leaf nodes are specific
INFO: dtree.c(1478): Final simple tree
|( QUESTION2 -1 9.473e+01 2.906e+01 8.000e+00
|    ( - 1.926e+01 1 0)
|    ( QUESTION0_0_R 1 4.642e+01 1.330e+01 5.000e+00
|        ( - 3.240e+01 1 0)
|        ( - 7.152e-01 1 0)))
s>    ( QUESTION2 -1 9.473e+01 2.906e+01 8.000e+00
s>        ( - 1.926e+01 1 0)
s>        ( QUESTION0_0_R 1 4.642e+01 1.330e+01 5.000e+00
s>            ( - 3.240e+01 1 0)
s>            ( - 7.152e-01 1 0)))INFO: dtree.c(1439): stop. leaf nodes are specific
INFO: dtree.c(1478): Final simple tree
|( QUESTION0_0_R 1 9.171e+01 1.549e+01 8.000e+00
|    ( - 7.622e+01 1 0)
|    ( - 0.000e+00 1 0))
s>    ( QUESTION0_0_R 1 9.171e+01 1.549e+01 8.000e+00
s>        ( - 7.622e+01 1 0)
s>        ( - 0.000e+00 1 0))INFO: dtree.c(1315): Comp split 17
INFO: dtree.c(1315): Comp split 18
INFO: dtree.c(1439): stop. leaf nodes are specific
INFO: dtree.c(1478): Final simple tree
|( QUESTION0_0_R 1 3.594e+01 1.911e+01 5.000e+00
|    ( QUESTION11 -1 1.302e+01 9.020e+00 3.000e+00
|        ( - 3.810e+00 1 0)
|        ( - 1.905e-01 1 0))
|    ( - 3.810e+00 1 0))
s>    ( QUESTION0_0_R 1 3.594e+01 1.911e+01 5.000e+00
s>        ( QUESTION11 -1 1.302e+01 9.020e+00 3.000e+00
s>            ( - 3.810e+00 1 0)
s>            ( - 1.905e-01 1 0))
s>        ( - 3.810e+00 1 0))INFO: dtree.c(1315): Comp split 19
INFO: dtree.c(1439): stop. leaf nodes are specific
INFO: dtree.c(1478): Final simple tree
|( QUESTION0 -1 4.532e+01 1.519e+01 4.986e+00
|    ( - 1.238e+00 1 0)
|    ( - 2.889e+01 1 0))
s>    ( QUESTION0 -1 4.532e+01 1.519e+01 4.986e+00
s>        ( - 1.238e+00 1 0)
s>        ( - 2.889e+01 1 0))INFO: dtree.c(1315): Comp split 20
INFO: dtree.c(1439): stop. leaf nodes are specific
INFO: dtree.c(1478): Final simple tree
|( QUESTION11 -1 5.231e+01 1.883e+01 6.000e+00
|    ( - 5.714e+00 1 0)
|    ( QUESTION0_0_R 1 2.777e+01 1.395e+01 4.000e+00
|        ( - 5.714e+00 1 0)
|        ( - 8.108e+00 1 0)))
s>    ( QUESTION11 -1 5.231e+01 1.883e+01 6.000e+00
s>        ( - 5.714e+00 1 0)
s>        ( QUESTION0_0_R 1 2.777e+01 1.395e+01 4.000e+00
s>            ( - 5.714e+00 1 0)
s>            ( - 8.108e+00 1 0)))INFO: dtree.c(1315): Comp split 21
INFO: dtree.c(1315): Comp split 22
INFO: dtree.c(1315): Comp split 23
INFO: dtree.c(1315): Comp split 24
INFO: dtree.c(1439): stop. leaf nodes are specific
INFO: dtree.c(1478): Final simple tree
|( QUESTION0_0_R 1 4.642e+01 1.330e+01 5.000e+00
|    ( - 3.240e+01 1 0)
|    ( - 7.152e-01 1 0))
s>    ( QUESTION0_0_R 1 4.642e+01 1.330e+01 5.000e+00
s>        ( - 3.240e+01 1 0)
s>        ( - 7.152e-01 1 0))INFO: dtree.c(1315): Comp split 25
INFO: dtree.c(1315): Comp split 26
INFO: dtree.c(1315): Comp split 27
INFO: dtree.c(1439): stop. leaf nodes are specific
INFO: dtree.c(1478): Final simple tree
|( QUESTION0_0_R 1 2.683e+01 1.301e+01 4.000e+00
|    ( - 5.714e+00 1 0)
|    ( - 8.108e+00 1 0))
s>    ( QUESTION0_0_R 1 2.683e+01 1.301e+01 4.000e+00
s>        ( - 5.714e+00 1 0)
s>        ( - 8.108e+00 1 0))INFO: dtree.c(1315): Comp split 28
INFO: dtree.c(1439): stop. leaf nodes are specific
INFO: dtree.c(1478): Final simple tree
|( QUESTION11 -1 1.302e+01 9.020e+00 3.000e+00
|    ( - 3.810e+00 1 0)
|    ( - 1.905e-01 1 0))
s>    ( QUESTION11 -1 1.302e+01 9.020e+00 3.000e+00
s>        ( - 3.810e+00 1 0)
s>        ( - 1.905e-01 1 0))INFO: dtree.c(1315): Comp split 29
INFO: dtree.c(1315): Comp split 30
INFO: dtree.c(1315): Comp split 31
INFO: dtree.c(1315): Comp split 32
INFO: dtree.c(1315): Comp split 33
INFO: dtree.c(1315): Comp split 34
INFO: dtree.c(1315): Comp split 35
INFO: dtree.c(1315): Comp split 36
INFO: dtree.c(1318): stop. leaf nodes are specific
Fri Nov  2 10:07:55 2018
