Current configuration:
[NAME]		[DEFLT]	[VALUE]
-allphones	no	no
-cntthresh	0.00001	1.000000e-05
-csplitmax	100	2000
-csplitmin	1	1
-csplitthr	8e-4	0.000000e+00
-example	no	no
-fullvar	no	no
-help		no	no
-meanfn			
-mixwfn			/home/sdv/Documents/SDV/SDVoice/an4/model_parameters/an4.cd_semi_untied/mixture_weights
-moddeffn		/home/sdv/Documents/SDV/SDVoice/an4/model_architecture/an4.untied.mdef
-mwfloor	1e-4	1.000000e-08
-phone			IH
-psetfn			/home/sdv/Documents/SDV/SDVoice/an4/model_architecture/an4.tree_questions
-ssplitmax	5	7
-ssplitmin	1	1
-ssplitthr	8e-4	0.000000e+00
-state			1
-stwt			1.0,0.05,0.0,
-treefn			/home/sdv/Documents/SDV/SDVoice/an4/trees/an4.unpruned/IH-1.dtree
-ts2cbfn	.semi.	.semi.
-varfloor	0.00001	1.000000e-05
-varfn			

INFO: main.c(223): Reading: /home/sdv/Documents/SDV/SDVoice/an4/model_architecture/an4.untied.mdef
INFO: model_def_io.c(573): Model definition info:
INFO: model_def_io.c(574): 1618 total models defined (34 base, 1584 tri)
INFO: model_def_io.c(575): 6472 total states
INFO: model_def_io.c(576): 4854 total tied states
INFO: model_def_io.c(577): 102 total tied CI states
INFO: model_def_io.c(578): 34 total tied transition matrices
INFO: model_def_io.c(579): 4 max state/model
INFO: model_def_io.c(580): 4 min state/model
INFO: main.c(242): Building trees for [IH D S i] through [IH Z R i]
INFO: main.c(269): Covering states |[1809 1835]| == 27
INFO: main.c(275): Reading: /home/sdv/Documents/SDV/SDVoice/an4/model_parameters/an4.cd_semi_untied/mixture_weights
INFO: s3mixw_io.c(173): Read /home/sdv/Documents/SDV/SDVoice/an4/model_parameters/an4.cd_semi_untied/mixture_weights [27x4x256 array]
INFO: main.c(311): 9 of 9 models have observation count greater than 0.000010
INFO: main.c(95): nrm stwt: 0.045 0.909 0.045 
INFO: main.c(411): 9-class entropy: 2.690345e+04
INFO: main.c(549): Reading: /home/sdv/Documents/SDV/SDVoice/an4/model_architecture/an4.tree_questions
INFO: main.c(588): 176 total simple questions (168 phone; 8 word bndry)
INFO: main.c(590): 42 Left Only questions, and 42 Right Only questions
INFO: dtree.c(1478): Final simple tree
|( QUESTION0_0_R 1 3.055e+04 1.732e+03 1.318e+03
|    ( QUESTION0 -1 5.133e+03 4.935e+02 2.328e+02
|        ( WDBNDRY_B 0 1.720e+03 7.379e+01 9.186e+01
|            ( - 4.184e+01 1 0)
|            ( - 1.605e+03 1 0))
|        ( QUESTION0_1_R 1 2.919e+03 1.048e+02 1.409e+02
|            ( - 4.646e+01 2 0 SILENCE -1 1.995e+01 5.000e+00)
|            ( - 2.767e+03 1 0)))
|    ( QUESTION2_11_L -1 2.368e+04 8.682e+02 1.085e+03
|        ( - 1.861e+04 1 0)
|        ( QUESTION1 -1 4.204e+03 3.154e+02 2.085e+02
|            ( QUESTION0_10_R 1 5.184e+02 3.618e+01 3.100e+01
|                ( - 4.744e+02 1 0)
|                ( - 7.739e+00 1 0))
|            ( - 3.370e+03 1 0))))
s>    ( QUESTION0_0_R 1 3.055e+04 1.732e+03 1.318e+03
s>        ( QUESTION0 -1 5.133e+03 4.935e+02 2.328e+02
s>            ( WDBNDRY_B 0 1.720e+03 7.379e+01 9.186e+01
s>                ( - 4.184e+01 1 0)
s>                ( - 1.605e+03 1 0))
s>            ( QUESTION0_1_R 1 2.919e+03 1.048e+02 1.409e+02
s>                ( - 4.646e+01 2 0 SILENCE -1 1.995e+01 5.000e+00)
s>                ( - 2.767e+03 1 0)))
s>        ( QUESTION2_11_L -1 2.368e+04 8.682e+02 1.085e+03
s>            ( - 1.861e+04 1 0)
s>            ( QUESTION1 -1 4.204e+03 3.154e+02 2.085e+02
s>                ( QUESTION0_10_R 1 5.184e+02 3.618e+01 3.100e+01
s>                    ( - 4.744e+02 1 0)
s>                    ( - 7.739e+00 1 0))
s>                ( - 3.370e+03 1 0))))INFO: dtree.c(1315): Comp split 0
INFO: dtree.c(1439): stop. leaf nodes are specific
INFO: dtree.c(1478): Final simple tree
|( QUESTION0 -1 6.015e+03 5.581e+02 2.638e+02
|    ( QUESTION0_8_R 1 2.538e+03 3.041e+02 1.229e+02
|        ( - 1.605e+03 1 0)
|        ( QUESTION0_10_R 1 6.294e+02 8.161e+01 3.600e+01
|            ( - 4.744e+02 1 0)
|            ( WDBNDRY_B 0 7.339e+01 2.381e+01 7.000e+00
|                ( - 4.184e+01 1 0)
|                ( - 7.739e+00 1 0))))
|    ( QUESTION0_1_R 1 2.919e+03 1.048e+02 1.409e+02
|        ( SILENCE -1 4.646e+01 1.995e+01 5.000e+00
|            ( - 1.979e+01 1 0)
|            ( - 6.727e+00 1 0))
|        ( - 2.767e+03 1 0)))
s>    ( QUESTION0 -1 6.015e+03 5.581e+02 2.638e+02
s>        ( QUESTION0_8_R 1 2.538e+03 3.041e+02 1.229e+02
s>            ( - 1.605e+03 1 0)
s>            ( QUESTION0_10_R 1 6.294e+02 8.161e+01 3.600e+01
s>                ( - 4.744e+02 1 0)
s>                ( WDBNDRY_B 0 7.339e+01 2.381e+01 7.000e+00
s>                    ( - 4.184e+01 1 0)
s>                    ( - 7.739e+00 1 0))))
s>        ( QUESTION0_1_R 1 2.919e+03 1.048e+02 1.409e+02
s>            ( SILENCE -1 4.646e+01 1.995e+01 5.000e+00
s>                ( - 1.979e+01 1 0)
s>                ( - 6.727e+00 1 0))
s>            ( - 2.767e+03 1 0)))INFO: dtree.c(1439): stop. leaf nodes are specific
INFO: dtree.c(1478): Final simple tree
|( QUESTION0_10_R 1 2.274e+04 7.579e+02 1.054e+03
|    ( - 1.861e+04 1 0)
|    ( - 3.370e+03 1 0))
s>    ( QUESTION0_10_R 1 2.274e+04 7.579e+02 1.054e+03
s>        ( - 1.861e+04 1 0)
s>        ( - 3.370e+03 1 0))INFO: dtree.c(1315): Comp split 1
INFO: dtree.c(1315): Comp split 2
INFO: dtree.c(1439): stop. leaf nodes are specific
INFO: dtree.c(1478): Final simple tree
|( SILENCE -1 2.876e+03 7.873e+01 1.399e+02
|    ( - 2.767e+03 1 0)
|    ( WDBNDRY_B 0 3.026e+01 1.579e+01 4.000e+00
|        ( - 6.727e+00 1 0)
|        ( - 7.739e+00 1 0)))
s>    ( SILENCE -1 2.876e+03 7.873e+01 1.399e+02
s>        ( - 2.767e+03 1 0)
s>        ( WDBNDRY_B 0 3.026e+01 1.579e+01 4.000e+00
s>            ( - 6.727e+00 1 0)
s>            ( - 7.739e+00 1 0)))INFO: dtree.c(1439): stop. leaf nodes are specific
INFO: dtree.c(1478): Final simple tree
|( QUESTION0_8_R 1 2.577e+03 3.082e+02 1.239e+02
|    ( - 1.605e+03 1 0)
|    ( WDBNDRY_B 0 6.638e+02 9.826e+01 3.700e+01
|        ( SILENCE -1 9.109e+01 2.947e+01 8.000e+00
|            ( - 1.979e+01 1 0)
|            ( - 4.184e+01 1 0))
|        ( - 4.744e+02 1 0)))
s>    ( QUESTION0_8_R 1 2.577e+03 3.082e+02 1.239e+02
s>        ( - 1.605e+03 1 0)
s>        ( WDBNDRY_B 0 6.638e+02 9.826e+01 3.700e+01
s>            ( SILENCE -1 9.109e+01 2.947e+01 8.000e+00
s>                ( - 1.979e+01 1 0)
s>                ( - 4.184e+01 1 0))
s>            ( - 4.744e+02 1 0)))INFO: dtree.c(1315): Comp split 3
INFO: dtree.c(1439): stop. leaf nodes are specific
INFO: dtree.c(1478): Final simple tree
|( WDBNDRY_B 0 6.638e+02 9.826e+01 3.700e+01
|    ( SILENCE -1 9.109e+01 2.947e+01 8.000e+00
|        ( - 1.979e+01 1 0)
|        ( - 4.184e+01 1 0))
|    ( - 4.744e+02 1 0))
s>    ( WDBNDRY_B 0 6.638e+02 9.826e+01 3.700e+01
s>        ( SILENCE -1 9.109e+01 2.947e+01 8.000e+00
s>            ( - 1.979e+01 1 0)
s>            ( - 4.184e+01 1 0))
s>        ( - 4.744e+02 1 0))INFO: dtree.c(1315): Comp split 4
INFO: dtree.c(1439): stop. leaf nodes are specific
INFO: dtree.c(1478): Final simple tree
|( SILENCE -1 9.109e+01 2.947e+01 8.000e+00
|    ( - 1.979e+01 1 0)
|    ( - 4.184e+01 1 0))
s>    ( SILENCE -1 9.109e+01 2.947e+01 8.000e+00
s>        ( - 1.979e+01 1 0)
s>        ( - 4.184e+01 1 0))INFO: dtree.c(1315): Comp split 5
INFO: dtree.c(1439): stop. leaf nodes are specific
INFO: dtree.c(1478): Final simple tree
|( WDBNDRY_B 0 3.026e+01 1.579e+01 4.000e+00
|    ( - 6.727e+00 1 0)
|    ( - 7.739e+00 1 0))
s>    ( WDBNDRY_B 0 3.026e+01 1.579e+01 4.000e+00
s>        ( - 6.727e+00 1 0)
s>        ( - 7.739e+00 1 0))INFO: dtree.c(1315): Comp split 6
INFO: dtree.c(1315): Comp split 7
INFO: dtree.c(1315): Comp split 8
INFO: dtree.c(1318): stop. leaf nodes are specific
Fri Nov  2 10:06:44 2018
