Current configuration:
[NAME]		[DEFLT]	[VALUE]
-allphones	no	no
-cntthresh	0.00001	1.000000e-05
-csplitmax	100	2000
-csplitmin	1	1
-csplitthr	8e-4	0.000000e+00
-example	no	no
-fullvar	no	no
-help		no	no
-meanfn			
-mixwfn			/home/sdv/Documents/SDV/SDVoice/an4/model_parameters/an4.cd_semi_untied/mixture_weights
-moddeffn		/home/sdv/Documents/SDV/SDVoice/an4/model_architecture/an4.untied.mdef
-mwfloor	1e-4	1.000000e-08
-phone			AA
-psetfn			/home/sdv/Documents/SDV/SDVoice/an4/model_architecture/an4.tree_questions
-ssplitmax	5	7
-ssplitmin	1	1
-ssplitthr	8e-4	0.000000e+00
-state			1
-stwt			1.0,0.05,0.0,
-treefn			/home/sdv/Documents/SDV/SDVoice/an4/trees/an4.unpruned/AA-1.dtree
-ts2cbfn	.semi.	.semi.
-varfloor	0.00001	1.000000e-05
-varfn			

INFO: main.c(223): Reading: /home/sdv/Documents/SDV/SDVoice/an4/model_architecture/an4.untied.mdef
INFO: model_def_io.c(573): Model definition info:
INFO: model_def_io.c(574): 1618 total models defined (34 base, 1584 tri)
INFO: model_def_io.c(575): 6472 total states
INFO: model_def_io.c(576): 4854 total tied states
INFO: model_def_io.c(577): 102 total tied CI states
INFO: model_def_io.c(578): 34 total tied transition matrices
INFO: model_def_io.c(579): 4 max state/model
INFO: model_def_io.c(580): 4 min state/model
INFO: main.c(242): Building trees for [AA AH R b] through [AA UW R b]
INFO: main.c(269): Covering states |[102 161]| == 60
INFO: main.c(275): Reading: /home/sdv/Documents/SDV/SDVoice/an4/model_parameters/an4.cd_semi_untied/mixture_weights
INFO: s3mixw_io.c(173): Read /home/sdv/Documents/SDV/SDVoice/an4/model_parameters/an4.cd_semi_untied/mixture_weights [60x4x256 array]
INFO: main.c(311): 20 of 20 models have observation count greater than 0.000010
INFO: main.c(95): nrm stwt: 0.045 0.909 0.045 
INFO: main.c(411): 20-class entropy: 4.146589e+04
INFO: main.c(549): Reading: /home/sdv/Documents/SDV/SDVoice/an4/model_architecture/an4.tree_questions
INFO: main.c(588): 176 total simple questions (168 phone; 8 word bndry)
INFO: main.c(590): 42 Left Only questions, and 42 Right Only questions
INFO: dtree.c(1478): Final simple tree
|( WDBNDRY_B 0 4.800e+04 1.217e+03 2.165e+03
|    ( QUESTION13 -1 4.313e+04 7.804e+02 1.974e+03
|        ( QUESTION2_0_L -1 2.573e+04 6.422e+02 1.189e+03
|            ( - 9.101e+03 2 0 QUESTION16 -1 2.788e+02 4.226e+02)
|            ( QUESTION14 -1 1.599e+04 4.832e+02 7.660e+02
|                ( - 1.118e+04 2 0)
|                ( - 4.326e+03 2 0)))
|        ( QUESTION2 -1 1.661e+04 6.042e+02 7.855e+02
|            ( - 1.122e+04 2 0)
|            ( QUESTION10 -1 4.794e+03 3.778e+02 2.453e+02
|                ( - 2.057e+03 4 0 QUESTION2_16_L -1 2.222e+02 1.186e+02)
|                ( - 2.359e+03 4 0 QUESTION0_0_R 1 1.874e+02 1.267e+02))))
|    ( QUESTION0_10_R 1 3.654e+03 3.532e+02 1.905e+02
|        ( - 2.482e+03 1 0)
|        ( - 8.196e+02 3 0 QUESTION1 -1 1.113e+02 5.178e+01)))
s>    ( WDBNDRY_B 0 4.800e+04 1.217e+03 2.165e+03
s>        ( QUESTION13 -1 4.313e+04 7.804e+02 1.974e+03
s>            ( QUESTION2_0_L -1 2.573e+04 6.422e+02 1.189e+03
s>                ( - 9.101e+03 2 0 QUESTION16 -1 2.788e+02 4.226e+02)
s>                ( QUESTION14 -1 1.599e+04 4.832e+02 7.660e+02
s>                    ( - 1.118e+04 2 0)
s>                    ( - 4.326e+03 2 0)))
s>            ( QUESTION2 -1 1.661e+04 6.042e+02 7.855e+02
s>                ( - 1.122e+04 2 0)
s>                ( QUESTION10 -1 4.794e+03 3.778e+02 2.453e+02
s>                    ( - 2.057e+03 4 0 QUESTION2_16_L -1 2.222e+02 1.186e+02)
s>                    ( - 2.359e+03 4 0 QUESTION0_0_R 1 1.874e+02 1.267e+02))))
s>        ( QUESTION0_10_R 1 3.654e+03 3.532e+02 1.905e+02
s>            ( - 2.482e+03 1 0)
s>            ( - 8.196e+02 3 0 QUESTION1 -1 1.113e+02 5.178e+01)))INFO: dtree.c(1315): Comp split 0
INFO: dtree.c(1478): Final simple tree
|( QUESTION0_0_R 1 6.593e+03 6.545e+02 3.171e+02
|    ( SILENCE -1 2.977e+03 2.766e+02 1.614e+02
|        ( - 1.804e+03 1 0)
|        ( QUESTION1 -1 8.960e+02 1.423e+02 5.578e+01
|            ( WDBNDRY_B 0 2.532e+02 6.077e+01 1.800e+01
|                ( - 1.128e+02 1 0)
|                ( - 7.969e+01 1 0))
|            ( - 5.006e+02 1 0)))
|    ( WDBNDRY_B 0 2.962e+03 1.841e+02 1.557e+02
|        ( QUESTION0_11_R 1 1.544e+02 4.718e+01 1.103e+01
|            ( - 4.867e+01 1 0)
|            ( - 5.850e+01 1 0))
|        ( QUESTION0_10_R 1 2.623e+03 9.395e+01 1.447e+02
|            ( - 2.482e+03 1 0)
|            ( - 4.791e+01 1 0))))
s>    ( QUESTION0_0_R 1 6.593e+03 6.545e+02 3.171e+02
s>        ( SILENCE -1 2.977e+03 2.766e+02 1.614e+02
s>            ( - 1.804e+03 1 0)
s>            ( QUESTION1 -1 8.960e+02 1.423e+02 5.578e+01
s>                ( WDBNDRY_B 0 2.532e+02 6.077e+01 1.800e+01
s>                    ( - 1.128e+02 1 0)
s>                    ( - 7.969e+01 1 0))
s>                ( - 5.006e+02 1 0)))
s>        ( WDBNDRY_B 0 2.962e+03 1.841e+02 1.557e+02
s>            ( QUESTION0_11_R 1 1.544e+02 4.718e+01 1.103e+01
s>                ( - 4.867e+01 1 0)
s>                ( - 5.850e+01 1 0))
s>            ( QUESTION0_10_R 1 2.623e+03 9.395e+01 1.447e+02
s>                ( - 2.482e+03 1 0)
s>                ( - 4.791e+01 1 0))))INFO: dtree.c(1478): Final simple tree
|( QUESTION2_9_L -1 4.016e+04 7.239e+02 1.847e+03
|    ( QUESTION1 -1 1.658e+04 4.552e+02 7.987e+02
|        ( - 1.122e+04 2 0)
|        ( QUESTION0 -1 4.910e+03 2.347e+02 2.585e+02
|            ( - 3.490e+02 1 0)
|            ( - 4.326e+03 2 0)))
|    ( QUESTION15 -1 2.286e+04 6.359e+02 1.049e+03
|        ( QUESTION16 -1 9.101e+03 2.788e+02 4.226e+02
|            ( - 5.079e+02 1 0)
|            ( - 8.315e+03 1 0))
|        ( QUESTION0 -1 1.312e+04 4.330e+02 6.261e+02
|            ( QUESTION2_11_L -1 1.509e+03 1.920e+02 8.900e+01
|                ( - 7.533e+02 2 0 QUESTION11 -1 1.259e+02 5.300e+01)
|                ( - 5.641e+02 1 0))
|            ( - 1.118e+04 2 0))))
s>    ( QUESTION2_9_L -1 4.016e+04 7.239e+02 1.847e+03
s>        ( QUESTION1 -1 1.658e+04 4.552e+02 7.987e+02
s>            ( - 1.122e+04 2 0)
s>            ( QUESTION0 -1 4.910e+03 2.347e+02 2.585e+02
s>                ( - 3.490e+02 1 0)
s>                ( - 4.326e+03 2 0)))
s>        ( QUESTION15 -1 2.286e+04 6.359e+02 1.049e+03
s>            ( QUESTION16 -1 9.101e+03 2.788e+02 4.226e+02
s>                ( - 5.079e+02 1 0)
s>                ( - 8.315e+03 1 0))
s>            ( QUESTION0 -1 1.312e+04 4.330e+02 6.261e+02
s>                ( QUESTION2_11_L -1 1.509e+03 1.920e+02 8.900e+01
s>                    ( - 7.533e+02 2 0 QUESTION11 -1 1.259e+02 5.300e+01)
s>                    ( - 5.641e+02 1 0))
s>                ( - 1.118e+04 2 0))))INFO: dtree.c(1315): Comp split 1
INFO: dtree.c(1439): stop. leaf nodes are specific
INFO: dtree.c(1478): Final simple tree
|( QUESTION1 -1 1.850e+04 5.211e+02 8.877e+02
|    ( - 1.122e+04 2 0)
|    ( QUESTION0 -1 6.766e+03 3.835e+02 3.475e+02
|        ( QUESTION2_16_L -1 2.057e+03 2.222e+02 1.186e+02
|            ( - 5.641e+02 1 0)
|            ( QUESTION2_13_L -1 1.270e+03 1.710e+02 8.262e+01
|                ( - 3.257e+02 1 0)
|                ( QUESTION11 -1 7.737e+02 1.230e+02 5.462e+01
|                    ( - 3.017e+02 1 0)
|                    ( - 3.490e+02 1 0))))
|        ( - 4.326e+03 2 0)))
s>    ( QUESTION1 -1 1.850e+04 5.211e+02 8.877e+02
s>        ( - 1.122e+04 2 0)
s>        ( QUESTION0 -1 6.766e+03 3.835e+02 3.475e+02
s>            ( QUESTION2_16_L -1 2.057e+03 2.222e+02 1.186e+02
s>                ( - 5.641e+02 1 0)
s>                ( QUESTION2_13_L -1 1.270e+03 1.710e+02 8.262e+01
s>                    ( - 3.257e+02 1 0)
s>                    ( QUESTION11 -1 7.737e+02 1.230e+02 5.462e+01
s>                        ( - 3.017e+02 1 0)
s>                        ( - 3.490e+02 1 0))))
s>            ( - 4.326e+03 2 0)))INFO: dtree.c(1439): stop. leaf nodes are specific
INFO: dtree.c(1478): Final simple tree
|( QUESTION14 -1 2.086e+04 5.787e+02 9.597e+02
|    ( - 1.118e+04 2 0)
|    ( QUESTION16 -1 9.101e+03 2.788e+02 4.226e+02
|        ( - 5.079e+02 1 0)
|        ( - 8.315e+03 1 0)))
s>    ( QUESTION14 -1 2.086e+04 5.787e+02 9.597e+02
s>        ( - 1.118e+04 2 0)
s>        ( QUESTION16 -1 9.101e+03 2.788e+02 4.226e+02
s>            ( - 5.079e+02 1 0)
s>            ( - 8.315e+03 1 0)))INFO: dtree.c(1315): Comp split 2
INFO: dtree.c(1439): stop. leaf nodes are specific
INFO: dtree.c(1478): Final simple tree
|( WDBNDRY_B 0 2.962e+03 1.841e+02 1.557e+02
|    ( QUESTION0_11_R 1 1.544e+02 4.718e+01 1.103e+01
|        ( - 4.867e+01 1 0)
|        ( - 5.850e+01 1 0))
|    ( QUESTION0_10_R 1 2.623e+03 9.395e+01 1.447e+02
|        ( - 2.482e+03 1 0)
|        ( - 4.791e+01 1 0)))
s>    ( WDBNDRY_B 0 2.962e+03 1.841e+02 1.557e+02
s>        ( QUESTION0_11_R 1 1.544e+02 4.718e+01 1.103e+01
s>            ( - 4.867e+01 1 0)
s>            ( - 5.850e+01 1 0))
s>        ( QUESTION0_10_R 1 2.623e+03 9.395e+01 1.447e+02
s>            ( - 2.482e+03 1 0)
s>            ( - 4.791e+01 1 0)))INFO: dtree.c(1439): stop. leaf nodes are specific
INFO: dtree.c(1478): Final simple tree
|( SILENCE -1 2.977e+03 2.766e+02 1.614e+02
|    ( - 1.804e+03 1 0)
|    ( QUESTION1 -1 8.960e+02 1.423e+02 5.578e+01
|        ( WDBNDRY_B 0 2.532e+02 6.077e+01 1.800e+01
|            ( - 1.128e+02 1 0)
|            ( - 7.969e+01 1 0))
|        ( - 5.006e+02 1 0)))
s>    ( SILENCE -1 2.977e+03 2.766e+02 1.614e+02
s>        ( - 1.804e+03 1 0)
s>        ( QUESTION1 -1 8.960e+02 1.423e+02 5.578e+01
s>            ( WDBNDRY_B 0 2.532e+02 6.077e+01 1.800e+01
s>                ( - 1.128e+02 1 0)
s>                ( - 7.969e+01 1 0))
s>            ( - 5.006e+02 1 0)))INFO: dtree.c(1315): Comp split 3
INFO: dtree.c(1439): stop. leaf nodes are specific
INFO: dtree.c(1478): Final simple tree
|( QUESTION16 -1 9.101e+03 2.788e+02 4.226e+02
|    ( - 5.079e+02 1 0)
|    ( - 8.315e+03 1 0))
s>    ( QUESTION16 -1 9.101e+03 2.788e+02 4.226e+02
s>        ( - 5.079e+02 1 0)
s>        ( - 8.315e+03 1 0))INFO: dtree.c(1315): Comp split 4
INFO: dtree.c(1439): stop. leaf nodes are specific
INFO: dtree.c(1478): Final simple tree
|( QUESTION0 -1 6.766e+03 3.835e+02 3.475e+02
|    ( QUESTION2_16_L -1 2.057e+03 2.222e+02 1.186e+02
|        ( - 5.641e+02 1 0)
|        ( QUESTION2_13_L -1 1.270e+03 1.710e+02 8.262e+01
|            ( - 3.257e+02 1 0)
|            ( QUESTION11 -1 7.737e+02 1.230e+02 5.462e+01
|                ( - 3.017e+02 1 0)
|                ( - 3.490e+02 1 0))))
|    ( - 4.326e+03 2 0))
s>    ( QUESTION0 -1 6.766e+03 3.835e+02 3.475e+02
s>        ( QUESTION2_16_L -1 2.057e+03 2.222e+02 1.186e+02
s>            ( - 5.641e+02 1 0)
s>            ( QUESTION2_13_L -1 1.270e+03 1.710e+02 8.262e+01
s>                ( - 3.257e+02 1 0)
s>                ( QUESTION11 -1 7.737e+02 1.230e+02 5.462e+01
s>                    ( - 3.017e+02 1 0)
s>                    ( - 3.490e+02 1 0))))
s>        ( - 4.326e+03 2 0))INFO: dtree.c(1315): Comp split 5
INFO: dtree.c(1439): stop. leaf nodes are specific
INFO: dtree.c(1478): Final simple tree
|( QUESTION2_16_L -1 2.057e+03 2.222e+02 1.186e+02
|    ( - 5.641e+02 1 0)
|    ( QUESTION2_13_L -1 1.270e+03 1.710e+02 8.262e+01
|        ( - 3.257e+02 1 0)
|        ( QUESTION11 -1 7.737e+02 1.230e+02 5.462e+01
|            ( - 3.017e+02 1 0)
|            ( - 3.490e+02 1 0))))
s>    ( QUESTION2_16_L -1 2.057e+03 2.222e+02 1.186e+02
s>        ( - 5.641e+02 1 0)
s>        ( QUESTION2_13_L -1 1.270e+03 1.710e+02 8.262e+01
s>            ( - 3.257e+02 1 0)
s>            ( QUESTION11 -1 7.737e+02 1.230e+02 5.462e+01
s>                ( - 3.017e+02 1 0)
s>                ( - 3.490e+02 1 0))))INFO: dtree.c(1315): Comp split 6
INFO: dtree.c(1315): Comp split 7
INFO: dtree.c(1439): stop. leaf nodes are specific
INFO: dtree.c(1478): Final simple tree
|( QUESTION1 -1 8.960e+02 1.423e+02 5.578e+01
|    ( WDBNDRY_B 0 2.532e+02 6.077e+01 1.800e+01
|        ( - 1.128e+02 1 0)
|        ( - 7.969e+01 1 0))
|    ( - 5.006e+02 1 0))
s>    ( QUESTION1 -1 8.960e+02 1.423e+02 5.578e+01
s>        ( WDBNDRY_B 0 2.532e+02 6.077e+01 1.800e+01
s>            ( - 1.128e+02 1 0)
s>            ( - 7.969e+01 1 0))
s>        ( - 5.006e+02 1 0))INFO: dtree.c(1315): Comp split 8
INFO: dtree.c(1439): stop. leaf nodes are specific
INFO: dtree.c(1478): Final simple tree
|( QUESTION11 -1 7.737e+02 1.230e+02 5.462e+01
|    ( - 3.017e+02 1 0)
|    ( - 3.490e+02 1 0))
s>    ( QUESTION11 -1 7.737e+02 1.230e+02 5.462e+01
s>        ( - 3.017e+02 1 0)
s>        ( - 3.490e+02 1 0))INFO: dtree.c(1439): stop. leaf nodes are specific
INFO: dtree.c(1478): Final simple tree
|( QUESTION11 -1 1.041e+03 1.515e+02 6.400e+01
|    ( - 5.641e+02 1 0)
|    ( - 3.257e+02 1 0))
s>    ( QUESTION11 -1 1.041e+03 1.515e+02 6.400e+01
s>        ( - 5.641e+02 1 0)
s>        ( - 3.257e+02 1 0))INFO: dtree.c(1315): Comp split 9
INFO: dtree.c(1439): stop. leaf nodes are specific
INFO: dtree.c(1478): Final simple tree
|( QUESTION0_14_R 1 2.482e+02 5.647e+01 1.703e+01
|    ( - 5.850e+01 1 0)
|    ( WDBNDRY_B 0 1.332e+02 3.664e+01 1.100e+01
|        ( - 4.867e+01 1 0)
|        ( - 4.791e+01 1 0)))
s>    ( QUESTION0_14_R 1 2.482e+02 5.647e+01 1.703e+01
s>        ( - 5.850e+01 1 0)
s>        ( WDBNDRY_B 0 1.332e+02 3.664e+01 1.100e+01
s>            ( - 4.867e+01 1 0)
s>            ( - 4.791e+01 1 0)))INFO: dtree.c(1315): Comp split 10
INFO: dtree.c(1315): Comp split 11
INFO: dtree.c(1439): stop. leaf nodes are specific
INFO: dtree.c(1478): Final simple tree
|( WDBNDRY_B 0 2.532e+02 6.077e+01 1.800e+01
|    ( - 1.128e+02 1 0)
|    ( - 7.969e+01 1 0))
s>    ( WDBNDRY_B 0 2.532e+02 6.077e+01 1.800e+01
s>        ( - 1.128e+02 1 0)
s>        ( - 7.969e+01 1 0))INFO: dtree.c(1315): Comp split 12
INFO: dtree.c(1315): Comp split 13
INFO: dtree.c(1315): Comp split 14
INFO: dtree.c(1439): stop. leaf nodes are specific
INFO: dtree.c(1478): Final simple tree
|( WDBNDRY_B 0 1.332e+02 3.664e+01 1.100e+01
|    ( - 4.867e+01 1 0)
|    ( - 4.791e+01 1 0))
s>    ( WDBNDRY_B 0 1.332e+02 3.664e+01 1.100e+01
s>        ( - 4.867e+01 1 0)
s>        ( - 4.791e+01 1 0))INFO: dtree.c(1315): Comp split 15
INFO: dtree.c(1315): Comp split 16
INFO: dtree.c(1318): stop. leaf nodes are specific
Fri Nov  2 10:05:59 2018
