Current configuration:
[NAME]		[DEFLT]	[VALUE]
-allphones	no	no
-cntthresh	0.00001	1.000000e-05
-csplitmax	100	2000
-csplitmin	1	1
-csplitthr	8e-4	0.000000e+00
-example	no	no
-fullvar	no	no
-help		no	no
-meanfn			
-mixwfn			/home/sdv/Documents/SDV/SDVoice/an4/model_parameters/an4.cd_semi_untied/mixture_weights
-moddeffn		/home/sdv/Documents/SDV/SDVoice/an4/model_architecture/an4.untied.mdef
-mwfloor	1e-4	1.000000e-08
-phone			UW
-psetfn			/home/sdv/Documents/SDV/SDVoice/an4/model_architecture/an4.tree_questions
-ssplitmax	5	7
-ssplitmin	1	1
-ssplitthr	8e-4	0.000000e+00
-state			0
-stwt			1.0,0.05,0.0,
-treefn			/home/sdv/Documents/SDV/SDVoice/an4/trees/an4.unpruned/UW-0.dtree
-ts2cbfn	.semi.	.semi.
-varfloor	0.00001	1.000000e-05
-varfn			

INFO: main.c(223): Reading: /home/sdv/Documents/SDV/SDVoice/an4/model_architecture/an4.untied.mdef
INFO: model_def_io.c(573): Model definition info:
INFO: model_def_io.c(574): 1618 total models defined (34 base, 1584 tri)
INFO: model_def_io.c(575): 6472 total states
INFO: model_def_io.c(576): 4854 total tied states
INFO: model_def_io.c(577): 102 total tied CI states
INFO: model_def_io.c(578): 34 total tied transition matrices
INFO: model_def_io.c(579): 4 max state/model
INFO: model_def_io.c(580): 4 min state/model
INFO: main.c(242): Building trees for [UW JH N i] through [UW Y Z e]
INFO: main.c(269): Covering states |[4488 4586]| == 99
INFO: main.c(275): Reading: /home/sdv/Documents/SDV/SDVoice/an4/model_parameters/an4.cd_semi_untied/mixture_weights
INFO: s3mixw_io.c(173): Read /home/sdv/Documents/SDV/SDVoice/an4/model_parameters/an4.cd_semi_untied/mixture_weights [99x4x256 array]
INFO: main.c(311): 33 of 33 models have observation count greater than 0.000010
INFO: main.c(95): nrm stwt: 0.952 0.048 0.000 
INFO: main.c(411): 33-class entropy: 4.528424e+04
INFO: main.c(549): Reading: /home/sdv/Documents/SDV/SDVoice/an4/model_architecture/an4.tree_questions
INFO: main.c(588): 176 total simple questions (168 phone; 8 word bndry)
INFO: main.c(590): 42 Left Only questions, and 42 Right Only questions
INFO: dtree.c(1478): Final simple tree
|( QUESTION0 -1 5.610e+04 2.610e+03 2.433e+03
|    ( QUESTION10 1 4.202e+04 1.184e+03 1.833e+03
|        ( QUESTION0_10_R 1 2.032e+04 5.686e+02 9.354e+02
|            ( - 5.125e+03 1 0)
|            ( QUESTION11 1 1.463e+04 4.482e+02 6.813e+02
|                ( - 1.192e+04 3 0)
|                ( - 2.261e+03 1 0)))
|        ( SILENCE 1 2.052e+04 9.350e+02 8.981e+02
|            ( - 1.070e+04 1 0)
|            ( QUESTION0_20_R 1 8.881e+03 4.597e+02 4.168e+02
|                ( - 4.901e+03 1 0)
|                ( - 3.521e+03 4 0 QUESTION0_2_R 1 3.241e+02 1.717e+02))))
|    ( QUESTION15 1 1.147e+04 5.724e+02 5.992e+02
|        ( - 5.765e+03 7 0 QUESTION0_0_R 1 2.949e+02 3.391e+02)
|        ( - 5.131e+03 15 0 QUESTION10 1 3.321e+02 2.600e+02)))
s>    ( QUESTION0 -1 5.610e+04 2.610e+03 2.433e+03
s>        ( QUESTION10 1 4.202e+04 1.184e+03 1.833e+03
s>            ( QUESTION0_10_R 1 2.032e+04 5.686e+02 9.354e+02
s>                ( - 5.125e+03 1 0)
s>                ( QUESTION11 1 1.463e+04 4.482e+02 6.813e+02
s>                    ( - 1.192e+04 3 0)
s>                    ( - 2.261e+03 1 0)))
s>            ( SILENCE 1 2.052e+04 9.350e+02 8.981e+02
s>                ( - 1.070e+04 1 0)
s>                ( QUESTION0_20_R 1 8.881e+03 4.597e+02 4.168e+02
s>                    ( - 4.901e+03 1 0)
s>                    ( - 3.521e+03 4 0 QUESTION0_2_R 1 3.241e+02 1.717e+02))))
s>        ( QUESTION15 1 1.147e+04 5.724e+02 5.992e+02
s>            ( - 5.765e+03 7 0 QUESTION0_0_R 1 2.949e+02 3.391e+02)
s>            ( - 5.131e+03 15 0 QUESTION10 1 3.321e+02 2.600e+02)))INFO: dtree.c(1315): Comp split 0
INFO: dtree.c(1478): Final simple tree
|( QUESTION10 1 4.202e+04 1.184e+03 1.833e+03
|    ( QUESTION0_10_R 1 2.032e+04 5.686e+02 9.354e+02
|        ( - 5.125e+03 1 0)
|        ( QUESTION11 1 1.463e+04 4.482e+02 6.813e+02
|            ( - 1.192e+04 3 0)
|            ( - 2.261e+03 1 0)))
|    ( SILENCE 1 2.052e+04 9.350e+02 8.981e+02
|        ( - 1.070e+04 1 0)
|        ( QUESTION0_20_R 1 8.881e+03 4.597e+02 4.168e+02
|            ( - 4.901e+03 1 0)
|            ( QUESTION0_2_R 1 3.521e+03 3.241e+02 1.717e+02
|                ( - 9.428e+02 2 0 WDBNDRY_E 0 9.212e+01 5.609e+01)
|                ( QUESTION0_0_R 1 2.254e+03 2.231e+02 1.156e+02
|                    ( - 6.600e+02 1 0)
|                    ( - 1.371e+03 1 0))))))
s>    ( QUESTION10 1 4.202e+04 1.184e+03 1.833e+03
s>        ( QUESTION0_10_R 1 2.032e+04 5.686e+02 9.354e+02
s>            ( - 5.125e+03 1 0)
s>            ( QUESTION11 1 1.463e+04 4.482e+02 6.813e+02
s>                ( - 1.192e+04 3 0)
s>                ( - 2.261e+03 1 0)))
s>        ( SILENCE 1 2.052e+04 9.350e+02 8.981e+02
s>            ( - 1.070e+04 1 0)
s>            ( QUESTION0_20_R 1 8.881e+03 4.597e+02 4.168e+02
s>                ( - 4.901e+03 1 0)
s>                ( QUESTION0_2_R 1 3.521e+03 3.241e+02 1.717e+02
s>                    ( - 9.428e+02 2 0 WDBNDRY_E 0 9.212e+01 5.609e+01)
s>                    ( QUESTION0_0_R 1 2.254e+03 2.231e+02 1.156e+02
s>                        ( - 6.600e+02 1 0)
s>                        ( - 1.371e+03 1 0))))))INFO: dtree.c(1478): Final simple tree
|( QUESTION15 1 1.147e+04 5.724e+02 5.992e+02
|    ( QUESTION0_0_R 1 5.765e+03 2.949e+02 3.391e+02
|        ( - 3.520e+03 4 0 QUESTION0_5_R 1 1.385e+02 2.276e+02)
|        ( - 1.950e+03 3 0 QUESTION0_12_R 1 1.540e+02 1.115e+02))
|    ( QUESTION10 1 5.131e+03 3.321e+02 2.600e+02
|        ( QUESTION0_18_R 1 2.908e+03 2.272e+02 1.602e+02
|            ( - 4.769e+02 1 0)
|            ( QUESTION0_10_R 1 2.204e+03 1.779e+02 1.285e+02
|                ( - 1.137e+03 3 0 QUESTION0_17_R 1 1.106e+02 7.384e+01)
|                ( - 8.893e+02 4 0 QUESTION11 1 2.848e+01 5.465e+01)))
|        ( QUESTION0_10_R 1 1.891e+03 2.023e+02 9.987e+01
|            ( - 6.148e+02 3 0 QUESTION0_11_R 1 9.229e+01 3.799e+01)
|            ( SILENCE 1 1.074e+03 1.552e+02 6.187e+01
|                ( - 3.329e+02 1 0)
|                ( - 5.859e+02 3 0 QUESTION0_0_R 1 4.920e+01 3.987e+01)))))
s>    ( QUESTION15 1 1.147e+04 5.724e+02 5.992e+02
s>        ( QUESTION0_0_R 1 5.765e+03 2.949e+02 3.391e+02
s>            ( - 3.520e+03 4 0 QUESTION0_5_R 1 1.385e+02 2.276e+02)
s>            ( - 1.950e+03 3 0 QUESTION0_12_R 1 1.540e+02 1.115e+02))
s>        ( QUESTION10 1 5.131e+03 3.321e+02 2.600e+02
s>            ( QUESTION0_18_R 1 2.908e+03 2.272e+02 1.602e+02
s>                ( - 4.769e+02 1 0)
s>                ( QUESTION0_10_R 1 2.204e+03 1.779e+02 1.285e+02
s>                    ( - 1.137e+03 3 0 QUESTION0_17_R 1 1.106e+02 7.384e+01)
s>                    ( - 8.893e+02 4 0 QUESTION11 1 2.848e+01 5.465e+01)))
s>            ( QUESTION0_10_R 1 1.891e+03 2.023e+02 9.987e+01
s>                ( - 6.148e+02 3 0 QUESTION0_11_R 1 9.229e+01 3.799e+01)
s>                ( SILENCE 1 1.074e+03 1.552e+02 6.187e+01
s>                    ( - 3.329e+02 1 0)
s>                    ( - 5.859e+02 3 0 QUESTION0_0_R 1 4.920e+01 3.987e+01)))))INFO: dtree.c(1315): Comp split 1
INFO: dtree.c(1439): stop. leaf nodes are specific
INFO: dtree.c(1478): Final simple tree
|( QUESTION0_20_R 1 2.165e+04 6.127e+02 9.915e+02
|    ( QUESTION11 1 1.463e+04 4.482e+02 6.813e+02
|        ( - 1.192e+04 3 0)
|        ( - 2.261e+03 1 0))
|    ( QUESTION0_0_R 1 6.404e+03 3.358e+02 3.102e+02
|        ( WDBNDRY_E 0 9.428e+02 9.212e+01 5.609e+01
|            ( - 7.913e+02 1 0)
|            ( - 5.929e+01 1 0))
|        ( - 5.125e+03 1 0)))
s>    ( QUESTION0_20_R 1 2.165e+04 6.127e+02 9.915e+02
s>        ( QUESTION11 1 1.463e+04 4.482e+02 6.813e+02
s>            ( - 1.192e+04 3 0)
s>            ( - 2.261e+03 1 0))
s>        ( QUESTION0_0_R 1 6.404e+03 3.358e+02 3.102e+02
s>            ( WDBNDRY_E 0 9.428e+02 9.212e+01 5.609e+01
s>                ( - 7.913e+02 1 0)
s>                ( - 5.929e+01 1 0))
s>            ( - 5.125e+03 1 0)))INFO: dtree.c(1439): stop. leaf nodes are specific
INFO: dtree.c(1478): Final simple tree
|( SILENCE 1 1.916e+04 9.358e+02 8.420e+02
|    ( - 1.070e+04 1 0)
|    ( QUESTION0_20_R 1 7.520e+03 3.655e+02 3.607e+02
|        ( - 4.901e+03 1 0)
|        ( QUESTION0_0_R 1 2.254e+03 2.231e+02 1.156e+02
|            ( - 6.600e+02 1 0)
|            ( - 1.371e+03 1 0))))
s>    ( SILENCE 1 1.916e+04 9.358e+02 8.420e+02
s>        ( - 1.070e+04 1 0)
s>        ( QUESTION0_20_R 1 7.520e+03 3.655e+02 3.607e+02
s>            ( - 4.901e+03 1 0)
s>            ( QUESTION0_0_R 1 2.254e+03 2.231e+02 1.156e+02
s>                ( - 6.600e+02 1 0)
s>                ( - 1.371e+03 1 0))))INFO: dtree.c(1315): Comp split 2
INFO: dtree.c(1439): stop. leaf nodes are specific
INFO: dtree.c(1478): Final simple tree
|( QUESTION0_20_R 1 7.520e+03 3.655e+02 3.607e+02
|    ( - 4.901e+03 1 0)
|    ( QUESTION0_0_R 1 2.254e+03 2.231e+02 1.156e+02
|        ( - 6.600e+02 1 0)
|        ( - 1.371e+03 1 0)))
s>    ( QUESTION0_20_R 1 7.520e+03 3.655e+02 3.607e+02
s>        ( - 4.901e+03 1 0)
s>        ( QUESTION0_0_R 1 2.254e+03 2.231e+02 1.156e+02
s>            ( - 6.600e+02 1 0)
s>            ( - 1.371e+03 1 0)))INFO: dtree.c(1315): Comp split 3
INFO: dtree.c(1439): stop. leaf nodes are specific
INFO: dtree.c(1478): Final simple tree
|( QUESTION12 1 1.480e+04 4.515e+02 6.883e+02
|    ( - 2.261e+03 1 0)
|    ( WDBNDRY_E 0 1.209e+04 1.070e+02 5.705e+02
|        ( - 1.192e+04 3 0)
|        ( - 5.929e+01 1 0)))
s>    ( QUESTION12 1 1.480e+04 4.515e+02 6.883e+02
s>        ( - 2.261e+03 1 0)
s>        ( WDBNDRY_E 0 1.209e+04 1.070e+02 5.705e+02
s>            ( - 1.192e+04 3 0)
s>            ( - 5.929e+01 1 0)))INFO: dtree.c(1439): stop. leaf nodes are specific
INFO: dtree.c(1478): Final simple tree
|( QUESTION0_0_R 1 6.222e+03 3.054e+02 3.032e+02
|    ( - 7.913e+02 1 0)
|    ( - 5.125e+03 1 0))
s>    ( QUESTION0_0_R 1 6.222e+03 3.054e+02 3.032e+02
s>        ( - 7.913e+02 1 0)
s>        ( - 5.125e+03 1 0))INFO: dtree.c(1315): Comp split 4
INFO: dtree.c(1478): Final simple tree
|( QUESTION10 1 4.268e+03 2.855e+02 2.220e+02
|    ( QUESTION0_18_R 1 2.908e+03 2.272e+02 1.602e+02
|        ( - 4.769e+02 1 0)
|        ( QUESTION0_10_R 1 2.204e+03 1.779e+02 1.285e+02
|            ( QUESTION0_17_R 1 1.137e+03 1.106e+02 7.384e+01
|                ( - 7.096e+02 1 0)
|                ( - 3.169e+02 2 0))
|            ( QUESTION11 1 8.893e+02 2.848e+01 5.465e+01
|                ( - 8.546e+02 3 0)
|                ( - 6.243e+00 1 0))))
|    ( SILENCE 1 1.074e+03 1.552e+02 6.187e+01
|        ( - 3.329e+02 1 0)
|        ( QUESTION0_0_R 1 5.859e+02 4.920e+01 3.987e+01
|            ( - 5.035e+02 2 0)
|            ( - 3.317e+01 1 0))))
s>    ( QUESTION10 1 4.268e+03 2.855e+02 2.220e+02
s>        ( QUESTION0_18_R 1 2.908e+03 2.272e+02 1.602e+02
s>            ( - 4.769e+02 1 0)
s>            ( QUESTION0_10_R 1 2.204e+03 1.779e+02 1.285e+02
s>                ( QUESTION0_17_R 1 1.137e+03 1.106e+02 7.384e+01
s>                    ( - 7.096e+02 1 0)
s>                    ( - 3.169e+02 2 0))
s>                ( QUESTION11 1 8.893e+02 2.848e+01 5.465e+01
s>                    ( - 8.546e+02 3 0)
s>                    ( - 6.243e+00 1 0))))
s>        ( SILENCE 1 1.074e+03 1.552e+02 6.187e+01
s>            ( - 3.329e+02 1 0)
s>            ( QUESTION0_0_R 1 5.859e+02 4.920e+01 3.987e+01
s>                ( - 5.035e+02 2 0)
s>                ( - 3.317e+01 1 0))))INFO: dtree.c(1478): Final simple tree
|( QUESTION0_0_R 1 6.623e+03 3.463e+02 3.771e+02
|    ( QUESTION0_5_R 1 3.520e+03 1.385e+02 2.276e+02
|        ( - 2.918e+03 2 0)
|        ( QUESTION0_1_R 1 4.636e+02 6.853e+01 3.561e+01
|            ( - 2.709e+02 1 0)
|            ( - 1.241e+02 1 0)))
|    ( QUESTION0_13_R 1 2.757e+03 2.025e+02 1.495e+02
|        ( WDBNDRY_E 0 1.366e+03 2.754e+01 8.170e+01
|            ( - 1.333e+03 1 0)
|            ( - 6.095e+00 1 0))
|        ( QUESTION0_11_R 1 1.188e+03 1.465e+02 6.784e+01
|            ( QUESTION14 1 6.616e+02 8.925e+01 4.284e+01
|                ( - 1.426e+02 1 0)
|                ( - 4.297e+02 1 0))
|            ( - 3.799e+02 2 0))))
s>    ( QUESTION0_0_R 1 6.623e+03 3.463e+02 3.771e+02
s>        ( QUESTION0_5_R 1 3.520e+03 1.385e+02 2.276e+02
s>            ( - 2.918e+03 2 0)
s>            ( QUESTION0_1_R 1 4.636e+02 6.853e+01 3.561e+01
s>                ( - 2.709e+02 1 0)
s>                ( - 1.241e+02 1 0)))
s>        ( QUESTION0_13_R 1 2.757e+03 2.025e+02 1.495e+02
s>            ( WDBNDRY_E 0 1.366e+03 2.754e+01 8.170e+01
s>                ( - 1.333e+03 1 0)
s>                ( - 6.095e+00 1 0))
s>            ( QUESTION0_11_R 1 1.188e+03 1.465e+02 6.784e+01
s>                ( QUESTION14 1 6.616e+02 8.925e+01 4.284e+01
s>                    ( - 1.426e+02 1 0)
s>                    ( - 4.297e+02 1 0))
s>                ( - 3.799e+02 2 0))))INFO: dtree.c(1315): Comp split 5
INFO: dtree.c(1439): stop. leaf nodes are specific
INFO: dtree.c(1478): Final simple tree
|( WDBNDRY_E 0 1.209e+04 1.070e+02 5.705e+02
|    ( - 1.192e+04 3 0)
|    ( - 5.929e+01 1 0))
s>    ( WDBNDRY_E 0 1.209e+04 1.070e+02 5.705e+02
s>        ( - 1.192e+04 3 0)
s>        ( - 5.929e+01 1 0))INFO: dtree.c(1315): Comp split 6
INFO: dtree.c(1439): stop. leaf nodes are specific
INFO: dtree.c(1478): Final simple tree
|( QUESTION0_0_R 1 2.254e+03 2.231e+02 1.156e+02
|    ( - 6.600e+02 1 0)
|    ( - 1.371e+03 1 0))
s>    ( QUESTION0_0_R 1 2.254e+03 2.231e+02 1.156e+02
s>        ( - 6.600e+02 1 0)
s>        ( - 1.371e+03 1 0))INFO: dtree.c(1315): Comp split 7
INFO: dtree.c(1439): stop. leaf nodes are specific
INFO: dtree.c(1478): Final simple tree
|( QUESTION0_13_R 1 2.722e+03 2.012e+02 1.475e+02
|    ( - 1.333e+03 1 0)
|    ( QUESTION0_11_R 1 1.188e+03 1.465e+02 6.784e+01
|        ( QUESTION14 1 6.616e+02 8.925e+01 4.284e+01
|            ( - 1.426e+02 1 0)
|            ( - 4.297e+02 1 0))
|        ( - 3.799e+02 2 0)))
s>    ( QUESTION0_13_R 1 2.722e+03 2.012e+02 1.475e+02
s>        ( - 1.333e+03 1 0)
s>        ( QUESTION0_11_R 1 1.188e+03 1.465e+02 6.784e+01
s>            ( QUESTION14 1 6.616e+02 8.925e+01 4.284e+01
s>                ( - 1.426e+02 1 0)
s>                ( - 4.297e+02 1 0))
s>            ( - 3.799e+02 2 0)))INFO: dtree.c(1439): stop. leaf nodes are specific
INFO: dtree.c(1478): Final simple tree
|( QUESTION0_5_R 1 3.552e+03 1.395e+02 2.296e+02
|    ( - 2.918e+03 2 0)
|    ( QUESTION0_8_R 1 4.947e+02 7.127e+01 3.761e+01
|        ( - 1.241e+02 1 0)
|        ( WDBNDRY_E 0 2.993e+02 2.229e+01 2.463e+01
|            ( - 2.709e+02 1 0)
|            ( - 6.095e+00 1 0))))
s>    ( QUESTION0_5_R 1 3.552e+03 1.395e+02 2.296e+02
s>        ( - 2.918e+03 2 0)
s>        ( QUESTION0_8_R 1 4.947e+02 7.127e+01 3.761e+01
s>            ( - 1.241e+02 1 0)
s>            ( WDBNDRY_E 0 2.993e+02 2.229e+01 2.463e+01
s>                ( - 2.709e+02 1 0)
s>                ( - 6.095e+00 1 0))))INFO: dtree.c(1315): Comp split 8
INFO: dtree.c(1439): stop. leaf nodes are specific
INFO: dtree.c(1478): Final simple tree
|( QUESTION0_10_R 1 2.259e+03 1.810e+02 1.325e+02
|    ( QUESTION0_17_R 1 1.137e+03 1.106e+02 7.384e+01
|        ( - 7.096e+02 1 0)
|        ( - 3.169e+02 2 0))
|    ( QUESTION1 1 9.410e+02 5.328e+01 5.865e+01
|        ( - 3.317e+01 1 0)
|        ( - 8.546e+02 3 0)))
s>    ( QUESTION0_10_R 1 2.259e+03 1.810e+02 1.325e+02
s>        ( QUESTION0_17_R 1 1.137e+03 1.106e+02 7.384e+01
s>            ( - 7.096e+02 1 0)
s>            ( - 3.169e+02 2 0))
s>        ( QUESTION1 1 9.410e+02 5.328e+01 5.865e+01
s>            ( - 3.317e+01 1 0)
s>            ( - 8.546e+02 3 0)))INFO: dtree.c(1439): stop. leaf nodes are specific
INFO: dtree.c(1478): Final simple tree
|( QUESTION0_0_R 1 1.673e+03 1.805e+02 8.954e+01
|    ( - 5.035e+02 2 0)
|    ( QUESTION0_10_R 1 9.890e+02 1.433e+02 5.567e+01
|        ( - 4.769e+02 1 0)
|        ( SILENCE 1 3.689e+02 2.974e+01 2.400e+01
|            ( - 3.329e+02 1 0)
|            ( - 6.243e+00 1 0))))
s>    ( QUESTION0_0_R 1 1.673e+03 1.805e+02 8.954e+01
s>        ( - 5.035e+02 2 0)
s>        ( QUESTION0_10_R 1 9.890e+02 1.433e+02 5.567e+01
s>            ( - 4.769e+02 1 0)
s>            ( SILENCE 1 3.689e+02 2.974e+01 2.400e+01
s>                ( - 3.329e+02 1 0)
s>                ( - 6.243e+00 1 0))))INFO: dtree.c(1315): Comp split 9
INFO: dtree.c(1315): Comp split 10
INFO: dtree.c(1315): Comp split 11
INFO: dtree.c(1439): stop. leaf nodes are specific
INFO: dtree.c(1478): Final simple tree
|( QUESTION0_11_R 1 9.427e+02 1.331e+02 5.485e+01
|    ( - 4.297e+02 1 0)
|    ( - 3.799e+02 2 0))
s>    ( QUESTION0_11_R 1 9.427e+02 1.331e+02 5.485e+01
s>        ( - 4.297e+02 1 0)
s>        ( - 3.799e+02 2 0))INFO: dtree.c(1439): stop. leaf nodes are specific
INFO: dtree.c(1478): Final simple tree
|( QUESTION0_12_R 1 1.576e+03 1.002e+02 9.269e+01
|    ( - 1.426e+02 1 0)
|    ( - 1.333e+03 1 0))
s>    ( QUESTION0_12_R 1 1.576e+03 1.002e+02 9.269e+01
s>        ( - 1.426e+02 1 0)
s>        ( - 1.333e+03 1 0))INFO: dtree.c(1315): Comp split 12
INFO: dtree.c(1439): stop. leaf nodes are specific
INFO: dtree.c(1478): Final simple tree
|( SILENCE 1 9.490e+02 1.393e+02 5.367e+01
|    ( - 3.329e+02 1 0)
|    ( - 4.769e+02 1 0))
s>    ( SILENCE 1 9.490e+02 1.393e+02 5.367e+01
s>        ( - 3.329e+02 1 0)
s>        ( - 4.769e+02 1 0))INFO: dtree.c(1439): stop. leaf nodes are specific
INFO: dtree.c(1478): Final simple tree
|( QUESTION0_0_R 1 5.358e+02 2.602e+01 3.587e+01
|    ( - 5.035e+02 2 0)
|    ( - 6.243e+00 1 0))
s>    ( QUESTION0_0_R 1 5.358e+02 2.602e+01 3.587e+01
s>        ( - 5.035e+02 2 0)
s>        ( - 6.243e+00 1 0))INFO: dtree.c(1315): Comp split 13
INFO: dtree.c(1439): stop. leaf nodes are specific
INFO: dtree.c(1478): Final simple tree
|( QUESTION1 1 9.410e+02 5.328e+01 5.865e+01
|    ( - 3.317e+01 1 0)
|    ( - 8.546e+02 3 0))
s>    ( QUESTION1 1 9.410e+02 5.328e+01 5.865e+01
s>        ( - 3.317e+01 1 0)
s>        ( - 8.546e+02 3 0))INFO: dtree.c(1439): stop. leaf nodes are specific
INFO: dtree.c(1478): Final simple tree
|( QUESTION0_17_R 1 1.137e+03 1.106e+02 7.384e+01
|    ( - 7.096e+02 1 0)
|    ( - 3.169e+02 2 0))
s>    ( QUESTION0_17_R 1 1.137e+03 1.106e+02 7.384e+01
s>        ( - 7.096e+02 1 0)
s>        ( - 3.169e+02 2 0))INFO: dtree.c(1315): Comp split 14
INFO: dtree.c(1439): stop. leaf nodes are specific
INFO: dtree.c(1478): Final simple tree
|( QUESTION0_8_R 1 4.947e+02 7.127e+01 3.761e+01
|    ( - 1.241e+02 1 0)
|    ( WDBNDRY_E 0 2.993e+02 2.229e+01 2.463e+01
|        ( - 2.709e+02 1 0)
|        ( - 6.095e+00 1 0)))
s>    ( QUESTION0_8_R 1 4.947e+02 7.127e+01 3.761e+01
s>        ( - 1.241e+02 1 0)
s>        ( WDBNDRY_E 0 2.993e+02 2.229e+01 2.463e+01
s>            ( - 2.709e+02 1 0)
s>            ( - 6.095e+00 1 0)))INFO: dtree.c(1315): Comp split 15
INFO: dtree.c(1315): Comp split 16
INFO: dtree.c(1315): Comp split 17
INFO: dtree.c(1315): Comp split 18
INFO: dtree.c(1315): Comp split 19
INFO: dtree.c(1315): Comp split 20
INFO: dtree.c(1439): stop. leaf nodes are specific
INFO: dtree.c(1478): Final simple tree
|( WDBNDRY_E 0 2.993e+02 2.229e+01 2.463e+01
|    ( - 2.709e+02 1 0)
|    ( - 6.095e+00 1 0))
s>    ( WDBNDRY_E 0 2.993e+02 2.229e+01 2.463e+01
s>        ( - 2.709e+02 1 0)
s>        ( - 6.095e+00 1 0))INFO: dtree.c(1315): Comp split 21
INFO: dtree.c(1315): Comp split 22
INFO: dtree.c(1315): Comp split 23
INFO: dtree.c(1315): Comp split 24
INFO: dtree.c(1318): stop. leaf nodes are specific
Fri Nov  2 10:07:55 2018
