Current configuration:
[NAME]		[DEFLT]	[VALUE]
-allphones	no	no
-cntthresh	0.00001	1.000000e-05
-csplitmax	100	2000
-csplitmin	1	1
-csplitthr	8e-4	0.000000e+00
-example	no	no
-fullvar	no	no
-help		no	no
-meanfn			
-mixwfn			/home/sdv/Documents/SDV/SDVoice/an4/model_parameters/an4.cd_semi_untied/mixture_weights
-moddeffn		/home/sdv/Documents/SDV/SDVoice/an4/model_architecture/an4.untied.mdef
-mwfloor	1e-4	1.000000e-08
-phone			F
-psetfn			/home/sdv/Documents/SDV/SDVoice/an4/model_architecture/an4.tree_questions
-ssplitmax	5	7
-ssplitmin	1	1
-ssplitthr	8e-4	0.000000e+00
-state			1
-stwt			1.0,0.05,0.0,
-treefn			/home/sdv/Documents/SDV/SDVoice/an4/trees/an4.unpruned/F-1.dtree
-ts2cbfn	.semi.	.semi.
-varfloor	0.00001	1.000000e-05
-varfn			

INFO: main.c(223): Reading: /home/sdv/Documents/SDV/SDVoice/an4/model_architecture/an4.untied.mdef
INFO: model_def_io.c(573): Model definition info:
INFO: model_def_io.c(574): 1618 total models defined (34 base, 1584 tri)
INFO: model_def_io.c(575): 6472 total states
INFO: model_def_io.c(576): 4854 total tied states
INFO: model_def_io.c(577): 102 total tied CI states
INFO: model_def_io.c(578): 34 total tied transition matrices
INFO: model_def_io.c(579): 4 max state/model
INFO: model_def_io.c(580): 4 min state/model
INFO: main.c(242): Building trees for [F AE SIL e] through [F V IH b]
INFO: main.c(269): Covering states |[1536 1739]| == 204
INFO: main.c(275): Reading: /home/sdv/Documents/SDV/SDVoice/an4/model_parameters/an4.cd_semi_untied/mixture_weights
INFO: s3mixw_io.c(173): Read /home/sdv/Documents/SDV/SDVoice/an4/model_parameters/an4.cd_semi_untied/mixture_weights [204x4x256 array]
INFO: main.c(311): 68 of 68 models have observation count greater than 0.000010
INFO: main.c(95): nrm stwt: 0.045 0.909 0.045 
INFO: main.c(411): 68-class entropy: 4.029489e+04
INFO: main.c(549): Reading: /home/sdv/Documents/SDV/SDVoice/an4/model_architecture/an4.tree_questions
INFO: main.c(588): 176 total simple questions (168 phone; 8 word bndry)
INFO: main.c(590): 42 Left Only questions, and 42 Right Only questions
INFO: dtree.c(1478): Final simple tree
|( QUESTION0_6_R 1 5.409e+04 1.093e+03 2.239e+03
|    ( QUESTION7 -1 1.856e+04 6.863e+02 7.747e+02
|        ( - 6.743e+03 1 0)
|        ( QUESTION13 -1 1.113e+04 4.777e+02 4.634e+02
|            ( - 5.147e+03 6 0 QUESTION14 -1 3.590e+02 2.246e+02)
|            ( - 5.505e+03 7 0 QUESTION3 -1 3.310e+02 2.388e+02)))
|    ( WDBNDRY_B 0 3.444e+04 8.828e+02 1.464e+03
|        ( QUESTION2_7_L -1 2.303e+04 6.042e+02 9.971e+02
|            ( QUESTION14 -1 1.508e+04 5.253e+02 6.707e+02
|                ( - 3.828e+03 4 0 QUESTION0_0_R 1 2.054e+02 1.829e+02)
|                ( - 1.073e+04 16 0 QUESTION0 -1 4.172e+02 4.878e+02))
|            ( - 7.349e+03 11 0 QUESTION0 -1 4.383e+02 3.264e+02))
|        ( QUESTION19 -1 1.052e+04 6.364e+02 4.668e+02
|            ( - 1.627e+03 3 0 QUESTION0_10_R 1 1.010e+02 8.306e+01)
|            ( - 8.260e+03 20 0 QUESTION0_8_R 1 4.100e+02 3.837e+02))))
s>    ( QUESTION0_6_R 1 5.409e+04 1.093e+03 2.239e+03
s>        ( QUESTION7 -1 1.856e+04 6.863e+02 7.747e+02
s>            ( - 6.743e+03 1 0)
s>            ( QUESTION13 -1 1.113e+04 4.777e+02 4.634e+02
s>                ( - 5.147e+03 6 0 QUESTION14 -1 3.590e+02 2.246e+02)
s>                ( - 5.505e+03 7 0 QUESTION3 -1 3.310e+02 2.388e+02)))
s>        ( WDBNDRY_B 0 3.444e+04 8.828e+02 1.464e+03
s>            ( QUESTION2_7_L -1 2.303e+04 6.042e+02 9.971e+02
s>                ( QUESTION14 -1 1.508e+04 5.253e+02 6.707e+02
s>                    ( - 3.828e+03 4 0 QUESTION0_0_R 1 2.054e+02 1.829e+02)
s>                    ( - 1.073e+04 16 0 QUESTION0 -1 4.172e+02 4.878e+02))
s>                ( - 7.349e+03 11 0 QUESTION0 -1 4.383e+02 3.264e+02))
s>            ( QUESTION19 -1 1.052e+04 6.364e+02 4.668e+02
s>                ( - 1.627e+03 3 0 QUESTION0_10_R 1 1.010e+02 8.306e+01)
s>                ( - 8.260e+03 20 0 QUESTION0_8_R 1 4.100e+02 3.837e+02))))INFO: dtree.c(1315): Comp split 0
INFO: dtree.c(1478): Final simple tree
|( QUESTION15 -1 3.203e+04 7.490e+02 1.381e+03
|    ( QUESTION0_8_R 1 1.161e+04 4.879e+02 5.321e+02
|        ( - 3.655e+03 5 0 QUESTION2_0_L -1 3.247e+02 1.773e+02)
|        ( QUESTION0 1 7.468e+03 3.595e+02 3.548e+02
|            ( - 3.007e+03 11 0 QUESTION0_17_R 1 2.408e+02 1.524e+02)
|            ( - 4.102e+03 10 0 QUESTION0_0_R 1 2.798e+02 2.024e+02)))
|    ( QUESTION2_7_L -1 1.967e+04 6.051e+02 8.487e+02
|        ( QUESTION0 -1 1.177e+04 4.936e+02 5.254e+02
|            ( QUESTION2 -1 7.451e+03 3.573e+02 3.425e+02
|                ( - 4.029e+03 4 0 QUESTION0_0_R 1 1.781e+02 1.921e+02)
|                ( - 3.065e+03 7 0 QUESTION0_0_R 1 2.034e+02 1.504e+02))
|            ( - 3.828e+03 4 0 QUESTION0_0_R 1 2.054e+02 1.829e+02))
|        ( SILENCE -1 7.290e+03 4.367e+02 3.233e+02
|            ( - 3.122e+03 3 0 QUESTION0_0_R 1 2.017e+02 1.561e+02)
|            ( - 3.731e+03 7 0 QUESTION12 -1 2.944e+02 1.672e+02))))
s>    ( QUESTION15 -1 3.203e+04 7.490e+02 1.381e+03
s>        ( QUESTION0_8_R 1 1.161e+04 4.879e+02 5.321e+02
s>            ( - 3.655e+03 5 0 QUESTION2_0_L -1 3.247e+02 1.773e+02)
s>            ( QUESTION0 1 7.468e+03 3.595e+02 3.548e+02
s>                ( - 3.007e+03 11 0 QUESTION0_17_R 1 2.408e+02 1.524e+02)
s>                ( - 4.102e+03 10 0 QUESTION0_0_R 1 2.798e+02 2.024e+02)))
s>        ( QUESTION2_7_L -1 1.967e+04 6.051e+02 8.487e+02
s>            ( QUESTION0 -1 1.177e+04 4.936e+02 5.254e+02
s>                ( QUESTION2 -1 7.451e+03 3.573e+02 3.425e+02
s>                    ( - 4.029e+03 4 0 QUESTION0_0_R 1 1.781e+02 1.921e+02)
s>                    ( - 3.065e+03 7 0 QUESTION0_0_R 1 2.034e+02 1.504e+02))
s>                ( - 3.828e+03 4 0 QUESTION0_0_R 1 2.054e+02 1.829e+02))
s>            ( SILENCE -1 7.290e+03 4.367e+02 3.233e+02
s>                ( - 3.122e+03 3 0 QUESTION0_0_R 1 2.017e+02 1.561e+02)
s>                ( - 3.731e+03 7 0 QUESTION12 -1 2.944e+02 1.672e+02))))INFO: dtree.c(1478): Final simple tree
|( QUESTION7 -1 2.093e+04 7.531e+02 8.577e+02
|    ( - 6.743e+03 1 0)
|    ( WDBNDRY_I 0 1.344e+04 6.805e+02 5.465e+02
|        ( - 1.627e+03 3 0 QUESTION0_10_R 1 1.010e+02 8.306e+01)
|        ( QUESTION13 -1 1.113e+04 4.777e+02 4.634e+02
|            ( QUESTION14 -1 5.147e+03 3.590e+02 2.246e+02
|                ( - 2.684e+03 2 0)
|                ( QUESTION16 -1 2.103e+03 2.305e+02 9.790e+01
|                    ( - 7.264e+02 2 0 QUESTION2_0_L -1 9.333e+01 3.897e+01)
|                    ( - 1.146e+03 2 0 WDBNDRY_B 0 1.561e+02 5.893e+01)))
|            ( QUESTION3 -1 5.505e+03 3.310e+02 2.388e+02
|                ( - 2.037e+03 2 0)
|                ( QUESTION10 -1 3.137e+03 2.803e+02 1.378e+02
|                    ( - 1.121e+03 3 0 QUESTION11 -1 1.427e+02 5.068e+01)
|                    ( - 1.736e+03 2 0 SILENCE -1 1.514e+02 8.711e+01))))))
s>    ( QUESTION7 -1 2.093e+04 7.531e+02 8.577e+02
s>        ( - 6.743e+03 1 0)
s>        ( WDBNDRY_I 0 1.344e+04 6.805e+02 5.465e+02
s>            ( - 1.627e+03 3 0 QUESTION0_10_R 1 1.010e+02 8.306e+01)
s>            ( QUESTION13 -1 1.113e+04 4.777e+02 4.634e+02
s>                ( QUESTION14 -1 5.147e+03 3.590e+02 2.246e+02
s>                    ( - 2.684e+03 2 0)
s>                    ( QUESTION16 -1 2.103e+03 2.305e+02 9.790e+01
s>                        ( - 7.264e+02 2 0 QUESTION2_0_L -1 9.333e+01 3.897e+01)
s>                        ( - 1.146e+03 2 0 WDBNDRY_B 0 1.561e+02 5.893e+01)))
s>                ( QUESTION3 -1 5.505e+03 3.310e+02 2.388e+02
s>                    ( - 2.037e+03 2 0)
s>                    ( QUESTION10 -1 3.137e+03 2.803e+02 1.378e+02
s>                        ( - 1.121e+03 3 0 QUESTION11 -1 1.427e+02 5.068e+01)
s>                        ( - 1.736e+03 2 0 SILENCE -1 1.514e+02 8.711e+01))))))INFO: dtree.c(1315): Comp split 1
INFO: dtree.c(1478): Final simple tree
|( QUESTION13 -1 1.113e+04 4.777e+02 4.634e+02
|    ( QUESTION14 -1 5.147e+03 3.590e+02 2.246e+02
|        ( - 2.684e+03 2 0)
|        ( QUESTION16 -1 2.103e+03 2.305e+02 9.790e+01
|            ( - 7.264e+02 2 0 QUESTION2_0_L -1 9.333e+01 3.897e+01)
|            ( WDBNDRY_B 0 1.146e+03 1.561e+02 5.893e+01
|                ( - 4.327e+02 1 0)
|                ( - 5.577e+02 1 0))))
|    ( QUESTION3 -1 5.505e+03 3.310e+02 2.388e+02
|        ( - 2.037e+03 2 0)
|        ( QUESTION10 -1 3.137e+03 2.803e+02 1.378e+02
|            ( - 1.121e+03 3 0 QUESTION11 -1 1.427e+02 5.068e+01)
|            ( SILENCE -1 1.736e+03 1.514e+02 8.711e+01
|                ( - 1.337e+03 1 0)
|                ( - 2.481e+02 1 0)))))
s>    ( QUESTION13 -1 1.113e+04 4.777e+02 4.634e+02
s>        ( QUESTION14 -1 5.147e+03 3.590e+02 2.246e+02
s>            ( - 2.684e+03 2 0)
s>            ( QUESTION16 -1 2.103e+03 2.305e+02 9.790e+01
s>                ( - 7.264e+02 2 0 QUESTION2_0_L -1 9.333e+01 3.897e+01)
s>                ( WDBNDRY_B 0 1.146e+03 1.561e+02 5.893e+01
s>                    ( - 4.327e+02 1 0)
s>                    ( - 5.577e+02 1 0))))
s>        ( QUESTION3 -1 5.505e+03 3.310e+02 2.388e+02
s>            ( - 2.037e+03 2 0)
s>            ( QUESTION10 -1 3.137e+03 2.803e+02 1.378e+02
s>                ( - 1.121e+03 3 0 QUESTION11 -1 1.427e+02 5.068e+01)
s>                ( SILENCE -1 1.736e+03 1.514e+02 8.711e+01
s>                    ( - 1.337e+03 1 0)
s>                    ( - 2.481e+02 1 0)))))INFO: dtree.c(1439): stop. leaf nodes are specific
INFO: dtree.c(1478): Final simple tree
|( WDBNDRY_B 0 9.018e+03 6.481e+02 3.943e+02
|    ( - 6.743e+03 1 0)
|    ( QUESTION0_10_R 1 1.627e+03 1.010e+02 8.306e+01
|        ( - 1.465e+03 1 0)
|        ( QUESTION0_0_R 1 6.129e+01 1.391e+01 7.000e+00
|            ( - 0.000e+00 1 0)
|            ( - 4.738e+01 1 0))))
s>    ( WDBNDRY_B 0 9.018e+03 6.481e+02 3.943e+02
s>        ( - 6.743e+03 1 0)
s>        ( QUESTION0_10_R 1 1.627e+03 1.010e+02 8.306e+01
s>            ( - 1.465e+03 1 0)
s>            ( QUESTION0_0_R 1 6.129e+01 1.391e+01 7.000e+00
s>                ( - 0.000e+00 1 0)
s>                ( - 4.738e+01 1 0))))INFO: dtree.c(1315): Comp split 2
INFO: dtree.c(1478): Final simple tree
|( QUESTION2_7_L -1 1.967e+04 6.051e+02 8.487e+02
|    ( QUESTION0 -1 1.177e+04 4.936e+02 5.254e+02
|        ( QUESTION2 -1 7.451e+03 3.573e+02 3.425e+02
|            ( - 4.029e+03 4 0 QUESTION0_0_R 1 1.781e+02 1.921e+02)
|            ( - 3.065e+03 7 0 QUESTION0_0_R 1 2.034e+02 1.504e+02))
|        ( QUESTION0_0_R 1 3.828e+03 2.054e+02 1.829e+02
|            ( - 3.233e+03 2 0)
|            ( - 3.902e+02 2 0 QUESTION0_10_R 1 5.248e+01 2.500e+01)))
|    ( SILENCE -1 7.290e+03 4.367e+02 3.233e+02
|        ( - 3.122e+03 3 0 QUESTION0_0_R 1 2.017e+02 1.561e+02)
|        ( QUESTION12 -1 3.731e+03 2.944e+02 1.672e+02
|            ( - 1.887e+03 1 0)
|            ( QUESTION2 -1 1.550e+03 2.107e+02 7.473e+01
|                ( - 8.758e+02 4 0 QUESTION5 -1 8.489e+01 4.899e+01)
|                ( - 4.632e+02 2 0 WDBNDRY_B 0 6.775e+01 2.574e+01)))))
s>    ( QUESTION2_7_L -1 1.967e+04 6.051e+02 8.487e+02
s>        ( QUESTION0 -1 1.177e+04 4.936e+02 5.254e+02
s>            ( QUESTION2 -1 7.451e+03 3.573e+02 3.425e+02
s>                ( - 4.029e+03 4 0 QUESTION0_0_R 1 1.781e+02 1.921e+02)
s>                ( - 3.065e+03 7 0 QUESTION0_0_R 1 2.034e+02 1.504e+02))
s>            ( QUESTION0_0_R 1 3.828e+03 2.054e+02 1.829e+02
s>                ( - 3.233e+03 2 0)
s>                ( - 3.902e+02 2 0 QUESTION0_10_R 1 5.248e+01 2.500e+01)))
s>        ( SILENCE -1 7.290e+03 4.367e+02 3.233e+02
s>            ( - 3.122e+03 3 0 QUESTION0_0_R 1 2.017e+02 1.561e+02)
s>            ( QUESTION12 -1 3.731e+03 2.944e+02 1.672e+02
s>                ( - 1.887e+03 1 0)
s>                ( QUESTION2 -1 1.550e+03 2.107e+02 7.473e+01
s>                    ( - 8.758e+02 4 0 QUESTION5 -1 8.489e+01 4.899e+01)
s>                    ( - 4.632e+02 2 0 WDBNDRY_B 0 6.775e+01 2.574e+01)))))INFO: dtree.c(1478): Final simple tree
|( QUESTION0_8_R 1 1.161e+04 4.879e+02 5.321e+02
|    ( QUESTION2_0_L -1 3.655e+03 3.247e+02 1.773e+02
|        ( - 1.224e+03 3 0 QUESTION14 1 1.361e+02 6.400e+01)
|        ( QUESTION16 -1 2.106e+03 1.943e+02 1.133e+02
|            ( - 6.981e+02 1 0)
|            ( - 1.213e+03 1 0)))
|    ( QUESTION0 1 7.468e+03 3.595e+02 3.548e+02
|        ( QUESTION0_17_R 1 3.007e+03 2.408e+02 1.524e+02
|            ( - 1.251e+03 2 0 QUESTION0_18_R 1 1.249e+02 6.838e+01)
|            ( - 1.515e+03 9 0 QUESTION1 1 1.692e+02 8.400e+01))
|        ( QUESTION0_0_R 1 4.102e+03 2.798e+02 2.024e+02
|            ( - 1.284e+03 2 0)
|            ( QUESTION0_13_R 1 2.538e+03 2.279e+02 1.296e+02
|                ( - 1.065e+03 1 0)
|                ( - 1.245e+03 7 0 QUESTION0_20_R 1 1.687e+02 6.711e+01)))))
s>    ( QUESTION0_8_R 1 1.161e+04 4.879e+02 5.321e+02
s>        ( QUESTION2_0_L -1 3.655e+03 3.247e+02 1.773e+02
s>            ( - 1.224e+03 3 0 QUESTION14 1 1.361e+02 6.400e+01)
s>            ( QUESTION16 -1 2.106e+03 1.943e+02 1.133e+02
s>                ( - 6.981e+02 1 0)
s>                ( - 1.213e+03 1 0)))
s>        ( QUESTION0 1 7.468e+03 3.595e+02 3.548e+02
s>            ( QUESTION0_17_R 1 3.007e+03 2.408e+02 1.524e+02
s>                ( - 1.251e+03 2 0 QUESTION0_18_R 1 1.249e+02 6.838e+01)
s>                ( - 1.515e+03 9 0 QUESTION1 1 1.692e+02 8.400e+01))
s>            ( QUESTION0_0_R 1 4.102e+03 2.798e+02 2.024e+02
s>                ( - 1.284e+03 2 0)
s>                ( QUESTION0_13_R 1 2.538e+03 2.279e+02 1.296e+02
s>                    ( - 1.065e+03 1 0)
s>                    ( - 1.245e+03 7 0 QUESTION0_20_R 1 1.687e+02 6.711e+01)))))INFO: dtree.c(1315): Comp split 3
INFO: dtree.c(1439): stop. leaf nodes are specific
INFO: dtree.c(1478): Final simple tree
|( QUESTION0_10_R 1 1.627e+03 1.010e+02 8.306e+01
|    ( - 1.465e+03 1 0)
|    ( QUESTION0_0_R 1 6.129e+01 1.391e+01 7.000e+00
|        ( - 0.000e+00 1 0)
|        ( - 4.738e+01 1 0)))
s>    ( QUESTION0_10_R 1 1.627e+03 1.010e+02 8.306e+01
s>        ( - 1.465e+03 1 0)
s>        ( QUESTION0_0_R 1 6.129e+01 1.391e+01 7.000e+00
s>            ( - 0.000e+00 1 0)
s>            ( - 4.738e+01 1 0)))INFO: dtree.c(1315): Comp split 4
INFO: dtree.c(1439): stop. leaf nodes are specific
INFO: dtree.c(1478): Final simple tree
|( QUESTION1 -1 8.445e+03 4.498e+02 3.758e+02
|    ( QUESTION0_0_R 1 4.156e+03 2.035e+02 1.971e+02
|        ( - 3.643e+03 2 0)
|        ( WDBNDRY_B 0 3.092e+02 6.073e+01 1.900e+01
|            ( - 2.070e+02 2 0)
|            ( - 4.149e+01 1 0)))
|    ( QUESTION0 -1 3.839e+03 2.524e+02 1.787e+02
|        ( - 3.540e+02 1 0)
|        ( - 3.233e+03 2 0)))
s>    ( QUESTION1 -1 8.445e+03 4.498e+02 3.758e+02
s>        ( QUESTION0_0_R 1 4.156e+03 2.035e+02 1.971e+02
s>            ( - 3.643e+03 2 0)
s>            ( WDBNDRY_B 0 3.092e+02 6.073e+01 1.900e+01
s>                ( - 2.070e+02 2 0)
s>                ( - 4.149e+01 1 0)))
s>        ( QUESTION0 -1 3.839e+03 2.524e+02 1.787e+02
s>            ( - 3.540e+02 1 0)
s>            ( - 3.233e+03 2 0)))INFO: dtree.c(1478): Final simple tree
|( QUESTION0 -1 1.060e+04 4.651e+02 4.729e+02
|    ( QUESTION2_7_L -1 6.432e+03 3.770e+02 2.918e+02
|        ( QUESTION0_0_R 1 3.065e+03 2.034e+02 1.504e+02
|            ( QUESTION8 -1 2.367e+03 1.003e+02 1.222e+02
|                ( - 9.874e+01 1 0)
|                ( - 2.168e+03 2 0 QUESTION1 -1 3.212e+01 1.142e+02))
|            ( - 4.944e+02 4 0 QUESTION0_10_R 1 4.478e+01 2.820e+01))
|        ( QUESTION1 -1 2.990e+03 2.271e+02 1.414e+02
|            ( - 8.758e+02 4 0 QUESTION5 -1 8.489e+01 4.899e+01)
|            ( - 1.887e+03 1 0)))
|    ( QUESTION0_0_R 1 3.707e+03 2.794e+02 1.811e+02
|        ( - 2.682e+03 1 0)
|        ( SILENCE -1 7.461e+02 1.180e+02 4.172e+01
|            ( - 2.379e+02 2 0 QUESTION0_10_R 1 3.262e+01 1.672e+01)
|            ( - 3.902e+02 2 0 QUESTION0_10_R 1 5.248e+01 2.500e+01))))
s>    ( QUESTION0 -1 1.060e+04 4.651e+02 4.729e+02
s>        ( QUESTION2_7_L -1 6.432e+03 3.770e+02 2.918e+02
s>            ( QUESTION0_0_R 1 3.065e+03 2.034e+02 1.504e+02
s>                ( QUESTION8 -1 2.367e+03 1.003e+02 1.222e+02
s>                    ( - 9.874e+01 1 0)
s>                    ( - 2.168e+03 2 0 QUESTION1 -1 3.212e+01 1.142e+02))
s>                ( - 4.944e+02 4 0 QUESTION0_10_R 1 4.478e+01 2.820e+01))
s>            ( QUESTION1 -1 2.990e+03 2.271e+02 1.414e+02
s>                ( - 8.758e+02 4 0 QUESTION5 -1 8.489e+01 4.899e+01)
s>                ( - 1.887e+03 1 0)))
s>        ( QUESTION0_0_R 1 3.707e+03 2.794e+02 1.811e+02
s>            ( - 2.682e+03 1 0)
s>            ( SILENCE -1 7.461e+02 1.180e+02 4.172e+01
s>                ( - 2.379e+02 2 0 QUESTION0_10_R 1 3.262e+01 1.672e+01)
s>                ( - 3.902e+02 2 0 QUESTION0_10_R 1 5.248e+01 2.500e+01))))INFO: dtree.c(1315): Comp split 5
INFO: dtree.c(1478): Final simple tree
|( QUESTION16 1 5.187e+03 3.635e+02 2.444e+02
|    ( QUESTION19 -1 2.452e+03 2.325e+02 1.283e+02
|        ( - 1.213e+03 1 0)
|        ( QUESTION2_0_L -1 1.006e+03 1.165e+02 5.730e+01
|            ( - 1.915e+02 2 0 WDBNDRY_B 0 4.270e+01 1.500e+01)
|            ( - 6.981e+02 1 0)))
|    ( QUESTION0_0_R 1 2.372e+03 2.297e+02 1.161e+02
|        ( - 8.968e+02 1 0)
|        ( QUESTION0_20_R 1 1.245e+03 1.687e+02 6.711e+01
|            ( QUESTION16 -1 4.874e+02 7.598e+01 2.911e+01
|                ( - 6.856e+01 2 0 QUESTION2_0_L -1 2.376e+01 7.105e+00)
|                ( - 3.429e+02 1 0))
|            ( QUESTION14 1 5.890e+02 9.070e+01 3.800e+01
|                ( - 2.663e+02 1 0)
|                ( - 2.320e+02 3 0 WDBNDRY_B 0 5.501e+01 1.800e+01)))))
s>    ( QUESTION16 1 5.187e+03 3.635e+02 2.444e+02
s>        ( QUESTION19 -1 2.452e+03 2.325e+02 1.283e+02
s>            ( - 1.213e+03 1 0)
s>            ( QUESTION2_0_L -1 1.006e+03 1.165e+02 5.730e+01
s>                ( - 1.915e+02 2 0 WDBNDRY_B 0 4.270e+01 1.500e+01)
s>                ( - 6.981e+02 1 0)))
s>        ( QUESTION0_0_R 1 2.372e+03 2.297e+02 1.161e+02
s>            ( - 8.968e+02 1 0)
s>            ( QUESTION0_20_R 1 1.245e+03 1.687e+02 6.711e+01
s>                ( QUESTION16 -1 4.874e+02 7.598e+01 2.911e+01
s>                    ( - 6.856e+01 2 0 QUESTION2_0_L -1 2.376e+01 7.105e+00)
s>                    ( - 3.429e+02 1 0))
s>                ( QUESTION14 1 5.890e+02 9.070e+01 3.800e+01
s>                    ( - 2.663e+02 1 0)
s>                    ( - 2.320e+02 3 0 WDBNDRY_B 0 5.501e+01 1.800e+01)))))INFO: dtree.c(1478): Final simple tree
|( QUESTION10 1 5.906e+03 3.333e+02 2.877e+02
|    ( QUESTION0_17_R 1 2.318e+03 2.094e+02 1.204e+02
|        ( QUESTION0_18_R 1 1.251e+03 1.249e+02 6.838e+01
|            ( - 1.486e+02 1 0)
|            ( - 9.780e+02 1 0))
|        ( QUESTION11 1 8.572e+02 1.079e+02 5.200e+01
|            ( - 3.190e+02 3 0)
|            ( - 4.304e+02 3 0 QUESTION0_10_R 1 7.257e+01 2.900e+01)))
|    ( QUESTION0_4_R 1 3.255e+03 2.497e+02 1.673e+02
|        ( - 1.284e+03 2 0)
|        ( QUESTION0_11_R 1 1.721e+03 1.682e+02 9.450e+01
|            ( - 1.065e+03 1 0)
|            ( QUESTION0_0_R 1 4.883e+02 8.946e+01 3.200e+01
|                ( - 1.114e+02 1 0)
|                ( - 2.874e+02 2 0)))))
s>    ( QUESTION10 1 5.906e+03 3.333e+02 2.877e+02
s>        ( QUESTION0_17_R 1 2.318e+03 2.094e+02 1.204e+02
s>            ( QUESTION0_18_R 1 1.251e+03 1.249e+02 6.838e+01
s>                ( - 1.486e+02 1 0)
s>                ( - 9.780e+02 1 0))
s>            ( QUESTION11 1 8.572e+02 1.079e+02 5.200e+01
s>                ( - 3.190e+02 3 0)
s>                ( - 4.304e+02 3 0 QUESTION0_10_R 1 7.257e+01 2.900e+01)))
s>        ( QUESTION0_4_R 1 3.255e+03 2.497e+02 1.673e+02
s>            ( - 1.284e+03 2 0)
s>            ( QUESTION0_11_R 1 1.721e+03 1.682e+02 9.450e+01
s>                ( - 1.065e+03 1 0)
s>                ( QUESTION0_0_R 1 4.883e+02 8.946e+01 3.200e+01
s>                    ( - 1.114e+02 1 0)
s>                    ( - 2.874e+02 2 0)))))INFO: dtree.c(1315): Comp split 6
INFO: dtree.c(1439): stop. leaf nodes are specific
INFO: dtree.c(1478): Final simple tree
|( QUESTION7 -1 5.499e+03 3.431e+02 2.556e+02
|    ( - 2.135e+03 1 0)
|    ( QUESTION1 -1 3.021e+03 2.286e+02 1.424e+02
|        ( QUESTION5 -1 8.758e+02 8.489e+01 4.899e+01
|            ( QUESTION0_0_R 1 1.028e+02 1.645e+01 9.000e+00
|                ( - 8.548e+01 1 0)
|                ( - 8.645e-01 1 0))
|            ( QUESTION0_0_R 1 6.881e+02 6.525e+01 3.999e+01
|                ( - 5.760e+02 1 0)
|                ( - 4.688e+01 1 0)))
|        ( QUESTION2_7_L -1 1.917e+03 2.813e+01 9.344e+01
|            ( - 1.588e+00 1 0)
|            ( - 1.887e+03 1 0))))
s>    ( QUESTION7 -1 5.499e+03 3.431e+02 2.556e+02
s>        ( - 2.135e+03 1 0)
s>        ( QUESTION1 -1 3.021e+03 2.286e+02 1.424e+02
s>            ( QUESTION5 -1 8.758e+02 8.489e+01 4.899e+01
s>                ( QUESTION0_0_R 1 1.028e+02 1.645e+01 9.000e+00
s>                    ( - 8.548e+01 1 0)
s>                    ( - 8.645e-01 1 0))
s>                ( QUESTION0_0_R 1 6.881e+02 6.525e+01 3.999e+01
s>                    ( - 5.760e+02 1 0)
s>                    ( - 4.688e+01 1 0)))
s>            ( QUESTION2_7_L -1 1.917e+03 2.813e+01 9.344e+01
s>                ( - 1.588e+00 1 0)
s>                ( - 1.887e+03 1 0))))INFO: dtree.c(1478): Final simple tree
|( QUESTION0_0_R 1 4.607e+03 3.462e+02 2.173e+02
|    ( SILENCE -1 2.868e+03 8.741e+01 1.474e+02
|        ( - 2.682e+03 1 0)
|        ( - 9.874e+01 1 0))
|    ( QUESTION0 -1 1.393e+03 1.527e+02 6.993e+01
|        ( QUESTION0_10_R 1 4.944e+02 4.478e+01 2.820e+01
|            ( - 8.741e+00 1 0)
|            ( QUESTION8 -1 4.408e+02 4.196e+01 2.620e+01
|                ( - 2.668e+01 1 0)
|                ( - 3.722e+02 2 0 QUESTION1 -1 2.989e+01 2.321e+01)))
|        ( SILENCE -1 7.461e+02 1.180e+02 4.172e+01
|            ( - 2.379e+02 2 0 QUESTION0_10_R 1 3.262e+01 1.672e+01)
|            ( QUESTION0_10_R 1 3.902e+02 5.248e+01 2.500e+01
|                ( - 2.065e+01 1 0)
|                ( - 3.170e+02 1 0)))))
s>    ( QUESTION0_0_R 1 4.607e+03 3.462e+02 2.173e+02
s>        ( SILENCE -1 2.868e+03 8.741e+01 1.474e+02
s>            ( - 2.682e+03 1 0)
s>            ( - 9.874e+01 1 0))
s>        ( QUESTION0 -1 1.393e+03 1.527e+02 6.993e+01
s>            ( QUESTION0_10_R 1 4.944e+02 4.478e+01 2.820e+01
s>                ( - 8.741e+00 1 0)
s>                ( QUESTION8 -1 4.408e+02 4.196e+01 2.620e+01
s>                    ( - 2.668e+01 1 0)
s>                    ( - 3.722e+02 2 0 QUESTION1 -1 2.989e+01 2.321e+01)))
s>            ( SILENCE -1 7.461e+02 1.180e+02 4.172e+01
s>                ( - 2.379e+02 2 0 QUESTION0_10_R 1 3.262e+01 1.672e+01)
s>                ( QUESTION0_10_R 1 3.902e+02 5.248e+01 2.500e+01
s>                    ( - 2.065e+01 1 0)
s>                    ( - 3.170e+02 1 0)))))INFO: dtree.c(1315): Comp split 7
INFO: dtree.c(1439): stop. leaf nodes are specific
INFO: dtree.c(1478): Final simple tree
|( QUESTION2_7_L -1 6.147e+03 3.503e+02 2.647e+02
|    ( QUESTION0 -1 2.660e+03 1.908e+02 1.270e+02
|        ( - 2.037e+03 2 0)
|        ( - 4.327e+02 1 0))
|    ( QUESTION10 -1 3.137e+03 2.803e+02 1.378e+02
|        ( QUESTION11 -1 1.121e+03 1.427e+02 5.068e+01
|            ( QUESTION2_11_L -1 3.336e+02 5.511e+01 1.500e+01
|                ( - 2.025e+02 1 0)
|                ( - 7.593e+01 1 0))
|            ( - 6.443e+02 1 0))
|        ( SILENCE -1 1.736e+03 1.514e+02 8.711e+01
|            ( - 1.337e+03 1 0)
|            ( - 2.481e+02 1 0))))
s>    ( QUESTION2_7_L -1 6.147e+03 3.503e+02 2.647e+02
s>        ( QUESTION0 -1 2.660e+03 1.908e+02 1.270e+02
s>            ( - 2.037e+03 2 0)
s>            ( - 4.327e+02 1 0))
s>        ( QUESTION10 -1 3.137e+03 2.803e+02 1.378e+02
s>            ( QUESTION11 -1 1.121e+03 1.427e+02 5.068e+01
s>                ( QUESTION2_11_L -1 3.336e+02 5.511e+01 1.500e+01
s>                    ( - 2.025e+02 1 0)
s>                    ( - 7.593e+01 1 0))
s>                ( - 6.443e+02 1 0))
s>            ( SILENCE -1 1.736e+03 1.514e+02 8.711e+01
s>                ( - 1.337e+03 1 0)
s>                ( - 2.481e+02 1 0))))INFO: dtree.c(1439): stop. leaf nodes are specific
INFO: dtree.c(1478): Final simple tree
|( QUESTION14 -1 4.488e+03 3.388e+02 1.987e+02
|    ( - 2.684e+03 2 0)
|    ( QUESTION2_0_L -1 1.465e+03 1.901e+02 7.197e+01
|        ( WDBNDRY_B 0 7.370e+02 8.406e+01 3.998e+01
|            ( - 9.525e+01 1 0)
|            ( - 5.577e+02 1 0))
|        ( - 5.379e+02 1 0)))
s>    ( QUESTION14 -1 4.488e+03 3.388e+02 1.987e+02
s>        ( - 2.684e+03 2 0)
s>        ( QUESTION2_0_L -1 1.465e+03 1.901e+02 7.197e+01
s>            ( WDBNDRY_B 0 7.370e+02 8.406e+01 3.998e+01
s>                ( - 9.525e+01 1 0)
s>                ( - 5.577e+02 1 0))
s>            ( - 5.379e+02 1 0)))INFO: dtree.c(1315): Comp split 8
INFO: dtree.c(1439): stop. leaf nodes are specific
INFO: dtree.c(1478): Final simple tree
|( QUESTION0_0_R 1 4.156e+03 2.035e+02 1.971e+02
|    ( - 3.643e+03 2 0)
|    ( WDBNDRY_B 0 3.092e+02 6.073e+01 1.900e+01
|        ( - 2.070e+02 2 0)
|        ( - 4.149e+01 1 0)))
s>    ( QUESTION0_0_R 1 4.156e+03 2.035e+02 1.971e+02
s>        ( - 3.643e+03 2 0)
s>        ( WDBNDRY_B 0 3.092e+02 6.073e+01 1.900e+01
s>            ( - 2.070e+02 2 0)
s>            ( - 4.149e+01 1 0)))INFO: dtree.c(1439): stop. leaf nodes are specific
INFO: dtree.c(1478): Final simple tree
|( QUESTION0 -1 3.839e+03 2.524e+02 1.787e+02
|    ( - 3.540e+02 1 0)
|    ( - 3.233e+03 2 0))
s>    ( QUESTION0 -1 3.839e+03 2.524e+02 1.787e+02
s>        ( - 3.540e+02 1 0)
s>        ( - 3.233e+03 2 0))INFO: dtree.c(1315): Comp split 9
INFO: dtree.c(1439): stop. leaf nodes are specific
INFO: dtree.c(1478): Final simple tree
|( QUESTION1 -1 3.168e+03 2.319e+02 1.420e+02
|    ( - 2.037e+03 2 0)
|    ( QUESTION0 -1 8.991e+02 1.328e+02 4.093e+01
|        ( QUESTION2_11_L -1 3.336e+02 5.511e+01 1.500e+01
|            ( - 2.025e+02 1 0)
|            ( - 7.593e+01 1 0))
|        ( - 4.327e+02 1 0)))
s>    ( QUESTION1 -1 3.168e+03 2.319e+02 1.420e+02
s>        ( - 2.037e+03 2 0)
s>        ( QUESTION0 -1 8.991e+02 1.328e+02 4.093e+01
s>            ( QUESTION2_11_L -1 3.336e+02 5.511e+01 1.500e+01
s>                ( - 2.025e+02 1 0)
s>                ( - 7.593e+01 1 0))
s>            ( - 4.327e+02 1 0)))INFO: dtree.c(1439): stop. leaf nodes are specific
INFO: dtree.c(1478): Final simple tree
|( SILENCE -1 2.610e+03 2.390e+02 1.228e+02
|    ( - 1.337e+03 1 0)
|    ( QUESTION1 -1 1.035e+03 1.424e+02 5.068e+01
|        ( - 2.481e+02 1 0)
|        ( - 6.443e+02 1 0)))
s>    ( SILENCE -1 2.610e+03 2.390e+02 1.228e+02
s>        ( - 1.337e+03 1 0)
s>        ( QUESTION1 -1 1.035e+03 1.424e+02 5.068e+01
s>            ( - 2.481e+02 1 0)
s>            ( - 6.443e+02 1 0)))INFO: dtree.c(1315): Comp split 10
INFO: dtree.c(1478): Final simple tree
|( QUESTION0_0_R 1 2.372e+03 2.297e+02 1.161e+02
|    ( - 8.968e+02 1 0)
|    ( QUESTION0_20_R 1 1.245e+03 1.687e+02 6.711e+01
|        ( QUESTION16 -1 4.874e+02 7.598e+01 2.911e+01
|            ( QUESTION2_0_L -1 6.856e+01 2.376e+01 7.105e+00
|                ( - 3.697e+01 1 0)
|                ( - 7.830e+00 1 0))
|            ( - 3.429e+02 1 0))
|        ( QUESTION14 1 5.890e+02 9.070e+01 3.800e+01
|            ( - 2.663e+02 1 0)
|            ( WDBNDRY_B 0 2.320e+02 5.501e+01 1.800e+01
|                ( - 7.123e+01 1 0)
|                ( SILENCE 1 1.058e+02 1.528e+01 1.000e+01
|                    ( - 3.209e+00 1 0)
|                    ( - 8.730e+01 1 0))))))
s>    ( QUESTION0_0_R 1 2.372e+03 2.297e+02 1.161e+02
s>        ( - 8.968e+02 1 0)
s>        ( QUESTION0_20_R 1 1.245e+03 1.687e+02 6.711e+01
s>            ( QUESTION16 -1 4.874e+02 7.598e+01 2.911e+01
s>                ( QUESTION2_0_L -1 6.856e+01 2.376e+01 7.105e+00
s>                    ( - 3.697e+01 1 0)
s>                    ( - 7.830e+00 1 0))
s>                ( - 3.429e+02 1 0))
s>            ( QUESTION14 1 5.890e+02 9.070e+01 3.800e+01
s>                ( - 2.663e+02 1 0)
s>                ( WDBNDRY_B 0 2.320e+02 5.501e+01 1.800e+01
s>                    ( - 7.123e+01 1 0)
s>                    ( SILENCE 1 1.058e+02 1.528e+01 1.000e+01
s>                        ( - 3.209e+00 1 0)
s>                        ( - 8.730e+01 1 0))))))INFO: dtree.c(1439): stop. leaf nodes are specific
INFO: dtree.c(1478): Final simple tree
|( QUESTION19 -1 2.452e+03 2.325e+02 1.283e+02
|    ( - 1.213e+03 1 0)
|    ( QUESTION2_0_L -1 1.006e+03 1.165e+02 5.730e+01
|        ( WDBNDRY_B 0 1.915e+02 4.270e+01 1.500e+01
|            ( - 1.372e+01 1 0)
|            ( - 1.351e+02 1 0))
|        ( - 6.981e+02 1 0)))
s>    ( QUESTION19 -1 2.452e+03 2.325e+02 1.283e+02
s>        ( - 1.213e+03 1 0)
s>        ( QUESTION2_0_L -1 1.006e+03 1.165e+02 5.730e+01
s>            ( WDBNDRY_B 0 1.915e+02 4.270e+01 1.500e+01
s>                ( - 1.372e+01 1 0)
s>                ( - 1.351e+02 1 0))
s>            ( - 6.981e+02 1 0)))INFO: dtree.c(1315): Comp split 11
INFO: dtree.c(1439): stop. leaf nodes are specific
INFO: dtree.c(1478): Final simple tree
|( SILENCE -1 2.943e+03 1.055e+02 1.504e+02
|    ( - 2.682e+03 1 0)
|    ( QUESTION0_0_R 1 1.558e+02 3.038e+01 1.099e+01
|        ( - 9.874e+01 1 0)
|        ( - 2.668e+01 1 0)))
s>    ( SILENCE -1 2.943e+03 1.055e+02 1.504e+02
s>        ( - 2.682e+03 1 0)
s>        ( QUESTION0_0_R 1 1.558e+02 3.038e+01 1.099e+01
s>            ( - 9.874e+01 1 0)
s>            ( - 2.668e+01 1 0)))INFO: dtree.c(1439): stop. leaf nodes are specific
INFO: dtree.c(1478): Final simple tree
|( QUESTION13 -1 1.316e+03 1.491e+02 6.694e+01
|    ( QUESTION0_10_R 1 3.902e+02 5.248e+01 2.500e+01
|        ( - 2.065e+01 1 0)
|        ( - 3.170e+02 1 0))
|    ( QUESTION1 -1 7.763e+02 1.145e+02 4.194e+01
|        ( QUESTION0_10_R 1 3.860e+02 4.191e+01 2.321e+01
|            ( - 8.741e+00 1 0)
|            ( - 3.353e+02 1 0))
|        ( QUESTION0_10_R 1 2.759e+02 3.415e+01 1.872e+01
|            ( - 9.323e+00 1 0)
|            ( SILENCE -1 2.324e+02 2.941e+01 1.672e+01
|                ( - 1.960e+02 1 0)
|                ( - 7.000e+00 1 0)))))
s>    ( QUESTION13 -1 1.316e+03 1.491e+02 6.694e+01
s>        ( QUESTION0_10_R 1 3.902e+02 5.248e+01 2.500e+01
s>            ( - 2.065e+01 1 0)
s>            ( - 3.170e+02 1 0))
s>        ( QUESTION1 -1 7.763e+02 1.145e+02 4.194e+01
s>            ( QUESTION0_10_R 1 3.860e+02 4.191e+01 2.321e+01
s>                ( - 8.741e+00 1 0)
s>                ( - 3.353e+02 1 0))
s>            ( QUESTION0_10_R 1 2.759e+02 3.415e+01 1.872e+01
s>                ( - 9.323e+00 1 0)
s>                ( SILENCE -1 2.324e+02 2.941e+01 1.672e+01
s>                    ( - 1.960e+02 1 0)
s>                    ( - 7.000e+00 1 0)))))INFO: dtree.c(1315): Comp split 12
INFO: dtree.c(1439): stop. leaf nodes are specific
INFO: dtree.c(1478): Final simple tree
|( QUESTION10 1 2.951e+03 2.508e+02 1.519e+02
|    ( QUESTION0_10_R 1 1.428e+03 1.314e+02 7.938e+01
|        ( - 9.780e+02 1 0)
|        ( - 3.190e+02 3 0))
|    ( QUESTION0_0_R 1 1.271e+03 9.520e+01 7.250e+01
|        ( - 1.114e+02 1 0)
|        ( - 1.065e+03 1 0)))
s>    ( QUESTION10 1 2.951e+03 2.508e+02 1.519e+02
s>        ( QUESTION0_10_R 1 1.428e+03 1.314e+02 7.938e+01
s>            ( - 9.780e+02 1 0)
s>            ( - 3.190e+02 3 0))
s>        ( QUESTION0_0_R 1 1.271e+03 9.520e+01 7.250e+01
s>            ( - 1.114e+02 1 0)
s>            ( - 1.065e+03 1 0)))INFO: dtree.c(1439): stop. leaf nodes are specific
INFO: dtree.c(1478): Final simple tree
|( QUESTION0_0_R 1 2.610e+03 2.209e+02 1.358e+02
|    ( - 1.284e+03 2 0)
|    ( QUESTION0_15_R 1 1.105e+03 1.448e+02 6.300e+01
|        ( - 2.874e+02 2 0)
|        ( QUESTION0_19_R 1 6.730e+02 9.948e+01 4.100e+01
|            ( - 1.972e+02 1 0)
|            ( QUESTION0_10_R 1 3.763e+02 6.714e+01 2.500e+01
|                ( - 1.486e+02 1 0)
|                ( WDBNDRY_E 0 1.606e+02 4.264e+01 1.300e+01
|                    ( - 5.067e+01 1 0)
|                    ( - 6.728e+01 1 0))))))
s>    ( QUESTION0_0_R 1 2.610e+03 2.209e+02 1.358e+02
s>        ( - 1.284e+03 2 0)
s>        ( QUESTION0_15_R 1 1.105e+03 1.448e+02 6.300e+01
s>            ( - 2.874e+02 2 0)
s>            ( QUESTION0_19_R 1 6.730e+02 9.948e+01 4.100e+01
s>                ( - 1.972e+02 1 0)
s>                ( QUESTION0_10_R 1 3.763e+02 6.714e+01 2.500e+01
s>                    ( - 1.486e+02 1 0)
s>                    ( WDBNDRY_E 0 1.606e+02 4.264e+01 1.300e+01
s>                        ( - 5.067e+01 1 0)
s>                        ( - 6.728e+01 1 0))))))INFO: dtree.c(1315): Comp split 13
INFO: dtree.c(1439): stop. leaf nodes are specific
INFO: dtree.c(1478): Final simple tree
|( QUESTION1 -1 3.021e+03 2.286e+02 1.424e+02
|    ( QUESTION5 -1 8.758e+02 8.489e+01 4.899e+01
|        ( QUESTION0_0_R 1 1.028e+02 1.645e+01 9.000e+00
|            ( - 8.548e+01 1 0)
|            ( - 8.645e-01 1 0))
|        ( QUESTION0_0_R 1 6.881e+02 6.525e+01 3.999e+01
|            ( - 5.760e+02 1 0)
|            ( - 4.688e+01 1 0)))
|    ( QUESTION2_7_L -1 1.917e+03 2.813e+01 9.344e+01
|        ( - 1.588e+00 1 0)
|        ( - 1.887e+03 1 0)))
s>    ( QUESTION1 -1 3.021e+03 2.286e+02 1.424e+02
s>        ( QUESTION5 -1 8.758e+02 8.489e+01 4.899e+01
s>            ( QUESTION0_0_R 1 1.028e+02 1.645e+01 9.000e+00
s>                ( - 8.548e+01 1 0)
s>                ( - 8.645e-01 1 0))
s>            ( QUESTION0_0_R 1 6.881e+02 6.525e+01 3.999e+01
s>                ( - 5.760e+02 1 0)
s>                ( - 4.688e+01 1 0)))
s>        ( QUESTION2_7_L -1 1.917e+03 2.813e+01 9.344e+01
s>            ( - 1.588e+00 1 0)
s>            ( - 1.887e+03 1 0)))INFO: dtree.c(1315): Comp split 14
INFO: dtree.c(1439): stop. leaf nodes are specific
INFO: dtree.c(1478): Final simple tree
|( QUESTION2_0_L -1 1.465e+03 1.901e+02 7.197e+01
|    ( WDBNDRY_B 0 7.370e+02 8.406e+01 3.998e+01
|        ( - 9.525e+01 1 0)
|        ( - 5.577e+02 1 0))
|    ( - 5.379e+02 1 0))
s>    ( QUESTION2_0_L -1 1.465e+03 1.901e+02 7.197e+01
s>        ( WDBNDRY_B 0 7.370e+02 8.406e+01 3.998e+01
s>            ( - 9.525e+01 1 0)
s>            ( - 5.577e+02 1 0))
s>        ( - 5.379e+02 1 0))INFO: dtree.c(1315): Comp split 15
INFO: dtree.c(1315): Comp split 16
INFO: dtree.c(1439): stop. leaf nodes are specific
INFO: dtree.c(1478): Final simple tree
|( QUESTION0_0_R 1 1.271e+03 9.520e+01 7.250e+01
|    ( - 1.114e+02 1 0)
|    ( - 1.065e+03 1 0))
s>    ( QUESTION0_0_R 1 1.271e+03 9.520e+01 7.250e+01
s>        ( - 1.114e+02 1 0)
s>        ( - 1.065e+03 1 0))INFO: dtree.c(1439): stop. leaf nodes are specific
INFO: dtree.c(1478): Final simple tree
|( QUESTION0_10_R 1 1.428e+03 1.314e+02 7.938e+01
|    ( - 9.780e+02 1 0)
|    ( - 3.190e+02 3 0))
s>    ( QUESTION0_10_R 1 1.428e+03 1.314e+02 7.938e+01
s>        ( - 9.780e+02 1 0)
s>        ( - 3.190e+02 3 0))INFO: dtree.c(1315): Comp split 17
INFO: dtree.c(1439): stop. leaf nodes are specific
INFO: dtree.c(1478): Final simple tree
|( QUESTION0_0_R 1 1.158e+03 1.164e+02 6.100e+01
|    ( - 8.968e+02 1 0)
|    ( QUESTION0_10_R 1 1.447e+02 3.433e+01 1.200e+01
|        ( - 8.730e+01 1 0)
|        ( WDBNDRY_B 0 2.302e+01 1.198e+01 3.000e+00
|            ( - 7.830e+00 1 0)
|            ( - 3.209e+00 1 0))))
s>    ( QUESTION0_0_R 1 1.158e+03 1.164e+02 6.100e+01
s>        ( - 8.968e+02 1 0)
s>        ( QUESTION0_10_R 1 1.447e+02 3.433e+01 1.200e+01
s>            ( - 8.730e+01 1 0)
s>            ( WDBNDRY_B 0 2.302e+01 1.198e+01 3.000e+00
s>                ( - 7.830e+00 1 0)
s>                ( - 3.209e+00 1 0))))INFO: dtree.c(1439): stop. leaf nodes are specific
INFO: dtree.c(1478): Final simple tree
|( QUESTION0_10_R 1 9.700e+02 1.402e+02 5.511e+01
|    ( WDBNDRY_B 0 3.921e+02 5.454e+01 2.800e+01
|        ( - 7.123e+01 1 0)
|        ( - 2.663e+02 1 0))
|    ( QUESTION16 -1 4.377e+02 5.787e+01 2.711e+01
|        ( - 3.697e+01 1 0)
|        ( - 3.429e+02 1 0)))
s>    ( QUESTION0_10_R 1 9.700e+02 1.402e+02 5.511e+01
s>        ( WDBNDRY_B 0 3.921e+02 5.454e+01 2.800e+01
s>            ( - 7.123e+01 1 0)
s>            ( - 2.663e+02 1 0))
s>        ( QUESTION16 -1 4.377e+02 5.787e+01 2.711e+01
s>            ( - 3.697e+01 1 0)
s>            ( - 3.429e+02 1 0)))INFO: dtree.c(1315): Comp split 18
INFO: dtree.c(1439): stop. leaf nodes are specific
INFO: dtree.c(1478): Final simple tree
|( QUESTION1 -1 1.035e+03 1.424e+02 5.068e+01
|    ( - 2.481e+02 1 0)
|    ( - 6.443e+02 1 0))
s>    ( QUESTION1 -1 1.035e+03 1.424e+02 5.068e+01
s>        ( - 2.481e+02 1 0)
s>        ( - 6.443e+02 1 0))INFO: dtree.c(1315): Comp split 19
INFO: dtree.c(1439): stop. leaf nodes are specific
INFO: dtree.c(1478): Final simple tree
|( QUESTION2_0_L -1 1.006e+03 1.165e+02 5.730e+01
|    ( WDBNDRY_B 0 1.915e+02 4.270e+01 1.500e+01
|        ( - 1.372e+01 1 0)
|        ( - 1.351e+02 1 0))
|    ( - 6.981e+02 1 0))
s>    ( QUESTION2_0_L -1 1.006e+03 1.165e+02 5.730e+01
s>        ( WDBNDRY_B 0 1.915e+02 4.270e+01 1.500e+01
s>            ( - 1.372e+01 1 0)
s>            ( - 1.351e+02 1 0))
s>        ( - 6.981e+02 1 0))INFO: dtree.c(1315): Comp split 20
INFO: dtree.c(1439): stop. leaf nodes are specific
INFO: dtree.c(1478): Final simple tree
|( QUESTION0 -1 8.991e+02 1.328e+02 4.093e+01
|    ( QUESTION2_11_L -1 3.336e+02 5.511e+01 1.500e+01
|        ( - 2.025e+02 1 0)
|        ( - 7.593e+01 1 0))
|    ( - 4.327e+02 1 0))
s>    ( QUESTION0 -1 8.991e+02 1.328e+02 4.093e+01
s>        ( QUESTION2_11_L -1 3.336e+02 5.511e+01 1.500e+01
s>            ( - 2.025e+02 1 0)
s>            ( - 7.593e+01 1 0))
s>        ( - 4.327e+02 1 0))INFO: dtree.c(1315): Comp split 21
INFO: dtree.c(1439): stop. leaf nodes are specific
INFO: dtree.c(1478): Final simple tree
|( QUESTION0_0_R 1 2.003e+03 6.846e+01 9.644e+01
|    ( - 1.887e+03 1 0)
|    ( - 4.688e+01 1 0))
s>    ( QUESTION0_0_R 1 2.003e+03 6.846e+01 9.644e+01
s>        ( - 1.887e+03 1 0)
s>        ( - 4.688e+01 1 0))INFO: dtree.c(1439): stop. leaf nodes are specific
INFO: dtree.c(1478): Final simple tree
|( QUESTION2_17_L -1 7.897e+02 8.877e+01 4.599e+01
|    ( - 5.760e+02 1 0)
|    ( QUESTION1 -1 1.249e+02 2.057e+01 1.000e+01
|        ( QUESTION0_0_R 1 1.028e+02 1.645e+01 9.000e+00
|            ( - 8.548e+01 1 0)
|            ( - 8.645e-01 1 0))
|        ( - 1.588e+00 1 0)))
s>    ( QUESTION2_17_L -1 7.897e+02 8.877e+01 4.599e+01
s>        ( - 5.760e+02 1 0)
s>        ( QUESTION1 -1 1.249e+02 2.057e+01 1.000e+01
s>            ( QUESTION0_0_R 1 1.028e+02 1.645e+01 9.000e+00
s>                ( - 8.548e+01 1 0)
s>                ( - 8.645e-01 1 0))
s>            ( - 1.588e+00 1 0)))INFO: dtree.c(1315): Comp split 22
INFO: dtree.c(1439): stop. leaf nodes are specific
INFO: dtree.c(1478): Final simple tree
|( QUESTION0_0_R 1 1.405e+03 7.052e+01 7.882e+01
|    ( - 1.284e+03 2 0)
|    ( - 5.067e+01 1 0))
s>    ( QUESTION0_0_R 1 1.405e+03 7.052e+01 7.882e+01
s>        ( - 1.284e+03 2 0)
s>        ( - 5.067e+01 1 0))INFO: dtree.c(1439): stop. leaf nodes are specific
INFO: dtree.c(1478): Final simple tree
|( QUESTION0_15_R 1 9.838e+02 1.391e+02 5.700e+01
|    ( - 2.874e+02 2 0)
|    ( QUESTION0_17_R 1 5.572e+02 9.134e+01 3.500e+01
|        ( - 1.486e+02 1 0)
|        ( WDBNDRY_E 0 3.173e+02 5.283e+01 2.300e+01
|            ( - 1.972e+02 1 0)
|            ( - 6.728e+01 1 0))))
s>    ( QUESTION0_15_R 1 9.838e+02 1.391e+02 5.700e+01
s>        ( - 2.874e+02 2 0)
s>        ( QUESTION0_17_R 1 5.572e+02 9.134e+01 3.500e+01
s>            ( - 1.486e+02 1 0)
s>            ( WDBNDRY_E 0 3.173e+02 5.283e+01 2.300e+01
s>                ( - 1.972e+02 1 0)
s>                ( - 6.728e+01 1 0))))INFO: dtree.c(1315): Comp split 23
INFO: dtree.c(1439): stop. leaf nodes are specific
INFO: dtree.c(1478): Final simple tree
|( WDBNDRY_B 0 3.092e+02 6.073e+01 1.900e+01
|    ( - 2.070e+02 2 0)
|    ( - 4.149e+01 1 0))
s>    ( WDBNDRY_B 0 3.092e+02 6.073e+01 1.900e+01
s>        ( - 2.070e+02 2 0)
s>        ( - 4.149e+01 1 0))INFO: dtree.c(1315): Comp split 24
INFO: dtree.c(1439): stop. leaf nodes are specific
INFO: dtree.c(1478): Final simple tree
|( WDBNDRY_B 0 7.370e+02 8.406e+01 3.998e+01
|    ( - 9.525e+01 1 0)
|    ( - 5.577e+02 1 0))
s>    ( WDBNDRY_B 0 7.370e+02 8.406e+01 3.998e+01
s>        ( - 9.525e+01 1 0)
s>        ( - 5.577e+02 1 0))INFO: dtree.c(1315): Comp split 25
INFO: dtree.c(1439): stop. leaf nodes are specific
INFO: dtree.c(1478): Final simple tree
|( QUESTION1 -1 7.975e+02 1.085e+02 4.421e+01
|    ( - 3.353e+02 1 0)
|    ( QUESTION0 -1 3.537e+02 2.965e+01 2.300e+01
|        ( - 7.000e+00 1 0)
|        ( - 3.170e+02 1 0)))
s>    ( QUESTION1 -1 7.975e+02 1.085e+02 4.421e+01
s>        ( - 3.353e+02 1 0)
s>        ( QUESTION0 -1 3.537e+02 2.965e+01 2.300e+01
s>            ( - 7.000e+00 1 0)
s>            ( - 3.170e+02 1 0)))INFO: dtree.c(1439): stop. leaf nodes are specific
INFO: dtree.c(1478): Final simple tree
|( QUESTION0_10_R 1 3.472e+02 6.563e+01 2.272e+01
|    ( QUESTION0_12_R 1 8.561e+01 2.947e+01 8.000e+00
|        ( - 2.065e+01 1 0)
|        ( SILENCE -1 3.548e+01 1.742e+01 4.000e+00
|            ( - 9.323e+00 1 0)
|            ( - 8.741e+00 1 0)))
|    ( - 1.960e+02 1 0))
s>    ( QUESTION0_10_R 1 3.472e+02 6.563e+01 2.272e+01
s>        ( QUESTION0_12_R 1 8.561e+01 2.947e+01 8.000e+00
s>            ( - 2.065e+01 1 0)
s>            ( SILENCE -1 3.548e+01 1.742e+01 4.000e+00
s>                ( - 9.323e+00 1 0)
s>                ( - 8.741e+00 1 0)))
s>        ( - 1.960e+02 1 0))INFO: dtree.c(1315): Comp split 26
INFO: dtree.c(1315): Comp split 27
INFO: dtree.c(1439): stop. leaf nodes are specific
INFO: dtree.c(1478): Final simple tree
|( QUESTION16 -1 4.377e+02 5.787e+01 2.711e+01
|    ( - 3.697e+01 1 0)
|    ( - 3.429e+02 1 0))
s>    ( QUESTION16 -1 4.377e+02 5.787e+01 2.711e+01
s>        ( - 3.697e+01 1 0)
s>        ( - 3.429e+02 1 0))INFO: dtree.c(1439): stop. leaf nodes are specific
INFO: dtree.c(1478): Final simple tree
|( WDBNDRY_B 0 3.921e+02 5.454e+01 2.800e+01
|    ( - 7.123e+01 1 0)
|    ( - 2.663e+02 1 0))
s>    ( WDBNDRY_B 0 3.921e+02 5.454e+01 2.800e+01
s>        ( - 7.123e+01 1 0)
s>        ( - 2.663e+02 1 0))INFO: dtree.c(1315): Comp split 28
INFO: dtree.c(1439): stop. leaf nodes are specific
INFO: dtree.c(1478): Final simple tree
|( QUESTION0_17_R 1 5.572e+02 9.134e+01 3.500e+01
|    ( - 1.486e+02 1 0)
|    ( WDBNDRY_E 0 3.173e+02 5.283e+01 2.300e+01
|        ( - 1.972e+02 1 0)
|        ( - 6.728e+01 1 0)))
s>    ( QUESTION0_17_R 1 5.572e+02 9.134e+01 3.500e+01
s>        ( - 1.486e+02 1 0)
s>        ( WDBNDRY_E 0 3.173e+02 5.283e+01 2.300e+01
s>            ( - 1.972e+02 1 0)
s>            ( - 6.728e+01 1 0)))INFO: dtree.c(1315): Comp split 29
INFO: dtree.c(1439): stop. leaf nodes are specific
INFO: dtree.c(1478): Final simple tree
|( QUESTION2_11_L -1 3.336e+02 5.511e+01 1.500e+01
|    ( - 2.025e+02 1 0)
|    ( - 7.593e+01 1 0))
s>    ( QUESTION2_11_L -1 3.336e+02 5.511e+01 1.500e+01
s>        ( - 2.025e+02 1 0)
s>        ( - 7.593e+01 1 0))INFO: dtree.c(1315): Comp split 30
INFO: dtree.c(1315): Comp split 31
INFO: dtree.c(1439): stop. leaf nodes are specific
INFO: dtree.c(1478): Final simple tree
|( WDBNDRY_B 0 1.915e+02 4.270e+01 1.500e+01
|    ( - 1.372e+01 1 0)
|    ( - 1.351e+02 1 0))
s>    ( WDBNDRY_B 0 1.915e+02 4.270e+01 1.500e+01
s>        ( - 1.372e+01 1 0)
s>        ( - 1.351e+02 1 0))INFO: dtree.c(1315): Comp split 32
INFO: dtree.c(1439): stop. leaf nodes are specific
INFO: dtree.c(1478): Final simple tree
|( QUESTION0_10_R 1 1.447e+02 3.433e+01 1.200e+01
|    ( - 8.730e+01 1 0)
|    ( WDBNDRY_B 0 2.302e+01 1.198e+01 3.000e+00
|        ( - 7.830e+00 1 0)
|        ( - 3.209e+00 1 0)))
s>    ( QUESTION0_10_R 1 1.447e+02 3.433e+01 1.200e+01
s>        ( - 8.730e+01 1 0)
s>        ( WDBNDRY_B 0 2.302e+01 1.198e+01 3.000e+00
s>            ( - 7.830e+00 1 0)
s>            ( - 3.209e+00 1 0)))INFO: dtree.c(1315): Comp split 33
INFO: dtree.c(1439): stop. leaf nodes are specific
INFO: dtree.c(1478): Final simple tree
|( QUESTION0 -1 3.537e+02 2.965e+01 2.300e+01
|    ( - 7.000e+00 1 0)
|    ( - 3.170e+02 1 0))
s>    ( QUESTION0 -1 3.537e+02 2.965e+01 2.300e+01
s>        ( - 7.000e+00 1 0)
s>        ( - 3.170e+02 1 0))INFO: dtree.c(1315): Comp split 34
INFO: dtree.c(1439): stop. leaf nodes are specific
INFO: dtree.c(1478): Final simple tree
|( QUESTION0_0_R 1 1.558e+02 3.038e+01 1.099e+01
|    ( - 9.874e+01 1 0)
|    ( - 2.668e+01 1 0))
s>    ( QUESTION0_0_R 1 1.558e+02 3.038e+01 1.099e+01
s>        ( - 9.874e+01 1 0)
s>        ( - 2.668e+01 1 0))INFO: dtree.c(1315): Comp split 35
INFO: dtree.c(1439): stop. leaf nodes are specific
INFO: dtree.c(1478): Final simple tree
|( QUESTION0_0_R 1 6.129e+01 1.391e+01 7.000e+00
|    ( - 0.000e+00 1 0)
|    ( - 4.738e+01 1 0))
s>    ( QUESTION0_0_R 1 6.129e+01 1.391e+01 7.000e+00
s>        ( - 0.000e+00 1 0)
s>        ( - 4.738e+01 1 0))INFO: dtree.c(1315): Comp split 36
INFO: dtree.c(1315): Comp split 37
INFO: dtree.c(1439): stop. leaf nodes are specific
INFO: dtree.c(1478): Final simple tree
|( WDBNDRY_E 0 3.173e+02 5.283e+01 2.300e+01
|    ( - 1.972e+02 1 0)
|    ( - 6.728e+01 1 0))
s>    ( WDBNDRY_E 0 3.173e+02 5.283e+01 2.300e+01
s>        ( - 1.972e+02 1 0)
s>        ( - 6.728e+01 1 0))INFO: dtree.c(1315): Comp split 38
INFO: dtree.c(1439): stop. leaf nodes are specific
INFO: dtree.c(1478): Final simple tree
|( QUESTION1 -1 1.249e+02 2.057e+01 1.000e+01
|    ( QUESTION0_0_R 1 1.028e+02 1.645e+01 9.000e+00
|        ( - 8.548e+01 1 0)
|        ( - 8.645e-01 1 0))
|    ( - 1.588e+00 1 0))
s>    ( QUESTION1 -1 1.249e+02 2.057e+01 1.000e+01
s>        ( QUESTION0_0_R 1 1.028e+02 1.645e+01 9.000e+00
s>            ( - 8.548e+01 1 0)
s>            ( - 8.645e-01 1 0))
s>        ( - 1.588e+00 1 0))INFO: dtree.c(1315): Comp split 39
INFO: dtree.c(1315): Comp split 40
INFO: dtree.c(1315): Comp split 41
INFO: dtree.c(1315): Comp split 42
INFO: dtree.c(1439): stop. leaf nodes are specific
INFO: dtree.c(1478): Final simple tree
|( QUESTION0_12_R 1 8.561e+01 2.947e+01 8.000e+00
|    ( - 2.065e+01 1 0)
|    ( SILENCE -1 3.548e+01 1.742e+01 4.000e+00
|        ( - 9.323e+00 1 0)
|        ( - 8.741e+00 1 0)))
s>    ( QUESTION0_12_R 1 8.561e+01 2.947e+01 8.000e+00
s>        ( - 2.065e+01 1 0)
s>        ( SILENCE -1 3.548e+01 1.742e+01 4.000e+00
s>            ( - 9.323e+00 1 0)
s>            ( - 8.741e+00 1 0)))INFO: dtree.c(1315): Comp split 43
INFO: dtree.c(1315): Comp split 44
INFO: dtree.c(1315): Comp split 45
INFO: dtree.c(1315): Comp split 46
INFO: dtree.c(1315): Comp split 47
INFO: dtree.c(1315): Comp split 48
INFO: dtree.c(1315): Comp split 49
INFO: dtree.c(1439): stop. leaf nodes are specific
INFO: dtree.c(1478): Final simple tree
|( WDBNDRY_B 0 2.302e+01 1.198e+01 3.000e+00
|    ( - 7.830e+00 1 0)
|    ( - 3.209e+00 1 0))
s>    ( WDBNDRY_B 0 2.302e+01 1.198e+01 3.000e+00
s>        ( - 7.830e+00 1 0)
s>        ( - 3.209e+00 1 0))INFO: dtree.c(1315): Comp split 50
INFO: dtree.c(1315): Comp split 51
INFO: dtree.c(1315): Comp split 52
INFO: dtree.c(1439): stop. leaf nodes are specific
INFO: dtree.c(1478): Final simple tree
|( SILENCE -1 3.548e+01 1.742e+01 4.000e+00
|    ( - 9.323e+00 1 0)
|    ( - 8.741e+00 1 0))
s>    ( SILENCE -1 3.548e+01 1.742e+01 4.000e+00
s>        ( - 9.323e+00 1 0)
s>        ( - 8.741e+00 1 0))INFO: dtree.c(1315): Comp split 53
INFO: dtree.c(1439): stop. leaf nodes are specific
INFO: dtree.c(1478): Final simple tree
|( QUESTION0_0_R 1 1.161e+01 9.162e+00 2.000e+00
|    ( - 1.588e+00 1 0)
|    ( - 8.645e-01 1 0))
s>    ( QUESTION0_0_R 1 1.161e+01 9.162e+00 2.000e+00
s>        ( - 1.588e+00 1 0)
s>        ( - 8.645e-01 1 0))INFO: dtree.c(1315): Comp split 54
INFO: dtree.c(1315): Comp split 55
INFO: dtree.c(1315): Comp split 56
INFO: dtree.c(1315): Comp split 57
INFO: dtree.c(1315): Comp split 58
INFO: dtree.c(1318): stop. leaf nodes are specific
Fri Nov  2 10:06:40 2018
