Current configuration:
[NAME]		[DEFLT]	[VALUE]
-allphones	no	no
-cntthresh	0.00001	1.000000e-05
-csplitmax	100	2000
-csplitmin	1	1
-csplitthr	8e-4	0.000000e+00
-example	no	no
-fullvar	no	no
-help		no	no
-meanfn			
-mixwfn			/home/sdv/Documents/SDV/SDVoice/an4/model_parameters/an4.cd_semi_untied/mixture_weights
-moddeffn		/home/sdv/Documents/SDV/SDVoice/an4/model_architecture/an4.untied.mdef
-mwfloor	1e-4	1.000000e-08
-phone			JH
-psetfn			/home/sdv/Documents/SDV/SDVoice/an4/model_architecture/an4.tree_questions
-ssplitmax	5	7
-ssplitmin	1	1
-ssplitthr	8e-4	0.000000e+00
-state			2
-stwt			1.0,0.05,0.0,
-treefn			/home/sdv/Documents/SDV/SDVoice/an4/trees/an4.unpruned/JH-2.dtree
-ts2cbfn	.semi.	.semi.
-varfloor	0.00001	1.000000e-05
-varfn			

INFO: main.c(223): Reading: /home/sdv/Documents/SDV/SDVoice/an4/model_architecture/an4.untied.mdef
INFO: model_def_io.c(573): Model definition info:
INFO: model_def_io.c(574): 1618 total models defined (34 base, 1584 tri)
INFO: model_def_io.c(575): 6472 total states
INFO: model_def_io.c(576): 4854 total tied states
INFO: model_def_io.c(577): 102 total tied CI states
INFO: model_def_io.c(578): 34 total tied transition matrices
INFO: model_def_io.c(579): 4 max state/model
INFO: model_def_io.c(580): 4 min state/model
INFO: main.c(242): Building trees for [JH AH EY b] through [JH UW IY b]
INFO: main.c(269): Covering states |[2643 2732]| == 90
INFO: main.c(275): Reading: /home/sdv/Documents/SDV/SDVoice/an4/model_parameters/an4.cd_semi_untied/mixture_weights
INFO: s3mixw_io.c(173): Read /home/sdv/Documents/SDV/SDVoice/an4/model_parameters/an4.cd_semi_untied/mixture_weights [90x4x256 array]
INFO: main.c(311): 30 of 30 models have observation count greater than 0.000010
INFO: main.c(95): nrm stwt: 0.000 0.048 0.952 
INFO: main.c(411): 30-class entropy: 9.167659e+03
INFO: main.c(549): Reading: /home/sdv/Documents/SDV/SDVoice/an4/model_architecture/an4.tree_questions
INFO: main.c(588): 176 total simple questions (168 phone; 8 word bndry)
INFO: main.c(590): 42 Left Only questions, and 42 Right Only questions
INFO: dtree.c(1478): Final simple tree
|( QUESTION0_8_R 1 1.294e+04 7.910e+02 5.688e+02
|    ( QUESTION1 -1 8.862e+03 3.784e+02 4.025e+02
|        ( QUESTION2 -1 4.698e+03 1.956e+02 2.195e+02
|            ( - 4.012e+03 2 0)
|            ( - 4.901e+02 2 0 QUESTION8 -1 6.663e+01 2.999e+01))
|        ( QUESTION2_6_L -1 3.786e+03 2.733e+02 1.829e+02
|            ( QUESTION14 -1 1.635e+03 1.588e+02 8.498e+01
|                ( - 7.805e+02 2 0)
|                ( - 6.956e+02 6 0 QUESTION12 -1 9.977e+01 4.095e+01))
|            ( SILENCE -1 1.878e+03 1.747e+02 9.795e+01
|                ( - 1.098e+03 2 0 QUESTION0 1 6.802e+01 6.095e+01)
|                ( - 6.052e+02 2 0 QUESTION16 -1 9.455e+01 3.700e+01))))
|    ( QUESTION2_6_L -1 3.283e+03 2.343e+02 1.663e+02
|        ( - 1.689e+03 9 0 QUESTION14 -1 1.561e+02 9.265e+01)
|        ( - 1.360e+03 5 0 QUESTION14 1 1.141e+02 7.367e+01)))
s>    ( QUESTION0_8_R 1 1.294e+04 7.910e+02 5.688e+02
s>        ( QUESTION1 -1 8.862e+03 3.784e+02 4.025e+02
s>            ( QUESTION2 -1 4.698e+03 1.956e+02 2.195e+02
s>                ( - 4.012e+03 2 0)
s>                ( - 4.901e+02 2 0 QUESTION8 -1 6.663e+01 2.999e+01))
s>            ( QUESTION2_6_L -1 3.786e+03 2.733e+02 1.829e+02
s>                ( QUESTION14 -1 1.635e+03 1.588e+02 8.498e+01
s>                    ( - 7.805e+02 2 0)
s>                    ( - 6.956e+02 6 0 QUESTION12 -1 9.977e+01 4.095e+01))
s>                ( SILENCE -1 1.878e+03 1.747e+02 9.795e+01
s>                    ( - 1.098e+03 2 0 QUESTION0 1 6.802e+01 6.095e+01)
s>                    ( - 6.052e+02 2 0 QUESTION16 -1 9.455e+01 3.700e+01))))
s>        ( QUESTION2_6_L -1 3.283e+03 2.343e+02 1.663e+02
s>            ( - 1.689e+03 9 0 QUESTION14 -1 1.561e+02 9.265e+01)
s>            ( - 1.360e+03 5 0 QUESTION14 1 1.141e+02 7.367e+01)))INFO: dtree.c(1315): Comp split 0
INFO: dtree.c(1478): Final simple tree
|( QUESTION1 -1 8.862e+03 3.784e+02 4.025e+02
|    ( QUESTION2 -1 4.698e+03 1.956e+02 2.195e+02
|        ( - 4.012e+03 2 0)
|        ( - 4.901e+02 2 0 QUESTION8 -1 6.663e+01 2.999e+01))
|    ( QUESTION2_6_L -1 3.786e+03 2.733e+02 1.829e+02
|        ( QUESTION14 -1 1.635e+03 1.588e+02 8.498e+01
|            ( - 7.805e+02 2 0)
|            ( QUESTION12 -1 6.956e+02 9.977e+01 4.095e+01
|                ( - 1.817e+02 2 0 QUESTION2_7_L -1 4.034e+01 1.400e+01)
|                ( - 4.142e+02 4 0 QUESTION2_11_L -1 7.381e+01 2.695e+01)))
|        ( SILENCE -1 1.878e+03 1.747e+02 9.795e+01
|            ( - 1.098e+03 2 0 QUESTION0 1 6.802e+01 6.095e+01)
|            ( QUESTION16 -1 6.052e+02 9.455e+01 3.700e+01
|                ( - 2.933e+02 1 0)
|                ( - 2.173e+02 1 0)))))
s>    ( QUESTION1 -1 8.862e+03 3.784e+02 4.025e+02
s>        ( QUESTION2 -1 4.698e+03 1.956e+02 2.195e+02
s>            ( - 4.012e+03 2 0)
s>            ( - 4.901e+02 2 0 QUESTION8 -1 6.663e+01 2.999e+01))
s>        ( QUESTION2_6_L -1 3.786e+03 2.733e+02 1.829e+02
s>            ( QUESTION14 -1 1.635e+03 1.588e+02 8.498e+01
s>                ( - 7.805e+02 2 0)
s>                ( QUESTION12 -1 6.956e+02 9.977e+01 4.095e+01
s>                    ( - 1.817e+02 2 0 QUESTION2_7_L -1 4.034e+01 1.400e+01)
s>                    ( - 4.142e+02 4 0 QUESTION2_11_L -1 7.381e+01 2.695e+01)))
s>            ( SILENCE -1 1.878e+03 1.747e+02 9.795e+01
s>                ( - 1.098e+03 2 0 QUESTION0 1 6.802e+01 6.095e+01)
s>                ( QUESTION16 -1 6.052e+02 9.455e+01 3.700e+01
s>                    ( - 2.933e+02 1 0)
s>                    ( - 2.173e+02 1 0)))))INFO: dtree.c(1478): Final simple tree
|( QUESTION2_6_L -1 3.283e+03 2.343e+02 1.663e+02
|    ( QUESTION14 -1 1.689e+03 1.561e+02 9.265e+01
|        ( - 7.511e+02 2 0)
|        ( QUESTION1 -1 7.818e+02 9.618e+01 4.712e+01
|            ( QUESTION2 -1 2.659e+02 5.464e+01 1.900e+01
|                ( - 9.555e+01 1 0)
|                ( - 1.157e+02 2 0 QUESTION8 -1 3.304e+01 1.000e+01))
|            ( QUESTION12 -1 4.197e+02 7.013e+01 2.812e+01
|                ( - 1.132e+02 1 0)
|                ( - 2.364e+02 3 0 QUESTION2_16_L -1 4.365e+01 1.800e+01))))
|    ( QUESTION14 1 1.360e+03 1.141e+02 7.367e+01
|        ( SILENCE -1 1.090e+03 1.076e+02 6.167e+01
|            ( - 8.744e+02 1 0)
|            ( - 1.080e+02 2 0 QUESTION16 -1 3.131e+01 9.749e+00))
|        ( - 1.557e+02 2 0 QUESTION0_0_R 1 4.152e+01 1.200e+01)))
s>    ( QUESTION2_6_L -1 3.283e+03 2.343e+02 1.663e+02
s>        ( QUESTION14 -1 1.689e+03 1.561e+02 9.265e+01
s>            ( - 7.511e+02 2 0)
s>            ( QUESTION1 -1 7.818e+02 9.618e+01 4.712e+01
s>                ( QUESTION2 -1 2.659e+02 5.464e+01 1.900e+01
s>                    ( - 9.555e+01 1 0)
s>                    ( - 1.157e+02 2 0 QUESTION8 -1 3.304e+01 1.000e+01))
s>                ( QUESTION12 -1 4.197e+02 7.013e+01 2.812e+01
s>                    ( - 1.132e+02 1 0)
s>                    ( - 2.364e+02 3 0 QUESTION2_16_L -1 4.365e+01 1.800e+01))))
s>        ( QUESTION14 1 1.360e+03 1.141e+02 7.367e+01
s>            ( SILENCE -1 1.090e+03 1.076e+02 6.167e+01
s>                ( - 8.744e+02 1 0)
s>                ( - 1.080e+02 2 0 QUESTION16 -1 3.131e+01 9.749e+00))
s>            ( - 1.557e+02 2 0 QUESTION0_0_R 1 4.152e+01 1.200e+01)))INFO: dtree.c(1315): Comp split 1
INFO: dtree.c(1478): Final simple tree
|( QUESTION2_6_L -1 3.786e+03 2.733e+02 1.829e+02
|    ( QUESTION14 -1 1.635e+03 1.588e+02 8.498e+01
|        ( - 7.805e+02 2 0)
|        ( QUESTION12 -1 6.956e+02 9.977e+01 4.095e+01
|            ( - 1.817e+02 2 0 QUESTION2_7_L -1 4.034e+01 1.400e+01)
|            ( QUESTION2_11_L -1 4.142e+02 7.381e+01 2.695e+01
|                ( - 1.235e+02 1 0)
|                ( - 2.169e+02 3 0 QUESTION0 -1 2.957e+01 1.600e+01))))
|    ( SILENCE -1 1.878e+03 1.747e+02 9.795e+01
|        ( QUESTION0 1 1.098e+03 6.802e+01 6.095e+01
|            ( - 4.373e+01 1 0)
|            ( - 9.858e+02 1 0))
|        ( QUESTION16 -1 6.052e+02 9.455e+01 3.700e+01
|            ( - 2.933e+02 1 0)
|            ( - 2.173e+02 1 0))))
s>    ( QUESTION2_6_L -1 3.786e+03 2.733e+02 1.829e+02
s>        ( QUESTION14 -1 1.635e+03 1.588e+02 8.498e+01
s>            ( - 7.805e+02 2 0)
s>            ( QUESTION12 -1 6.956e+02 9.977e+01 4.095e+01
s>                ( - 1.817e+02 2 0 QUESTION2_7_L -1 4.034e+01 1.400e+01)
s>                ( QUESTION2_11_L -1 4.142e+02 7.381e+01 2.695e+01
s>                    ( - 1.235e+02 1 0)
s>                    ( - 2.169e+02 3 0 QUESTION0 -1 2.957e+01 1.600e+01))))
s>        ( SILENCE -1 1.878e+03 1.747e+02 9.795e+01
s>            ( QUESTION0 1 1.098e+03 6.802e+01 6.095e+01
s>                ( - 4.373e+01 1 0)
s>                ( - 9.858e+02 1 0))
s>            ( QUESTION16 -1 6.052e+02 9.455e+01 3.700e+01
s>                ( - 2.933e+02 1 0)
s>                ( - 2.173e+02 1 0))))INFO: dtree.c(1439): stop. leaf nodes are specific
INFO: dtree.c(1478): Final simple tree
|( QUESTION2 -1 4.698e+03 1.956e+02 2.195e+02
|    ( - 4.012e+03 2 0)
|    ( QUESTION8 -1 4.901e+02 6.663e+01 2.999e+01
|        ( - 4.025e+01 1 0)
|        ( - 3.832e+02 1 0)))
s>    ( QUESTION2 -1 4.698e+03 1.956e+02 2.195e+02
s>        ( - 4.012e+03 2 0)
s>        ( QUESTION8 -1 4.901e+02 6.663e+01 2.999e+01
s>            ( - 4.025e+01 1 0)
s>            ( - 3.832e+02 1 0)))INFO: dtree.c(1315): Comp split 2
INFO: dtree.c(1439): stop. leaf nodes are specific
INFO: dtree.c(1478): Final simple tree
|( SILENCE -1 1.878e+03 1.747e+02 9.795e+01
|    ( QUESTION0 1 1.098e+03 6.802e+01 6.095e+01
|        ( - 4.373e+01 1 0)
|        ( - 9.858e+02 1 0))
|    ( QUESTION16 -1 6.052e+02 9.455e+01 3.700e+01
|        ( - 2.933e+02 1 0)
|        ( - 2.173e+02 1 0)))
s>    ( SILENCE -1 1.878e+03 1.747e+02 9.795e+01
s>        ( QUESTION0 1 1.098e+03 6.802e+01 6.095e+01
s>            ( - 4.373e+01 1 0)
s>            ( - 9.858e+02 1 0))
s>        ( QUESTION16 -1 6.052e+02 9.455e+01 3.700e+01
s>            ( - 2.933e+02 1 0)
s>            ( - 2.173e+02 1 0)))INFO: dtree.c(1439): stop. leaf nodes are specific
INFO: dtree.c(1478): Final simple tree
|( QUESTION14 -1 1.635e+03 1.588e+02 8.498e+01
|    ( - 7.805e+02 2 0)
|    ( QUESTION12 -1 6.956e+02 9.977e+01 4.095e+01
|        ( QUESTION2_7_L -1 1.817e+02 4.034e+01 1.400e+01
|            ( - 1.049e+02 1 0)
|            ( - 3.642e+01 1 0))
|        ( QUESTION2_11_L -1 4.142e+02 7.381e+01 2.695e+01
|            ( - 1.235e+02 1 0)
|            ( QUESTION0 -1 2.169e+02 2.957e+01 1.600e+01
|                ( - 8.696e+00 1 0)
|                ( - 1.786e+02 2 0)))))
s>    ( QUESTION14 -1 1.635e+03 1.588e+02 8.498e+01
s>        ( - 7.805e+02 2 0)
s>        ( QUESTION12 -1 6.956e+02 9.977e+01 4.095e+01
s>            ( QUESTION2_7_L -1 1.817e+02 4.034e+01 1.400e+01
s>                ( - 1.049e+02 1 0)
s>                ( - 3.642e+01 1 0))
s>            ( QUESTION2_11_L -1 4.142e+02 7.381e+01 2.695e+01
s>                ( - 1.235e+02 1 0)
s>                ( QUESTION0 -1 2.169e+02 2.957e+01 1.600e+01
s>                    ( - 8.696e+00 1 0)
s>                    ( - 1.786e+02 2 0)))))INFO: dtree.c(1315): Comp split 3
INFO: dtree.c(1439): stop. leaf nodes are specific
INFO: dtree.c(1478): Final simple tree
|( SILENCE -1 1.608e+03 1.391e+02 9.005e+01
|    ( - 8.744e+02 1 0)
|    ( QUESTION12 -1 5.949e+02 7.477e+01 3.812e+01
|        ( - 1.132e+02 1 0)
|        ( QUESTION1 -1 4.069e+02 5.488e+01 2.800e+01
|            ( QUESTION8 -1 1.157e+02 3.304e+01 1.000e+01
|                ( - 5.508e+01 1 0)
|                ( - 2.755e+01 1 0))
|            ( QUESTION2_16_L -1 2.364e+02 4.365e+01 1.800e+01
|                ( - 4.130e+01 1 0)
|                ( QUESTION0 -1 1.514e+02 3.141e+01 1.300e+01
|                    ( - 9.298e+01 1 0)
|                    ( - 2.705e+01 1 0))))))
s>    ( SILENCE -1 1.608e+03 1.391e+02 9.005e+01
s>        ( - 8.744e+02 1 0)
s>        ( QUESTION12 -1 5.949e+02 7.477e+01 3.812e+01
s>            ( - 1.132e+02 1 0)
s>            ( QUESTION1 -1 4.069e+02 5.488e+01 2.800e+01
s>                ( QUESTION8 -1 1.157e+02 3.304e+01 1.000e+01
s>                    ( - 5.508e+01 1 0)
s>                    ( - 2.755e+01 1 0))
s>                ( QUESTION2_16_L -1 2.364e+02 4.365e+01 1.800e+01
s>                    ( - 4.130e+01 1 0)
s>                    ( QUESTION0 -1 1.514e+02 3.141e+01 1.300e+01
s>                        ( - 9.298e+01 1 0)
s>                        ( - 2.705e+01 1 0))))))INFO: dtree.c(1439): stop. leaf nodes are specific
INFO: dtree.c(1478): Final simple tree
|( QUESTION2_6_L -1 1.414e+03 1.642e+02 7.628e+01
|    ( QUESTION0 -1 9.229e+02 7.631e+01 5.453e+01
|        ( - 9.555e+01 1 0)
|        ( - 7.511e+02 2 0))
|    ( QUESTION15 1 3.268e+02 6.379e+01 2.175e+01
|        ( - 7.553e+01 1 0)
|        ( QUESTION16 -1 1.875e+02 4.783e+01 1.475e+01
|            ( - 4.908e+01 1 0)
|            ( SILENCE -1 9.062e+01 2.438e+01 9.000e+00
|                ( - 3.865e+01 1 0)
|                ( - 2.759e+01 1 0)))))
s>    ( QUESTION2_6_L -1 1.414e+03 1.642e+02 7.628e+01
s>        ( QUESTION0 -1 9.229e+02 7.631e+01 5.453e+01
s>            ( - 9.555e+01 1 0)
s>            ( - 7.511e+02 2 0))
s>        ( QUESTION15 1 3.268e+02 6.379e+01 2.175e+01
s>            ( - 7.553e+01 1 0)
s>            ( QUESTION16 -1 1.875e+02 4.783e+01 1.475e+01
s>                ( - 4.908e+01 1 0)
s>                ( SILENCE -1 9.062e+01 2.438e+01 9.000e+00
s>                    ( - 3.865e+01 1 0)
s>                    ( - 2.759e+01 1 0)))))INFO: dtree.c(1315): Comp split 4
INFO: dtree.c(1439): stop. leaf nodes are specific
INFO: dtree.c(1478): Final simple tree
|( QUESTION8 -1 4.901e+02 6.663e+01 2.999e+01
|    ( - 4.025e+01 1 0)
|    ( - 3.832e+02 1 0))
s>    ( QUESTION8 -1 4.901e+02 6.663e+01 2.999e+01
s>        ( - 4.025e+01 1 0)
s>        ( - 3.832e+02 1 0))INFO: dtree.c(1315): Comp split 5
INFO: dtree.c(1439): stop. leaf nodes are specific
INFO: dtree.c(1478): Final simple tree
|( QUESTION17 -1 7.123e+02 1.053e+02 4.200e+01
|    ( - 2.173e+02 1 0)
|    ( SILENCE -1 3.896e+02 5.254e+01 2.500e+01
|        ( - 4.373e+01 1 0)
|        ( - 2.933e+02 1 0)))
s>    ( QUESTION17 -1 7.123e+02 1.053e+02 4.200e+01
s>        ( - 2.173e+02 1 0)
s>        ( SILENCE -1 3.896e+02 5.254e+01 2.500e+01
s>            ( - 4.373e+01 1 0)
s>            ( - 2.933e+02 1 0)))INFO: dtree.c(1315): Comp split 6
INFO: dtree.c(1439): stop. leaf nodes are specific
INFO: dtree.c(1478): Final simple tree
|( QUESTION15 1 3.268e+02 6.379e+01 2.175e+01
|    ( - 7.553e+01 1 0)
|    ( QUESTION16 -1 1.875e+02 4.783e+01 1.475e+01
|        ( - 4.908e+01 1 0)
|        ( SILENCE -1 9.062e+01 2.438e+01 9.000e+00
|            ( - 3.865e+01 1 0)
|            ( - 2.759e+01 1 0))))
s>    ( QUESTION15 1 3.268e+02 6.379e+01 2.175e+01
s>        ( - 7.553e+01 1 0)
s>        ( QUESTION16 -1 1.875e+02 4.783e+01 1.475e+01
s>            ( - 4.908e+01 1 0)
s>            ( SILENCE -1 9.062e+01 2.438e+01 9.000e+00
s>                ( - 3.865e+01 1 0)
s>                ( - 2.759e+01 1 0))))INFO: dtree.c(1439): stop. leaf nodes are specific
INFO: dtree.c(1478): Final simple tree
|( QUESTION0 -1 9.229e+02 7.631e+01 5.453e+01
|    ( - 9.555e+01 1 0)
|    ( - 7.511e+02 2 0))
s>    ( QUESTION0 -1 9.229e+02 7.631e+01 5.453e+01
s>        ( - 9.555e+01 1 0)
s>        ( - 7.511e+02 2 0))INFO: dtree.c(1315): Comp split 7
INFO: dtree.c(1439): stop. leaf nodes are specific
INFO: dtree.c(1478): Final simple tree
|( QUESTION0 -1 8.231e+02 3.396e+01 4.602e+01
|    ( - 8.696e+00 1 0)
|    ( - 7.805e+02 2 0))
s>    ( QUESTION0 -1 8.231e+02 3.396e+01 4.602e+01
s>        ( - 8.696e+00 1 0)
s>        ( - 7.805e+02 2 0))INFO: dtree.c(1439): stop. leaf nodes are specific
INFO: dtree.c(1478): Final simple tree
|( QUESTION12 -1 6.513e+02 9.962e+01 3.895e+01
|    ( QUESTION2_7_L -1 1.817e+02 4.034e+01 1.400e+01
|        ( - 1.049e+02 1 0)
|        ( - 3.642e+01 1 0))
|    ( QUESTION0 -1 3.700e+02 6.792e+01 2.495e+01
|        ( - 1.235e+02 1 0)
|        ( - 1.786e+02 2 0)))
s>    ( QUESTION12 -1 6.513e+02 9.962e+01 3.895e+01
s>        ( QUESTION2_7_L -1 1.817e+02 4.034e+01 1.400e+01
s>            ( - 1.049e+02 1 0)
s>            ( - 3.642e+01 1 0))
s>        ( QUESTION0 -1 3.700e+02 6.792e+01 2.495e+01
s>            ( - 1.235e+02 1 0)
s>            ( - 1.786e+02 2 0)))INFO: dtree.c(1315): Comp split 8
INFO: dtree.c(1439): stop. leaf nodes are specific
INFO: dtree.c(1478): Final simple tree
|( QUESTION12 -1 5.949e+02 7.477e+01 3.812e+01
|    ( - 1.132e+02 1 0)
|    ( QUESTION1 -1 4.069e+02 5.488e+01 2.800e+01
|        ( QUESTION8 -1 1.157e+02 3.304e+01 1.000e+01
|            ( - 5.508e+01 1 0)
|            ( - 2.755e+01 1 0))
|        ( QUESTION2_16_L -1 2.364e+02 4.365e+01 1.800e+01
|            ( - 4.130e+01 1 0)
|            ( QUESTION0 -1 1.514e+02 3.141e+01 1.300e+01
|                ( - 9.298e+01 1 0)
|                ( - 2.705e+01 1 0)))))
s>    ( QUESTION12 -1 5.949e+02 7.477e+01 3.812e+01
s>        ( - 1.132e+02 1 0)
s>        ( QUESTION1 -1 4.069e+02 5.488e+01 2.800e+01
s>            ( QUESTION8 -1 1.157e+02 3.304e+01 1.000e+01
s>                ( - 5.508e+01 1 0)
s>                ( - 2.755e+01 1 0))
s>            ( QUESTION2_16_L -1 2.364e+02 4.365e+01 1.800e+01
s>                ( - 4.130e+01 1 0)
s>                ( QUESTION0 -1 1.514e+02 3.141e+01 1.300e+01
s>                    ( - 9.298e+01 1 0)
s>                    ( - 2.705e+01 1 0)))))INFO: dtree.c(1315): Comp split 9
INFO: dtree.c(1439): stop. leaf nodes are specific
INFO: dtree.c(1478): Final simple tree
|( SILENCE -1 3.896e+02 5.254e+01 2.500e+01
|    ( - 4.373e+01 1 0)
|    ( - 2.933e+02 1 0))
s>    ( SILENCE -1 3.896e+02 5.254e+01 2.500e+01
s>        ( - 4.373e+01 1 0)
s>        ( - 2.933e+02 1 0))INFO: dtree.c(1315): Comp split 10
INFO: dtree.c(1439): stop. leaf nodes are specific
INFO: dtree.c(1478): Final simple tree
|( QUESTION0 -1 3.700e+02 6.792e+01 2.495e+01
|    ( - 1.235e+02 1 0)
|    ( - 1.786e+02 2 0))
s>    ( QUESTION0 -1 3.700e+02 6.792e+01 2.495e+01
s>        ( - 1.235e+02 1 0)
s>        ( - 1.786e+02 2 0))INFO: dtree.c(1439): stop. leaf nodes are specific
INFO: dtree.c(1478): Final simple tree
|( QUESTION2_7_L -1 1.817e+02 4.034e+01 1.400e+01
|    ( - 1.049e+02 1 0)
|    ( - 3.642e+01 1 0))
s>    ( QUESTION2_7_L -1 1.817e+02 4.034e+01 1.400e+01
s>        ( - 1.049e+02 1 0)
s>        ( - 3.642e+01 1 0))INFO: dtree.c(1315): Comp split 11
INFO: dtree.c(1439): stop. leaf nodes are specific
INFO: dtree.c(1478): Final simple tree
|( QUESTION10 -1 2.155e+02 4.311e+01 1.700e+01
|    ( - 9.298e+01 1 0)
|    ( QUESTION0 -1 7.944e+01 2.484e+01 8.000e+00
|        ( - 2.755e+01 1 0)
|        ( - 2.705e+01 1 0)))
s>    ( QUESTION10 -1 2.155e+02 4.311e+01 1.700e+01
s>        ( - 9.298e+01 1 0)
s>        ( QUESTION0 -1 7.944e+01 2.484e+01 8.000e+00
s>            ( - 2.755e+01 1 0)
s>            ( - 2.705e+01 1 0)))INFO: dtree.c(1439): stop. leaf nodes are specific
INFO: dtree.c(1478): Final simple tree
|( QUESTION12 -1 2.862e+02 4.698e+01 2.112e+01
|    ( - 1.132e+02 1 0)
|    ( QUESTION1 -1 1.260e+02 2.965e+01 1.100e+01
|        ( - 5.508e+01 1 0)
|        ( - 4.130e+01 1 0)))
s>    ( QUESTION12 -1 2.862e+02 4.698e+01 2.112e+01
s>        ( - 1.132e+02 1 0)
s>        ( QUESTION1 -1 1.260e+02 2.965e+01 1.100e+01
s>            ( - 5.508e+01 1 0)
s>            ( - 4.130e+01 1 0)))INFO: dtree.c(1315): Comp split 12
INFO: dtree.c(1315): Comp split 13
INFO: dtree.c(1439): stop. leaf nodes are specific
INFO: dtree.c(1478): Final simple tree
|( SILENCE -1 9.062e+01 2.438e+01 9.000e+00
|    ( - 3.865e+01 1 0)
|    ( - 2.759e+01 1 0))
s>    ( SILENCE -1 9.062e+01 2.438e+01 9.000e+00
s>        ( - 3.865e+01 1 0)
s>        ( - 2.759e+01 1 0))INFO: dtree.c(1439): stop. leaf nodes are specific
INFO: dtree.c(1478): Final simple tree
|( SILENCE -1 1.671e+02 4.250e+01 1.275e+01
|    ( - 7.553e+01 1 0)
|    ( - 4.908e+01 1 0))
s>    ( SILENCE -1 1.671e+02 4.250e+01 1.275e+01
s>        ( - 7.553e+01 1 0)
s>        ( - 4.908e+01 1 0))INFO: dtree.c(1315): Comp split 14
INFO: dtree.c(1315): Comp split 15
INFO: dtree.c(1315): Comp split 16
INFO: dtree.c(1315): Comp split 17
INFO: dtree.c(1439): stop. leaf nodes are specific
INFO: dtree.c(1478): Final simple tree
|( QUESTION1 -1 1.260e+02 2.965e+01 1.100e+01
|    ( - 5.508e+01 1 0)
|    ( - 4.130e+01 1 0))
s>    ( QUESTION1 -1 1.260e+02 2.965e+01 1.100e+01
s>        ( - 5.508e+01 1 0)
s>        ( - 4.130e+01 1 0))INFO: dtree.c(1315): Comp split 18
INFO: dtree.c(1439): stop. leaf nodes are specific
INFO: dtree.c(1478): Final simple tree
|( QUESTION0 -1 7.944e+01 2.484e+01 8.000e+00
|    ( - 2.755e+01 1 0)
|    ( - 2.705e+01 1 0))
s>    ( QUESTION0 -1 7.944e+01 2.484e+01 8.000e+00
s>        ( - 2.755e+01 1 0)
s>        ( - 2.705e+01 1 0))INFO: dtree.c(1315): Comp split 19
INFO: dtree.c(1315): Comp split 20
INFO: dtree.c(1315): Comp split 21
INFO: dtree.c(1315): Comp split 22
INFO: dtree.c(1315): Comp split 23
INFO: dtree.c(1315): Comp split 24
INFO: dtree.c(1315): Comp split 25
INFO: dtree.c(1318): stop. leaf nodes are specific
Fri Nov  2 10:07:09 2018
