Current configuration:
[NAME]		[DEFLT]	[VALUE]
-allphones	no	no
-cntthresh	0.00001	1.000000e-05
-csplitmax	100	2000
-csplitmin	1	1
-csplitthr	8e-4	0.000000e+00
-example	no	no
-fullvar	no	no
-help		no	no
-meanfn			
-mixwfn			/home/sdv/Documents/SDV/SDVoice/an4/model_parameters/an4.cd_semi_untied/mixture_weights
-moddeffn		/home/sdv/Documents/SDV/SDVoice/an4/model_architecture/an4.untied.mdef
-mwfloor	1e-4	1.000000e-08
-phone			AY
-psetfn			/home/sdv/Documents/SDV/SDVoice/an4/model_architecture/an4.tree_questions
-ssplitmax	5	7
-ssplitmin	1	1
-ssplitthr	8e-4	0.000000e+00
-state			0
-stwt			1.0,0.05,0.0,
-treefn			/home/sdv/Documents/SDV/SDVoice/an4/trees/an4.unpruned/AY-0.dtree
-ts2cbfn	.semi.	.semi.
-varfloor	0.00001	1.000000e-05
-varfn			

INFO: main.c(223): Reading: /home/sdv/Documents/SDV/SDVoice/an4/model_architecture/an4.untied.mdef
INFO: model_def_io.c(573): Model definition info:
INFO: model_def_io.c(574): 1618 total models defined (34 base, 1584 tri)
INFO: model_def_io.c(575): 6472 total states
INFO: model_def_io.c(576): 4854 total tied states
INFO: model_def_io.c(577): 102 total tied CI states
INFO: model_def_io.c(578): 34 total tied transition matrices
INFO: model_def_io.c(579): 4 max state/model
INFO: model_def_io.c(580): 4 min state/model
INFO: main.c(242): Building trees for [AY AH EH s] through [AY W Z e]
INFO: main.c(269): Covering states |[480 734]| == 255
INFO: main.c(275): Reading: /home/sdv/Documents/SDV/SDVoice/an4/model_parameters/an4.cd_semi_untied/mixture_weights
INFO: s3mixw_io.c(173): Read /home/sdv/Documents/SDV/SDVoice/an4/model_parameters/an4.cd_semi_untied/mixture_weights [255x4x256 array]
INFO: main.c(311): 85 of 85 models have observation count greater than 0.000010
INFO: main.c(95): nrm stwt: 0.952 0.048 0.000 
INFO: main.c(411): 85-class entropy: 8.439599e+04
INFO: main.c(549): Reading: /home/sdv/Documents/SDV/SDVoice/an4/model_architecture/an4.tree_questions
INFO: main.c(588): 176 total simple questions (168 phone; 8 word bndry)
INFO: main.c(590): 42 Left Only questions, and 42 Right Only questions
INFO: dtree.c(1478): Final simple tree
|( QUESTION2_7_L -1 1.058e+05 2.917e+03 4.473e+03
|    ( WDBNDRY_S 0 5.885e+04 2.218e+03 2.431e+03
|        ( QUESTION14 -1 3.403e+04 1.058e+03 1.417e+03
|            ( QUESTION0 1 1.962e+04 8.059e+02 8.392e+02
|                ( - 1.191e+04 8 0 QUESTION0_17_R 1 4.526e+02 5.248e+02)
|                ( - 6.906e+03 6 0 QUESTION15 1 5.608e+02 3.144e+02))
|            ( QUESTION15 1 1.335e+04 6.089e+02 5.779e+02
|                ( - 5.841e+03 10 0 QUESTION2 -1 3.929e+02 2.754e+02)
|                ( - 6.902e+03 20 0 QUESTION0_20_R 1 5.172e+02 3.025e+02)))
|        ( - 2.260e+04 3 0 WDBNDRY_E 0 1.747e+02 1.014e+03))
|    ( WDBNDRY_I 0 4.405e+04 1.186e+03 2.042e+03
|        ( - 3.139e+04 1 0)
|        ( WDBNDRY_E 0 1.148e+04 9.235e+02 5.366e+02
|            ( - 6.174e+03 20 0 SILENCE 1 4.098e+02 3.316e+02)
|            ( - 4.378e+03 17 0 QUESTION0_11_R 1 4.127e+02 2.050e+02))))
s>    ( QUESTION2_7_L -1 1.058e+05 2.917e+03 4.473e+03
s>        ( WDBNDRY_S 0 5.885e+04 2.218e+03 2.431e+03
s>            ( QUESTION14 -1 3.403e+04 1.058e+03 1.417e+03
s>                ( QUESTION0 1 1.962e+04 8.059e+02 8.392e+02
s>                    ( - 1.191e+04 8 0 QUESTION0_17_R 1 4.526e+02 5.248e+02)
s>                    ( - 6.906e+03 6 0 QUESTION15 1 5.608e+02 3.144e+02))
s>                ( QUESTION15 1 1.335e+04 6.089e+02 5.779e+02
s>                    ( - 5.841e+03 10 0 QUESTION2 -1 3.929e+02 2.754e+02)
s>                    ( - 6.902e+03 20 0 QUESTION0_20_R 1 5.172e+02 3.025e+02)))
s>            ( - 2.260e+04 3 0 WDBNDRY_E 0 1.747e+02 1.014e+03))
s>        ( WDBNDRY_I 0 4.405e+04 1.186e+03 2.042e+03
s>            ( - 3.139e+04 1 0)
s>            ( WDBNDRY_E 0 1.148e+04 9.235e+02 5.366e+02
s>                ( - 6.174e+03 20 0 SILENCE 1 4.098e+02 3.316e+02)
s>                ( - 4.378e+03 17 0 QUESTION0_11_R 1 4.127e+02 2.050e+02))))INFO: dtree.c(1315): Comp split 0
INFO: dtree.c(1478): Final simple tree
|( WDBNDRY_I 0 6.408e+04 2.335e+03 2.636e+03
|    ( - 2.227e+04 1 0)
|    ( QUESTION14 -1 3.948e+04 1.116e+03 1.637e+03
|        ( QUESTION0 1 1.962e+04 8.059e+02 8.392e+02
|            ( - 1.191e+04 8 0 QUESTION0_17_R 1 4.526e+02 5.248e+02)
|            ( QUESTION15 1 6.906e+03 5.608e+02 3.144e+02
|                ( - 4.509e+03 3 0 QUESTION0_0_R 1 1.490e+02 2.204e+02)
|                ( - 1.836e+03 3 0 SILENCE 1 1.966e+02 9.400e+01)))
|        ( QUESTION2_7_L -1 1.874e+04 6.959e+02 7.979e+02
|            ( QUESTION15 1 1.367e+04 5.879e+02 5.929e+02
|                ( - 5.841e+03 10 0 QUESTION2 -1 3.929e+02 2.754e+02)
|                ( QUESTION0_20_R 1 7.240e+03 5.212e+02 3.175e+02
|                    ( - 2.378e+03 6 0 QUESTION7 -1 2.827e+02 1.185e+02)
|                    ( - 4.341e+03 16 0 QUESTION7 -1 3.876e+02 1.990e+02)))
|            ( - 4.378e+03 17 0 QUESTION0_11_R 1 4.127e+02 2.050e+02))))
s>    ( WDBNDRY_I 0 6.408e+04 2.335e+03 2.636e+03
s>        ( - 2.227e+04 1 0)
s>        ( QUESTION14 -1 3.948e+04 1.116e+03 1.637e+03
s>            ( QUESTION0 1 1.962e+04 8.059e+02 8.392e+02
s>                ( - 1.191e+04 8 0 QUESTION0_17_R 1 4.526e+02 5.248e+02)
s>                ( QUESTION15 1 6.906e+03 5.608e+02 3.144e+02
s>                    ( - 4.509e+03 3 0 QUESTION0_0_R 1 1.490e+02 2.204e+02)
s>                    ( - 1.836e+03 3 0 SILENCE 1 1.966e+02 9.400e+01)))
s>            ( QUESTION2_7_L -1 1.874e+04 6.959e+02 7.979e+02
s>                ( QUESTION15 1 1.367e+04 5.879e+02 5.929e+02
s>                    ( - 5.841e+03 10 0 QUESTION2 -1 3.929e+02 2.754e+02)
s>                    ( QUESTION0_20_R 1 7.240e+03 5.212e+02 3.175e+02
s>                        ( - 2.378e+03 6 0 QUESTION7 -1 2.827e+02 1.185e+02)
s>                        ( - 4.341e+03 16 0 QUESTION7 -1 3.876e+02 1.990e+02)))
s>                ( - 4.378e+03 17 0 QUESTION0_11_R 1 4.127e+02 2.050e+02))))INFO: dtree.c(1478): Final simple tree
|( WDBNDRY_E 0 3.857e+04 1.002e+03 1.837e+03
|    ( SILENCE 1 6.174e+03 4.098e+02 3.316e+02
|        ( - 2.133e+03 1 0)
|        ( QUESTION0 1 3.631e+03 2.288e+02 2.110e+02
|            ( QUESTION2 1 1.778e+03 1.877e+02 1.063e+02
|                ( - 5.579e+02 3 0 QUESTION0_0_R 1 5.797e+01 4.028e+01)
|                ( QUESTION0_10_R 1 1.033e+03 1.253e+02 6.603e+01
|                    ( - 4.253e+02 4 0 QUESTION0_17_R 1 8.126e+01 2.973e+01)
|                    ( - 4.820e+02 4 0 QUESTION11 1 8.504e+01 3.629e+01)))
|            ( QUESTION0_13_R 1 1.624e+03 1.584e+02 1.047e+02
|                ( - 8.214e+02 1 0)
|                ( QUESTION0_8_R 1 6.438e+02 9.473e+01 4.624e+01
|                    ( - 1.464e+02 3 0 QUESTION14 1 2.944e+01 1.413e+01)
|                    ( - 4.027e+02 4 0 QUESTION17 1 6.865e+01 3.211e+01)))))
|    ( - 3.139e+04 1 0))
s>    ( WDBNDRY_E 0 3.857e+04 1.002e+03 1.837e+03
s>        ( SILENCE 1 6.174e+03 4.098e+02 3.316e+02
s>            ( - 2.133e+03 1 0)
s>            ( QUESTION0 1 3.631e+03 2.288e+02 2.110e+02
s>                ( QUESTION2 1 1.778e+03 1.877e+02 1.063e+02
s>                    ( - 5.579e+02 3 0 QUESTION0_0_R 1 5.797e+01 4.028e+01)
s>                    ( QUESTION0_10_R 1 1.033e+03 1.253e+02 6.603e+01
s>                        ( - 4.253e+02 4 0 QUESTION0_17_R 1 8.126e+01 2.973e+01)
s>                        ( - 4.820e+02 4 0 QUESTION11 1 8.504e+01 3.629e+01)))
s>                ( QUESTION0_13_R 1 1.624e+03 1.584e+02 1.047e+02
s>                    ( - 8.214e+02 1 0)
s>                    ( QUESTION0_8_R 1 6.438e+02 9.473e+01 4.624e+01
s>                        ( - 1.464e+02 3 0 QUESTION14 1 2.944e+01 1.413e+01)
s>                        ( - 4.027e+02 4 0 QUESTION17 1 6.865e+01 3.211e+01)))))
s>        ( - 3.139e+04 1 0))INFO: dtree.c(1315): Comp split 1
INFO: dtree.c(1478): Final simple tree
|( QUESTION14 -1 3.948e+04 1.116e+03 1.637e+03
|    ( QUESTION0 1 1.962e+04 8.059e+02 8.392e+02
|        ( QUESTION0_17_R 1 1.191e+04 4.526e+02 5.248e+02
|            ( - 9.060e+03 1 0)
|            ( - 2.398e+03 7 0 QUESTION0_10_R 1 2.309e+02 1.202e+02))
|        ( QUESTION15 1 6.906e+03 5.608e+02 3.144e+02
|            ( - 4.509e+03 3 0 QUESTION0_0_R 1 1.490e+02 2.204e+02)
|            ( - 1.836e+03 3 0 SILENCE 1 1.966e+02 9.400e+01)))
|    ( QUESTION2_7_L -1 1.874e+04 6.959e+02 7.979e+02
|        ( QUESTION15 1 1.367e+04 5.879e+02 5.929e+02
|            ( - 5.841e+03 10 0 QUESTION2 -1 3.929e+02 2.754e+02)
|            ( QUESTION0_20_R 1 7.240e+03 5.212e+02 3.175e+02
|                ( - 2.378e+03 6 0 QUESTION7 -1 2.827e+02 1.185e+02)
|                ( - 4.341e+03 16 0 QUESTION7 -1 3.876e+02 1.990e+02)))
|        ( - 4.378e+03 17 0 QUESTION0_11_R 1 4.127e+02 2.050e+02)))
s>    ( QUESTION14 -1 3.948e+04 1.116e+03 1.637e+03
s>        ( QUESTION0 1 1.962e+04 8.059e+02 8.392e+02
s>            ( QUESTION0_17_R 1 1.191e+04 4.526e+02 5.248e+02
s>                ( - 9.060e+03 1 0)
s>                ( - 2.398e+03 7 0 QUESTION0_10_R 1 2.309e+02 1.202e+02))
s>            ( QUESTION15 1 6.906e+03 5.608e+02 3.144e+02
s>                ( - 4.509e+03 3 0 QUESTION0_0_R 1 1.490e+02 2.204e+02)
s>                ( - 1.836e+03 3 0 SILENCE 1 1.966e+02 9.400e+01)))
s>        ( QUESTION2_7_L -1 1.874e+04 6.959e+02 7.979e+02
s>            ( QUESTION15 1 1.367e+04 5.879e+02 5.929e+02
s>                ( - 5.841e+03 10 0 QUESTION2 -1 3.929e+02 2.754e+02)
s>                ( QUESTION0_20_R 1 7.240e+03 5.212e+02 3.175e+02
s>                    ( - 2.378e+03 6 0 QUESTION7 -1 2.827e+02 1.185e+02)
s>                    ( - 4.341e+03 16 0 QUESTION7 -1 3.876e+02 1.990e+02)))
s>            ( - 4.378e+03 17 0 QUESTION0_11_R 1 4.127e+02 2.050e+02)))INFO: dtree.c(1315): Comp split 2
INFO: dtree.c(1478): Final simple tree
|( QUESTION2_9_L -1 2.397e+04 8.273e+02 1.018e+03
|    ( QUESTION15 1 1.367e+04 5.879e+02 5.929e+02
|        ( QUESTION2 -1 5.841e+03 3.929e+02 2.754e+02
|            ( - 2.465e+03 3 0 QUESTION0_12_R 1 1.360e+02 1.271e+02)
|            ( - 2.983e+03 7 0 QUESTION0 -1 3.175e+02 1.484e+02))
|        ( QUESTION0_20_R 1 7.240e+03 5.212e+02 3.175e+02
|            ( - 2.378e+03 6 0 QUESTION7 -1 2.827e+02 1.185e+02)
|            ( QUESTION7 -1 4.341e+03 3.876e+02 1.990e+02
|                ( - 1.006e+03 4 0 SILENCE 1 1.758e+02 5.700e+01)
|                ( - 2.947e+03 12 0 QUESTION0_9_R 1 3.136e+02 1.420e+02))))
|    ( QUESTION13 -1 9.475e+03 5.916e+02 4.254e+02
|        ( - 5.630e+03 6 0 QUESTION14 -1 3.455e+02 2.664e+02)
|        ( QUESTION2_16_L -1 3.254e+03 3.494e+02 1.590e+02
|            ( - 1.192e+03 4 0 QUESTION0_10_R 1 2.155e+02 7.000e+01)
|            ( - 1.713e+03 10 0 QUESTION0_16_R 1 2.129e+02 8.900e+01))))
s>    ( QUESTION2_9_L -1 2.397e+04 8.273e+02 1.018e+03
s>        ( QUESTION15 1 1.367e+04 5.879e+02 5.929e+02
s>            ( QUESTION2 -1 5.841e+03 3.929e+02 2.754e+02
s>                ( - 2.465e+03 3 0 QUESTION0_12_R 1 1.360e+02 1.271e+02)
s>                ( - 2.983e+03 7 0 QUESTION0 -1 3.175e+02 1.484e+02))
s>            ( QUESTION0_20_R 1 7.240e+03 5.212e+02 3.175e+02
s>                ( - 2.378e+03 6 0 QUESTION7 -1 2.827e+02 1.185e+02)
s>                ( QUESTION7 -1 4.341e+03 3.876e+02 1.990e+02
s>                    ( - 1.006e+03 4 0 SILENCE 1 1.758e+02 5.700e+01)
s>                    ( - 2.947e+03 12 0 QUESTION0_9_R 1 3.136e+02 1.420e+02))))
s>        ( QUESTION13 -1 9.475e+03 5.916e+02 4.254e+02
s>            ( - 5.630e+03 6 0 QUESTION14 -1 3.455e+02 2.664e+02)
s>            ( QUESTION2_16_L -1 3.254e+03 3.494e+02 1.590e+02
s>                ( - 1.192e+03 4 0 QUESTION0_10_R 1 2.155e+02 7.000e+01)
s>                ( - 1.713e+03 10 0 QUESTION0_16_R 1 2.129e+02 8.900e+01))))INFO: dtree.c(1439): stop. leaf nodes are specific
INFO: dtree.c(1478): Final simple tree
|( QUESTION0_17_R 1 1.432e+04 5.818e+02 6.188e+02
|    ( - 9.060e+03 1 0)
|    ( QUESTION0 1 4.679e+03 4.447e+02 2.142e+02
|        ( QUESTION0_10_R 1 2.398e+03 2.309e+02 1.202e+02
|            ( QUESTION0_15_R 1 1.600e+03 1.591e+02 8.618e+01
|                ( - 1.153e+03 2 0)
|                ( - 2.878e+02 1 0))
|            ( QUESTION0_0_R 1 5.675e+02 7.453e+01 3.400e+01
|                ( - 5.795e+01 1 0)
|                ( - 4.350e+02 3 0)))
|        ( SILENCE 1 1.836e+03 1.966e+02 9.400e+01
|            ( - 2.361e+02 1 0)
|            ( - 1.403e+03 2 0))))
s>    ( QUESTION0_17_R 1 1.432e+04 5.818e+02 6.188e+02
s>        ( - 9.060e+03 1 0)
s>        ( QUESTION0 1 4.679e+03 4.447e+02 2.142e+02
s>            ( QUESTION0_10_R 1 2.398e+03 2.309e+02 1.202e+02
s>                ( QUESTION0_15_R 1 1.600e+03 1.591e+02 8.618e+01
s>                    ( - 1.153e+03 2 0)
s>                    ( - 2.878e+02 1 0))
s>                ( QUESTION0_0_R 1 5.675e+02 7.453e+01 3.400e+01
s>                    ( - 5.795e+01 1 0)
s>                    ( - 4.350e+02 3 0)))
s>            ( SILENCE 1 1.836e+03 1.966e+02 9.400e+01
s>                ( - 2.361e+02 1 0)
s>                ( - 1.403e+03 2 0))))INFO: dtree.c(1315): Comp split 3
INFO: dtree.c(1478): Final simple tree
|( SILENCE 1 6.174e+03 4.098e+02 3.316e+02
|    ( - 2.133e+03 1 0)
|    ( QUESTION0 1 3.631e+03 2.288e+02 2.110e+02
|        ( QUESTION2 1 1.778e+03 1.877e+02 1.063e+02
|            ( - 5.579e+02 3 0 QUESTION0_0_R 1 5.797e+01 4.028e+01)
|            ( QUESTION0_10_R 1 1.033e+03 1.253e+02 6.603e+01
|                ( - 4.253e+02 4 0 QUESTION0_17_R 1 8.126e+01 2.973e+01)
|                ( QUESTION11 1 4.820e+02 8.504e+01 3.629e+01
|                    ( - 1.451e+02 2 0)
|                    ( - 2.519e+02 2 0 QUESTION1 1 5.563e+01 2.200e+01))))
|        ( QUESTION0_13_R 1 1.624e+03 1.584e+02 1.047e+02
|            ( - 8.214e+02 1 0)
|            ( QUESTION0_8_R 1 6.438e+02 9.473e+01 4.624e+01
|                ( - 1.464e+02 3 0 QUESTION14 1 2.944e+01 1.413e+01)
|                ( - 4.027e+02 4 0 QUESTION17 1 6.865e+01 3.211e+01)))))
s>    ( SILENCE 1 6.174e+03 4.098e+02 3.316e+02
s>        ( - 2.133e+03 1 0)
s>        ( QUESTION0 1 3.631e+03 2.288e+02 2.110e+02
s>            ( QUESTION2 1 1.778e+03 1.877e+02 1.063e+02
s>                ( - 5.579e+02 3 0 QUESTION0_0_R 1 5.797e+01 4.028e+01)
s>                ( QUESTION0_10_R 1 1.033e+03 1.253e+02 6.603e+01
s>                    ( - 4.253e+02 4 0 QUESTION0_17_R 1 8.126e+01 2.973e+01)
s>                    ( QUESTION11 1 4.820e+02 8.504e+01 3.629e+01
s>                        ( - 1.451e+02 2 0)
s>                        ( - 2.519e+02 2 0 QUESTION1 1 5.563e+01 2.200e+01))))
s>            ( QUESTION0_13_R 1 1.624e+03 1.584e+02 1.047e+02
s>                ( - 8.214e+02 1 0)
s>                ( QUESTION0_8_R 1 6.438e+02 9.473e+01 4.624e+01
s>                    ( - 1.464e+02 3 0 QUESTION14 1 2.944e+01 1.413e+01)
s>                    ( - 4.027e+02 4 0 QUESTION17 1 6.865e+01 3.211e+01)))))INFO: dtree.c(1315): Comp split 4
INFO: dtree.c(1478): Final simple tree
|( QUESTION2 -1 9.568e+03 5.654e+02 4.151e+02
|    ( QUESTION0_13_R 1 3.907e+03 3.744e+02 1.861e+02
|        ( - 2.199e+03 2 0)
|        ( QUESTION0_0_R 1 1.334e+03 1.906e+02 7.200e+01
|            ( - 5.084e+02 1 0)
|            ( - 6.346e+02 5 0 QUESTION0_14_R 1 1.289e+02 3.900e+01)))
|    ( QUESTION2_7_L -1 5.096e+03 4.766e+02 2.290e+02
|        ( QUESTION1 -1 2.907e+03 3.305e+02 1.400e+02
|            ( - 1.006e+03 4 0 SILENCE 1 1.758e+02 5.700e+01)
|            ( QUESTION0_17_R 1 1.570e+03 2.363e+02 8.299e+01
|                ( - 6.303e+02 4 0 QUESTION0 -1 1.306e+02 3.900e+01)
|                ( - 7.032e+02 3 0 QUESTION0_0_R 1 1.400e+02 4.399e+01)))
|        ( QUESTION0_16_R 1 1.713e+03 2.129e+02 8.900e+01
|            ( - 7.938e+02 5 0 QUESTION0_17_R 1 1.398e+02 4.600e+01)
|            ( - 7.061e+02 5 0 QUESTION0_14_R 1 1.264e+02 4.300e+01))))
s>    ( QUESTION2 -1 9.568e+03 5.654e+02 4.151e+02
s>        ( QUESTION0_13_R 1 3.907e+03 3.744e+02 1.861e+02
s>            ( - 2.199e+03 2 0)
s>            ( QUESTION0_0_R 1 1.334e+03 1.906e+02 7.200e+01
s>                ( - 5.084e+02 1 0)
s>                ( - 6.346e+02 5 0 QUESTION0_14_R 1 1.289e+02 3.900e+01)))
s>        ( QUESTION2_7_L -1 5.096e+03 4.766e+02 2.290e+02
s>            ( QUESTION1 -1 2.907e+03 3.305e+02 1.400e+02
s>                ( - 1.006e+03 4 0 SILENCE 1 1.758e+02 5.700e+01)
s>                ( QUESTION0_17_R 1 1.570e+03 2.363e+02 8.299e+01
s>                    ( - 6.303e+02 4 0 QUESTION0 -1 1.306e+02 3.900e+01)
s>                    ( - 7.032e+02 3 0 QUESTION0_0_R 1 1.400e+02 4.399e+01)))
s>            ( QUESTION0_16_R 1 1.713e+03 2.129e+02 8.900e+01
s>                ( - 7.938e+02 5 0 QUESTION0_17_R 1 1.398e+02 4.600e+01)
s>                ( - 7.061e+02 5 0 QUESTION0_14_R 1 1.264e+02 4.300e+01))))INFO: dtree.c(1478): Final simple tree
|( QUESTION2_9_L -1 1.356e+04 6.073e+02 6.033e+02
|    ( QUESTION1 -1 5.743e+03 4.199e+02 2.669e+02
|        ( QUESTION2 -1 3.270e+03 3.122e+02 1.599e+02
|            ( - 1.072e+03 2 0)
|            ( QUESTION11 1 1.887e+03 2.492e+02 9.834e+01
|                ( - 7.654e+02 2 0 QUESTION8 -1 1.523e+02 4.500e+01)
|                ( - 8.719e+02 3 0 QUESTION0_13_R 1 1.396e+02 5.334e+01)))
|        ( QUESTION0 -1 2.053e+03 2.209e+02 1.070e+02
|            ( - 3.742e+02 2 0 QUESTION0_0_R 1 7.763e+01 2.500e+01)
|            ( - 1.458e+03 4 0 QUESTION0_13_R 1 1.715e+02 8.203e+01)))
|    ( QUESTION14 -1 7.214e+03 4.502e+02 3.364e+02
|        ( - 4.509e+03 3 0 QUESTION0_0_R 1 1.490e+02 2.204e+02)
|        ( QUESTION0_11_R 1 2.255e+03 3.143e+02 1.160e+02
|            ( - 7.038e+02 2 0 QUESTION0 -1 1.207e+02 4.200e+01)
|            ( - 1.237e+03 5 0 QUESTION0 -1 2.077e+02 7.400e+01))))
s>    ( QUESTION2_9_L -1 1.356e+04 6.073e+02 6.033e+02
s>        ( QUESTION1 -1 5.743e+03 4.199e+02 2.669e+02
s>            ( QUESTION2 -1 3.270e+03 3.122e+02 1.599e+02
s>                ( - 1.072e+03 2 0)
s>                ( QUESTION11 1 1.887e+03 2.492e+02 9.834e+01
s>                    ( - 7.654e+02 2 0 QUESTION8 -1 1.523e+02 4.500e+01)
s>                    ( - 8.719e+02 3 0 QUESTION0_13_R 1 1.396e+02 5.334e+01)))
s>            ( QUESTION0 -1 2.053e+03 2.209e+02 1.070e+02
s>                ( - 3.742e+02 2 0 QUESTION0_0_R 1 7.763e+01 2.500e+01)
s>                ( - 1.458e+03 4 0 QUESTION0_13_R 1 1.715e+02 8.203e+01)))
s>        ( QUESTION14 -1 7.214e+03 4.502e+02 3.364e+02
s>            ( - 4.509e+03 3 0 QUESTION0_0_R 1 1.490e+02 2.204e+02)
s>            ( QUESTION0_11_R 1 2.255e+03 3.143e+02 1.160e+02
s>                ( - 7.038e+02 2 0 QUESTION0 -1 1.207e+02 4.200e+01)
s>                ( - 1.237e+03 5 0 QUESTION0 -1 2.077e+02 7.400e+01))))INFO: dtree.c(1315): Comp split 5
INFO: dtree.c(1478): Final simple tree
|( QUESTION1 -1 6.723e+03 4.283e+02 3.159e+02
|    ( QUESTION2 -1 3.270e+03 3.122e+02 1.599e+02
|        ( - 1.072e+03 2 0)
|        ( QUESTION11 1 1.887e+03 2.492e+02 9.834e+01
|            ( QUESTION8 -1 7.654e+02 1.523e+02 4.500e+01
|                ( - 3.692e+02 1 0)
|                ( - 2.439e+02 1 0))
|            ( - 8.719e+02 3 0 QUESTION0_13_R 1 1.396e+02 5.334e+01)))
|    ( QUESTION16 -1 3.025e+03 3.297e+02 1.560e+02
|        ( QUESTION0_13_R 1 1.458e+03 1.715e+02 8.203e+01
|            ( - 8.563e+02 1 0)
|            ( - 4.304e+02 3 0 QUESTION0_10_R 1 9.904e+01 3.000e+01))
|        ( QUESTION0 -1 1.237e+03 2.077e+02 7.400e+01
|            ( - 5.395e+02 3 0 QUESTION14 1 1.146e+02 4.200e+01)
|            ( - 4.896e+02 2 0 QUESTION0_10_R 1 9.303e+01 3.200e+01))))
s>    ( QUESTION1 -1 6.723e+03 4.283e+02 3.159e+02
s>        ( QUESTION2 -1 3.270e+03 3.122e+02 1.599e+02
s>            ( - 1.072e+03 2 0)
s>            ( QUESTION11 1 1.887e+03 2.492e+02 9.834e+01
s>                ( QUESTION8 -1 7.654e+02 1.523e+02 4.500e+01
s>                    ( - 3.692e+02 1 0)
s>                    ( - 2.439e+02 1 0))
s>                ( - 8.719e+02 3 0 QUESTION0_13_R 1 1.396e+02 5.334e+01)))
s>        ( QUESTION16 -1 3.025e+03 3.297e+02 1.560e+02
s>            ( QUESTION0_13_R 1 1.458e+03 1.715e+02 8.203e+01
s>                ( - 8.563e+02 1 0)
s>                ( - 4.304e+02 3 0 QUESTION0_10_R 1 9.904e+01 3.000e+01))
s>            ( QUESTION0 -1 1.237e+03 2.077e+02 7.400e+01
s>                ( - 5.395e+02 3 0 QUESTION14 1 1.146e+02 4.200e+01)
s>                ( - 4.896e+02 2 0 QUESTION0_10_R 1 9.303e+01 3.200e+01))))INFO: dtree.c(1439): stop. leaf nodes are specific
INFO: dtree.c(1478): Final simple tree
|( QUESTION14 -1 6.207e+03 4.432e+02 2.874e+02
|    ( QUESTION0_0_R 1 4.509e+03 1.490e+02 2.204e+02
|        ( - 9.751e+01 1 0)
|        ( - 4.263e+03 2 0))
|    ( QUESTION11 -1 1.255e+03 1.776e+02 6.700e+01
|        ( - 4.367e+02 1 0)
|        ( QUESTION0 -1 6.404e+02 1.199e+02 3.900e+01
|            ( QUESTION0_0_R 1 3.742e+02 7.763e+01 2.500e+01
|                ( - 5.353e+01 1 0)
|                ( - 2.430e+02 1 0))
|            ( - 1.464e+02 1 0))))
s>    ( QUESTION14 -1 6.207e+03 4.432e+02 2.874e+02
s>        ( QUESTION0_0_R 1 4.509e+03 1.490e+02 2.204e+02
s>            ( - 9.751e+01 1 0)
s>            ( - 4.263e+03 2 0))
s>        ( QUESTION11 -1 1.255e+03 1.776e+02 6.700e+01
s>            ( - 4.367e+02 1 0)
s>            ( QUESTION0 -1 6.404e+02 1.199e+02 3.900e+01
s>                ( QUESTION0_0_R 1 3.742e+02 7.763e+01 2.500e+01
s>                    ( - 5.353e+01 1 0)
s>                    ( - 2.430e+02 1 0))
s>                ( - 1.464e+02 1 0))))INFO: dtree.c(1315): Comp split 6
INFO: dtree.c(1478): Final simple tree
|( QUESTION0_9_R 1 4.610e+03 3.960e+02 2.120e+02
|    ( QUESTION1 -1 1.734e+03 2.239e+02 9.200e+01
|        ( QUESTION0_19_R 1 7.508e+02 1.300e+02 4.700e+01
|            ( - 1.361e+02 2 0)
|            ( - 4.848e+02 4 0 QUESTION2 -1 9.660e+01 3.500e+01))
|        ( QUESTION0_18_R 1 7.591e+02 1.468e+02 4.500e+01
|            ( - 3.622e+02 2 0 QUESTION0 -1 8.182e+01 2.600e+01)
|            ( - 2.501e+02 3 0 WDBNDRY_E 0 6.766e+01 1.900e+01)))
|    ( SILENCE 1 2.480e+03 3.050e+02 1.200e+02
|        ( QUESTION7 -1 9.124e+02 1.801e+02 5.100e+01
|            ( - 3.882e+02 1 0)
|            ( - 3.442e+02 2 0 QUESTION1 -1 8.650e+01 2.500e+01))
|        ( QUESTION0_1_R 1 1.263e+03 2.080e+02 6.898e+01
|            ( - 5.084e+02 1 0)
|            ( - 5.464e+02 2 0 QUESTION0 -1 1.075e+02 3.599e+01))))
s>    ( QUESTION0_9_R 1 4.610e+03 3.960e+02 2.120e+02
s>        ( QUESTION1 -1 1.734e+03 2.239e+02 9.200e+01
s>            ( QUESTION0_19_R 1 7.508e+02 1.300e+02 4.700e+01
s>                ( - 1.361e+02 2 0)
s>                ( - 4.848e+02 4 0 QUESTION2 -1 9.660e+01 3.500e+01))
s>            ( QUESTION0_18_R 1 7.591e+02 1.468e+02 4.500e+01
s>                ( - 3.622e+02 2 0 QUESTION0 -1 8.182e+01 2.600e+01)
s>                ( - 2.501e+02 3 0 WDBNDRY_E 0 6.766e+01 1.900e+01)))
s>        ( SILENCE 1 2.480e+03 3.050e+02 1.200e+02
s>            ( QUESTION7 -1 9.124e+02 1.801e+02 5.100e+01
s>                ( - 3.882e+02 1 0)
s>                ( - 3.442e+02 2 0 QUESTION1 -1 8.650e+01 2.500e+01))
s>            ( QUESTION0_1_R 1 1.263e+03 2.080e+02 6.898e+01
s>                ( - 5.084e+02 1 0)
s>                ( - 5.464e+02 2 0 QUESTION0 -1 1.075e+02 3.599e+01))))INFO: dtree.c(1478): Final simple tree
|( QUESTION1 -1 4.327e+03 4.153e+02 2.031e+02
|    ( - 2.199e+03 2 0)
|    ( QUESTION0_16_R 1 1.713e+03 2.129e+02 8.900e+01
|        ( QUESTION0_17_R 1 7.938e+02 1.398e+02 4.600e+01
|            ( QUESTION12 -1 3.532e+02 7.089e+01 2.400e+01
|                ( - 6.977e+01 1 0)
|                ( - 2.125e+02 2 0 SILENCE -1 4.709e+01 1.700e+01))
|            ( SILENCE -1 3.008e+02 7.093e+01 2.200e+01
|                ( - 1.538e+02 1 0)
|                ( - 7.609e+01 1 0)))
|        ( QUESTION0_14_R 1 7.061e+02 1.264e+02 4.300e+01
|            ( - 1.264e+02 1 0)
|            ( QUESTION0_4_R 1 4.533e+02 8.457e+01 3.100e+01
|                ( - 1.047e+02 1 0)
|                ( - 2.640e+02 3 0 QUESTION0_20_R 1 6.493e+01 2.000e+01)))))
s>    ( QUESTION1 -1 4.327e+03 4.153e+02 2.031e+02
s>        ( - 2.199e+03 2 0)
s>        ( QUESTION0_16_R 1 1.713e+03 2.129e+02 8.900e+01
s>            ( QUESTION0_17_R 1 7.938e+02 1.398e+02 4.600e+01
s>                ( QUESTION12 -1 3.532e+02 7.089e+01 2.400e+01
s>                    ( - 6.977e+01 1 0)
s>                    ( - 2.125e+02 2 0 SILENCE -1 4.709e+01 1.700e+01))
s>                ( SILENCE -1 3.008e+02 7.093e+01 2.200e+01
s>                    ( - 1.538e+02 1 0)
s>                    ( - 7.609e+01 1 0)))
s>            ( QUESTION0_14_R 1 7.061e+02 1.264e+02 4.300e+01
s>                ( - 1.264e+02 1 0)
s>                ( QUESTION0_4_R 1 4.533e+02 8.457e+01 3.100e+01
s>                    ( - 1.047e+02 1 0)
s>                    ( - 2.640e+02 3 0 QUESTION0_20_R 1 6.493e+01 2.000e+01)))))INFO: dtree.c(1315): Comp split 7
INFO: dtree.c(1439): stop. leaf nodes are specific
INFO: dtree.c(1478): Final simple tree
|( QUESTION0_9_R 1 3.815e+03 3.797e+02 1.802e+02
|    ( QUESTION0_15_R 1 1.600e+03 1.591e+02 8.618e+01
|        ( - 1.153e+03 2 0)
|        ( - 2.878e+02 1 0))
|    ( SILENCE 1 1.836e+03 1.966e+02 9.400e+01
|        ( - 2.361e+02 1 0)
|        ( - 1.403e+03 2 0)))
s>    ( QUESTION0_9_R 1 3.815e+03 3.797e+02 1.802e+02
s>        ( QUESTION0_15_R 1 1.600e+03 1.591e+02 8.618e+01
s>            ( - 1.153e+03 2 0)
s>            ( - 2.878e+02 1 0))
s>        ( SILENCE 1 1.836e+03 1.966e+02 9.400e+01
s>            ( - 2.361e+02 1 0)
s>            ( - 1.403e+03 2 0)))INFO: dtree.c(1439): stop. leaf nodes are specific
INFO: dtree.c(1478): Final simple tree
|( QUESTION0_10_R 1 9.892e+03 2.654e+02 4.386e+02
|    ( - 9.060e+03 1 0)
|    ( QUESTION0_0_R 1 5.675e+02 7.453e+01 3.400e+01
|        ( - 5.795e+01 1 0)
|        ( - 4.350e+02 3 0)))
s>    ( QUESTION0_10_R 1 9.892e+03 2.654e+02 4.386e+02
s>        ( - 9.060e+03 1 0)
s>        ( QUESTION0_0_R 1 5.675e+02 7.453e+01 3.400e+01
s>            ( - 5.795e+01 1 0)
s>            ( - 4.350e+02 3 0)))INFO: dtree.c(1315): Comp split 8
INFO: dtree.c(1478): Final simple tree
|( QUESTION0_10_R 1 2.691e+03 2.937e+02 1.430e+02
|    ( QUESTION0_12_R 1 1.196e+03 1.554e+02 6.803e+01
|        ( - 1.848e+02 1 0)
|        ( - 8.563e+02 1 0))
|    ( QUESTION1 -1 1.201e+03 1.711e+02 7.500e+01
|        ( - 2.439e+02 1 0)
|        ( QUESTION0_8_R 1 7.857e+02 1.242e+02 5.600e+01
|            ( QUESTION14 1 2.999e+02 7.813e+01 2.400e+01
|                ( - 8.747e+01 1 0)
|                ( - 1.342e+02 1 0))
|            ( QUESTION0 -1 3.617e+02 7.752e+01 3.200e+01
|                ( - 1.376e+02 1 0)
|                ( WDBNDRY_E 0 1.466e+02 3.898e+01 1.400e+01
|                    ( - 6.013e+01 1 0)
|                    ( - 4.750e+01 1 0))))))
s>    ( QUESTION0_10_R 1 2.691e+03 2.937e+02 1.430e+02
s>        ( QUESTION0_12_R 1 1.196e+03 1.554e+02 6.803e+01
s>            ( - 1.848e+02 1 0)
s>            ( - 8.563e+02 1 0))
s>        ( QUESTION1 -1 1.201e+03 1.711e+02 7.500e+01
s>            ( - 2.439e+02 1 0)
s>            ( QUESTION0_8_R 1 7.857e+02 1.242e+02 5.600e+01
s>                ( QUESTION14 1 2.999e+02 7.813e+01 2.400e+01
s>                    ( - 8.747e+01 1 0)
s>                    ( - 1.342e+02 1 0))
s>                ( QUESTION0 -1 3.617e+02 7.752e+01 3.200e+01
s>                    ( - 1.376e+02 1 0)
s>                    ( WDBNDRY_E 0 1.466e+02 3.898e+01 1.400e+01
s>                        ( - 6.013e+01 1 0)
s>                        ( - 4.750e+01 1 0))))))INFO: dtree.c(1439): stop. leaf nodes are specific
INFO: dtree.c(1478): Final simple tree
|( QUESTION11 1 3.512e+03 3.215e+02 1.729e+02
|    ( QUESTION2 -1 1.877e+03 2.151e+02 9.852e+01
|        ( - 1.072e+03 2 0)
|        ( QUESTION0 -1 5.903e+02 9.948e+01 3.700e+01
|            ( - 3.692e+02 1 0)
|            ( - 1.216e+02 1 0)))
|    ( QUESTION0_13_R 1 1.314e+03 1.716e+02 7.434e+01
|        ( - 4.769e+02 1 0)
|        ( QUESTION0_14_R 1 6.654e+02 1.349e+02 4.100e+01
|            ( - 2.750e+02 1 0)
|            ( QUESTION0_10_R 1 2.555e+02 4.835e+01 2.000e+01
|                ( - 1.772e+02 1 0)
|                ( - 2.988e+01 1 0)))))
s>    ( QUESTION11 1 3.512e+03 3.215e+02 1.729e+02
s>        ( QUESTION2 -1 1.877e+03 2.151e+02 9.852e+01
s>            ( - 1.072e+03 2 0)
s>            ( QUESTION0 -1 5.903e+02 9.948e+01 3.700e+01
s>                ( - 3.692e+02 1 0)
s>                ( - 1.216e+02 1 0)))
s>        ( QUESTION0_13_R 1 1.314e+03 1.716e+02 7.434e+01
s>            ( - 4.769e+02 1 0)
s>            ( QUESTION0_14_R 1 6.654e+02 1.349e+02 4.100e+01
s>                ( - 2.750e+02 1 0)
s>                ( QUESTION0_10_R 1 2.555e+02 4.835e+01 2.000e+01
s>                    ( - 1.772e+02 1 0)
s>                    ( - 2.988e+01 1 0)))))INFO: dtree.c(1315): Comp split 9
INFO: dtree.c(1478): Final simple tree
|( QUESTION0_9_R 1 2.138e+03 2.641e+02 1.120e+02
|    ( QUESTION7 -1 8.607e+02 1.308e+02 5.400e+01
|        ( - 1.996e+02 2 0 QUESTION0_15_R 1 3.979e+01 1.900e+01)
|        ( QUESTION0 -1 5.303e+02 9.974e+01 3.500e+01
|            ( QUESTION0_11_R 1 2.836e+02 5.864e+01 2.200e+01
|                ( - 1.296e+02 1 0)
|                ( - 9.540e+01 2 0 QUESTION0_18_R 1 3.347e+01 9.000e+00))
|            ( WDBNDRY_E 0 1.469e+02 4.953e+01 1.300e+01
|                ( - 5.095e+01 1 0)
|                ( - 4.645e+01 1 0))))
|    ( SILENCE 1 1.014e+03 1.610e+02 5.800e+01
|        ( QUESTION1 -1 3.442e+02 8.650e+01 2.500e+01
|            ( - 1.053e+02 1 0)
|            ( - 1.524e+02 1 0))
|        ( - 5.084e+02 1 0)))
s>    ( QUESTION0_9_R 1 2.138e+03 2.641e+02 1.120e+02
s>        ( QUESTION7 -1 8.607e+02 1.308e+02 5.400e+01
s>            ( - 1.996e+02 2 0 QUESTION0_15_R 1 3.979e+01 1.900e+01)
s>            ( QUESTION0 -1 5.303e+02 9.974e+01 3.500e+01
s>                ( QUESTION0_11_R 1 2.836e+02 5.864e+01 2.200e+01
s>                    ( - 1.296e+02 1 0)
s>                    ( - 9.540e+01 2 0 QUESTION0_18_R 1 3.347e+01 9.000e+00))
s>                ( WDBNDRY_E 0 1.469e+02 4.953e+01 1.300e+01
s>                    ( - 5.095e+01 1 0)
s>                    ( - 4.645e+01 1 0))))
s>        ( SILENCE 1 1.014e+03 1.610e+02 5.800e+01
s>            ( QUESTION1 -1 3.442e+02 8.650e+01 2.500e+01
s>                ( - 1.053e+02 1 0)
s>                ( - 1.524e+02 1 0))
s>            ( - 5.084e+02 1 0)))INFO: dtree.c(1439): stop. leaf nodes are specific
INFO: dtree.c(1478): Final simple tree
|( QUESTION0 -1 1.984e+03 2.682e+02 9.999e+01
|    ( SILENCE 1 1.085e+03 1.705e+02 5.900e+01
|        ( - 3.882e+02 1 0)
|        ( QUESTION0_0_R 1 5.267e+02 1.076e+02 3.300e+01
|            ( - 1.335e+02 1 0)
|            ( QUESTION0_17_R 1 2.856e+02 6.729e+01 2.100e+01
|                ( - 8.225e+01 1 0)
|                ( - 1.361e+02 2 0))))
|    ( QUESTION0_0_R 1 6.302e+02 1.266e+02 4.099e+01
|        ( - 3.054e+02 1 0)
|        ( - 1.981e+02 1 0)))
s>    ( QUESTION0 -1 1.984e+03 2.682e+02 9.999e+01
s>        ( SILENCE 1 1.085e+03 1.705e+02 5.900e+01
s>            ( - 3.882e+02 1 0)
s>            ( QUESTION0_0_R 1 5.267e+02 1.076e+02 3.300e+01
s>                ( - 1.335e+02 1 0)
s>                ( QUESTION0_17_R 1 2.856e+02 6.729e+01 2.100e+01
s>                    ( - 8.225e+01 1 0)
s>                    ( - 1.361e+02 2 0))))
s>        ( QUESTION0_0_R 1 6.302e+02 1.266e+02 4.099e+01
s>            ( - 3.054e+02 1 0)
s>            ( - 1.981e+02 1 0)))INFO: dtree.c(1315): Comp split 10
INFO: dtree.c(1439): stop. leaf nodes are specific
INFO: dtree.c(1478): Final simple tree
|( QUESTION0 -1 1.475e+03 2.050e+02 7.800e+01
|    ( QUESTION11 -1 9.589e+02 1.480e+02 5.300e+01
|        ( - 4.367e+02 1 0)
|        ( QUESTION0_0_R 1 3.742e+02 7.763e+01 2.500e+01
|            ( - 5.353e+01 1 0)
|            ( - 2.430e+02 1 0)))
|    ( QUESTION0_0_R 1 3.115e+02 6.762e+01 2.500e+01
|        ( - 9.751e+01 1 0)
|        ( - 1.464e+02 1 0)))
s>    ( QUESTION0 -1 1.475e+03 2.050e+02 7.800e+01
s>        ( QUESTION11 -1 9.589e+02 1.480e+02 5.300e+01
s>            ( - 4.367e+02 1 0)
s>            ( QUESTION0_0_R 1 3.742e+02 7.763e+01 2.500e+01
s>                ( - 5.353e+01 1 0)
s>                ( - 2.430e+02 1 0)))
s>        ( QUESTION0_0_R 1 3.115e+02 6.762e+01 2.500e+01
s>            ( - 9.751e+01 1 0)
s>            ( - 1.464e+02 1 0)))INFO: dtree.c(1315): Comp split 11
INFO: dtree.c(1439): stop. leaf nodes are specific
INFO: dtree.c(1478): Final simple tree
|( SILENCE 1 2.795e+03 1.799e+02 1.568e+02
|    ( - 2.133e+03 1 0)
|    ( QUESTION11 1 4.820e+02 8.504e+01 3.629e+01
|        ( - 1.451e+02 2 0)
|        ( QUESTION1 1 2.519e+02 5.563e+01 2.200e+01
|            ( - 1.006e+02 1 0)
|            ( - 9.558e+01 1 0))))
s>    ( SILENCE 1 2.795e+03 1.799e+02 1.568e+02
s>        ( - 2.133e+03 1 0)
s>        ( QUESTION11 1 4.820e+02 8.504e+01 3.629e+01
s>            ( - 1.451e+02 2 0)
s>            ( QUESTION1 1 2.519e+02 5.563e+01 2.200e+01
s>                ( - 1.006e+02 1 0)
s>                ( - 9.558e+01 1 0))))INFO: dtree.c(1478): Final simple tree
|( QUESTION0_11_R 1 2.955e+03 2.063e+02 1.747e+02
|    ( QUESTION0_12_R 1 1.296e+03 1.306e+02 8.661e+01
|        ( QUESTION14 1 3.435e+02 6.542e+01 2.812e+01
|            ( - 2.544e+02 1 0)
|            ( - 2.374e+01 1 0))
|        ( - 8.214e+02 1 0))
|    ( QUESTION0_15_R 1 1.453e+03 1.621e+02 8.813e+01
|        ( - 4.649e+02 2 0)
|        ( QUESTION0_0_R 1 8.264e+02 1.128e+02 5.285e+01
|            ( QUESTION14 1 2.883e+02 5.840e+01 2.312e+01
|                ( - 1.094e+02 2 0)
|                ( - 1.206e+02 4 0 QUESTION0_4_R 1 2.846e+01 1.099e+01))
|            ( QUESTION0_17_R 1 4.253e+02 8.126e+01 2.973e+01
|                ( - 2.294e+02 2 0 QUESTION0_18_R 1 4.573e+01 1.760e+01)
|                ( - 1.146e+02 2 0)))))
s>    ( QUESTION0_11_R 1 2.955e+03 2.063e+02 1.747e+02
s>        ( QUESTION0_12_R 1 1.296e+03 1.306e+02 8.661e+01
s>            ( QUESTION14 1 3.435e+02 6.542e+01 2.812e+01
s>                ( - 2.544e+02 1 0)
s>                ( - 2.374e+01 1 0))
s>            ( - 8.214e+02 1 0))
s>        ( QUESTION0_15_R 1 1.453e+03 1.621e+02 8.813e+01
s>            ( - 4.649e+02 2 0)
s>            ( QUESTION0_0_R 1 8.264e+02 1.128e+02 5.285e+01
s>                ( QUESTION14 1 2.883e+02 5.840e+01 2.312e+01
s>                    ( - 1.094e+02 2 0)
s>                    ( - 1.206e+02 4 0 QUESTION0_4_R 1 2.846e+01 1.099e+01))
s>                ( QUESTION0_17_R 1 4.253e+02 8.126e+01 2.973e+01
s>                    ( - 2.294e+02 2 0 QUESTION0_18_R 1 4.573e+01 1.760e+01)
s>                    ( - 1.146e+02 2 0)))))INFO: dtree.c(1315): Comp split 12
INFO: dtree.c(1478): Final simple tree
|( QUESTION0_17_R 1 1.433e+03 1.914e+02 7.700e+01
|    ( QUESTION12 -1 3.532e+02 7.089e+01 2.400e+01
|        ( - 6.977e+01 1 0)
|        ( SILENCE -1 2.125e+02 4.709e+01 1.700e+01
|            ( - 7.452e+01 1 0)
|            ( - 9.092e+01 1 0)))
|    ( QUESTION0_14_R 1 8.882e+02 1.341e+02 5.300e+01
|        ( SILENCE -1 3.008e+02 7.093e+01 2.200e+01
|            ( - 1.538e+02 1 0)
|            ( - 7.609e+01 1 0))
|        ( QUESTION0_4_R 1 4.533e+02 8.457e+01 3.100e+01
|            ( - 1.047e+02 1 0)
|            ( QUESTION0_20_R 1 2.640e+02 6.493e+01 2.000e+01
|                ( - 4.220e+01 1 0)
|                ( - 1.569e+02 2 0 SILENCE -1 3.158e+01 1.400e+01)))))
s>    ( QUESTION0_17_R 1 1.433e+03 1.914e+02 7.700e+01
s>        ( QUESTION12 -1 3.532e+02 7.089e+01 2.400e+01
s>            ( - 6.977e+01 1 0)
s>            ( SILENCE -1 2.125e+02 4.709e+01 1.700e+01
s>                ( - 7.452e+01 1 0)
s>                ( - 9.092e+01 1 0)))
s>        ( QUESTION0_14_R 1 8.882e+02 1.341e+02 5.300e+01
s>            ( SILENCE -1 3.008e+02 7.093e+01 2.200e+01
s>                ( - 1.538e+02 1 0)
s>                ( - 7.609e+01 1 0))
s>            ( QUESTION0_4_R 1 4.533e+02 8.457e+01 3.100e+01
s>                ( - 1.047e+02 1 0)
s>                ( QUESTION0_20_R 1 2.640e+02 6.493e+01 2.000e+01
s>                    ( - 4.220e+01 1 0)
s>                    ( - 1.569e+02 2 0 SILENCE -1 3.158e+01 1.400e+01)))))INFO: dtree.c(1439): stop. leaf nodes are specific
INFO: dtree.c(1478): Final simple tree
|( SILENCE -1 2.472e+03 1.462e+02 1.261e+02
|    ( - 1.264e+02 1 0)
|    ( - 2.199e+03 2 0))
s>    ( SILENCE -1 2.472e+03 1.462e+02 1.261e+02
s>        ( - 1.264e+02 1 0)
s>        ( - 2.199e+03 2 0))INFO: dtree.c(1315): Comp split 13
INFO: dtree.c(1439): stop. leaf nodes are specific
INFO: dtree.c(1478): Final simple tree
|( SILENCE 1 1.836e+03 1.966e+02 9.400e+01
|    ( - 2.361e+02 1 0)
|    ( - 1.403e+03 2 0))
s>    ( SILENCE 1 1.836e+03 1.966e+02 9.400e+01
s>        ( - 2.361e+02 1 0)
s>        ( - 1.403e+03 2 0))INFO: dtree.c(1439): stop. leaf nodes are specific
INFO: dtree.c(1478): Final simple tree
|( QUESTION0_15_R 1 1.600e+03 1.591e+02 8.618e+01
|    ( - 1.153e+03 2 0)
|    ( - 2.878e+02 1 0))
s>    ( QUESTION0_15_R 1 1.600e+03 1.591e+02 8.618e+01
s>        ( - 1.153e+03 2 0)
s>        ( - 2.878e+02 1 0))INFO: dtree.c(1315): Comp split 14
INFO: dtree.c(1439): stop. leaf nodes are specific
INFO: dtree.c(1478): Final simple tree
|( QUESTION0 -1 1.569e+03 2.079e+02 8.534e+01
|    ( QUESTION0_13_R 1 8.719e+02 1.396e+02 5.334e+01
|        ( - 4.769e+02 1 0)
|        ( QUESTION0_10_R 1 2.555e+02 4.835e+01 2.000e+01
|            ( - 1.772e+02 1 0)
|            ( - 2.988e+01 1 0)))
|    ( QUESTION0_10_R 1 4.896e+02 9.303e+01 3.200e+01
|        ( - 2.750e+02 1 0)
|        ( - 1.216e+02 1 0)))
s>    ( QUESTION0 -1 1.569e+03 2.079e+02 8.534e+01
s>        ( QUESTION0_13_R 1 8.719e+02 1.396e+02 5.334e+01
s>            ( - 4.769e+02 1 0)
s>            ( QUESTION0_10_R 1 2.555e+02 4.835e+01 2.000e+01
s>                ( - 1.772e+02 1 0)
s>                ( - 2.988e+01 1 0)))
s>        ( QUESTION0_10_R 1 4.896e+02 9.303e+01 3.200e+01
s>            ( - 2.750e+02 1 0)
s>            ( - 1.216e+02 1 0)))INFO: dtree.c(1439): stop. leaf nodes are specific
INFO: dtree.c(1478): Final simple tree
|( QUESTION2 -1 1.614e+03 1.729e+02 8.752e+01
|    ( - 1.072e+03 2 0)
|    ( - 3.692e+02 1 0))
s>    ( QUESTION2 -1 1.614e+03 1.729e+02 8.752e+01
s>        ( - 1.072e+03 2 0)
s>        ( - 3.692e+02 1 0))INFO: dtree.c(1315): Comp split 15
INFO: dtree.c(1439): stop. leaf nodes are specific
INFO: dtree.c(1478): Final simple tree
|( QUESTION0_13_R 1 1.320e+03 1.687e+02 7.403e+01
|    ( - 8.563e+02 1 0)
|    ( QUESTION0_0_R 1 2.949e+02 6.265e+01 2.200e+01
|        ( - 4.750e+01 1 0)
|        ( - 1.848e+02 1 0)))
s>    ( QUESTION0_13_R 1 1.320e+03 1.687e+02 7.403e+01
s>        ( - 8.563e+02 1 0)
s>        ( QUESTION0_0_R 1 2.949e+02 6.265e+01 2.200e+01
s>            ( - 4.750e+01 1 0)
s>            ( - 1.848e+02 1 0)))INFO: dtree.c(1439): stop. leaf nodes are specific
INFO: dtree.c(1478): Final simple tree
|( QUESTION1 -1 1.076e+03 1.677e+02 6.900e+01
|    ( - 2.439e+02 1 0)
|    ( QUESTION14 1 6.641e+02 1.148e+02 5.000e+01
|        ( - 8.747e+01 1 0)
|        ( QUESTION11 1 4.619e+02 7.394e+01 3.900e+01
|            ( - 1.376e+02 1 0)
|            ( WDBNDRY_E 0 2.503e+02 5.595e+01 2.100e+01
|                ( - 6.013e+01 1 0)
|                ( - 1.342e+02 1 0)))))
s>    ( QUESTION1 -1 1.076e+03 1.677e+02 6.900e+01
s>        ( - 2.439e+02 1 0)
s>        ( QUESTION14 1 6.641e+02 1.148e+02 5.000e+01
s>            ( - 8.747e+01 1 0)
s>            ( QUESTION11 1 4.619e+02 7.394e+01 3.900e+01
s>                ( - 1.376e+02 1 0)
s>                ( WDBNDRY_E 0 2.503e+02 5.595e+01 2.100e+01
s>                    ( - 6.013e+01 1 0)
s>                    ( - 1.342e+02 1 0)))))INFO: dtree.c(1315): Comp split 16
INFO: dtree.c(1439): stop. leaf nodes are specific
INFO: dtree.c(1478): Final simple tree
|( QUESTION0_0_R 1 8.885e+02 1.440e+02 5.299e+01
|    ( QUESTION0 -1 5.464e+02 1.075e+02 3.599e+01
|        ( - 1.335e+02 1 0)
|        ( - 3.054e+02 1 0))
|    ( - 1.981e+02 1 0))
s>    ( QUESTION0_0_R 1 8.885e+02 1.440e+02 5.299e+01
s>        ( QUESTION0 -1 5.464e+02 1.075e+02 3.599e+01
s>            ( - 1.335e+02 1 0)
s>            ( - 3.054e+02 1 0))
s>        ( - 1.981e+02 1 0))INFO: dtree.c(1439): stop. leaf nodes are specific
INFO: dtree.c(1478): Final simple tree
|( SILENCE 1 8.101e+02 1.363e+02 4.700e+01
|    ( - 3.882e+02 1 0)
|    ( QUESTION0_17_R 1 2.856e+02 6.729e+01 2.100e+01
|        ( - 8.225e+01 1 0)
|        ( - 1.361e+02 2 0)))
s>    ( SILENCE 1 8.101e+02 1.363e+02 4.700e+01
s>        ( - 3.882e+02 1 0)
s>        ( QUESTION0_17_R 1 2.856e+02 6.729e+01 2.100e+01
s>            ( - 8.225e+01 1 0)
s>            ( - 1.361e+02 2 0)))INFO: dtree.c(1315): Comp split 17
INFO: dtree.c(1439): stop. leaf nodes are specific
INFO: dtree.c(1478): Final simple tree
|( QUESTION0_0_R 1 1.102e+03 1.652e+02 6.200e+01
|    ( - 5.084e+02 1 0)
|    ( SILENCE 1 4.283e+02 9.291e+01 2.900e+01
|        ( - 1.524e+02 1 0)
|        ( QUESTION10 -1 1.830e+02 4.975e+01 1.500e+01
|            ( - 4.535e+01 1 0)
|            ( QUESTION0_17_R 1 8.791e+01 2.488e+01 9.000e+00
|                ( - 1.658e+01 1 0)
|                ( - 4.645e+01 1 0)))))
s>    ( QUESTION0_0_R 1 1.102e+03 1.652e+02 6.200e+01
s>        ( - 5.084e+02 1 0)
s>        ( SILENCE 1 4.283e+02 9.291e+01 2.900e+01
s>            ( - 1.524e+02 1 0)
s>            ( QUESTION10 -1 1.830e+02 4.975e+01 1.500e+01
s>                ( - 4.535e+01 1 0)
s>                ( QUESTION0_17_R 1 8.791e+01 2.488e+01 9.000e+00
s>                    ( - 1.658e+01 1 0)
s>                    ( - 4.645e+01 1 0)))))INFO: dtree.c(1439): stop. leaf nodes are specific
INFO: dtree.c(1478): Final simple tree
|( QUESTION0_14_R 1 7.667e+02 1.413e+02 5.000e+01
|    ( WDBNDRY_E 0 3.142e+02 6.363e+01 2.600e+01
|        ( - 5.095e+01 1 0)
|        ( QUESTION0_15_R 1 1.996e+02 3.979e+01 1.900e+01
|            ( - 3.251e+01 1 0)
|            ( - 1.273e+02 1 0)))
|    ( SILENCE 1 3.113e+02 7.642e+01 2.400e+01
|        ( - 1.053e+02 1 0)
|        ( - 1.296e+02 1 0)))
s>    ( QUESTION0_14_R 1 7.667e+02 1.413e+02 5.000e+01
s>        ( WDBNDRY_E 0 3.142e+02 6.363e+01 2.600e+01
s>            ( - 5.095e+01 1 0)
s>            ( QUESTION0_15_R 1 1.996e+02 3.979e+01 1.900e+01
s>                ( - 3.251e+01 1 0)
s>                ( - 1.273e+02 1 0)))
s>        ( SILENCE 1 3.113e+02 7.642e+01 2.400e+01
s>            ( - 1.053e+02 1 0)
s>            ( - 1.296e+02 1 0)))INFO: dtree.c(1315): Comp split 18
INFO: dtree.c(1439): stop. leaf nodes are specific
INFO: dtree.c(1478): Final simple tree
|( QUESTION0_0_R 1 5.675e+02 7.453e+01 3.400e+01
|    ( - 5.795e+01 1 0)
|    ( - 4.350e+02 3 0))
s>    ( QUESTION0_0_R 1 5.675e+02 7.453e+01 3.400e+01
s>        ( - 5.795e+01 1 0)
s>        ( - 4.350e+02 3 0))INFO: dtree.c(1315): Comp split 19
INFO: dtree.c(1439): stop. leaf nodes are specific
INFO: dtree.c(1478): Final simple tree
|( QUESTION0_14_R 1 4.694e+02 9.995e+01 3.100e+01
|    ( SILENCE -1 2.125e+02 4.709e+01 1.700e+01
|        ( - 7.452e+01 1 0)
|        ( - 9.092e+01 1 0))
|    ( SILENCE -1 1.569e+02 3.158e+01 1.400e+01
|        ( - 6.534e+01 1 0)
|        ( - 5.998e+01 1 0)))
s>    ( QUESTION0_14_R 1 4.694e+02 9.995e+01 3.100e+01
s>        ( SILENCE -1 2.125e+02 4.709e+01 1.700e+01
s>            ( - 7.452e+01 1 0)
s>            ( - 9.092e+01 1 0))
s>        ( SILENCE -1 1.569e+02 3.158e+01 1.400e+01
s>            ( - 6.534e+01 1 0)
s>            ( - 5.998e+01 1 0)))INFO: dtree.c(1439): stop. leaf nodes are specific
INFO: dtree.c(1478): Final simple tree
|( QUESTION0_10_R 1 7.211e+02 1.035e+02 4.600e+01
|    ( SILENCE -1 4.308e+02 8.384e+01 2.900e+01
|        ( - 1.538e+02 1 0)
|        ( QUESTION0_17_R 1 1.932e+02 4.735e+01 1.600e+01
|            ( - 6.977e+01 1 0)
|            ( - 7.609e+01 1 0)))
|    ( QUESTION0_0_R 1 1.868e+02 3.989e+01 1.700e+01
|        ( - 1.047e+02 1 0)
|        ( - 4.220e+01 1 0)))
s>    ( QUESTION0_10_R 1 7.211e+02 1.035e+02 4.600e+01
s>        ( SILENCE -1 4.308e+02 8.384e+01 2.900e+01
s>            ( - 1.538e+02 1 0)
s>            ( QUESTION0_17_R 1 1.932e+02 4.735e+01 1.600e+01
s>                ( - 6.977e+01 1 0)
s>                ( - 7.609e+01 1 0)))
s>        ( QUESTION0_0_R 1 1.868e+02 3.989e+01 1.700e+01
s>            ( - 1.047e+02 1 0)
s>            ( - 4.220e+01 1 0)))INFO: dtree.c(1315): Comp split 20
INFO: dtree.c(1478): Final simple tree
|( QUESTION0_14_R 1 1.082e+03 1.319e+02 6.884e+01
|    ( QUESTION0_17_R 1 4.253e+02 8.126e+01 2.973e+01
|        ( QUESTION0_18_R 1 2.294e+02 4.573e+01 1.760e+01
|            ( - 2.124e+01 1 0)
|            ( - 1.624e+02 1 0))
|        ( - 1.146e+02 2 0))
|    ( QUESTION17 1 5.250e+02 7.586e+01 3.911e+01
|        ( - 2.374e+01 1 0)
|        ( QUESTION0_0_R 1 4.254e+02 5.046e+01 3.310e+01
|            ( QUESTION0_4_R 1 1.206e+02 2.846e+01 1.099e+01
|                ( - 2.973e+01 2 0)
|                ( QUESTION0_1_R 1 6.240e+01 1.980e+01 7.000e+00
|                    ( - 3.498e+01 1 0)
|                    ( - 7.619e+00 1 0)))
|            ( - 2.544e+02 1 0))))
s>    ( QUESTION0_14_R 1 1.082e+03 1.319e+02 6.884e+01
s>        ( QUESTION0_17_R 1 4.253e+02 8.126e+01 2.973e+01
s>            ( QUESTION0_18_R 1 2.294e+02 4.573e+01 1.760e+01
s>                ( - 2.124e+01 1 0)
s>                ( - 1.624e+02 1 0))
s>            ( - 1.146e+02 2 0))
s>        ( QUESTION17 1 5.250e+02 7.586e+01 3.911e+01
s>            ( - 2.374e+01 1 0)
s>            ( QUESTION0_0_R 1 4.254e+02 5.046e+01 3.310e+01
s>                ( QUESTION0_4_R 1 1.206e+02 2.846e+01 1.099e+01
s>                    ( - 2.973e+01 2 0)
s>                    ( QUESTION0_1_R 1 6.240e+01 1.980e+01 7.000e+00
s>                        ( - 3.498e+01 1 0)
s>                        ( - 7.619e+00 1 0)))
s>                ( - 2.544e+02 1 0))))INFO: dtree.c(1439): stop. leaf nodes are specific
INFO: dtree.c(1478): Final simple tree
|( QUESTION0_14_R 1 1.644e+03 1.592e+02 1.059e+02
|    ( - 4.649e+02 2 0)
|    ( QUESTION0_0_R 1 1.020e+03 8.880e+01 7.062e+01
|        ( - 1.094e+02 2 0)
|        ( - 8.214e+02 1 0)))
s>    ( QUESTION0_14_R 1 1.644e+03 1.592e+02 1.059e+02
s>        ( - 4.649e+02 2 0)
s>        ( QUESTION0_0_R 1 1.020e+03 8.880e+01 7.062e+01
s>            ( - 1.094e+02 2 0)
s>            ( - 8.214e+02 1 0)))INFO: dtree.c(1315): Comp split 21
INFO: dtree.c(1439): stop. leaf nodes are specific
INFO: dtree.c(1478): Final simple tree
|( QUESTION0 -1 6.892e+02 1.347e+02 4.300e+01
|    ( - 2.430e+02 1 0)
|    ( QUESTION0_0_R 1 3.115e+02 6.762e+01 2.500e+01
|        ( - 9.751e+01 1 0)
|        ( - 1.464e+02 1 0)))
s>    ( QUESTION0 -1 6.892e+02 1.347e+02 4.300e+01
s>        ( - 2.430e+02 1 0)
s>        ( QUESTION0_0_R 1 3.115e+02 6.762e+01 2.500e+01
s>            ( - 9.751e+01 1 0)
s>            ( - 1.464e+02 1 0)))INFO: dtree.c(1439): stop. leaf nodes are specific
INFO: dtree.c(1478): Final simple tree
|( QUESTION0_0_R 1 5.677e+02 7.739e+01 3.500e+01
|    ( - 5.353e+01 1 0)
|    ( - 4.367e+02 1 0))
s>    ( QUESTION0_0_R 1 5.677e+02 7.739e+01 3.500e+01
s>        ( - 5.353e+01 1 0)
s>        ( - 4.367e+02 1 0))INFO: dtree.c(1315): Comp split 22
INFO: dtree.c(1439): stop. leaf nodes are specific
INFO: dtree.c(1478): Final simple tree
|( QUESTION0_13_R 1 8.719e+02 1.396e+02 5.334e+01
|    ( - 4.769e+02 1 0)
|    ( QUESTION0_10_R 1 2.555e+02 4.835e+01 2.000e+01
|        ( - 1.772e+02 1 0)
|        ( - 2.988e+01 1 0)))
s>    ( QUESTION0_13_R 1 8.719e+02 1.396e+02 5.334e+01
s>        ( - 4.769e+02 1 0)
s>        ( QUESTION0_10_R 1 2.555e+02 4.835e+01 2.000e+01
s>            ( - 1.772e+02 1 0)
s>            ( - 2.988e+01 1 0)))INFO: dtree.c(1439): stop. leaf nodes are specific
INFO: dtree.c(1478): Final simple tree
|( QUESTION0_10_R 1 4.896e+02 9.303e+01 3.200e+01
|    ( - 2.750e+02 1 0)
|    ( - 1.216e+02 1 0))
s>    ( QUESTION0_10_R 1 4.896e+02 9.303e+01 3.200e+01
s>        ( - 2.750e+02 1 0)
s>        ( - 1.216e+02 1 0))INFO: dtree.c(1315): Comp split 23
INFO: dtree.c(1315): Comp split 24
INFO: dtree.c(1439): stop. leaf nodes are specific
INFO: dtree.c(1478): Final simple tree
|( QUESTION11 1 4.619e+02 7.394e+01 3.900e+01
|    ( - 1.376e+02 1 0)
|    ( WDBNDRY_E 0 2.503e+02 5.595e+01 2.100e+01
|        ( - 6.013e+01 1 0)
|        ( - 1.342e+02 1 0)))
s>    ( QUESTION11 1 4.619e+02 7.394e+01 3.900e+01
s>        ( - 1.376e+02 1 0)
s>        ( WDBNDRY_E 0 2.503e+02 5.595e+01 2.100e+01
s>            ( - 6.013e+01 1 0)
s>            ( - 1.342e+02 1 0)))INFO: dtree.c(1439): stop. leaf nodes are specific
INFO: dtree.c(1478): Final simple tree
|( QUESTION0_0_R 1 4.289e+02 9.750e+01 3.000e+01
|    ( - 8.747e+01 1 0)
|    ( - 2.439e+02 1 0))
s>    ( QUESTION0_0_R 1 4.289e+02 9.750e+01 3.000e+01
s>        ( - 8.747e+01 1 0)
s>        ( - 2.439e+02 1 0))INFO: dtree.c(1315): Comp split 25
INFO: dtree.c(1439): stop. leaf nodes are specific
INFO: dtree.c(1478): Final simple tree
|( QUESTION11 1 4.820e+02 8.504e+01 3.629e+01
|    ( - 1.451e+02 2 0)
|    ( QUESTION1 1 2.519e+02 5.563e+01 2.200e+01
|        ( - 1.006e+02 1 0)
|        ( - 9.558e+01 1 0)))
s>    ( QUESTION11 1 4.820e+02 8.504e+01 3.629e+01
s>        ( - 1.451e+02 2 0)
s>        ( QUESTION1 1 2.519e+02 5.563e+01 2.200e+01
s>            ( - 1.006e+02 1 0)
s>            ( - 9.558e+01 1 0)))INFO: dtree.c(1315): Comp split 26
INFO: dtree.c(1315): Comp split 27
INFO: dtree.c(1439): stop. leaf nodes are specific
INFO: dtree.c(1478): Final simple tree
|( QUESTION0_0_R 1 2.949e+02 6.265e+01 2.200e+01
|    ( - 4.750e+01 1 0)
|    ( - 1.848e+02 1 0))
s>    ( QUESTION0_0_R 1 2.949e+02 6.265e+01 2.200e+01
s>        ( - 4.750e+01 1 0)
s>        ( - 1.848e+02 1 0))INFO: dtree.c(1315): Comp split 28
INFO: dtree.c(1439): stop. leaf nodes are specific
INFO: dtree.c(1478): Final simple tree
|( SILENCE 1 4.283e+02 9.291e+01 2.900e+01
|    ( - 1.524e+02 1 0)
|    ( QUESTION10 -1 1.830e+02 4.975e+01 1.500e+01
|        ( - 4.535e+01 1 0)
|        ( QUESTION0_17_R 1 8.791e+01 2.488e+01 9.000e+00
|            ( - 1.658e+01 1 0)
|            ( - 4.645e+01 1 0))))
s>    ( SILENCE 1 4.283e+02 9.291e+01 2.900e+01
s>        ( - 1.524e+02 1 0)
s>        ( QUESTION10 -1 1.830e+02 4.975e+01 1.500e+01
s>            ( - 4.535e+01 1 0)
s>            ( QUESTION0_17_R 1 8.791e+01 2.488e+01 9.000e+00
s>                ( - 1.658e+01 1 0)
s>                ( - 4.645e+01 1 0))))INFO: dtree.c(1315): Comp split 29
INFO: dtree.c(1439): stop. leaf nodes are specific
INFO: dtree.c(1478): Final simple tree
|( QUESTION0_0_R 1 1.020e+03 8.880e+01 7.062e+01
|    ( - 1.094e+02 2 0)
|    ( - 8.214e+02 1 0))
s>    ( QUESTION0_0_R 1 1.020e+03 8.880e+01 7.062e+01
s>        ( - 1.094e+02 2 0)
s>        ( - 8.214e+02 1 0))INFO: dtree.c(1315): Comp split 30
INFO: dtree.c(1439): stop. leaf nodes are specific
INFO: dtree.c(1478): Final simple tree
|( QUESTION0_0_R 1 4.241e+02 9.240e+01 2.900e+01
|    ( - 1.335e+02 1 0)
|    ( - 1.981e+02 1 0))
s>    ( QUESTION0_0_R 1 4.241e+02 9.240e+01 2.900e+01
s>        ( - 1.335e+02 1 0)
s>        ( - 1.981e+02 1 0))INFO: dtree.c(1315): Comp split 31
INFO: dtree.c(1315): Comp split 32
INFO: dtree.c(1439): stop. leaf nodes are specific
INFO: dtree.c(1478): Final simple tree
|( QUESTION0_0_R 1 4.254e+02 5.046e+01 3.310e+01
|    ( QUESTION0_4_R 1 1.206e+02 2.846e+01 1.099e+01
|        ( - 2.973e+01 2 0)
|        ( QUESTION0_1_R 1 6.240e+01 1.980e+01 7.000e+00
|            ( - 3.498e+01 1 0)
|            ( - 7.619e+00 1 0)))
|    ( - 2.544e+02 1 0))
s>    ( QUESTION0_0_R 1 4.254e+02 5.046e+01 3.310e+01
s>        ( QUESTION0_4_R 1 1.206e+02 2.846e+01 1.099e+01
s>            ( - 2.973e+01 2 0)
s>            ( QUESTION0_1_R 1 6.240e+01 1.980e+01 7.000e+00
s>                ( - 3.498e+01 1 0)
s>                ( - 7.619e+00 1 0)))
s>        ( - 2.544e+02 1 0))INFO: dtree.c(1439): stop. leaf nodes are specific
INFO: dtree.c(1478): Final simple tree
|( QUESTION0_19_R 1 5.100e+02 9.293e+01 3.574e+01
|    ( - 1.146e+02 2 0)
|    ( QUESTION0_11_R 1 3.025e+02 4.935e+01 2.360e+01
|        ( - 2.374e+01 1 0)
|        ( QUESTION0_18_R 1 2.294e+02 4.573e+01 1.760e+01
|            ( - 2.124e+01 1 0)
|            ( - 1.624e+02 1 0))))
s>    ( QUESTION0_19_R 1 5.100e+02 9.293e+01 3.574e+01
s>        ( - 1.146e+02 2 0)
s>        ( QUESTION0_11_R 1 3.025e+02 4.935e+01 2.360e+01
s>            ( - 2.374e+01 1 0)
s>            ( QUESTION0_18_R 1 2.294e+02 4.573e+01 1.760e+01
s>                ( - 2.124e+01 1 0)
s>                ( - 1.624e+02 1 0))))INFO: dtree.c(1315): Comp split 33
INFO: dtree.c(1315): Comp split 34
INFO: dtree.c(1439): stop. leaf nodes are specific
INFO: dtree.c(1478): Final simple tree
|( WDBNDRY_E 0 3.142e+02 6.363e+01 2.600e+01
|    ( - 5.095e+01 1 0)
|    ( QUESTION0_15_R 1 1.996e+02 3.979e+01 1.900e+01
|        ( - 3.251e+01 1 0)
|        ( - 1.273e+02 1 0)))
s>    ( WDBNDRY_E 0 3.142e+02 6.363e+01 2.600e+01
s>        ( - 5.095e+01 1 0)
s>        ( QUESTION0_15_R 1 1.996e+02 3.979e+01 1.900e+01
s>            ( - 3.251e+01 1 0)
s>            ( - 1.273e+02 1 0)))INFO: dtree.c(1439): stop. leaf nodes are specific
INFO: dtree.c(1478): Final simple tree
|( SILENCE 1 3.113e+02 7.642e+01 2.400e+01
|    ( - 1.053e+02 1 0)
|    ( - 1.296e+02 1 0))
s>    ( SILENCE 1 3.113e+02 7.642e+01 2.400e+01
s>        ( - 1.053e+02 1 0)
s>        ( - 1.296e+02 1 0))INFO: dtree.c(1315): Comp split 35
INFO: dtree.c(1439): stop. leaf nodes are specific
INFO: dtree.c(1478): Final simple tree
|( QUESTION0_10_R 1 2.555e+02 4.835e+01 2.000e+01
|    ( - 1.772e+02 1 0)
|    ( - 2.988e+01 1 0))
s>    ( QUESTION0_10_R 1 2.555e+02 4.835e+01 2.000e+01
s>        ( - 1.772e+02 1 0)
s>        ( - 2.988e+01 1 0))INFO: dtree.c(1315): Comp split 36
INFO: dtree.c(1439): stop. leaf nodes are specific
INFO: dtree.c(1478): Final simple tree
|( QUESTION0_17_R 1 2.856e+02 6.729e+01 2.100e+01
|    ( - 8.225e+01 1 0)
|    ( - 1.361e+02 2 0))
s>    ( QUESTION0_17_R 1 2.856e+02 6.729e+01 2.100e+01
s>        ( - 8.225e+01 1 0)
s>        ( - 1.361e+02 2 0))INFO: dtree.c(1315): Comp split 37
INFO: dtree.c(1439): stop. leaf nodes are specific
INFO: dtree.c(1478): Final simple tree
|( QUESTION0_0_R 1 3.115e+02 6.762e+01 2.500e+01
|    ( - 9.751e+01 1 0)
|    ( - 1.464e+02 1 0))
s>    ( QUESTION0_0_R 1 3.115e+02 6.762e+01 2.500e+01
s>        ( - 9.751e+01 1 0)
s>        ( - 1.464e+02 1 0))INFO: dtree.c(1315): Comp split 38
INFO: dtree.c(1439): stop. leaf nodes are specific
INFO: dtree.c(1478): Final simple tree
|( QUESTION0_17_R 1 1.932e+02 4.735e+01 1.600e+01
|    ( - 6.977e+01 1 0)
|    ( - 7.609e+01 1 0))
s>    ( QUESTION0_17_R 1 1.932e+02 4.735e+01 1.600e+01
s>        ( - 6.977e+01 1 0)
s>        ( - 7.609e+01 1 0))INFO: dtree.c(1439): stop. leaf nodes are specific
INFO: dtree.c(1478): Final simple tree
|( SILENCE -1 4.053e+02 6.466e+01 3.000e+01
|    ( - 1.538e+02 1 0)
|    ( QUESTION0_0_R 1 1.868e+02 3.989e+01 1.700e+01
|        ( - 1.047e+02 1 0)
|        ( - 4.220e+01 1 0)))
s>    ( SILENCE -1 4.053e+02 6.466e+01 3.000e+01
s>        ( - 1.538e+02 1 0)
s>        ( QUESTION0_0_R 1 1.868e+02 3.989e+01 1.700e+01
s>            ( - 1.047e+02 1 0)
s>            ( - 4.220e+01 1 0)))INFO: dtree.c(1315): Comp split 39
INFO: dtree.c(1439): stop. leaf nodes are specific
INFO: dtree.c(1478): Final simple tree
|( QUESTION0_11_R 1 2.330e+02 4.686e+01 2.060e+01
|    ( - 2.374e+01 1 0)
|    ( - 1.624e+02 1 0))
s>    ( QUESTION0_11_R 1 2.330e+02 4.686e+01 2.060e+01
s>        ( - 2.374e+01 1 0)
s>        ( - 1.624e+02 1 0))INFO: dtree.c(1439): stop. leaf nodes are specific
INFO: dtree.c(1478): Final simple tree
|( QUESTION0_17_R 1 1.723e+02 3.648e+01 1.514e+01
|    ( - 2.124e+01 1 0)
|    ( - 1.146e+02 2 0))
s>    ( QUESTION0_17_R 1 1.723e+02 3.648e+01 1.514e+01
s>        ( - 2.124e+01 1 0)
s>        ( - 1.146e+02 2 0))INFO: dtree.c(1315): Comp split 40
INFO: dtree.c(1439): stop. leaf nodes are specific
INFO: dtree.c(1478): Final simple tree
|( SILENCE -1 1.569e+02 3.158e+01 1.400e+01
|    ( - 6.534e+01 1 0)
|    ( - 5.998e+01 1 0))
s>    ( SILENCE -1 1.569e+02 3.158e+01 1.400e+01
s>        ( - 6.534e+01 1 0)
s>        ( - 5.998e+01 1 0))INFO: dtree.c(1439): stop. leaf nodes are specific
INFO: dtree.c(1478): Final simple tree
|( SILENCE -1 2.125e+02 4.709e+01 1.700e+01
|    ( - 7.452e+01 1 0)
|    ( - 9.092e+01 1 0))
s>    ( SILENCE -1 2.125e+02 4.709e+01 1.700e+01
s>        ( - 7.452e+01 1 0)
s>        ( - 9.092e+01 1 0))INFO: dtree.c(1315): Comp split 41
INFO: dtree.c(1315): Comp split 42
INFO: dtree.c(1315): Comp split 43
INFO: dtree.c(1439): stop. leaf nodes are specific
INFO: dtree.c(1478): Final simple tree
|( QUESTION10 -1 1.830e+02 4.975e+01 1.500e+01
|    ( - 4.535e+01 1 0)
|    ( QUESTION0_17_R 1 8.791e+01 2.488e+01 9.000e+00
|        ( - 1.658e+01 1 0)
|        ( - 4.645e+01 1 0)))
s>    ( QUESTION10 -1 1.830e+02 4.975e+01 1.500e+01
s>        ( - 4.535e+01 1 0)
s>        ( QUESTION0_17_R 1 8.791e+01 2.488e+01 9.000e+00
s>            ( - 1.658e+01 1 0)
s>            ( - 4.645e+01 1 0)))INFO: dtree.c(1315): Comp split 44
INFO: dtree.c(1315): Comp split 45
INFO: dtree.c(1315): Comp split 46
INFO: dtree.c(1439): stop. leaf nodes are specific
INFO: dtree.c(1478): Final simple tree
|( QUESTION1 1 2.519e+02 5.563e+01 2.200e+01
|    ( - 1.006e+02 1 0)
|    ( - 9.558e+01 1 0))
s>    ( QUESTION1 1 2.519e+02 5.563e+01 2.200e+01
s>        ( - 1.006e+02 1 0)
s>        ( - 9.558e+01 1 0))INFO: dtree.c(1315): Comp split 47
INFO: dtree.c(1315): Comp split 48
INFO: dtree.c(1315): Comp split 49
INFO: dtree.c(1315): Comp split 50
INFO: dtree.c(1439): stop. leaf nodes are specific
INFO: dtree.c(1478): Final simple tree
|( WDBNDRY_E 0 2.503e+02 5.595e+01 2.100e+01
|    ( - 6.013e+01 1 0)
|    ( - 1.342e+02 1 0))
s>    ( WDBNDRY_E 0 2.503e+02 5.595e+01 2.100e+01
s>        ( - 6.013e+01 1 0)
s>        ( - 1.342e+02 1 0))INFO: dtree.c(1315): Comp split 51
INFO: dtree.c(1439): stop. leaf nodes are specific
INFO: dtree.c(1478): Final simple tree
|( WDBNDRY_E 0 1.174e+02 3.397e+01 1.200e+01
|    ( - 5.095e+01 1 0)
|    ( - 3.251e+01 1 0))
s>    ( WDBNDRY_E 0 1.174e+02 3.397e+01 1.200e+01
s>        ( - 5.095e+01 1 0)
s>        ( - 3.251e+01 1 0))INFO: dtree.c(1315): Comp split 52
INFO: dtree.c(1315): Comp split 53
INFO: dtree.c(1315): Comp split 54
INFO: dtree.c(1439): stop. leaf nodes are specific
INFO: dtree.c(1478): Final simple tree
|( QUESTION0_0_R 1 1.868e+02 3.989e+01 1.700e+01
|    ( - 1.047e+02 1 0)
|    ( - 4.220e+01 1 0))
s>    ( QUESTION0_0_R 1 1.868e+02 3.989e+01 1.700e+01
s>        ( - 1.047e+02 1 0)
s>        ( - 4.220e+01 1 0))INFO: dtree.c(1315): Comp split 55
INFO: dtree.c(1315): Comp split 56
INFO: dtree.c(1315): Comp split 57
INFO: dtree.c(1315): Comp split 58
INFO: dtree.c(1439): stop. leaf nodes are specific
INFO: dtree.c(1478): Final simple tree
|( QUESTION0_1_R 1 6.240e+01 1.980e+01 7.000e+00
|    ( - 3.498e+01 1 0)
|    ( - 7.619e+00 1 0))
s>    ( QUESTION0_1_R 1 6.240e+01 1.980e+01 7.000e+00
s>        ( - 3.498e+01 1 0)
s>        ( - 7.619e+00 1 0))INFO: dtree.c(1439): stop. leaf nodes are specific
INFO: dtree.c(1478): Final simple tree
|( QUESTION0_0_R 1 3.103e+02 2.620e+01 2.610e+01
|    ( - 2.973e+01 2 0)
|    ( - 2.544e+02 1 0))
s>    ( QUESTION0_0_R 1 3.103e+02 2.620e+01 2.610e+01
s>        ( - 2.973e+01 2 0)
s>        ( - 2.544e+02 1 0))INFO: dtree.c(1315): Comp split 59
INFO: dtree.c(1439): stop. leaf nodes are specific
INFO: dtree.c(1478): Final simple tree
|( QUESTION0_17_R 1 8.791e+01 2.488e+01 9.000e+00
|    ( - 1.658e+01 1 0)
|    ( - 4.645e+01 1 0))
s>    ( QUESTION0_17_R 1 8.791e+01 2.488e+01 9.000e+00
s>        ( - 1.658e+01 1 0)
s>        ( - 4.645e+01 1 0))INFO: dtree.c(1315): Comp split 60
INFO: dtree.c(1315): Comp split 61
INFO: dtree.c(1315): Comp split 62
INFO: dtree.c(1315): Comp split 63
INFO: dtree.c(1315): Comp split 64
INFO: dtree.c(1315): Comp split 65
INFO: dtree.c(1315): Comp split 66
INFO: dtree.c(1315): Comp split 67
INFO: dtree.c(1315): Comp split 68
INFO: dtree.c(1315): Comp split 69
INFO: dtree.c(1315): Comp split 70
INFO: dtree.c(1315): Comp split 71
INFO: dtree.c(1318): stop. leaf nodes are specific
Fri Nov  2 10:06:11 2018
