Current configuration:
[NAME]		[DEFLT]	[VALUE]
-allphones	no	no
-cntthresh	0.00001	1.000000e-05
-csplitmax	100	2000
-csplitmin	1	1
-csplitthr	8e-4	0.000000e+00
-example	no	no
-fullvar	no	no
-help		no	no
-meanfn			
-mixwfn			/home/sdv/Documents/SDV/SDVoice/an4/model_parameters/an4.cd_semi_untied/mixture_weights
-moddeffn		/home/sdv/Documents/SDV/SDVoice/an4/model_architecture/an4.untied.mdef
-mwfloor	1e-4	1.000000e-08
-phone			R
-psetfn			/home/sdv/Documents/SDV/SDVoice/an4/model_architecture/an4.tree_questions
-ssplitmax	5	7
-ssplitmin	1	1
-ssplitthr	8e-4	0.000000e+00
-state			0
-stwt			1.0,0.05,0.0,
-treefn			/home/sdv/Documents/SDV/SDVoice/an4/trees/an4.unpruned/R-0.dtree
-ts2cbfn	.semi.	.semi.
-varfloor	0.00001	1.000000e-05
-varfn			

INFO: main.c(223): Reading: /home/sdv/Documents/SDV/SDVoice/an4/model_architecture/an4.untied.mdef
INFO: model_def_io.c(573): Model definition info:
INFO: model_def_io.c(574): 1618 total models defined (34 base, 1584 tri)
INFO: model_def_io.c(575): 6472 total states
INFO: model_def_io.c(576): 4854 total tied states
INFO: model_def_io.c(577): 102 total tied CI states
INFO: model_def_io.c(578): 34 total tied transition matrices
INFO: model_def_io.c(579): 4 max state/model
INFO: model_def_io.c(580): 4 min state/model
INFO: main.c(242): Building trees for [R AA AA e] through [R TH IY i]
INFO: main.c(269): Covering states |[3630 3758]| == 129
INFO: main.c(275): Reading: /home/sdv/Documents/SDV/SDVoice/an4/model_parameters/an4.cd_semi_untied/mixture_weights
INFO: s3mixw_io.c(173): Read /home/sdv/Documents/SDV/SDVoice/an4/model_parameters/an4.cd_semi_untied/mixture_weights [129x4x256 array]
INFO: main.c(311): 43 of 43 models have observation count greater than 0.000010
INFO: main.c(95): nrm stwt: 0.952 0.048 0.000 
INFO: main.c(411): 43-class entropy: 5.521943e+04
INFO: main.c(549): Reading: /home/sdv/Documents/SDV/SDVoice/an4/model_architecture/an4.tree_questions
INFO: main.c(588): 176 total simple questions (168 phone; 8 word bndry)
INFO: main.c(590): 42 Left Only questions, and 42 Right Only questions
INFO: dtree.c(1478): Final simple tree
|( QUESTION2_0_L -1 7.699e+04 5.631e+03 3.095e+03
|    ( QUESTION10 1 3.597e+04 1.237e+03 1.587e+03
|        ( QUESTION0_18_R 1 1.303e+04 8.917e+02 6.276e+02
|            ( - 4.212e+03 2 0 WDBNDRY_E 0 1.110e+02 2.285e+02)
|            ( - 7.931e+03 13 0 QUESTION0_17_R 1 4.609e+02 3.991e+02))
|        ( SILENCE 1 2.170e+04 9.955e+02 9.599e+02
|            ( - 4.567e+03 2 0)
|            ( - 1.614e+04 19 0 QUESTION15 1 7.333e+02 7.317e+02)))
|    ( QUESTION17 1 3.538e+04 2.812e+03 1.508e+03
|        ( - 1.117e+04 4 0 QUESTION0_10_R 1 5.101e+02 5.256e+02)
|        ( QUESTION0_8_R 1 2.140e+04 1.517e+03 9.822e+02
|            ( - 8.369e+03 1 0)
|            ( QUESTION0_0_R 1 1.151e+04 8.327e+02 5.344e+02
|                ( - 4.905e+03 1 0)
|                ( - 5.775e+03 1 0)))))
s>    ( QUESTION2_0_L -1 7.699e+04 5.631e+03 3.095e+03
s>        ( QUESTION10 1 3.597e+04 1.237e+03 1.587e+03
s>            ( QUESTION0_18_R 1 1.303e+04 8.917e+02 6.276e+02
s>                ( - 4.212e+03 2 0 WDBNDRY_E 0 1.110e+02 2.285e+02)
s>                ( - 7.931e+03 13 0 QUESTION0_17_R 1 4.609e+02 3.991e+02))
s>            ( SILENCE 1 2.170e+04 9.955e+02 9.599e+02
s>                ( - 4.567e+03 2 0)
s>                ( - 1.614e+04 19 0 QUESTION15 1 7.333e+02 7.317e+02)))
s>        ( QUESTION17 1 3.538e+04 2.812e+03 1.508e+03
s>            ( - 1.117e+04 4 0 QUESTION0_10_R 1 5.101e+02 5.256e+02)
s>            ( QUESTION0_8_R 1 2.140e+04 1.517e+03 9.822e+02
s>                ( - 8.369e+03 1 0)
s>                ( QUESTION0_0_R 1 1.151e+04 8.327e+02 5.344e+02
s>                    ( - 4.905e+03 1 0)
s>                    ( - 5.775e+03 1 0)))))INFO: dtree.c(1315): Comp split 0
INFO: dtree.c(1439): stop. leaf nodes are specific
INFO: dtree.c(1478): Final simple tree
|( QUESTION17 1 3.538e+04 2.812e+03 1.508e+03
|    ( QUESTION0_10_R 1 1.117e+04 5.101e+02 5.256e+02
|        ( WDBNDRY_B 0 9.512e+03 5.331e+01 4.560e+02
|            ( - 9.451e+03 1 0)
|            ( QUESTION2_14_L -1 8.000e+00 8.000e+00 2.000e+00
|                ( - 0.000e+00 1 0)
|                ( - 0.000e+00 1 0)))
|        ( - 1.150e+03 1 0))
|    ( QUESTION0_8_R 1 2.140e+04 1.517e+03 9.822e+02
|        ( - 8.369e+03 1 0)
|        ( QUESTION0_0_R 1 1.151e+04 8.327e+02 5.344e+02
|            ( - 4.905e+03 1 0)
|            ( - 5.775e+03 1 0))))
s>    ( QUESTION17 1 3.538e+04 2.812e+03 1.508e+03
s>        ( QUESTION0_10_R 1 1.117e+04 5.101e+02 5.256e+02
s>            ( WDBNDRY_B 0 9.512e+03 5.331e+01 4.560e+02
s>                ( - 9.451e+03 1 0)
s>                ( QUESTION2_14_L -1 8.000e+00 8.000e+00 2.000e+00
s>                    ( - 0.000e+00 1 0)
s>                    ( - 0.000e+00 1 0)))
s>            ( - 1.150e+03 1 0))
s>        ( QUESTION0_8_R 1 2.140e+04 1.517e+03 9.822e+02
s>            ( - 8.369e+03 1 0)
s>            ( QUESTION0_0_R 1 1.151e+04 8.327e+02 5.344e+02
s>                ( - 4.905e+03 1 0)
s>                ( - 5.775e+03 1 0))))INFO: dtree.c(1478): Final simple tree
|( QUESTION10 1 3.597e+04 1.237e+03 1.587e+03
|    ( QUESTION0_18_R 1 1.303e+04 8.917e+02 6.276e+02
|        ( - 4.212e+03 2 0 WDBNDRY_E 0 1.110e+02 2.285e+02)
|        ( QUESTION0_17_R 1 7.931e+03 4.609e+02 3.991e+02
|            ( - 3.448e+03 4 0 WDBNDRY_E 0 2.761e+02 1.954e+02)
|            ( - 4.022e+03 9 0 QUESTION11 1 2.603e+02 2.037e+02)))
|    ( SILENCE 1 2.170e+04 9.955e+02 9.599e+02
|        ( - 4.567e+03 2 0)
|        ( QUESTION15 1 1.614e+04 7.333e+02 7.317e+02
|            ( QUESTION0_1_R 1 7.841e+03 5.295e+02 3.693e+02
|                ( - 4.485e+03 4 0 QUESTION0_5_R 1 3.173e+02 2.206e+02)
|                ( - 2.827e+03 3 0 QUESTION0_12_R 1 2.714e+02 1.487e+02))
|            ( QUESTION7 1 7.564e+03 5.994e+02 3.623e+02
|                ( - 1.964e+03 4 0 QUESTION0_0_R 1 1.948e+02 1.136e+02)
|                ( - 5.001e+03 8 0 QUESTION0_0_R 1 3.645e+02 2.488e+02)))))
s>    ( QUESTION10 1 3.597e+04 1.237e+03 1.587e+03
s>        ( QUESTION0_18_R 1 1.303e+04 8.917e+02 6.276e+02
s>            ( - 4.212e+03 2 0 WDBNDRY_E 0 1.110e+02 2.285e+02)
s>            ( QUESTION0_17_R 1 7.931e+03 4.609e+02 3.991e+02
s>                ( - 3.448e+03 4 0 WDBNDRY_E 0 2.761e+02 1.954e+02)
s>                ( - 4.022e+03 9 0 QUESTION11 1 2.603e+02 2.037e+02)))
s>        ( SILENCE 1 2.170e+04 9.955e+02 9.599e+02
s>            ( - 4.567e+03 2 0)
s>            ( QUESTION15 1 1.614e+04 7.333e+02 7.317e+02
s>                ( QUESTION0_1_R 1 7.841e+03 5.295e+02 3.693e+02
s>                    ( - 4.485e+03 4 0 QUESTION0_5_R 1 3.173e+02 2.206e+02)
s>                    ( - 2.827e+03 3 0 QUESTION0_12_R 1 2.714e+02 1.487e+02))
s>                ( QUESTION7 1 7.564e+03 5.994e+02 3.623e+02
s>                    ( - 1.964e+03 4 0 QUESTION0_0_R 1 1.948e+02 1.136e+02)
s>                    ( - 5.001e+03 8 0 QUESTION0_0_R 1 3.645e+02 2.488e+02)))))INFO: dtree.c(1315): Comp split 1
INFO: dtree.c(1439): stop. leaf nodes are specific
INFO: dtree.c(1478): Final simple tree
|( QUESTION0_10_R 1 1.117e+04 5.101e+02 5.256e+02
|    ( WDBNDRY_B 0 9.512e+03 5.331e+01 4.560e+02
|        ( - 9.451e+03 1 0)
|        ( QUESTION2_14_L -1 8.000e+00 8.000e+00 2.000e+00
|            ( - 0.000e+00 1 0)
|            ( - 0.000e+00 1 0)))
|    ( - 1.150e+03 1 0))
s>    ( QUESTION0_10_R 1 1.117e+04 5.101e+02 5.256e+02
s>        ( WDBNDRY_B 0 9.512e+03 5.331e+01 4.560e+02
s>            ( - 9.451e+03 1 0)
s>            ( QUESTION2_14_L -1 8.000e+00 8.000e+00 2.000e+00
s>                ( - 0.000e+00 1 0)
s>                ( - 0.000e+00 1 0)))
s>        ( - 1.150e+03 1 0))INFO: dtree.c(1439): stop. leaf nodes are specific
INFO: dtree.c(1478): Final simple tree
|( QUESTION0_8_R 1 2.140e+04 1.517e+03 9.822e+02
|    ( - 8.369e+03 1 0)
|    ( QUESTION0_0_R 1 1.151e+04 8.327e+02 5.344e+02
|        ( - 4.905e+03 1 0)
|        ( - 5.775e+03 1 0)))
s>    ( QUESTION0_8_R 1 2.140e+04 1.517e+03 9.822e+02
s>        ( - 8.369e+03 1 0)
s>        ( QUESTION0_0_R 1 1.151e+04 8.327e+02 5.344e+02
s>            ( - 4.905e+03 1 0)
s>            ( - 5.775e+03 1 0)))INFO: dtree.c(1315): Comp split 2
INFO: dtree.c(1439): stop. leaf nodes are specific
INFO: dtree.c(1478): Final simple tree
|( QUESTION0_0_R 1 1.151e+04 8.327e+02 5.344e+02
|    ( - 4.905e+03 1 0)
|    ( - 5.775e+03 1 0))
s>    ( QUESTION0_0_R 1 1.151e+04 8.327e+02 5.344e+02
s>        ( - 4.905e+03 1 0)
s>        ( - 5.775e+03 1 0))INFO: dtree.c(1315): Comp split 3
INFO: dtree.c(1478): Final simple tree
|( QUESTION10 1 1.614e+04 1.029e+03 7.409e+02
|    ( QUESTION0_17_R 1 7.931e+03 4.609e+02 3.991e+02
|        ( WDBNDRY_E 0 3.448e+03 2.761e+02 1.954e+02
|            ( - 1.190e+03 2 0)
|            ( - 1.983e+03 2 0))
|        ( QUESTION11 1 4.022e+03 2.603e+02 2.037e+02
|            ( - 2.827e+03 5 0)
|            ( QUESTION0_10_R 1 9.347e+02 1.515e+02 5.494e+01
|                ( - 4.071e+02 1 0)
|                ( - 3.762e+02 3 0 WDBNDRY_E 0 4.257e+01 2.700e+01))))
|    ( SILENCE 1 7.176e+03 6.452e+02 3.418e+02
|        ( - 4.567e+03 2 0)
|        ( QUESTION0_0_R 1 1.964e+03 1.948e+02 1.136e+02
|            ( - 2.172e+02 2 0 QUESTION0_2_R 1 2.597e+01 1.700e+01)
|            ( - 1.552e+03 2 0))))
s>    ( QUESTION10 1 1.614e+04 1.029e+03 7.409e+02
s>        ( QUESTION0_17_R 1 7.931e+03 4.609e+02 3.991e+02
s>            ( WDBNDRY_E 0 3.448e+03 2.761e+02 1.954e+02
s>                ( - 1.190e+03 2 0)
s>                ( - 1.983e+03 2 0))
s>            ( QUESTION11 1 4.022e+03 2.603e+02 2.037e+02
s>                ( - 2.827e+03 5 0)
s>                ( QUESTION0_10_R 1 9.347e+02 1.515e+02 5.494e+01
s>                    ( - 4.071e+02 1 0)
s>                    ( - 3.762e+02 3 0 WDBNDRY_E 0 4.257e+01 2.700e+01))))
s>        ( SILENCE 1 7.176e+03 6.452e+02 3.418e+02
s>            ( - 4.567e+03 2 0)
s>            ( QUESTION0_0_R 1 1.964e+03 1.948e+02 1.136e+02
s>                ( - 2.172e+02 2 0 QUESTION0_2_R 1 2.597e+01 1.700e+01)
s>                ( - 1.552e+03 2 0))))INFO: dtree.c(1478): Final simple tree
|( QUESTION16 1 1.835e+04 8.457e+02 8.466e+02
|    ( QUESTION0_5_R 1 5.085e+03 3.717e+02 2.468e+02
|        ( - 3.019e+03 3 0)
|        ( - 1.694e+03 2 0 QUESTION0_1_R 1 2.100e+02 9.383e+01))
|    ( QUESTION14 1 1.242e+04 6.078e+02 5.998e+02
|        ( WDBNDRY_E 0 3.903e+03 3.164e+02 2.009e+02
|            ( QUESTION0_0_R 1 2.717e+03 2.577e+02 1.449e+02
|                ( - 1.860e+03 2 0)
|                ( - 5.997e+02 2 0))
|            ( - 8.693e+02 1 0))
|        ( QUESTION0_14_R 1 7.913e+03 4.480e+02 3.989e+02
|            ( - 5.104e+03 4 0 QUESTION0_15_R 1 2.325e+02 2.714e+02)
|            ( QUESTION0_13_R 1 2.361e+03 2.422e+02 1.275e+02
|                ( - 1.248e+03 1 0)
|                ( - 8.710e+02 2 0 QUESTION0_0_R 1 7.545e+01 5.626e+01)))))
s>    ( QUESTION16 1 1.835e+04 8.457e+02 8.466e+02
s>        ( QUESTION0_5_R 1 5.085e+03 3.717e+02 2.468e+02
s>            ( - 3.019e+03 3 0)
s>            ( - 1.694e+03 2 0 QUESTION0_1_R 1 2.100e+02 9.383e+01))
s>        ( QUESTION14 1 1.242e+04 6.078e+02 5.998e+02
s>            ( WDBNDRY_E 0 3.903e+03 3.164e+02 2.009e+02
s>                ( QUESTION0_0_R 1 2.717e+03 2.577e+02 1.449e+02
s>                    ( - 1.860e+03 2 0)
s>                    ( - 5.997e+02 2 0))
s>                ( - 8.693e+02 1 0))
s>            ( QUESTION0_14_R 1 7.913e+03 4.480e+02 3.989e+02
s>                ( - 5.104e+03 4 0 QUESTION0_15_R 1 2.325e+02 2.714e+02)
s>                ( QUESTION0_13_R 1 2.361e+03 2.422e+02 1.275e+02
s>                    ( - 1.248e+03 1 0)
s>                    ( - 8.710e+02 2 0 QUESTION0_0_R 1 7.545e+01 5.626e+01)))))INFO: dtree.c(1315): Comp split 4
INFO: dtree.c(1478): Final simple tree
|( QUESTION0_20_R 1 8.323e+03 4.660e+02 4.161e+02
|    ( QUESTION11 1 3.399e+03 1.958e+02 1.758e+02
|        ( - 2.827e+03 5 0)
|        ( WDBNDRY_E 0 3.762e+02 4.257e+01 2.700e+01
|            ( - 3.231e+02 2 0)
|            ( - 1.046e+01 1 0)))
|    ( WDBNDRY_E 0 4.458e+03 3.387e+02 2.403e+02
|        ( QUESTION0_17_R 1 2.137e+03 2.012e+02 1.184e+02
|            ( - 1.190e+03 2 0)
|            ( QUESTION0_0_R 1 7.460e+02 1.217e+02 4.494e+01
|                ( QUESTION0_2_R 1 2.172e+02 2.597e+01 1.700e+01
|                    ( - 1.872e+02 1 0)
|                    ( - 4.000e+00 1 0))
|                ( - 4.071e+02 1 0)))
|        ( - 1.983e+03 2 0)))
s>    ( QUESTION0_20_R 1 8.323e+03 4.660e+02 4.161e+02
s>        ( QUESTION11 1 3.399e+03 1.958e+02 1.758e+02
s>            ( - 2.827e+03 5 0)
s>            ( WDBNDRY_E 0 3.762e+02 4.257e+01 2.700e+01
s>                ( - 3.231e+02 2 0)
s>                ( - 1.046e+01 1 0)))
s>        ( WDBNDRY_E 0 4.458e+03 3.387e+02 2.403e+02
s>            ( QUESTION0_17_R 1 2.137e+03 2.012e+02 1.184e+02
s>                ( - 1.190e+03 2 0)
s>                ( QUESTION0_0_R 1 7.460e+02 1.217e+02 4.494e+01
s>                    ( QUESTION0_2_R 1 2.172e+02 2.597e+01 1.700e+01
s>                        ( - 1.872e+02 1 0)
s>                        ( - 4.000e+00 1 0))
s>                    ( - 4.071e+02 1 0)))
s>            ( - 1.983e+03 2 0)))INFO: dtree.c(1439): stop. leaf nodes are specific
INFO: dtree.c(1478): Final simple tree
|( SILENCE 1 6.738e+03 6.184e+02 3.248e+02
|    ( - 4.567e+03 2 0)
|    ( - 1.552e+03 2 0))
s>    ( SILENCE 1 6.738e+03 6.184e+02 3.248e+02
s>        ( - 4.567e+03 2 0)
s>        ( - 1.552e+03 2 0))INFO: dtree.c(1315): Comp split 5
INFO: dtree.c(1439): stop. leaf nodes are specific
INFO: dtree.c(1478): Final simple tree
|( QUESTION0_14_R 1 8.535e+03 4.334e+02 4.345e+02
|    ( QUESTION0_15_R 1 5.104e+03 2.325e+02 2.714e+02
|        ( - 6.592e+02 2 0)
|        ( WDBNDRY_E 0 4.212e+03 1.110e+02 2.285e+02
|            ( - 4.042e+03 1 0)
|            ( - 5.901e+01 1 0)))
|    ( QUESTION0_8_R 1 2.998e+03 2.675e+02 1.631e+02
|        ( - 1.860e+03 2 0)
|        ( QUESTION0_0_R 1 8.710e+02 7.545e+01 5.626e+01
|            ( - 2.955e+01 1 0)
|            ( - 7.660e+02 1 0))))
s>    ( QUESTION0_14_R 1 8.535e+03 4.334e+02 4.345e+02
s>        ( QUESTION0_15_R 1 5.104e+03 2.325e+02 2.714e+02
s>            ( - 6.592e+02 2 0)
s>            ( WDBNDRY_E 0 4.212e+03 1.110e+02 2.285e+02
s>                ( - 4.042e+03 1 0)
s>                ( - 5.901e+01 1 0)))
s>        ( QUESTION0_8_R 1 2.998e+03 2.675e+02 1.631e+02
s>            ( - 1.860e+03 2 0)
s>            ( QUESTION0_0_R 1 8.710e+02 7.545e+01 5.626e+01
s>                ( - 2.955e+01 1 0)
s>                ( - 7.660e+02 1 0))))INFO: dtree.c(1439): stop. leaf nodes are specific
INFO: dtree.c(1478): Final simple tree
|( QUESTION16 1 8.907e+03 5.262e+02 4.121e+02
|    ( QUESTION0_5_R 1 5.085e+03 3.717e+02 2.468e+02
|        ( - 3.019e+03 3 0)
|        ( QUESTION0_1_R 1 1.694e+03 2.100e+02 9.383e+01
|            ( - 1.148e+03 1 0)
|            ( - 3.359e+02 1 0)))
|    ( QUESTION0_13_R 1 3.295e+03 3.616e+02 1.653e+02
|        ( - 1.248e+03 1 0)
|        ( WDBNDRY_E 0 1.686e+03 2.165e+02 9.404e+01
|            ( - 5.997e+02 2 0)
|            ( - 8.693e+02 1 0))))
s>    ( QUESTION16 1 8.907e+03 5.262e+02 4.121e+02
s>        ( QUESTION0_5_R 1 5.085e+03 3.717e+02 2.468e+02
s>            ( - 3.019e+03 3 0)
s>            ( QUESTION0_1_R 1 1.694e+03 2.100e+02 9.383e+01
s>                ( - 1.148e+03 1 0)
s>                ( - 3.359e+02 1 0)))
s>        ( QUESTION0_13_R 1 3.295e+03 3.616e+02 1.653e+02
s>            ( - 1.248e+03 1 0)
s>            ( WDBNDRY_E 0 1.686e+03 2.165e+02 9.404e+01
s>                ( - 5.997e+02 2 0)
s>                ( - 8.693e+02 1 0))))INFO: dtree.c(1315): Comp split 6
INFO: dtree.c(1315): Comp split 7
INFO: dtree.c(1315): Comp split 8
INFO: dtree.c(1439): stop. leaf nodes are specific
INFO: dtree.c(1478): Final simple tree
|( QUESTION0_1_R 1 3.224e+03 2.863e+02 1.651e+02
|    ( - 1.148e+03 1 0)
|    ( QUESTION0_0_R 1 1.789e+03 2.053e+02 9.748e+01
|        ( - 3.359e+02 1 0)
|        ( - 1.248e+03 1 0)))
s>    ( QUESTION0_1_R 1 3.224e+03 2.863e+02 1.651e+02
s>        ( - 1.148e+03 1 0)
s>        ( QUESTION0_0_R 1 1.789e+03 2.053e+02 9.748e+01
s>            ( - 3.359e+02 1 0)
s>            ( - 1.248e+03 1 0)))INFO: dtree.c(1439): stop. leaf nodes are specific
INFO: dtree.c(1478): Final simple tree
|( QUESTION0_1_R 1 5.121e+03 4.160e+02 2.470e+02
|    ( - 3.019e+03 3 0)
|    ( WDBNDRY_E 0 1.686e+03 2.165e+02 9.404e+01
|        ( - 5.997e+02 2 0)
|        ( - 8.693e+02 1 0)))
s>    ( QUESTION0_1_R 1 5.121e+03 4.160e+02 2.470e+02
s>        ( - 3.019e+03 3 0)
s>        ( WDBNDRY_E 0 1.686e+03 2.165e+02 9.404e+01
s>            ( - 5.997e+02 2 0)
s>            ( - 8.693e+02 1 0)))INFO: dtree.c(1315): Comp split 9
INFO: dtree.c(1439): stop. leaf nodes are specific
INFO: dtree.c(1478): Final simple tree
|( WDBNDRY_B 0 1.209e+03 5.048e+01 7.159e+01
|    ( - 1.150e+03 1 0)
|    ( QUESTION2_14_L -1 8.000e+00 8.000e+00 2.000e+00
|        ( - 0.000e+00 1 0)
|        ( - 0.000e+00 1 0)))
s>    ( WDBNDRY_B 0 1.209e+03 5.048e+01 7.159e+01
s>        ( - 1.150e+03 1 0)
s>        ( QUESTION2_14_L -1 8.000e+00 8.000e+00 2.000e+00
s>            ( - 0.000e+00 1 0)
s>            ( - 0.000e+00 1 0)))INFO: dtree.c(1315): Comp split 10
INFO: dtree.c(1439): stop. leaf nodes are specific
INFO: dtree.c(1478): Final simple tree
|( QUESTION11 1 3.966e+03 2.613e+02 2.007e+02
|    ( - 2.827e+03 5 0)
|    ( QUESTION0_10_R 1 8.780e+02 1.478e+02 5.194e+01
|        ( - 4.071e+02 1 0)
|        ( - 3.231e+02 2 0)))
s>    ( QUESTION11 1 3.966e+03 2.613e+02 2.007e+02
s>        ( - 2.827e+03 5 0)
s>        ( QUESTION0_10_R 1 8.780e+02 1.478e+02 5.194e+01
s>            ( - 4.071e+02 1 0)
s>            ( - 3.231e+02 2 0)))INFO: dtree.c(1439): stop. leaf nodes are specific
INFO: dtree.c(1478): Final simple tree
|( WDBNDRY_E 0 3.872e+03 2.854e+02 2.154e+02
|    ( QUESTION0_2_R 1 1.553e+03 1.466e+02 9.049e+01
|        ( - 1.872e+02 1 0)
|        ( QUESTION0_0_R 1 1.219e+03 2.566e+01 7.549e+01
|            ( - 4.000e+00 1 0)
|            ( - 1.190e+03 2 0)))
|    ( QUESTION0_10_R 1 2.034e+03 4.052e+01 1.249e+02
|        ( - 1.983e+03 2 0)
|        ( - 1.046e+01 1 0)))
s>    ( WDBNDRY_E 0 3.872e+03 2.854e+02 2.154e+02
s>        ( QUESTION0_2_R 1 1.553e+03 1.466e+02 9.049e+01
s>            ( - 1.872e+02 1 0)
s>            ( QUESTION0_0_R 1 1.219e+03 2.566e+01 7.549e+01
s>                ( - 4.000e+00 1 0)
s>                ( - 1.190e+03 2 0)))
s>        ( QUESTION0_10_R 1 2.034e+03 4.052e+01 1.249e+02
s>            ( - 1.983e+03 2 0)
s>            ( - 1.046e+01 1 0)))INFO: dtree.c(1315): Comp split 11
INFO: dtree.c(1439): stop. leaf nodes are specific
INFO: dtree.c(1478): Final simple tree
|( QUESTION0_8_R 1 2.998e+03 2.675e+02 1.631e+02
|    ( - 1.860e+03 2 0)
|    ( QUESTION0_0_R 1 8.710e+02 7.545e+01 5.626e+01
|        ( - 2.955e+01 1 0)
|        ( - 7.660e+02 1 0)))
s>    ( QUESTION0_8_R 1 2.998e+03 2.675e+02 1.631e+02
s>        ( - 1.860e+03 2 0)
s>        ( QUESTION0_0_R 1 8.710e+02 7.545e+01 5.626e+01
s>            ( - 2.955e+01 1 0)
s>            ( - 7.660e+02 1 0)))INFO: dtree.c(1439): stop. leaf nodes are specific
INFO: dtree.c(1478): Final simple tree
|( QUESTION0_15_R 1 5.104e+03 2.325e+02 2.714e+02
|    ( - 6.592e+02 2 0)
|    ( WDBNDRY_E 0 4.212e+03 1.110e+02 2.285e+02
|        ( - 4.042e+03 1 0)
|        ( - 5.901e+01 1 0)))
s>    ( QUESTION0_15_R 1 5.104e+03 2.325e+02 2.714e+02
s>        ( - 6.592e+02 2 0)
s>        ( WDBNDRY_E 0 4.212e+03 1.110e+02 2.285e+02
s>            ( - 4.042e+03 1 0)
s>            ( - 5.901e+01 1 0)))INFO: dtree.c(1315): Comp split 12
INFO: dtree.c(1439): stop. leaf nodes are specific
INFO: dtree.c(1478): Final simple tree
|( WDBNDRY_E 0 1.686e+03 2.165e+02 9.404e+01
|    ( - 5.997e+02 2 0)
|    ( - 8.693e+02 1 0))
s>    ( WDBNDRY_E 0 1.686e+03 2.165e+02 9.404e+01
s>        ( - 5.997e+02 2 0)
s>        ( - 8.693e+02 1 0))INFO: dtree.c(1315): Comp split 13
INFO: dtree.c(1439): stop. leaf nodes are specific
INFO: dtree.c(1478): Final simple tree
|( QUESTION0_10_R 1 1.264e+03 4.898e+01 7.849e+01
|    ( - 1.190e+03 2 0)
|    ( WDBNDRY_E 0 2.544e+01 1.099e+01 5.000e+00
|        ( - 4.000e+00 1 0)
|        ( - 1.046e+01 1 0)))
s>    ( QUESTION0_10_R 1 1.264e+03 4.898e+01 7.849e+01
s>        ( - 1.190e+03 2 0)
s>        ( WDBNDRY_E 0 2.544e+01 1.099e+01 5.000e+00
s>            ( - 4.000e+00 1 0)
s>            ( - 1.046e+01 1 0)))INFO: dtree.c(1439): stop. leaf nodes are specific
INFO: dtree.c(1478): Final simple tree
|( WDBNDRY_E 0 2.309e+03 1.388e+02 1.369e+02
|    ( - 1.872e+02 1 0)
|    ( - 1.983e+03 2 0))
s>    ( WDBNDRY_E 0 2.309e+03 1.388e+02 1.369e+02
s>        ( - 1.872e+02 1 0)
s>        ( - 1.983e+03 2 0))INFO: dtree.c(1315): Comp split 14
INFO: dtree.c(1439): stop. leaf nodes are specific
INFO: dtree.c(1478): Final simple tree
|( QUESTION0_0_R 1 1.789e+03 2.053e+02 9.748e+01
|    ( - 3.359e+02 1 0)
|    ( - 1.248e+03 1 0))
s>    ( QUESTION0_0_R 1 1.789e+03 2.053e+02 9.748e+01
s>        ( - 3.359e+02 1 0)
s>        ( - 1.248e+03 1 0))INFO: dtree.c(1315): Comp split 15
INFO: dtree.c(1439): stop. leaf nodes are specific
INFO: dtree.c(1478): Final simple tree
|( QUESTION0_0_R 1 8.710e+02 7.545e+01 5.626e+01
|    ( - 2.955e+01 1 0)
|    ( - 7.660e+02 1 0))
s>    ( QUESTION0_0_R 1 8.710e+02 7.545e+01 5.626e+01
s>        ( - 2.955e+01 1 0)
s>        ( - 7.660e+02 1 0))INFO: dtree.c(1315): Comp split 16
INFO: dtree.c(1439): stop. leaf nodes are specific
INFO: dtree.c(1478): Final simple tree
|( QUESTION0_10_R 1 8.780e+02 1.478e+02 5.194e+01
|    ( - 4.071e+02 1 0)
|    ( - 3.231e+02 2 0))
s>    ( QUESTION0_10_R 1 8.780e+02 1.478e+02 5.194e+01
s>        ( - 4.071e+02 1 0)
s>        ( - 3.231e+02 2 0))INFO: dtree.c(1315): Comp split 17
INFO: dtree.c(1439): stop. leaf nodes are specific
INFO: dtree.c(1478): Final simple tree
|( WDBNDRY_E 0 8.147e+02 9.647e+01 4.987e+01
|    ( - 6.592e+02 2 0)
|    ( - 5.901e+01 1 0))
s>    ( WDBNDRY_E 0 8.147e+02 9.647e+01 4.987e+01
s>        ( - 6.592e+02 2 0)
s>        ( - 5.901e+01 1 0))INFO: dtree.c(1315): Comp split 18
INFO: dtree.c(1315): Comp split 19
INFO: dtree.c(1315): Comp split 20
INFO: dtree.c(1315): Comp split 21
INFO: dtree.c(1315): Comp split 22
INFO: dtree.c(1315): Comp split 23
INFO: dtree.c(1315): Comp split 24
INFO: dtree.c(1439): stop. leaf nodes are specific
INFO: dtree.c(1478): Final simple tree
|( QUESTION2_14_L -1 8.000e+00 8.000e+00 2.000e+00
|    ( - 0.000e+00 1 0)
|    ( - 0.000e+00 1 0))
s>    ( QUESTION2_14_L -1 8.000e+00 8.000e+00 2.000e+00
s>        ( - 0.000e+00 1 0)
s>        ( - 0.000e+00 1 0))INFO: dtree.c(1315): Comp split 25
INFO: dtree.c(1439): stop. leaf nodes are specific
INFO: dtree.c(1478): Final simple tree
|( WDBNDRY_E 0 2.544e+01 1.099e+01 5.000e+00
|    ( - 4.000e+00 1 0)
|    ( - 1.046e+01 1 0))
s>    ( WDBNDRY_E 0 2.544e+01 1.099e+01 5.000e+00
s>        ( - 4.000e+00 1 0)
s>        ( - 1.046e+01 1 0))INFO: dtree.c(1315): Comp split 26
INFO: dtree.c(1315): Comp split 27
INFO: dtree.c(1315): Comp split 28
INFO: dtree.c(1318): stop. leaf nodes are specific
Fri Nov  2 10:07:33 2018
