Current configuration:
[NAME]		[DEFLT]	[VALUE]
-allphones	no	no
-cntthresh	0.00001	1.000000e-05
-csplitmax	100	2000
-csplitmin	1	1
-csplitthr	8e-4	0.000000e+00
-example	no	no
-fullvar	no	no
-help		no	no
-meanfn			
-mixwfn			/home/sdv/Documents/SDV/SDVoice/an4/model_parameters/an4.cd_semi_untied/mixture_weights
-moddeffn		/home/sdv/Documents/SDV/SDVoice/an4/model_architecture/an4.untied.mdef
-mwfloor	1e-4	1.000000e-08
-phone			ER
-psetfn			/home/sdv/Documents/SDV/SDVoice/an4/model_architecture/an4.tree_questions
-ssplitmax	5	7
-ssplitmin	1	1
-ssplitthr	8e-4	0.000000e+00
-state			1
-stwt			1.0,0.05,0.0,
-treefn			/home/sdv/Documents/SDV/SDVoice/an4/trees/an4.unpruned/ER-1.dtree
-ts2cbfn	.semi.	.semi.
-varfloor	0.00001	1.000000e-05
-varfn			

INFO: main.c(223): Reading: /home/sdv/Documents/SDV/SDVoice/an4/model_architecture/an4.untied.mdef
INFO: model_def_io.c(573): Model definition info:
INFO: model_def_io.c(574): 1618 total models defined (34 base, 1584 tri)
INFO: model_def_io.c(575): 6472 total states
INFO: model_def_io.c(576): 4854 total tied states
INFO: model_def_io.c(577): 102 total tied CI states
INFO: model_def_io.c(578): 34 total tied transition matrices
INFO: model_def_io.c(579): 4 max state/model
INFO: model_def_io.c(580): 4 min state/model
INFO: main.c(242): Building trees for [ER B EY e] through [ER TH T i]
INFO: main.c(269): Covering states |[1272 1325]| == 54
INFO: main.c(275): Reading: /home/sdv/Documents/SDV/SDVoice/an4/model_parameters/an4.cd_semi_untied/mixture_weights
INFO: s3mixw_io.c(173): Read /home/sdv/Documents/SDV/SDVoice/an4/model_parameters/an4.cd_semi_untied/mixture_weights [54x4x256 array]
INFO: main.c(311): 18 of 18 models have observation count greater than 0.000010
INFO: main.c(95): nrm stwt: 0.045 0.909 0.045 
INFO: main.c(411): 18-class entropy: 1.758564e+04
INFO: main.c(549): Reading: /home/sdv/Documents/SDV/SDVoice/an4/model_architecture/an4.tree_questions
INFO: main.c(588): 176 total simple questions (168 phone; 8 word bndry)
INFO: main.c(590): 42 Left Only questions, and 42 Right Only questions
INFO: dtree.c(1478): Final simple tree
|( QUESTION2_18_L -1 2.172e+04 9.083e+02 1.003e+03
|    ( QUESTION1 -1 6.024e+03 4.525e+02 2.972e+02
|        ( WDBNDRY_E 0 1.091e+03 1.962e+02 5.901e+01
|            ( - 4.419e+02 6 0 QUESTION11 1 8.885e+01 2.904e+01)
|            ( - 4.528e+02 1 0))
|        ( - 4.481e+03 2 0 QUESTION0_15_R 1 1.496e+02 2.381e+02))
|    ( QUESTION11 1 1.479e+04 5.042e+02 7.054e+02
|        ( WDBNDRY_E 0 8.332e+03 2.281e+02 3.999e+02
|            ( - 7.852e+03 3 0)
|            ( - 2.515e+02 1 0))
|        ( QUESTION10 1 5.954e+03 3.425e+02 3.054e+02
|            ( - 1.907e+03 2 0 QUESTION0_10_R 1 1.881e+02 1.075e+02)
|            ( QUESTION0_0_R 1 3.705e+03 2.527e+02 1.980e+02
|                ( - 9.570e+02 1 0)
|                ( - 2.495e+03 2 0 QUESTION0_10_R 1 1.854e+02 1.389e+02)))))
s>    ( QUESTION2_18_L -1 2.172e+04 9.083e+02 1.003e+03
s>        ( QUESTION1 -1 6.024e+03 4.525e+02 2.972e+02
s>            ( WDBNDRY_E 0 1.091e+03 1.962e+02 5.901e+01
s>                ( - 4.419e+02 6 0 QUESTION11 1 8.885e+01 2.904e+01)
s>                ( - 4.528e+02 1 0))
s>            ( - 4.481e+03 2 0 QUESTION0_15_R 1 1.496e+02 2.381e+02))
s>        ( QUESTION11 1 1.479e+04 5.042e+02 7.054e+02
s>            ( WDBNDRY_E 0 8.332e+03 2.281e+02 3.999e+02
s>                ( - 7.852e+03 3 0)
s>                ( - 2.515e+02 1 0))
s>            ( QUESTION10 1 5.954e+03 3.425e+02 3.054e+02
s>                ( - 1.907e+03 2 0 QUESTION0_10_R 1 1.881e+02 1.075e+02)
s>                ( QUESTION0_0_R 1 3.705e+03 2.527e+02 1.980e+02
s>                    ( - 9.570e+02 1 0)
s>                    ( - 2.495e+03 2 0 QUESTION0_10_R 1 1.854e+02 1.389e+02)))))INFO: dtree.c(1315): Comp split 0
INFO: dtree.c(1439): stop. leaf nodes are specific
INFO: dtree.c(1478): Final simple tree
|( QUESTION11 1 1.479e+04 5.042e+02 7.054e+02
|    ( WDBNDRY_E 0 8.332e+03 2.281e+02 3.999e+02
|        ( - 7.852e+03 3 0)
|        ( - 2.515e+02 1 0))
|    ( QUESTION10 1 5.954e+03 3.425e+02 3.054e+02
|        ( QUESTION0_10_R 1 1.907e+03 1.881e+02 1.075e+02
|            ( - 1.181e+03 1 0)
|            ( - 5.384e+02 1 0))
|        ( QUESTION0_0_R 1 3.705e+03 2.527e+02 1.980e+02
|            ( - 9.570e+02 1 0)
|            ( QUESTION0_10_R 1 2.495e+03 1.854e+02 1.389e+02
|                ( - 1.717e+03 1 0)
|                ( - 5.922e+02 1 0)))))
s>    ( QUESTION11 1 1.479e+04 5.042e+02 7.054e+02
s>        ( WDBNDRY_E 0 8.332e+03 2.281e+02 3.999e+02
s>            ( - 7.852e+03 3 0)
s>            ( - 2.515e+02 1 0))
s>        ( QUESTION10 1 5.954e+03 3.425e+02 3.054e+02
s>            ( QUESTION0_10_R 1 1.907e+03 1.881e+02 1.075e+02
s>                ( - 1.181e+03 1 0)
s>                ( - 5.384e+02 1 0))
s>            ( QUESTION0_0_R 1 3.705e+03 2.527e+02 1.980e+02
s>                ( - 9.570e+02 1 0)
s>                ( QUESTION0_10_R 1 2.495e+03 1.854e+02 1.389e+02
s>                    ( - 1.717e+03 1 0)
s>                    ( - 5.922e+02 1 0)))))INFO: dtree.c(1478): Final simple tree
|( QUESTION1 -1 6.024e+03 4.525e+02 2.972e+02
|    ( WDBNDRY_E 0 1.091e+03 1.962e+02 5.901e+01
|        ( QUESTION11 1 4.419e+02 8.885e+01 2.904e+01
|            ( - 1.560e+02 2 0)
|            ( QUESTION0_10_R 1 1.970e+02 5.091e+01 1.600e+01
|                ( QUESTION0_11_R 1 6.157e+01 2.369e+01 7.000e+00
|                    ( - 1.295e+01 1 0)
|                    ( - 2.494e+01 1 0))
|                ( QUESTION0_0_R 1 8.452e+01 1.405e+01 9.000e+00
|                    ( - 6.882e+01 1 0)
|                    ( - 1.656e+00 1 0))))
|        ( - 4.528e+02 1 0))
|    ( QUESTION0_15_R 1 4.481e+03 1.496e+02 2.381e+02
|        ( - 4.098e+03 1 0)
|        ( - 2.332e+02 1 0)))
s>    ( QUESTION1 -1 6.024e+03 4.525e+02 2.972e+02
s>        ( WDBNDRY_E 0 1.091e+03 1.962e+02 5.901e+01
s>            ( QUESTION11 1 4.419e+02 8.885e+01 2.904e+01
s>                ( - 1.560e+02 2 0)
s>                ( QUESTION0_10_R 1 1.970e+02 5.091e+01 1.600e+01
s>                    ( QUESTION0_11_R 1 6.157e+01 2.369e+01 7.000e+00
s>                        ( - 1.295e+01 1 0)
s>                        ( - 2.494e+01 1 0))
s>                    ( QUESTION0_0_R 1 8.452e+01 1.405e+01 9.000e+00
s>                        ( - 6.882e+01 1 0)
s>                        ( - 1.656e+00 1 0))))
s>            ( - 4.528e+02 1 0))
s>        ( QUESTION0_15_R 1 4.481e+03 1.496e+02 2.381e+02
s>            ( - 4.098e+03 1 0)
s>            ( - 2.332e+02 1 0)))INFO: dtree.c(1315): Comp split 1
INFO: dtree.c(1439): stop. leaf nodes are specific
INFO: dtree.c(1478): Final simple tree
|( QUESTION10 1 6.410e+03 3.787e+02 3.264e+02
|    ( QUESTION0_10_R 1 2.327e+03 2.401e+02 1.285e+02
|        ( - 1.181e+03 1 0)
|        ( WDBNDRY_E 0 9.057e+02 1.159e+02 5.800e+01
|            ( - 5.384e+02 1 0)
|            ( - 2.515e+02 1 0)))
|    ( QUESTION0_0_R 1 3.705e+03 2.527e+02 1.980e+02
|        ( - 9.570e+02 1 0)
|        ( QUESTION0_10_R 1 2.495e+03 1.854e+02 1.389e+02
|            ( - 1.717e+03 1 0)
|            ( - 5.922e+02 1 0))))
s>    ( QUESTION10 1 6.410e+03 3.787e+02 3.264e+02
s>        ( QUESTION0_10_R 1 2.327e+03 2.401e+02 1.285e+02
s>            ( - 1.181e+03 1 0)
s>            ( WDBNDRY_E 0 9.057e+02 1.159e+02 5.800e+01
s>                ( - 5.384e+02 1 0)
s>                ( - 2.515e+02 1 0)))
s>        ( QUESTION0_0_R 1 3.705e+03 2.527e+02 1.980e+02
s>            ( - 9.570e+02 1 0)
s>            ( QUESTION0_10_R 1 2.495e+03 1.854e+02 1.389e+02
s>                ( - 1.717e+03 1 0)
s>                ( - 5.922e+02 1 0))))INFO: dtree.c(1315): Comp split 2
INFO: dtree.c(1439): stop. leaf nodes are specific
INFO: dtree.c(1478): Final simple tree
|( WDBNDRY_E 0 1.091e+03 1.962e+02 5.901e+01
|    ( QUESTION11 1 4.419e+02 8.885e+01 2.904e+01
|        ( - 1.560e+02 2 0)
|        ( QUESTION0_10_R 1 1.970e+02 5.091e+01 1.600e+01
|            ( QUESTION0_11_R 1 6.157e+01 2.369e+01 7.000e+00
|                ( - 1.295e+01 1 0)
|                ( - 2.494e+01 1 0))
|            ( QUESTION0_0_R 1 8.452e+01 1.405e+01 9.000e+00
|                ( - 6.882e+01 1 0)
|                ( - 1.656e+00 1 0))))
|    ( - 4.528e+02 1 0))
s>    ( WDBNDRY_E 0 1.091e+03 1.962e+02 5.901e+01
s>        ( QUESTION11 1 4.419e+02 8.885e+01 2.904e+01
s>            ( - 1.560e+02 2 0)
s>            ( QUESTION0_10_R 1 1.970e+02 5.091e+01 1.600e+01
s>                ( QUESTION0_11_R 1 6.157e+01 2.369e+01 7.000e+00
s>                    ( - 1.295e+01 1 0)
s>                    ( - 2.494e+01 1 0))
s>                ( QUESTION0_0_R 1 8.452e+01 1.405e+01 9.000e+00
s>                    ( - 6.882e+01 1 0)
s>                    ( - 1.656e+00 1 0))))
s>        ( - 4.528e+02 1 0))INFO: dtree.c(1439): stop. leaf nodes are specific
INFO: dtree.c(1478): Final simple tree
|( QUESTION0_15_R 1 4.481e+03 1.496e+02 2.381e+02
|    ( - 4.098e+03 1 0)
|    ( - 2.332e+02 1 0))
s>    ( QUESTION0_15_R 1 4.481e+03 1.496e+02 2.381e+02
s>        ( - 4.098e+03 1 0)
s>        ( - 2.332e+02 1 0))INFO: dtree.c(1315): Comp split 3
INFO: dtree.c(1439): stop. leaf nodes are specific
INFO: dtree.c(1478): Final simple tree
|( QUESTION0_0_R 1 3.705e+03 2.527e+02 1.980e+02
|    ( - 9.570e+02 1 0)
|    ( QUESTION0_10_R 1 2.495e+03 1.854e+02 1.389e+02
|        ( - 1.717e+03 1 0)
|        ( - 5.922e+02 1 0)))
s>    ( QUESTION0_0_R 1 3.705e+03 2.527e+02 1.980e+02
s>        ( - 9.570e+02 1 0)
s>        ( QUESTION0_10_R 1 2.495e+03 1.854e+02 1.389e+02
s>            ( - 1.717e+03 1 0)
s>            ( - 5.922e+02 1 0)))INFO: dtree.c(1439): stop. leaf nodes are specific
INFO: dtree.c(1478): Final simple tree
|( QUESTION0_10_R 1 2.327e+03 2.401e+02 1.285e+02
|    ( - 1.181e+03 1 0)
|    ( WDBNDRY_E 0 9.057e+02 1.159e+02 5.800e+01
|        ( - 5.384e+02 1 0)
|        ( - 2.515e+02 1 0)))
s>    ( QUESTION0_10_R 1 2.327e+03 2.401e+02 1.285e+02
s>        ( - 1.181e+03 1 0)
s>        ( WDBNDRY_E 0 9.057e+02 1.159e+02 5.800e+01
s>            ( - 5.384e+02 1 0)
s>            ( - 2.515e+02 1 0)))INFO: dtree.c(1315): Comp split 4
INFO: dtree.c(1439): stop. leaf nodes are specific
INFO: dtree.c(1478): Final simple tree
|( QUESTION0_10_R 1 2.495e+03 1.854e+02 1.389e+02
|    ( - 1.717e+03 1 0)
|    ( - 5.922e+02 1 0))
s>    ( QUESTION0_10_R 1 2.495e+03 1.854e+02 1.389e+02
s>        ( - 1.717e+03 1 0)
s>        ( - 5.922e+02 1 0))INFO: dtree.c(1315): Comp split 5
INFO: dtree.c(1439): stop. leaf nodes are specific
INFO: dtree.c(1478): Final simple tree
|( WDBNDRY_E 0 9.057e+02 1.159e+02 5.800e+01
|    ( - 5.384e+02 1 0)
|    ( - 2.515e+02 1 0))
s>    ( WDBNDRY_E 0 9.057e+02 1.159e+02 5.800e+01
s>        ( - 5.384e+02 1 0)
s>        ( - 2.515e+02 1 0))INFO: dtree.c(1315): Comp split 6
INFO: dtree.c(1439): stop. leaf nodes are specific
INFO: dtree.c(1478): Final simple tree
|( QUESTION11 1 4.419e+02 8.885e+01 2.904e+01
|    ( - 1.560e+02 2 0)
|    ( QUESTION0_10_R 1 1.970e+02 5.091e+01 1.600e+01
|        ( QUESTION0_11_R 1 6.157e+01 2.369e+01 7.000e+00
|            ( - 1.295e+01 1 0)
|            ( - 2.494e+01 1 0))
|        ( QUESTION0_0_R 1 8.452e+01 1.405e+01 9.000e+00
|            ( - 6.882e+01 1 0)
|            ( - 1.656e+00 1 0))))
s>    ( QUESTION11 1 4.419e+02 8.885e+01 2.904e+01
s>        ( - 1.560e+02 2 0)
s>        ( QUESTION0_10_R 1 1.970e+02 5.091e+01 1.600e+01
s>            ( QUESTION0_11_R 1 6.157e+01 2.369e+01 7.000e+00
s>                ( - 1.295e+01 1 0)
s>                ( - 2.494e+01 1 0))
s>            ( QUESTION0_0_R 1 8.452e+01 1.405e+01 9.000e+00
s>                ( - 6.882e+01 1 0)
s>                ( - 1.656e+00 1 0))))INFO: dtree.c(1315): Comp split 7
INFO: dtree.c(1315): Comp split 8
INFO: dtree.c(1315): Comp split 9
INFO: dtree.c(1315): Comp split 10
INFO: dtree.c(1439): stop. leaf nodes are specific
INFO: dtree.c(1478): Final simple tree
|( QUESTION0_10_R 1 1.970e+02 5.091e+01 1.600e+01
|    ( QUESTION0_11_R 1 6.157e+01 2.369e+01 7.000e+00
|        ( - 1.295e+01 1 0)
|        ( - 2.494e+01 1 0))
|    ( QUESTION0_0_R 1 8.452e+01 1.405e+01 9.000e+00
|        ( - 6.882e+01 1 0)
|        ( - 1.656e+00 1 0)))
s>    ( QUESTION0_10_R 1 1.970e+02 5.091e+01 1.600e+01
s>        ( QUESTION0_11_R 1 6.157e+01 2.369e+01 7.000e+00
s>            ( - 1.295e+01 1 0)
s>            ( - 2.494e+01 1 0))
s>        ( QUESTION0_0_R 1 8.452e+01 1.405e+01 9.000e+00
s>            ( - 6.882e+01 1 0)
s>            ( - 1.656e+00 1 0)))INFO: dtree.c(1315): Comp split 11
INFO: dtree.c(1439): stop. leaf nodes are specific
INFO: dtree.c(1478): Final simple tree
|( QUESTION0_0_R 1 8.452e+01 1.405e+01 9.000e+00
|    ( - 6.882e+01 1 0)
|    ( - 1.656e+00 1 0))
s>    ( QUESTION0_0_R 1 8.452e+01 1.405e+01 9.000e+00
s>        ( - 6.882e+01 1 0)
s>        ( - 1.656e+00 1 0))INFO: dtree.c(1439): stop. leaf nodes are specific
INFO: dtree.c(1478): Final simple tree
|( QUESTION0_11_R 1 6.157e+01 2.369e+01 7.000e+00
|    ( - 1.295e+01 1 0)
|    ( - 2.494e+01 1 0))
s>    ( QUESTION0_11_R 1 6.157e+01 2.369e+01 7.000e+00
s>        ( - 1.295e+01 1 0)
s>        ( - 2.494e+01 1 0))INFO: dtree.c(1315): Comp split 12
INFO: dtree.c(1315): Comp split 13
INFO: dtree.c(1315): Comp split 14
INFO: dtree.c(1318): stop. leaf nodes are specific
Fri Nov  2 10:06:31 2018
