Current configuration:
[NAME]		[DEFLT]	[VALUE]
-allphones	no	no
-cntthresh	0.00001	1.000000e-05
-csplitmax	100	2000
-csplitmin	1	1
-csplitthr	8e-4	0.000000e+00
-example	no	no
-fullvar	no	no
-help		no	no
-meanfn			
-mixwfn			/home/sdv/Documents/SDV/SDVoice/an4/model_parameters/an4.cd_semi_untied/mixture_weights
-moddeffn		/home/sdv/Documents/SDV/SDVoice/an4/model_architecture/an4.untied.mdef
-mwfloor	1e-4	1.000000e-08
-phone			EY
-psetfn			/home/sdv/Documents/SDV/SDVoice/an4/model_architecture/an4.tree_questions
-ssplitmax	5	7
-ssplitmin	1	1
-ssplitthr	8e-4	0.000000e+00
-state			1
-stwt			1.0,0.05,0.0,
-treefn			/home/sdv/Documents/SDV/SDVoice/an4/trees/an4.unpruned/EY-1.dtree
-ts2cbfn	.semi.	.semi.
-varfloor	0.00001	1.000000e-05
-varfn			

INFO: main.c(223): Reading: /home/sdv/Documents/SDV/SDVoice/an4/model_architecture/an4.untied.mdef
INFO: model_def_io.c(573): Model definition info:
INFO: model_def_io.c(574): 1618 total models defined (34 base, 1584 tri)
INFO: model_def_io.c(575): 6472 total states
INFO: model_def_io.c(576): 4854 total tied states
INFO: model_def_io.c(577): 102 total tied CI states
INFO: model_def_io.c(578): 34 total tied transition matrices
INFO: model_def_io.c(579): 4 max state/model
INFO: model_def_io.c(580): 4 min state/model
INFO: main.c(242): Building trees for [EY AH CH b] through [EY V T b]
INFO: main.c(269): Covering states |[1326 1535]| == 210
INFO: main.c(275): Reading: /home/sdv/Documents/SDV/SDVoice/an4/model_parameters/an4.cd_semi_untied/mixture_weights
INFO: s3mixw_io.c(173): Read /home/sdv/Documents/SDV/SDVoice/an4/model_parameters/an4.cd_semi_untied/mixture_weights [210x4x256 array]
INFO: main.c(311): 70 of 70 models have observation count greater than 0.000010
INFO: main.c(95): nrm stwt: 0.045 0.909 0.045 
INFO: main.c(411): 70-class entropy: 6.571346e+04
INFO: main.c(549): Reading: /home/sdv/Documents/SDV/SDVoice/an4/model_architecture/an4.tree_questions
INFO: main.c(588): 176 total simple questions (168 phone; 8 word bndry)
INFO: main.c(590): 42 Left Only questions, and 42 Right Only questions
INFO: dtree.c(1478): Final simple tree
|( WDBNDRY_E 0 8.453e+04 1.675e+03 3.873e+03
|    ( QUESTION2_15_L -1 2.905e+04 6.222e+02 1.476e+03
|        ( - 1.101e+04 16 0 QUESTION0_20_R 1 4.645e+02 5.881e+02)
|        ( QUESTION0_9_R 1 1.743e+04 5.722e+02 8.878e+02
|            ( - 9.585e+03 11 0 QUESTION15 1 4.203e+02 5.192e+02)
|            ( - 7.269e+03 10 0 QUESTION0_8_R 1 4.210e+02 3.686e+02)))
|    ( QUESTION14 -1 5.380e+04 1.013e+03 2.397e+03
|        ( QUESTION0_18_R 1 2.427e+04 5.424e+02 1.125e+03
|            ( - 1.747e+04 2 0)
|            ( - 6.264e+03 2 0))
|        ( WDBNDRY_B 0 2.852e+04 6.815e+02 1.273e+03
|            ( QUESTION0 -1 2.487e+04 6.119e+02 1.105e+03
|                ( - 1.521e+04 17 0 QUESTION2_12_L -1 5.269e+02 6.990e+02)
|                ( - 9.045e+03 11 0 SILENCE -1 5.272e+02 4.058e+02))
|            ( - 2.967e+03 1 0))))
s>    ( WDBNDRY_E 0 8.453e+04 1.675e+03 3.873e+03
s>        ( QUESTION2_15_L -1 2.905e+04 6.222e+02 1.476e+03
s>            ( - 1.101e+04 16 0 QUESTION0_20_R 1 4.645e+02 5.881e+02)
s>            ( QUESTION0_9_R 1 1.743e+04 5.722e+02 8.878e+02
s>                ( - 9.585e+03 11 0 QUESTION15 1 4.203e+02 5.192e+02)
s>                ( - 7.269e+03 10 0 QUESTION0_8_R 1 4.210e+02 3.686e+02)))
s>        ( QUESTION14 -1 5.380e+04 1.013e+03 2.397e+03
s>            ( QUESTION0_18_R 1 2.427e+04 5.424e+02 1.125e+03
s>                ( - 1.747e+04 2 0)
s>                ( - 6.264e+03 2 0))
s>            ( WDBNDRY_B 0 2.852e+04 6.815e+02 1.273e+03
s>                ( QUESTION0 -1 2.487e+04 6.119e+02 1.105e+03
s>                    ( - 1.521e+04 17 0 QUESTION2_12_L -1 5.269e+02 6.990e+02)
s>                    ( - 9.045e+03 11 0 SILENCE -1 5.272e+02 4.058e+02))
s>                ( - 2.967e+03 1 0))))INFO: dtree.c(1315): Comp split 0
INFO: dtree.c(1478): Final simple tree
|( QUESTION14 -1 5.380e+04 1.013e+03 2.397e+03
|    ( QUESTION0_18_R 1 2.427e+04 5.424e+02 1.125e+03
|        ( - 1.747e+04 2 0)
|        ( - 6.264e+03 2 0))
|    ( WDBNDRY_B 0 2.852e+04 6.815e+02 1.273e+03
|        ( QUESTION0 -1 2.487e+04 6.119e+02 1.105e+03
|            ( QUESTION2_12_L -1 1.521e+04 5.269e+02 6.990e+02
|                ( - 4.312e+03 2 0 QUESTION0_18_R 1 2.134e+02 2.167e+02)
|                ( QUESTION2 -1 1.037e+04 5.302e+02 4.824e+02
|                    ( - 4.749e+03 6 0 QUESTION3 -1 2.981e+02 2.314e+02)
|                    ( - 5.092e+03 9 0 QUESTION0_18_R 1 2.901e+02 2.510e+02)))
|            ( SILENCE -1 9.045e+03 5.272e+02 4.058e+02
|                ( - 3.128e+03 3 0 QUESTION0_18_R 1 2.707e+02 1.541e+02)
|                ( - 5.389e+03 8 0 QUESTION2_0_L -1 3.663e+02 2.517e+02)))
|        ( - 2.967e+03 1 0)))
s>    ( QUESTION14 -1 5.380e+04 1.013e+03 2.397e+03
s>        ( QUESTION0_18_R 1 2.427e+04 5.424e+02 1.125e+03
s>            ( - 1.747e+04 2 0)
s>            ( - 6.264e+03 2 0))
s>        ( WDBNDRY_B 0 2.852e+04 6.815e+02 1.273e+03
s>            ( QUESTION0 -1 2.487e+04 6.119e+02 1.105e+03
s>                ( QUESTION2_12_L -1 1.521e+04 5.269e+02 6.990e+02
s>                    ( - 4.312e+03 2 0 QUESTION0_18_R 1 2.134e+02 2.167e+02)
s>                    ( QUESTION2 -1 1.037e+04 5.302e+02 4.824e+02
s>                        ( - 4.749e+03 6 0 QUESTION3 -1 2.981e+02 2.314e+02)
s>                        ( - 5.092e+03 9 0 QUESTION0_18_R 1 2.901e+02 2.510e+02)))
s>                ( SILENCE -1 9.045e+03 5.272e+02 4.058e+02
s>                    ( - 3.128e+03 3 0 QUESTION0_18_R 1 2.707e+02 1.541e+02)
s>                    ( - 5.389e+03 8 0 QUESTION2_0_L -1 3.663e+02 2.517e+02)))
s>            ( - 2.967e+03 1 0)))INFO: dtree.c(1478): Final simple tree
|( QUESTION2_15_L -1 2.905e+04 6.222e+02 1.476e+03
|    ( QUESTION0_20_R 1 1.101e+04 4.645e+02 5.881e+02
|        ( - 2.803e+03 4 0 QUESTION1 1 1.773e+02 1.552e+02)
|        ( QUESTION15 1 7.738e+03 4.392e+02 4.330e+02
|            ( - 3.186e+03 3 0 QUESTION0_13_R 1 2.417e+02 1.850e+02)
|            ( - 4.113e+03 9 0 QUESTION0_16_R 1 2.932e+02 2.480e+02)))
|    ( QUESTION0_9_R 1 1.743e+04 5.722e+02 8.878e+02
|        ( QUESTION15 1 9.585e+03 4.203e+02 5.192e+02
|            ( - 2.705e+03 2 0 QUESTION0_12_R 1 2.824e+02 1.502e+02)
|            ( - 6.459e+03 9 0 QUESTION0_14_R 1 3.327e+02 3.690e+02))
|        ( QUESTION0_8_R 1 7.269e+03 4.210e+02 3.686e+02
|            ( - 2.046e+03 3 0 QUESTION14 1 2.049e+02 1.160e+02)
|            ( SILENCE 1 4.802e+03 3.546e+02 2.526e+02
|                ( - 1.716e+03 1 0)
|                ( - 2.732e+03 6 0 QUESTION1 -1 2.588e+02 1.581e+02)))))
s>    ( QUESTION2_15_L -1 2.905e+04 6.222e+02 1.476e+03
s>        ( QUESTION0_20_R 1 1.101e+04 4.645e+02 5.881e+02
s>            ( - 2.803e+03 4 0 QUESTION1 1 1.773e+02 1.552e+02)
s>            ( QUESTION15 1 7.738e+03 4.392e+02 4.330e+02
s>                ( - 3.186e+03 3 0 QUESTION0_13_R 1 2.417e+02 1.850e+02)
s>                ( - 4.113e+03 9 0 QUESTION0_16_R 1 2.932e+02 2.480e+02)))
s>        ( QUESTION0_9_R 1 1.743e+04 5.722e+02 8.878e+02
s>            ( QUESTION15 1 9.585e+03 4.203e+02 5.192e+02
s>                ( - 2.705e+03 2 0 QUESTION0_12_R 1 2.824e+02 1.502e+02)
s>                ( - 6.459e+03 9 0 QUESTION0_14_R 1 3.327e+02 3.690e+02))
s>            ( QUESTION0_8_R 1 7.269e+03 4.210e+02 3.686e+02
s>                ( - 2.046e+03 3 0 QUESTION14 1 2.049e+02 1.160e+02)
s>                ( SILENCE 1 4.802e+03 3.546e+02 2.526e+02
s>                    ( - 1.716e+03 1 0)
s>                    ( - 2.732e+03 6 0 QUESTION1 -1 2.588e+02 1.581e+02)))))INFO: dtree.c(1315): Comp split 1
INFO: dtree.c(1478): Final simple tree
|( QUESTION14 -1 4.131e+04 7.881e+02 1.859e+03
|    ( QUESTION0_18_R 1 2.427e+04 5.424e+02 1.125e+03
|        ( - 1.747e+04 2 0)
|        ( - 6.264e+03 2 0))
|    ( QUESTION2 -1 1.625e+04 4.958e+02 7.341e+02
|        ( QUESTION3 -1 4.749e+03 2.981e+02 2.314e+02
|            ( - 3.201e+03 4 0 QUESTION0_18_R 1 1.842e+02 1.614e+02)
|            ( - 1.250e+03 2 0 QUESTION5 -1 1.484e+02 7.000e+01))
|        ( QUESTION0 -1 1.100e+04 5.204e+02 5.027e+02
|            ( QUESTION0_18_R 1 5.092e+03 2.901e+02 2.510e+02
|                ( - 1.204e+03 5 0 QUESTION1 -1 1.702e+02 7.042e+01)
|                ( - 3.598e+03 4 0 QUESTION1 -1 2.614e+02 1.805e+02))
|            ( QUESTION2_0_L -1 5.389e+03 3.663e+02 2.517e+02
|                ( - 1.741e+03 3 0 QUESTION16 -1 2.241e+02 9.562e+01)
|                ( - 3.282e+03 5 0 QUESTION16 -1 2.741e+02 1.561e+02)))))
s>    ( QUESTION14 -1 4.131e+04 7.881e+02 1.859e+03
s>        ( QUESTION0_18_R 1 2.427e+04 5.424e+02 1.125e+03
s>            ( - 1.747e+04 2 0)
s>            ( - 6.264e+03 2 0))
s>        ( QUESTION2 -1 1.625e+04 4.958e+02 7.341e+02
s>            ( QUESTION3 -1 4.749e+03 2.981e+02 2.314e+02
s>                ( - 3.201e+03 4 0 QUESTION0_18_R 1 1.842e+02 1.614e+02)
s>                ( - 1.250e+03 2 0 QUESTION5 -1 1.484e+02 7.000e+01))
s>            ( QUESTION0 -1 1.100e+04 5.204e+02 5.027e+02
s>                ( QUESTION0_18_R 1 5.092e+03 2.901e+02 2.510e+02
s>                    ( - 1.204e+03 5 0 QUESTION1 -1 1.702e+02 7.042e+01)
s>                    ( - 3.598e+03 4 0 QUESTION1 -1 2.614e+02 1.805e+02))
s>                ( QUESTION2_0_L -1 5.389e+03 3.663e+02 2.517e+02
s>                    ( - 1.741e+03 3 0 QUESTION16 -1 2.241e+02 9.562e+01)
s>                    ( - 3.282e+03 5 0 QUESTION16 -1 2.741e+02 1.561e+02)))))INFO: dtree.c(1439): stop. leaf nodes are specific
INFO: dtree.c(1478): Final simple tree
|( QUESTION10 -1 1.145e+04 5.641e+02 5.388e+02
|    ( QUESTION0_18_R 1 4.312e+03 2.134e+02 2.167e+02
|        ( - 6.379e+02 1 0)
|        ( - 3.461e+03 1 0))
|    ( QUESTION0_17_R 1 6.573e+03 4.782e+02 3.221e+02
|        ( QUESTION0_18_R 1 3.060e+03 2.624e+02 1.521e+02
|            ( - 1.786e+03 1 0)
|            ( - 1.011e+03 1 0))
|        ( WDBNDRY_B 0 3.035e+03 5.950e+01 1.701e+02
|            ( - 8.775e+00 1 0)
|            ( - 2.967e+03 1 0))))
s>    ( QUESTION10 -1 1.145e+04 5.641e+02 5.388e+02
s>        ( QUESTION0_18_R 1 4.312e+03 2.134e+02 2.167e+02
s>            ( - 6.379e+02 1 0)
s>            ( - 3.461e+03 1 0))
s>        ( QUESTION0_17_R 1 6.573e+03 4.782e+02 3.221e+02
s>            ( QUESTION0_18_R 1 3.060e+03 2.624e+02 1.521e+02
s>                ( - 1.786e+03 1 0)
s>                ( - 1.011e+03 1 0))
s>            ( WDBNDRY_B 0 3.035e+03 5.950e+01 1.701e+02
s>                ( - 8.775e+00 1 0)
s>                ( - 2.967e+03 1 0))))INFO: dtree.c(1315): Comp split 2
INFO: dtree.c(1439): stop. leaf nodes are specific
INFO: dtree.c(1478): Final simple tree
|( QUESTION0_18_R 1 2.641e+04 5.604e+02 1.220e+03
|    ( QUESTION14 -1 1.932e+04 3.687e+02 9.045e+02
|        ( - 1.747e+04 2 0)
|        ( QUESTION16 -1 1.481e+03 1.917e+02 8.473e+01
|            ( - 3.997e+02 1 0)
|            ( - 8.900e+02 1 0)))
|    ( QUESTION14 -1 6.531e+03 1.309e+02 3.157e+02
|        ( - 6.264e+03 2 0)
|        ( - 1.358e+02 1 0)))
s>    ( QUESTION0_18_R 1 2.641e+04 5.604e+02 1.220e+03
s>        ( QUESTION14 -1 1.932e+04 3.687e+02 9.045e+02
s>            ( - 1.747e+04 2 0)
s>            ( QUESTION16 -1 1.481e+03 1.917e+02 8.473e+01
s>                ( - 3.997e+02 1 0)
s>                ( - 8.900e+02 1 0)))
s>        ( QUESTION14 -1 6.531e+03 1.309e+02 3.157e+02
s>            ( - 6.264e+03 2 0)
s>            ( - 1.358e+02 1 0)))INFO: dtree.c(1478): Final simple tree
|( QUESTION2 -1 1.410e+04 4.981e+02 6.385e+02
|    ( QUESTION3 -1 4.749e+03 2.981e+02 2.314e+02
|        ( - 3.201e+03 4 0 QUESTION0_18_R 1 1.842e+02 1.614e+02)
|        ( - 1.250e+03 2 0 QUESTION5 -1 1.484e+02 7.000e+01))
|    ( QUESTION0 -1 8.852e+03 4.775e+02 4.070e+02
|        ( QUESTION0_18_R 1 5.092e+03 2.901e+02 2.510e+02
|            ( - 1.204e+03 5 0 QUESTION1 -1 1.702e+02 7.042e+01)
|            ( QUESTION1 -1 3.598e+03 2.614e+02 1.805e+02
|                ( - 2.470e+03 2 0 QUESTION8 -1 9.155e+01 1.265e+02)
|                ( - 8.666e+02 2 0 QUESTION11 -1 7.974e+01 5.400e+01)))
|        ( QUESTION16 -1 3.282e+03 2.741e+02 1.561e+02
|            ( QUESTION0_18_R 1 1.953e+03 2.248e+02 1.001e+02
|                ( - 5.352e+02 2 0)
|                ( - 1.193e+03 2 0))
|            ( - 1.056e+03 1 0))))
s>    ( QUESTION2 -1 1.410e+04 4.981e+02 6.385e+02
s>        ( QUESTION3 -1 4.749e+03 2.981e+02 2.314e+02
s>            ( - 3.201e+03 4 0 QUESTION0_18_R 1 1.842e+02 1.614e+02)
s>            ( - 1.250e+03 2 0 QUESTION5 -1 1.484e+02 7.000e+01))
s>        ( QUESTION0 -1 8.852e+03 4.775e+02 4.070e+02
s>            ( QUESTION0_18_R 1 5.092e+03 2.901e+02 2.510e+02
s>                ( - 1.204e+03 5 0 QUESTION1 -1 1.702e+02 7.042e+01)
s>                ( QUESTION1 -1 3.598e+03 2.614e+02 1.805e+02
s>                    ( - 2.470e+03 2 0 QUESTION8 -1 9.155e+01 1.265e+02)
s>                    ( - 8.666e+02 2 0 QUESTION11 -1 7.974e+01 5.400e+01)))
s>            ( QUESTION16 -1 3.282e+03 2.741e+02 1.561e+02
s>                ( QUESTION0_18_R 1 1.953e+03 2.248e+02 1.001e+02
s>                    ( - 5.352e+02 2 0)
s>                    ( - 1.193e+03 2 0))
s>                ( - 1.056e+03 1 0))))INFO: dtree.c(1315): Comp split 3
INFO: dtree.c(1478): Final simple tree
|( QUESTION0_0_R 1 9.637e+03 4.470e+02 5.142e+02
|    ( QUESTION2_15_L -1 3.623e+03 3.047e+02 2.060e+02
|        ( - 1.273e+03 3 0 QUESTION0_1_R 1 1.130e+02 9.000e+01)
|        ( QUESTION14 1 2.046e+03 2.049e+02 1.160e+02
|            ( - 1.503e+03 2 0)
|            ( - 3.379e+02 1 0)))
|    ( QUESTION0_13_R 1 5.567e+03 3.322e+02 3.082e+02
|        ( - 1.682e+03 1 0)
|        ( QUESTION0_11_R 1 3.552e+03 2.787e+02 2.050e+02
|            ( - 1.244e+03 2 0 QUESTION14 1 1.557e+02 7.700e+01)
|            ( QUESTION0_19_R 1 2.030e+03 2.098e+02 1.280e+02
|                ( - 5.107e+02 1 0)
|                ( QUESTION0_15_R 1 1.309e+03 1.617e+02 8.900e+01
|                    ( - 4.992e+02 2 0)
|                    ( - 6.483e+02 2 0 QUESTION0_18_R 1 9.836e+01 5.000e+01))))))
s>    ( QUESTION0_0_R 1 9.637e+03 4.470e+02 5.142e+02
s>        ( QUESTION2_15_L -1 3.623e+03 3.047e+02 2.060e+02
s>            ( - 1.273e+03 3 0 QUESTION0_1_R 1 1.130e+02 9.000e+01)
s>            ( QUESTION14 1 2.046e+03 2.049e+02 1.160e+02
s>                ( - 1.503e+03 2 0)
s>                ( - 3.379e+02 1 0)))
s>        ( QUESTION0_13_R 1 5.567e+03 3.322e+02 3.082e+02
s>            ( - 1.682e+03 1 0)
s>            ( QUESTION0_11_R 1 3.552e+03 2.787e+02 2.050e+02
s>                ( - 1.244e+03 2 0 QUESTION14 1 1.557e+02 7.700e+01)
s>                ( QUESTION0_19_R 1 2.030e+03 2.098e+02 1.280e+02
s>                    ( - 5.107e+02 1 0)
s>                    ( QUESTION0_15_R 1 1.309e+03 1.617e+02 8.900e+01
s>                        ( - 4.992e+02 2 0)
s>                        ( - 6.483e+02 2 0 QUESTION0_18_R 1 9.836e+01 5.000e+01))))))INFO: dtree.c(1478): Final simple tree
|( QUESTION0_10_R 1 1.864e+04 5.833e+02 9.617e+02
|    ( QUESTION0_11_R 1 6.741e+03 2.863e+02 3.860e+02
|        ( QUESTION19 1 2.827e+03 2.726e+02 1.720e+02
|            ( - 8.412e+02 1 0)
|            ( - 1.713e+03 2 0 QUESTION0_12_R 1 1.484e+02 1.170e+02))
|        ( - 3.628e+03 5 0 QUESTION0_17_R 1 2.441e+02 2.140e+02))
|    ( QUESTION0_0_R 1 1.132e+04 4.416e+02 5.757e+02
|        ( QUESTION0_5_R 1 4.251e+03 3.247e+02 2.341e+02
|            ( - 1.835e+03 3 0 QUESTION2_15_L -1 2.040e+02 1.060e+02)
|            ( - 2.091e+03 4 0 QUESTION1 -1 2.348e+02 1.281e+02))
|        ( QUESTION11 1 6.624e+03 4.057e+02 3.416e+02
|            ( QUESTION2_15_L -1 3.606e+03 2.806e+02 2.021e+02
|                ( - 2.239e+03 3 0)
|                ( - 1.087e+03 2 0))
|            ( - 2.612e+03 3 0 SILENCE 1 2.418e+02 1.395e+02))))
s>    ( QUESTION0_10_R 1 1.864e+04 5.833e+02 9.617e+02
s>        ( QUESTION0_11_R 1 6.741e+03 2.863e+02 3.860e+02
s>            ( QUESTION19 1 2.827e+03 2.726e+02 1.720e+02
s>                ( - 8.412e+02 1 0)
s>                ( - 1.713e+03 2 0 QUESTION0_12_R 1 1.484e+02 1.170e+02))
s>            ( - 3.628e+03 5 0 QUESTION0_17_R 1 2.441e+02 2.140e+02))
s>        ( QUESTION0_0_R 1 1.132e+04 4.416e+02 5.757e+02
s>            ( QUESTION0_5_R 1 4.251e+03 3.247e+02 2.341e+02
s>                ( - 1.835e+03 3 0 QUESTION2_15_L -1 2.040e+02 1.060e+02)
s>                ( - 2.091e+03 4 0 QUESTION1 -1 2.348e+02 1.281e+02))
s>            ( QUESTION11 1 6.624e+03 4.057e+02 3.416e+02
s>                ( QUESTION2_15_L -1 3.606e+03 2.806e+02 2.021e+02
s>                    ( - 2.239e+03 3 0)
s>                    ( - 1.087e+03 2 0))
s>                ( - 2.612e+03 3 0 SILENCE 1 2.418e+02 1.395e+02))))INFO: dtree.c(1315): Comp split 4
INFO: dtree.c(1478): Final simple tree
|( QUESTION15 1 1.032e+04 3.909e+02 5.690e+02
|    ( QUESTION0_0_R 1 3.832e+03 2.556e+02 2.150e+02
|        ( QUESTION2_15_L -1 1.835e+03 2.040e+02 1.060e+02
|            ( - 1.224e+03 1 0)
|            ( - 4.079e+02 2 0))
|        ( QUESTION0_12_R 1 1.741e+03 2.097e+02 1.090e+02
|            ( - 8.412e+02 1 0)
|            ( - 6.904e+02 1 0)))
|    ( QUESTION0_14_R 1 6.100e+03 3.171e+02 3.540e+02
|        ( QUESTION0_17_R 1 3.628e+03 2.441e+02 2.140e+02
|            ( - 2.039e+03 3 0 QUESTION0_18_R 1 1.774e+02 1.300e+02)
|            ( - 1.345e+03 2 0 QUESTION0_15_R 1 1.070e+02 8.400e+01))
|        ( QUESTION0_10_R 1 2.155e+03 1.938e+02 1.400e+02
|            ( - 8.745e+02 1 0)
|            ( - 1.087e+03 2 0))))
s>    ( QUESTION15 1 1.032e+04 3.909e+02 5.690e+02
s>        ( QUESTION0_0_R 1 3.832e+03 2.556e+02 2.150e+02
s>            ( QUESTION2_15_L -1 1.835e+03 2.040e+02 1.060e+02
s>                ( - 1.224e+03 1 0)
s>                ( - 4.079e+02 2 0))
s>            ( QUESTION0_12_R 1 1.741e+03 2.097e+02 1.090e+02
s>                ( - 8.412e+02 1 0)
s>                ( - 6.904e+02 1 0)))
s>        ( QUESTION0_14_R 1 6.100e+03 3.171e+02 3.540e+02
s>            ( QUESTION0_17_R 1 3.628e+03 2.441e+02 2.140e+02
s>                ( - 2.039e+03 3 0 QUESTION0_18_R 1 1.774e+02 1.300e+02)
s>                ( - 1.345e+03 2 0 QUESTION0_15_R 1 1.070e+02 8.400e+01))
s>            ( QUESTION0_10_R 1 2.155e+03 1.938e+02 1.400e+02
s>                ( - 8.745e+02 1 0)
s>                ( - 1.087e+03 2 0))))INFO: dtree.c(1478): Final simple tree
|( SILENCE 1 7.652e+03 3.894e+02 3.927e+02
|    ( - 1.716e+03 1 0)
|    ( QUESTION0_0_R 1 5.546e+03 3.427e+02 2.983e+02
|        ( QUESTION1 -1 2.091e+03 2.348e+02 1.281e+02
|            ( - 3.965e+02 1 0)
|            ( QUESTION7 1 1.459e+03 1.274e+02 9.601e+01
|                ( - 4.505e+02 1 0)
|                ( QUESTION0_2_R 1 8.814e+02 8.391e+01 6.301e+01
|                    ( - 7.066e+01 1 0)
|                    ( - 7.269e+02 1 0))))
|        ( QUESTION11 1 3.113e+03 2.202e+02 1.702e+02
|            ( - 2.239e+03 3 0)
|            ( QUESTION1 1 6.539e+02 1.014e+02 4.503e+01
|                ( - 3.869e+02 1 0)
|                ( - 1.656e+02 1 0)))))
s>    ( SILENCE 1 7.652e+03 3.894e+02 3.927e+02
s>        ( - 1.716e+03 1 0)
s>        ( QUESTION0_0_R 1 5.546e+03 3.427e+02 2.983e+02
s>            ( QUESTION1 -1 2.091e+03 2.348e+02 1.281e+02
s>                ( - 3.965e+02 1 0)
s>                ( QUESTION7 1 1.459e+03 1.274e+02 9.601e+01
s>                    ( - 4.505e+02 1 0)
s>                    ( QUESTION0_2_R 1 8.814e+02 8.391e+01 6.301e+01
s>                        ( - 7.066e+01 1 0)
s>                        ( - 7.269e+02 1 0))))
s>            ( QUESTION11 1 3.113e+03 2.202e+02 1.702e+02
s>                ( - 2.239e+03 3 0)
s>                ( QUESTION1 1 6.539e+02 1.014e+02 4.503e+01
s>                    ( - 3.869e+02 1 0)
s>                    ( - 1.656e+02 1 0)))))INFO: dtree.c(1315): Comp split 5
INFO: dtree.c(1478): Final simple tree
|( QUESTION0_18_R 1 5.092e+03 2.901e+02 2.510e+02
|    ( QUESTION1 -1 1.204e+03 1.702e+02 7.042e+01
|        ( QUESTION8 -1 5.663e+02 9.952e+01 3.942e+01
|            ( - 1.469e+02 1 0)
|            ( - 3.199e+02 1 0))
|        ( QUESTION2_11_L -1 4.676e+02 7.574e+01 3.100e+01
|            ( - 1.214e+02 1 0)
|            ( - 2.705e+02 2 0 QUESTION11 -1 4.739e+01 2.100e+01)))
|    ( QUESTION1 -1 3.598e+03 2.614e+02 1.805e+02
|        ( QUESTION8 -1 2.470e+03 9.155e+01 1.265e+02
|            ( - 4.216e+01 1 0)
|            ( - 2.336e+03 1 0))
|        ( QUESTION11 -1 8.666e+02 7.974e+01 5.400e+01
|            ( - 6.249e+01 1 0)
|            ( - 7.244e+02 1 0))))
s>    ( QUESTION0_18_R 1 5.092e+03 2.901e+02 2.510e+02
s>        ( QUESTION1 -1 1.204e+03 1.702e+02 7.042e+01
s>            ( QUESTION8 -1 5.663e+02 9.952e+01 3.942e+01
s>                ( - 1.469e+02 1 0)
s>                ( - 3.199e+02 1 0))
s>            ( QUESTION2_11_L -1 4.676e+02 7.574e+01 3.100e+01
s>                ( - 1.214e+02 1 0)
s>                ( - 2.705e+02 2 0 QUESTION11 -1 4.739e+01 2.100e+01)))
s>        ( QUESTION1 -1 3.598e+03 2.614e+02 1.805e+02
s>            ( QUESTION8 -1 2.470e+03 9.155e+01 1.265e+02
s>                ( - 4.216e+01 1 0)
s>                ( - 2.336e+03 1 0))
s>            ( QUESTION11 -1 8.666e+02 7.974e+01 5.400e+01
s>                ( - 6.249e+01 1 0)
s>                ( - 7.244e+02 1 0))))INFO: dtree.c(1439): stop. leaf nodes are specific
INFO: dtree.c(1478): Final simple tree
|( QUESTION0 -1 8.417e+03 3.856e+02 3.875e+02
|    ( QUESTION3 -1 4.749e+03 2.981e+02 2.314e+02
|        ( QUESTION0_18_R 1 3.201e+03 1.842e+02 1.614e+02
|            ( - 3.023e+02 2 0)
|            ( - 2.715e+03 2 0))
|        ( QUESTION5 -1 1.250e+03 1.484e+02 7.000e+01
|            ( - 2.719e+02 1 0)
|            ( - 8.301e+02 1 0)))
|    ( QUESTION16 -1 3.282e+03 2.741e+02 1.561e+02
|        ( QUESTION0_18_R 1 1.953e+03 2.248e+02 1.001e+02
|            ( - 5.352e+02 2 0)
|            ( - 1.193e+03 2 0))
|        ( - 1.056e+03 1 0)))
s>    ( QUESTION0 -1 8.417e+03 3.856e+02 3.875e+02
s>        ( QUESTION3 -1 4.749e+03 2.981e+02 2.314e+02
s>            ( QUESTION0_18_R 1 3.201e+03 1.842e+02 1.614e+02
s>                ( - 3.023e+02 2 0)
s>                ( - 2.715e+03 2 0))
s>            ( QUESTION5 -1 1.250e+03 1.484e+02 7.000e+01
s>                ( - 2.719e+02 1 0)
s>                ( - 8.301e+02 1 0)))
s>        ( QUESTION16 -1 3.282e+03 2.741e+02 1.561e+02
s>            ( QUESTION0_18_R 1 1.953e+03 2.248e+02 1.001e+02
s>                ( - 5.352e+02 2 0)
s>                ( - 1.193e+03 2 0))
s>            ( - 1.056e+03 1 0)))INFO: dtree.c(1315): Comp split 6
INFO: dtree.c(1439): stop. leaf nodes are specific
INFO: dtree.c(1478): Final simple tree
|( WDBNDRY_B 0 4.315e+03 3.369e+02 2.280e+02
|    ( - 1.011e+03 1 0)
|    ( - 2.967e+03 1 0))
s>    ( WDBNDRY_B 0 4.315e+03 3.369e+02 2.280e+02
s>        ( - 1.011e+03 1 0)
s>        ( - 2.967e+03 1 0))INFO: dtree.c(1439): stop. leaf nodes are specific
INFO: dtree.c(1478): Final simple tree
|( SILENCE -1 6.563e+03 3.997e+02 3.109e+02
|    ( QUESTION0_17_R 1 1.851e+03 5.602e+01 9.418e+01
|        ( - 1.786e+03 1 0)
|        ( - 8.775e+00 1 0))
|    ( QUESTION0_18_R 1 4.312e+03 2.134e+02 2.167e+02
|        ( - 6.379e+02 1 0)
|        ( - 3.461e+03 1 0)))
s>    ( SILENCE -1 6.563e+03 3.997e+02 3.109e+02
s>        ( QUESTION0_17_R 1 1.851e+03 5.602e+01 9.418e+01
s>            ( - 1.786e+03 1 0)
s>            ( - 8.775e+00 1 0))
s>        ( QUESTION0_18_R 1 4.312e+03 2.134e+02 2.167e+02
s>            ( - 6.379e+02 1 0)
s>            ( - 3.461e+03 1 0)))INFO: dtree.c(1315): Comp split 7
INFO: dtree.c(1439): stop. leaf nodes are specific
INFO: dtree.c(1478): Final simple tree
|( QUESTION14 -1 7.183e+03 2.928e+02 3.417e+02
|    ( - 6.264e+03 2 0)
|    ( QUESTION0_18_R 1 6.264e+02 9.084e+01 3.690e+01
|        ( - 3.997e+02 1 0)
|        ( - 1.358e+02 1 0)))
s>    ( QUESTION14 -1 7.183e+03 2.928e+02 3.417e+02
s>        ( - 6.264e+03 2 0)
s>        ( QUESTION0_18_R 1 6.264e+02 9.084e+01 3.690e+01
s>            ( - 3.997e+02 1 0)
s>            ( - 1.358e+02 1 0)))INFO: dtree.c(1439): stop. leaf nodes are specific
INFO: dtree.c(1478): Final simple tree
|( QUESTION14 -1 1.866e+04 3.054e+02 8.785e+02
|    ( - 1.747e+04 2 0)
|    ( - 8.900e+02 1 0))
s>    ( QUESTION14 -1 1.866e+04 3.054e+02 8.785e+02
s>        ( - 1.747e+04 2 0)
s>        ( - 8.900e+02 1 0))INFO: dtree.c(1315): Comp split 8
INFO: dtree.c(1439): stop. leaf nodes are specific
INFO: dtree.c(1478): Final simple tree
|( QUESTION0_11_R 1 3.082e+03 2.558e+02 1.802e+02
|    ( - 1.682e+03 1 0)
|    ( QUESTION0_0_R 1 1.144e+03 1.581e+02 7.700e+01
|        ( - 3.379e+02 1 0)
|        ( QUESTION0_18_R 1 6.483e+02 9.836e+01 5.000e+01
|            ( - 3.776e+02 1 0)
|            ( - 1.724e+02 1 0))))
s>    ( QUESTION0_11_R 1 3.082e+03 2.558e+02 1.802e+02
s>        ( - 1.682e+03 1 0)
s>        ( QUESTION0_0_R 1 1.144e+03 1.581e+02 7.700e+01
s>            ( - 3.379e+02 1 0)
s>            ( QUESTION0_18_R 1 6.483e+02 9.836e+01 5.000e+01
s>                ( - 3.776e+02 1 0)
s>                ( - 1.724e+02 1 0))))INFO: dtree.c(1439): stop. leaf nodes are specific
INFO: dtree.c(1478): Final simple tree
|( QUESTION2_15_L -1 6.071e+03 3.734e+02 3.340e+02
|    ( QUESTION0_0_R 1 3.216e+03 2.557e+02 1.980e+02
|        ( QUESTION0_1_R 1 1.273e+03 1.130e+02 9.000e+01
|            ( - 1.907e+02 1 0)
|            ( - 9.689e+02 2 0))
|        ( QUESTION0_15_R 1 1.688e+03 1.944e+02 1.080e+02
|            ( - 4.992e+02 2 0)
|            ( QUESTION0_11_R 1 9.943e+02 1.362e+02 6.897e+01
|                ( - 3.475e+02 1 0)
|                ( - 5.107e+02 1 0))))
|    ( QUESTION0_0_R 1 2.481e+03 2.375e+02 1.360e+02
|        ( - 1.503e+03 2 0)
|        ( - 7.405e+02 1 0)))
s>    ( QUESTION2_15_L -1 6.071e+03 3.734e+02 3.340e+02
s>        ( QUESTION0_0_R 1 3.216e+03 2.557e+02 1.980e+02
s>            ( QUESTION0_1_R 1 1.273e+03 1.130e+02 9.000e+01
s>                ( - 1.907e+02 1 0)
s>                ( - 9.689e+02 2 0))
s>            ( QUESTION0_15_R 1 1.688e+03 1.944e+02 1.080e+02
s>                ( - 4.992e+02 2 0)
s>                ( QUESTION0_11_R 1 9.943e+02 1.362e+02 6.897e+01
s>                    ( - 3.475e+02 1 0)
s>                    ( - 5.107e+02 1 0))))
s>        ( QUESTION0_0_R 1 2.481e+03 2.375e+02 1.360e+02
s>            ( - 1.503e+03 2 0)
s>            ( - 7.405e+02 1 0)))INFO: dtree.c(1315): Comp split 9
INFO: dtree.c(1439): stop. leaf nodes are specific
INFO: dtree.c(1478): Final simple tree
|( QUESTION0_0_R 1 2.324e+03 2.107e+02 1.410e+02
|    ( QUESTION7 1 1.459e+03 1.274e+02 9.601e+01
|        ( - 4.505e+02 1 0)
|        ( QUESTION0_2_R 1 8.814e+02 8.391e+01 6.301e+01
|            ( - 7.066e+01 1 0)
|            ( - 7.269e+02 1 0)))
|    ( QUESTION1 1 6.539e+02 1.014e+02 4.503e+01
|        ( - 3.869e+02 1 0)
|        ( - 1.656e+02 1 0)))
s>    ( QUESTION0_0_R 1 2.324e+03 2.107e+02 1.410e+02
s>        ( QUESTION7 1 1.459e+03 1.274e+02 9.601e+01
s>            ( - 4.505e+02 1 0)
s>            ( QUESTION0_2_R 1 8.814e+02 8.391e+01 6.301e+01
s>                ( - 7.066e+01 1 0)
s>                ( - 7.269e+02 1 0)))
s>        ( QUESTION1 1 6.539e+02 1.014e+02 4.503e+01
s>            ( - 3.869e+02 1 0)
s>            ( - 1.656e+02 1 0)))INFO: dtree.c(1439): stop. leaf nodes are specific
INFO: dtree.c(1478): Final simple tree
|( SILENCE 1 4.885e+03 3.491e+02 2.517e+02
|    ( - 1.716e+03 1 0)
|    ( QUESTION0_0_R 1 2.820e+03 1.845e+02 1.573e+02
|        ( - 3.965e+02 1 0)
|        ( - 2.239e+03 3 0)))
s>    ( SILENCE 1 4.885e+03 3.491e+02 2.517e+02
s>        ( - 1.716e+03 1 0)
s>        ( QUESTION0_0_R 1 2.820e+03 1.845e+02 1.573e+02
s>            ( - 3.965e+02 1 0)
s>            ( - 2.239e+03 3 0)))INFO: dtree.c(1315): Comp split 10
INFO: dtree.c(1439): stop. leaf nodes are specific
INFO: dtree.c(1478): Final simple tree
|( QUESTION0_11_R 1 5.371e+03 2.886e+02 3.240e+02
|    ( QUESTION0_12_R 1 1.713e+03 1.484e+02 1.170e+02
|        ( - 8.745e+02 1 0)
|        ( - 6.904e+02 1 0))
|    ( QUESTION0_10_R 1 3.369e+03 2.429e+02 2.070e+02
|        ( QUESTION0_18_R 1 2.039e+03 1.774e+02 1.300e+02
|            ( - 3.232e+02 1 0)
|            ( QUESTION1 -1 1.539e+03 5.476e+01 1.010e+02
|                ( - 7.317e+00 1 0)
|                ( - 1.477e+03 1 0)))
|        ( - 1.087e+03 2 0)))
s>    ( QUESTION0_11_R 1 5.371e+03 2.886e+02 3.240e+02
s>        ( QUESTION0_12_R 1 1.713e+03 1.484e+02 1.170e+02
s>            ( - 8.745e+02 1 0)
s>            ( - 6.904e+02 1 0))
s>        ( QUESTION0_10_R 1 3.369e+03 2.429e+02 2.070e+02
s>            ( QUESTION0_18_R 1 2.039e+03 1.774e+02 1.300e+02
s>                ( - 3.232e+02 1 0)
s>                ( QUESTION1 -1 1.539e+03 5.476e+01 1.010e+02
s>                    ( - 7.317e+00 1 0)
s>                    ( - 1.477e+03 1 0)))
s>            ( - 1.087e+03 2 0)))INFO: dtree.c(1439): stop. leaf nodes are specific
INFO: dtree.c(1478): Final simple tree
|( QUESTION2_15_L -1 4.518e+03 3.224e+02 2.450e+02
|    ( QUESTION0_0_R 1 2.254e+03 1.896e+02 1.310e+02
|        ( - 1.224e+03 1 0)
|        ( - 8.412e+02 1 0))
|    ( QUESTION0_15_R 1 1.941e+03 1.985e+02 1.140e+02
|        ( - 1.161e+03 1 0)
|        ( QUESTION0_0_R 1 5.817e+02 9.728e+01 4.000e+01
|            ( - 4.079e+02 2 0)
|            ( - 7.648e+01 1 0))))
s>    ( QUESTION2_15_L -1 4.518e+03 3.224e+02 2.450e+02
s>        ( QUESTION0_0_R 1 2.254e+03 1.896e+02 1.310e+02
s>            ( - 1.224e+03 1 0)
s>            ( - 8.412e+02 1 0))
s>        ( QUESTION0_15_R 1 1.941e+03 1.985e+02 1.140e+02
s>            ( - 1.161e+03 1 0)
s>            ( QUESTION0_0_R 1 5.817e+02 9.728e+01 4.000e+01
s>                ( - 4.079e+02 2 0)
s>                ( - 7.648e+01 1 0))))INFO: dtree.c(1315): Comp split 11
INFO: dtree.c(1439): stop. leaf nodes are specific
INFO: dtree.c(1478): Final simple tree
|( QUESTION0 -1 4.199e+03 2.918e+02 2.025e+02
|    ( - 2.715e+03 2 0)
|    ( - 1.193e+03 2 0))
s>    ( QUESTION0 -1 4.199e+03 2.918e+02 2.025e+02
s>        ( - 2.715e+03 2 0)
s>        ( - 1.193e+03 2 0))INFO: dtree.c(1439): stop. leaf nodes are specific
INFO: dtree.c(1478): Final simple tree
|( QUESTION4 -1 3.811e+03 3.083e+02 1.850e+02
|    ( QUESTION5 -1 1.250e+03 1.484e+02 7.000e+01
|        ( - 2.719e+02 1 0)
|        ( - 8.301e+02 1 0))
|    ( QUESTION0_18_R 1 2.252e+03 2.170e+02 1.150e+02
|        ( QUESTION0 -1 9.796e+02 1.422e+02 5.900e+01
|            ( - 3.023e+02 2 0)
|            ( - 5.352e+02 2 0))
|        ( - 1.056e+03 1 0)))
s>    ( QUESTION4 -1 3.811e+03 3.083e+02 1.850e+02
s>        ( QUESTION5 -1 1.250e+03 1.484e+02 7.000e+01
s>            ( - 2.719e+02 1 0)
s>            ( - 8.301e+02 1 0))
s>        ( QUESTION0_18_R 1 2.252e+03 2.170e+02 1.150e+02
s>            ( QUESTION0 -1 9.796e+02 1.422e+02 5.900e+01
s>                ( - 3.023e+02 2 0)
s>                ( - 5.352e+02 2 0))
s>            ( - 1.056e+03 1 0)))INFO: dtree.c(1315): Comp split 12
INFO: dtree.c(1439): stop. leaf nodes are specific
INFO: dtree.c(1478): Final simple tree
|( QUESTION0_18_R 1 4.312e+03 2.134e+02 2.167e+02
|    ( - 6.379e+02 1 0)
|    ( - 3.461e+03 1 0))
s>    ( QUESTION0_18_R 1 4.312e+03 2.134e+02 2.167e+02
s>        ( - 6.379e+02 1 0)
s>        ( - 3.461e+03 1 0))INFO: dtree.c(1439): stop. leaf nodes are specific
INFO: dtree.c(1478): Final simple tree
|( QUESTION0_17_R 1 1.851e+03 5.602e+01 9.418e+01
|    ( - 1.786e+03 1 0)
|    ( - 8.775e+00 1 0))
s>    ( QUESTION0_17_R 1 1.851e+03 5.602e+01 9.418e+01
s>        ( - 1.786e+03 1 0)
s>        ( - 8.775e+00 1 0))INFO: dtree.c(1315): Comp split 13
INFO: dtree.c(1439): stop. leaf nodes are specific
INFO: dtree.c(1478): Final simple tree
|( QUESTION0_0_R 1 3.733e+03 2.967e+02 2.050e+02
|    ( - 1.503e+03 2 0)
|    ( QUESTION15 1 1.933e+03 1.981e+02 1.160e+02
|        ( - 7.405e+02 1 0)
|        ( QUESTION0_11_R 1 9.943e+02 1.362e+02 6.897e+01
|            ( - 3.475e+02 1 0)
|            ( - 5.107e+02 1 0))))
s>    ( QUESTION0_0_R 1 3.733e+03 2.967e+02 2.050e+02
s>        ( - 1.503e+03 2 0)
s>        ( QUESTION15 1 1.933e+03 1.981e+02 1.160e+02
s>            ( - 7.405e+02 1 0)
s>            ( QUESTION0_11_R 1 9.943e+02 1.362e+02 6.897e+01
s>                ( - 3.475e+02 1 0)
s>                ( - 5.107e+02 1 0))))INFO: dtree.c(1439): stop. leaf nodes are specific
INFO: dtree.c(1478): Final simple tree
|( QUESTION0_8_R 1 1.942e+03 1.814e+02 1.290e+02
|    ( - 9.689e+02 2 0)
|    ( QUESTION0_0_R 1 7.921e+02 1.021e+02 5.800e+01
|        ( - 1.907e+02 1 0)
|        ( - 4.992e+02 2 0)))
s>    ( QUESTION0_8_R 1 1.942e+03 1.814e+02 1.290e+02
s>        ( - 9.689e+02 2 0)
s>        ( QUESTION0_0_R 1 7.921e+02 1.021e+02 5.800e+01
s>            ( - 1.907e+02 1 0)
s>            ( - 4.992e+02 2 0)))INFO: dtree.c(1315): Comp split 14
INFO: dtree.c(1439): stop. leaf nodes are specific
INFO: dtree.c(1478): Final simple tree
|( QUESTION0_0_R 1 2.820e+03 1.845e+02 1.573e+02
|    ( - 3.965e+02 1 0)
|    ( - 2.239e+03 3 0))
s>    ( QUESTION0_0_R 1 2.820e+03 1.845e+02 1.573e+02
s>        ( - 3.965e+02 1 0)
s>        ( - 2.239e+03 3 0))INFO: dtree.c(1315): Comp split 15
INFO: dtree.c(1315): Comp split 16
INFO: dtree.c(1439): stop. leaf nodes are specific
INFO: dtree.c(1478): Final simple tree
|( QUESTION0_18_R 1 3.051e+03 1.887e+02 1.555e+02
|    ( QUESTION1 -1 5.259e+02 1.086e+02 3.500e+01
|        ( - 1.469e+02 1 0)
|        ( QUESTION11 -1 2.705e+02 4.739e+01 2.100e+01
|            ( - 1.866e+02 1 0)
|            ( - 3.645e+01 1 0)))
|    ( - 2.336e+03 1 0))
s>    ( QUESTION0_18_R 1 3.051e+03 1.887e+02 1.555e+02
s>        ( QUESTION1 -1 5.259e+02 1.086e+02 3.500e+01
s>            ( - 1.469e+02 1 0)
s>            ( QUESTION11 -1 2.705e+02 4.739e+01 2.100e+01
s>                ( - 1.866e+02 1 0)
s>                ( - 3.645e+01 1 0)))
s>        ( - 2.336e+03 1 0))INFO: dtree.c(1439): stop. leaf nodes are specific
INFO: dtree.c(1478): Final simple tree
|( QUESTION0_18_R 1 1.705e+03 1.944e+02 9.542e+01
|    ( QUESTION1 -1 5.221e+02 8.092e+01 3.542e+01
|        ( - 3.199e+02 1 0)
|        ( - 1.214e+02 1 0))
|    ( QUESTION12 -1 9.888e+02 1.163e+02 6.000e+01
|        ( - 7.244e+02 1 0)
|        ( QUESTION1 -1 1.481e+02 4.349e+01 1.300e+01
|            ( - 4.216e+01 1 0)
|            ( - 6.249e+01 1 0))))
s>    ( QUESTION0_18_R 1 1.705e+03 1.944e+02 9.542e+01
s>        ( QUESTION1 -1 5.221e+02 8.092e+01 3.542e+01
s>            ( - 3.199e+02 1 0)
s>            ( - 1.214e+02 1 0))
s>        ( QUESTION12 -1 9.888e+02 1.163e+02 6.000e+01
s>            ( - 7.244e+02 1 0)
s>            ( QUESTION1 -1 1.481e+02 4.349e+01 1.300e+01
s>                ( - 4.216e+01 1 0)
s>                ( - 6.249e+01 1 0))))INFO: dtree.c(1315): Comp split 17
INFO: dtree.c(1439): stop. leaf nodes are specific
INFO: dtree.c(1478): Final simple tree
|( QUESTION0_0_R 1 2.432e+03 1.999e+02 1.410e+02
|    ( - 1.224e+03 1 0)
|    ( QUESTION0_11_R 1 1.009e+03 9.108e+01 6.500e+01
|        ( - 8.412e+02 1 0)
|        ( - 7.648e+01 1 0)))
s>    ( QUESTION0_0_R 1 2.432e+03 1.999e+02 1.410e+02
s>        ( - 1.224e+03 1 0)
s>        ( QUESTION0_11_R 1 1.009e+03 9.108e+01 6.500e+01
s>            ( - 8.412e+02 1 0)
s>            ( - 7.648e+01 1 0)))INFO: dtree.c(1439): stop. leaf nodes are specific
INFO: dtree.c(1478): Final simple tree
|( QUESTION0_0_R 1 1.751e+03 1.816e+02 1.040e+02
|    ( - 4.079e+02 2 0)
|    ( - 1.161e+03 1 0))
s>    ( QUESTION0_0_R 1 1.751e+03 1.816e+02 1.040e+02
s>        ( - 4.079e+02 2 0)
s>        ( - 1.161e+03 1 0))INFO: dtree.c(1315): Comp split 18
INFO: dtree.c(1439): stop. leaf nodes are specific
INFO: dtree.c(1478): Final simple tree
|( QUESTION0_11_R 1 3.414e+03 2.245e+02 2.160e+02
|    ( QUESTION0_12_R 1 1.713e+03 1.484e+02 1.170e+02
|        ( - 8.745e+02 1 0)
|        ( - 6.904e+02 1 0))
|    ( - 1.477e+03 1 0))
s>    ( QUESTION0_11_R 1 3.414e+03 2.245e+02 2.160e+02
s>        ( QUESTION0_12_R 1 1.713e+03 1.484e+02 1.170e+02
s>            ( - 8.745e+02 1 0)
s>            ( - 6.904e+02 1 0))
s>        ( - 1.477e+03 1 0))INFO: dtree.c(1439): stop. leaf nodes are specific
INFO: dtree.c(1478): Final simple tree
|( QUESTION0_10_R 1 1.627e+03 1.725e+02 1.080e+02
|    ( QUESTION0_18_R 1 3.685e+02 3.798e+01 3.100e+01
|        ( - 3.232e+02 1 0)
|        ( - 7.317e+00 1 0))
|    ( - 1.087e+03 2 0))
s>    ( QUESTION0_10_R 1 1.627e+03 1.725e+02 1.080e+02
s>        ( QUESTION0_18_R 1 3.685e+02 3.798e+01 3.100e+01
s>            ( - 3.232e+02 1 0)
s>            ( - 7.317e+00 1 0))
s>        ( - 1.087e+03 2 0))INFO: dtree.c(1315): Comp split 19
INFO: dtree.c(1439): stop. leaf nodes are specific
INFO: dtree.c(1478): Final simple tree
|( QUESTION0_18_R 1 1.983e+03 1.973e+02 1.060e+02
|    ( - 5.352e+02 2 0)
|    ( QUESTION5 -1 1.250e+03 1.484e+02 7.000e+01
|        ( - 2.719e+02 1 0)
|        ( - 8.301e+02 1 0)))
s>    ( QUESTION0_18_R 1 1.983e+03 1.973e+02 1.060e+02
s>        ( - 5.352e+02 2 0)
s>        ( QUESTION5 -1 1.250e+03 1.484e+02 7.000e+01
s>            ( - 2.719e+02 1 0)
s>            ( - 8.301e+02 1 0)))INFO: dtree.c(1439): stop. leaf nodes are specific
INFO: dtree.c(1478): Final simple tree
|( QUESTION0_18_R 1 1.511e+03 1.527e+02 7.901e+01
|    ( - 3.023e+02 2 0)
|    ( - 1.056e+03 1 0))
s>    ( QUESTION0_18_R 1 1.511e+03 1.527e+02 7.901e+01
s>        ( - 3.023e+02 2 0)
s>        ( - 1.056e+03 1 0))INFO: dtree.c(1315): Comp split 20
INFO: dtree.c(1315): Comp split 21
INFO: dtree.c(1439): stop. leaf nodes are specific
INFO: dtree.c(1478): Final simple tree
|( QUESTION15 1 1.933e+03 1.981e+02 1.160e+02
|    ( - 7.405e+02 1 0)
|    ( QUESTION0_11_R 1 9.943e+02 1.362e+02 6.897e+01
|        ( - 3.475e+02 1 0)
|        ( - 5.107e+02 1 0)))
s>    ( QUESTION15 1 1.933e+03 1.981e+02 1.160e+02
s>        ( - 7.405e+02 1 0)
s>        ( QUESTION0_11_R 1 9.943e+02 1.362e+02 6.897e+01
s>            ( - 3.475e+02 1 0)
s>            ( - 5.107e+02 1 0)))INFO: dtree.c(1315): Comp split 22
INFO: dtree.c(1439): stop. leaf nodes are specific
INFO: dtree.c(1478): Final simple tree
|( QUESTION0_18_R 1 6.264e+02 9.084e+01 3.690e+01
|    ( - 3.997e+02 1 0)
|    ( - 1.358e+02 1 0))
s>    ( QUESTION0_18_R 1 6.264e+02 9.084e+01 3.690e+01
s>        ( - 3.997e+02 1 0)
s>        ( - 1.358e+02 1 0))INFO: dtree.c(1315): Comp split 23
INFO: dtree.c(1315): Comp split 24
INFO: dtree.c(1439): stop. leaf nodes are specific
INFO: dtree.c(1478): Final simple tree
|( QUESTION0_0_R 1 8.590e+02 1.436e+02 5.800e+01
|    ( - 3.379e+02 1 0)
|    ( - 3.776e+02 1 0))
s>    ( QUESTION0_0_R 1 8.590e+02 1.436e+02 5.800e+01
s>        ( - 3.379e+02 1 0)
s>        ( - 3.776e+02 1 0))INFO: dtree.c(1439): stop. leaf nodes are specific
INFO: dtree.c(1478): Final simple tree
|( QUESTION0_11_R 1 1.958e+03 1.031e+02 1.222e+02
|    ( - 1.682e+03 1 0)
|    ( - 1.724e+02 1 0))
s>    ( QUESTION0_11_R 1 1.958e+03 1.031e+02 1.222e+02
s>        ( - 1.682e+03 1 0)
s>        ( - 1.724e+02 1 0))INFO: dtree.c(1315): Comp split 25
INFO: dtree.c(1439): stop. leaf nodes are specific
INFO: dtree.c(1478): Final simple tree
|( QUESTION0_12_R 1 1.713e+03 1.484e+02 1.170e+02
|    ( - 8.745e+02 1 0)
|    ( - 6.904e+02 1 0))
s>    ( QUESTION0_12_R 1 1.713e+03 1.484e+02 1.170e+02
s>        ( - 8.745e+02 1 0)
s>        ( - 6.904e+02 1 0))INFO: dtree.c(1315): Comp split 26
INFO: dtree.c(1315): Comp split 27
INFO: dtree.c(1439): stop. leaf nodes are specific
INFO: dtree.c(1478): Final simple tree
|( QUESTION7 1 1.459e+03 1.274e+02 9.601e+01
|    ( - 4.505e+02 1 0)
|    ( QUESTION0_2_R 1 8.814e+02 8.391e+01 6.301e+01
|        ( - 7.066e+01 1 0)
|        ( - 7.269e+02 1 0)))
s>    ( QUESTION7 1 1.459e+03 1.274e+02 9.601e+01
s>        ( - 4.505e+02 1 0)
s>        ( QUESTION0_2_R 1 8.814e+02 8.391e+01 6.301e+01
s>            ( - 7.066e+01 1 0)
s>            ( - 7.269e+02 1 0)))INFO: dtree.c(1439): stop. leaf nodes are specific
INFO: dtree.c(1478): Final simple tree
|( QUESTION1 1 6.539e+02 1.014e+02 4.503e+01
|    ( - 3.869e+02 1 0)
|    ( - 1.656e+02 1 0))
s>    ( QUESTION1 1 6.539e+02 1.014e+02 4.503e+01
s>        ( - 3.869e+02 1 0)
s>        ( - 1.656e+02 1 0))INFO: dtree.c(1315): Comp split 28
INFO: dtree.c(1439): stop. leaf nodes are specific
INFO: dtree.c(1478): Final simple tree
|( QUESTION0_11_R 1 1.009e+03 9.108e+01 6.500e+01
|    ( - 8.412e+02 1 0)
|    ( - 7.648e+01 1 0))
s>    ( QUESTION0_11_R 1 1.009e+03 9.108e+01 6.500e+01
s>        ( - 8.412e+02 1 0)
s>        ( - 7.648e+01 1 0))INFO: dtree.c(1315): Comp split 29
INFO: dtree.c(1439): stop. leaf nodes are specific
INFO: dtree.c(1478): Final simple tree
|( QUESTION0_11_R 1 9.943e+02 1.362e+02 6.897e+01
|    ( - 3.475e+02 1 0)
|    ( - 5.107e+02 1 0))
s>    ( QUESTION0_11_R 1 9.943e+02 1.362e+02 6.897e+01
s>        ( - 3.475e+02 1 0)
s>        ( - 5.107e+02 1 0))INFO: dtree.c(1315): Comp split 30
INFO: dtree.c(1439): stop. leaf nodes are specific
INFO: dtree.c(1478): Final simple tree
|( QUESTION5 -1 1.250e+03 1.484e+02 7.000e+01
|    ( - 2.719e+02 1 0)
|    ( - 8.301e+02 1 0))
s>    ( QUESTION5 -1 1.250e+03 1.484e+02 7.000e+01
s>        ( - 2.719e+02 1 0)
s>        ( - 8.301e+02 1 0))INFO: dtree.c(1315): Comp split 31
INFO: dtree.c(1439): stop. leaf nodes are specific
INFO: dtree.c(1478): Final simple tree
|( QUESTION12 -1 9.888e+02 1.163e+02 6.000e+01
|    ( - 7.244e+02 1 0)
|    ( QUESTION1 -1 1.481e+02 4.349e+01 1.300e+01
|        ( - 4.216e+01 1 0)
|        ( - 6.249e+01 1 0)))
s>    ( QUESTION12 -1 9.888e+02 1.163e+02 6.000e+01
s>        ( - 7.244e+02 1 0)
s>        ( QUESTION1 -1 1.481e+02 4.349e+01 1.300e+01
s>            ( - 4.216e+01 1 0)
s>            ( - 6.249e+01 1 0)))INFO: dtree.c(1439): stop. leaf nodes are specific
INFO: dtree.c(1478): Final simple tree
|( QUESTION1 -1 5.221e+02 8.092e+01 3.542e+01
|    ( - 3.199e+02 1 0)
|    ( - 1.214e+02 1 0))
s>    ( QUESTION1 -1 5.221e+02 8.092e+01 3.542e+01
s>        ( - 3.199e+02 1 0)
s>        ( - 1.214e+02 1 0))INFO: dtree.c(1315): Comp split 32
INFO: dtree.c(1439): stop. leaf nodes are specific
INFO: dtree.c(1478): Final simple tree
|( QUESTION1 -1 5.259e+02 1.086e+02 3.500e+01
|    ( - 1.469e+02 1 0)
|    ( QUESTION11 -1 2.705e+02 4.739e+01 2.100e+01
|        ( - 1.866e+02 1 0)
|        ( - 3.645e+01 1 0)))
s>    ( QUESTION1 -1 5.259e+02 1.086e+02 3.500e+01
s>        ( - 1.469e+02 1 0)
s>        ( QUESTION11 -1 2.705e+02 4.739e+01 2.100e+01
s>            ( - 1.866e+02 1 0)
s>            ( - 3.645e+01 1 0)))INFO: dtree.c(1315): Comp split 33
INFO: dtree.c(1315): Comp split 34
INFO: dtree.c(1315): Comp split 35
INFO: dtree.c(1439): stop. leaf nodes are specific
INFO: dtree.c(1478): Final simple tree
|( QUESTION0_0_R 1 7.921e+02 1.021e+02 5.800e+01
|    ( - 1.907e+02 1 0)
|    ( - 4.992e+02 2 0))
s>    ( QUESTION0_0_R 1 7.921e+02 1.021e+02 5.800e+01
s>        ( - 1.907e+02 1 0)
s>        ( - 4.992e+02 2 0))INFO: dtree.c(1315): Comp split 36
INFO: dtree.c(1439): stop. leaf nodes are specific
INFO: dtree.c(1478): Final simple tree
|( QUESTION0_18_R 1 3.685e+02 3.798e+01 3.100e+01
|    ( - 3.232e+02 1 0)
|    ( - 7.317e+00 1 0))
s>    ( QUESTION0_18_R 1 3.685e+02 3.798e+01 3.100e+01
s>        ( - 3.232e+02 1 0)
s>        ( - 7.317e+00 1 0))INFO: dtree.c(1315): Comp split 37
INFO: dtree.c(1315): Comp split 38
INFO: dtree.c(1315): Comp split 39
INFO: dtree.c(1315): Comp split 40
INFO: dtree.c(1315): Comp split 41
INFO: dtree.c(1315): Comp split 42
INFO: dtree.c(1439): stop. leaf nodes are specific
INFO: dtree.c(1478): Final simple tree
|( QUESTION0_2_R 1 8.814e+02 8.391e+01 6.301e+01
|    ( - 7.066e+01 1 0)
|    ( - 7.269e+02 1 0))
s>    ( QUESTION0_2_R 1 8.814e+02 8.391e+01 6.301e+01
s>        ( - 7.066e+01 1 0)
s>        ( - 7.269e+02 1 0))INFO: dtree.c(1315): Comp split 43
INFO: dtree.c(1439): stop. leaf nodes are specific
INFO: dtree.c(1478): Final simple tree
|( QUESTION1 -1 1.481e+02 4.349e+01 1.300e+01
|    ( - 4.216e+01 1 0)
|    ( - 6.249e+01 1 0))
s>    ( QUESTION1 -1 1.481e+02 4.349e+01 1.300e+01
s>        ( - 4.216e+01 1 0)
s>        ( - 6.249e+01 1 0))INFO: dtree.c(1315): Comp split 44
INFO: dtree.c(1439): stop. leaf nodes are specific
INFO: dtree.c(1478): Final simple tree
|( QUESTION11 -1 2.705e+02 4.739e+01 2.100e+01
|    ( - 1.866e+02 1 0)
|    ( - 3.645e+01 1 0))
s>    ( QUESTION11 -1 2.705e+02 4.739e+01 2.100e+01
s>        ( - 1.866e+02 1 0)
s>        ( - 3.645e+01 1 0))INFO: dtree.c(1315): Comp split 45
INFO: dtree.c(1315): Comp split 46
INFO: dtree.c(1315): Comp split 47
INFO: dtree.c(1315): Comp split 48
INFO: dtree.c(1315): Comp split 49
INFO: dtree.c(1315): Comp split 50
INFO: dtree.c(1315): Comp split 51
INFO: dtree.c(1315): Comp split 52
INFO: dtree.c(1315): Comp split 53
INFO: dtree.c(1315): Comp split 54
INFO: dtree.c(1315): Comp split 55
INFO: dtree.c(1315): Comp split 56
INFO: dtree.c(1318): stop. leaf nodes are specific
Fri Nov  2 10:06:34 2018
