Current configuration:
[NAME]		[DEFLT]		[VALUE]
-agc		none		none
-agcthresh	2.0		2.000000e+00
-cbcntfn			
-cepdir				
-cepext		mfc		mfc
-ceplen		13		13
-cmn		live		batch
-cmninit	40,3,-1		40,3,-1
-ctlfn				
-dictfn				
-dmoddeffn			
-example	no		no
-fdictfn			
-feat		1s_c_d_dd	s2_4x
-featsel			0
-fpcachesz	3000		3000
-fullvar	no		no
-gthobj		state		single
-help		no		no
-lda				
-ldadim		0		0
-lsnfn				
-maxcbobs			0
-maxiter	100		100
-maxtotobs			0
-meanfn				/home/sdv/Documents/SDV/SDVoice/an4/model_parameters/an4.ci_semi_flatinitial/means
-method		rkm		rkm
-minratio	0.01		1.000000e-03
-mixwfn				
-ndensity			256
-niter		20		20
-ntrial		5		1
-obscachesz	92		92
-omoddeffn			
-reest		yes		no
-runlen				0
-segdir				
-segdmpdirs			/home/sdv/Documents/SDV/SDVoice/an4/bwaccumdir/an4_buff_1,
-segdmpfn			/home/sdv/Documents/SDV/SDVoice/an4/bwaccumdir/an4_buff_1/an4.dmp
-segext		v8_seg		v8_seg
-segidxfn			
-stride		32		1
-svspec				
-ts2cbfn			
-tscnt				0
-tsoff		0		0
-tsrngfn			
-varfn				/home/sdv/Documents/SDV/SDVoice/an4/model_parameters/an4.ci_semi_flatinitial/variances
-varnorm	no		no
-vartiethr	0		0

INFO: feat.c(715): Initializing feature stream to type: 's2_4x', ceplen=13, CMN='batch', VARNORM='no', AGC='none'
INFO: main.c(520): No mdef files.  Assuming 1-class init
INFO: main.c(1345): 1-class dump file
INFO: main.c(1385): Corpus 0: sz==233366 frames
INFO: main.c(1392): Convergence ratios are abs(cur - prior) / abs(prior)
INFO: main.c(237): alloc'ing 10Mb obs buf
INFO: main.c(577): Initializing means using random k-means
INFO: main.c(580): Trial 0: 256 means
INFO: kmeans.c(155): km iter [0] 1.000000e+00 ...
INFO: kmeans.c(155): km iter [1] 1.558460e-01 ...
INFO: kmeans.c(155): km iter [2] 4.021424e-02 ...
INFO: kmeans.c(155): km iter [3] 1.845928e-02 ...
INFO: kmeans.c(155): km iter [4] 1.049564e-02 ...
INFO: kmeans.c(155): km iter [5] 7.049415e-03 ...
INFO: kmeans.c(155): km iter [6] 5.118963e-03 ...
INFO: kmeans.c(155): km iter [7] 3.961091e-03 ...
INFO: kmeans.c(155): km iter [8] 3.051833e-03 ...
INFO: kmeans.c(155): km iter [9] 2.361586e-03 ...
INFO: kmeans.c(155): km iter [10] 1.887468e-03 ...
INFO: kmeans.c(155): km iter [11] 1.544340e-03 ...
INFO: kmeans.c(155): km iter [12] 1.335441e-03 ...
INFO: kmeans.c(155): km iter [13] 1.217421e-03 ...
INFO: kmeans.c(155): km iter [14] 1.066183e-03 ...
INFO: kmeans.c(168): kmtrineq n_iter 15 sqerr 1.837051e+08 conv_ratio 9.361028e-04
INFO: main.c(622): 	best-so-far sqerr = 1.837051e+08
INFO: main.c(237): alloc'ing 21Mb obs buf
INFO: main.c(577): Initializing means using random k-means
INFO: main.c(580): Trial 0: 256 means
INFO: kmeans.c(155): km iter [0] 1.000000e+00 ...
INFO: kmeans.c(155): km iter [1] 1.599271e-01 ...
INFO: kmeans.c(155): km iter [2] 3.597176e-02 ...
INFO: kmeans.c(155): km iter [3] 1.477684e-02 ...
INFO: kmeans.c(155): km iter [4] 7.915775e-03 ...
INFO: kmeans.c(155): km iter [5] 5.103433e-03 ...
INFO: kmeans.c(155): km iter [6] 3.764405e-03 ...
INFO: kmeans.c(155): km iter [7] 2.946972e-03 ...
INFO: kmeans.c(155): km iter [8] 2.371551e-03 ...
INFO: kmeans.c(155): km iter [9] 1.976844e-03 ...
INFO: kmeans.c(155): km iter [10] 1.702748e-03 ...
INFO: kmeans.c(155): km iter [11] 1.421125e-03 ...
INFO: kmeans.c(155): km iter [12] 1.184091e-03 ...
INFO: kmeans.c(168): kmtrineq n_iter 13 sqerr 6.333812e+08 conv_ratio 9.923875e-04
INFO: main.c(622): 	best-so-far sqerr = 6.333812e+08
INFO: main.c(237): alloc'ing 2Mb obs buf
INFO: main.c(577): Initializing means using random k-means
INFO: main.c(580): Trial 0: 256 means
INFO: kmeans.c(155): km iter [0] 1.000000e+00 ...
INFO: kmeans.c(155): km iter [1] 2.519568e-01 ...
INFO: kmeans.c(155): km iter [2] 9.611356e-02 ...
INFO: kmeans.c(155): km iter [3] 5.081545e-02 ...
INFO: kmeans.c(155): km iter [4] 3.647997e-02 ...
INFO: kmeans.c(155): km iter [5] 2.813864e-02 ...
INFO: kmeans.c(155): km iter [6] 2.238539e-02 ...
INFO: kmeans.c(155): km iter [7] 1.855103e-02 ...
INFO: kmeans.c(155): km iter [8] 1.565450e-02 ...
INFO: kmeans.c(155): km iter [9] 1.335460e-02 ...
INFO: kmeans.c(155): km iter [10] 1.162785e-02 ...
INFO: kmeans.c(155): km iter [11] 1.070332e-02 ...
INFO: kmeans.c(155): km iter [12] 9.748211e-03 ...
INFO: kmeans.c(155): km iter [13] 9.188221e-03 ...
INFO: kmeans.c(155): km iter [14] 8.005773e-03 ...
INFO: kmeans.c(155): km iter [15] 6.821067e-03 ...
INFO: kmeans.c(155): km iter [16] 6.027606e-03 ...
INFO: kmeans.c(155): km iter [17] 5.517880e-03 ...
INFO: kmeans.c(155): km iter [18] 4.909354e-03 ...
INFO: kmeans.c(155): km iter [19] 4.483639e-03 ...
INFO: kmeans.c(155): km iter [20] 4.010494e-03 ...
INFO: kmeans.c(155): km iter [21] 3.537550e-03 ...
INFO: kmeans.c(155): km iter [22] 3.074773e-03 ...
INFO: kmeans.c(155): km iter [23] 2.903531e-03 ...
INFO: kmeans.c(155): km iter [24] 2.642589e-03 ...
INFO: kmeans.c(155): km iter [25] 2.400577e-03 ...
INFO: kmeans.c(155): km iter [26] 2.296827e-03 ...
INFO: kmeans.c(155): km iter [27] 2.207123e-03 ...
INFO: kmeans.c(155): km iter [28] 1.958864e-03 ...
INFO: kmeans.c(155): km iter [29] 1.745627e-03 ...
INFO: kmeans.c(155): km iter [30] 1.621958e-03 ...
INFO: kmeans.c(155): km iter [31] 1.542859e-03 ...
INFO: kmeans.c(155): km iter [32] 1.395381e-03 ...
INFO: kmeans.c(155): km iter [33] 1.389147e-03 ...
INFO: kmeans.c(155): km iter [34] 1.423929e-03 ...
INFO: kmeans.c(155): km iter [35] 1.252772e-03 ...
INFO: kmeans.c(155): km iter [36] 1.244341e-03 ...
INFO: kmeans.c(155): km iter [37] 1.227578e-03 ...
INFO: kmeans.c(155): km iter [38] 1.173291e-03 ...
INFO: kmeans.c(155): km iter [39] 1.087901e-03 ...
INFO: kmeans.c(155): km iter [40] 1.085137e-03 ...
INFO: kmeans.c(155): km iter [41] 1.083513e-03 ...
INFO: kmeans.c(155): km iter [42] 1.005407e-03 ...
INFO: kmeans.c(168): kmtrineq n_iter 43 sqerr 3.468162e+06 conv_ratio 9.519751e-04
INFO: main.c(622): 	best-so-far sqerr = 3.468162e+06
INFO: main.c(237): alloc'ing 10Mb obs buf
INFO: main.c(577): Initializing means using random k-means
INFO: main.c(580): Trial 0: 256 means
INFO: kmeans.c(155): km iter [0] 1.000000e+00 ...
INFO: kmeans.c(155): km iter [1] 5.943070e-02 ...
INFO: kmeans.c(155): km iter [2] 2.319966e-02 ...
INFO: kmeans.c(155): km iter [3] 1.124024e-02 ...
INFO: kmeans.c(155): km iter [4] 6.615958e-03 ...
INFO: kmeans.c(155): km iter [5] 4.469486e-03 ...
INFO: kmeans.c(155): km iter [6] 3.291447e-03 ...
INFO: kmeans.c(155): km iter [7] 2.583524e-03 ...
INFO: kmeans.c(155): km iter [8] 2.079049e-03 ...
INFO: kmeans.c(155): km iter [9] 1.731123e-03 ...
INFO: kmeans.c(155): km iter [10] 1.496731e-03 ...
INFO: kmeans.c(155): km iter [11] 1.309061e-03 ...
INFO: kmeans.c(155): km iter [12] 1.162647e-03 ...
INFO: kmeans.c(168): kmtrineq n_iter 13 sqerr 2.666474e+08 conv_ratio 9.985541e-04
INFO: main.c(622): 	best-so-far sqerr = 2.666474e+08
INFO: main.c(908): Initializing variances
INFO: main.c(237): alloc'ing 10Mb obs buf
INFO: main.c(237): alloc'ing 21Mb obs buf
INFO: main.c(237): alloc'ing 2Mb obs buf
INFO: main.c(237): alloc'ing 10Mb obs buf
INFO: main.c(1438): sqerr [0] == 1.087202e+09
INFO: main.c(1442): sqerr = 1.087202e+09 tot 3.297274e+04 rms
INFO: s3gau_io.c(228): Wrote /home/sdv/Documents/SDV/SDVoice/an4/model_parameters/an4.ci_semi_flatinitial/means [1x4x256 array]
INFO: s3gau_io.c(228): Wrote /home/sdv/Documents/SDV/SDVoice/an4/model_parameters/an4.ci_semi_flatinitial/variances [1x4x256 array]
INFO: main.c(1496): No mixing weight file given; none written
INFO: main.c(1628): TOTALS: km 0.002x 1.000e+00 var 0.000x 1.001e+00 em 0.000x 0.000e+00 all 0.002x 1.000e+00
Fri Nov  2 09:52:04 2018
