Current configuration:
[NAME]		[DEFLT]	[VALUE]
-accumdirs		/home/sdv/Documents/SDV/SDVoice/an4/bwaccumdir/an4_buff_1,/home/sdv/Documents/SDV/SDVoice/an4/bwaccumdir/an4_buff_2,
-cilambda	0.9	9.000000e-01
-example	no	no
-help		no	no
-maxiter	100	4000
-mixwfn			/home/sdv/Documents/SDV/SDVoice/an4/model_parameters/an4.cd_semi_200_delinterp/mixture_weights
-moddeffn		/home/sdv/Documents/SDV/SDVoice/an4/model_architecture/an4.200.mdef

INFO: model_def_io.c(573): Model definition info:
INFO: model_def_io.c(574): 6406 total models defined (34 base, 6372 tri)
INFO: model_def_io.c(575): 25624 total states
INFO: model_def_io.c(576): 302 total tied states
INFO: model_def_io.c(577): 102 total tied CI states
INFO: model_def_io.c(578): 34 total tied transition matrices
INFO: model_def_io.c(579): 4 max state/model
INFO: model_def_io.c(580): 4 min state/model
INFO: main.c(474): Reading /home/sdv/Documents/SDV/SDVoice/an4/bwaccumdir/an4_buff_1/mixw_counts
INFO: s3mixw_io.c(117): Read /home/sdv/Documents/SDV/SDVoice/an4/bwaccumdir/an4_buff_1/mixw_counts [302x4x256 array]
INFO: main.c(474): Reading /home/sdv/Documents/SDV/SDVoice/an4/bwaccumdir/an4_buff_2/mixw_counts
INFO: s3mixw_io.c(117): Read /home/sdv/Documents/SDV/SDVoice/an4/bwaccumdir/an4_buff_2/mixw_counts [302x4x256 array]
INFO: main.c(261): Interpolating 200 CD states
INFO: main.c(262): 4 states max/model
INFO: main.c(392): 0:0:200
INFO: main.c(392): 1:0:200
INFO: main.c(392): 2:0:200
INFO: main.c(392): 3:0:200
INFO: main.c(392): 4:0:200
INFO: main.c(392): 5:0:200
INFO: main.c(392): 6:4:200
INFO: main.c(392): 7:12:200
INFO: main.c(392): 8:16:200
INFO: main.c(392): 9:21:200
INFO: main.c(392): 10:32:200
INFO: main.c(392): 11:38:200
INFO: main.c(392): 12:40:200
INFO: main.c(392): 13:43:200
INFO: main.c(392): 14:49:200
INFO: main.c(392): 15:52:200
INFO: main.c(392): 16:54:200
INFO: main.c(392): 17:57:200
INFO: main.c(392): 18:59:200
INFO: main.c(392): 19:61:200
INFO: main.c(392): 20:65:200
INFO: main.c(392): 21:71:200
INFO: main.c(392): 22:72:200
INFO: main.c(392): 23:73:200
INFO: main.c(392): 24:77:200
INFO: main.c(392): 25:78:200
INFO: main.c(392): 26:80:200
INFO: main.c(392): 27:85:200
INFO: main.c(392): 28:86:200
INFO: main.c(392): 29:89:200
INFO: main.c(392): 30:90:200
INFO: main.c(392): 31:92:200
INFO: main.c(392): 32:96:200
INFO: main.c(392): 33:98:200
INFO: main.c(392): 34:101:200
INFO: main.c(392): 35:107:200
INFO: main.c(392): 36:110:200
INFO: main.c(392): 37:113:200
INFO: main.c(392): 38:114:200
INFO: main.c(392): 39:117:200
INFO: main.c(392): 40:117:200
INFO: main.c(392): 41:119:200
INFO: main.c(392): 42:122:200
INFO: main.c(392): 43:122:200
INFO: main.c(392): 44:126:200
INFO: main.c(392): 45:127:200
INFO: main.c(392): 46:133:200
INFO: main.c(392): 47:134:200
INFO: main.c(392): 48:134:200
INFO: main.c(392): 49:134:200
INFO: main.c(392): 50:137:200
INFO: main.c(392): 51:140:200
INFO: main.c(392): 52:140:200
INFO: main.c(392): 53:141:200
INFO: main.c(392): 54:143:200
INFO: main.c(392): 55:143:200
INFO: main.c(392): 56:145:200
INFO: main.c(392): 57:146:200
INFO: main.c(392): 58:149:200
INFO: main.c(392): 59:151:200
INFO: main.c(392): 60:152:200
INFO: main.c(392): 61:154:200
INFO: main.c(392): 62:156:200
INFO: main.c(392): 63:156:200
INFO: main.c(392): 64:161:200
INFO: main.c(392): 65:162:200
INFO: main.c(392): 66:162:200
INFO: main.c(392): 67:162:200
INFO: main.c(392): 68:162:200
INFO: main.c(392): 69:163:200
INFO: main.c(392): 70:166:200
INFO: main.c(392): 71:167:200
INFO: main.c(392): 72:168:200
INFO: main.c(392): 73:170:200
INFO: main.c(392): 74:172:200
INFO: main.c(392): 75:173:200
INFO: main.c(392): 76:173:200
INFO: main.c(392): 77:173:200
INFO: main.c(392): 78:175:200
INFO: main.c(392): 79:176:200
INFO: main.c(392): 80:176:200
INFO: main.c(392): 81:179:200
INFO: main.c(392): 82:179:200
INFO: main.c(392): 83:179:200
INFO: main.c(392): 84:181:200
INFO: main.c(392): 85:181:200
INFO: main.c(392): 86:181:200
INFO: main.c(392): 87:181:200
INFO: main.c(392): 88:182:200
INFO: main.c(392): 89:182:200
INFO: main.c(392): 90:182:200
INFO: main.c(392): 91:182:200
INFO: main.c(392): 92:182:200
INFO: main.c(392): 93:182:200
INFO: main.c(392): 94:183:200
INFO: main.c(392): 95:183:200
INFO: main.c(392): 96:184:200
INFO: main.c(392): 97:185:200
INFO: main.c(392): 98:185:200
INFO: main.c(392): 99:185:200
INFO: main.c(392): 100:187:200
INFO: main.c(392): 101:187:200
INFO: main.c(392): 102:188:200
INFO: main.c(392): 103:188:200
INFO: main.c(392): 104:188:200
INFO: main.c(392): 105:190:200
INFO: main.c(392): 106:190:200
INFO: main.c(392): 107:191:200
INFO: main.c(392): 108:191:200
INFO: main.c(392): 109:191:200
INFO: main.c(392): 110:191:200
INFO: main.c(392): 111:191:200
INFO: main.c(392): 112:191:200
INFO: main.c(392): 113:192:200
INFO: main.c(392): 114:192:200
INFO: main.c(392): 115:192:200
INFO: main.c(392): 116:192:200
INFO: main.c(392): 117:192:200
INFO: main.c(392): 118:193:200
INFO: main.c(392): 119:193:200
INFO: main.c(392): 120:193:200
INFO: main.c(392): 121:194:200
INFO: main.c(392): 122:194:200
INFO: main.c(392): 123:194:200
INFO: main.c(392): 124:194:200
INFO: main.c(392): 125:194:200
INFO: main.c(392): 126:194:200
INFO: main.c(392): 127:194:200
INFO: main.c(392): 128:194:200
INFO: main.c(392): 129:194:200
INFO: main.c(392): 130:194:200
INFO: main.c(392): 131:194:200
INFO: main.c(392): 132:194:200
INFO: main.c(392): 133:194:200
INFO: main.c(392): 134:194:200
INFO: main.c(392): 135:194:200
INFO: main.c(392): 136:194:200
INFO: main.c(392): 137:194:200
INFO: main.c(392): 138:195:200
INFO: main.c(392): 139:196:200
INFO: main.c(392): 140:196:200
INFO: main.c(392): 141:196:200
INFO: main.c(392): 142:197:200
INFO: main.c(392): 143:197:200
INFO: main.c(392): 144:197:200
INFO: main.c(392): 145:197:200
INFO: main.c(392): 146:197:200
INFO: main.c(392): 147:197:200
INFO: main.c(392): 148:197:200
INFO: main.c(392): 149:197:200
INFO: main.c(392): 150:197:200
INFO: main.c(392): 151:197:200
INFO: main.c(392): 152:197:200
INFO: main.c(392): 153:197:200
INFO: main.c(392): 154:197:200
INFO: main.c(392): 155:197:200
INFO: main.c(392): 156:197:200
INFO: main.c(392): 157:197:200
INFO: main.c(392): 158:197:200
INFO: main.c(392): 159:197:200
INFO: main.c(392): 160:197:200
INFO: main.c(392): 161:197:200
INFO: main.c(392): 162:197:200
INFO: main.c(392): 163:197:200
INFO: main.c(392): 164:197:200
INFO: main.c(392): 165:197:200
INFO: main.c(392): 166:197:200
INFO: main.c(392): 167:197:200
INFO: main.c(392): 168:197:200
INFO: main.c(392): 169:197:200
INFO: main.c(392): 170:197:200
INFO: main.c(392): 171:197:200
INFO: main.c(392): 172:197:200
INFO: main.c(392): 173:197:200
INFO: main.c(392): 174:197:200
INFO: main.c(392): 175:197:200
INFO: main.c(392): 176:197:200
INFO: main.c(392): 177:197:200
INFO: main.c(392): 178:197:200
INFO: main.c(392): 179:197:200
INFO: main.c(392): 180:197:200
INFO: main.c(392): 181:197:200
INFO: main.c(392): 182:197:200
INFO: main.c(392): 183:197:200
INFO: main.c(392): 184:197:200
INFO: main.c(392): 185:197:200
INFO: main.c(392): 186:197:200
INFO: main.c(392): 187:197:200
INFO: main.c(392): 188:197:200
INFO: main.c(392): 189:197:200
INFO: main.c(392): 190:197:200
INFO: main.c(392): 191:197:200
INFO: main.c(392): 192:197:200
INFO: main.c(392): 193:197:200
INFO: main.c(392): 194:197:200
INFO: main.c(392): 195:197:200
INFO: main.c(392): 196:197:200
INFO: main.c(392): 197:197:200
INFO: main.c(392): 198:197:200
INFO: main.c(392): 199:197:200
INFO: main.c(392): 200:197:200
INFO: main.c(392): 201:197:200
INFO: main.c(392): 202:198:200
INFO: main.c(392): 203:198:200
INFO: main.c(392): 204:198:200
INFO: main.c(392): 205:198:200
INFO: main.c(392): 206:198:200
INFO: main.c(392): 207:198:200
INFO: main.c(392): 208:198:200
INFO: main.c(392): 209:198:200
INFO: main.c(392): 210:198:200
INFO: main.c(392): 211:198:200
INFO: main.c(392): 212:198:200
INFO: main.c(392): 213:198:200
INFO: main.c(392): 214:198:200
INFO: main.c(392): 215:198:200
INFO: main.c(392): 216:198:200
INFO: main.c(392): 217:198:200
INFO: main.c(392): 218:198:200
INFO: main.c(392): 219:198:200
INFO: main.c(392): 220:198:200
INFO: main.c(392): 221:198:200
INFO: main.c(392): 222:198:200
INFO: main.c(392): 223:198:200
INFO: main.c(392): 224:198:200
INFO: main.c(392): 225:198:200
INFO: main.c(392): 226:200:200
SUMMARY

 State  Count A   Count B    Total    CD    CI    UNI   Cnv
------ --------- --------- --------- ----- ----- ------ ---
   102 4.181e+02 4.501e+02 8.682e+02 0.946 0.045 0.009 y
   103 4.922e+02 3.912e+02 8.833e+02 0.865 0.111 0.024 y
   104 1.178e+03 9.593e+02 2.138e+03 0.665 0.332 0.003 y
   105 7.901e+02 9.337e+02 1.724e+03 0.663 0.332 0.005 y
   106 5.075e+01 3.107e+00 5.386e+01 0.075 0.037 0.888 y
   107 4.156e+01 8.253e+00 4.981e+01 0.383 0.192 0.425 y
   108 4.726e+01 8.064e+00 5.532e+01 0.239 0.120 0.641 y
   109 2.305e+02 2.514e+02 4.820e+02 0.987 0.000 0.013 y
   110 2.005e+02 1.892e+02 3.897e+02 0.870 0.052 0.078 y
   111 1.835e+02 2.047e+02 3.882e+02 0.964 0.031 0.006 y
   112 5.488e+02 6.467e+02 1.196e+03 0.978 0.008 0.014 y
   113 1.929e+02 1.891e+02 3.820e+02 0.961 0.010 0.030 y
   114 2.536e+02 2.169e+02 4.705e+02 0.975 0.013 0.013 y
   115 1.947e+02 1.932e+02 3.880e+02 0.946 0.030 0.023 y
   116 7.736e+02 1.023e+03 1.796e+03 0.996 0.003 0.001 y
   117 1.512e+02 1.455e+02 2.967e+02 0.939 0.002 0.059 y
   118 3.814e+02 3.542e+02 7.355e+02 0.989 0.002 0.009 y
   119 1.041e+03 1.085e+03 2.126e+03 0.986 0.002 0.013 y
   120 3.058e+02 1.809e+02 4.867e+02 0.765 0.196 0.038 y
   121 4.292e+02 3.754e+02 8.046e+02 0.666 0.333 0.001 y
   122 6.739e+02 6.712e+02 1.345e+03 0.665 0.332 0.003 y
   123 4.200e+02 4.651e+02 8.851e+02 0.663 0.332 0.005 y
   124 5.570e+02 4.612e+02 1.018e+03 0.637 0.318 0.045 y
   125 3.955e+02 3.754e+02 7.710e+02 0.656 0.328 0.016 y
   126 5.845e+02 4.393e+02 1.024e+03 0.662 0.331 0.007 y
   127 8.704e+02 8.189e+02 1.689e+03 0.908 0.085 0.007 y
   128 3.791e+02 4.955e+02 8.746e+02 0.924 0.072 0.004 y
   129 7.850e+02 9.673e+02 1.752e+03 0.936 0.059 0.005 y
   130 1.580e+03 9.964e+02 2.576e+03 0.843 0.157 0.000 y
   131 3.096e+02 3.179e+02 6.275e+02 0.985 0.012 0.003 y
   132 1.427e+03 7.502e+02 2.178e+03 0.974 0.024 0.002 y
   133 3.418e+02 2.824e+02 6.243e+02 0.962 0.037 0.001 y
   134 4.321e+02 3.226e+02 7.546e+02 0.828 0.170 0.001 y
   135 5.594e+02 8.350e+02 1.394e+03 0.664 0.332 0.004 y
   136 2.896e+02 3.104e+02 6.000e+02 0.661 0.331 0.008 y
   137 1.781e+02 2.104e+02 3.885e+02 0.984 0.006 0.010 y
   138 1.946e+02 1.713e+02 3.660e+02 0.965 0.016 0.020 y
   139 4.903e+02 5.212e+02 1.012e+03 0.665 0.332 0.003 y
   140 6.126e+02 7.181e+02 1.331e+03 0.666 0.333 0.001 y
   141 2.409e+02 3.524e+02 5.933e+02 0.893 0.078 0.029 y
   142 3.201e+02 2.512e+02 5.713e+02 0.964 0.032 0.005 y
   143 5.767e+02 4.022e+02 9.789e+02 0.657 0.328 0.015 y
   144 2.572e+02 1.853e+02 4.424e+02 0.639 0.320 0.041 y
   145 3.200e+02 2.147e+02 5.347e+02 0.638 0.319 0.042 y
   146 9.126e+02 1.009e+03 1.922e+03 0.918 0.075 0.007 y
   147 6.265e+02 6.099e+02 1.236e+03 0.955 0.036 0.009 y
   148 5.203e+02 6.452e+02 1.166e+03 0.982 0.008 0.010 y
   149 1.044e+02 1.033e+02 2.077e+02 0.879 0.006 0.115 y
   150 2.410e+02 1.789e+02 4.199e+02 0.892 0.101 0.007 y
   151 2.481e+02 2.568e+02 5.049e+02 0.926 0.071 0.003 y
   152 4.781e+02 5.089e+02 9.871e+02 0.786 0.210 0.005 y
   153 5.654e+02 5.077e+02 1.073e+03 0.940 0.056 0.004 y
   154 7.305e+02 7.300e+02 1.460e+03 0.958 0.040 0.003 y
   155 1.025e+03 1.081e+03 2.105e+03 0.734 0.266 0.001 y
   156 2.808e+02 2.537e+02 5.346e+02 0.791 0.207 0.002 y
   157 5.795e+02 6.640e+02 1.243e+03 0.976 0.023 0.001 y
   158 2.204e+02 2.406e+02 4.611e+02 0.967 0.027 0.006 y
   159 5.950e+02 4.659e+02 1.061e+03 0.947 0.049 0.005 y
   160 3.166e+02 3.365e+02 6.531e+02 0.663 0.332 0.005 y
   161 5.004e+02 5.795e+02 1.080e+03 0.664 0.332 0.004 y
   162 3.743e+02 5.437e+02 9.180e+02 0.657 0.329 0.014 y
   163 4.738e+02 5.577e+02 1.031e+03 0.924 0.064 0.012 y
   164 4.879e+02 6.634e+02 1.151e+03 0.872 0.118 0.009 y
   165 2.935e+02 3.290e+02 6.225e+02 0.992 0.003 0.005 y
   166 1.367e+03 1.257e+03 2.624e+03 0.795 0.201 0.003 y
   167 7.122e+02 7.816e+02 1.494e+03 0.911 0.087 0.002 y
   168 8.662e+02 1.020e+03 1.886e+03 0.969 0.018 0.014 y
   169 3.922e+02 4.041e+02 7.963e+02 0.929 0.053 0.018 y
   170 4.893e+02 6.154e+02 1.105e+03 0.969 0.029 0.003 y
   171 6.155e+02 5.953e+02 1.211e+03 0.957 0.041 0.002 y
   172 2.054e+02 2.525e+02 4.579e+02 0.929 0.070 0.001 y
   173 1.255e+03 1.261e+03 2.516e+03 0.666 0.333 0.001 y
   174 4.592e+02 4.198e+02 8.790e+02 0.981 0.012 0.007 y
   175 6.405e+02 7.138e+02 1.354e+03 0.979 0.017 0.004 y
   176 4.939e+01 5.829e+01 1.077e+02 0.611 0.306 0.083 y
   177 2.514e+01 3.420e+01 5.934e+01 0.462 0.231 0.307 y
   178 4.346e+01 5.769e+01 1.011e+02 0.548 0.274 0.178 y
   179 2.226e+02 3.398e+02 5.624e+02 0.937 0.041 0.022 y
   180 3.632e+02 3.951e+02 7.583e+02 0.958 0.033 0.009 y
   181 4.259e+02 4.894e+02 9.154e+02 0.659 0.330 0.011 y
   182 3.659e+02 5.239e+02 8.898e+02 0.663 0.331 0.006 y
   183 1.030e+02 1.174e+02 2.204e+02 0.933 0.015 0.052 y
   184 3.650e+02 3.641e+02 7.292e+02 0.988 0.003 0.009 y
   185 1.707e+02 1.184e+02 2.891e+02 0.847 0.049 0.105 y
   186 5.912e+02 5.159e+02 1.107e+03 0.979 0.009 0.011 y
   187 1.308e+02 1.184e+02 2.491e+02 0.912 0.031 0.058 y
   188 4.596e+02 4.011e+02 8.608e+02 0.987 0.001 0.011 y
   189 1.013e+03 8.386e+02 1.852e+03 0.834 0.145 0.022 y
   190 9.937e+02 8.817e+02 1.875e+03 0.991 0.007 0.001 y
   191 2.249e+02 1.779e+02 4.028e+02 0.996 0.001 0.003 y
   192 6.623e+02 9.307e+02 1.593e+03 0.948 0.045 0.007 y
   193 3.614e+03 3.445e+03 7.059e+03 0.942 0.058 0.000 y
   194 1.336e+03 1.800e+03 3.136e+03 0.898 0.101 0.001 y
   195 7.411e+02 6.265e+02 1.368e+03 0.837 0.162 0.000 y
   196 6.914e+02 4.761e+02 1.168e+03 0.851 0.137 0.011 y
   197 1.155e+03 1.248e+03 2.403e+03 0.918 0.075 0.007 y
   198 5.590e+02 5.332e+02 1.092e+03 0.902 0.045 0.053 y
   199 5.695e+02 4.547e+02 1.024e+03 0.854 0.104 0.042 y
   200 8.030e+02 6.505e+02 1.453e+03 0.941 0.049 0.010 y
   201 2.154e+02 1.743e+02 3.898e+02 0.930 0.048 0.022 y
   202 6.643e+02 6.365e+02 1.301e+03 0.972 0.022 0.005 y
   203 4.577e+02 6.881e+02 1.146e+03 0.929 0.062 0.009 y
   204 8.884e+02 7.585e+02 1.647e+03 0.982 0.013 0.005 y
   205 6.840e+02 5.512e+02 1.235e+03 0.661 0.331 0.008 y
   206 5.397e+02 5.330e+02 1.073e+03 0.666 0.333 0.002 y
   207 2.663e+02 2.688e+02 5.351e+02 0.665 0.333 0.002 y
   208 2.755e+02 3.663e+02 6.418e+02 0.970 0.018 0.012 y
   209 5.747e+02 5.730e+02 1.148e+03 0.978 0.014 0.009 y
   210 1.570e+02 1.987e+02 3.556e+02 0.980 0.007 0.012 y
   211 3.787e+02 3.904e+02 7.691e+02 0.993 0.004 0.003 y
   212 3.086e+02 3.311e+02 6.397e+02 0.984 0.010 0.006 y
   213 2.536e+02 2.616e+02 5.152e+02 0.998 0.001 0.001 y
   214 6.134e+02 4.558e+02 1.069e+03 0.664 0.332 0.005 y
   215 8.533e+02 7.957e+02 1.649e+03 0.984 0.014 0.002 y
   216 1.577e+02 1.186e+02 2.764e+02 0.960 0.031 0.009 y
   217 5.420e+02 3.897e+02 9.318e+02 0.921 0.070 0.009 y
   218 2.448e+02 2.475e+02 4.923e+02 0.937 0.050 0.013 y
   219 1.896e+02 2.279e+02 4.175e+02 0.647 0.323 0.030 y
   220 4.017e+02 4.880e+02 8.896e+02 0.662 0.331 0.007 y
   221 2.447e+02 4.056e+02 6.503e+02 0.651 0.326 0.023 y
   222 8.183e+02 8.013e+02 1.620e+03 0.972 0.026 0.002 y
   223 3.022e+02 2.613e+02 5.636e+02 0.958 0.033 0.008 y
   224 4.735e+02 5.157e+02 9.892e+02 0.967 0.030 0.003 y
   225 1.481e+03 1.274e+03 2.755e+03 0.958 0.039 0.002 y
   226 4.784e+02 5.483e+02 1.027e+03 0.951 0.048 0.001 y
   227 2.659e+02 2.714e+02 5.373e+02 0.961 0.028 0.011 y
   228 4.022e+02 3.320e+02 7.341e+02 0.962 0.024 0.015 y
   229 7.950e+02 8.874e+02 1.682e+03 0.982 0.018 0.000 y
   230 5.142e+02 2.901e+02 8.043e+02 0.733 0.242 0.025 y
   231 6.905e+02 6.712e+02 1.362e+03 0.932 0.063 0.005 y
   232 3.925e+02 3.919e+02 7.843e+02 0.961 0.031 0.009 y
   233 2.701e+02 2.933e+02 5.634e+02 0.979 0.003 0.018 y
   234 6.607e+02 5.939e+02 1.255e+03 0.801 0.172 0.028 y
   235 5.369e+02 2.961e+02 8.330e+02 0.923 0.043 0.034 y
   236 1.256e+03 1.354e+03 2.610e+03 0.663 0.331 0.006 y
   237 4.621e+02 5.411e+02 1.003e+03 0.920 0.068 0.012 y
   238 6.243e+02 5.496e+02 1.174e+03 0.960 0.036 0.004 y
   239 5.186e+02 4.331e+02 9.517e+02 0.658 0.329 0.013 y
   240 3.539e+02 3.280e+02 6.818e+02 0.663 0.332 0.005 y
   241 1.742e+02 1.528e+02 3.269e+02 0.648 0.324 0.028 y
   242 3.403e+02 2.990e+02 6.393e+02 0.986 0.005 0.009 y
   243 2.339e+02 3.207e+02INFO: interp_fn.c(159): Interpolating CD states
INFO: main.c(513): Writing /home/sdv/Documents/SDV/SDVoice/an4/model_parameters/an4.cd_semi_200_delinterp/mixture_weights
INFO: s3mixw_io.c(233): Wrote /home/sdv/Documents/SDV/SDVoice/an4/model_parameters/an4.cd_semi_200_delinterp/mixture_weights [302x4x256 array]
 5.546e+02 0.944 0.049 0.007 y
   244 1.943e+02 1.725e+02 3.667e+02 0.985 0.005 0.010 y
   245 3.423e+02 3.081e+02 6.504e+02 0.964 0.033 0.003 y
   246 3.666e+02 4.654e+02 8.320e+02 0.981 0.017 0.002 y
   247 3.913e+02 3.630e+02 7.544e+02 0.975 0.024 0.001 y
   248 2.848e+02 2.760e+02 5.607e+02 0.967 0.027 0.006 y
   249 1.077e+02 9.644e+01 2.041e+02 0.966 0.003 0.031 y
   250 2.943e+02 2.677e+02 5.621e+02 0.983 0.011 0.006 y
   251 3.651e+02 3.536e+02 7.187e+02 0.921 0.065 0.014 y
   252 2.918e+02 3.157e+02 6.075e+02 0.974 0.015 0.011 y
   253 2.963e+02 4.121e+02 7.084e+02 0.882 0.097 0.022 y
   254 1.607e+02 1.524e+02 3.131e+02 0.954 0.021 0.026 y
   255 3.133e+02 2.412e+02 5.545e+02 0.991 0.006 0.003 y
   256 4.381e+02 4.679e+02 9.059e+02 0.979 0.015 0.007 y
   257 1.105e+03 1.011e+03 2.116e+03 0.984 0.013 0.003 y
   258 5.093e+02 5.931e+02 1.102e+03 0.986 0.011 0.003 y
   259 2.629e+02 2.613e+02 5.242e+02 0.989 0.008 0.003 y
   260 2.095e+03 1.624e+03 3.719e+03 0.985 0.014 0.001 y
   261 8.688e+02 1.084e+03 1.953e+03 0.901 0.097 0.001 y
   262 4.634e+02 6.313e+02 1.095e+03 0.979 0.018 0.003 y
   263 8.186e+02 9.181e+02 1.737e+03 0.961 0.033 0.006 y
   264 7.626e+02 7.504e+02 1.513e+03 0.996 0.001 0.003 y
   265 8.243e+02 8.909e+02 1.715e+03 0.971 0.026 0.003 y
   266 3.460e+02 2.743e+02 6.203e+02 0.969 0.020 0.011 y
   267 1.224e+03 1.390e+03 2.613e+03 0.944 0.052 0.003 y
   268 4.995e+02 4.387e+02 9.382e+02 0.931 0.059 0.010 y
   269 5.137e+02 5.194e+02 1.033e+03 0.977 0.020 0.002 y
   270 4.872e+02 5.696e+02 1.057e+03 0.928 0.071 0.002 y
   271 4.831e+02 4.151e+02 8.983e+02 0.975 0.013 0.012 y
   272 6.338e+02 7.188e+02 1.353e+03 0.910 0.084 0.006 y
   273 7.589e+02 7.555e+02 1.514e+03 0.990 0.009 0.001 y
   274 7.763e+02 8.662e+02 1.642e+03 0.664 0.332 0.004 y
   275 5.284e+02 4.105e+02 9.389e+02 0.662 0.331 0.007 y
   276 2.841e+02 2.461e+02 5.302e+02 0.664 0.332 0.004 y
   277 9.641e+02 1.010e+03 1.974e+03 0.897 0.089 0.014 y
   278 3.136e+02 3.184e+02 6.319e+02 0.976 0.021 0.003 y
   279 4.948e+02 6.040e+02 1.099e+03 0.969 0.023 0.008 y
   280 4.593e+02 7.160e+02 1.175e+03 0.942 0.047 0.011 y
   281 9.104e+02 9.885e+02 1.899e+03 0.930 0.058 0.011 y
   282 5.626e+02 5.945e+02 1.157e+03 0.936 0.059 0.006 y
   283 2.846e+02 3.665e+02 6.511e+02 0.980 0.005 0.014 y
   284 2.090e+02 2.616e+02 4.706e+02 0.976 0.020 0.004 y
   285 3.284e+02 3.459e+02 6.743e+02 0.943 0.052 0.005 y
   286 2.009e+02 1.963e+02 3.972e+02 0.935 0.060 0.005 y
   287 6.041e+02 6.979e+02 1.302e+03 0.981 0.016 0.003 y
   288 2.058e+02 3.251e+02 5.309e+02 0.965 0.022 0.012 y
   289 1.888e+02 2.126e+02 4.014e+02 0.977 0.008 0.015 y
   290 4.532e+02 2.276e+02 6.809e+02 0.915 0.061 0.024 y
   291 1.290e+02 2.257e+02 3.547e+02 0.952 0.028 0.020 y
   292 2.886e+02 3.944e+02 6.831e+02 0.992 0.008 0.001 y
   293 6.015e+02 6.676e+02 1.269e+03 0.665 0.333 0.002 y
   294 4.823e+02 3.824e+02 8.647e+02 0.662 0.331 0.007 y
   295 2.595e+02 2.795e+02 5.390e+02 0.914 0.055 0.032 y
   296 3.176e+02 3.636e+02 6.813e+02 0.942 0.042 0.016 y
   297 6.610e+02 4.938e+02 1.155e+03 0.664 0.332 0.004 y
   298 4.075e+02 3.781e+02 7.857e+02 0.663 0.332 0.005 y
   299 3.124e+02 1.506e+02 4.630e+02 0.651 0.326 0.023 y
   300 3.062e+02 3.113e+02 6.175e+02 0.664 0.332 0.004 y
   301 1.752e+02 1.528e+02 3.279e+02 0.653 0.327 0.020 y
Fri Nov  2 10:11:41 2018
