Current configuration:
[NAME]		[DEFLT]	[VALUE]
-accumdir		/home/sdv/Documents/SDV/SDVoice/an4/bwaccumdir/an4_buff_1,
-constE		3.0	3.000000e+00
-dcountfn		
-example	no	no
-fullvar	no	no
-help		no	no
-inmeanfn		
-inmixwfn		
-invarfn		
-meanfn			/home/sdv/Documents/SDV/SDVoice/an4/model_parameters/an4.ci_semi/means
-mixwfn			/home/sdv/Documents/SDV/SDVoice/an4/model_parameters/an4.ci_semi/mixture_weights
-mmie		no	no
-oaccumdir		
-regmatfn		
-tiedvar	no	no
-tmatfn			/home/sdv/Documents/SDV/SDVoice/an4/model_parameters/an4.ci_semi/transition_matrices
-varfn			/home/sdv/Documents/SDV/SDVoice/an4/model_parameters/an4.ci_semi/variances

INFO: main.c(207): Reading and accumulating counts from /home/sdv/Documents/SDV/SDVoice/an4/bwaccumdir/an4_buff_1
INFO: s3mixw_io.c(117): Read /home/sdv/Documents/SDV/SDVoice/an4/bwaccumdir/an4_buff_1/mixw_counts [102x4x256 array]
INFO: s3tmat_io.c(118): Read /home/sdv/Documents/SDV/SDVoice/an4/bwaccumdir/an4_buff_1/tmat_counts [34x3x4 array]
INFO: s3gau_io.c(386): Read /home/sdv/Documents/SDV/SDVoice/an4/bwaccumdir/an4_buff_1/gauden_counts with means with vars (2pass) [1x4x256 vector arrays]
INFO: main.c(321): -2passvar yes
INFO: main.c(391): Normalizing mean for n_mgau= 1, n_stream= 4, n_density= 256
INFO: main.c(414): Normalizing var
INFO: s3mixw_io.c(233): Wrote /home/sdv/Documents/SDV/SDVoice/an4/model_parameters/an4.ci_semi/mixture_weights [102x4x256 array]
INFO: s3tmat_io.c(176): Wrote /home/sdv/Documents/SDV/SDVoice/an4/model_parameters/an4.ci_semi/transition_matrices [34x3x4 array]
INFO: s3gau_io.c(228): Wrote /home/sdv/Documents/SDV/SDVoice/an4/model_parameters/an4.ci_semi/means [1x4x256 array]
INFO: s3gau_io.c(228): Wrote /home/sdv/Documents/SDV/SDVoice/an4/model_parameters/an4.ci_semi/variances [1x4x256 array]
Fri Nov  2 09:58:37 2018
Current Overall Likelihood Per Frame = -195.840257314796
Convergence ratio = 1.4512554471884
