Current configuration:
[NAME]		[DEFLT]	[VALUE]
-allphones	no	no
-example	no	no
-help		no	no
-itreedir		/home/sdv/Documents/SDV/SDVoice/an4/trees/an4.unpruned
-minocc		0.0	0.000000e+00
-moddeffn		/home/sdv/Documents/SDV/SDVoice/an4/model_architecture/an4.alltriphones.mdef
-nseno			200
-otreedir		/home/sdv/Documents/SDV/SDVoice/an4/trees/an4.200
-psetfn			/home/sdv/Documents/SDV/SDVoice/an4/model_architecture/an4.tree_questions

INFO: main.c(76): Reading: /home/sdv/Documents/SDV/SDVoice/an4/model_architecture/an4.alltriphones.mdef
INFO: model_def_io.c(573): Model definition info:
INFO: model_def_io.c(574): 6406 total models defined (34 base, 6372 tri)
INFO: model_def_io.c(575): 25624 total states
INFO: model_def_io.c(576): 19218 total tied states
INFO: model_def_io.c(577): 102 total tied CI states
INFO: model_def_io.c(578): 34 total tied transition matrices
INFO: model_def_io.c(579): 4 max state/model
INFO: model_def_io.c(580): 4 min state/model
INFO: main.c(82): Reading: /home/sdv/Documents/SDV/SDVoice/an4/model_architecture/an4.tree_questions
INFO: main.c(185): AA-0	17 [0 < 0.000000e+00]
INFO: main.c(185): AA-1	17 [0 < 0.000000e+00]
INFO: main.c(185): AA-2	17 [0 < 0.000000e+00]
INFO: main.c(185): AE-0	5 [0 < 0.000000e+00]
INFO: main.c(185): AE-1	5 [0 < 0.000000e+00]
INFO: main.c(185): AE-2	5 [0 < 0.000000e+00]
INFO: main.c(185): AH-0	88 [0 < 0.000000e+00]
INFO: main.c(185): AH-1	88 [0 < 0.000000e+00]
INFO: main.c(185): AH-2	88 [0 < 0.000000e+00]
INFO: main.c(185): AO-0	1 [0 < 0.000000e+00]
INFO: main.c(185): AO-1	1 [0 < 0.000000e+00]
INFO: main.c(185): AO-2	1 [0 < 0.000000e+00]
INFO: main.c(185): AW-0	2 [0 < 0.000000e+00]
INFO: main.c(185): AW-1	2 [0 < 0.000000e+00]
INFO: main.c(185): AW-2	2 [0 < 0.000000e+00]
INFO: main.c(185): AY-0	72 [0 < 0.000000e+00]
INFO: main.c(185): AY-1	72 [0 < 0.000000e+00]
INFO: main.c(185): AY-2	72 [0 < 0.000000e+00]
INFO: main.c(185): B-0	16 [0 < 0.000000e+00]
INFO: main.c(185): B-1	16 [0 < 0.000000e+00]
INFO: main.c(185): B-2	16 [0 < 0.000000e+00]
INFO: main.c(185): CH-0	18 [0 < 0.000000e+00]
INFO: main.c(185): CH-1	18 [0 < 0.000000e+00]
INFO: main.c(185): CH-2	18 [0 < 0.000000e+00]
INFO: main.c(185): D-0	33 [0 < 0.000000e+00]
INFO: main.c(185): D-1	33 [0 < 0.000000e+00]
INFO: main.c(185): D-2	33 [0 < 0.000000e+00]
INFO: main.c(185): EH-0	71 [0 < 0.000000e+00]
INFO: main.c(185): EH-1	71 [0 < 0.000000e+00]
INFO: main.c(185): EH-2	71 [0 < 0.000000e+00]
INFO: main.c(185): ER-0	15 [0 < 0.000000e+00]
INFO: main.c(185): ER-1	15 [0 < 0.000000e+00]
INFO: main.c(185): ER-2	15 [0 < 0.000000e+00]
INFO: main.c(185): EY-0	57 [0 < 0.000000e+00]
INFO: main.c(185): EY-1	57 [0 < 0.000000e+00]
INFO: main.c(185): EY-2	57 [0 < 0.000000e+00]
INFO: main.c(185): F-0	59 [0 < 0.000000e+00]
INFO: main.c(185): F-1	59 [0 < 0.000000e+00]
INFO: main.c(185): F-2	59 [0 < 0.000000e+00]
INFO: main.c(185): G-0	2 [0 < 0.000000e+00]
INFO: main.c(185): G-1	2 [0 < 0.000000e+00]
INFO: main.c(185): G-2	2 [0 < 0.000000e+00]
INFO: main.c(185): HH-0	19 [0 < 0.000000e+00]
INFO: main.c(185): HH-1	19 [0 < 0.000000e+00]
INFO: main.c(185): HH-2	19 [0 < 0.000000e+00]
INFO: main.c(185): IH-0	9 [0 < 0.000000e+00]
INFO: main.c(185): IH-1	9 [0 < 0.000000e+00]
INFO: main.c(185): IH-2	9 [0 < 0.000000e+00]
INFO: main.c(185): IY-0	173 [0 < 0.000000e+00]
INFO: main.c(185): IY-1	173 [0 < 0.000000e+00]
INFO: main.c(185): IY-2	173 [0 < 0.000000e+00]
INFO: main.c(185): JH-0	26 [0 < 0.000000e+00]
INFO: main.c(185): JH-1	26 [0 < 0.000000e+00]
INFO: main.c(185): JH-2	26 [0 < 0.000000e+00]
INFO: main.c(185): K-0	26 [0 < 0.000000e+00]
INFO: main.c(185): K-1	26 [0 < 0.000000e+00]
INFO: main.c(185): K-2	26 [0 < 0.000000e+00]
INFO: main.c(185): L-0	22 [0 < 0.000000e+00]
INFO: main.c(185): L-1	22 [0 < 0.000000e+00]
INFO: main.c(185): L-2	22 [0 < 0.000000e+00]
INFO: main.c(185): M-0	19 [0 < 0.000000e+00]
INFO: main.c(185): M-1	19 [0 < 0.000000e+00]
INFO: main.c(185): M-2	19 [0 < 0.000000e+00]
INFO: main.c(185): N-0	70 [0 < 0.000000e+00]
INFO: main.c(185): N-1	70 [0 < 0.000000e+00]
INFO: main.c(185): N-2	70 [0 < 0.000000e+00]
INFO: main.c(185): OW-0	90 [0 < 0.000000e+00]
INFO: main.c(185): OW-1	90 [0 < 0.000000e+00]
INFO: main.c(185): OW-2	90 [0 < 0.000000e+00]
INFO: main.c(185): P-0	17 [0 < 0.000000e+00]
INFO: main.c(185): P-1	17 [0 < 0.000000e+00]
INFO: main.c(185): P-2	17 [0 < 0.000000e+00]
INFO: main.c(185): R-0	29 [0 < 0.000000e+00]
INFO: main.c(185): R-1	29 [0 < 0.000000e+00]
INFO: main.c(185): R-2	29 [0 < 0.000000e+00]
INFO: main.c(185): S-0	87 [0 < 0.000000e+00]
INFO: main.c(185): S-1	87 [0 < 0.000000e+00]
INFO: main.c(185): S-2	87 [0 < 0.000000e+00]
INFO: main.c(185): T-0	79 [0 < 0.000000e+00]
INFO: main.c(185): T-1	79 [0 < 0.000000e+00]
INFO: main.c(185): T-2	79 [0 < 0.000000e+00]
INFO: main.c(185): TH-0	37 [0 < 0.000000e+00]
INFO: main.c(185): TH-1	37 [0 < 0.000000e+00]
INFO: main.c(185): TH-2	37 [0 < 0.000000e+00]
INFO: main.c(185): UW-0	25 [0 < 0.000000e+00]
INFO: main.c(185): UW-1	25 [0 < 0.000000e+00]
INFO: main.c(185): UW-2	25 [0 < 0.000000e+00]
INFO: main.c(185): V-0	24 [0 < 0.000000e+00]
INFO: main.c(185): V-1	24 [0 < 0.000000e+00]
INFO: main.c(185): V-2	24 [0 < 0.000000e+00]
INFO: main.c(185): W-0	15 [0 < 0.000000e+00]
INFO: main.c(185): W-1	15 [0 < 0.000000e+00]
INFO: main.c(185): W-2	15 [0 < 0.000000e+00]
INFO: main.c(185): Y-0	15 [0 < 0.000000e+00]
INFO: main.c(185): Y-1	15 [0 < 0.000000e+00]
INFO: main.c(185): Y-2	15 [0 < 0.000000e+00]
INFO: main.c(185): Z-0	20 [0 < 0.000000e+00]
INFO: main.c(185): Z-1	20 [0 < 0.000000e+00]
INFO: main.c(185): Z-2	20 [0 < 0.000000e+00]
INFO: main.c(270): Prior to pruning n_seno= 3774
INFO: main.c(278): n_twig= 1381
INFO: main.c(308): Pruning 3574 nodes
INFO: main.c(341): Root node extracted (G 1) from heap
INFO: main.c(341): Root node extracted (AE 1) from heap
INFO: main.c(341): Root node extracted (G 0) from heap
INFO: main.c(341): Root node extracted (AE 0) from heap
INFO: main.c(341): Root node extracted (AE 2) from heap
INFO: main.c(341): Root node extracted (G 2) from heap
INFO: main.c(341): Root node extracted (AW 2) from heap
INFO: main.c(341): Root node extracted (AW 1) from heap
INFO: main.c(341): Root node extracted (Z 2) from heap
INFO: main.c(341): Root node extracted (M 0) from heap
INFO: main.c(341): Root node extracted (Y 2) from heap
INFO: main.c(341): Root node extracted (JH 1) from heap
INFO: main.c(341): Root node extracted (AW 0) from heap
INFO: main.c(341): Root node extracted (P 2) from heap
INFO: main.c(341): Root node extracted (Z 1) from heap
INFO: main.c(341): Root node extracted (M 1) from heap
INFO: main.c(341): Root node extracted (W 2) from heap
INFO: main.c(341): Root node extracted (JH 2) from heap
INFO: main.c(341): Root node extracted (P 1) from heap
INFO: main.c(341): Root node extracted (CH 0) from heap
INFO: main.c(341): Root node extracted (D 1) from heap
INFO: main.c(341): Root node extracted (TH 2) from heap
INFO: main.c(341): Root node extracted (ER 1) from heap
INFO: main.c(341): Root node extracted (Z 0) from heap
INFO: main.c(341): Root node extracted (HH 2) from heap
INFO: main.c(341): Root node extracted (CH 1) from heap
INFO: main.c(341): Root node extracted (ER 0) from heap
INFO: main.c(341): Root node extracted (Y 1) from heap
INFO: main.c(341): Root node extracted (TH 1) from heap
INFO: main.c(341): Root node extracted (AA 2) from heap
INFO: main.c(341): Root node extracted (D 2) from heap
INFO: main.c(341): Root node extracted (M 2) from heap
INFO: main.c(341): Root node extracted (W 1) from heap
INFO: main.c(341): Root node extracted (ER 2) from heap
INFO: main.c(341): Root node extracted (B 1) from heap
INFO: main.c(341): Root node extracted (TH 0) from heap
INFO: main.c(341): Root node extracted (P 0) from heap
INFO: main.c(341): Root node extracted (F 1) from heap
INFO: main.c(341): Root node extracted (JH 0) from heap
INFO: main.c(341): Root node extracted (D 0) from heap
INFO: main.c(341): Root node extracted (L 0) from heap
INFO: main.c(341): Root node extracted (OW 1) from heap
INFO: main.c(341): Root node extracted (AA 1) from heap
INFO: main.c(341): Root node extracted (HH 1) from heap
INFO: main.c(341): Root node extracted (B 0) from heap
INFO: main.c(386): AA-0	3
INFO: main.c(386): AA-1	1
INFO: main.c(386): AA-2	1
INFO: main.c(386): AE-0	1
INFO: main.c(386): AE-1	1
INFO: main.c(386): AE-2	1
INFO: main.c(386): AH-0	7
INFO: main.c(386): AH-1	7
INFO: main.c(386): AH-2	7
INFO: main.c(386): AO-0	1
INFO: main.c(386): AO-1	1
INFO: main.c(386): AO-2	1
INFO: main.c(386): AW-0	1
INFO: main.c(386): AW-1	1
INFO: main.c(386): AW-2	1
INFO: main.c(386): AY-0	5
INFO: main.c(386): AY-1	3
INFO: main.c(386): AY-2	5
INFO: main.c(386): B-0	1
INFO: main.c(386): B-1	1
INFO: main.c(386): B-2	3
INFO: main.c(386): CH-0	1
INFO: main.c(386): CH-1	1
INFO: main.c(386): CH-2	3
INFO: main.c(386): D-0	1
INFO: main.c(386): D-1	1
INFO: main.c(386): D-2	1
INFO: main.c(386): EH-0	9
INFO: main.c(386): EH-1	7
INFO: main.c(386): EH-2	9
INFO: main.c(386): ER-0	1
INFO: main.c(386): ER-1	1
INFO: main.c(386): ER-2	1
INFO: main.c(386): EY-0	5
INFO: main.c(386): EY-1	3
INFO: main.c(386): EY-2	3
INFO: main.c(386): F-0	5
INFO: main.c(386): F-1	1
INFO: main.c(386): F-2	3
INFO: main.c(386): G-0	1
INFO: main.c(386): G-1	1
INFO: main.c(386): G-2	1
INFO: main.c(386): HH-0	3
INFO: main.c(386): HH-1	1
INFO: main.c(386): HH-2	1
INFO: main.c(386): IH-0	3
INFO: main.c(386): IH-1	3
INFO: main.c(386): IH-2	3
INFO: main.c(386): IY-0	7
INFO: main.c(386): IY-1	7
INFO: main.c(386): IY-2	15
INFO: main.c(386): JH-0	1
INFO: main.c(386): JH-1	1
INFO: main.c(386): JH-2	1
INFO: main.c(386): K-0	3
INFO: main.c(386): K-1	3
INFO: main.c(386): K-2	3
INFO: main.c(386): L-0	1
INFO: main.c(386): L-1	3
INFO: main.c(386): L-2	3
INFO: main.c(386): M-0	1
INFO: main.c(386): M-1	1
INFO: main.c(386): M-2	1
INFO: main.c(386): N-0	5
INFO: main.c(386): N-1	7
INFO: main.c(386): N-2	9
INFO: main.c(386): OW-0	3
INFO: main.c(386): OW-1	1
INFO: main.c(386): OW-2	3
INFO: main.c(386): P-0	1
INFO: main.c(386): P-1	1
INFO: main.c(386): P-2	1
INFO: main.c(386): R-0	9
INFO: main.c(386): R-1	7
INFO: main.c(386): R-2	9
INFO: main.c(386): S-0	7
INFO: main.c(386): S-1	3
INFO: main.c(386): S-2	5
INFO: main.c(386): T-0	5
INFO: main.c(386): T-1	5
INFO: main.c(386): T-2	5
INFO: main.c(386): TH-0	1
INFO: main.c(386): TH-1	1
INFO: main.c(386): TH-2	1
INFO: main.c(386): UW-0	3
INFO: main.c(386): UW-1	3
INFO: main.c(386): UW-2	3
INFO: main.c(386): V-0	3
INFO: main.c(386): V-1	3
INFO: main.c(386): V-2	5
INFO: main.c(386): W-0	5
INFO: main.c(386): W-1	1
INFO: main.c(386): W-2	1
INFO: main.c(386): Y-0	3
INFO: main.c(386): Y-1	1
INFO: main.c(386): Y-2	1
INFO: main.c(386): Z-0	1
INFO: main.c(386): Z-1	1
INFO: main.c(386): Z-2	1
Fri Nov  2 10:08:03 2018
